[0.037s] Invoking command in '/home/ik/aws_ws/build/nav2_rviz_plugins': AMENT_PREFIX_PATH=/home/ik/aws_ws/install/nav2_lifecycle_manager:/home/ik/aws_ws/install/nav2_util:/home/ik/aws_ws/install/nav2_msgs:/home/ik/aws_ws/install/nav2_common:${AMENT_PREFIX_PATH} CMAKE_PREFIX_PATH=/home/ik/aws_ws/install/nav2_lifecycle_manager:/home/ik/aws_ws/install/nav2_util:/home/ik/aws_ws/install/nav2_msgs:/home/ik/aws_ws/install/nav2_common:/opt/ros/foxy LD_LIBRARY_PATH=/home/ik/aws_ws/install/nav2_lifecycle_manager/lib:/home/ik/aws_ws/install/nav2_util/lib:/home/ik/aws_ws/install/nav2_msgs/lib:${LD_LIBRARY_PATH} PYTHONPATH=/home/ik/aws_ws/install/nav2_msgs/lib/python3.8/site-packages:/home/ik/aws_ws/install/nav2_common/lib/python3.8/site-packages:${PYTHONPATH} /usr/bin/cmake /home/ik/aws_ws/src/navigation2/nav2_rviz_plugins -DCMAKE_INSTALL_PREFIX=/home/ik/aws_ws/install/nav2_rviz_plugins
[0.057s] -- Found ament_cmake: 0.9.11 (/opt/ros/foxy/share/ament_cmake/cmake)
[0.089s] -- Using PYTHON_EXECUTABLE: /usr/bin/python3
[0.286s] -- Override CMake install command with custom implementation using symlinks instead of copying resources
[0.300s] -- Found geometry_msgs: 2.0.5 (/opt/ros/foxy/share/geometry_msgs/cmake)
[0.325s] -- Using all available rosidl_typesupport_c: rosidl_typesupport_fastrtps_c;rosidl_typesupport_introspection_c
[0.328s] -- Found rosidl_adapter: 1.3.0 (/opt/ros/foxy/share/rosidl_adapter/cmake)
[0.468s] -- Using all available rosidl_typesupport_cpp: rosidl_typesupport_fastrtps_cpp;rosidl_typesupport_introspection_cpp
[0.558s] -- Found nav2_util: 0.4.7 (/home/ik/aws_ws/install/nav2_util/share/nav2_util/cmake)
[1.182s] -- Found rmw_implementation_cmake: 1.0.4 (/opt/ros/foxy/share/rmw_implementation_cmake/cmake)
[1.184s] -- Using RMW implementation 'rmw_fastrtps_cpp' as default
[2.004s] -- Found eigen3_cmake_module: 0.1.1 (/opt/ros/foxy/share/eigen3_cmake_module/cmake)
[2.378s] -- Found nav2_lifecycle_manager: 0.4.7 (/home/ik/aws_ws/install/nav2_lifecycle_manager/share/nav2_lifecycle_manager/cmake)
[2.731s] -- Found pluginlib: 2.5.4 (/opt/ros/foxy/share/pluginlib/cmake)
[2.802s] -- Found rviz_common: 8.2.8 (/opt/ros/foxy/share/rviz_common/cmake)
[2.811s] -- Setting OGRE_DIR to: '/opt/ros/foxy/share/rviz_ogre_vendor/cmake/../../../opt/rviz_ogre_vendor/lib/OGRE/cmake'
[2.816s] -- Found OGRE
[2.816s] --   static     : OFF
[2.817s] --   components : HLMS;MeshLodGenerator;Overlay;Paging;Property;RTShaderSystem;Terrain;Volume
[2.817s] --   plugins    : Plugin_BSPSceneManager;Plugin_OctreeSceneManager;Plugin_PCZSceneManager;Plugin_ParticleFX;RenderSystem_GL;RenderSystem_GL3Plus;Codec_STBI
[2.817s] --   media      : /opt/ros/foxy/opt/rviz_ogre_vendor/share/OGRE/Media
[2.817s] -- OGRE_LIBRARIES: OgreHLMS;OgreMeshLodGenerator;OgreOverlay;OgrePaging;OgreProperty;OgreRTShaderSystem;OgreTerrain;OgreVolume;OgreMain
[2.817s] -- OGRE_LIBRARY_DIRS: /opt/ros/foxy/opt/rviz_ogre_vendor/lib
[2.817s] -- OGRE_PLUGINS: Plugin_BSPSceneManager;Plugin_OctreeSceneManager;Plugin_PCZSceneManager;Plugin_ParticleFX;RenderSystem_GL;RenderSystem_GL3Plus;Codec_STBI
[2.817s] -- OGRE_PLUGIN_DIR: /opt/ros/foxy/opt/rviz_ogre_vendor/lib/OGRE
[2.818s] -- rviz_ogre_vendor::OgreOverlay for IMPORTED_LOCATION_RELEASE: /opt/ros/foxy/opt/rviz_ogre_vendor/lib/libOgreOverlay.so
[2.818s] -- rviz_ogre_vendor::OgreOverlay for IMPORTED_LOCATION_DEBUG: /opt/ros/foxy/opt/rviz_ogre_vendor/lib/libOgreOverlay.so
[2.819s] -- rviz_ogre_vendor::OgreMain for IMPORTED_LOCATION_RELEASE: /opt/ros/foxy/opt/rviz_ogre_vendor/lib/libOgreMain.so
[2.819s] -- rviz_ogre_vendor::OgreMain for IMPORTED_LOCATION_DEBUG: /opt/ros/foxy/opt/rviz_ogre_vendor/lib/libOgreMain.so
[2.930s] -- rviz_ogre_vendor::RenderSystem_GL for IMPORTED_LOCATION_RELEASE: _render_system_gl_static_library_abs-NOTFOUND
[2.930s] -- rviz_ogre_vendor::RenderSystem_GL for IMPORTED_LOCATION_DEBUG: _render_system_gl_static_library_abs-NOTFOUND
[2.936s] -- library: libassimp.so.5
[3.009s] -- library: /usr/lib/x86_64-linux-gnu/libcurl.so
[3.334s] -- Setting yaml-cpp_DIR to: '/opt/ros/foxy/share/yaml_cpp_vendor/cmake/../../../opt/yaml_cpp_vendor/lib/cmake/yaml-cpp'
[3.350s] -- Found rviz_default_plugins: 8.2.8 (/opt/ros/foxy/share/rviz_default_plugins/cmake)
[4.937s] -- Found ament_lint_auto: 0.9.8 (/opt/ros/foxy/share/ament_lint_auto/cmake)
[5.143s] -- Added test 'copyright' to check source files copyright and LICENSE
[5.144s] -- Added test 'cppcheck' to perform static code analysis on C / C++ code
[5.145s] -- Configured cppcheck include dirs: /home/ik/aws_ws/src/navigation2/nav2_rviz_plugins/include
[5.145s] -- Configured cppcheck exclude dirs and/or files: 
[5.146s] -- Added test 'cpplint' to check C / C++ code against the Google style
[5.146s] -- Configured cpplint exclude dirs and/or files: 
[5.147s] -- Added test 'lint_cmake' to check CMake code style
[5.148s] -- Added test 'uncrustify' to check C / C++ code style
[5.148s] -- Configured uncrustify additional arguments: 
[5.148s] -- Added test 'xmllint' to check XML markup files
[5.171s] -- Configuring done
[5.352s] -- Generating done
[5.355s] -- Build files have been written to: /home/ik/aws_ws/build/nav2_rviz_plugins
[5.394s] Invoked command in '/home/ik/aws_ws/build/nav2_rviz_plugins' returned '0': AMENT_PREFIX_PATH=/home/ik/aws_ws/install/nav2_lifecycle_manager:/home/ik/aws_ws/install/nav2_util:/home/ik/aws_ws/install/nav2_msgs:/home/ik/aws_ws/install/nav2_common:${AMENT_PREFIX_PATH} CMAKE_PREFIX_PATH=/home/ik/aws_ws/install/nav2_lifecycle_manager:/home/ik/aws_ws/install/nav2_util:/home/ik/aws_ws/install/nav2_msgs:/home/ik/aws_ws/install/nav2_common:/opt/ros/foxy LD_LIBRARY_PATH=/home/ik/aws_ws/install/nav2_lifecycle_manager/lib:/home/ik/aws_ws/install/nav2_util/lib:/home/ik/aws_ws/install/nav2_msgs/lib:${LD_LIBRARY_PATH} PYTHONPATH=/home/ik/aws_ws/install/nav2_msgs/lib/python3.8/site-packages:/home/ik/aws_ws/install/nav2_common/lib/python3.8/site-packages:${PYTHONPATH} /usr/bin/cmake /home/ik/aws_ws/src/navigation2/nav2_rviz_plugins -DCMAKE_INSTALL_PREFIX=/home/ik/aws_ws/install/nav2_rviz_plugins
[5.395s] Invoking command in '/home/ik/aws_ws/build/nav2_rviz_plugins': AMENT_PREFIX_PATH=/home/ik/aws_ws/install/nav2_lifecycle_manager:/home/ik/aws_ws/install/nav2_util:/home/ik/aws_ws/install/nav2_msgs:/home/ik/aws_ws/install/nav2_common:${AMENT_PREFIX_PATH} CMAKE_PREFIX_PATH=/home/ik/aws_ws/install/nav2_lifecycle_manager:/home/ik/aws_ws/install/nav2_util:/home/ik/aws_ws/install/nav2_msgs:/home/ik/aws_ws/install/nav2_common:/opt/ros/foxy LD_LIBRARY_PATH=/home/ik/aws_ws/install/nav2_lifecycle_manager/lib:/home/ik/aws_ws/install/nav2_util/lib:/home/ik/aws_ws/install/nav2_msgs/lib:${LD_LIBRARY_PATH} PYTHONPATH=/home/ik/aws_ws/install/nav2_msgs/lib/python3.8/site-packages:/home/ik/aws_ws/install/nav2_common/lib/python3.8/site-packages:${PYTHONPATH} /usr/bin/cmake --build /home/ik/aws_ws/build/nav2_rviz_plugins -- -j8 -l8
[5.643s] [ 20%] [34m[1mAutomatic MOC for target nav2_rviz_plugins[0m
[5.731s] [ 20%] Built target nav2_rviz_plugins_autogen
[5.947s] [ 40%] [32m[1mLinking CXX shared library libnav2_rviz_plugins.so[0m
[13.312s] [100%] Built target nav2_rviz_plugins
[13.337s] Invoked command in '/home/ik/aws_ws/build/nav2_rviz_plugins' returned '0': AMENT_PREFIX_PATH=/home/ik/aws_ws/install/nav2_lifecycle_manager:/home/ik/aws_ws/install/nav2_util:/home/ik/aws_ws/install/nav2_msgs:/home/ik/aws_ws/install/nav2_common:${AMENT_PREFIX_PATH} CMAKE_PREFIX_PATH=/home/ik/aws_ws/install/nav2_lifecycle_manager:/home/ik/aws_ws/install/nav2_util:/home/ik/aws_ws/install/nav2_msgs:/home/ik/aws_ws/install/nav2_common:/opt/ros/foxy LD_LIBRARY_PATH=/home/ik/aws_ws/install/nav2_lifecycle_manager/lib:/home/ik/aws_ws/install/nav2_util/lib:/home/ik/aws_ws/install/nav2_msgs/lib:${LD_LIBRARY_PATH} PYTHONPATH=/home/ik/aws_ws/install/nav2_msgs/lib/python3.8/site-packages:/home/ik/aws_ws/install/nav2_common/lib/python3.8/site-packages:${PYTHONPATH} /usr/bin/cmake --build /home/ik/aws_ws/build/nav2_rviz_plugins -- -j8 -l8
[13.773s] Invoking command in '/home/ik/aws_ws/build/nav2_rviz_plugins': AMENT_PREFIX_PATH=/home/ik/aws_ws/install/nav2_lifecycle_manager:/home/ik/aws_ws/install/nav2_util:/home/ik/aws_ws/install/nav2_msgs:/home/ik/aws_ws/install/nav2_common:${AMENT_PREFIX_PATH} CMAKE_PREFIX_PATH=/home/ik/aws_ws/install/nav2_lifecycle_manager:/home/ik/aws_ws/install/nav2_util:/home/ik/aws_ws/install/nav2_msgs:/home/ik/aws_ws/install/nav2_common:/opt/ros/foxy LD_LIBRARY_PATH=/home/ik/aws_ws/install/nav2_lifecycle_manager/lib:/home/ik/aws_ws/install/nav2_util/lib:/home/ik/aws_ws/install/nav2_msgs/lib:${LD_LIBRARY_PATH} PYTHONPATH=/home/ik/aws_ws/install/nav2_msgs/lib/python3.8/site-packages:/home/ik/aws_ws/install/nav2_common/lib/python3.8/site-packages:${PYTHONPATH} /usr/bin/cmake --install /home/ik/aws_ws/build/nav2_rviz_plugins
[13.806s] -- Install configuration: ""
[13.807s] -- Execute custom install script
[13.815s] -- Up-to-date symlink: /home/ik/aws_ws/install/nav2_rviz_plugins/share/nav2_rviz_plugins//plugins_description.xml
[13.816s] -- Up-to-date symlink: /home/ik/aws_ws/install/nav2_rviz_plugins/include//nav2_rviz_plugins/goal_common.hpp
[13.816s] -- Up-to-date symlink: /home/ik/aws_ws/install/nav2_rviz_plugins/include//nav2_rviz_plugins/goal_pose_updater.hpp
[13.817s] -- Up-to-date symlink: /home/ik/aws_ws/install/nav2_rviz_plugins/include//nav2_rviz_plugins/goal_tool.hpp
[13.817s] -- Up-to-date symlink: /home/ik/aws_ws/install/nav2_rviz_plugins/include//nav2_rviz_plugins/nav2_panel.hpp
[13.817s] -- Up-to-date symlink: /home/ik/aws_ws/install/nav2_rviz_plugins/include//nav2_rviz_plugins/ros_action_qevent.hpp
[13.818s] -- Up-to-date symlink: /home/ik/aws_ws/install/nav2_rviz_plugins/share/nav2_rviz_plugins/environment/library_path.sh
[13.818s] -- Up-to-date symlink: /home/ik/aws_ws/install/nav2_rviz_plugins/share/nav2_rviz_plugins/environment/library_path.dsv
[13.819s] -- Up-to-date symlink: /home/ik/aws_ws/install/nav2_rviz_plugins/share/ament_index/resource_index/package_run_dependencies/nav2_rviz_plugins
[13.820s] -- Up-to-date symlink: /home/ik/aws_ws/install/nav2_rviz_plugins/share/ament_index/resource_index/parent_prefix_path/nav2_rviz_plugins
[13.820s] -- Up-to-date symlink: /home/ik/aws_ws/install/nav2_rviz_plugins/share/nav2_rviz_plugins/environment/ament_prefix_path.sh
[13.820s] -- Up-to-date symlink: /home/ik/aws_ws/install/nav2_rviz_plugins/share/nav2_rviz_plugins/environment/ament_prefix_path.dsv
[13.821s] -- Up-to-date symlink: /home/ik/aws_ws/install/nav2_rviz_plugins/share/nav2_rviz_plugins/environment/path.sh
[13.821s] -- Up-to-date symlink: /home/ik/aws_ws/install/nav2_rviz_plugins/share/nav2_rviz_plugins/environment/path.dsv
[13.822s] -- Up-to-date symlink: /home/ik/aws_ws/install/nav2_rviz_plugins/share/nav2_rviz_plugins/local_setup.bash
[13.822s] -- Up-to-date symlink: /home/ik/aws_ws/install/nav2_rviz_plugins/share/nav2_rviz_plugins/local_setup.sh
[13.823s] -- Up-to-date symlink: /home/ik/aws_ws/install/nav2_rviz_plugins/share/nav2_rviz_plugins/local_setup.zsh
[13.823s] -- Up-to-date symlink: /home/ik/aws_ws/install/nav2_rviz_plugins/share/nav2_rviz_plugins/local_setup.dsv
[13.823s] -- Symlinking: /home/ik/aws_ws/install/nav2_rviz_plugins/share/nav2_rviz_plugins/package.dsv
[13.853s] -- Up-to-date symlink: /home/ik/aws_ws/install/nav2_rviz_plugins/share/ament_index/resource_index/packages/nav2_rviz_plugins
[13.854s] -- Up-to-date symlink: /home/ik/aws_ws/install/nav2_rviz_plugins/share/ament_index/resource_index/rviz_common__pluginlib__plugin/nav2_rviz_plugins
[13.854s] -- Up-to-date symlink: /home/ik/aws_ws/install/nav2_rviz_plugins/share/nav2_rviz_plugins/cmake/ament_cmake_export_include_directories-extras.cmake
[13.854s] -- Up-to-date symlink: /home/ik/aws_ws/install/nav2_rviz_plugins/share/nav2_rviz_plugins/cmake/ament_cmake_export_targets-extras.cmake
[13.855s] -- Up-to-date symlink: /home/ik/aws_ws/install/nav2_rviz_plugins/share/nav2_rviz_plugins/cmake/ament_cmake_export_dependencies-extras.cmake
[13.855s] -- Up-to-date symlink: /home/ik/aws_ws/install/nav2_rviz_plugins/share/nav2_rviz_plugins/cmake/nav2_rviz_pluginsConfig.cmake
[13.855s] -- Up-to-date symlink: /home/ik/aws_ws/install/nav2_rviz_plugins/share/nav2_rviz_plugins/cmake/nav2_rviz_pluginsConfig-version.cmake
[13.855s] -- Up-to-date symlink: /home/ik/aws_ws/install/nav2_rviz_plugins/share/nav2_rviz_plugins/package.xml
[13.856s] -- Installing: /home/ik/aws_ws/install/nav2_rviz_plugins/lib/libnav2_rviz_plugins.so
[13.860s] -- Set runtime path of "/home/ik/aws_ws/install/nav2_rviz_plugins/lib/libnav2_rviz_plugins.so" to ""
[13.860s] -- Up-to-date: /home/ik/aws_ws/install/nav2_rviz_plugins/share/nav2_rviz_plugins/cmake/nav2_rviz_pluginsExport.cmake
[13.860s] -- Installing: /home/ik/aws_ws/install/nav2_rviz_plugins/share/nav2_rviz_plugins/cmake/nav2_rviz_pluginsExport-noconfig.cmake
[13.865s] Invoked command in '/home/ik/aws_ws/build/nav2_rviz_plugins' returned '0': AMENT_PREFIX_PATH=/home/ik/aws_ws/install/nav2_lifecycle_manager:/home/ik/aws_ws/install/nav2_util:/home/ik/aws_ws/install/nav2_msgs:/home/ik/aws_ws/install/nav2_common:${AMENT_PREFIX_PATH} CMAKE_PREFIX_PATH=/home/ik/aws_ws/install/nav2_lifecycle_manager:/home/ik/aws_ws/install/nav2_util:/home/ik/aws_ws/install/nav2_msgs:/home/ik/aws_ws/install/nav2_common:/opt/ros/foxy LD_LIBRARY_PATH=/home/ik/aws_ws/install/nav2_lifecycle_manager/lib:/home/ik/aws_ws/install/nav2_util/lib:/home/ik/aws_ws/install/nav2_msgs/lib:${LD_LIBRARY_PATH} PYTHONPATH=/home/ik/aws_ws/install/nav2_msgs/lib/python3.8/site-packages:/home/ik/aws_ws/install/nav2_common/lib/python3.8/site-packages:${PYTHONPATH} /usr/bin/cmake --install /home/ik/aws_ws/build/nav2_rviz_plugins
