-- Found ament_cmake: 0.9.11 (/opt/ros/foxy/share/ament_cmake/cmake)
-- Using PYTHON_EXECUTABLE: /usr/bin/python3
-- Override CMake install command with custom implementation using symlinks instead of copying resources
-- Found nav2_common: 0.4.7 (/home/ik/aws_ws/install/nav2_common/share/nav2_common/cmake)
-- Found angles: 1.12.6 (/opt/ros/foxy/share/angles/cmake)
-- Found dwb_core: 0.4.7 (/home/ik/aws_ws/install/dwb_core/share/dwb_core/cmake)
-- Using all available rosidl_typesupport_c: rosidl_typesupport_fastrtps_c;rosidl_typesupport_introspection_c
-- Found rosidl_adapter: 1.3.0 (/opt/ros/foxy/share/rosidl_adapter/cmake)
-- Using all available rosidl_typesupport_cpp: rosidl_typesupport_fastrtps_cpp;rosidl_typesupport_introspection_cpp
-- Found rmw_implementation_cmake: 1.0.4 (/opt/ros/foxy/share/rmw_implementation_cmake/cmake)
-- Using RMW implementation 'rmw_fastrtps_cpp' as default
-- Found ament_lint_auto: 0.9.8 (/opt/ros/foxy/share/ament_lint_auto/cmake)
-- Found gtest sources under '/opt/ros/foxy/src/gtest_vendor': C++ tests using 'Google Test' will be built
-- Added test 'cppcheck' to perform static code analysis on C / C++ code
-- Configured cppcheck include dirs: /home/ik/aws_ws/src/navigation2/nav2_dwb_controller/dwb_plugins/include
-- Configured cppcheck exclude dirs and/or files: 
-- Added test 'cpplint' to check C / C++ code against the Google style
-- Configured cpplint exclude dirs and/or files: 
-- Added test 'lint_cmake' to check CMake code style
-- Added test 'uncrustify' to check C / C++ code style
-- Configured uncrustify additional arguments: 
-- Added test 'xmllint' to check XML markup files
-- Configuring done
-- Generating done
-- Build files have been written to: /home/ik/aws_ws/build/dwb_plugins
[35m[1mScanning dependencies of target standard_traj_generator[0m
[  7%] [32mBuilding CXX object CMakeFiles/standard_traj_generator.dir/src/standard_traj_generator.cpp.o[0m
[ 15%] [32mBuilding CXX object CMakeFiles/standard_traj_generator.dir/src/xy_theta_iterator.cpp.o[0m
[ 23%] [32mBuilding CXX object CMakeFiles/standard_traj_generator.dir/src/kinematic_parameters.cpp.o[0m
[ 30%] [32mBuilding CXX object CMakeFiles/standard_traj_generator.dir/src/limited_accel_generator.cpp.o[0m
[ 38%] [32m[1mLinking CXX shared library libstandard_traj_generator.so[0m
[ 38%] Built target standard_traj_generator
[ 53%] Built target gtest_main
[ 69%] Built target gtest
[35m[1mScanning dependencies of target twist_gen_test[0m
[ 76%] [32mBuilding CXX object test/CMakeFiles/twist_gen_test.dir/twist_gen.cpp.o[0m
[ 84%] [32m[1mLinking CXX executable twist_gen_test[0m
[ 84%] Built target twist_gen_test
[ 92%] [32mBuilding CXX object test/CMakeFiles/vtest.dir/velocity_iterator_test.cpp.o[0m
[100%] [32m[1mLinking CXX executable vtest[0m
[100%] Built target vtest
-- Install configuration: "Release"
-- Execute custom install script
-- Up-to-date symlink: /home/ik/aws_ws/install/dwb_plugins/lib/libstandard_traj_generator.so
-- Up-to-date symlink: /home/ik/aws_ws/install/dwb_plugins/include//dwb_plugins/kinematic_parameters.hpp
-- Up-to-date symlink: /home/ik/aws_ws/install/dwb_plugins/include//dwb_plugins/limited_accel_generator.hpp
-- Up-to-date symlink: /home/ik/aws_ws/install/dwb_plugins/include//dwb_plugins/one_d_velocity_iterator.hpp
-- Up-to-date symlink: /home/ik/aws_ws/install/dwb_plugins/include//dwb_plugins/standard_traj_generator.hpp
-- Up-to-date symlink: /home/ik/aws_ws/install/dwb_plugins/include//dwb_plugins/velocity_iterator.hpp
-- Up-to-date symlink: /home/ik/aws_ws/install/dwb_plugins/include//dwb_plugins/xy_theta_iterator.hpp
-- Up-to-date symlink: /home/ik/aws_ws/install/dwb_plugins/share/dwb_plugins/plugins.xml
-- Up-to-date symlink: /home/ik/aws_ws/install/dwb_plugins/share/dwb_plugins/environment/library_path.sh
-- Up-to-date symlink: /home/ik/aws_ws/install/dwb_plugins/share/dwb_plugins/environment/library_path.dsv
-- Up-to-date symlink: /home/ik/aws_ws/install/dwb_plugins/share/dwb_plugins//plugins.xml
-- Up-to-date symlink: /home/ik/aws_ws/install/dwb_plugins/share/ament_index/resource_index/package_run_dependencies/dwb_plugins
-- Up-to-date symlink: /home/ik/aws_ws/install/dwb_plugins/share/ament_index/resource_index/parent_prefix_path/dwb_plugins
-- Up-to-date symlink: /home/ik/aws_ws/install/dwb_plugins/share/dwb_plugins/environment/ament_prefix_path.sh
-- Up-to-date symlink: /home/ik/aws_ws/install/dwb_plugins/share/dwb_plugins/environment/ament_prefix_path.dsv
-- Up-to-date symlink: /home/ik/aws_ws/install/dwb_plugins/share/dwb_plugins/environment/path.sh
-- Up-to-date symlink: /home/ik/aws_ws/install/dwb_plugins/share/dwb_plugins/environment/path.dsv
-- Up-to-date symlink: /home/ik/aws_ws/install/dwb_plugins/share/dwb_plugins/local_setup.bash
-- Up-to-date symlink: /home/ik/aws_ws/install/dwb_plugins/share/dwb_plugins/local_setup.sh
-- Up-to-date symlink: /home/ik/aws_ws/install/dwb_plugins/share/dwb_plugins/local_setup.zsh
-- Up-to-date symlink: /home/ik/aws_ws/install/dwb_plugins/share/dwb_plugins/local_setup.dsv
-- Symlinking: /home/ik/aws_ws/install/dwb_plugins/share/dwb_plugins/package.dsv
-- Up-to-date symlink: /home/ik/aws_ws/install/dwb_plugins/share/ament_index/resource_index/packages/dwb_plugins
-- Up-to-date symlink: /home/ik/aws_ws/install/dwb_plugins/share/ament_index/resource_index/dwb_core__pluginlib__plugin/dwb_plugins
-- Up-to-date symlink: /home/ik/aws_ws/install/dwb_plugins/share/dwb_plugins/cmake/ament_cmake_export_include_directories-extras.cmake
-- Up-to-date symlink: /home/ik/aws_ws/install/dwb_plugins/share/dwb_plugins/cmake/ament_cmake_export_libraries-extras.cmake
-- Up-to-date symlink: /home/ik/aws_ws/install/dwb_plugins/share/dwb_plugins/cmake/ament_cmake_export_definitions-extras.cmake
-- Up-to-date symlink: /home/ik/aws_ws/install/dwb_plugins/share/dwb_plugins/cmake/dwb_pluginsConfig.cmake
-- Up-to-date symlink: /home/ik/aws_ws/install/dwb_plugins/share/dwb_plugins/cmake/dwb_pluginsConfig-version.cmake
-- Up-to-date symlink: /home/ik/aws_ws/install/dwb_plugins/share/dwb_plugins/package.xml
