[0.089s] Invoking command in '/home/ik/aws_ws/build/nav2_controller': AMENT_PREFIX_PATH=/home/ik/aws_ws/install/nav2_core:/home/ik/aws_ws/install/nav2_costmap_2d:/home/ik/aws_ws/install/nav_2d_utils:/home/ik/aws_ws/install/nav2_util:/home/ik/aws_ws/install/nav2_voxel_grid:/home/ik/aws_ws/install/nav2_msgs:/home/ik/aws_ws/install/nav_2d_msgs:/home/ik/aws_ws/install/nav2_common:${AMENT_PREFIX_PATH} CMAKE_PREFIX_PATH=/home/ik/aws_ws/install/nav2_core:/home/ik/aws_ws/install/nav2_costmap_2d:/home/ik/aws_ws/install/nav_2d_utils:/home/ik/aws_ws/install/nav2_util:/home/ik/aws_ws/install/nav2_voxel_grid:/home/ik/aws_ws/install/nav2_msgs:/home/ik/aws_ws/install/nav_2d_msgs:/home/ik/aws_ws/install/nav2_common:/opt/ros/foxy LD_LIBRARY_PATH=/home/ik/aws_ws/install/nav2_costmap_2d/lib:/home/ik/aws_ws/install/nav_2d_utils/lib:/home/ik/aws_ws/install/nav2_util/lib:/home/ik/aws_ws/install/nav2_voxel_grid/lib:/home/ik/aws_ws/install/nav2_msgs/lib:/home/ik/aws_ws/install/nav_2d_msgs/lib:${LD_LIBRARY_PATH} PYTHONPATH=/home/ik/aws_ws/install/nav2_msgs/lib/python3.8/site-packages:/home/ik/aws_ws/install/nav_2d_msgs/lib/python3.8/site-packages:/home/ik/aws_ws/install/nav2_common/lib/python3.8/site-packages:${PYTHONPATH} /usr/bin/cmake --build /home/ik/aws_ws/build/nav2_controller -- -j8 -l8
[0.131s] -- Found ament_cmake: 0.9.11 (/opt/ros/foxy/share/ament_cmake/cmake)
[0.168s] -- Using PYTHON_EXECUTABLE: /usr/bin/python3
[0.434s] -- Override CMake install command with custom implementation using symlinks instead of copying resources
[0.457s] -- Found nav2_core: 0.4.7 (/home/ik/aws_ws/install/nav2_core/share/nav2_core/cmake)
[0.516s] -- Using all available rosidl_typesupport_c: rosidl_typesupport_fastrtps_c;rosidl_typesupport_introspection_c
[0.522s] -- Found rosidl_adapter: 1.3.0 (/opt/ros/foxy/share/rosidl_adapter/cmake)
[0.706s] -- Using all available rosidl_typesupport_cpp: rosidl_typesupport_fastrtps_cpp;rosidl_typesupport_introspection_cpp
[0.783s] -- Found rmw_implementation_cmake: 1.0.4 (/opt/ros/foxy/share/rmw_implementation_cmake/cmake)
[0.784s] -- Using RMW implementation 'rmw_fastrtps_cpp' as default
[4.764s] -- Found nav2_common: 0.4.7 (/home/ik/aws_ws/install/nav2_common/share/nav2_common/cmake)
[4.766s] -- Found nav_2d_utils: 0.4.7 (/home/ik/aws_ws/install/nav_2d_utils/share/nav_2d_utils/cmake)
[14.170s] -- Found ament_lint_auto: 0.9.8 (/opt/ros/foxy/share/ament_lint_auto/cmake)
[14.261s] -- Found ament_cmake_gtest: 0.9.11 (/opt/ros/foxy/share/ament_cmake_gtest/cmake)
[14.265s] -- Found gtest sources under '/opt/ros/foxy/src/gtest_vendor': C++ tests using 'Google Test' will be built
[16.529s] -- Added test 'cppcheck' to perform static code analysis on C / C++ code
[16.530s] -- Configured cppcheck include dirs: /home/ik/aws_ws/src/navigation2/nav2_controller/include
[16.531s] -- Configured cppcheck exclude dirs and/or files: 
[16.532s] -- Added test 'cpplint' to check C / C++ code against the Google style
[16.532s] -- Configured cpplint exclude dirs and/or files: 
[16.536s] -- Added test 'lint_cmake' to check CMake code style
[16.537s] -- Added test 'uncrustify' to check C / C++ code style
[16.537s] -- Configured uncrustify additional arguments: 
[16.537s] -- Added test 'xmllint' to check XML markup files
[16.542s] -- Configuring done
[16.948s] -- Generating done
[16.962s] -- Build files have been written to: /home/ik/aws_ws/build/nav2_controller
[17.062s] [  5%] [32mBuilding CXX object CMakeFiles/simple_progress_checker.dir/plugins/simple_progress_checker.cpp.o[0m
[17.078s] [ 16%] Built target gtest_main
[17.096s] [ 22%] [32mBuilding CXX object CMakeFiles/controller_server_core.dir/src/nav2_controller.cpp.o[0m
[17.102s] [ 27%] [32mBuilding CXX object CMakeFiles/simple_goal_checker.dir/plugins/simple_goal_checker.cpp.o[0m
[17.165s] [ 38%] Built target gtest
[20.656s] [ 44%] [32m[1mLinking CXX shared library libsimple_progress_checker.so[0m
[21.101s] [ 44%] Built target simple_progress_checker
[21.106s] [ 50%] [32m[1mLinking CXX shared library libsimple_goal_checker.so[0m
[21.153s] [ 55%] [32mBuilding CXX object plugins/test/CMakeFiles/pctest.dir/progress_checker.cpp.o[0m
[21.424s] [ 55%] Built target simple_goal_checker
[21.477s] [ 61%] [32mBuilding CXX object CMakeFiles/stopped_goal_checker.dir/plugins/stopped_goal_checker.cpp.o[0m
[24.637s] [ 66%] [32m[1mLinking CXX shared library libstopped_goal_checker.so[0m
[24.936s] [ 66%] Built target stopped_goal_checker
[24.983s] [ 72%] [32mBuilding CXX object plugins/test/CMakeFiles/gctest.dir/goal_checker.cpp.o[0m
[25.050s] [ 77%] [32m[1mLinking CXX executable pctest[0m
[25.421s] [ 77%] Built target pctest
[28.700s] [ 83%] [32m[1mLinking CXX executable gctest[0m
[29.057s] [ 83%] Built target gctest
[48.791s] [ 88%] [32m[1mLinking CXX static library libcontroller_server_core.a[0m
[48.909s] [ 88%] Built target controller_server_core
[49.089s] [ 94%] [32mBuilding CXX object CMakeFiles/controller_server.dir/src/main.cpp.o[0m
[56.670s] [100%] [32m[1mLinking CXX executable controller_server[0m
[57.276s] [100%] Built target controller_server
[57.293s] Invoked command in '/home/ik/aws_ws/build/nav2_controller' returned '0': AMENT_PREFIX_PATH=/home/ik/aws_ws/install/nav2_core:/home/ik/aws_ws/install/nav2_costmap_2d:/home/ik/aws_ws/install/nav_2d_utils:/home/ik/aws_ws/install/nav2_util:/home/ik/aws_ws/install/nav2_voxel_grid:/home/ik/aws_ws/install/nav2_msgs:/home/ik/aws_ws/install/nav_2d_msgs:/home/ik/aws_ws/install/nav2_common:${AMENT_PREFIX_PATH} CMAKE_PREFIX_PATH=/home/ik/aws_ws/install/nav2_core:/home/ik/aws_ws/install/nav2_costmap_2d:/home/ik/aws_ws/install/nav_2d_utils:/home/ik/aws_ws/install/nav2_util:/home/ik/aws_ws/install/nav2_voxel_grid:/home/ik/aws_ws/install/nav2_msgs:/home/ik/aws_ws/install/nav_2d_msgs:/home/ik/aws_ws/install/nav2_common:/opt/ros/foxy LD_LIBRARY_PATH=/home/ik/aws_ws/install/nav2_costmap_2d/lib:/home/ik/aws_ws/install/nav_2d_utils/lib:/home/ik/aws_ws/install/nav2_util/lib:/home/ik/aws_ws/install/nav2_voxel_grid/lib:/home/ik/aws_ws/install/nav2_msgs/lib:/home/ik/aws_ws/install/nav_2d_msgs/lib:${LD_LIBRARY_PATH} PYTHONPATH=/home/ik/aws_ws/install/nav2_msgs/lib/python3.8/site-packages:/home/ik/aws_ws/install/nav_2d_msgs/lib/python3.8/site-packages:/home/ik/aws_ws/install/nav2_common/lib/python3.8/site-packages:${PYTHONPATH} /usr/bin/cmake --build /home/ik/aws_ws/build/nav2_controller -- -j8 -l8
[57.350s] Invoking command in '/home/ik/aws_ws/build/nav2_controller': AMENT_PREFIX_PATH=/home/ik/aws_ws/install/nav2_core:/home/ik/aws_ws/install/nav2_costmap_2d:/home/ik/aws_ws/install/nav_2d_utils:/home/ik/aws_ws/install/nav2_util:/home/ik/aws_ws/install/nav2_voxel_grid:/home/ik/aws_ws/install/nav2_msgs:/home/ik/aws_ws/install/nav_2d_msgs:/home/ik/aws_ws/install/nav2_common:${AMENT_PREFIX_PATH} CMAKE_PREFIX_PATH=/home/ik/aws_ws/install/nav2_core:/home/ik/aws_ws/install/nav2_costmap_2d:/home/ik/aws_ws/install/nav_2d_utils:/home/ik/aws_ws/install/nav2_util:/home/ik/aws_ws/install/nav2_voxel_grid:/home/ik/aws_ws/install/nav2_msgs:/home/ik/aws_ws/install/nav_2d_msgs:/home/ik/aws_ws/install/nav2_common:/opt/ros/foxy LD_LIBRARY_PATH=/home/ik/aws_ws/install/nav2_costmap_2d/lib:/home/ik/aws_ws/install/nav_2d_utils/lib:/home/ik/aws_ws/install/nav2_util/lib:/home/ik/aws_ws/install/nav2_voxel_grid/lib:/home/ik/aws_ws/install/nav2_msgs/lib:/home/ik/aws_ws/install/nav_2d_msgs/lib:${LD_LIBRARY_PATH} PYTHONPATH=/home/ik/aws_ws/install/nav2_msgs/lib/python3.8/site-packages:/home/ik/aws_ws/install/nav_2d_msgs/lib/python3.8/site-packages:/home/ik/aws_ws/install/nav2_common/lib/python3.8/site-packages:${PYTHONPATH} /usr/bin/cmake --install /home/ik/aws_ws/build/nav2_controller
[57.365s] -- Install configuration: "Release"
[57.366s] -- Execute custom install script
[57.366s] -- Up-to-date symlink: /home/ik/aws_ws/install/nav2_controller/lib/libsimple_progress_checker.so
[57.366s] -- Up-to-date symlink: /home/ik/aws_ws/install/nav2_controller/lib/libsimple_goal_checker.so
[57.367s] -- Up-to-date symlink: /home/ik/aws_ws/install/nav2_controller/lib/libstopped_goal_checker.so
[57.367s] -- Up-to-date symlink: /home/ik/aws_ws/install/nav2_controller/lib/libcontroller_server_core.a
[57.367s] -- Up-to-date symlink: /home/ik/aws_ws/install/nav2_controller/lib/nav2_controller/controller_server
[57.368s] -- Up-to-date symlink: /home/ik/aws_ws/install/nav2_controller/include//nav2_controller/nav2_controller.hpp
[57.368s] -- Up-to-date symlink: /home/ik/aws_ws/install/nav2_controller/include//nav2_controller/plugins/simple_goal_checker.hpp
[57.368s] -- Up-to-date symlink: /home/ik/aws_ws/install/nav2_controller/include//nav2_controller/plugins/simple_progress_checker.hpp
[57.368s] -- Up-to-date symlink: /home/ik/aws_ws/install/nav2_controller/include//nav2_controller/plugins/stopped_goal_checker.hpp
[57.369s] -- Up-to-date symlink: /home/ik/aws_ws/install/nav2_controller/share/nav2_controller/environment/library_path.sh
[57.369s] -- Up-to-date symlink: /home/ik/aws_ws/install/nav2_controller/share/nav2_controller/environment/library_path.dsv
[57.369s] -- Up-to-date symlink: /home/ik/aws_ws/install/nav2_controller/share/nav2_controller//plugins.xml
[57.369s] -- Up-to-date symlink: /home/ik/aws_ws/install/nav2_controller/share/ament_index/resource_index/package_run_dependencies/nav2_controller
[57.369s] -- Up-to-date symlink: /home/ik/aws_ws/install/nav2_controller/share/ament_index/resource_index/parent_prefix_path/nav2_controller
[57.370s] -- Up-to-date symlink: /home/ik/aws_ws/install/nav2_controller/share/nav2_controller/environment/ament_prefix_path.sh
[57.370s] -- Up-to-date symlink: /home/ik/aws_ws/install/nav2_controller/share/nav2_controller/environment/ament_prefix_path.dsv
[57.376s] -- Up-to-date symlink: /home/ik/aws_ws/install/nav2_controller/share/nav2_controller/environment/path.sh
[57.376s] -- Up-to-date symlink: /home/ik/aws_ws/install/nav2_controller/share/nav2_controller/environment/path.dsv
[57.376s] -- Up-to-date symlink: /home/ik/aws_ws/install/nav2_controller/share/nav2_controller/local_setup.bash
[57.376s] -- Up-to-date symlink: /home/ik/aws_ws/install/nav2_controller/share/nav2_controller/local_setup.sh
[57.376s] -- Up-to-date symlink: /home/ik/aws_ws/install/nav2_controller/share/nav2_controller/local_setup.zsh
[57.376s] -- Up-to-date symlink: /home/ik/aws_ws/install/nav2_controller/share/nav2_controller/local_setup.dsv
[57.376s] -- Symlinking: /home/ik/aws_ws/install/nav2_controller/share/nav2_controller/package.dsv
[57.392s] -- Up-to-date symlink: /home/ik/aws_ws/install/nav2_controller/share/ament_index/resource_index/packages/nav2_controller
[57.392s] -- Up-to-date symlink: /home/ik/aws_ws/install/nav2_controller/share/ament_index/resource_index/nav2_core__pluginlib__plugin/nav2_controller
[57.392s] -- Up-to-date symlink: /home/ik/aws_ws/install/nav2_controller/share/nav2_controller/cmake/ament_cmake_export_include_directories-extras.cmake
[57.394s] -- Up-to-date symlink: /home/ik/aws_ws/install/nav2_controller/share/nav2_controller/cmake/ament_cmake_export_libraries-extras.cmake
[57.394s] -- Up-to-date symlink: /home/ik/aws_ws/install/nav2_controller/share/nav2_controller/cmake/ament_cmake_export_definitions-extras.cmake
[57.394s] -- Up-to-date symlink: /home/ik/aws_ws/install/nav2_controller/share/nav2_controller/cmake/nav2_controllerConfig.cmake
[57.395s] -- Up-to-date symlink: /home/ik/aws_ws/install/nav2_controller/share/nav2_controller/cmake/nav2_controllerConfig-version.cmake
[57.395s] -- Up-to-date symlink: /home/ik/aws_ws/install/nav2_controller/share/nav2_controller/package.xml
[57.401s] Invoked command in '/home/ik/aws_ws/build/nav2_controller' returned '0': AMENT_PREFIX_PATH=/home/ik/aws_ws/install/nav2_core:/home/ik/aws_ws/install/nav2_costmap_2d:/home/ik/aws_ws/install/nav_2d_utils:/home/ik/aws_ws/install/nav2_util:/home/ik/aws_ws/install/nav2_voxel_grid:/home/ik/aws_ws/install/nav2_msgs:/home/ik/aws_ws/install/nav_2d_msgs:/home/ik/aws_ws/install/nav2_common:${AMENT_PREFIX_PATH} CMAKE_PREFIX_PATH=/home/ik/aws_ws/install/nav2_core:/home/ik/aws_ws/install/nav2_costmap_2d:/home/ik/aws_ws/install/nav_2d_utils:/home/ik/aws_ws/install/nav2_util:/home/ik/aws_ws/install/nav2_voxel_grid:/home/ik/aws_ws/install/nav2_msgs:/home/ik/aws_ws/install/nav_2d_msgs:/home/ik/aws_ws/install/nav2_common:/opt/ros/foxy LD_LIBRARY_PATH=/home/ik/aws_ws/install/nav2_costmap_2d/lib:/home/ik/aws_ws/install/nav_2d_utils/lib:/home/ik/aws_ws/install/nav2_util/lib:/home/ik/aws_ws/install/nav2_voxel_grid/lib:/home/ik/aws_ws/install/nav2_msgs/lib:/home/ik/aws_ws/install/nav_2d_msgs/lib:${LD_LIBRARY_PATH} PYTHONPATH=/home/ik/aws_ws/install/nav2_msgs/lib/python3.8/site-packages:/home/ik/aws_ws/install/nav_2d_msgs/lib/python3.8/site-packages:/home/ik/aws_ws/install/nav2_common/lib/python3.8/site-packages:${PYTHONPATH} /usr/bin/cmake --install /home/ik/aws_ws/build/nav2_controller
