[0.228s] DEBUG:colcon:Command line arguments: ['/usr/bin/colcon', 'build']
[0.228s] DEBUG:colcon:Parsed command line arguments: Namespace(allow_overriding=[], ament_cmake_args=None, base_paths=['.'], build_base='build', catkin_cmake_args=None, catkin_skip_building_tests=False, cmake_args=None, cmake_clean_cache=False, cmake_clean_first=False, cmake_force_configure=False, cmake_target=None, cmake_target_skip_unavailable=False, continue_on_error=False, event_handlers=None, executor='parallel', ignore_user_meta=False, install_base='install', log_base=None, log_level=None, main=<bound method BuildVerb.main of <colcon_core.verb.build.BuildVerb object at 0x7f83e030f2b0>>, merge_install=False, metas=['./colcon.meta'], packages_above=None, packages_above_and_dependencies=None, packages_above_depth=None, packages_end=None, packages_ignore=None, packages_ignore_regex=None, packages_select=None, packages_select_build_failed=False, packages_select_by_dep=None, packages_select_regex=None, packages_select_test_failures=False, packages_skip=None, packages_skip_build_finished=False, packages_skip_by_dep=None, packages_skip_regex=None, packages_skip_test_passed=False, packages_skip_up_to=None, packages_start=None, packages_up_to=None, packages_up_to_regex=None, parallel_workers=8, paths=None, symlink_install=False, test_result_base=None, verb_extension=<colcon_core.verb.build.BuildVerb object at 0x7f83e030f2b0>, verb_name='build', verb_parser=<colcon_defaults.argument_parser.defaults.DefaultArgumentsDecorator object at 0x7f83e030f7f0>)
[0.247s] Level 1:colcon.colcon_core.package_discovery:discover_packages(colcon_meta) check parameters
[0.248s] Level 1:colcon.colcon_core.package_discovery:discover_packages(recursive) check parameters
[0.248s] Level 1:colcon.colcon_core.package_discovery:discover_packages(ignore) check parameters
[0.248s] Level 1:colcon.colcon_core.package_discovery:discover_packages(path) check parameters
[0.248s] Level 1:colcon.colcon_core.package_discovery:discover_packages(colcon_meta) discover
[0.248s] Level 1:colcon.colcon_core.package_discovery:discover_packages(recursive) discover
[0.248s] INFO:colcon.colcon_core.package_discovery:Crawling recursively for packages in '/home/ik/aws_ws'
[0.248s] Level 1:colcon.colcon_core.package_identification:_identify(.) by extensions ['ignore', 'ignore_ament_install']
[0.248s] Level 1:colcon.colcon_core.package_identification:_identify(.) by extension 'ignore'
[0.248s] Level 1:colcon.colcon_core.package_identification:_identify(.) by extension 'ignore_ament_install'
[0.248s] Level 1:colcon.colcon_core.package_identification:_identify(.) by extensions ['colcon_pkg']
[0.248s] Level 1:colcon.colcon_core.package_identification:_identify(.) by extension 'colcon_pkg'
[0.248s] Level 1:colcon.colcon_core.package_identification:_identify(.) by extensions ['colcon_meta']
[0.248s] Level 1:colcon.colcon_core.package_identification:_identify(.) by extension 'colcon_meta'
[0.248s] Level 1:colcon.colcon_core.package_identification:_identify(.) by extensions ['ros']
[0.248s] Level 1:colcon.colcon_core.package_identification:_identify(.) by extension 'ros'
[0.268s] Level 1:colcon.colcon_core.package_identification:_identify(.) by extensions ['cmake', 'python']
[0.268s] Level 1:colcon.colcon_core.package_identification:_identify(.) by extension 'cmake'
[0.268s] Level 1:colcon.colcon_core.package_identification:_identify(.) by extension 'python'
[0.268s] Level 1:colcon.colcon_core.package_identification:_identify(.) by extensions ['python_setup_py']
[0.268s] Level 1:colcon.colcon_core.package_identification:_identify(.) by extension 'python_setup_py'
[0.268s] Level 1:colcon.colcon_core.package_identification:_identify(build) by extensions ['ignore', 'ignore_ament_install']
[0.269s] Level 1:colcon.colcon_core.package_identification:_identify(build) by extension 'ignore'
[0.269s] Level 1:colcon.colcon_core.package_identification:_identify(build) ignored
[0.269s] Level 1:colcon.colcon_core.package_identification:_identify(install) by extensions ['ignore', 'ignore_ament_install']
[0.269s] Level 1:colcon.colcon_core.package_identification:_identify(install) by extension 'ignore'
[0.269s] Level 1:colcon.colcon_core.package_identification:_identify(install) ignored
[0.269s] Level 1:colcon.colcon_core.package_identification:_identify(log) by extensions ['ignore', 'ignore_ament_install']
[0.269s] Level 1:colcon.colcon_core.package_identification:_identify(log) by extension 'ignore'
[0.269s] Level 1:colcon.colcon_core.package_identification:_identify(log) ignored
[0.269s] Level 1:colcon.colcon_core.package_identification:_identify(src) by extensions ['ignore', 'ignore_ament_install']
[0.269s] Level 1:colcon.colcon_core.package_identification:_identify(src) by extension 'ignore'
[0.269s] Level 1:colcon.colcon_core.package_identification:_identify(src) by extension 'ignore_ament_install'
[0.269s] Level 1:colcon.colcon_core.package_identification:_identify(src) by extensions ['colcon_pkg']
[0.269s] Level 1:colcon.colcon_core.package_identification:_identify(src) by extension 'colcon_pkg'
[0.269s] Level 1:colcon.colcon_core.package_identification:_identify(src) by extensions ['colcon_meta']
[0.269s] Level 1:colcon.colcon_core.package_identification:_identify(src) by extension 'colcon_meta'
[0.269s] Level 1:colcon.colcon_core.package_identification:_identify(src) by extensions ['ros']
[0.269s] Level 1:colcon.colcon_core.package_identification:_identify(src) by extension 'ros'
[0.269s] Level 1:colcon.colcon_core.package_identification:_identify(src) by extensions ['cmake', 'python']
[0.269s] Level 1:colcon.colcon_core.package_identification:_identify(src) by extension 'cmake'
[0.269s] Level 1:colcon.colcon_core.package_identification:_identify(src) by extension 'python'
[0.269s] Level 1:colcon.colcon_core.package_identification:_identify(src) by extensions ['python_setup_py']
[0.269s] Level 1:colcon.colcon_core.package_identification:_identify(src) by extension 'python_setup_py'
[0.270s] Level 1:colcon.colcon_core.package_identification:_identify(src/aws-robomaker-small-warehouse-world) by extensions ['ignore', 'ignore_ament_install']
[0.270s] Level 1:colcon.colcon_core.package_identification:_identify(src/aws-robomaker-small-warehouse-world) by extension 'ignore'
[0.270s] Level 1:colcon.colcon_core.package_identification:_identify(src/aws-robomaker-small-warehouse-world) by extension 'ignore_ament_install'
[0.270s] Level 1:colcon.colcon_core.package_identification:_identify(src/aws-robomaker-small-warehouse-world) by extensions ['colcon_pkg']
[0.270s] Level 1:colcon.colcon_core.package_identification:_identify(src/aws-robomaker-small-warehouse-world) by extension 'colcon_pkg'
[0.270s] Level 1:colcon.colcon_core.package_identification:_identify(src/aws-robomaker-small-warehouse-world) by extensions ['colcon_meta']
[0.270s] Level 1:colcon.colcon_core.package_identification:_identify(src/aws-robomaker-small-warehouse-world) by extension 'colcon_meta'
[0.270s] Level 1:colcon.colcon_core.package_identification:_identify(src/aws-robomaker-small-warehouse-world) by extensions ['ros']
[0.270s] Level 1:colcon.colcon_core.package_identification:_identify(src/aws-robomaker-small-warehouse-world) by extension 'ros'
[0.272s] DEBUG:colcon.colcon_core.package_identification:Package 'src/aws-robomaker-small-warehouse-world' with type 'ros.ament_cmake' and name 'aws_robomaker_small_warehouse_world'
[0.272s] Level 1:colcon.colcon_core.package_identification:_identify(src/turtlebot3_simulations) by extensions ['ignore', 'ignore_ament_install']
[0.272s] Level 1:colcon.colcon_core.package_identification:_identify(src/turtlebot3_simulations) by extension 'ignore'
[0.272s] Level 1:colcon.colcon_core.package_identification:_identify(src/turtlebot3_simulations) by extension 'ignore_ament_install'
[0.272s] Level 1:colcon.colcon_core.package_identification:_identify(src/turtlebot3_simulations) by extensions ['colcon_pkg']
[0.272s] Level 1:colcon.colcon_core.package_identification:_identify(src/turtlebot3_simulations) by extension 'colcon_pkg'
[0.272s] Level 1:colcon.colcon_core.package_identification:_identify(src/turtlebot3_simulations) by extensions ['colcon_meta']
[0.272s] Level 1:colcon.colcon_core.package_identification:_identify(src/turtlebot3_simulations) by extension 'colcon_meta'
[0.272s] Level 1:colcon.colcon_core.package_identification:_identify(src/turtlebot3_simulations) by extensions ['ros']
[0.272s] Level 1:colcon.colcon_core.package_identification:_identify(src/turtlebot3_simulations) by extension 'ros'
[0.272s] Level 1:colcon.colcon_core.package_identification:_identify(src/turtlebot3_simulations) by extensions ['cmake', 'python']
[0.272s] Level 1:colcon.colcon_core.package_identification:_identify(src/turtlebot3_simulations) by extension 'cmake'
[0.272s] Level 1:colcon.colcon_core.package_identification:_identify(src/turtlebot3_simulations) by extension 'python'
[0.272s] Level 1:colcon.colcon_core.package_identification:_identify(src/turtlebot3_simulations) by extensions ['python_setup_py']
[0.272s] Level 1:colcon.colcon_core.package_identification:_identify(src/turtlebot3_simulations) by extension 'python_setup_py'
[0.272s] Level 1:colcon.colcon_core.package_identification:_identify(src/turtlebot3_simulations/turtlebot3_fake_node) by extensions ['ignore', 'ignore_ament_install']
[0.272s] Level 1:colcon.colcon_core.package_identification:_identify(src/turtlebot3_simulations/turtlebot3_fake_node) by extension 'ignore'
[0.273s] Level 1:colcon.colcon_core.package_identification:_identify(src/turtlebot3_simulations/turtlebot3_fake_node) by extension 'ignore_ament_install'
[0.273s] Level 1:colcon.colcon_core.package_identification:_identify(src/turtlebot3_simulations/turtlebot3_fake_node) by extensions ['colcon_pkg']
[0.273s] Level 1:colcon.colcon_core.package_identification:_identify(src/turtlebot3_simulations/turtlebot3_fake_node) by extension 'colcon_pkg'
[0.273s] Level 1:colcon.colcon_core.package_identification:_identify(src/turtlebot3_simulations/turtlebot3_fake_node) by extensions ['colcon_meta']
[0.273s] Level 1:colcon.colcon_core.package_identification:_identify(src/turtlebot3_simulations/turtlebot3_fake_node) by extension 'colcon_meta'
[0.273s] Level 1:colcon.colcon_core.package_identification:_identify(src/turtlebot3_simulations/turtlebot3_fake_node) by extensions ['ros']
[0.273s] Level 1:colcon.colcon_core.package_identification:_identify(src/turtlebot3_simulations/turtlebot3_fake_node) by extension 'ros'
[0.274s] DEBUG:colcon.colcon_core.package_identification:Package 'src/turtlebot3_simulations/turtlebot3_fake_node' with type 'ros.ament_cmake' and name 'turtlebot3_fake_node'
[0.274s] Level 1:colcon.colcon_core.package_identification:_identify(src/turtlebot3_simulations/turtlebot3_gazebo) by extensions ['ignore', 'ignore_ament_install']
[0.274s] Level 1:colcon.colcon_core.package_identification:_identify(src/turtlebot3_simulations/turtlebot3_gazebo) by extension 'ignore'
[0.274s] Level 1:colcon.colcon_core.package_identification:_identify(src/turtlebot3_simulations/turtlebot3_gazebo) by extension 'ignore_ament_install'
[0.274s] Level 1:colcon.colcon_core.package_identification:_identify(src/turtlebot3_simulations/turtlebot3_gazebo) by extensions ['colcon_pkg']
[0.274s] Level 1:colcon.colcon_core.package_identification:_identify(src/turtlebot3_simulations/turtlebot3_gazebo) by extension 'colcon_pkg'
[0.274s] Level 1:colcon.colcon_core.package_identification:_identify(src/turtlebot3_simulations/turtlebot3_gazebo) by extensions ['colcon_meta']
[0.274s] Level 1:colcon.colcon_core.package_identification:_identify(src/turtlebot3_simulations/turtlebot3_gazebo) by extension 'colcon_meta'
[0.274s] Level 1:colcon.colcon_core.package_identification:_identify(src/turtlebot3_simulations/turtlebot3_gazebo) by extensions ['ros']
[0.274s] Level 1:colcon.colcon_core.package_identification:_identify(src/turtlebot3_simulations/turtlebot3_gazebo) by extension 'ros'
[0.275s] DEBUG:colcon.colcon_core.package_identification:Package 'src/turtlebot3_simulations/turtlebot3_gazebo' with type 'ros.ament_cmake' and name 'turtlebot3_gazebo'
[0.275s] Level 1:colcon.colcon_core.package_identification:_identify(src/turtlebot3_simulations/turtlebot3_simulations) by extensions ['ignore', 'ignore_ament_install']
[0.275s] Level 1:colcon.colcon_core.package_identification:_identify(src/turtlebot3_simulations/turtlebot3_simulations) by extension 'ignore'
[0.275s] Level 1:colcon.colcon_core.package_identification:_identify(src/turtlebot3_simulations/turtlebot3_simulations) by extension 'ignore_ament_install'
[0.275s] Level 1:colcon.colcon_core.package_identification:_identify(src/turtlebot3_simulations/turtlebot3_simulations) by extensions ['colcon_pkg']
[0.275s] Level 1:colcon.colcon_core.package_identification:_identify(src/turtlebot3_simulations/turtlebot3_simulations) by extension 'colcon_pkg'
[0.275s] Level 1:colcon.colcon_core.package_identification:_identify(src/turtlebot3_simulations/turtlebot3_simulations) by extensions ['colcon_meta']
[0.275s] Level 1:colcon.colcon_core.package_identification:_identify(src/turtlebot3_simulations/turtlebot3_simulations) by extension 'colcon_meta'
[0.275s] Level 1:colcon.colcon_core.package_identification:_identify(src/turtlebot3_simulations/turtlebot3_simulations) by extensions ['ros']
[0.275s] Level 1:colcon.colcon_core.package_identification:_identify(src/turtlebot3_simulations/turtlebot3_simulations) by extension 'ros'
[0.276s] DEBUG:colcon.colcon_core.package_identification:Package 'src/turtlebot3_simulations/turtlebot3_simulations' with type 'ros.ament_cmake' and name 'turtlebot3_simulations'
[0.276s] Level 1:colcon.colcon_core.package_discovery:discover_packages(recursive) using defaults
[0.276s] Level 1:colcon.colcon_core.package_discovery:discover_packages(ignore) discover
[0.276s] Level 1:colcon.colcon_core.package_discovery:discover_packages(ignore) using defaults
[0.276s] Level 1:colcon.colcon_core.package_discovery:discover_packages(path) discover
[0.276s] Level 1:colcon.colcon_core.package_discovery:discover_packages(path) using defaults
[0.291s] Level 1:colcon.colcon_core.package_discovery:discover_packages(prefix_path) check parameters
[0.291s] Level 1:colcon.colcon_core.package_discovery:discover_packages(prefix_path) discover
[0.294s] DEBUG:colcon.colcon_installed_package_information.package_discovery:Found 4 installed packages in /home/ik/aws_ws/install
[0.295s] DEBUG:colcon.colcon_installed_package_information.package_discovery:Found 314 installed packages in /opt/ros/foxy
[0.296s] Level 1:colcon.colcon_core.package_discovery:discover_packages(prefix_path) using defaults
[0.349s] Level 5:colcon.colcon_core.verb:set package 'aws_robomaker_small_warehouse_world' build argument 'cmake_args' from command line to 'None'
[0.349s] Level 5:colcon.colcon_core.verb:set package 'aws_robomaker_small_warehouse_world' build argument 'cmake_target' from command line to 'None'
[0.349s] Level 5:colcon.colcon_core.verb:set package 'aws_robomaker_small_warehouse_world' build argument 'cmake_target_skip_unavailable' from command line to 'False'
[0.349s] Level 5:colcon.colcon_core.verb:set package 'aws_robomaker_small_warehouse_world' build argument 'cmake_clean_cache' from command line to 'False'
[0.349s] Level 5:colcon.colcon_core.verb:set package 'aws_robomaker_small_warehouse_world' build argument 'cmake_clean_first' from command line to 'False'
[0.349s] Level 5:colcon.colcon_core.verb:set package 'aws_robomaker_small_warehouse_world' build argument 'cmake_force_configure' from command line to 'False'
[0.349s] Level 5:colcon.colcon_core.verb:set package 'aws_robomaker_small_warehouse_world' build argument 'ament_cmake_args' from command line to 'None'
[0.349s] Level 5:colcon.colcon_core.verb:set package 'aws_robomaker_small_warehouse_world' build argument 'catkin_cmake_args' from command line to 'None'
[0.349s] Level 5:colcon.colcon_core.verb:set package 'aws_robomaker_small_warehouse_world' build argument 'catkin_skip_building_tests' from command line to 'False'
[0.349s] DEBUG:colcon.colcon_core.verb:Building package 'aws_robomaker_small_warehouse_world' with the following arguments: {'ament_cmake_args': None, 'build_base': '/home/ik/aws_ws/build/aws_robomaker_small_warehouse_world', 'catkin_cmake_args': None, 'catkin_skip_building_tests': False, 'cmake_args': None, 'cmake_clean_cache': False, 'cmake_clean_first': False, 'cmake_force_configure': False, 'cmake_target': None, 'cmake_target_skip_unavailable': False, 'install_base': '/home/ik/aws_ws/install/aws_robomaker_small_warehouse_world', 'merge_install': False, 'path': '/home/ik/aws_ws/src/aws-robomaker-small-warehouse-world', 'symlink_install': False, 'test_result_base': None}
[0.350s] Level 5:colcon.colcon_core.verb:set package 'turtlebot3_fake_node' build argument 'cmake_args' from command line to 'None'
[0.350s] Level 5:colcon.colcon_core.verb:set package 'turtlebot3_fake_node' build argument 'cmake_target' from command line to 'None'
[0.350s] Level 5:colcon.colcon_core.verb:set package 'turtlebot3_fake_node' build argument 'cmake_target_skip_unavailable' from command line to 'False'
[0.350s] Level 5:colcon.colcon_core.verb:set package 'turtlebot3_fake_node' build argument 'cmake_clean_cache' from command line to 'False'
[0.350s] Level 5:colcon.colcon_core.verb:set package 'turtlebot3_fake_node' build argument 'cmake_clean_first' from command line to 'False'
[0.350s] Level 5:colcon.colcon_core.verb:set package 'turtlebot3_fake_node' build argument 'cmake_force_configure' from command line to 'False'
[0.350s] Level 5:colcon.colcon_core.verb:set package 'turtlebot3_fake_node' build argument 'ament_cmake_args' from command line to 'None'
[0.350s] Level 5:colcon.colcon_core.verb:set package 'turtlebot3_fake_node' build argument 'catkin_cmake_args' from command line to 'None'
[0.350s] Level 5:colcon.colcon_core.verb:set package 'turtlebot3_fake_node' build argument 'catkin_skip_building_tests' from command line to 'False'
[0.350s] DEBUG:colcon.colcon_core.verb:Building package 'turtlebot3_fake_node' with the following arguments: {'ament_cmake_args': None, 'build_base': '/home/ik/aws_ws/build/turtlebot3_fake_node', 'catkin_cmake_args': None, 'catkin_skip_building_tests': False, 'cmake_args': None, 'cmake_clean_cache': False, 'cmake_clean_first': False, 'cmake_force_configure': False, 'cmake_target': None, 'cmake_target_skip_unavailable': False, 'install_base': '/home/ik/aws_ws/install/turtlebot3_fake_node', 'merge_install': False, 'path': '/home/ik/aws_ws/src/turtlebot3_simulations/turtlebot3_fake_node', 'symlink_install': False, 'test_result_base': None}
[0.350s] Level 5:colcon.colcon_core.verb:set package 'turtlebot3_gazebo' build argument 'cmake_args' from command line to 'None'
[0.350s] Level 5:colcon.colcon_core.verb:set package 'turtlebot3_gazebo' build argument 'cmake_target' from command line to 'None'
[0.350s] Level 5:colcon.colcon_core.verb:set package 'turtlebot3_gazebo' build argument 'cmake_target_skip_unavailable' from command line to 'False'
[0.350s] Level 5:colcon.colcon_core.verb:set package 'turtlebot3_gazebo' build argument 'cmake_clean_cache' from command line to 'False'
[0.350s] Level 5:colcon.colcon_core.verb:set package 'turtlebot3_gazebo' build argument 'cmake_clean_first' from command line to 'False'
[0.350s] Level 5:colcon.colcon_core.verb:set package 'turtlebot3_gazebo' build argument 'cmake_force_configure' from command line to 'False'
[0.350s] Level 5:colcon.colcon_core.verb:set package 'turtlebot3_gazebo' build argument 'ament_cmake_args' from command line to 'None'
[0.351s] Level 5:colcon.colcon_core.verb:set package 'turtlebot3_gazebo' build argument 'catkin_cmake_args' from command line to 'None'
[0.351s] Level 5:colcon.colcon_core.verb:set package 'turtlebot3_gazebo' build argument 'catkin_skip_building_tests' from command line to 'False'
[0.351s] DEBUG:colcon.colcon_core.verb:Building package 'turtlebot3_gazebo' with the following arguments: {'ament_cmake_args': None, 'build_base': '/home/ik/aws_ws/build/turtlebot3_gazebo', 'catkin_cmake_args': None, 'catkin_skip_building_tests': False, 'cmake_args': None, 'cmake_clean_cache': False, 'cmake_clean_first': False, 'cmake_force_configure': False, 'cmake_target': None, 'cmake_target_skip_unavailable': False, 'install_base': '/home/ik/aws_ws/install/turtlebot3_gazebo', 'merge_install': False, 'path': '/home/ik/aws_ws/src/turtlebot3_simulations/turtlebot3_gazebo', 'symlink_install': False, 'test_result_base': None}
[0.351s] Level 5:colcon.colcon_core.verb:set package 'turtlebot3_simulations' build argument 'cmake_args' from command line to 'None'
[0.351s] Level 5:colcon.colcon_core.verb:set package 'turtlebot3_simulations' build argument 'cmake_target' from command line to 'None'
[0.351s] Level 5:colcon.colcon_core.verb:set package 'turtlebot3_simulations' build argument 'cmake_target_skip_unavailable' from command line to 'False'
[0.351s] Level 5:colcon.colcon_core.verb:set package 'turtlebot3_simulations' build argument 'cmake_clean_cache' from command line to 'False'
[0.351s] Level 5:colcon.colcon_core.verb:set package 'turtlebot3_simulations' build argument 'cmake_clean_first' from command line to 'False'
[0.351s] Level 5:colcon.colcon_core.verb:set package 'turtlebot3_simulations' build argument 'cmake_force_configure' from command line to 'False'
[0.351s] Level 5:colcon.colcon_core.verb:set package 'turtlebot3_simulations' build argument 'ament_cmake_args' from command line to 'None'
[0.351s] Level 5:colcon.colcon_core.verb:set package 'turtlebot3_simulations' build argument 'catkin_cmake_args' from command line to 'None'
[0.351s] Level 5:colcon.colcon_core.verb:set package 'turtlebot3_simulations' build argument 'catkin_skip_building_tests' from command line to 'False'
[0.351s] DEBUG:colcon.colcon_core.verb:Building package 'turtlebot3_simulations' with the following arguments: {'ament_cmake_args': None, 'build_base': '/home/ik/aws_ws/build/turtlebot3_simulations', 'catkin_cmake_args': None, 'catkin_skip_building_tests': False, 'cmake_args': None, 'cmake_clean_cache': False, 'cmake_clean_first': False, 'cmake_force_configure': False, 'cmake_target': None, 'cmake_target_skip_unavailable': False, 'install_base': '/home/ik/aws_ws/install/turtlebot3_simulations', 'merge_install': False, 'path': '/home/ik/aws_ws/src/turtlebot3_simulations/turtlebot3_simulations', 'symlink_install': False, 'test_result_base': None}
[0.352s] INFO:colcon.colcon_core.executor:Executing jobs using 'parallel' executor
[0.355s] DEBUG:colcon.colcon_parallel_executor.executor.parallel:run_until_complete
[0.355s] INFO:colcon.colcon_ros.task.ament_cmake.build:Building ROS package in '/home/ik/aws_ws/src/turtlebot3_simulations/turtlebot3_fake_node' with build type 'ament_cmake'
[0.355s] INFO:colcon.colcon_cmake.task.cmake.build:Building CMake package in '/home/ik/aws_ws/src/turtlebot3_simulations/turtlebot3_fake_node'
[0.359s] INFO:colcon.colcon_core.plugin_system:Skipping extension 'colcon_core.shell.bat': Not used on non-Windows systems
[0.359s] INFO:colcon.colcon_core.shell:Skip shell extension 'powershell' for command environment: Not usable outside of PowerShell
[0.359s] DEBUG:colcon.colcon_core.shell:Skip shell extension 'dsv' for command environment
[0.365s] INFO:colcon.colcon_ros.task.ament_cmake.build:Building ROS package in '/home/ik/aws_ws/src/turtlebot3_simulations/turtlebot3_gazebo' with build type 'ament_cmake'
[0.366s] INFO:colcon.colcon_cmake.task.cmake.build:Building CMake package in '/home/ik/aws_ws/src/turtlebot3_simulations/turtlebot3_gazebo'
[0.367s] INFO:colcon.colcon_core.shell:Skip shell extension 'powershell' for command environment: Not usable outside of PowerShell
[0.367s] DEBUG:colcon.colcon_core.shell:Skip shell extension 'dsv' for command environment
[0.374s] INFO:colcon.colcon_ros.task.ament_cmake.build:Building ROS package in '/home/ik/aws_ws/src/aws-robomaker-small-warehouse-world' with build type 'ament_cmake'
[0.374s] INFO:colcon.colcon_cmake.task.cmake.build:Building CMake package in '/home/ik/aws_ws/src/aws-robomaker-small-warehouse-world'
[0.376s] INFO:colcon.colcon_core.shell:Skip shell extension 'powershell' for command environment: Not usable outside of PowerShell
[0.376s] DEBUG:colcon.colcon_core.shell:Skip shell extension 'dsv' for command environment
[0.392s] DEBUG:colcon.colcon_core.event_handler.log_command:Invoking command in '/home/ik/aws_ws/build/turtlebot3_fake_node': CMAKE_PREFIX_PATH=${CMAKE_PREFIX_PATH}:/opt/ros/foxy /usr/bin/cmake --build /home/ik/aws_ws/build/turtlebot3_fake_node -- -j8 -l8
[0.401s] DEBUG:colcon.colcon_core.event_handler.log_command:Invoking command in '/home/ik/aws_ws/build/turtlebot3_gazebo': CMAKE_PREFIX_PATH=${CMAKE_PREFIX_PATH}:/opt/ros/foxy /usr/bin/cmake --build /home/ik/aws_ws/build/turtlebot3_gazebo -- -j8 -l8
[0.412s] DEBUG:colcon.colcon_core.event_handler.log_command:Invoking command in '/home/ik/aws_ws/build/aws_robomaker_small_warehouse_world': CMAKE_PREFIX_PATH=${CMAKE_PREFIX_PATH}:/opt/ros/foxy /usr/bin/cmake --build /home/ik/aws_ws/build/aws_robomaker_small_warehouse_world -- -j8 -l8
[0.458s] DEBUG:colcon.colcon_core.event_handler.log_command:Invoked command in '/home/ik/aws_ws/build/aws_robomaker_small_warehouse_world' returned '0': CMAKE_PREFIX_PATH=${CMAKE_PREFIX_PATH}:/opt/ros/foxy /usr/bin/cmake --build /home/ik/aws_ws/build/aws_robomaker_small_warehouse_world -- -j8 -l8
[0.473s] DEBUG:colcon.colcon_core.event_handler.log_command:Invoked command in '/home/ik/aws_ws/build/turtlebot3_fake_node' returned '0': CMAKE_PREFIX_PATH=${CMAKE_PREFIX_PATH}:/opt/ros/foxy /usr/bin/cmake --build /home/ik/aws_ws/build/turtlebot3_fake_node -- -j8 -l8
[0.504s] DEBUG:colcon.colcon_core.event_handler.log_command:Invoking command in '/home/ik/aws_ws/build/aws_robomaker_small_warehouse_world': CMAKE_PREFIX_PATH=${CMAKE_PREFIX_PATH}:/opt/ros/foxy /usr/bin/cmake --install /home/ik/aws_ws/build/aws_robomaker_small_warehouse_world
[0.510s] DEBUG:colcon.colcon_core.event_handler.log_command:Invoking command in '/home/ik/aws_ws/build/turtlebot3_fake_node': CMAKE_PREFIX_PATH=${CMAKE_PREFIX_PATH}:/opt/ros/foxy /usr/bin/cmake --install /home/ik/aws_ws/build/turtlebot3_fake_node
[0.512s] DEBUG:colcon.colcon_core.event_handler.log_command:Invoked command in '/home/ik/aws_ws/build/turtlebot3_gazebo' returned '0': CMAKE_PREFIX_PATH=${CMAKE_PREFIX_PATH}:/opt/ros/foxy /usr/bin/cmake --build /home/ik/aws_ws/build/turtlebot3_gazebo -- -j8 -l8
[0.522s] Level 1:colcon.colcon_core.environment:create_environment_scripts_only(aws_robomaker_small_warehouse_world)
[0.539s] Level 1:colcon.colcon_core.environment:checking '/home/ik/aws_ws/install/aws_robomaker_small_warehouse_world' for CMake module files
[0.542s] Level 1:colcon.colcon_core.environment:checking '/home/ik/aws_ws/install/aws_robomaker_small_warehouse_world' for CMake config files
[0.550s] DEBUG:colcon.colcon_core.event_handler.log_command:Invoked command in '/home/ik/aws_ws/build/aws_robomaker_small_warehouse_world' returned '0': CMAKE_PREFIX_PATH=${CMAKE_PREFIX_PATH}:/opt/ros/foxy /usr/bin/cmake --install /home/ik/aws_ws/build/aws_robomaker_small_warehouse_world
[0.553s] Level 1:colcon.colcon_core.shell:create_environment_hook('aws_robomaker_small_warehouse_world', 'cmake_prefix_path')
[0.556s] INFO:colcon.colcon_core.shell:Creating environment hook '/home/ik/aws_ws/install/aws_robomaker_small_warehouse_world/share/aws_robomaker_small_warehouse_world/hook/cmake_prefix_path.ps1'
[0.557s] INFO:colcon.colcon_core.shell:Creating environment descriptor '/home/ik/aws_ws/install/aws_robomaker_small_warehouse_world/share/aws_robomaker_small_warehouse_world/hook/cmake_prefix_path.dsv'
[0.558s] INFO:colcon.colcon_core.shell:Creating environment hook '/home/ik/aws_ws/install/aws_robomaker_small_warehouse_world/share/aws_robomaker_small_warehouse_world/hook/cmake_prefix_path.sh'
[0.559s] Level 1:colcon.colcon_core.environment:checking '/home/ik/aws_ws/install/aws_robomaker_small_warehouse_world/bin'
[0.559s] Level 1:colcon.colcon_core.environment:checking '/home/ik/aws_ws/install/aws_robomaker_small_warehouse_world/lib/pkgconfig/aws_robomaker_small_warehouse_world.pc'
[0.560s] Level 1:colcon.colcon_core.environment:checking '/home/ik/aws_ws/install/aws_robomaker_small_warehouse_world/lib/python3.8/site-packages'
[0.560s] Level 1:colcon.colcon_core.environment:checking '/home/ik/aws_ws/install/aws_robomaker_small_warehouse_world/bin'
[0.562s] INFO:colcon.colcon_core.shell:Creating package script '/home/ik/aws_ws/install/aws_robomaker_small_warehouse_world/share/aws_robomaker_small_warehouse_world/package.ps1'
[0.564s] INFO:colcon.colcon_core.shell:Creating package descriptor '/home/ik/aws_ws/install/aws_robomaker_small_warehouse_world/share/aws_robomaker_small_warehouse_world/package.dsv'
[0.564s] INFO:colcon.colcon_core.shell:Creating package script '/home/ik/aws_ws/install/aws_robomaker_small_warehouse_world/share/aws_robomaker_small_warehouse_world/package.sh'
[0.565s] INFO:colcon.colcon_core.shell:Creating package script '/home/ik/aws_ws/install/aws_robomaker_small_warehouse_world/share/aws_robomaker_small_warehouse_world/package.bash'
[0.565s] INFO:colcon.colcon_core.shell:Creating package script '/home/ik/aws_ws/install/aws_robomaker_small_warehouse_world/share/aws_robomaker_small_warehouse_world/package.zsh'
[0.566s] Level 1:colcon.colcon_core.environment:create_file_with_runtime_dependencies(/home/ik/aws_ws/install/aws_robomaker_small_warehouse_world/share/colcon-core/packages/aws_robomaker_small_warehouse_world)
[0.574s] DEBUG:colcon.colcon_core.event_handler.log_command:Invoking command in '/home/ik/aws_ws/build/turtlebot3_gazebo': CMAKE_PREFIX_PATH=${CMAKE_PREFIX_PATH}:/opt/ros/foxy /usr/bin/cmake --install /home/ik/aws_ws/build/turtlebot3_gazebo
[0.577s] Level 1:colcon.colcon_core.environment:create_environment_scripts_only(turtlebot3_fake_node)
[0.582s] Level 1:colcon.colcon_core.environment:checking '/home/ik/aws_ws/install/turtlebot3_fake_node' for CMake module files
[0.583s] DEBUG:colcon.colcon_core.event_handler.log_command:Invoked command in '/home/ik/aws_ws/build/turtlebot3_fake_node' returned '0': CMAKE_PREFIX_PATH=${CMAKE_PREFIX_PATH}:/opt/ros/foxy /usr/bin/cmake --install /home/ik/aws_ws/build/turtlebot3_fake_node
[0.584s] Level 1:colcon.colcon_core.environment:checking '/home/ik/aws_ws/install/turtlebot3_fake_node' for CMake config files
[0.584s] Level 1:colcon.colcon_core.shell:create_environment_hook('turtlebot3_fake_node', 'cmake_prefix_path')
[0.585s] INFO:colcon.colcon_core.shell:Creating environment hook '/home/ik/aws_ws/install/turtlebot3_fake_node/share/turtlebot3_fake_node/hook/cmake_prefix_path.ps1'
[0.586s] INFO:colcon.colcon_core.shell:Creating environment descriptor '/home/ik/aws_ws/install/turtlebot3_fake_node/share/turtlebot3_fake_node/hook/cmake_prefix_path.dsv'
[0.586s] INFO:colcon.colcon_core.shell:Creating environment hook '/home/ik/aws_ws/install/turtlebot3_fake_node/share/turtlebot3_fake_node/hook/cmake_prefix_path.sh'
[0.587s] Level 1:colcon.colcon_core.environment:checking '/home/ik/aws_ws/install/turtlebot3_fake_node/lib'
[0.587s] Level 1:colcon.colcon_core.environment:checking '/home/ik/aws_ws/install/turtlebot3_fake_node/bin'
[0.587s] Level 1:colcon.colcon_core.environment:checking '/home/ik/aws_ws/install/turtlebot3_fake_node/lib/pkgconfig/turtlebot3_fake_node.pc'
[0.587s] Level 1:colcon.colcon_core.environment:checking '/home/ik/aws_ws/install/turtlebot3_fake_node/lib/python3.8/site-packages'
[0.587s] Level 1:colcon.colcon_core.environment:checking '/home/ik/aws_ws/install/turtlebot3_fake_node/bin'
[0.588s] INFO:colcon.colcon_core.shell:Creating package script '/home/ik/aws_ws/install/turtlebot3_fake_node/share/turtlebot3_fake_node/package.ps1'
[0.589s] INFO:colcon.colcon_core.shell:Creating package descriptor '/home/ik/aws_ws/install/turtlebot3_fake_node/share/turtlebot3_fake_node/package.dsv'
[0.593s] INFO:colcon.colcon_core.shell:Creating package script '/home/ik/aws_ws/install/turtlebot3_fake_node/share/turtlebot3_fake_node/package.sh'
[0.596s] INFO:colcon.colcon_core.shell:Creating package script '/home/ik/aws_ws/install/turtlebot3_fake_node/share/turtlebot3_fake_node/package.bash'
[0.600s] INFO:colcon.colcon_core.shell:Creating package script '/home/ik/aws_ws/install/turtlebot3_fake_node/share/turtlebot3_fake_node/package.zsh'
[0.602s] Level 1:colcon.colcon_core.environment:create_file_with_runtime_dependencies(/home/ik/aws_ws/install/turtlebot3_fake_node/share/colcon-core/packages/turtlebot3_fake_node)
[0.612s] Level 1:colcon.colcon_core.environment:create_environment_scripts_only(turtlebot3_gazebo)
[0.616s] Level 1:colcon.colcon_core.environment:checking '/home/ik/aws_ws/install/turtlebot3_gazebo' for CMake module files
[0.621s] Level 1:colcon.colcon_core.environment:checking '/home/ik/aws_ws/install/turtlebot3_gazebo' for CMake config files
[0.633s] DEBUG:colcon.colcon_core.event_handler.log_command:Invoked command in '/home/ik/aws_ws/build/turtlebot3_gazebo' returned '0': CMAKE_PREFIX_PATH=${CMAKE_PREFIX_PATH}:/opt/ros/foxy /usr/bin/cmake --install /home/ik/aws_ws/build/turtlebot3_gazebo
[0.635s] Level 1:colcon.colcon_core.shell:create_environment_hook('turtlebot3_gazebo', 'cmake_prefix_path')
[0.636s] INFO:colcon.colcon_core.shell:Creating environment hook '/home/ik/aws_ws/install/turtlebot3_gazebo/share/turtlebot3_gazebo/hook/cmake_prefix_path.ps1'
[0.636s] INFO:colcon.colcon_core.shell:Creating environment descriptor '/home/ik/aws_ws/install/turtlebot3_gazebo/share/turtlebot3_gazebo/hook/cmake_prefix_path.dsv'
[0.637s] INFO:colcon.colcon_core.shell:Creating environment hook '/home/ik/aws_ws/install/turtlebot3_gazebo/share/turtlebot3_gazebo/hook/cmake_prefix_path.sh'
[0.637s] Level 1:colcon.colcon_core.environment:checking '/home/ik/aws_ws/install/turtlebot3_gazebo/lib'
[0.637s] Level 1:colcon.colcon_core.environment:checking '/home/ik/aws_ws/install/turtlebot3_gazebo/bin'
[0.637s] Level 1:colcon.colcon_core.environment:checking '/home/ik/aws_ws/install/turtlebot3_gazebo/lib/pkgconfig/turtlebot3_gazebo.pc'
[0.637s] Level 1:colcon.colcon_core.environment:checking '/home/ik/aws_ws/install/turtlebot3_gazebo/lib/python3.8/site-packages'
[0.637s] Level 1:colcon.colcon_core.environment:checking '/home/ik/aws_ws/install/turtlebot3_gazebo/bin'
[0.638s] INFO:colcon.colcon_core.shell:Creating package script '/home/ik/aws_ws/install/turtlebot3_gazebo/share/turtlebot3_gazebo/package.ps1'
[0.639s] INFO:colcon.colcon_core.shell:Creating package descriptor '/home/ik/aws_ws/install/turtlebot3_gazebo/share/turtlebot3_gazebo/package.dsv'
[0.639s] INFO:colcon.colcon_core.shell:Creating package script '/home/ik/aws_ws/install/turtlebot3_gazebo/share/turtlebot3_gazebo/package.sh'
[0.639s] INFO:colcon.colcon_core.shell:Creating package script '/home/ik/aws_ws/install/turtlebot3_gazebo/share/turtlebot3_gazebo/package.bash'
[0.640s] INFO:colcon.colcon_core.shell:Creating package script '/home/ik/aws_ws/install/turtlebot3_gazebo/share/turtlebot3_gazebo/package.zsh'
[0.640s] Level 1:colcon.colcon_core.environment:create_file_with_runtime_dependencies(/home/ik/aws_ws/install/turtlebot3_gazebo/share/colcon-core/packages/turtlebot3_gazebo)
[0.647s] Level 1:colcon.colcon_core.environment:create_environment_scripts_only(aws_robomaker_small_warehouse_world)
[0.649s] Level 1:colcon.colcon_core.environment:checking '/home/ik/aws_ws/install/aws_robomaker_small_warehouse_world' for CMake module files
[0.649s] Level 1:colcon.colcon_core.environment:checking '/home/ik/aws_ws/install/aws_robomaker_small_warehouse_world' for CMake config files
[0.650s] Level 1:colcon.colcon_core.shell:create_environment_hook('aws_robomaker_small_warehouse_world', 'cmake_prefix_path')
[0.651s] INFO:colcon.colcon_core.shell:Creating environment hook '/home/ik/aws_ws/install/aws_robomaker_small_warehouse_world/share/aws_robomaker_small_warehouse_world/hook/cmake_prefix_path.ps1'
[0.652s] INFO:colcon.colcon_core.shell:Creating environment descriptor '/home/ik/aws_ws/install/aws_robomaker_small_warehouse_world/share/aws_robomaker_small_warehouse_world/hook/cmake_prefix_path.dsv'
[0.652s] INFO:colcon.colcon_core.shell:Creating environment hook '/home/ik/aws_ws/install/aws_robomaker_small_warehouse_world/share/aws_robomaker_small_warehouse_world/hook/cmake_prefix_path.sh'
[0.652s] Level 1:colcon.colcon_core.environment:checking '/home/ik/aws_ws/install/aws_robomaker_small_warehouse_world/bin'
[0.652s] Level 1:colcon.colcon_core.environment:checking '/home/ik/aws_ws/install/aws_robomaker_small_warehouse_world/lib/pkgconfig/aws_robomaker_small_warehouse_world.pc'
[0.652s] Level 1:colcon.colcon_core.environment:checking '/home/ik/aws_ws/install/aws_robomaker_small_warehouse_world/lib/python3.8/site-packages'
[0.653s] Level 1:colcon.colcon_core.environment:checking '/home/ik/aws_ws/install/aws_robomaker_small_warehouse_world/bin'
[0.654s] INFO:colcon.colcon_core.shell:Creating package script '/home/ik/aws_ws/install/aws_robomaker_small_warehouse_world/share/aws_robomaker_small_warehouse_world/package.ps1'
[0.654s] INFO:colcon.colcon_core.shell:Creating package descriptor '/home/ik/aws_ws/install/aws_robomaker_small_warehouse_world/share/aws_robomaker_small_warehouse_world/package.dsv'
[0.654s] INFO:colcon.colcon_core.shell:Creating package script '/home/ik/aws_ws/install/aws_robomaker_small_warehouse_world/share/aws_robomaker_small_warehouse_world/package.sh'
[0.655s] INFO:colcon.colcon_core.shell:Creating package script '/home/ik/aws_ws/install/aws_robomaker_small_warehouse_world/share/aws_robomaker_small_warehouse_world/package.bash'
[0.655s] INFO:colcon.colcon_core.shell:Creating package script '/home/ik/aws_ws/install/aws_robomaker_small_warehouse_world/share/aws_robomaker_small_warehouse_world/package.zsh'
[0.655s] Level 1:colcon.colcon_core.environment:create_file_with_runtime_dependencies(/home/ik/aws_ws/install/aws_robomaker_small_warehouse_world/share/colcon-core/packages/aws_robomaker_small_warehouse_world)
[0.657s] Level 1:colcon.colcon_core.environment:create_environment_scripts_only(turtlebot3_fake_node)
[0.659s] Level 1:colcon.colcon_core.environment:checking '/home/ik/aws_ws/install/turtlebot3_fake_node' for CMake module files
[0.660s] Level 1:colcon.colcon_core.environment:checking '/home/ik/aws_ws/install/turtlebot3_fake_node' for CMake config files
[0.660s] Level 1:colcon.colcon_core.shell:create_environment_hook('turtlebot3_fake_node', 'cmake_prefix_path')
[0.661s] INFO:colcon.colcon_core.shell:Creating environment hook '/home/ik/aws_ws/install/turtlebot3_fake_node/share/turtlebot3_fake_node/hook/cmake_prefix_path.ps1'
[0.661s] INFO:colcon.colcon_core.shell:Creating environment descriptor '/home/ik/aws_ws/install/turtlebot3_fake_node/share/turtlebot3_fake_node/hook/cmake_prefix_path.dsv'
[0.661s] INFO:colcon.colcon_core.shell:Creating environment hook '/home/ik/aws_ws/install/turtlebot3_fake_node/share/turtlebot3_fake_node/hook/cmake_prefix_path.sh'
[0.662s] Level 1:colcon.colcon_core.environment:checking '/home/ik/aws_ws/install/turtlebot3_fake_node/lib'
[0.662s] Level 1:colcon.colcon_core.environment:checking '/home/ik/aws_ws/install/turtlebot3_fake_node/bin'
[0.662s] Level 1:colcon.colcon_core.environment:checking '/home/ik/aws_ws/install/turtlebot3_fake_node/lib/pkgconfig/turtlebot3_fake_node.pc'
[0.662s] Level 1:colcon.colcon_core.environment:checking '/home/ik/aws_ws/install/turtlebot3_fake_node/lib/python3.8/site-packages'
[0.662s] Level 1:colcon.colcon_core.environment:checking '/home/ik/aws_ws/install/turtlebot3_fake_node/bin'
[0.663s] INFO:colcon.colcon_core.shell:Creating package script '/home/ik/aws_ws/install/turtlebot3_fake_node/share/turtlebot3_fake_node/package.ps1'
[0.664s] INFO:colcon.colcon_core.shell:Creating package descriptor '/home/ik/aws_ws/install/turtlebot3_fake_node/share/turtlebot3_fake_node/package.dsv'
[0.664s] INFO:colcon.colcon_core.shell:Creating package script '/home/ik/aws_ws/install/turtlebot3_fake_node/share/turtlebot3_fake_node/package.sh'
[0.664s] INFO:colcon.colcon_core.shell:Creating package script '/home/ik/aws_ws/install/turtlebot3_fake_node/share/turtlebot3_fake_node/package.bash'
[0.665s] INFO:colcon.colcon_core.shell:Creating package script '/home/ik/aws_ws/install/turtlebot3_fake_node/share/turtlebot3_fake_node/package.zsh'
[0.665s] Level 1:colcon.colcon_core.environment:create_file_with_runtime_dependencies(/home/ik/aws_ws/install/turtlebot3_fake_node/share/colcon-core/packages/turtlebot3_fake_node)
[0.686s] Level 1:colcon.colcon_core.environment:create_environment_scripts_only(turtlebot3_gazebo)
[0.687s] Level 1:colcon.colcon_core.environment:checking '/home/ik/aws_ws/install/turtlebot3_gazebo' for CMake module files
[0.687s] Level 1:colcon.colcon_core.environment:checking '/home/ik/aws_ws/install/turtlebot3_gazebo' for CMake config files
[0.690s] Level 1:colcon.colcon_core.shell:create_environment_hook('turtlebot3_gazebo', 'cmake_prefix_path')
[0.692s] INFO:colcon.colcon_core.shell:Creating environment hook '/home/ik/aws_ws/install/turtlebot3_gazebo/share/turtlebot3_gazebo/hook/cmake_prefix_path.ps1'
[0.693s] INFO:colcon.colcon_core.shell:Creating environment descriptor '/home/ik/aws_ws/install/turtlebot3_gazebo/share/turtlebot3_gazebo/hook/cmake_prefix_path.dsv'
[0.693s] INFO:colcon.colcon_core.shell:Creating environment hook '/home/ik/aws_ws/install/turtlebot3_gazebo/share/turtlebot3_gazebo/hook/cmake_prefix_path.sh'
[0.694s] Level 1:colcon.colcon_core.environment:checking '/home/ik/aws_ws/install/turtlebot3_gazebo/lib'
[0.694s] Level 1:colcon.colcon_core.environment:checking '/home/ik/aws_ws/install/turtlebot3_gazebo/bin'
[0.694s] Level 1:colcon.colcon_core.environment:checking '/home/ik/aws_ws/install/turtlebot3_gazebo/lib/pkgconfig/turtlebot3_gazebo.pc'
[0.694s] Level 1:colcon.colcon_core.environment:checking '/home/ik/aws_ws/install/turtlebot3_gazebo/lib/python3.8/site-packages'
[0.695s] Level 1:colcon.colcon_core.environment:checking '/home/ik/aws_ws/install/turtlebot3_gazebo/bin'
[0.697s] INFO:colcon.colcon_core.shell:Creating package script '/home/ik/aws_ws/install/turtlebot3_gazebo/share/turtlebot3_gazebo/package.ps1'
[0.697s] INFO:colcon.colcon_core.shell:Creating package descriptor '/home/ik/aws_ws/install/turtlebot3_gazebo/share/turtlebot3_gazebo/package.dsv'
[0.698s] INFO:colcon.colcon_core.shell:Creating package script '/home/ik/aws_ws/install/turtlebot3_gazebo/share/turtlebot3_gazebo/package.sh'
[0.698s] INFO:colcon.colcon_core.shell:Creating package script '/home/ik/aws_ws/install/turtlebot3_gazebo/share/turtlebot3_gazebo/package.bash'
[0.698s] INFO:colcon.colcon_core.shell:Creating package script '/home/ik/aws_ws/install/turtlebot3_gazebo/share/turtlebot3_gazebo/package.zsh'
[0.699s] Level 1:colcon.colcon_core.environment:create_file_with_runtime_dependencies(/home/ik/aws_ws/install/turtlebot3_gazebo/share/colcon-core/packages/turtlebot3_gazebo)
[0.699s] INFO:colcon.colcon_ros.task.ament_cmake.build:Building ROS package in '/home/ik/aws_ws/src/turtlebot3_simulations/turtlebot3_simulations' with build type 'ament_cmake'
[0.699s] INFO:colcon.colcon_cmake.task.cmake.build:Building CMake package in '/home/ik/aws_ws/src/turtlebot3_simulations/turtlebot3_simulations'
[0.700s] INFO:colcon.colcon_core.shell:Skip shell extension 'powershell' for command environment: Not usable outside of PowerShell
[0.700s] DEBUG:colcon.colcon_core.shell:Skip shell extension 'dsv' for command environment
[0.717s] DEBUG:colcon.colcon_core.event_handler.log_command:Invoking command in '/home/ik/aws_ws/build/turtlebot3_simulations': CMAKE_PREFIX_PATH=/home/ik/aws_ws/install/turtlebot3_gazebo:/home/ik/aws_ws/install/turtlebot3_fake_node:/home/ik/aws_ws/install/turtlebot3_simulations:/home/ik/aws_ws/install/aws_robomaker_small_warehouse_world:/opt/ros/foxy /usr/bin/cmake --build /home/ik/aws_ws/build/turtlebot3_simulations -- -j8 -l8
[0.763s] DEBUG:colcon.colcon_core.event_handler.log_command:Invoked command in '/home/ik/aws_ws/build/turtlebot3_simulations' returned '0': CMAKE_PREFIX_PATH=/home/ik/aws_ws/install/turtlebot3_gazebo:/home/ik/aws_ws/install/turtlebot3_fake_node:/home/ik/aws_ws/install/turtlebot3_simulations:/home/ik/aws_ws/install/aws_robomaker_small_warehouse_world:/opt/ros/foxy /usr/bin/cmake --build /home/ik/aws_ws/build/turtlebot3_simulations -- -j8 -l8
[0.805s] DEBUG:colcon.colcon_core.event_handler.log_command:Invoking command in '/home/ik/aws_ws/build/turtlebot3_simulations': CMAKE_PREFIX_PATH=/home/ik/aws_ws/install/turtlebot3_gazebo:/home/ik/aws_ws/install/turtlebot3_fake_node:/home/ik/aws_ws/install/turtlebot3_simulations:/home/ik/aws_ws/install/aws_robomaker_small_warehouse_world:/opt/ros/foxy /usr/bin/cmake --install /home/ik/aws_ws/build/turtlebot3_simulations
[0.822s] Level 1:colcon.colcon_core.environment:create_environment_scripts_only(turtlebot3_simulations)
[0.827s] Level 1:colcon.colcon_core.environment:checking '/home/ik/aws_ws/install/turtlebot3_simulations' for CMake module files
[0.828s] DEBUG:colcon.colcon_core.event_handler.log_command:Invoked command in '/home/ik/aws_ws/build/turtlebot3_simulations' returned '0': CMAKE_PREFIX_PATH=/home/ik/aws_ws/install/turtlebot3_gazebo:/home/ik/aws_ws/install/turtlebot3_fake_node:/home/ik/aws_ws/install/turtlebot3_simulations:/home/ik/aws_ws/install/aws_robomaker_small_warehouse_world:/opt/ros/foxy /usr/bin/cmake --install /home/ik/aws_ws/build/turtlebot3_simulations
[0.829s] Level 1:colcon.colcon_core.environment:checking '/home/ik/aws_ws/install/turtlebot3_simulations' for CMake config files
[0.829s] Level 1:colcon.colcon_core.shell:create_environment_hook('turtlebot3_simulations', 'cmake_prefix_path')
[0.832s] INFO:colcon.colcon_core.shell:Creating environment hook '/home/ik/aws_ws/install/turtlebot3_simulations/share/turtlebot3_simulations/hook/cmake_prefix_path.ps1'
[0.833s] INFO:colcon.colcon_core.shell:Creating environment descriptor '/home/ik/aws_ws/install/turtlebot3_simulations/share/turtlebot3_simulations/hook/cmake_prefix_path.dsv'
[0.833s] INFO:colcon.colcon_core.shell:Creating environment hook '/home/ik/aws_ws/install/turtlebot3_simulations/share/turtlebot3_simulations/hook/cmake_prefix_path.sh'
[0.833s] Level 1:colcon.colcon_core.environment:checking '/home/ik/aws_ws/install/turtlebot3_simulations/bin'
[0.833s] Level 1:colcon.colcon_core.environment:checking '/home/ik/aws_ws/install/turtlebot3_simulations/lib/pkgconfig/turtlebot3_simulations.pc'
[0.834s] Level 1:colcon.colcon_core.environment:checking '/home/ik/aws_ws/install/turtlebot3_simulations/lib/python3.8/site-packages'
[0.834s] Level 1:colcon.colcon_core.environment:checking '/home/ik/aws_ws/install/turtlebot3_simulations/bin'
[0.835s] INFO:colcon.colcon_core.shell:Creating package script '/home/ik/aws_ws/install/turtlebot3_simulations/share/turtlebot3_simulations/package.ps1'
[0.835s] INFO:colcon.colcon_core.shell:Creating package descriptor '/home/ik/aws_ws/install/turtlebot3_simulations/share/turtlebot3_simulations/package.dsv'
[0.835s] INFO:colcon.colcon_core.shell:Creating package script '/home/ik/aws_ws/install/turtlebot3_simulations/share/turtlebot3_simulations/package.sh'
[0.836s] INFO:colcon.colcon_core.shell:Creating package script '/home/ik/aws_ws/install/turtlebot3_simulations/share/turtlebot3_simulations/package.bash'
[0.836s] INFO:colcon.colcon_core.shell:Creating package script '/home/ik/aws_ws/install/turtlebot3_simulations/share/turtlebot3_simulations/package.zsh'
[0.836s] Level 1:colcon.colcon_core.environment:create_file_with_runtime_dependencies(/home/ik/aws_ws/install/turtlebot3_simulations/share/colcon-core/packages/turtlebot3_simulations)
[0.869s] Level 1:colcon.colcon_core.environment:create_environment_scripts_only(turtlebot3_simulations)
[0.873s] Level 1:colcon.colcon_core.environment:checking '/home/ik/aws_ws/install/turtlebot3_simulations' for CMake module files
[0.874s] Level 1:colcon.colcon_core.environment:checking '/home/ik/aws_ws/install/turtlebot3_simulations' for CMake config files
[0.874s] Level 1:colcon.colcon_core.shell:create_environment_hook('turtlebot3_simulations', 'cmake_prefix_path')
[0.876s] INFO:colcon.colcon_core.shell:Creating environment hook '/home/ik/aws_ws/install/turtlebot3_simulations/share/turtlebot3_simulations/hook/cmake_prefix_path.ps1'
[0.877s] INFO:colcon.colcon_core.shell:Creating environment descriptor '/home/ik/aws_ws/install/turtlebot3_simulations/share/turtlebot3_simulations/hook/cmake_prefix_path.dsv'
[0.878s] INFO:colcon.colcon_core.shell:Creating environment hook '/home/ik/aws_ws/install/turtlebot3_simulations/share/turtlebot3_simulations/hook/cmake_prefix_path.sh'
[0.878s] Level 1:colcon.colcon_core.environment:checking '/home/ik/aws_ws/install/turtlebot3_simulations/bin'
[0.879s] Level 1:colcon.colcon_core.environment:checking '/home/ik/aws_ws/install/turtlebot3_simulations/lib/pkgconfig/turtlebot3_simulations.pc'
[0.879s] Level 1:colcon.colcon_core.environment:checking '/home/ik/aws_ws/install/turtlebot3_simulations/lib/python3.8/site-packages'
[0.879s] Level 1:colcon.colcon_core.environment:checking '/home/ik/aws_ws/install/turtlebot3_simulations/bin'
[0.882s] INFO:colcon.colcon_core.shell:Creating package script '/home/ik/aws_ws/install/turtlebot3_simulations/share/turtlebot3_simulations/package.ps1'
[0.882s] INFO:colcon.colcon_core.shell:Creating package descriptor '/home/ik/aws_ws/install/turtlebot3_simulations/share/turtlebot3_simulations/package.dsv'
[0.882s] INFO:colcon.colcon_core.shell:Creating package script '/home/ik/aws_ws/install/turtlebot3_simulations/share/turtlebot3_simulations/package.sh'
[0.883s] INFO:colcon.colcon_core.shell:Creating package script '/home/ik/aws_ws/install/turtlebot3_simulations/share/turtlebot3_simulations/package.bash'
[0.883s] INFO:colcon.colcon_core.shell:Creating package script '/home/ik/aws_ws/install/turtlebot3_simulations/share/turtlebot3_simulations/package.zsh'
[0.883s] Level 1:colcon.colcon_core.environment:create_file_with_runtime_dependencies(/home/ik/aws_ws/install/turtlebot3_simulations/share/colcon-core/packages/turtlebot3_simulations)
[0.883s] DEBUG:colcon.colcon_parallel_executor.executor.parallel:closing loop
[0.884s] DEBUG:colcon.colcon_parallel_executor.executor.parallel:loop closed
[0.884s] DEBUG:colcon.colcon_parallel_executor.executor.parallel:run_until_complete finished with '0'
[0.884s] DEBUG:colcon.colcon_core.event_reactor:joining thread
[0.893s] INFO:colcon.colcon_core.plugin_system:Skipping extension 'colcon_notification.desktop_notification.terminal_notifier': Not used on non-Darwin systems
[0.893s] INFO:colcon.colcon_core.plugin_system:Skipping extension 'colcon_notification.desktop_notification.win32': Not used on non-Windows systems
[0.893s] INFO:colcon.colcon_notification.desktop_notification:Sending desktop notification using 'notify2'
[0.916s] DEBUG:colcon.colcon_core.event_reactor:joined thread
[0.919s] INFO:colcon.colcon_core.shell:Creating prefix script '/home/ik/aws_ws/install/local_setup.ps1'
[0.921s] INFO:colcon.colcon_core.shell:Creating prefix util module '/home/ik/aws_ws/install/_local_setup_util_ps1.py'
[0.924s] INFO:colcon.colcon_core.shell:Creating prefix chain script '/home/ik/aws_ws/install/setup.ps1'
[0.926s] INFO:colcon.colcon_core.shell:Creating prefix script '/home/ik/aws_ws/install/local_setup.sh'
[0.926s] INFO:colcon.colcon_core.shell:Creating prefix util module '/home/ik/aws_ws/install/_local_setup_util_sh.py'
[0.926s] INFO:colcon.colcon_core.shell:Creating prefix chain script '/home/ik/aws_ws/install/setup.sh'
[0.928s] INFO:colcon.colcon_core.shell:Creating prefix script '/home/ik/aws_ws/install/local_setup.bash'
[0.928s] INFO:colcon.colcon_core.shell:Creating prefix chain script '/home/ik/aws_ws/install/setup.bash'
[0.929s] INFO:colcon.colcon_core.shell:Creating prefix script '/home/ik/aws_ws/install/local_setup.zsh'
[0.929s] INFO:colcon.colcon_core.shell:Creating prefix chain script '/home/ik/aws_ws/install/setup.zsh'
