[0.078s] Invoking command in '/home/ik/aws_ws/build/nav2_recoveries': AMENT_PREFIX_PATH=/home/ik/aws_ws/install/nav2_core:/home/ik/aws_ws/install/nav2_costmap_2d:/home/ik/aws_ws/install/nav2_behavior_tree:/home/ik/aws_ws/install/nav2_util:/home/ik/aws_ws/install/nav2_voxel_grid:/home/ik/aws_ws/install/nav2_msgs:/home/ik/aws_ws/install/nav2_common:${AMENT_PREFIX_PATH} CMAKE_PREFIX_PATH=/home/ik/aws_ws/install/nav2_core:/home/ik/aws_ws/install/nav2_costmap_2d:/home/ik/aws_ws/install/nav2_behavior_tree:/home/ik/aws_ws/install/nav2_util:/home/ik/aws_ws/install/nav2_voxel_grid:/home/ik/aws_ws/install/nav2_msgs:/home/ik/aws_ws/install/nav2_common:/home/ik/aws_ws/install/turtlebot3_simulations:/home/ik/aws_ws/install/turtlebot3_gazebo:/home/ik/aws_ws/install/turtlebot3_fake_node:/home/ik/aws_ws/install/slam_toolbox:/home/ik/aws_ws/install/aws_robomaker_small_warehouse_world:/opt/ros/foxy LD_LIBRARY_PATH=/home/ik/aws_ws/install/nav2_costmap_2d/lib:/home/ik/aws_ws/install/nav2_behavior_tree/lib:/home/ik/aws_ws/install/nav2_util/lib:/home/ik/aws_ws/install/nav2_voxel_grid/lib:/home/ik/aws_ws/install/nav2_msgs/lib:/home/ik/aws_ws/install/slam_toolbox/lib:/usr/lib/x86_64-linux-gnu/gazebo-11/plugins:/opt/ros/foxy/opt/yaml_cpp_vendor/lib:/opt/ros/foxy/opt/rviz_ogre_vendor/lib:/opt/ros/foxy/lib/x86_64-linux-gnu:/opt/ros/foxy/lib:/usr/share/gazebo/../../lib/x86_64-linux-gnu/gazebo-11/plugins PYTHONPATH=/home/ik/aws_ws/install/nav2_msgs/lib/python3.8/site-packages:/home/ik/aws_ws/install/nav2_common/lib/python3.8/site-packages:${PYTHONPATH} /usr/bin/cmake /home/ik/aws_ws/src/navigation2/nav2_recoveries -DAMENT_CMAKE_SYMLINK_INSTALL=1 -DCMAKE_INSTALL_PREFIX=/home/ik/aws_ws/install/nav2_recoveries
[0.164s] -- The C compiler identification is GNU 9.4.0
[0.236s] -- The CXX compiler identification is GNU 9.4.0
[0.244s] -- Check for working C compiler: /usr/bin/cc
[0.376s] -- Check for working C compiler: /usr/bin/cc -- works
[0.377s] -- Detecting C compiler ABI info
[0.493s] -- Detecting C compiler ABI info - done
[0.509s] -- Detecting C compile features
[0.510s] -- Detecting C compile features - done
[0.514s] -- Check for working CXX compiler: /usr/bin/c++
[0.632s] -- Check for working CXX compiler: /usr/bin/c++ -- works
[0.633s] -- Detecting CXX compiler ABI info
[0.754s] -- Detecting CXX compiler ABI info - done
[0.772s] -- Detecting CXX compile features
[0.773s] -- Detecting CXX compile features - done
[0.777s] -- Found ament_cmake: 0.9.11 (/opt/ros/foxy/share/ament_cmake/cmake)
[0.813s] -- Found PythonInterp: /usr/bin/python3 (found suitable version "3.8.10", minimum required is "3") 
[0.815s] -- Using PYTHON_EXECUTABLE: /usr/bin/python3
[1.108s] -- Override CMake install command with custom implementation using symlinks instead of copying resources
[1.169s] -- Found nav2_common: 0.4.7 (/home/ik/aws_ws/install/nav2_common/share/nav2_common/cmake)
[1.177s] -- Found rclcpp: 2.4.2 (/opt/ros/foxy/share/rclcpp/cmake)
[1.269s] -- Using all available rosidl_typesupport_c: rosidl_typesupport_fastrtps_c;rosidl_typesupport_introspection_c
[1.282s] -- Found rosidl_adapter: 1.3.0 (/opt/ros/foxy/share/rosidl_adapter/cmake)
[1.494s] -- Found OpenSSL: /usr/lib/x86_64-linux-gnu/libcrypto.so (found version "1.1.1f")  
[1.554s] -- Found FastRTPS: /opt/ros/foxy/include  
[1.710s] -- Using all available rosidl_typesupport_cpp: rosidl_typesupport_fastrtps_cpp;rosidl_typesupport_introspection_cpp
[1.806s] -- Found rmw_implementation_cmake: 1.0.4 (/opt/ros/foxy/share/rmw_implementation_cmake/cmake)
[1.809s] -- Using RMW implementation 'rmw_fastrtps_cpp' as default
[1.811s] -- Looking for pthread.h
[2.068s] -- Looking for pthread.h - found
[2.068s] -- Performing Test CMAKE_HAVE_LIBC_PTHREAD
[2.229s] -- Performing Test CMAKE_HAVE_LIBC_PTHREAD - Failed
[2.229s] -- Looking for pthread_create in pthreads
[2.337s] -- Looking for pthread_create in pthreads - not found
[2.338s] -- Looking for pthread_create in pthread
[2.471s] -- Looking for pthread_create in pthread - found
[2.475s] -- Found Threads: TRUE  
[2.718s] -- Found rclcpp_action: 2.4.2 (/opt/ros/foxy/share/rclcpp_action/cmake)
[2.840s] -- Found rclcpp_lifecycle: 2.4.2 (/opt/ros/foxy/share/rclcpp_lifecycle/cmake)
[2.888s] -- Found nav2_behavior_tree: 0.4.7 (/home/ik/aws_ws/install/nav2_behavior_tree/share/nav2_behavior_tree/cmake)
[4.096s] -- Found eigen3_cmake_module: 0.1.1 (/opt/ros/foxy/share/eigen3_cmake_module/cmake)
[4.101s] -- Found Eigen3: TRUE (found version "3.3.7") 
[4.672s] -- Found nav2_costmap_2d: 0.4.7 (/home/ik/aws_ws/install/nav2_costmap_2d/share/nav2_costmap_2d/cmake)
[5.617s] -- Found nav2_core: 0.4.7 (/home/ik/aws_ws/install/nav2_core/share/nav2_core/cmake)
[6.316s] -- Setting build type to Release as none was specified.
[34.591s] -- Found ament_lint_auto: 0.9.8 (/opt/ros/foxy/share/ament_lint_auto/cmake)
[34.720s] -- Found gtest sources under '/opt/ros/foxy/src/gtest_vendor': C++ tests using 'Google Test' will be built
[34.724s] -- Check if compiler accepts -pthread
[34.852s] -- Check if compiler accepts -pthread - yes
[39.151s] -- Added test 'copyright' to check source files copyright and LICENSE
[39.153s] -- Added test 'cppcheck' to perform static code analysis on C / C++ code
[39.154s] -- Configured cppcheck include dirs: /home/ik/aws_ws/src/navigation2/nav2_recoveries/include
[39.154s] -- Configured cppcheck exclude dirs and/or files: 
[39.156s] -- Added test 'cpplint' to check C / C++ code against the Google style
[39.156s] -- Configured cpplint exclude dirs and/or files: 
[39.157s] -- Added test 'lint_cmake' to check CMake code style
[39.159s] -- Added test 'uncrustify' to check C / C++ code style
[39.159s] -- Configured uncrustify additional arguments: 
[39.160s] -- Added test 'xmllint' to check XML markup files
[39.169s] -- Configuring done
[39.492s] -- Generating done
[39.504s] -- Build files have been written to: /home/ik/aws_ws/build/nav2_recoveries
[39.524s] Invoked command in '/home/ik/aws_ws/build/nav2_recoveries' returned '0': AMENT_PREFIX_PATH=/home/ik/aws_ws/install/nav2_core:/home/ik/aws_ws/install/nav2_costmap_2d:/home/ik/aws_ws/install/nav2_behavior_tree:/home/ik/aws_ws/install/nav2_util:/home/ik/aws_ws/install/nav2_voxel_grid:/home/ik/aws_ws/install/nav2_msgs:/home/ik/aws_ws/install/nav2_common:${AMENT_PREFIX_PATH} CMAKE_PREFIX_PATH=/home/ik/aws_ws/install/nav2_core:/home/ik/aws_ws/install/nav2_costmap_2d:/home/ik/aws_ws/install/nav2_behavior_tree:/home/ik/aws_ws/install/nav2_util:/home/ik/aws_ws/install/nav2_voxel_grid:/home/ik/aws_ws/install/nav2_msgs:/home/ik/aws_ws/install/nav2_common:/home/ik/aws_ws/install/turtlebot3_simulations:/home/ik/aws_ws/install/turtlebot3_gazebo:/home/ik/aws_ws/install/turtlebot3_fake_node:/home/ik/aws_ws/install/slam_toolbox:/home/ik/aws_ws/install/aws_robomaker_small_warehouse_world:/opt/ros/foxy LD_LIBRARY_PATH=/home/ik/aws_ws/install/nav2_costmap_2d/lib:/home/ik/aws_ws/install/nav2_behavior_tree/lib:/home/ik/aws_ws/install/nav2_util/lib:/home/ik/aws_ws/install/nav2_voxel_grid/lib:/home/ik/aws_ws/install/nav2_msgs/lib:/home/ik/aws_ws/install/slam_toolbox/lib:/usr/lib/x86_64-linux-gnu/gazebo-11/plugins:/opt/ros/foxy/opt/yaml_cpp_vendor/lib:/opt/ros/foxy/opt/rviz_ogre_vendor/lib:/opt/ros/foxy/lib/x86_64-linux-gnu:/opt/ros/foxy/lib:/usr/share/gazebo/../../lib/x86_64-linux-gnu/gazebo-11/plugins PYTHONPATH=/home/ik/aws_ws/install/nav2_msgs/lib/python3.8/site-packages:/home/ik/aws_ws/install/nav2_common/lib/python3.8/site-packages:${PYTHONPATH} /usr/bin/cmake /home/ik/aws_ws/src/navigation2/nav2_recoveries -DAMENT_CMAKE_SYMLINK_INSTALL=1 -DCMAKE_INSTALL_PREFIX=/home/ik/aws_ws/install/nav2_recoveries
[39.531s] Invoking command in '/home/ik/aws_ws/build/nav2_recoveries': AMENT_PREFIX_PATH=/home/ik/aws_ws/install/nav2_core:/home/ik/aws_ws/install/nav2_costmap_2d:/home/ik/aws_ws/install/nav2_behavior_tree:/home/ik/aws_ws/install/nav2_util:/home/ik/aws_ws/install/nav2_voxel_grid:/home/ik/aws_ws/install/nav2_msgs:/home/ik/aws_ws/install/nav2_common:${AMENT_PREFIX_PATH} CMAKE_PREFIX_PATH=/home/ik/aws_ws/install/nav2_core:/home/ik/aws_ws/install/nav2_costmap_2d:/home/ik/aws_ws/install/nav2_behavior_tree:/home/ik/aws_ws/install/nav2_util:/home/ik/aws_ws/install/nav2_voxel_grid:/home/ik/aws_ws/install/nav2_msgs:/home/ik/aws_ws/install/nav2_common:/home/ik/aws_ws/install/turtlebot3_simulations:/home/ik/aws_ws/install/turtlebot3_gazebo:/home/ik/aws_ws/install/turtlebot3_fake_node:/home/ik/aws_ws/install/slam_toolbox:/home/ik/aws_ws/install/aws_robomaker_small_warehouse_world:/opt/ros/foxy LD_LIBRARY_PATH=/home/ik/aws_ws/install/nav2_costmap_2d/lib:/home/ik/aws_ws/install/nav2_behavior_tree/lib:/home/ik/aws_ws/install/nav2_util/lib:/home/ik/aws_ws/install/nav2_voxel_grid/lib:/home/ik/aws_ws/install/nav2_msgs/lib:/home/ik/aws_ws/install/slam_toolbox/lib:/usr/lib/x86_64-linux-gnu/gazebo-11/plugins:/opt/ros/foxy/opt/yaml_cpp_vendor/lib:/opt/ros/foxy/opt/rviz_ogre_vendor/lib:/opt/ros/foxy/lib/x86_64-linux-gnu:/opt/ros/foxy/lib:/usr/share/gazebo/../../lib/x86_64-linux-gnu/gazebo-11/plugins PYTHONPATH=/home/ik/aws_ws/install/nav2_msgs/lib/python3.8/site-packages:/home/ik/aws_ws/install/nav2_common/lib/python3.8/site-packages:${PYTHONPATH} /usr/bin/cmake --build /home/ik/aws_ws/build/nav2_recoveries -- -j8 -l8
[39.598s] [35m[1mScanning dependencies of target recoveries_server_core[0m
[39.675s] [  6%] [32mBuilding CXX object CMakeFiles/recoveries_server_core.dir/src/recovery_server.cpp.o[0m
[50.042s] [ 12%] [32m[1mLinking CXX static library librecoveries_server_core.a[0m
[50.096s] [ 12%] Built target recoveries_server_core
[50.114s] [35m[1mScanning dependencies of target gtest_main[0m
[50.133s] [ 18%] [32mBuilding CXX object gtest/CMakeFiles/gtest_main.dir/src/gtest_main.cc.o[0m
[51.057s] [ 25%] [32m[1mLinking CXX static library libgtest_main.a[0m
[51.113s] [ 25%] Built target gtest_main
[51.130s] [35m[1mScanning dependencies of target recoveries_server[0m
[51.202s] [ 31%] [32mBuilding CXX object CMakeFiles/recoveries_server.dir/src/main.cpp.o[0m
[55.196s] [ 37%] [32m[1mLinking CXX executable recoveries_server[0m
[55.963s] [ 37%] Built target recoveries_server
[55.978s] [35m[1mScanning dependencies of target gtest[0m
[56.007s] [ 43%] [32mBuilding CXX object gtest/CMakeFiles/gtest.dir/src/gtest-all.cc.o[0m
[56.025s] [35m[1mScanning dependencies of target nav2_spin_recovery[0m
[56.191s] [ 50%] [32mBuilding CXX object CMakeFiles/nav2_spin_recovery.dir/plugins/spin.cpp.o[0m
[66.028s] [ 56%] [32m[1mLinking CXX static library libgtest.a[0m
[66.082s] [ 56%] Built target gtest
[66.388s] [ 62%] [32m[1mLinking CXX shared library libnav2_spin_recovery.so[0m
[66.728s] [ 62%] Built target nav2_spin_recovery
[66.746s] [35m[1mScanning dependencies of target test_recoveries[0m
[66.834s] [ 68%] [32mBuilding CXX object test/CMakeFiles/test_recoveries.dir/test_recoveries.cpp.o[0m
[81.862s] [ 75%] [32m[1mLinking CXX executable test_recoveries[0m
[82.347s] [ 75%] Built target test_recoveries
[82.364s] [35m[1mScanning dependencies of target nav2_wait_recovery[0m
[82.365s] [35m[1mScanning dependencies of target nav2_backup_recovery[0m
[82.460s] [ 81%] [32mBuilding CXX object CMakeFiles/nav2_backup_recovery.dir/plugins/back_up.cpp.o[0m
[82.460s] [ 87%] [32mBuilding CXX object CMakeFiles/nav2_wait_recovery.dir/plugins/wait.cpp.o[0m
[90.988s] [ 93%] [32m[1mLinking CXX shared library libnav2_wait_recovery.so[0m
[91.257s] [100%] [32m[1mLinking CXX shared library libnav2_backup_recovery.so[0m
[91.274s] [100%] Built target nav2_wait_recovery
[91.560s] [100%] Built target nav2_backup_recovery
[91.575s] Invoked command in '/home/ik/aws_ws/build/nav2_recoveries' returned '0': AMENT_PREFIX_PATH=/home/ik/aws_ws/install/nav2_core:/home/ik/aws_ws/install/nav2_costmap_2d:/home/ik/aws_ws/install/nav2_behavior_tree:/home/ik/aws_ws/install/nav2_util:/home/ik/aws_ws/install/nav2_voxel_grid:/home/ik/aws_ws/install/nav2_msgs:/home/ik/aws_ws/install/nav2_common:${AMENT_PREFIX_PATH} CMAKE_PREFIX_PATH=/home/ik/aws_ws/install/nav2_core:/home/ik/aws_ws/install/nav2_costmap_2d:/home/ik/aws_ws/install/nav2_behavior_tree:/home/ik/aws_ws/install/nav2_util:/home/ik/aws_ws/install/nav2_voxel_grid:/home/ik/aws_ws/install/nav2_msgs:/home/ik/aws_ws/install/nav2_common:/home/ik/aws_ws/install/turtlebot3_simulations:/home/ik/aws_ws/install/turtlebot3_gazebo:/home/ik/aws_ws/install/turtlebot3_fake_node:/home/ik/aws_ws/install/slam_toolbox:/home/ik/aws_ws/install/aws_robomaker_small_warehouse_world:/opt/ros/foxy LD_LIBRARY_PATH=/home/ik/aws_ws/install/nav2_costmap_2d/lib:/home/ik/aws_ws/install/nav2_behavior_tree/lib:/home/ik/aws_ws/install/nav2_util/lib:/home/ik/aws_ws/install/nav2_voxel_grid/lib:/home/ik/aws_ws/install/nav2_msgs/lib:/home/ik/aws_ws/install/slam_toolbox/lib:/usr/lib/x86_64-linux-gnu/gazebo-11/plugins:/opt/ros/foxy/opt/yaml_cpp_vendor/lib:/opt/ros/foxy/opt/rviz_ogre_vendor/lib:/opt/ros/foxy/lib/x86_64-linux-gnu:/opt/ros/foxy/lib:/usr/share/gazebo/../../lib/x86_64-linux-gnu/gazebo-11/plugins PYTHONPATH=/home/ik/aws_ws/install/nav2_msgs/lib/python3.8/site-packages:/home/ik/aws_ws/install/nav2_common/lib/python3.8/site-packages:${PYTHONPATH} /usr/bin/cmake --build /home/ik/aws_ws/build/nav2_recoveries -- -j8 -l8
[91.638s] Invoking command in '/home/ik/aws_ws/build/nav2_recoveries': AMENT_PREFIX_PATH=/home/ik/aws_ws/install/nav2_core:/home/ik/aws_ws/install/nav2_costmap_2d:/home/ik/aws_ws/install/nav2_behavior_tree:/home/ik/aws_ws/install/nav2_util:/home/ik/aws_ws/install/nav2_voxel_grid:/home/ik/aws_ws/install/nav2_msgs:/home/ik/aws_ws/install/nav2_common:${AMENT_PREFIX_PATH} CMAKE_PREFIX_PATH=/home/ik/aws_ws/install/nav2_core:/home/ik/aws_ws/install/nav2_costmap_2d:/home/ik/aws_ws/install/nav2_behavior_tree:/home/ik/aws_ws/install/nav2_util:/home/ik/aws_ws/install/nav2_voxel_grid:/home/ik/aws_ws/install/nav2_msgs:/home/ik/aws_ws/install/nav2_common:/home/ik/aws_ws/install/turtlebot3_simulations:/home/ik/aws_ws/install/turtlebot3_gazebo:/home/ik/aws_ws/install/turtlebot3_fake_node:/home/ik/aws_ws/install/slam_toolbox:/home/ik/aws_ws/install/aws_robomaker_small_warehouse_world:/opt/ros/foxy LD_LIBRARY_PATH=/home/ik/aws_ws/install/nav2_costmap_2d/lib:/home/ik/aws_ws/install/nav2_behavior_tree/lib:/home/ik/aws_ws/install/nav2_util/lib:/home/ik/aws_ws/install/nav2_voxel_grid/lib:/home/ik/aws_ws/install/nav2_msgs/lib:/home/ik/aws_ws/install/slam_toolbox/lib:/usr/lib/x86_64-linux-gnu/gazebo-11/plugins:/opt/ros/foxy/opt/yaml_cpp_vendor/lib:/opt/ros/foxy/opt/rviz_ogre_vendor/lib:/opt/ros/foxy/lib/x86_64-linux-gnu:/opt/ros/foxy/lib:/usr/share/gazebo/../../lib/x86_64-linux-gnu/gazebo-11/plugins PYTHONPATH=/home/ik/aws_ws/install/nav2_msgs/lib/python3.8/site-packages:/home/ik/aws_ws/install/nav2_common/lib/python3.8/site-packages:${PYTHONPATH} /usr/bin/cmake --install /home/ik/aws_ws/build/nav2_recoveries
[91.654s] -- Install configuration: "Release"
[91.655s] -- Execute custom install script
[91.656s] -- Symlinking: /home/ik/aws_ws/install/nav2_recoveries/share/nav2_recoveries//recovery_plugin.xml
[91.671s] -- Symlinking: /home/ik/aws_ws/install/nav2_recoveries/lib/librecoveries_server_core.a
[91.689s] -- Symlinking: /home/ik/aws_ws/install/nav2_recoveries/lib/libnav2_backup_recovery.so
[91.705s] -- Symlinking: /home/ik/aws_ws/install/nav2_recoveries/lib/libnav2_spin_recovery.so
[91.722s] -- Symlinking: /home/ik/aws_ws/install/nav2_recoveries/lib/libnav2_wait_recovery.so
[91.733s] -- Symlinking: /home/ik/aws_ws/install/nav2_recoveries/lib/nav2_recoveries/recoveries_server
[91.745s] -- Symlinking: /home/ik/aws_ws/install/nav2_recoveries/include//nav2_recoveries/recovery.hpp
[91.757s] -- Symlinking: /home/ik/aws_ws/install/nav2_recoveries/include//nav2_recoveries/recovery_server.hpp
[91.769s] -- Up-to-date symlink: /home/ik/aws_ws/install/nav2_recoveries/share/nav2_recoveries/recovery_plugin.xml
[91.769s] -- Symlinking: /home/ik/aws_ws/install/nav2_recoveries/share/nav2_recoveries/environment/library_path.sh
[91.780s] -- Symlinking: /home/ik/aws_ws/install/nav2_recoveries/share/nav2_recoveries/environment/library_path.dsv
[91.792s] -- Symlinking: /home/ik/aws_ws/install/nav2_recoveries/share/ament_index/resource_index/package_run_dependencies/nav2_recoveries
[91.804s] -- Symlinking: /home/ik/aws_ws/install/nav2_recoveries/share/ament_index/resource_index/parent_prefix_path/nav2_recoveries
[91.820s] -- Symlinking: /home/ik/aws_ws/install/nav2_recoveries/share/nav2_recoveries/environment/ament_prefix_path.sh
[91.838s] -- Symlinking: /home/ik/aws_ws/install/nav2_recoveries/share/nav2_recoveries/environment/ament_prefix_path.dsv
[91.849s] -- Symlinking: /home/ik/aws_ws/install/nav2_recoveries/share/nav2_recoveries/environment/path.sh
[91.860s] -- Symlinking: /home/ik/aws_ws/install/nav2_recoveries/share/nav2_recoveries/environment/path.dsv
[91.872s] -- Symlinking: /home/ik/aws_ws/install/nav2_recoveries/share/nav2_recoveries/local_setup.bash
[91.884s] -- Symlinking: /home/ik/aws_ws/install/nav2_recoveries/share/nav2_recoveries/local_setup.sh
[91.895s] -- Symlinking: /home/ik/aws_ws/install/nav2_recoveries/share/nav2_recoveries/local_setup.zsh
[91.906s] -- Symlinking: /home/ik/aws_ws/install/nav2_recoveries/share/nav2_recoveries/local_setup.dsv
[91.917s] -- Symlinking: /home/ik/aws_ws/install/nav2_recoveries/share/nav2_recoveries/package.dsv
[91.929s] -- Symlinking: /home/ik/aws_ws/install/nav2_recoveries/share/ament_index/resource_index/packages/nav2_recoveries
[91.941s] -- Symlinking: /home/ik/aws_ws/install/nav2_recoveries/share/ament_index/resource_index/nav2_core__pluginlib__plugin/nav2_recoveries
[91.952s] -- Symlinking: /home/ik/aws_ws/install/nav2_recoveries/share/nav2_recoveries/cmake/ament_cmake_export_include_directories-extras.cmake
[91.964s] -- Symlinking: /home/ik/aws_ws/install/nav2_recoveries/share/nav2_recoveries/cmake/ament_cmake_export_libraries-extras.cmake
[91.978s] -- Symlinking: /home/ik/aws_ws/install/nav2_recoveries/share/nav2_recoveries/cmake/ament_cmake_export_definitions-extras.cmake
[91.989s] -- Symlinking: /home/ik/aws_ws/install/nav2_recoveries/share/nav2_recoveries/cmake/nav2_recoveriesConfig.cmake
[92.000s] -- Symlinking: /home/ik/aws_ws/install/nav2_recoveries/share/nav2_recoveries/cmake/nav2_recoveriesConfig-version.cmake
[92.011s] -- Symlinking: /home/ik/aws_ws/install/nav2_recoveries/share/nav2_recoveries/package.xml
[92.031s] Invoked command in '/home/ik/aws_ws/build/nav2_recoveries' returned '0': AMENT_PREFIX_PATH=/home/ik/aws_ws/install/nav2_core:/home/ik/aws_ws/install/nav2_costmap_2d:/home/ik/aws_ws/install/nav2_behavior_tree:/home/ik/aws_ws/install/nav2_util:/home/ik/aws_ws/install/nav2_voxel_grid:/home/ik/aws_ws/install/nav2_msgs:/home/ik/aws_ws/install/nav2_common:${AMENT_PREFIX_PATH} CMAKE_PREFIX_PATH=/home/ik/aws_ws/install/nav2_core:/home/ik/aws_ws/install/nav2_costmap_2d:/home/ik/aws_ws/install/nav2_behavior_tree:/home/ik/aws_ws/install/nav2_util:/home/ik/aws_ws/install/nav2_voxel_grid:/home/ik/aws_ws/install/nav2_msgs:/home/ik/aws_ws/install/nav2_common:/home/ik/aws_ws/install/turtlebot3_simulations:/home/ik/aws_ws/install/turtlebot3_gazebo:/home/ik/aws_ws/install/turtlebot3_fake_node:/home/ik/aws_ws/install/slam_toolbox:/home/ik/aws_ws/install/aws_robomaker_small_warehouse_world:/opt/ros/foxy LD_LIBRARY_PATH=/home/ik/aws_ws/install/nav2_costmap_2d/lib:/home/ik/aws_ws/install/nav2_behavior_tree/lib:/home/ik/aws_ws/install/nav2_util/lib:/home/ik/aws_ws/install/nav2_voxel_grid/lib:/home/ik/aws_ws/install/nav2_msgs/lib:/home/ik/aws_ws/install/slam_toolbox/lib:/usr/lib/x86_64-linux-gnu/gazebo-11/plugins:/opt/ros/foxy/opt/yaml_cpp_vendor/lib:/opt/ros/foxy/opt/rviz_ogre_vendor/lib:/opt/ros/foxy/lib/x86_64-linux-gnu:/opt/ros/foxy/lib:/usr/share/gazebo/../../lib/x86_64-linux-gnu/gazebo-11/plugins PYTHONPATH=/home/ik/aws_ws/install/nav2_msgs/lib/python3.8/site-packages:/home/ik/aws_ws/install/nav2_common/lib/python3.8/site-packages:${PYTHONPATH} /usr/bin/cmake --install /home/ik/aws_ws/build/nav2_recoveries
