[0.109s] Invoking command in '/home/ik/aws_ws/build/dwb_plugins': AMENT_PREFIX_PATH=/home/ik/aws_ws/install/dwb_core:/home/ik/aws_ws/install/nav2_core:/home/ik/aws_ws/install/nav2_costmap_2d:/home/ik/aws_ws/install/nav_2d_utils:/home/ik/aws_ws/install/nav2_util:/home/ik/aws_ws/install/nav2_voxel_grid:/home/ik/aws_ws/install/nav2_msgs:/home/ik/aws_ws/install/dwb_msgs:/home/ik/aws_ws/install/nav_2d_msgs:/home/ik/aws_ws/install/nav2_common:${AMENT_PREFIX_PATH} CMAKE_PREFIX_PATH=/home/ik/aws_ws/install/dwb_core:/home/ik/aws_ws/install/nav2_core:/home/ik/aws_ws/install/nav2_costmap_2d:/home/ik/aws_ws/install/nav_2d_utils:/home/ik/aws_ws/install/nav2_util:/home/ik/aws_ws/install/nav2_voxel_grid:/home/ik/aws_ws/install/nav2_msgs:/home/ik/aws_ws/install/dwb_msgs:/home/ik/aws_ws/install/nav_2d_msgs:/home/ik/aws_ws/install/nav2_common:/opt/ros/foxy LD_LIBRARY_PATH=/home/ik/aws_ws/install/dwb_core/lib:/home/ik/aws_ws/install/nav2_costmap_2d/lib:/home/ik/aws_ws/install/nav_2d_utils/lib:/home/ik/aws_ws/install/nav2_util/lib:/home/ik/aws_ws/install/nav2_voxel_grid/lib:/home/ik/aws_ws/install/nav2_msgs/lib:/home/ik/aws_ws/install/dwb_msgs/lib:/home/ik/aws_ws/install/nav_2d_msgs/lib:${LD_LIBRARY_PATH} PYTHONPATH=/home/ik/aws_ws/install/nav2_msgs/lib/python3.8/site-packages:/home/ik/aws_ws/install/dwb_msgs/lib/python3.8/site-packages:/home/ik/aws_ws/install/nav_2d_msgs/lib/python3.8/site-packages:/home/ik/aws_ws/install/nav2_common/lib/python3.8/site-packages:${PYTHONPATH} /usr/bin/cmake --build /home/ik/aws_ws/build/dwb_plugins -- -j8 -l8
[0.178s] [ 15%] Built target gtest
[0.181s] [ 30%] Built target gtest_main
[0.201s] [ 69%] Built target standard_traj_generator
[0.216s] [ 84%] Built target vtest
[0.244s] [100%] Built target twist_gen_test
[0.276s] Invoked command in '/home/ik/aws_ws/build/dwb_plugins' returned '0': AMENT_PREFIX_PATH=/home/ik/aws_ws/install/dwb_core:/home/ik/aws_ws/install/nav2_core:/home/ik/aws_ws/install/nav2_costmap_2d:/home/ik/aws_ws/install/nav_2d_utils:/home/ik/aws_ws/install/nav2_util:/home/ik/aws_ws/install/nav2_voxel_grid:/home/ik/aws_ws/install/nav2_msgs:/home/ik/aws_ws/install/dwb_msgs:/home/ik/aws_ws/install/nav_2d_msgs:/home/ik/aws_ws/install/nav2_common:${AMENT_PREFIX_PATH} CMAKE_PREFIX_PATH=/home/ik/aws_ws/install/dwb_core:/home/ik/aws_ws/install/nav2_core:/home/ik/aws_ws/install/nav2_costmap_2d:/home/ik/aws_ws/install/nav_2d_utils:/home/ik/aws_ws/install/nav2_util:/home/ik/aws_ws/install/nav2_voxel_grid:/home/ik/aws_ws/install/nav2_msgs:/home/ik/aws_ws/install/dwb_msgs:/home/ik/aws_ws/install/nav_2d_msgs:/home/ik/aws_ws/install/nav2_common:/opt/ros/foxy LD_LIBRARY_PATH=/home/ik/aws_ws/install/dwb_core/lib:/home/ik/aws_ws/install/nav2_costmap_2d/lib:/home/ik/aws_ws/install/nav_2d_utils/lib:/home/ik/aws_ws/install/nav2_util/lib:/home/ik/aws_ws/install/nav2_voxel_grid/lib:/home/ik/aws_ws/install/nav2_msgs/lib:/home/ik/aws_ws/install/dwb_msgs/lib:/home/ik/aws_ws/install/nav_2d_msgs/lib:${LD_LIBRARY_PATH} PYTHONPATH=/home/ik/aws_ws/install/nav2_msgs/lib/python3.8/site-packages:/home/ik/aws_ws/install/dwb_msgs/lib/python3.8/site-packages:/home/ik/aws_ws/install/nav_2d_msgs/lib/python3.8/site-packages:/home/ik/aws_ws/install/nav2_common/lib/python3.8/site-packages:${PYTHONPATH} /usr/bin/cmake --build /home/ik/aws_ws/build/dwb_plugins -- -j8 -l8
[0.322s] Invoking command in '/home/ik/aws_ws/build/dwb_plugins': AMENT_PREFIX_PATH=/home/ik/aws_ws/install/dwb_core:/home/ik/aws_ws/install/nav2_core:/home/ik/aws_ws/install/nav2_costmap_2d:/home/ik/aws_ws/install/nav_2d_utils:/home/ik/aws_ws/install/nav2_util:/home/ik/aws_ws/install/nav2_voxel_grid:/home/ik/aws_ws/install/nav2_msgs:/home/ik/aws_ws/install/dwb_msgs:/home/ik/aws_ws/install/nav_2d_msgs:/home/ik/aws_ws/install/nav2_common:${AMENT_PREFIX_PATH} CMAKE_PREFIX_PATH=/home/ik/aws_ws/install/dwb_core:/home/ik/aws_ws/install/nav2_core:/home/ik/aws_ws/install/nav2_costmap_2d:/home/ik/aws_ws/install/nav_2d_utils:/home/ik/aws_ws/install/nav2_util:/home/ik/aws_ws/install/nav2_voxel_grid:/home/ik/aws_ws/install/nav2_msgs:/home/ik/aws_ws/install/dwb_msgs:/home/ik/aws_ws/install/nav_2d_msgs:/home/ik/aws_ws/install/nav2_common:/opt/ros/foxy LD_LIBRARY_PATH=/home/ik/aws_ws/install/dwb_core/lib:/home/ik/aws_ws/install/nav2_costmap_2d/lib:/home/ik/aws_ws/install/nav_2d_utils/lib:/home/ik/aws_ws/install/nav2_util/lib:/home/ik/aws_ws/install/nav2_voxel_grid/lib:/home/ik/aws_ws/install/nav2_msgs/lib:/home/ik/aws_ws/install/dwb_msgs/lib:/home/ik/aws_ws/install/nav_2d_msgs/lib:${LD_LIBRARY_PATH} PYTHONPATH=/home/ik/aws_ws/install/nav2_msgs/lib/python3.8/site-packages:/home/ik/aws_ws/install/dwb_msgs/lib/python3.8/site-packages:/home/ik/aws_ws/install/nav_2d_msgs/lib/python3.8/site-packages:/home/ik/aws_ws/install/nav2_common/lib/python3.8/site-packages:${PYTHONPATH} /usr/bin/cmake --install /home/ik/aws_ws/build/dwb_plugins
[0.334s] -- Install configuration: "Release"
[0.334s] -- Execute custom install script
[0.335s] -- Up-to-date symlink: /home/ik/aws_ws/install/dwb_plugins/lib/libstandard_traj_generator.so
[0.335s] -- Up-to-date symlink: /home/ik/aws_ws/install/dwb_plugins/include//dwb_plugins/kinematic_parameters.hpp
[0.335s] -- Up-to-date symlink: /home/ik/aws_ws/install/dwb_plugins/include//dwb_plugins/limited_accel_generator.hpp
[0.335s] -- Up-to-date symlink: /home/ik/aws_ws/install/dwb_plugins/include//dwb_plugins/one_d_velocity_iterator.hpp
[0.335s] -- Up-to-date symlink: /home/ik/aws_ws/install/dwb_plugins/include//dwb_plugins/standard_traj_generator.hpp
[0.336s] -- Up-to-date symlink: /home/ik/aws_ws/install/dwb_plugins/include//dwb_plugins/velocity_iterator.hpp
[0.336s] -- Up-to-date symlink: /home/ik/aws_ws/install/dwb_plugins/include//dwb_plugins/xy_theta_iterator.hpp
[0.336s] -- Up-to-date symlink: /home/ik/aws_ws/install/dwb_plugins/share/dwb_plugins/plugins.xml
[0.336s] -- Up-to-date symlink: /home/ik/aws_ws/install/dwb_plugins/share/dwb_plugins/environment/library_path.sh
[0.337s] -- Up-to-date symlink: /home/ik/aws_ws/install/dwb_plugins/share/dwb_plugins/environment/library_path.dsv
[0.337s] -- Up-to-date symlink: /home/ik/aws_ws/install/dwb_plugins/share/dwb_plugins//plugins.xml
[0.337s] -- Up-to-date symlink: /home/ik/aws_ws/install/dwb_plugins/share/ament_index/resource_index/package_run_dependencies/dwb_plugins
[0.340s] -- Up-to-date symlink: /home/ik/aws_ws/install/dwb_plugins/share/ament_index/resource_index/parent_prefix_path/dwb_plugins
[0.340s] -- Up-to-date symlink: /home/ik/aws_ws/install/dwb_plugins/share/dwb_plugins/environment/ament_prefix_path.sh
[0.340s] -- Up-to-date symlink: /home/ik/aws_ws/install/dwb_plugins/share/dwb_plugins/environment/ament_prefix_path.dsv
[0.341s] -- Up-to-date symlink: /home/ik/aws_ws/install/dwb_plugins/share/dwb_plugins/environment/path.sh
[0.341s] -- Up-to-date symlink: /home/ik/aws_ws/install/dwb_plugins/share/dwb_plugins/environment/path.dsv
[0.342s] -- Up-to-date symlink: /home/ik/aws_ws/install/dwb_plugins/share/dwb_plugins/local_setup.bash
[0.342s] -- Up-to-date symlink: /home/ik/aws_ws/install/dwb_plugins/share/dwb_plugins/local_setup.sh
[0.342s] -- Up-to-date symlink: /home/ik/aws_ws/install/dwb_plugins/share/dwb_plugins/local_setup.zsh
[0.343s] -- Up-to-date symlink: /home/ik/aws_ws/install/dwb_plugins/share/dwb_plugins/local_setup.dsv
[0.343s] -- Symlinking: /home/ik/aws_ws/install/dwb_plugins/share/dwb_plugins/package.dsv
[0.352s] -- Up-to-date symlink: /home/ik/aws_ws/install/dwb_plugins/share/ament_index/resource_index/packages/dwb_plugins
[0.353s] -- Up-to-date symlink: /home/ik/aws_ws/install/dwb_plugins/share/ament_index/resource_index/dwb_core__pluginlib__plugin/dwb_plugins
[0.353s] -- Up-to-date symlink: /home/ik/aws_ws/install/dwb_plugins/share/dwb_plugins/cmake/ament_cmake_export_include_directories-extras.cmake
[0.354s] -- Up-to-date symlink: /home/ik/aws_ws/install/dwb_plugins/share/dwb_plugins/cmake/ament_cmake_export_libraries-extras.cmake
[0.354s] -- Up-to-date symlink: /home/ik/aws_ws/install/dwb_plugins/share/dwb_plugins/cmake/ament_cmake_export_definitions-extras.cmake
[0.354s] -- Up-to-date symlink: /home/ik/aws_ws/install/dwb_plugins/share/dwb_plugins/cmake/dwb_pluginsConfig.cmake
[0.355s] -- Up-to-date symlink: /home/ik/aws_ws/install/dwb_plugins/share/dwb_plugins/cmake/dwb_pluginsConfig-version.cmake
[0.357s] -- Up-to-date symlink: /home/ik/aws_ws/install/dwb_plugins/share/dwb_plugins/package.xml
[0.362s] Invoked command in '/home/ik/aws_ws/build/dwb_plugins' returned '0': AMENT_PREFIX_PATH=/home/ik/aws_ws/install/dwb_core:/home/ik/aws_ws/install/nav2_core:/home/ik/aws_ws/install/nav2_costmap_2d:/home/ik/aws_ws/install/nav_2d_utils:/home/ik/aws_ws/install/nav2_util:/home/ik/aws_ws/install/nav2_voxel_grid:/home/ik/aws_ws/install/nav2_msgs:/home/ik/aws_ws/install/dwb_msgs:/home/ik/aws_ws/install/nav_2d_msgs:/home/ik/aws_ws/install/nav2_common:${AMENT_PREFIX_PATH} CMAKE_PREFIX_PATH=/home/ik/aws_ws/install/dwb_core:/home/ik/aws_ws/install/nav2_core:/home/ik/aws_ws/install/nav2_costmap_2d:/home/ik/aws_ws/install/nav_2d_utils:/home/ik/aws_ws/install/nav2_util:/home/ik/aws_ws/install/nav2_voxel_grid:/home/ik/aws_ws/install/nav2_msgs:/home/ik/aws_ws/install/dwb_msgs:/home/ik/aws_ws/install/nav_2d_msgs:/home/ik/aws_ws/install/nav2_common:/opt/ros/foxy LD_LIBRARY_PATH=/home/ik/aws_ws/install/dwb_core/lib:/home/ik/aws_ws/install/nav2_costmap_2d/lib:/home/ik/aws_ws/install/nav_2d_utils/lib:/home/ik/aws_ws/install/nav2_util/lib:/home/ik/aws_ws/install/nav2_voxel_grid/lib:/home/ik/aws_ws/install/nav2_msgs/lib:/home/ik/aws_ws/install/dwb_msgs/lib:/home/ik/aws_ws/install/nav_2d_msgs/lib:${LD_LIBRARY_PATH} PYTHONPATH=/home/ik/aws_ws/install/nav2_msgs/lib/python3.8/site-packages:/home/ik/aws_ws/install/dwb_msgs/lib/python3.8/site-packages:/home/ik/aws_ws/install/nav_2d_msgs/lib/python3.8/site-packages:/home/ik/aws_ws/install/nav2_common/lib/python3.8/site-packages:${PYTHONPATH} /usr/bin/cmake --install /home/ik/aws_ws/build/dwb_plugins
