[0.058s] Invoking command in '/home/ik/aws_ws/build/turtlebot3_gazebo': CMAKE_PREFIX_PATH=${CMAKE_PREFIX_PATH}:/opt/ros/foxy /usr/bin/cmake /home/ik/aws_ws/src/turtlebot3_simulations/turtlebot3_gazebo -DAMENT_CMAKE_SYMLINK_INSTALL=1 -DCMAKE_INSTALL_PREFIX=/home/ik/aws_ws/install/turtlebot3_gazebo
[0.298s] -- Found ament_cmake: 0.9.11 (/opt/ros/foxy/share/ament_cmake/cmake)
[0.298s] -- Using PYTHON_EXECUTABLE: /usr/bin/python3
[0.298s] -- Override CMake install command with custom implementation using symlinks instead of copying resources
[0.355s] -- Found DART: /usr/include (Required is at least version "6.6") found components: dart 
[0.403s] -- Found Protobuf: /usr/lib/x86_64-linux-gnu/libprotobuf.so;-lpthread (found version "3.6.1") 
[0.407s] -- Looking for ignition-math6 -- found version 6.13.0
[0.422s] -- Searching for dependencies of ignition-math6
[0.423s] -- Looking for OGRE...
[0.434s] -- Found Ogre Ghadamon (1.9.0)
[0.435s] -- Found OGRE: optimized;/usr/lib/x86_64-linux-gnu/libOgreMain.so;debug;/usr/lib/x86_64-linux-gnu/libOgreMain.so
[0.445s] -- Looking for OGRE_Paging...
[0.445s] -- Found OGRE_Paging: optimized;/usr/lib/x86_64-linux-gnu/libOgrePaging.so;debug;/usr/lib/x86_64-linux-gnu/libOgrePaging.so
[0.446s] -- Looking for OGRE_Terrain...
[0.446s] -- Found OGRE_Terrain: optimized;/usr/lib/x86_64-linux-gnu/libOgreTerrain.so;debug;/usr/lib/x86_64-linux-gnu/libOgreTerrain.so
[0.446s] -- Looking for OGRE_Property...
[0.446s] -- Found OGRE_Property: optimized;/usr/lib/x86_64-linux-gnu/libOgreProperty.so;debug;/usr/lib/x86_64-linux-gnu/libOgreProperty.so
[0.446s] -- Looking for OGRE_RTShaderSystem...
[0.446s] -- Found OGRE_RTShaderSystem: optimized;/usr/lib/x86_64-linux-gnu/libOgreRTShaderSystem.so;debug;/usr/lib/x86_64-linux-gnu/libOgreRTShaderSystem.so
[0.446s] -- Looking for OGRE_Volume...
[0.447s] -- Found OGRE_Volume: optimized;/usr/lib/x86_64-linux-gnu/libOgreVolume.so;debug;/usr/lib/x86_64-linux-gnu/libOgreVolume.so
[0.447s] -- Looking for OGRE_Overlay...
[0.447s] -- Found OGRE_Overlay: optimized;/usr/lib/x86_64-linux-gnu/libOgreOverlay.so;debug;/usr/lib/x86_64-linux-gnu/libOgreOverlay.so
[0.643s] -- Looking for ignition-math6 -- found version 6.13.0
[0.643s] -- Looking for ignition-transport8 -- found version 8.4.0
[0.644s] -- Searching for dependencies of ignition-transport8
[0.665s] -- Found Protobuf: /usr/lib/x86_64-linux-gnu/libprotobuf.so;-lpthread (found suitable version "3.6.1", minimum required is "3") 
[0.679s] -- Config-file not installed for ZeroMQ -- checking for pkg-config
[0.685s] -- Checking for module 'libzmq >= 4'
[0.711s] --   Found libzmq , version 4.3.2
[0.779s] -- Checking for module 'uuid'
[0.804s] --   Found uuid, version 2.34.0
[0.862s] -- Looking for ignition-msgs5 -- found version 5.11.0
[0.863s] -- Searching for dependencies of ignition-msgs5
[0.899s] -- Looking for ignition-math6 -- found version 6.13.0
[0.906s] -- Checking for module 'tinyxml2'
[0.927s] --   Found tinyxml2, version 6.2.0
[0.985s] -- Looking for ignition-msgs5 -- found version 5.11.0
[0.985s] -- Looking for ignition-common3 -- found version 3.15.1
[0.986s] -- Searching for dependencies of ignition-common3
[0.986s] -- Looking for dlfcn.h - found
[0.986s] -- Looking for libdl - found
[0.998s] -- Searching for <ignition-common3> component [graphics]
[0.999s] -- Looking for ignition-common3-graphics -- found version 3.15.1
[1.000s] -- Searching for dependencies of ignition-common3-graphics
[1.001s] -- Looking for ignition-math6 -- found version 6.13.0
[1.003s] -- Looking for ignition-fuel_tools4 -- found version 4.8.3
[1.004s] -- Searching for dependencies of ignition-fuel_tools4
[1.040s] -- Checking for module 'jsoncpp'
[1.062s] --   Found jsoncpp, version 1.7.4
[1.112s] -- Checking for module 'libzip'
[1.132s] --   Found libzip, version 1.5.1
[1.187s] -- Looking for ignition-common3 -- found version 3.15.1
[1.188s] -- Looking for ignition-math6 -- found version 6.13.0
[1.189s] -- Looking for ignition-msgs5 -- found version 5.11.0
[1.191s] -- Found gazebo_ros_pkgs: 3.5.3 (/opt/ros/foxy/share/gazebo_ros_pkgs/cmake)
[1.191s] -- Found geometry_msgs: 2.0.5 (/opt/ros/foxy/share/geometry_msgs/cmake)
[1.207s] -- Using all available rosidl_typesupport_c: rosidl_typesupport_fastrtps_c;rosidl_typesupport_introspection_c
[1.210s] -- Found rosidl_adapter: 1.3.0 (/opt/ros/foxy/share/rosidl_adapter/cmake)
[1.347s] -- Using all available rosidl_typesupport_cpp: rosidl_typesupport_fastrtps_cpp;rosidl_typesupport_introspection_cpp
[1.429s] -- Found nav_msgs: 2.0.5 (/opt/ros/foxy/share/nav_msgs/cmake)
[1.500s] -- Found rclcpp: 2.4.2 (/opt/ros/foxy/share/rclcpp/cmake)
[1.538s] -- Found rmw_implementation_cmake: 1.0.4 (/opt/ros/foxy/share/rmw_implementation_cmake/cmake)
[1.539s] -- Using RMW implementation 'rmw_fastrtps_cpp' as default
[1.673s] -- Found sensor_msgs: 2.0.5 (/opt/ros/foxy/share/sensor_msgs/cmake)
[1.744s] -- Found tf2: 0.13.14 (/opt/ros/foxy/share/tf2/cmake)
[1.829s] -- Configuring done
[1.863s] -- Generating done
[1.866s] -- Build files have been written to: /home/ik/aws_ws/build/turtlebot3_gazebo
[1.878s] Invoked command in '/home/ik/aws_ws/build/turtlebot3_gazebo' returned '0': CMAKE_PREFIX_PATH=${CMAKE_PREFIX_PATH}:/opt/ros/foxy /usr/bin/cmake /home/ik/aws_ws/src/turtlebot3_simulations/turtlebot3_gazebo -DAMENT_CMAKE_SYMLINK_INSTALL=1 -DCMAKE_INSTALL_PREFIX=/home/ik/aws_ws/install/turtlebot3_gazebo
[1.880s] Invoking command in '/home/ik/aws_ws/build/turtlebot3_gazebo': CMAKE_PREFIX_PATH=${CMAKE_PREFIX_PATH}:/opt/ros/foxy /usr/bin/cmake --build /home/ik/aws_ws/build/turtlebot3_gazebo -- -j8 -l8
[1.960s] [ 12%] [32m[1mLinking CXX executable turtlebot3_drive[0m
[1.966s] [ 37%] Built target obstacles
[1.976s] [ 62%] Built target obstacle1
[1.977s] [ 87%] Built target obstacle2
[2.387s] [100%] Built target turtlebot3_drive
[2.407s] Invoked command in '/home/ik/aws_ws/build/turtlebot3_gazebo' returned '0': CMAKE_PREFIX_PATH=${CMAKE_PREFIX_PATH}:/opt/ros/foxy /usr/bin/cmake --build /home/ik/aws_ws/build/turtlebot3_gazebo -- -j8 -l8
[2.454s] Invoking command in '/home/ik/aws_ws/build/turtlebot3_gazebo': CMAKE_PREFIX_PATH=${CMAKE_PREFIX_PATH}:/opt/ros/foxy /usr/bin/cmake --install /home/ik/aws_ws/build/turtlebot3_gazebo
[2.466s] -- Install configuration: ""
[2.467s] -- Execute custom install script
[2.467s] -- Symlinking: /home/ik/aws_ws/install/turtlebot3_gazebo/lib/turtlebot3_gazebo/turtlebot3_drive
[2.476s] -- Symlinking: /home/ik/aws_ws/install/turtlebot3_gazebo/share/turtlebot3_gazebo//launch/empty_world.launch.py
[2.486s] -- Symlinking: /home/ik/aws_ws/install/turtlebot3_gazebo/share/turtlebot3_gazebo//launch/no_roof_small_warehouse.launch.py
[2.498s] -- Symlinking: /home/ik/aws_ws/install/turtlebot3_gazebo/share/turtlebot3_gazebo//launch/robot_state_publisher.launch.py
[2.508s] -- Symlinking: /home/ik/aws_ws/install/turtlebot3_gazebo/share/turtlebot3_gazebo//launch/test_sim.launch.py
[2.516s] -- Symlinking: /home/ik/aws_ws/install/turtlebot3_gazebo/share/turtlebot3_gazebo//launch/turtlebot3_autorace.launch.py
[2.526s] -- Symlinking: /home/ik/aws_ws/install/turtlebot3_gazebo/share/turtlebot3_gazebo//launch/turtlebot3_dqn_stage1.launch.py
[2.536s] -- Symlinking: /home/ik/aws_ws/install/turtlebot3_gazebo/share/turtlebot3_gazebo//launch/turtlebot3_dqn_stage2.launch.py
[2.545s] -- Symlinking: /home/ik/aws_ws/install/turtlebot3_gazebo/share/turtlebot3_gazebo//launch/turtlebot3_dqn_stage3.launch.py
[2.553s] -- Symlinking: /home/ik/aws_ws/install/turtlebot3_gazebo/share/turtlebot3_gazebo//launch/turtlebot3_dqn_stage4.launch.py
[2.562s] -- Symlinking: /home/ik/aws_ws/install/turtlebot3_gazebo/share/turtlebot3_gazebo//launch/turtlebot3_house.launch.py
[2.571s] -- Symlinking: /home/ik/aws_ws/install/turtlebot3_gazebo/share/turtlebot3_gazebo//launch/turtlebot3_world.launch.py
[2.587s] -- Symlinking: /home/ik/aws_ws/install/turtlebot3_gazebo/share/turtlebot3_gazebo//models/aws_robomaker_warehouse_Bucket_01/.DS_Store
[2.600s] -- Symlinking: /home/ik/aws_ws/install/turtlebot3_gazebo/share/turtlebot3_gazebo//models/aws_robomaker_warehouse_Bucket_01/materials/.DS_Store
[2.610s] -- Symlinking: /home/ik/aws_ws/install/turtlebot3_gazebo/share/turtlebot3_gazebo//models/aws_robomaker_warehouse_Bucket_01/materials/textures/aws_robomaker_warehouse_Bucket_01.png
[2.619s] -- Symlinking: /home/ik/aws_ws/install/turtlebot3_gazebo/share/turtlebot3_gazebo//models/aws_robomaker_warehouse_Bucket_01/meshes/aws_robomaker_warehouse_Bucket_01_collision.DAE
[2.629s] -- Symlinking: /home/ik/aws_ws/install/turtlebot3_gazebo/share/turtlebot3_gazebo//models/aws_robomaker_warehouse_Bucket_01/meshes/aws_robomaker_warehouse_Bucket_01_visual.DAE
[2.639s] -- Symlinking: /home/ik/aws_ws/install/turtlebot3_gazebo/share/turtlebot3_gazebo//models/aws_robomaker_warehouse_Bucket_01/model.config
[2.649s] -- Symlinking: /home/ik/aws_ws/install/turtlebot3_gazebo/share/turtlebot3_gazebo//models/aws_robomaker_warehouse_Bucket_01/model.sdf
[2.665s] -- Symlinking: /home/ik/aws_ws/install/turtlebot3_gazebo/share/turtlebot3_gazebo//models/aws_robomaker_warehouse_ClutteringA_01/.DS_Store
[2.667s] -- Symlinking: /home/ik/aws_ws/install/turtlebot3_gazebo/share/turtlebot3_gazebo//models/aws_robomaker_warehouse_ClutteringA_01/materials/.DS_Store
[2.680s] -- Symlinking: /home/ik/aws_ws/install/turtlebot3_gazebo/share/turtlebot3_gazebo//models/aws_robomaker_warehouse_ClutteringA_01/materials/textures/.DS_Store
[2.690s] -- Symlinking: /home/ik/aws_ws/install/turtlebot3_gazebo/share/turtlebot3_gazebo//models/aws_robomaker_warehouse_ClutteringA_01/materials/textures/aws_robomaker_warehouse_ClutteringA_01.png
[2.703s] -- Symlinking: /home/ik/aws_ws/install/turtlebot3_gazebo/share/turtlebot3_gazebo//models/aws_robomaker_warehouse_ClutteringA_01/materials/textures/aws_robomaker_warehouse_ClutteringA_02.png
[2.713s] -- Symlinking: /home/ik/aws_ws/install/turtlebot3_gazebo/share/turtlebot3_gazebo//models/aws_robomaker_warehouse_ClutteringA_01/materials/textures/aws_robomaker_warehouse_ClutteringA_03.png
[2.723s] -- Symlinking: /home/ik/aws_ws/install/turtlebot3_gazebo/share/turtlebot3_gazebo//models/aws_robomaker_warehouse_ClutteringA_01/meshes/aws_robomaker_warehouse_ClutteringA_01_collision.DAE
[2.733s] -- Symlinking: /home/ik/aws_ws/install/turtlebot3_gazebo/share/turtlebot3_gazebo//models/aws_robomaker_warehouse_ClutteringA_01/meshes/aws_robomaker_warehouse_ClutteringA_01_visual.DAE
[2.760s] -- Symlinking: /home/ik/aws_ws/install/turtlebot3_gazebo/share/turtlebot3_gazebo//models/aws_robomaker_warehouse_ClutteringA_01/model.config
[2.772s] -- Symlinking: /home/ik/aws_ws/install/turtlebot3_gazebo/share/turtlebot3_gazebo//models/aws_robomaker_warehouse_ClutteringA_01/model.sdf
[2.782s] -- Symlinking: /home/ik/aws_ws/install/turtlebot3_gazebo/share/turtlebot3_gazebo//models/aws_robomaker_warehouse_ClutteringC_01/materials/textures/aws_robomaker_warehouse_ClutteringC_01.png
[2.796s] -- Symlinking: /home/ik/aws_ws/install/turtlebot3_gazebo/share/turtlebot3_gazebo//models/aws_robomaker_warehouse_ClutteringC_01/materials/textures/aws_robomaker_warehouse_ClutteringC_02.png
[2.804s] -- Symlinking: /home/ik/aws_ws/install/turtlebot3_gazebo/share/turtlebot3_gazebo//models/aws_robomaker_warehouse_ClutteringC_01/meshes/aws_robomaker_warehouse_ClutteringC_01_collision.DAE
[2.814s] -- Symlinking: /home/ik/aws_ws/install/turtlebot3_gazebo/share/turtlebot3_gazebo//models/aws_robomaker_warehouse_ClutteringC_01/meshes/aws_robomaker_warehouse_ClutteringC_01_visual.DAE
[2.824s] -- Symlinking: /home/ik/aws_ws/install/turtlebot3_gazebo/share/turtlebot3_gazebo//models/aws_robomaker_warehouse_ClutteringC_01/model.config
[2.835s] -- Symlinking: /home/ik/aws_ws/install/turtlebot3_gazebo/share/turtlebot3_gazebo//models/aws_robomaker_warehouse_ClutteringC_01/model.sdf
[2.844s] -- Symlinking: /home/ik/aws_ws/install/turtlebot3_gazebo/share/turtlebot3_gazebo//models/aws_robomaker_warehouse_ClutteringD_01/materials/textures/aws_robomaker_warehouse_ClutteringD_01.png
[2.859s] -- Symlinking: /home/ik/aws_ws/install/turtlebot3_gazebo/share/turtlebot3_gazebo//models/aws_robomaker_warehouse_ClutteringD_01/materials/textures/aws_robomaker_warehouse_ClutteringD_02.png
[2.865s] -- Symlinking: /home/ik/aws_ws/install/turtlebot3_gazebo/share/turtlebot3_gazebo//models/aws_robomaker_warehouse_ClutteringD_01/meshes/aws_robomaker_warehouse_ClutteringD_01_collision.DAE
[2.875s] -- Symlinking: /home/ik/aws_ws/install/turtlebot3_gazebo/share/turtlebot3_gazebo//models/aws_robomaker_warehouse_ClutteringD_01/meshes/aws_robomaker_warehouse_ClutteringD_01_visual.DAE
[2.896s] -- Symlinking: /home/ik/aws_ws/install/turtlebot3_gazebo/share/turtlebot3_gazebo//models/aws_robomaker_warehouse_ClutteringD_01/model.config
[2.920s] -- Symlinking: /home/ik/aws_ws/install/turtlebot3_gazebo/share/turtlebot3_gazebo//models/aws_robomaker_warehouse_ClutteringD_01/model.sdf
[2.937s] -- Symlinking: /home/ik/aws_ws/install/turtlebot3_gazebo/share/turtlebot3_gazebo//models/aws_robomaker_warehouse_DeskC_01/materials/.DS_Store
[2.956s] -- Symlinking: /home/ik/aws_ws/install/turtlebot3_gazebo/share/turtlebot3_gazebo//models/aws_robomaker_warehouse_DeskC_01/materials/textures/aws_robomaker_warehouse_DeskC_01.png
[2.987s] -- Symlinking: /home/ik/aws_ws/install/turtlebot3_gazebo/share/turtlebot3_gazebo//models/aws_robomaker_warehouse_DeskC_01/materials/textures/aws_robomaker_warehouse_DeskC_02.png
[3.001s] -- Symlinking: /home/ik/aws_ws/install/turtlebot3_gazebo/share/turtlebot3_gazebo//models/aws_robomaker_warehouse_DeskC_01/materials/textures/aws_robomaker_warehouse_DeskC_03.png
[3.015s] -- Symlinking: /home/ik/aws_ws/install/turtlebot3_gazebo/share/turtlebot3_gazebo//models/aws_robomaker_warehouse_DeskC_01/materials/textures/aws_robomaker_warehouse_DeskC_03.psd
[3.025s] -- Symlinking: /home/ik/aws_ws/install/turtlebot3_gazebo/share/turtlebot3_gazebo//models/aws_robomaker_warehouse_DeskC_01/materials/textures/aws_robomaker_warehouse_DeskC_04.png
[3.046s] -- Symlinking: /home/ik/aws_ws/install/turtlebot3_gazebo/share/turtlebot3_gazebo//models/aws_robomaker_warehouse_DeskC_01/meshes/aws_robomaker_warehouse_DeskC_01_collision.DAE
[3.058s] -- Symlinking: /home/ik/aws_ws/install/turtlebot3_gazebo/share/turtlebot3_gazebo//models/aws_robomaker_warehouse_DeskC_01/meshes/aws_robomaker_warehouse_DeskC_01_visual.DAE
[3.083s] -- Symlinking: /home/ik/aws_ws/install/turtlebot3_gazebo/share/turtlebot3_gazebo//models/aws_robomaker_warehouse_DeskC_01/model.config
[3.090s] -- Symlinking: /home/ik/aws_ws/install/turtlebot3_gazebo/share/turtlebot3_gazebo//models/aws_robomaker_warehouse_DeskC_01/model.sdf
[3.109s] -- Symlinking: /home/ik/aws_ws/install/turtlebot3_gazebo/share/turtlebot3_gazebo//models/aws_robomaker_warehouse_GroundB_01/materials/textures/aws_robomaker_warehouse_GroundB_01.png
[3.146s] -- Symlinking: /home/ik/aws_ws/install/turtlebot3_gazebo/share/turtlebot3_gazebo//models/aws_robomaker_warehouse_GroundB_01/materials/textures/aws_robomaker_warehouse_GroundB_02.png
[3.157s] -- Symlinking: /home/ik/aws_ws/install/turtlebot3_gazebo/share/turtlebot3_gazebo//models/aws_robomaker_warehouse_GroundB_01/meshes/aws_robomaker_warehouse_GroundB_01_collision.DAE
[3.193s] -- Symlinking: /home/ik/aws_ws/install/turtlebot3_gazebo/share/turtlebot3_gazebo//models/aws_robomaker_warehouse_GroundB_01/meshes/aws_robomaker_warehouse_GroundB_01_visual.DAE
[3.203s] -- Symlinking: /home/ik/aws_ws/install/turtlebot3_gazebo/share/turtlebot3_gazebo//models/aws_robomaker_warehouse_GroundB_01/model.config
[3.234s] -- Symlinking: /home/ik/aws_ws/install/turtlebot3_gazebo/share/turtlebot3_gazebo//models/aws_robomaker_warehouse_GroundB_01/model.sdf
[3.256s] -- Symlinking: /home/ik/aws_ws/install/turtlebot3_gazebo/share/turtlebot3_gazebo//models/aws_robomaker_warehouse_Lamp_01/materials/textures/aws_robomaker_warehouse_Lamp_01.png
[3.281s] -- Symlinking: /home/ik/aws_ws/install/turtlebot3_gazebo/share/turtlebot3_gazebo//models/aws_robomaker_warehouse_Lamp_01/meshes/aws_robomaker_warehouse_Lamp_01_collision.DAE
[3.303s] -- Symlinking: /home/ik/aws_ws/install/turtlebot3_gazebo/share/turtlebot3_gazebo//models/aws_robomaker_warehouse_Lamp_01/meshes/aws_robomaker_warehouse_Lamp_01_visual.DAE
[3.315s] -- Symlinking: /home/ik/aws_ws/install/turtlebot3_gazebo/share/turtlebot3_gazebo//models/aws_robomaker_warehouse_Lamp_01/model.config
[3.326s] -- Symlinking: /home/ik/aws_ws/install/turtlebot3_gazebo/share/turtlebot3_gazebo//models/aws_robomaker_warehouse_Lamp_01/model.sdf
[3.338s] -- Symlinking: /home/ik/aws_ws/install/turtlebot3_gazebo/share/turtlebot3_gazebo//models/aws_robomaker_warehouse_PalletJackB_01/.DS_Store
[3.362s] -- Symlinking: /home/ik/aws_ws/install/turtlebot3_gazebo/share/turtlebot3_gazebo//models/aws_robomaker_warehouse_PalletJackB_01/materials/.DS_Store
[3.377s] -- Symlinking: /home/ik/aws_ws/install/turtlebot3_gazebo/share/turtlebot3_gazebo//models/aws_robomaker_warehouse_PalletJackB_01/materials/textures/aws_robomaker_warehouse_PalletJackB_01.png
[3.400s] -- Symlinking: /home/ik/aws_ws/install/turtlebot3_gazebo/share/turtlebot3_gazebo//models/aws_robomaker_warehouse_PalletJackB_01/materials/textures/aws_robomaker_warehouse_PalletJackB_02.png
[3.412s] -- Symlinking: /home/ik/aws_ws/install/turtlebot3_gazebo/share/turtlebot3_gazebo//models/aws_robomaker_warehouse_PalletJackB_01/meshes/aws_robomaker_warehouse_PalletJackB_01_collision.DAE
[3.449s] -- Symlinking: /home/ik/aws_ws/install/turtlebot3_gazebo/share/turtlebot3_gazebo//models/aws_robomaker_warehouse_PalletJackB_01/meshes/aws_robomaker_warehouse_PalletJackB_01_visual.DAE
[3.470s] -- Symlinking: /home/ik/aws_ws/install/turtlebot3_gazebo/share/turtlebot3_gazebo//models/aws_robomaker_warehouse_PalletJackB_01/model.config
[3.482s] -- Symlinking: /home/ik/aws_ws/install/turtlebot3_gazebo/share/turtlebot3_gazebo//models/aws_robomaker_warehouse_PalletJackB_01/model.sdf
[3.499s] -- Symlinking: /home/ik/aws_ws/install/turtlebot3_gazebo/share/turtlebot3_gazebo//models/aws_robomaker_warehouse_RoofB_01/materials/textures/aws_robomaker_warehouse_RoofB_01.png
[3.517s] -- Symlinking: /home/ik/aws_ws/install/turtlebot3_gazebo/share/turtlebot3_gazebo//models/aws_robomaker_warehouse_RoofB_01/meshes/aws_robomaker_warehouse_RoofB_01_collision.DAE
[3.531s] -- Symlinking: /home/ik/aws_ws/install/turtlebot3_gazebo/share/turtlebot3_gazebo//models/aws_robomaker_warehouse_RoofB_01/meshes/aws_robomaker_warehouse_RoofB_01_visual.DAE
[3.562s] -- Symlinking: /home/ik/aws_ws/install/turtlebot3_gazebo/share/turtlebot3_gazebo//models/aws_robomaker_warehouse_RoofB_01/model.config
[3.610s] -- Symlinking: /home/ik/aws_ws/install/turtlebot3_gazebo/share/turtlebot3_gazebo//models/aws_robomaker_warehouse_RoofB_01/model.sdf
[3.634s] -- Symlinking: /home/ik/aws_ws/install/turtlebot3_gazebo/share/turtlebot3_gazebo//models/aws_robomaker_warehouse_ShelfD_01/materials/textures/aws_robomaker_warehouse_ShelfD_01.png
[3.650s] -- Symlinking: /home/ik/aws_ws/install/turtlebot3_gazebo/share/turtlebot3_gazebo//models/aws_robomaker_warehouse_ShelfD_01/materials/textures/aws_robomaker_warehouse_ShelfD_02.png
[3.680s] -- Symlinking: /home/ik/aws_ws/install/turtlebot3_gazebo/share/turtlebot3_gazebo//models/aws_robomaker_warehouse_ShelfD_01/materials/textures/aws_robomaker_warehouse_ShelfD_03.png
[3.705s] -- Symlinking: /home/ik/aws_ws/install/turtlebot3_gazebo/share/turtlebot3_gazebo//models/aws_robomaker_warehouse_ShelfD_01/materials/textures/aws_robomaker_warehouse_ShelfD_04.png
[3.734s] -- Symlinking: /home/ik/aws_ws/install/turtlebot3_gazebo/share/turtlebot3_gazebo//models/aws_robomaker_warehouse_ShelfD_01/meshes/aws_robomaker_warehouse_ShelfD_01_collision.DAE
[3.763s] -- Symlinking: /home/ik/aws_ws/install/turtlebot3_gazebo/share/turtlebot3_gazebo//models/aws_robomaker_warehouse_ShelfD_01/meshes/aws_robomaker_warehouse_ShelfD_01_visual.DAE
[3.792s] -- Symlinking: /home/ik/aws_ws/install/turtlebot3_gazebo/share/turtlebot3_gazebo//models/aws_robomaker_warehouse_ShelfD_01/model.config
[3.823s] -- Symlinking: /home/ik/aws_ws/install/turtlebot3_gazebo/share/turtlebot3_gazebo//models/aws_robomaker_warehouse_ShelfD_01/model.sdf
[3.854s] -- Symlinking: /home/ik/aws_ws/install/turtlebot3_gazebo/share/turtlebot3_gazebo//models/aws_robomaker_warehouse_ShelfE_01/.DS_Store
[3.888s] -- Symlinking: /home/ik/aws_ws/install/turtlebot3_gazebo/share/turtlebot3_gazebo//models/aws_robomaker_warehouse_ShelfE_01/materials/.DS_Store
[3.922s] -- Symlinking: /home/ik/aws_ws/install/turtlebot3_gazebo/share/turtlebot3_gazebo//models/aws_robomaker_warehouse_ShelfE_01/materials/textures/aws_robomaker_warehouse_ShelfE_01.png
[3.941s] -- Symlinking: /home/ik/aws_ws/install/turtlebot3_gazebo/share/turtlebot3_gazebo//models/aws_robomaker_warehouse_ShelfE_01/materials/textures/aws_robomaker_warehouse_ShelfE_02.png
[3.970s] -- Symlinking: /home/ik/aws_ws/install/turtlebot3_gazebo/share/turtlebot3_gazebo//models/aws_robomaker_warehouse_ShelfE_01/materials/textures/aws_robomaker_warehouse_ShelfE_03.png
[3.999s] -- Symlinking: /home/ik/aws_ws/install/turtlebot3_gazebo/share/turtlebot3_gazebo//models/aws_robomaker_warehouse_ShelfE_01/materials/textures/aws_robomaker_warehouse_ShelfE_04.png
[4.026s] -- Symlinking: /home/ik/aws_ws/install/turtlebot3_gazebo/share/turtlebot3_gazebo//models/aws_robomaker_warehouse_ShelfE_01/meshes/aws_robomaker_warehouse_ShelfE_01_collision.DAE
[4.058s] -- Symlinking: /home/ik/aws_ws/install/turtlebot3_gazebo/share/turtlebot3_gazebo//models/aws_robomaker_warehouse_ShelfE_01/meshes/aws_robomaker_warehouse_ShelfE_01_visual.DAE
[4.096s] -- Symlinking: /home/ik/aws_ws/install/turtlebot3_gazebo/share/turtlebot3_gazebo//models/aws_robomaker_warehouse_ShelfE_01/model.config
[4.138s] -- Symlinking: /home/ik/aws_ws/install/turtlebot3_gazebo/share/turtlebot3_gazebo//models/aws_robomaker_warehouse_ShelfE_01/model.sdf
[4.160s] -- Symlinking: /home/ik/aws_ws/install/turtlebot3_gazebo/share/turtlebot3_gazebo//models/aws_robomaker_warehouse_ShelfF_01/materials/textures/aws_robomaker_warehouse_ShelfF_01.png
[4.192s] -- Symlinking: /home/ik/aws_ws/install/turtlebot3_gazebo/share/turtlebot3_gazebo//models/aws_robomaker_warehouse_ShelfF_01/materials/textures/aws_robomaker_warehouse_ShelfF_02.png
[4.224s] -- Symlinking: /home/ik/aws_ws/install/turtlebot3_gazebo/share/turtlebot3_gazebo//models/aws_robomaker_warehouse_ShelfF_01/materials/textures/aws_robomaker_warehouse_ShelfF_03.png
[4.248s] -- Symlinking: /home/ik/aws_ws/install/turtlebot3_gazebo/share/turtlebot3_gazebo//models/aws_robomaker_warehouse_ShelfF_01/meshes/aws_robomaker_warehouse_ShelfF_01_collision.DAE
[4.278s] -- Symlinking: /home/ik/aws_ws/install/turtlebot3_gazebo/share/turtlebot3_gazebo//models/aws_robomaker_warehouse_ShelfF_01/meshes/aws_robomaker_warehouse_ShelfF_01_visual.DAE
[4.310s] -- Symlinking: /home/ik/aws_ws/install/turtlebot3_gazebo/share/turtlebot3_gazebo//models/aws_robomaker_warehouse_ShelfF_01/model.config
[4.343s] -- Symlinking: /home/ik/aws_ws/install/turtlebot3_gazebo/share/turtlebot3_gazebo//models/aws_robomaker_warehouse_ShelfF_01/model.sdf
[4.364s] -- Symlinking: /home/ik/aws_ws/install/turtlebot3_gazebo/share/turtlebot3_gazebo//models/aws_robomaker_warehouse_TrashCanC_01/materials/textures/aws_robomaker_warehouse_TrashCanC_01.png
[4.378s] -- Symlinking: /home/ik/aws_ws/install/turtlebot3_gazebo/share/turtlebot3_gazebo//models/aws_robomaker_warehouse_TrashCanC_01/meshes/aws_robomaker_warehouse_TrashCanC_01_collision.DAE
[4.426s] -- Symlinking: /home/ik/aws_ws/install/turtlebot3_gazebo/share/turtlebot3_gazebo//models/aws_robomaker_warehouse_TrashCanC_01/meshes/aws_robomaker_warehouse_TrashCanC_01_visual.DAE
[4.459s] -- Symlinking: /home/ik/aws_ws/install/turtlebot3_gazebo/share/turtlebot3_gazebo//models/aws_robomaker_warehouse_TrashCanC_01/model.config
[4.491s] -- Symlinking: /home/ik/aws_ws/install/turtlebot3_gazebo/share/turtlebot3_gazebo//models/aws_robomaker_warehouse_TrashCanC_01/model.sdf
[4.522s] -- Symlinking: /home/ik/aws_ws/install/turtlebot3_gazebo/share/turtlebot3_gazebo//models/aws_robomaker_warehouse_WallB_01/materials/textures/aws_robomaker_warehouse_WallB_01.png
[4.554s] -- Symlinking: /home/ik/aws_ws/install/turtlebot3_gazebo/share/turtlebot3_gazebo//models/aws_robomaker_warehouse_WallB_01/meshes/aws_robomaker_warehouse_WallB_01_collision.DAE
[4.584s] -- Symlinking: /home/ik/aws_ws/install/turtlebot3_gazebo/share/turtlebot3_gazebo//models/aws_robomaker_warehouse_WallB_01/meshes/aws_robomaker_warehouse_WallB_01_visual.DAE
[4.614s] -- Symlinking: /home/ik/aws_ws/install/turtlebot3_gazebo/share/turtlebot3_gazebo//models/aws_robomaker_warehouse_WallB_01/model.config
[4.635s] -- Symlinking: /home/ik/aws_ws/install/turtlebot3_gazebo/share/turtlebot3_gazebo//models/aws_robomaker_warehouse_WallB_01/model.sdf
[4.674s] -- Symlinking: /home/ik/aws_ws/install/turtlebot3_gazebo/share/turtlebot3_gazebo//models/my_robot1/model.config
[4.708s] -- Symlinking: /home/ik/aws_ws/install/turtlebot3_gazebo/share/turtlebot3_gazebo//models/my_robot1/model.sdf
[4.731s] -- Symlinking: /home/ik/aws_ws/install/turtlebot3_gazebo/share/turtlebot3_gazebo//models/my_robot2/model.config
[4.742s] -- Symlinking: /home/ik/aws_ws/install/turtlebot3_gazebo/share/turtlebot3_gazebo//models/my_robot2/model.sdf
[4.752s] -- Symlinking: /home/ik/aws_ws/install/turtlebot3_gazebo/share/turtlebot3_gazebo//models/small_warehouse/small_warehouse.world
[4.763s] -- Symlinking: /home/ik/aws_ws/install/turtlebot3_gazebo/share/turtlebot3_gazebo//models/test_sim/model.config
[4.774s] -- Symlinking: /home/ik/aws_ws/install/turtlebot3_gazebo/share/turtlebot3_gazebo//models/test_sim/model.sdf
[4.796s] -- Symlinking: /home/ik/aws_ws/install/turtlebot3_gazebo/share/turtlebot3_gazebo//models/turtlebot3_autorace/course/materials/scripts/course.material
[4.807s] -- Symlinking: /home/ik/aws_ws/install/turtlebot3_gazebo/share/turtlebot3_gazebo//models/turtlebot3_autorace/course/materials/textures/course.png
[4.818s] -- Symlinking: /home/ik/aws_ws/install/turtlebot3_gazebo/share/turtlebot3_gazebo//models/turtlebot3_autorace/course/model.config
[4.829s] -- Symlinking: /home/ik/aws_ws/install/turtlebot3_gazebo/share/turtlebot3_gazebo//models/turtlebot3_autorace/course/model.sdf
[4.840s] -- Symlinking: /home/ik/aws_ws/install/turtlebot3_gazebo/share/turtlebot3_gazebo//models/turtlebot3_autorace/ground/model.config
[4.850s] -- Symlinking: /home/ik/aws_ws/install/turtlebot3_gazebo/share/turtlebot3_gazebo//models/turtlebot3_autorace/ground/model.sdf
[4.873s] -- Symlinking: /home/ik/aws_ws/install/turtlebot3_gazebo/share/turtlebot3_gazebo//models/turtlebot3_autorace/lights/model.config
[4.884s] -- Symlinking: /home/ik/aws_ws/install/turtlebot3_gazebo/share/turtlebot3_gazebo//models/turtlebot3_autorace/lights/model.sdf
[4.919s] -- Symlinking: /home/ik/aws_ws/install/turtlebot3_gazebo/share/turtlebot3_gazebo//models/turtlebot3_autorace/model.config
[4.954s] -- Symlinking: /home/ik/aws_ws/install/turtlebot3_gazebo/share/turtlebot3_gazebo//models/turtlebot3_autorace/traffic_bar_down/materials/scripts/traffic_bar.material
[4.979s] -- Symlinking: /home/ik/aws_ws/install/turtlebot3_gazebo/share/turtlebot3_gazebo//models/turtlebot3_autorace/traffic_bar_down/materials/textures/traffic_bar.png
[5.006s] -- Symlinking: /home/ik/aws_ws/install/turtlebot3_gazebo/share/turtlebot3_gazebo//models/turtlebot3_autorace/traffic_bar_down/model.config
[5.017s] -- Symlinking: /home/ik/aws_ws/install/turtlebot3_gazebo/share/turtlebot3_gazebo//models/turtlebot3_autorace/traffic_bar_down/model.sdf
[5.043s] -- Symlinking: /home/ik/aws_ws/install/turtlebot3_gazebo/share/turtlebot3_gazebo//models/turtlebot3_autorace/traffic_bar_up/materials/scripts/traffic_bar.material
[5.063s] -- Symlinking: /home/ik/aws_ws/install/turtlebot3_gazebo/share/turtlebot3_gazebo//models/turtlebot3_autorace/traffic_bar_up/materials/textures/traffic_bar.png
[5.078s] -- Symlinking: /home/ik/aws_ws/install/turtlebot3_gazebo/share/turtlebot3_gazebo//models/turtlebot3_autorace/traffic_bar_up/model.config
[5.089s] -- Symlinking: /home/ik/aws_ws/install/turtlebot3_gazebo/share/turtlebot3_gazebo//models/turtlebot3_autorace/traffic_bar_up/model.sdf
[5.099s] -- Symlinking: /home/ik/aws_ws/install/turtlebot3_gazebo/share/turtlebot3_gazebo//models/turtlebot3_autorace/traffic_light_green/model.config
[5.110s] -- Symlinking: /home/ik/aws_ws/install/turtlebot3_gazebo/share/turtlebot3_gazebo//models/turtlebot3_autorace/traffic_light_green/model.sdf
[5.121s] -- Symlinking: /home/ik/aws_ws/install/turtlebot3_gazebo/share/turtlebot3_gazebo//models/turtlebot3_autorace/traffic_light_red/model.config
[5.132s] -- Symlinking: /home/ik/aws_ws/install/turtlebot3_gazebo/share/turtlebot3_gazebo//models/turtlebot3_autorace/traffic_light_red/model.sdf
[5.142s] -- Symlinking: /home/ik/aws_ws/install/turtlebot3_gazebo/share/turtlebot3_gazebo//models/turtlebot3_autorace/traffic_light_yellow/model.config
[5.154s] -- Symlinking: /home/ik/aws_ws/install/turtlebot3_gazebo/share/turtlebot3_gazebo//models/turtlebot3_autorace/traffic_light_yellow/model.sdf
[5.165s] -- Symlinking: /home/ik/aws_ws/install/turtlebot3_gazebo/share/turtlebot3_gazebo//models/turtlebot3_autorace/traffic_parking/materials/scripts/traffic_parking.material
[5.175s] -- Symlinking: /home/ik/aws_ws/install/turtlebot3_gazebo/share/turtlebot3_gazebo//models/turtlebot3_autorace/traffic_parking/materials/textures/traffic_parking.png
[5.186s] -- Symlinking: /home/ik/aws_ws/install/turtlebot3_gazebo/share/turtlebot3_gazebo//models/turtlebot3_autorace/traffic_parking/model.config
[5.196s] -- Symlinking: /home/ik/aws_ws/install/turtlebot3_gazebo/share/turtlebot3_gazebo//models/turtlebot3_autorace/traffic_parking/model.sdf
[5.208s] -- Symlinking: /home/ik/aws_ws/install/turtlebot3_gazebo/share/turtlebot3_gazebo//models/turtlebot3_autorace/traffic_stop/materials/scripts/traffic_stop.material
[5.224s] -- Symlinking: /home/ik/aws_ws/install/turtlebot3_gazebo/share/turtlebot3_gazebo//models/turtlebot3_autorace/traffic_stop/materials/textures/traffic_stop.png
[5.235s] -- Symlinking: /home/ik/aws_ws/install/turtlebot3_gazebo/share/turtlebot3_gazebo//models/turtlebot3_autorace/traffic_stop/model.config
[5.245s] -- Symlinking: /home/ik/aws_ws/install/turtlebot3_gazebo/share/turtlebot3_gazebo//models/turtlebot3_autorace/traffic_stop/model.sdf
[5.255s] -- Symlinking: /home/ik/aws_ws/install/turtlebot3_gazebo/share/turtlebot3_gazebo//models/turtlebot3_autorace/traffic_tunnel/materials/scripts/tunnel.material
[5.266s] -- Symlinking: /home/ik/aws_ws/install/turtlebot3_gazebo/share/turtlebot3_gazebo//models/turtlebot3_autorace/traffic_tunnel/materials/textures/tunnel.png
[5.276s] -- Symlinking: /home/ik/aws_ws/install/turtlebot3_gazebo/share/turtlebot3_gazebo//models/turtlebot3_autorace/traffic_tunnel/model.config
[5.286s] -- Symlinking: /home/ik/aws_ws/install/turtlebot3_gazebo/share/turtlebot3_gazebo//models/turtlebot3_autorace/traffic_tunnel/model.sdf
[5.296s] -- Symlinking: /home/ik/aws_ws/install/turtlebot3_gazebo/share/turtlebot3_gazebo//models/turtlebot3_autorace/tunnel_obstacles/model.config
[5.312s] -- Symlinking: /home/ik/aws_ws/install/turtlebot3_gazebo/share/turtlebot3_gazebo//models/turtlebot3_autorace/tunnel_obstacles/model.sdf
[5.323s] -- Symlinking: /home/ik/aws_ws/install/turtlebot3_gazebo/share/turtlebot3_gazebo//models/turtlebot3_autorace/tunnel_wall/model.config
[5.333s] -- Symlinking: /home/ik/aws_ws/install/turtlebot3_gazebo/share/turtlebot3_gazebo//models/turtlebot3_autorace/tunnel_wall/model.sdf
[5.343s] -- Symlinking: /home/ik/aws_ws/install/turtlebot3_gazebo/share/turtlebot3_gazebo//models/turtlebot3_burger/meshes/burger_base.dae
[5.353s] -- Symlinking: /home/ik/aws_ws/install/turtlebot3_gazebo/share/turtlebot3_gazebo//models/turtlebot3_burger/meshes/lds.dae
[5.363s] -- Symlinking: /home/ik/aws_ws/install/turtlebot3_gazebo/share/turtlebot3_gazebo//models/turtlebot3_burger/meshes/tire.dae
[5.373s] -- Symlinking: /home/ik/aws_ws/install/turtlebot3_gazebo/share/turtlebot3_gazebo//models/turtlebot3_burger/model-1_4.sdf
[5.383s] -- Symlinking: /home/ik/aws_ws/install/turtlebot3_gazebo/share/turtlebot3_gazebo//models/turtlebot3_burger/model.config
[5.393s] -- Symlinking: /home/ik/aws_ws/install/turtlebot3_gazebo/share/turtlebot3_gazebo//models/turtlebot3_burger/model.sdf
[5.402s] -- Symlinking: /home/ik/aws_ws/install/turtlebot3_gazebo/share/turtlebot3_gazebo//models/turtlebot3_dqn_world/goal_box/model.config
[5.412s] -- Symlinking: /home/ik/aws_ws/install/turtlebot3_gazebo/share/turtlebot3_gazebo//models/turtlebot3_dqn_world/goal_box/model.sdf
[5.428s] -- Symlinking: /home/ik/aws_ws/install/turtlebot3_gazebo/share/turtlebot3_gazebo//models/turtlebot3_dqn_world/inner_walls/model.config
[5.439s] -- Symlinking: /home/ik/aws_ws/install/turtlebot3_gazebo/share/turtlebot3_gazebo//models/turtlebot3_dqn_world/inner_walls/model.sdf
[5.452s] -- Symlinking: /home/ik/aws_ws/install/turtlebot3_gazebo/share/turtlebot3_gazebo//models/turtlebot3_dqn_world/model.config
[5.462s] -- Symlinking: /home/ik/aws_ws/install/turtlebot3_gazebo/share/turtlebot3_gazebo//models/turtlebot3_dqn_world/model.sdf
[5.473s] -- Symlinking: /home/ik/aws_ws/install/turtlebot3_gazebo/share/turtlebot3_gazebo//models/turtlebot3_dqn_world/obstacle1/model.config
[5.485s] -- Symlinking: /home/ik/aws_ws/install/turtlebot3_gazebo/share/turtlebot3_gazebo//models/turtlebot3_dqn_world/obstacle1/model.sdf
[5.495s] -- Symlinking: /home/ik/aws_ws/install/turtlebot3_gazebo/share/turtlebot3_gazebo//models/turtlebot3_dqn_world/obstacle2/model.config
[5.505s] -- Symlinking: /home/ik/aws_ws/install/turtlebot3_gazebo/share/turtlebot3_gazebo//models/turtlebot3_dqn_world/obstacle2/model.sdf
[5.521s] -- Symlinking: /home/ik/aws_ws/install/turtlebot3_gazebo/share/turtlebot3_gazebo//models/turtlebot3_dqn_world/obstacle_plugin/CMakeLists.txt
[5.531s] -- Symlinking: /home/ik/aws_ws/install/turtlebot3_gazebo/share/turtlebot3_gazebo//models/turtlebot3_dqn_world/obstacle_plugin/obstacle1.cc
[5.541s] -- Symlinking: /home/ik/aws_ws/install/turtlebot3_gazebo/share/turtlebot3_gazebo//models/turtlebot3_dqn_world/obstacle_plugin/obstacle2.cc
[5.552s] -- Symlinking: /home/ik/aws_ws/install/turtlebot3_gazebo/share/turtlebot3_gazebo//models/turtlebot3_dqn_world/obstacle_plugin/obstacles.cc
[5.563s] -- Symlinking: /home/ik/aws_ws/install/turtlebot3_gazebo/share/turtlebot3_gazebo//models/turtlebot3_dqn_world/obstacles/model.config
[5.572s] -- Symlinking: /home/ik/aws_ws/install/turtlebot3_gazebo/share/turtlebot3_gazebo//models/turtlebot3_dqn_world/obstacles/model.sdf
[5.581s] -- Symlinking: /home/ik/aws_ws/install/turtlebot3_gazebo/share/turtlebot3_gazebo//models/turtlebot3_house/model.config
[5.589s] -- Symlinking: /home/ik/aws_ws/install/turtlebot3_gazebo/share/turtlebot3_gazebo//models/turtlebot3_house/model.sdf
[5.599s] -- Symlinking: /home/ik/aws_ws/install/turtlebot3_gazebo/share/turtlebot3_gazebo//models/turtlebot3_waffle/meshes/lds.dae
[5.608s] -- Symlinking: /home/ik/aws_ws/install/turtlebot3_gazebo/share/turtlebot3_gazebo//models/turtlebot3_waffle/meshes/r200.dae
[5.625s] -- Symlinking: /home/ik/aws_ws/install/turtlebot3_gazebo/share/turtlebot3_gazebo//models/turtlebot3_waffle/meshes/tire.dae
[5.635s] -- Symlinking: /home/ik/aws_ws/install/turtlebot3_gazebo/share/turtlebot3_gazebo//models/turtlebot3_waffle/meshes/waffle_base.dae
[5.646s] -- Symlinking: /home/ik/aws_ws/install/turtlebot3_gazebo/share/turtlebot3_gazebo//models/turtlebot3_waffle/model-1_4.sdf
[5.657s] -- Symlinking: /home/ik/aws_ws/install/turtlebot3_gazebo/share/turtlebot3_gazebo//models/turtlebot3_waffle/model.config
[5.668s] -- Symlinking: /home/ik/aws_ws/install/turtlebot3_gazebo/share/turtlebot3_gazebo//models/turtlebot3_waffle/model.sdf
[5.683s] -- Symlinking: /home/ik/aws_ws/install/turtlebot3_gazebo/share/turtlebot3_gazebo//models/turtlebot3_waffle_pi/meshes/lds.dae
[5.693s] -- Symlinking: /home/ik/aws_ws/install/turtlebot3_gazebo/share/turtlebot3_gazebo//models/turtlebot3_waffle_pi/meshes/tire.dae
[5.703s] -- Symlinking: /home/ik/aws_ws/install/turtlebot3_gazebo/share/turtlebot3_gazebo//models/turtlebot3_waffle_pi/meshes/waffle_pi_base.dae
[5.713s] -- Symlinking: /home/ik/aws_ws/install/turtlebot3_gazebo/share/turtlebot3_gazebo//models/turtlebot3_waffle_pi/model-1_4_.sdf
[5.722s] -- Symlinking: /home/ik/aws_ws/install/turtlebot3_gazebo/share/turtlebot3_gazebo//models/turtlebot3_waffle_pi/model.config
[5.731s] -- Symlinking: /home/ik/aws_ws/install/turtlebot3_gazebo/share/turtlebot3_gazebo//models/turtlebot3_waffle_pi/model.sdf
[5.741s] -- Symlinking: /home/ik/aws_ws/install/turtlebot3_gazebo/share/turtlebot3_gazebo//models/turtlebot3_world/meshes/hexagon.dae
[5.751s] -- Symlinking: /home/ik/aws_ws/install/turtlebot3_gazebo/share/turtlebot3_gazebo//models/turtlebot3_world/meshes/wall.dae
[5.764s] -- Symlinking: /home/ik/aws_ws/install/turtlebot3_gazebo/share/turtlebot3_gazebo//models/turtlebot3_world/model-1_4.sdf
[5.772s] -- Symlinking: /home/ik/aws_ws/install/turtlebot3_gazebo/share/turtlebot3_gazebo//models/turtlebot3_world/model.config
[5.782s] -- Symlinking: /home/ik/aws_ws/install/turtlebot3_gazebo/share/turtlebot3_gazebo//models/turtlebot3_world/model.sdf
[5.792s] -- Symlinking: /home/ik/aws_ws/install/turtlebot3_gazebo/share/turtlebot3_gazebo//rviz/tb3_gazebo.rviz
[5.802s] -- Symlinking: /home/ik/aws_ws/install/turtlebot3_gazebo/share/turtlebot3_gazebo//worlds/empty_worlds/burger.model
[5.813s] -- Symlinking: /home/ik/aws_ws/install/turtlebot3_gazebo/share/turtlebot3_gazebo//worlds/empty_worlds/waffle.model
[5.830s] -- Symlinking: /home/ik/aws_ws/install/turtlebot3_gazebo/share/turtlebot3_gazebo//worlds/empty_worlds/waffle_pi.model
[5.842s] -- Symlinking: /home/ik/aws_ws/install/turtlebot3_gazebo/share/turtlebot3_gazebo//worlds/no_roof_small_warehouse/no_roof_small_warehouse.world
[5.871s] -- Symlinking: /home/ik/aws_ws/install/turtlebot3_gazebo/share/turtlebot3_gazebo//worlds/small_warehouse/small_warehouse.world
[5.902s] -- Symlinking: /home/ik/aws_ws/install/turtlebot3_gazebo/share/turtlebot3_gazebo//worlds/test_sim/test_sim.world
[5.938s] -- Symlinking: /home/ik/aws_ws/install/turtlebot3_gazebo/share/turtlebot3_gazebo//worlds/turtlebot3_autoraces/burger.model
[5.964s] -- Symlinking: /home/ik/aws_ws/install/turtlebot3_gazebo/share/turtlebot3_gazebo//worlds/turtlebot3_autoraces/waffle.model
[6.000s] -- Symlinking: /home/ik/aws_ws/install/turtlebot3_gazebo/share/turtlebot3_gazebo//worlds/turtlebot3_autoraces/waffle_pi.model
[6.024s] -- Symlinking: /home/ik/aws_ws/install/turtlebot3_gazebo/share/turtlebot3_gazebo//worlds/turtlebot3_dqn_stage1/burger.model
[6.051s] -- Symlinking: /home/ik/aws_ws/install/turtlebot3_gazebo/share/turtlebot3_gazebo//worlds/turtlebot3_dqn_stage1/waffle.model
[6.079s] -- Symlinking: /home/ik/aws_ws/install/turtlebot3_gazebo/share/turtlebot3_gazebo//worlds/turtlebot3_dqn_stage1/waffle_pi.model
[6.112s] -- Symlinking: /home/ik/aws_ws/install/turtlebot3_gazebo/share/turtlebot3_gazebo//worlds/turtlebot3_dqn_stage2/burger.model
[6.143s] -- Symlinking: /home/ik/aws_ws/install/turtlebot3_gazebo/share/turtlebot3_gazebo//worlds/turtlebot3_dqn_stage2/waffle.model
[6.176s] -- Symlinking: /home/ik/aws_ws/install/turtlebot3_gazebo/share/turtlebot3_gazebo//worlds/turtlebot3_dqn_stage2/waffle_pi.model
[6.204s] -- Symlinking: /home/ik/aws_ws/install/turtlebot3_gazebo/share/turtlebot3_gazebo//worlds/turtlebot3_dqn_stage3/burger.model
[6.220s] -- Symlinking: /home/ik/aws_ws/install/turtlebot3_gazebo/share/turtlebot3_gazebo//worlds/turtlebot3_dqn_stage3/waffle.model
[6.230s] -- Symlinking: /home/ik/aws_ws/install/turtlebot3_gazebo/share/turtlebot3_gazebo//worlds/turtlebot3_dqn_stage3/waffle_pi.model
[6.242s] -- Symlinking: /home/ik/aws_ws/install/turtlebot3_gazebo/share/turtlebot3_gazebo//worlds/turtlebot3_dqn_stage4/burger.model
[6.257s] -- Symlinking: /home/ik/aws_ws/install/turtlebot3_gazebo/share/turtlebot3_gazebo//worlds/turtlebot3_dqn_stage4/waffle.model
[6.266s] -- Symlinking: /home/ik/aws_ws/install/turtlebot3_gazebo/share/turtlebot3_gazebo//worlds/turtlebot3_dqn_stage4/waffle_pi.model
[6.276s] -- Symlinking: /home/ik/aws_ws/install/turtlebot3_gazebo/share/turtlebot3_gazebo//worlds/turtlebot3_houses/burger.model
[6.284s] -- Symlinking: /home/ik/aws_ws/install/turtlebot3_gazebo/share/turtlebot3_gazebo//worlds/turtlebot3_houses/waffle.model
[6.293s] -- Symlinking: /home/ik/aws_ws/install/turtlebot3_gazebo/share/turtlebot3_gazebo//worlds/turtlebot3_houses/waffle_pi.model
[6.304s] -- Symlinking: /home/ik/aws_ws/install/turtlebot3_gazebo/share/turtlebot3_gazebo//worlds/turtlebot3_worlds/burger.model
[6.318s] -- Symlinking: /home/ik/aws_ws/install/turtlebot3_gazebo/share/turtlebot3_gazebo//worlds/turtlebot3_worlds/waffle.model
[6.333s] -- Symlinking: /home/ik/aws_ws/install/turtlebot3_gazebo/share/turtlebot3_gazebo//worlds/turtlebot3_worlds/waffle_pi.model
[6.349s] -- Symlinking: /home/ik/aws_ws/install/turtlebot3_gazebo/include//turtlebot3_gazebo/turtlebot3_drive.hpp
[6.365s] -- Symlinking: /home/ik/aws_ws/install/turtlebot3_gazebo/share/ament_index/resource_index/package_run_dependencies/turtlebot3_gazebo
[6.382s] -- Symlinking: /home/ik/aws_ws/install/turtlebot3_gazebo/share/ament_index/resource_index/parent_prefix_path/turtlebot3_gazebo
[6.397s] -- Symlinking: /home/ik/aws_ws/install/turtlebot3_gazebo/share/turtlebot3_gazebo/environment/ament_prefix_path.sh
[6.408s] -- Symlinking: /home/ik/aws_ws/install/turtlebot3_gazebo/share/turtlebot3_gazebo/environment/ament_prefix_path.dsv
[6.417s] -- Symlinking: /home/ik/aws_ws/install/turtlebot3_gazebo/share/turtlebot3_gazebo/environment/path.sh
[6.431s] -- Symlinking: /home/ik/aws_ws/install/turtlebot3_gazebo/share/turtlebot3_gazebo/environment/path.dsv
[6.449s] -- Symlinking: /home/ik/aws_ws/install/turtlebot3_gazebo/share/turtlebot3_gazebo/local_setup.bash
[6.464s] -- Symlinking: /home/ik/aws_ws/install/turtlebot3_gazebo/share/turtlebot3_gazebo/local_setup.sh
[6.474s] -- Symlinking: /home/ik/aws_ws/install/turtlebot3_gazebo/share/turtlebot3_gazebo/local_setup.zsh
[6.484s] -- Symlinking: /home/ik/aws_ws/install/turtlebot3_gazebo/share/turtlebot3_gazebo/local_setup.dsv
[6.494s] -- Symlinking: /home/ik/aws_ws/install/turtlebot3_gazebo/share/turtlebot3_gazebo/package.dsv
[6.504s] -- Symlinking: /home/ik/aws_ws/install/turtlebot3_gazebo/share/ament_index/resource_index/packages/turtlebot3_gazebo
[6.515s] -- Symlinking: /home/ik/aws_ws/install/turtlebot3_gazebo/share/turtlebot3_gazebo/cmake/ament_cmake_export_include_directories-extras.cmake
[6.528s] -- Symlinking: /home/ik/aws_ws/install/turtlebot3_gazebo/share/turtlebot3_gazebo/cmake/ament_cmake_export_dependencies-extras.cmake
[6.542s] -- Symlinking: /home/ik/aws_ws/install/turtlebot3_gazebo/share/turtlebot3_gazebo/cmake/turtlebot3_gazeboConfig.cmake
[6.554s] -- Symlinking: /home/ik/aws_ws/install/turtlebot3_gazebo/share/turtlebot3_gazebo/cmake/turtlebot3_gazeboConfig-version.cmake
[6.569s] -- Symlinking: /home/ik/aws_ws/install/turtlebot3_gazebo/share/turtlebot3_gazebo/package.xml
[6.581s] Invoked command in '/home/ik/aws_ws/build/turtlebot3_gazebo' returned '0': CMAKE_PREFIX_PATH=${CMAKE_PREFIX_PATH}:/opt/ros/foxy /usr/bin/cmake --install /home/ik/aws_ws/build/turtlebot3_gazebo
