[0.063s] Invoking command in '/home/ik/aws_ws/build/basic_mobile_robot': CMAKE_PREFIX_PATH=${CMAKE_PREFIX_PATH}:/home/ik/aws_ws/install/nav2_gazebo_spawner:/opt/ros/foxy /usr/bin/cmake --build /home/ik/aws_ws/build/basic_mobile_robot -- -j8 -l8
[0.304s] Invoked command in '/home/ik/aws_ws/build/basic_mobile_robot' returned '0': CMAKE_PREFIX_PATH=${CMAKE_PREFIX_PATH}:/home/ik/aws_ws/install/nav2_gazebo_spawner:/opt/ros/foxy /usr/bin/cmake --build /home/ik/aws_ws/build/basic_mobile_robot -- -j8 -l8
[0.352s] Invoking command in '/home/ik/aws_ws/build/basic_mobile_robot': CMAKE_PREFIX_PATH=${CMAKE_PREFIX_PATH}:/home/ik/aws_ws/install/nav2_gazebo_spawner:/opt/ros/foxy /usr/bin/cmake --install /home/ik/aws_ws/build/basic_mobile_robot
[0.369s] -- Install configuration: ""
[0.369s] -- Up-to-date: /home/ik/aws_ws/install/basic_mobile_robot/share/basic_mobile_robot/config
[0.369s] -- Up-to-date: /home/ik/aws_ws/install/basic_mobile_robot/share/basic_mobile_robot/config/ekf.yaml
[0.369s] -- Up-to-date: /home/ik/aws_ws/install/basic_mobile_robot/share/basic_mobile_robot/launch
[0.369s] -- Up-to-date: /home/ik/aws_ws/install/basic_mobile_robot/share/basic_mobile_robot/launch/basic_mobile_bot_v1.launch.py
[0.369s] -- Up-to-date: /home/ik/aws_ws/install/basic_mobile_robot/share/basic_mobile_robot/launch/basic_mobile_bot_v3.launch.py
[0.369s] -- Installing: /home/ik/aws_ws/install/basic_mobile_robot/share/basic_mobile_robot/launch/basic_mobile_bot_v5.launch.py
[0.369s] -- Up-to-date: /home/ik/aws_ws/install/basic_mobile_robot/share/basic_mobile_robot/launch/basic_mobile_bot_v2.launch.py
[0.369s] -- Up-to-date: /home/ik/aws_ws/install/basic_mobile_robot/share/basic_mobile_robot/launch/basic_mobile_bot_v4.launch.py
[0.369s] -- Up-to-date: /home/ik/aws_ws/install/basic_mobile_robot/share/basic_mobile_robot/maps
[0.370s] -- Up-to-date: /home/ik/aws_ws/install/basic_mobile_robot/share/basic_mobile_robot/maps/map.pgm
[0.370s] -- Up-to-date: /home/ik/aws_ws/install/basic_mobile_robot/share/basic_mobile_robot/maps/smalltown_world.yaml
[0.370s] -- Up-to-date: /home/ik/aws_ws/install/basic_mobile_robot/share/basic_mobile_robot/maps/map.yaml
[0.370s] -- Up-to-date: /home/ik/aws_ws/install/basic_mobile_robot/share/basic_mobile_robot/maps/smalltown_world.pgm
[0.370s] -- Up-to-date: /home/ik/aws_ws/install/basic_mobile_robot/share/basic_mobile_robot/meshes
[0.370s] -- Up-to-date: /home/ik/aws_ws/install/basic_mobile_robot/share/basic_mobile_robot/meshes/wrist.stl
[0.370s] -- Up-to-date: /home/ik/aws_ws/install/basic_mobile_robot/share/basic_mobile_robot/meshes/bicep.stl
[0.370s] -- Up-to-date: /home/ik/aws_ws/install/basic_mobile_robot/share/basic_mobile_robot/meshes/arm_base.stl
[0.370s] -- Up-to-date: /home/ik/aws_ws/install/basic_mobile_robot/share/basic_mobile_robot/meshes/robot_base.stl
[0.370s] -- Up-to-date: /home/ik/aws_ws/install/basic_mobile_robot/share/basic_mobile_robot/meshes/elbow.stl
[0.370s] -- Up-to-date: /home/ik/aws_ws/install/basic_mobile_robot/share/basic_mobile_robot/meshes/wheel.stl
[0.370s] -- Up-to-date: /home/ik/aws_ws/install/basic_mobile_robot/share/basic_mobile_robot/models
[0.370s] -- Up-to-date: /home/ik/aws_ws/install/basic_mobile_robot/share/basic_mobile_robot/models/basic_mobile_bot_v2.urdf
[0.370s] -- Up-to-date: /home/ik/aws_ws/install/basic_mobile_robot/share/basic_mobile_robot/models/aws_robomaker_warehouse_Bucket_01
[0.370s] -- Up-to-date: /home/ik/aws_ws/install/basic_mobile_robot/share/basic_mobile_robot/models/aws_robomaker_warehouse_Bucket_01/materials
[0.370s] -- Up-to-date: /home/ik/aws_ws/install/basic_mobile_robot/share/basic_mobile_robot/models/aws_robomaker_warehouse_Bucket_01/materials/textures
[0.370s] -- Up-to-date: /home/ik/aws_ws/install/basic_mobile_robot/share/basic_mobile_robot/models/aws_robomaker_warehouse_Bucket_01/materials/textures/aws_robomaker_warehouse_Bucket_01.png
[0.371s] -- Up-to-date: /home/ik/aws_ws/install/basic_mobile_robot/share/basic_mobile_robot/models/aws_robomaker_warehouse_Bucket_01/materials/.DS_Store
[0.371s] -- Up-to-date: /home/ik/aws_ws/install/basic_mobile_robot/share/basic_mobile_robot/models/aws_robomaker_warehouse_Bucket_01/model.sdf
[0.371s] -- Up-to-date: /home/ik/aws_ws/install/basic_mobile_robot/share/basic_mobile_robot/models/aws_robomaker_warehouse_Bucket_01/.DS_Store
[0.371s] -- Up-to-date: /home/ik/aws_ws/install/basic_mobile_robot/share/basic_mobile_robot/models/aws_robomaker_warehouse_Bucket_01/model.config
[0.371s] -- Up-to-date: /home/ik/aws_ws/install/basic_mobile_robot/share/basic_mobile_robot/models/aws_robomaker_warehouse_Bucket_01/meshes
[0.371s] -- Up-to-date: /home/ik/aws_ws/install/basic_mobile_robot/share/basic_mobile_robot/models/aws_robomaker_warehouse_Bucket_01/meshes/aws_robomaker_warehouse_Bucket_01_visual.DAE
[0.371s] -- Up-to-date: /home/ik/aws_ws/install/basic_mobile_robot/share/basic_mobile_robot/models/aws_robomaker_warehouse_Bucket_01/meshes/aws_robomaker_warehouse_Bucket_01_collision.DAE
[0.371s] -- Up-to-date: /home/ik/aws_ws/install/basic_mobile_robot/share/basic_mobile_robot/models/aws_robomaker_warehouse_DeskC_01
[0.371s] -- Up-to-date: /home/ik/aws_ws/install/basic_mobile_robot/share/basic_mobile_robot/models/aws_robomaker_warehouse_DeskC_01/materials
[0.371s] -- Up-to-date: /home/ik/aws_ws/install/basic_mobile_robot/share/basic_mobile_robot/models/aws_robomaker_warehouse_DeskC_01/materials/textures
[0.371s] -- Up-to-date: /home/ik/aws_ws/install/basic_mobile_robot/share/basic_mobile_robot/models/aws_robomaker_warehouse_DeskC_01/materials/textures/aws_robomaker_warehouse_DeskC_03.png
[0.371s] -- Up-to-date: /home/ik/aws_ws/install/basic_mobile_robot/share/basic_mobile_robot/models/aws_robomaker_warehouse_DeskC_01/materials/textures/aws_robomaker_warehouse_DeskC_01.png
[0.371s] -- Up-to-date: /home/ik/aws_ws/install/basic_mobile_robot/share/basic_mobile_robot/models/aws_robomaker_warehouse_DeskC_01/materials/textures/aws_robomaker_warehouse_DeskC_03.psd
[0.371s] -- Up-to-date: /home/ik/aws_ws/install/basic_mobile_robot/share/basic_mobile_robot/models/aws_robomaker_warehouse_DeskC_01/materials/textures/aws_robomaker_warehouse_DeskC_04.png
[0.371s] -- Up-to-date: /home/ik/aws_ws/install/basic_mobile_robot/share/basic_mobile_robot/models/aws_robomaker_warehouse_DeskC_01/materials/textures/aws_robomaker_warehouse_DeskC_02.png
[0.371s] -- Up-to-date: /home/ik/aws_ws/install/basic_mobile_robot/share/basic_mobile_robot/models/aws_robomaker_warehouse_DeskC_01/materials/.DS_Store
[0.372s] -- Up-to-date: /home/ik/aws_ws/install/basic_mobile_robot/share/basic_mobile_robot/models/aws_robomaker_warehouse_DeskC_01/model.sdf
[0.372s] -- Up-to-date: /home/ik/aws_ws/install/basic_mobile_robot/share/basic_mobile_robot/models/aws_robomaker_warehouse_DeskC_01/model.config
[0.372s] -- Up-to-date: /home/ik/aws_ws/install/basic_mobile_robot/share/basic_mobile_robot/models/aws_robomaker_warehouse_DeskC_01/meshes
[0.372s] -- Up-to-date: /home/ik/aws_ws/install/basic_mobile_robot/share/basic_mobile_robot/models/aws_robomaker_warehouse_DeskC_01/meshes/aws_robomaker_warehouse_DeskC_01_visual.DAE
[0.372s] -- Up-to-date: /home/ik/aws_ws/install/basic_mobile_robot/share/basic_mobile_robot/models/aws_robomaker_warehouse_DeskC_01/meshes/aws_robomaker_warehouse_DeskC_01_collision.DAE
[0.372s] -- Up-to-date: /home/ik/aws_ws/install/basic_mobile_robot/share/basic_mobile_robot/models/aws_robomaker_warehouse_ClutteringD_01
[0.372s] -- Up-to-date: /home/ik/aws_ws/install/basic_mobile_robot/share/basic_mobile_robot/models/aws_robomaker_warehouse_ClutteringD_01/materials
[0.372s] -- Up-to-date: /home/ik/aws_ws/install/basic_mobile_robot/share/basic_mobile_robot/models/aws_robomaker_warehouse_ClutteringD_01/materials/textures
[0.372s] -- Up-to-date: /home/ik/aws_ws/install/basic_mobile_robot/share/basic_mobile_robot/models/aws_robomaker_warehouse_ClutteringD_01/materials/textures/aws_robomaker_warehouse_ClutteringD_01.png
[0.372s] -- Up-to-date: /home/ik/aws_ws/install/basic_mobile_robot/share/basic_mobile_robot/models/aws_robomaker_warehouse_ClutteringD_01/materials/textures/aws_robomaker_warehouse_ClutteringD_02.png
[0.372s] -- Up-to-date: /home/ik/aws_ws/install/basic_mobile_robot/share/basic_mobile_robot/models/aws_robomaker_warehouse_ClutteringD_01/model.sdf
[0.372s] -- Up-to-date: /home/ik/aws_ws/install/basic_mobile_robot/share/basic_mobile_robot/models/aws_robomaker_warehouse_ClutteringD_01/model.config
[0.372s] -- Up-to-date: /home/ik/aws_ws/install/basic_mobile_robot/share/basic_mobile_robot/models/aws_robomaker_warehouse_ClutteringD_01/meshes
[0.372s] -- Up-to-date: /home/ik/aws_ws/install/basic_mobile_robot/share/basic_mobile_robot/models/aws_robomaker_warehouse_ClutteringD_01/meshes/aws_robomaker_warehouse_ClutteringD_01_visual.DAE
[0.372s] -- Up-to-date: /home/ik/aws_ws/install/basic_mobile_robot/share/basic_mobile_robot/models/aws_robomaker_warehouse_ClutteringD_01/meshes/aws_robomaker_warehouse_ClutteringD_01_collision.DAE
[0.372s] -- Up-to-date: /home/ik/aws_ws/install/basic_mobile_robot/share/basic_mobile_robot/models/aws_robomaker_warehouse_WallB_01
[0.372s] -- Up-to-date: /home/ik/aws_ws/install/basic_mobile_robot/share/basic_mobile_robot/models/aws_robomaker_warehouse_WallB_01/materials
[0.373s] -- Up-to-date: /home/ik/aws_ws/install/basic_mobile_robot/share/basic_mobile_robot/models/aws_robomaker_warehouse_WallB_01/materials/textures
[0.373s] -- Up-to-date: /home/ik/aws_ws/install/basic_mobile_robot/share/basic_mobile_robot/models/aws_robomaker_warehouse_WallB_01/materials/textures/aws_robomaker_warehouse_WallB_01.png
[0.373s] -- Up-to-date: /home/ik/aws_ws/install/basic_mobile_robot/share/basic_mobile_robot/models/aws_robomaker_warehouse_WallB_01/model.sdf
[0.373s] -- Up-to-date: /home/ik/aws_ws/install/basic_mobile_robot/share/basic_mobile_robot/models/aws_robomaker_warehouse_WallB_01/model.config
[0.373s] -- Up-to-date: /home/ik/aws_ws/install/basic_mobile_robot/share/basic_mobile_robot/models/aws_robomaker_warehouse_WallB_01/meshes
[0.373s] -- Up-to-date: /home/ik/aws_ws/install/basic_mobile_robot/share/basic_mobile_robot/models/aws_robomaker_warehouse_WallB_01/meshes/aws_robomaker_warehouse_WallB_01_visual.DAE
[0.373s] -- Up-to-date: /home/ik/aws_ws/install/basic_mobile_robot/share/basic_mobile_robot/models/aws_robomaker_warehouse_WallB_01/meshes/aws_robomaker_warehouse_WallB_01_collision.DAE
[0.373s] -- Up-to-date: /home/ik/aws_ws/install/basic_mobile_robot/share/basic_mobile_robot/models/aws_robomaker_warehouse_ShelfD_01
[0.373s] -- Up-to-date: /home/ik/aws_ws/install/basic_mobile_robot/share/basic_mobile_robot/models/aws_robomaker_warehouse_ShelfD_01/materials
[0.373s] -- Up-to-date: /home/ik/aws_ws/install/basic_mobile_robot/share/basic_mobile_robot/models/aws_robomaker_warehouse_ShelfD_01/materials/textures
[0.373s] -- Up-to-date: /home/ik/aws_ws/install/basic_mobile_robot/share/basic_mobile_robot/models/aws_robomaker_warehouse_ShelfD_01/materials/textures/aws_robomaker_warehouse_ShelfD_04.png
[0.373s] -- Up-to-date: /home/ik/aws_ws/install/basic_mobile_robot/share/basic_mobile_robot/models/aws_robomaker_warehouse_ShelfD_01/materials/textures/aws_robomaker_warehouse_ShelfD_02.png
[0.373s] -- Up-to-date: /home/ik/aws_ws/install/basic_mobile_robot/share/basic_mobile_robot/models/aws_robomaker_warehouse_ShelfD_01/materials/textures/aws_robomaker_warehouse_ShelfD_03.png
[0.373s] -- Up-to-date: /home/ik/aws_ws/install/basic_mobile_robot/share/basic_mobile_robot/models/aws_robomaker_warehouse_ShelfD_01/materials/textures/aws_robomaker_warehouse_ShelfD_01.png
[0.373s] -- Up-to-date: /home/ik/aws_ws/install/basic_mobile_robot/share/basic_mobile_robot/models/aws_robomaker_warehouse_ShelfD_01/model.sdf
[0.373s] -- Up-to-date: /home/ik/aws_ws/install/basic_mobile_robot/share/basic_mobile_robot/models/aws_robomaker_warehouse_ShelfD_01/model.config
[0.373s] -- Up-to-date: /home/ik/aws_ws/install/basic_mobile_robot/share/basic_mobile_robot/models/aws_robomaker_warehouse_ShelfD_01/meshes
[0.373s] -- Up-to-date: /home/ik/aws_ws/install/basic_mobile_robot/share/basic_mobile_robot/models/aws_robomaker_warehouse_ShelfD_01/meshes/aws_robomaker_warehouse_ShelfD_01_collision.DAE
[0.374s] -- Up-to-date: /home/ik/aws_ws/install/basic_mobile_robot/share/basic_mobile_robot/models/aws_robomaker_warehouse_ShelfD_01/meshes/aws_robomaker_warehouse_ShelfD_01_visual.DAE
[0.374s] -- Up-to-date: /home/ik/aws_ws/install/basic_mobile_robot/share/basic_mobile_robot/models/aws_robomaker_warehouse_ClutteringA_01
[0.374s] -- Up-to-date: /home/ik/aws_ws/install/basic_mobile_robot/share/basic_mobile_robot/models/aws_robomaker_warehouse_ClutteringA_01/materials
[0.374s] -- Up-to-date: /home/ik/aws_ws/install/basic_mobile_robot/share/basic_mobile_robot/models/aws_robomaker_warehouse_ClutteringA_01/materials/textures
[0.374s] -- Up-to-date: /home/ik/aws_ws/install/basic_mobile_robot/share/basic_mobile_robot/models/aws_robomaker_warehouse_ClutteringA_01/materials/textures/aws_robomaker_warehouse_ClutteringA_03.png
[0.374s] -- Up-to-date: /home/ik/aws_ws/install/basic_mobile_robot/share/basic_mobile_robot/models/aws_robomaker_warehouse_ClutteringA_01/materials/textures/.DS_Store
[0.374s] -- Up-to-date: /home/ik/aws_ws/install/basic_mobile_robot/share/basic_mobile_robot/models/aws_robomaker_warehouse_ClutteringA_01/materials/textures/aws_robomaker_warehouse_ClutteringA_01.png
[0.374s] -- Up-to-date: /home/ik/aws_ws/install/basic_mobile_robot/share/basic_mobile_robot/models/aws_robomaker_warehouse_ClutteringA_01/materials/textures/aws_robomaker_warehouse_ClutteringA_02.png
[0.374s] -- Up-to-date: /home/ik/aws_ws/install/basic_mobile_robot/share/basic_mobile_robot/models/aws_robomaker_warehouse_ClutteringA_01/materials/.DS_Store
[0.374s] -- Up-to-date: /home/ik/aws_ws/install/basic_mobile_robot/share/basic_mobile_robot/models/aws_robomaker_warehouse_ClutteringA_01/model.sdf
[0.374s] -- Up-to-date: /home/ik/aws_ws/install/basic_mobile_robot/share/basic_mobile_robot/models/aws_robomaker_warehouse_ClutteringA_01/.DS_Store
[0.374s] -- Up-to-date: /home/ik/aws_ws/install/basic_mobile_robot/share/basic_mobile_robot/models/aws_robomaker_warehouse_ClutteringA_01/model.config
[0.374s] -- Up-to-date: /home/ik/aws_ws/install/basic_mobile_robot/share/basic_mobile_robot/models/aws_robomaker_warehouse_ClutteringA_01/meshes
[0.374s] -- Up-to-date: /home/ik/aws_ws/install/basic_mobile_robot/share/basic_mobile_robot/models/aws_robomaker_warehouse_ClutteringA_01/meshes/aws_robomaker_warehouse_ClutteringA_01_collision.DAE
[0.374s] -- Up-to-date: /home/ik/aws_ws/install/basic_mobile_robot/share/basic_mobile_robot/models/aws_robomaker_warehouse_ClutteringA_01/meshes/aws_robomaker_warehouse_ClutteringA_01_visual.DAE
[0.374s] -- Up-to-date: /home/ik/aws_ws/install/basic_mobile_robot/share/basic_mobile_robot/models/aws_robomaker_warehouse_ShelfE_01
[0.374s] -- Up-to-date: /home/ik/aws_ws/install/basic_mobile_robot/share/basic_mobile_robot/models/aws_robomaker_warehouse_ShelfE_01/materials
[0.374s] -- Up-to-date: /home/ik/aws_ws/install/basic_mobile_robot/share/basic_mobile_robot/models/aws_robomaker_warehouse_ShelfE_01/materials/textures
[0.375s] -- Up-to-date: /home/ik/aws_ws/install/basic_mobile_robot/share/basic_mobile_robot/models/aws_robomaker_warehouse_ShelfE_01/materials/textures/aws_robomaker_warehouse_ShelfE_01.png
[0.375s] -- Up-to-date: /home/ik/aws_ws/install/basic_mobile_robot/share/basic_mobile_robot/models/aws_robomaker_warehouse_ShelfE_01/materials/textures/aws_robomaker_warehouse_ShelfE_02.png
[0.375s] -- Up-to-date: /home/ik/aws_ws/install/basic_mobile_robot/share/basic_mobile_robot/models/aws_robomaker_warehouse_ShelfE_01/materials/textures/aws_robomaker_warehouse_ShelfE_03.png
[0.375s] -- Up-to-date: /home/ik/aws_ws/install/basic_mobile_robot/share/basic_mobile_robot/models/aws_robomaker_warehouse_ShelfE_01/materials/textures/aws_robomaker_warehouse_ShelfE_04.png
[0.375s] -- Up-to-date: /home/ik/aws_ws/install/basic_mobile_robot/share/basic_mobile_robot/models/aws_robomaker_warehouse_ShelfE_01/materials/.DS_Store
[0.375s] -- Up-to-date: /home/ik/aws_ws/install/basic_mobile_robot/share/basic_mobile_robot/models/aws_robomaker_warehouse_ShelfE_01/model.sdf
[0.375s] -- Up-to-date: /home/ik/aws_ws/install/basic_mobile_robot/share/basic_mobile_robot/models/aws_robomaker_warehouse_ShelfE_01/.DS_Store
[0.375s] -- Up-to-date: /home/ik/aws_ws/install/basic_mobile_robot/share/basic_mobile_robot/models/aws_robomaker_warehouse_ShelfE_01/model.config
[0.375s] -- Up-to-date: /home/ik/aws_ws/install/basic_mobile_robot/share/basic_mobile_robot/models/aws_robomaker_warehouse_ShelfE_01/meshes
[0.375s] -- Up-to-date: /home/ik/aws_ws/install/basic_mobile_robot/share/basic_mobile_robot/models/aws_robomaker_warehouse_ShelfE_01/meshes/aws_robomaker_warehouse_ShelfE_01_visual.DAE
[0.375s] -- Up-to-date: /home/ik/aws_ws/install/basic_mobile_robot/share/basic_mobile_robot/models/aws_robomaker_warehouse_ShelfE_01/meshes/aws_robomaker_warehouse_ShelfE_01_collision.DAE
[0.375s] -- Up-to-date: /home/ik/aws_ws/install/basic_mobile_robot/share/basic_mobile_robot/models/aws_robomaker_warehouse_TrashCanC_01
[0.375s] -- Up-to-date: /home/ik/aws_ws/install/basic_mobile_robot/share/basic_mobile_robot/models/aws_robomaker_warehouse_TrashCanC_01/materials
[0.375s] -- Up-to-date: /home/ik/aws_ws/install/basic_mobile_robot/share/basic_mobile_robot/models/aws_robomaker_warehouse_TrashCanC_01/materials/textures
[0.375s] -- Up-to-date: /home/ik/aws_ws/install/basic_mobile_robot/share/basic_mobile_robot/models/aws_robomaker_warehouse_TrashCanC_01/materials/textures/aws_robomaker_warehouse_TrashCanC_01.png
[0.375s] -- Up-to-date: /home/ik/aws_ws/install/basic_mobile_robot/share/basic_mobile_robot/models/aws_robomaker_warehouse_TrashCanC_01/model.sdf
[0.375s] -- Up-to-date: /home/ik/aws_ws/install/basic_mobile_robot/share/basic_mobile_robot/models/aws_robomaker_warehouse_TrashCanC_01/model.config
[0.375s] -- Up-to-date: /home/ik/aws_ws/install/basic_mobile_robot/share/basic_mobile_robot/models/aws_robomaker_warehouse_TrashCanC_01/meshes
[0.376s] -- Up-to-date: /home/ik/aws_ws/install/basic_mobile_robot/share/basic_mobile_robot/models/aws_robomaker_warehouse_TrashCanC_01/meshes/aws_robomaker_warehouse_TrashCanC_01_visual.DAE
[0.376s] -- Up-to-date: /home/ik/aws_ws/install/basic_mobile_robot/share/basic_mobile_robot/models/aws_robomaker_warehouse_TrashCanC_01/meshes/aws_robomaker_warehouse_TrashCanC_01_collision.DAE
[0.376s] -- Up-to-date: /home/ik/aws_ws/install/basic_mobile_robot/share/basic_mobile_robot/models/aws_robomaker_warehouse_ShelfF_01
[0.376s] -- Up-to-date: /home/ik/aws_ws/install/basic_mobile_robot/share/basic_mobile_robot/models/aws_robomaker_warehouse_ShelfF_01/materials
[0.376s] -- Up-to-date: /home/ik/aws_ws/install/basic_mobile_robot/share/basic_mobile_robot/models/aws_robomaker_warehouse_ShelfF_01/materials/textures
[0.376s] -- Up-to-date: /home/ik/aws_ws/install/basic_mobile_robot/share/basic_mobile_robot/models/aws_robomaker_warehouse_ShelfF_01/materials/textures/aws_robomaker_warehouse_ShelfF_02.png
[0.376s] -- Up-to-date: /home/ik/aws_ws/install/basic_mobile_robot/share/basic_mobile_robot/models/aws_robomaker_warehouse_ShelfF_01/materials/textures/aws_robomaker_warehouse_ShelfF_03.png
[0.376s] -- Up-to-date: /home/ik/aws_ws/install/basic_mobile_robot/share/basic_mobile_robot/models/aws_robomaker_warehouse_ShelfF_01/materials/textures/aws_robomaker_warehouse_ShelfF_01.png
[0.376s] -- Up-to-date: /home/ik/aws_ws/install/basic_mobile_robot/share/basic_mobile_robot/models/aws_robomaker_warehouse_ShelfF_01/model.sdf
[0.376s] -- Up-to-date: /home/ik/aws_ws/install/basic_mobile_robot/share/basic_mobile_robot/models/aws_robomaker_warehouse_ShelfF_01/model.config
[0.376s] -- Up-to-date: /home/ik/aws_ws/install/basic_mobile_robot/share/basic_mobile_robot/models/aws_robomaker_warehouse_ShelfF_01/meshes
[0.377s] -- Up-to-date: /home/ik/aws_ws/install/basic_mobile_robot/share/basic_mobile_robot/models/aws_robomaker_warehouse_ShelfF_01/meshes/aws_robomaker_warehouse_ShelfF_01_visual.DAE
[0.377s] -- Up-to-date: /home/ik/aws_ws/install/basic_mobile_robot/share/basic_mobile_robot/models/aws_robomaker_warehouse_ShelfF_01/meshes/aws_robomaker_warehouse_ShelfF_01_collision.DAE
[0.377s] -- Up-to-date: /home/ik/aws_ws/install/basic_mobile_robot/share/basic_mobile_robot/models/aws_robomaker_warehouse_Lamp_01
[0.377s] -- Up-to-date: /home/ik/aws_ws/install/basic_mobile_robot/share/basic_mobile_robot/models/aws_robomaker_warehouse_Lamp_01/materials
[0.377s] -- Up-to-date: /home/ik/aws_ws/install/basic_mobile_robot/share/basic_mobile_robot/models/aws_robomaker_warehouse_Lamp_01/materials/textures
[0.377s] -- Up-to-date: /home/ik/aws_ws/install/basic_mobile_robot/share/basic_mobile_robot/models/aws_robomaker_warehouse_Lamp_01/materials/textures/aws_robomaker_warehouse_Lamp_01.png
[0.377s] -- Up-to-date: /home/ik/aws_ws/install/basic_mobile_robot/share/basic_mobile_robot/models/aws_robomaker_warehouse_Lamp_01/model.sdf
[0.377s] -- Up-to-date: /home/ik/aws_ws/install/basic_mobile_robot/share/basic_mobile_robot/models/aws_robomaker_warehouse_Lamp_01/model.config
[0.377s] -- Up-to-date: /home/ik/aws_ws/install/basic_mobile_robot/share/basic_mobile_robot/models/aws_robomaker_warehouse_Lamp_01/meshes
[0.377s] -- Up-to-date: /home/ik/aws_ws/install/basic_mobile_robot/share/basic_mobile_robot/models/aws_robomaker_warehouse_Lamp_01/meshes/aws_robomaker_warehouse_Lamp_01_visual.DAE
[0.377s] -- Up-to-date: /home/ik/aws_ws/install/basic_mobile_robot/share/basic_mobile_robot/models/aws_robomaker_warehouse_Lamp_01/meshes/aws_robomaker_warehouse_Lamp_01_collision.DAE
[0.377s] -- Up-to-date: /home/ik/aws_ws/install/basic_mobile_robot/share/basic_mobile_robot/models/aws_robomaker_warehouse_GroundB_01
[0.386s] -- Up-to-date: /home/ik/aws_ws/install/basic_mobile_robot/share/basic_mobile_robot/models/aws_robomaker_warehouse_GroundB_01/materials
[0.387s] -- Up-to-date: /home/ik/aws_ws/install/basic_mobile_robot/share/basic_mobile_robot/models/aws_robomaker_warehouse_GroundB_01/materials/textures
[0.390s] -- Up-to-date: /home/ik/aws_ws/install/basic_mobile_robot/share/basic_mobile_robot/models/aws_robomaker_warehouse_GroundB_01/materials/textures/aws_robomaker_warehouse_GroundB_01.png
[0.390s] -- Up-to-date: /home/ik/aws_ws/install/basic_mobile_robot/share/basic_mobile_robot/models/aws_robomaker_warehouse_GroundB_01/materials/textures/aws_robomaker_warehouse_GroundB_02.png
[0.390s] -- Up-to-date: /home/ik/aws_ws/install/basic_mobile_robot/share/basic_mobile_robot/models/aws_robomaker_warehouse_GroundB_01/model.sdf
[0.390s] -- Up-to-date: /home/ik/aws_ws/install/basic_mobile_robot/share/basic_mobile_robot/models/aws_robomaker_warehouse_GroundB_01/model.config
[0.390s] -- Up-to-date: /home/ik/aws_ws/install/basic_mobile_robot/share/basic_mobile_robot/models/aws_robomaker_warehouse_GroundB_01/meshes
[0.390s] -- Up-to-date: /home/ik/aws_ws/install/basic_mobile_robot/share/basic_mobile_robot/models/aws_robomaker_warehouse_GroundB_01/meshes/aws_robomaker_warehouse_GroundB_01_visual.DAE
[0.391s] -- Up-to-date: /home/ik/aws_ws/install/basic_mobile_robot/share/basic_mobile_robot/models/aws_robomaker_warehouse_GroundB_01/meshes/aws_robomaker_warehouse_GroundB_01_collision.DAE
[0.391s] -- Up-to-date: /home/ik/aws_ws/install/basic_mobile_robot/share/basic_mobile_robot/models/aws_robomaker_warehouse_PalletJackB_01
[0.391s] -- Up-to-date: /home/ik/aws_ws/install/basic_mobile_robot/share/basic_mobile_robot/models/aws_robomaker_warehouse_PalletJackB_01/materials
[0.391s] -- Up-to-date: /home/ik/aws_ws/install/basic_mobile_robot/share/basic_mobile_robot/models/aws_robomaker_warehouse_PalletJackB_01/materials/textures
[0.391s] -- Up-to-date: /home/ik/aws_ws/install/basic_mobile_robot/share/basic_mobile_robot/models/aws_robomaker_warehouse_PalletJackB_01/materials/textures/aws_robomaker_warehouse_PalletJackB_02.png
[0.394s] -- Up-to-date: /home/ik/aws_ws/install/basic_mobile_robot/share/basic_mobile_robot/models/aws_robomaker_warehouse_PalletJackB_01/materials/textures/aws_robomaker_warehouse_PalletJackB_01.png
[0.395s] -- Up-to-date: /home/ik/aws_ws/install/basic_mobile_robot/share/basic_mobile_robot/models/aws_robomaker_warehouse_PalletJackB_01/materials/.DS_Store
[0.395s] -- Up-to-date: /home/ik/aws_ws/install/basic_mobile_robot/share/basic_mobile_robot/models/aws_robomaker_warehouse_PalletJackB_01/model.sdf
[0.395s] -- Up-to-date: /home/ik/aws_ws/install/basic_mobile_robot/share/basic_mobile_robot/models/aws_robomaker_warehouse_PalletJackB_01/.DS_Store
[0.395s] -- Up-to-date: /home/ik/aws_ws/install/basic_mobile_robot/share/basic_mobile_robot/models/aws_robomaker_warehouse_PalletJackB_01/model.config
[0.395s] -- Up-to-date: /home/ik/aws_ws/install/basic_mobile_robot/share/basic_mobile_robot/models/aws_robomaker_warehouse_PalletJackB_01/meshes
[0.395s] -- Up-to-date: /home/ik/aws_ws/install/basic_mobile_robot/share/basic_mobile_robot/models/aws_robomaker_warehouse_PalletJackB_01/meshes/aws_robomaker_warehouse_PalletJackB_01_visual.DAE
[0.395s] -- Up-to-date: /home/ik/aws_ws/install/basic_mobile_robot/share/basic_mobile_robot/models/aws_robomaker_warehouse_PalletJackB_01/meshes/aws_robomaker_warehouse_PalletJackB_01_collision.DAE
[0.395s] -- Up-to-date: /home/ik/aws_ws/install/basic_mobile_robot/share/basic_mobile_robot/models/basic_mobile_bot_description
[0.395s] -- Up-to-date: /home/ik/aws_ws/install/basic_mobile_robot/share/basic_mobile_robot/models/basic_mobile_bot_description/model.sdf
[0.395s] -- Up-to-date: /home/ik/aws_ws/install/basic_mobile_robot/share/basic_mobile_robot/models/basic_mobile_bot_description/model.config
[0.395s] -- Up-to-date: /home/ik/aws_ws/install/basic_mobile_robot/share/basic_mobile_robot/models/basic_mobile_bot_description/meshes
[0.395s] -- Up-to-date: /home/ik/aws_ws/install/basic_mobile_robot/share/basic_mobile_robot/models/basic_mobile_bot_description/meshes/wrist.stl
[0.395s] -- Up-to-date: /home/ik/aws_ws/install/basic_mobile_robot/share/basic_mobile_robot/models/basic_mobile_bot_description/meshes/bicep.stl
[0.395s] -- Up-to-date: /home/ik/aws_ws/install/basic_mobile_robot/share/basic_mobile_robot/models/basic_mobile_bot_description/meshes/arm_base.stl
[0.395s] -- Up-to-date: /home/ik/aws_ws/install/basic_mobile_robot/share/basic_mobile_robot/models/basic_mobile_bot_description/meshes/robot_base.stl
[0.396s] -- Up-to-date: /home/ik/aws_ws/install/basic_mobile_robot/share/basic_mobile_robot/models/basic_mobile_bot_description/meshes/elbow.stl
[0.396s] -- Up-to-date: /home/ik/aws_ws/install/basic_mobile_robot/share/basic_mobile_robot/models/basic_mobile_bot_description/meshes/wheel.stl
[0.396s] -- Up-to-date: /home/ik/aws_ws/install/basic_mobile_robot/share/basic_mobile_robot/models/aws_robomaker_warehouse_RoofB_01
[0.396s] -- Up-to-date: /home/ik/aws_ws/install/basic_mobile_robot/share/basic_mobile_robot/models/aws_robomaker_warehouse_RoofB_01/materials
[0.396s] -- Up-to-date: /home/ik/aws_ws/install/basic_mobile_robot/share/basic_mobile_robot/models/aws_robomaker_warehouse_RoofB_01/materials/textures
[0.396s] -- Up-to-date: /home/ik/aws_ws/install/basic_mobile_robot/share/basic_mobile_robot/models/aws_robomaker_warehouse_RoofB_01/materials/textures/aws_robomaker_warehouse_RoofB_01.png
[0.396s] -- Up-to-date: /home/ik/aws_ws/install/basic_mobile_robot/share/basic_mobile_robot/models/aws_robomaker_warehouse_RoofB_01/model.sdf
[0.396s] -- Up-to-date: /home/ik/aws_ws/install/basic_mobile_robot/share/basic_mobile_robot/models/aws_robomaker_warehouse_RoofB_01/model.config
[0.396s] -- Up-to-date: /home/ik/aws_ws/install/basic_mobile_robot/share/basic_mobile_robot/models/aws_robomaker_warehouse_RoofB_01/meshes
[0.396s] -- Up-to-date: /home/ik/aws_ws/install/basic_mobile_robot/share/basic_mobile_robot/models/aws_robomaker_warehouse_RoofB_01/meshes/aws_robomaker_warehouse_RoofB_01_collision.DAE
[0.396s] -- Up-to-date: /home/ik/aws_ws/install/basic_mobile_robot/share/basic_mobile_robot/models/aws_robomaker_warehouse_RoofB_01/meshes/aws_robomaker_warehouse_RoofB_01_visual.DAE
[0.396s] -- Up-to-date: /home/ik/aws_ws/install/basic_mobile_robot/share/basic_mobile_robot/models/aws_robomaker_warehouse_ClutteringC_01
[0.396s] -- Up-to-date: /home/ik/aws_ws/install/basic_mobile_robot/share/basic_mobile_robot/models/aws_robomaker_warehouse_ClutteringC_01/materials
[0.396s] -- Up-to-date: /home/ik/aws_ws/install/basic_mobile_robot/share/basic_mobile_robot/models/aws_robomaker_warehouse_ClutteringC_01/materials/textures
[0.396s] -- Up-to-date: /home/ik/aws_ws/install/basic_mobile_robot/share/basic_mobile_robot/models/aws_robomaker_warehouse_ClutteringC_01/materials/textures/aws_robomaker_warehouse_ClutteringC_01.png
[0.396s] -- Up-to-date: /home/ik/aws_ws/install/basic_mobile_robot/share/basic_mobile_robot/models/aws_robomaker_warehouse_ClutteringC_01/materials/textures/aws_robomaker_warehouse_ClutteringC_02.png
[0.396s] -- Up-to-date: /home/ik/aws_ws/install/basic_mobile_robot/share/basic_mobile_robot/models/aws_robomaker_warehouse_ClutteringC_01/model.sdf
[0.396s] -- Up-to-date: /home/ik/aws_ws/install/basic_mobile_robot/share/basic_mobile_robot/models/aws_robomaker_warehouse_ClutteringC_01/model.config
[0.396s] -- Up-to-date: /home/ik/aws_ws/install/basic_mobile_robot/share/basic_mobile_robot/models/aws_robomaker_warehouse_ClutteringC_01/meshes
[0.397s] -- Up-to-date: /home/ik/aws_ws/install/basic_mobile_robot/share/basic_mobile_robot/models/aws_robomaker_warehouse_ClutteringC_01/meshes/aws_robomaker_warehouse_ClutteringC_01_collision.DAE
[0.397s] -- Up-to-date: /home/ik/aws_ws/install/basic_mobile_robot/share/basic_mobile_robot/models/aws_robomaker_warehouse_ClutteringC_01/meshes/aws_robomaker_warehouse_ClutteringC_01_visual.DAE
[0.397s] -- Up-to-date: /home/ik/aws_ws/install/basic_mobile_robot/share/basic_mobile_robot/models/basic_mobile_bot_v1.urdf
[0.397s] -- Up-to-date: /home/ik/aws_ws/install/basic_mobile_robot/share/basic_mobile_robot/params
[0.397s] -- Up-to-date: /home/ik/aws_ws/install/basic_mobile_robot/share/basic_mobile_robot/params/nav2_params.yaml
[0.397s] -- Up-to-date: /home/ik/aws_ws/install/basic_mobile_robot/share/basic_mobile_robot/rviz
[0.397s] -- Up-to-date: /home/ik/aws_ws/install/basic_mobile_robot/share/basic_mobile_robot/rviz/urdf_config.rviz
[0.397s] -- Up-to-date: /home/ik/aws_ws/install/basic_mobile_robot/share/basic_mobile_robot/rviz/nav2_config.rviz
[0.397s] -- Up-to-date: /home/ik/aws_ws/install/basic_mobile_robot/share/basic_mobile_robot/src
[0.399s] -- Up-to-date: /home/ik/aws_ws/install/basic_mobile_robot/share/basic_mobile_robot/worlds
[0.399s] -- Up-to-date: /home/ik/aws_ws/install/basic_mobile_robot/share/basic_mobile_robot/worlds/no_roof_small_warehouse
[0.399s] -- Up-to-date: /home/ik/aws_ws/install/basic_mobile_robot/share/basic_mobile_robot/worlds/no_roof_small_warehouse/no_roof_small_warehouse.world
[0.400s] -- Up-to-date: /home/ik/aws_ws/install/basic_mobile_robot/share/basic_mobile_robot/worlds/basic_mobile_bot_world
[0.400s] -- Up-to-date: /home/ik/aws_ws/install/basic_mobile_robot/share/basic_mobile_robot/worlds/basic_mobile_bot_world/small_town.world
[0.400s] -- Up-to-date: /home/ik/aws_ws/install/basic_mobile_robot/share/ament_index/resource_index/package_run_dependencies/basic_mobile_robot
[0.400s] -- Up-to-date: /home/ik/aws_ws/install/basic_mobile_robot/share/ament_index/resource_index/parent_prefix_path/basic_mobile_robot
[0.400s] -- Up-to-date: /home/ik/aws_ws/install/basic_mobile_robot/share/basic_mobile_robot/environment/ament_prefix_path.sh
[0.400s] -- Up-to-date: /home/ik/aws_ws/install/basic_mobile_robot/share/basic_mobile_robot/environment/ament_prefix_path.dsv
[0.400s] -- Up-to-date: /home/ik/aws_ws/install/basic_mobile_robot/share/basic_mobile_robot/environment/path.sh
[0.400s] -- Up-to-date: /home/ik/aws_ws/install/basic_mobile_robot/share/basic_mobile_robot/environment/path.dsv
[0.400s] -- Up-to-date: /home/ik/aws_ws/install/basic_mobile_robot/share/basic_mobile_robot/local_setup.bash
[0.400s] -- Up-to-date: /home/ik/aws_ws/install/basic_mobile_robot/share/basic_mobile_robot/local_setup.sh
[0.401s] -- Up-to-date: /home/ik/aws_ws/install/basic_mobile_robot/share/basic_mobile_robot/local_setup.zsh
[0.401s] -- Up-to-date: /home/ik/aws_ws/install/basic_mobile_robot/share/basic_mobile_robot/local_setup.dsv
[0.401s] -- Installing: /home/ik/aws_ws/install/basic_mobile_robot/share/basic_mobile_robot/package.dsv
[0.401s] -- Up-to-date: /home/ik/aws_ws/install/basic_mobile_robot/share/ament_index/resource_index/packages/basic_mobile_robot
[0.401s] -- Up-to-date: /home/ik/aws_ws/install/basic_mobile_robot/share/basic_mobile_robot/cmake/basic_mobile_robotConfig.cmake
[0.401s] -- Up-to-date: /home/ik/aws_ws/install/basic_mobile_robot/share/basic_mobile_robot/cmake/basic_mobile_robotConfig-version.cmake
[0.401s] -- Up-to-date: /home/ik/aws_ws/install/basic_mobile_robot/share/basic_mobile_robot/package.xml
[0.444s] Invoked command in '/home/ik/aws_ws/build/basic_mobile_robot' returned '0': CMAKE_PREFIX_PATH=${CMAKE_PREFIX_PATH}:/home/ik/aws_ws/install/nav2_gazebo_spawner:/opt/ros/foxy /usr/bin/cmake --install /home/ik/aws_ws/build/basic_mobile_robot
