[0.076s] Invoking command in '/home/ik/aws_ws/build/nav2_behavior_tree': CMAKE_PREFIX_PATH=/home/ik/aws_ws/install/nav2_util:/home/ik/aws_ws/install/nav2_msgs:/home/ik/aws_ws/install/nav2_common:/home/ik/aws_ws/install/turtlebot3_simulations:/home/ik/aws_ws/install/turtlebot3_gazebo:/home/ik/aws_ws/install/turtlebot3_fake_node:/home/ik/aws_ws/install/nav2_system_tests:/home/ik/aws_ws/install/nav2_bringup:/home/ik/aws_ws/install/navigation2:/home/ik/aws_ws/install/smac_planner:/home/ik/aws_ws/install/slam_toolbox:/home/ik/aws_ws/install/nav2_dwb_controller:/home/ik/aws_ws/install/nav2_controller:/home/ik/aws_ws/install/dwb_plugins:/home/ik/aws_ws/install/dwb_critics:/home/ik/aws_ws/install/dwb_core:/home/ik/aws_ws/install/nav_2d_utils:/home/ik/aws_ws/install/dwb_msgs:/home/ik/aws_ws/install/nav_2d_msgs:/home/ik/aws_ws/install/nav2_waypoint_follower:/home/ik/aws_ws/install/nav2_regulated_pure_pursuit_controller:/home/ik/aws_ws/install/nav2_recoveries:/home/ik/aws_ws/install/nav2_planner:/home/ik/aws_ws/install/nav2_navfn_planner:/home/ik/aws_ws/install/nav2_core:/home/ik/aws_ws/install/costmap_queue:/home/ik/aws_ws/install/nav2_costmap_2d:/home/ik/aws_ws/install/nav2_voxel_grid:/home/ik/aws_ws/install/nav2_rviz_plugins:/home/ik/aws_ws/install/nav2_map_server:/home/ik/aws_ws/install/nav2_lifecycle_manager:/home/ik/aws_ws/install/nav2_bt_navigator:/home/ik/aws_ws/install/nav2_behavior_tree:/home/ik/aws_ws/install/nav2_amcl:/home/ik/aws_ws/install/basic_mobile_robot:/home/ik/aws_ws/install/aws_robomaker_small_warehouse_world:/home/ik/aws_ws/install/nav2_gazebo_spawner:/opt/ros/foxy LD_LIBRARY_PATH=/home/ik/aws_ws/install/nav2_util/lib:/home/ik/aws_ws/install/nav2_msgs/lib:/home/ik/aws_ws/install/smac_planner/lib:/home/ik/aws_ws/install/slam_toolbox/lib:/home/ik/aws_ws/install/nav2_controller/lib:/home/ik/aws_ws/install/dwb_plugins/lib:/home/ik/aws_ws/install/dwb_critics/lib:/home/ik/aws_ws/install/dwb_core/lib:/home/ik/aws_ws/install/nav_2d_utils/lib:/home/ik/aws_ws/install/dwb_msgs/lib:/home/ik/aws_ws/install/nav_2d_msgs/lib:/home/ik/aws_ws/install/nav2_waypoint_follower/lib:/home/ik/aws_ws/install/nav2_regulated_pure_pursuit_controller/lib:/home/ik/aws_ws/install/nav2_recoveries/lib:/home/ik/aws_ws/install/nav2_planner/lib:/home/ik/aws_ws/install/nav2_navfn_planner/lib:/home/ik/aws_ws/install/costmap_queue/lib:/home/ik/aws_ws/install/nav2_costmap_2d/lib:/home/ik/aws_ws/install/nav2_voxel_grid/lib:/home/ik/aws_ws/install/nav2_rviz_plugins/lib:/home/ik/aws_ws/install/nav2_map_server/lib:/home/ik/aws_ws/install/nav2_lifecycle_manager/lib:/home/ik/aws_ws/install/nav2_bt_navigator/lib:/home/ik/aws_ws/install/nav2_behavior_tree/lib:/home/ik/aws_ws/install/nav2_amcl/lib:/usr/lib/x86_64-linux-gnu/gazebo-11/plugins:/opt/ros/foxy/opt/yaml_cpp_vendor/lib:/opt/ros/foxy/opt/rviz_ogre_vendor/lib:/opt/ros/foxy/lib/x86_64-linux-gnu:/opt/ros/foxy/lib:/usr/share/gazebo/../../lib/x86_64-linux-gnu/gazebo-11/plugins:/usr/share/gazebo/../../lib/x86_64-linux-gnu/gazebo-11/plugins:/usr/share/gazebo/../../lib/x86_64-linux-gnu/gazebo-11/plugins PYTHONPATH=/home/ik/aws_ws/install/nav2_msgs/lib/python3.8/site-packages:/home/ik/aws_ws/install/nav2_common/lib/python3.8/site-packages:/home/ik/aws_ws/install/slam_toolbox/lib/python3.8/site-packages:/home/ik/aws_ws/install/dwb_msgs/lib/python3.8/site-packages:/home/ik/aws_ws/install/nav_2d_msgs/lib/python3.8/site-packages:/home/ik/aws_ws/install/nav2_gazebo_spawner/lib/python3.8/site-packages:/opt/ros/foxy/lib/python3.8/site-packages /usr/bin/cmake --build /home/ik/aws_ws/build/nav2_behavior_tree -- -j8 -l8
[0.204s] [  2%] Built target nav2_transform_available_condition_bt_node
[0.212s] [  4%] Built target nav2_compute_path_to_pose_action_bt_node
[0.214s] [  6%] Built target nav2_spin_action_bt_node
[0.216s] [  8%] Built target nav2_wait_action_bt_node
[0.227s] [ 10%] Built target nav2_pipeline_sequence_bt_node
[0.234s] [ 12%] Built target nav2_goal_updated_condition_bt_node
[0.280s] [ 14%] Built target nav2_is_stuck_condition_bt_node
[0.291s] [ 16%] Built target nav2_behavior_tree
[0.295s] [ 18%] Built target nav2_follow_path_action_bt_node
[0.311s] [ 20%] Built target nav2_goal_updater_node_bt_node
[0.316s] [ 22%] Built target nav2_goal_reached_condition_bt_node
[0.317s] [ 24%] Built target nav2_initial_pose_received_condition_bt_node
[0.324s] [ 26%] Built target nav2_time_expired_condition_bt_node
[0.330s] [ 28%] Built target nav2_distance_traveled_condition_bt_node
[0.367s] [ 30%] Built target nav2_is_battery_low_condition_bt_node
[0.369s] [ 32%] Built target nav2_reinitialize_global_localization_service_bt_node
[0.380s] [ 36%] Built target nav2_rate_controller_bt_node
[0.380s] [ 36%] Built target nav2_distance_controller_bt_node
[0.390s] [ 38%] Built target nav2_round_robin_node_bt_node
[0.392s] [ 40%] Built target nav2_clear_costmap_service_bt_node
[0.420s] [ 42%] Built target nav2_speed_controller_bt_node
[0.442s] [ 45%] Built target gtest
[0.442s] [ 46%] Built target gtest_main
[0.444s] [ 48%] Built target nav2_recovery_node_bt_node
[0.454s] [ 51%] Built target nav2_back_up_action_bt_node
[0.456s] [ 53%] Built target nav2_truncate_path_action_bt_node
[0.467s] [ 55%] Built target nav2_navigate_to_pose_action_bt_node
[0.518s] [ 57%] Built target test_bt_conversions
[0.520s] [ 59%] Built target test_condition_time_expired
[0.524s] [ 61%] Built target test_condition_goal_updated
[0.524s] [ 63%] Built target test_condition_initial_pose_received
[0.526s] [ 65%] Built target test_condition_distance_traveled
[0.542s] [ 67%] Built target test_condition_is_stuck
[0.542s] [ 69%] Built target test_condition_transform_available
[0.543s] [ 71%] Built target test_condition_is_battery_low
[0.573s] [ 73%] Built target test_goal_updater_node
[0.581s] [ 75%] Built target test_decorator_rate_controller
[0.583s] [ 77%] Built target test_condition_goal_reached
[0.590s] [ 79%] Built target test_decorator_distance_controller
[0.592s] [ 81%] Built target test_control_round_robin_node
[0.593s] [ 83%] Built target test_decorator_speed_controller
[0.596s] [ 85%] Built target test_control_pipeline_sequence
[0.617s] [ 87%] Built target test_control_recovery_node
[0.625s] [ 89%] Built target test_truncate_path_action
[0.635s] [ 91%] Built target test_action_navigate_to_pose_action
[0.636s] [ 93%] Built target test_action_compute_path_to_pose_action
[0.639s] [ 95%] Built target test_action_follow_path_action
[0.650s] [ 97%] Built target test_action_reinitialize_global_localization_service
[0.653s] [100%] Built target test_action_clear_costmap_service
[0.695s] Invoked command in '/home/ik/aws_ws/build/nav2_behavior_tree' returned '0': CMAKE_PREFIX_PATH=/home/ik/aws_ws/install/nav2_util:/home/ik/aws_ws/install/nav2_msgs:/home/ik/aws_ws/install/nav2_common:/home/ik/aws_ws/install/turtlebot3_simulations:/home/ik/aws_ws/install/turtlebot3_gazebo:/home/ik/aws_ws/install/turtlebot3_fake_node:/home/ik/aws_ws/install/nav2_system_tests:/home/ik/aws_ws/install/nav2_bringup:/home/ik/aws_ws/install/navigation2:/home/ik/aws_ws/install/smac_planner:/home/ik/aws_ws/install/slam_toolbox:/home/ik/aws_ws/install/nav2_dwb_controller:/home/ik/aws_ws/install/nav2_controller:/home/ik/aws_ws/install/dwb_plugins:/home/ik/aws_ws/install/dwb_critics:/home/ik/aws_ws/install/dwb_core:/home/ik/aws_ws/install/nav_2d_utils:/home/ik/aws_ws/install/dwb_msgs:/home/ik/aws_ws/install/nav_2d_msgs:/home/ik/aws_ws/install/nav2_waypoint_follower:/home/ik/aws_ws/install/nav2_regulated_pure_pursuit_controller:/home/ik/aws_ws/install/nav2_recoveries:/home/ik/aws_ws/install/nav2_planner:/home/ik/aws_ws/install/nav2_navfn_planner:/home/ik/aws_ws/install/nav2_core:/home/ik/aws_ws/install/costmap_queue:/home/ik/aws_ws/install/nav2_costmap_2d:/home/ik/aws_ws/install/nav2_voxel_grid:/home/ik/aws_ws/install/nav2_rviz_plugins:/home/ik/aws_ws/install/nav2_map_server:/home/ik/aws_ws/install/nav2_lifecycle_manager:/home/ik/aws_ws/install/nav2_bt_navigator:/home/ik/aws_ws/install/nav2_behavior_tree:/home/ik/aws_ws/install/nav2_amcl:/home/ik/aws_ws/install/basic_mobile_robot:/home/ik/aws_ws/install/aws_robomaker_small_warehouse_world:/home/ik/aws_ws/install/nav2_gazebo_spawner:/opt/ros/foxy LD_LIBRARY_PATH=/home/ik/aws_ws/install/nav2_util/lib:/home/ik/aws_ws/install/nav2_msgs/lib:/home/ik/aws_ws/install/smac_planner/lib:/home/ik/aws_ws/install/slam_toolbox/lib:/home/ik/aws_ws/install/nav2_controller/lib:/home/ik/aws_ws/install/dwb_plugins/lib:/home/ik/aws_ws/install/dwb_critics/lib:/home/ik/aws_ws/install/dwb_core/lib:/home/ik/aws_ws/install/nav_2d_utils/lib:/home/ik/aws_ws/install/dwb_msgs/lib:/home/ik/aws_ws/install/nav_2d_msgs/lib:/home/ik/aws_ws/install/nav2_waypoint_follower/lib:/home/ik/aws_ws/install/nav2_regulated_pure_pursuit_controller/lib:/home/ik/aws_ws/install/nav2_recoveries/lib:/home/ik/aws_ws/install/nav2_planner/lib:/home/ik/aws_ws/install/nav2_navfn_planner/lib:/home/ik/aws_ws/install/costmap_queue/lib:/home/ik/aws_ws/install/nav2_costmap_2d/lib:/home/ik/aws_ws/install/nav2_voxel_grid/lib:/home/ik/aws_ws/install/nav2_rviz_plugins/lib:/home/ik/aws_ws/install/nav2_map_server/lib:/home/ik/aws_ws/install/nav2_lifecycle_manager/lib:/home/ik/aws_ws/install/nav2_bt_navigator/lib:/home/ik/aws_ws/install/nav2_behavior_tree/lib:/home/ik/aws_ws/install/nav2_amcl/lib:/usr/lib/x86_64-linux-gnu/gazebo-11/plugins:/opt/ros/foxy/opt/yaml_cpp_vendor/lib:/opt/ros/foxy/opt/rviz_ogre_vendor/lib:/opt/ros/foxy/lib/x86_64-linux-gnu:/opt/ros/foxy/lib:/usr/share/gazebo/../../lib/x86_64-linux-gnu/gazebo-11/plugins:/usr/share/gazebo/../../lib/x86_64-linux-gnu/gazebo-11/plugins:/usr/share/gazebo/../../lib/x86_64-linux-gnu/gazebo-11/plugins PYTHONPATH=/home/ik/aws_ws/install/nav2_msgs/lib/python3.8/site-packages:/home/ik/aws_ws/install/nav2_common/lib/python3.8/site-packages:/home/ik/aws_ws/install/slam_toolbox/lib/python3.8/site-packages:/home/ik/aws_ws/install/dwb_msgs/lib/python3.8/site-packages:/home/ik/aws_ws/install/nav_2d_msgs/lib/python3.8/site-packages:/home/ik/aws_ws/install/nav2_gazebo_spawner/lib/python3.8/site-packages:/opt/ros/foxy/lib/python3.8/site-packages /usr/bin/cmake --build /home/ik/aws_ws/build/nav2_behavior_tree -- -j8 -l8
[0.877s] Invoking command in '/home/ik/aws_ws/build/nav2_behavior_tree': CMAKE_PREFIX_PATH=/home/ik/aws_ws/install/nav2_util:/home/ik/aws_ws/install/nav2_msgs:/home/ik/aws_ws/install/nav2_common:/home/ik/aws_ws/install/turtlebot3_simulations:/home/ik/aws_ws/install/turtlebot3_gazebo:/home/ik/aws_ws/install/turtlebot3_fake_node:/home/ik/aws_ws/install/nav2_system_tests:/home/ik/aws_ws/install/nav2_bringup:/home/ik/aws_ws/install/navigation2:/home/ik/aws_ws/install/smac_planner:/home/ik/aws_ws/install/slam_toolbox:/home/ik/aws_ws/install/nav2_dwb_controller:/home/ik/aws_ws/install/nav2_controller:/home/ik/aws_ws/install/dwb_plugins:/home/ik/aws_ws/install/dwb_critics:/home/ik/aws_ws/install/dwb_core:/home/ik/aws_ws/install/nav_2d_utils:/home/ik/aws_ws/install/dwb_msgs:/home/ik/aws_ws/install/nav_2d_msgs:/home/ik/aws_ws/install/nav2_waypoint_follower:/home/ik/aws_ws/install/nav2_regulated_pure_pursuit_controller:/home/ik/aws_ws/install/nav2_recoveries:/home/ik/aws_ws/install/nav2_planner:/home/ik/aws_ws/install/nav2_navfn_planner:/home/ik/aws_ws/install/nav2_core:/home/ik/aws_ws/install/costmap_queue:/home/ik/aws_ws/install/nav2_costmap_2d:/home/ik/aws_ws/install/nav2_voxel_grid:/home/ik/aws_ws/install/nav2_rviz_plugins:/home/ik/aws_ws/install/nav2_map_server:/home/ik/aws_ws/install/nav2_lifecycle_manager:/home/ik/aws_ws/install/nav2_bt_navigator:/home/ik/aws_ws/install/nav2_behavior_tree:/home/ik/aws_ws/install/nav2_amcl:/home/ik/aws_ws/install/basic_mobile_robot:/home/ik/aws_ws/install/aws_robomaker_small_warehouse_world:/home/ik/aws_ws/install/nav2_gazebo_spawner:/opt/ros/foxy LD_LIBRARY_PATH=/home/ik/aws_ws/install/nav2_util/lib:/home/ik/aws_ws/install/nav2_msgs/lib:/home/ik/aws_ws/install/smac_planner/lib:/home/ik/aws_ws/install/slam_toolbox/lib:/home/ik/aws_ws/install/nav2_controller/lib:/home/ik/aws_ws/install/dwb_plugins/lib:/home/ik/aws_ws/install/dwb_critics/lib:/home/ik/aws_ws/install/dwb_core/lib:/home/ik/aws_ws/install/nav_2d_utils/lib:/home/ik/aws_ws/install/dwb_msgs/lib:/home/ik/aws_ws/install/nav_2d_msgs/lib:/home/ik/aws_ws/install/nav2_waypoint_follower/lib:/home/ik/aws_ws/install/nav2_regulated_pure_pursuit_controller/lib:/home/ik/aws_ws/install/nav2_recoveries/lib:/home/ik/aws_ws/install/nav2_planner/lib:/home/ik/aws_ws/install/nav2_navfn_planner/lib:/home/ik/aws_ws/install/costmap_queue/lib:/home/ik/aws_ws/install/nav2_costmap_2d/lib:/home/ik/aws_ws/install/nav2_voxel_grid/lib:/home/ik/aws_ws/install/nav2_rviz_plugins/lib:/home/ik/aws_ws/install/nav2_map_server/lib:/home/ik/aws_ws/install/nav2_lifecycle_manager/lib:/home/ik/aws_ws/install/nav2_bt_navigator/lib:/home/ik/aws_ws/install/nav2_behavior_tree/lib:/home/ik/aws_ws/install/nav2_amcl/lib:/usr/lib/x86_64-linux-gnu/gazebo-11/plugins:/opt/ros/foxy/opt/yaml_cpp_vendor/lib:/opt/ros/foxy/opt/rviz_ogre_vendor/lib:/opt/ros/foxy/lib/x86_64-linux-gnu:/opt/ros/foxy/lib:/usr/share/gazebo/../../lib/x86_64-linux-gnu/gazebo-11/plugins:/usr/share/gazebo/../../lib/x86_64-linux-gnu/gazebo-11/plugins:/usr/share/gazebo/../../lib/x86_64-linux-gnu/gazebo-11/plugins PYTHONPATH=/home/ik/aws_ws/install/nav2_msgs/lib/python3.8/site-packages:/home/ik/aws_ws/install/nav2_common/lib/python3.8/site-packages:/home/ik/aws_ws/install/slam_toolbox/lib/python3.8/site-packages:/home/ik/aws_ws/install/dwb_msgs/lib/python3.8/site-packages:/home/ik/aws_ws/install/nav_2d_msgs/lib/python3.8/site-packages:/home/ik/aws_ws/install/nav2_gazebo_spawner/lib/python3.8/site-packages:/opt/ros/foxy/lib/python3.8/site-packages /usr/bin/cmake --install /home/ik/aws_ws/build/nav2_behavior_tree
[0.890s] -- Install configuration: "Release"
[0.891s] -- Execute custom install script
[0.891s] -- Up-to-date symlink: /home/ik/aws_ws/install/nav2_behavior_tree/lib/libnav2_behavior_tree.so
[0.891s] -- Up-to-date symlink: /home/ik/aws_ws/install/nav2_behavior_tree/lib/libnav2_compute_path_to_pose_action_bt_node.so
[0.892s] -- Up-to-date symlink: /home/ik/aws_ws/install/nav2_behavior_tree/lib/libnav2_follow_path_action_bt_node.so
[0.892s] -- Up-to-date symlink: /home/ik/aws_ws/install/nav2_behavior_tree/lib/libnav2_back_up_action_bt_node.so
[0.892s] -- Up-to-date symlink: /home/ik/aws_ws/install/nav2_behavior_tree/lib/libnav2_spin_action_bt_node.so
[0.892s] -- Up-to-date symlink: /home/ik/aws_ws/install/nav2_behavior_tree/lib/libnav2_wait_action_bt_node.so
[0.892s] -- Up-to-date symlink: /home/ik/aws_ws/install/nav2_behavior_tree/lib/libnav2_clear_costmap_service_bt_node.so
[0.892s] -- Up-to-date symlink: /home/ik/aws_ws/install/nav2_behavior_tree/lib/libnav2_is_stuck_condition_bt_node.so
[0.893s] -- Up-to-date symlink: /home/ik/aws_ws/install/nav2_behavior_tree/lib/libnav2_transform_available_condition_bt_node.so
[0.893s] -- Up-to-date symlink: /home/ik/aws_ws/install/nav2_behavior_tree/lib/libnav2_goal_reached_condition_bt_node.so
[0.893s] -- Up-to-date symlink: /home/ik/aws_ws/install/nav2_behavior_tree/lib/libnav2_goal_updated_condition_bt_node.so
[0.893s] -- Up-to-date symlink: /home/ik/aws_ws/install/nav2_behavior_tree/lib/libnav2_time_expired_condition_bt_node.so
[0.894s] -- Up-to-date symlink: /home/ik/aws_ws/install/nav2_behavior_tree/lib/libnav2_distance_traveled_condition_bt_node.so
[0.894s] -- Up-to-date symlink: /home/ik/aws_ws/install/nav2_behavior_tree/lib/libnav2_initial_pose_received_condition_bt_node.so
[0.894s] -- Up-to-date symlink: /home/ik/aws_ws/install/nav2_behavior_tree/lib/libnav2_is_battery_low_condition_bt_node.so
[0.894s] -- Up-to-date symlink: /home/ik/aws_ws/install/nav2_behavior_tree/lib/libnav2_reinitialize_global_localization_service_bt_node.so
[0.894s] -- Up-to-date symlink: /home/ik/aws_ws/install/nav2_behavior_tree/lib/libnav2_rate_controller_bt_node.so
[0.894s] -- Up-to-date symlink: /home/ik/aws_ws/install/nav2_behavior_tree/lib/libnav2_distance_controller_bt_node.so
[0.894s] -- Up-to-date symlink: /home/ik/aws_ws/install/nav2_behavior_tree/lib/libnav2_speed_controller_bt_node.so
[0.895s] -- Up-to-date symlink: /home/ik/aws_ws/install/nav2_behavior_tree/lib/libnav2_truncate_path_action_bt_node.so
[0.895s] -- Up-to-date symlink: /home/ik/aws_ws/install/nav2_behavior_tree/lib/libnav2_goal_updater_node_bt_node.so
[0.895s] -- Up-to-date symlink: /home/ik/aws_ws/install/nav2_behavior_tree/lib/libnav2_recovery_node_bt_node.so
[0.895s] -- Up-to-date symlink: /home/ik/aws_ws/install/nav2_behavior_tree/lib/libnav2_navigate_to_pose_action_bt_node.so
[0.895s] -- Up-to-date symlink: /home/ik/aws_ws/install/nav2_behavior_tree/lib/libnav2_pipeline_sequence_bt_node.so
[0.895s] -- Up-to-date symlink: /home/ik/aws_ws/install/nav2_behavior_tree/lib/libnav2_round_robin_node_bt_node.so
[0.896s] -- Up-to-date symlink: /home/ik/aws_ws/install/nav2_behavior_tree/include//nav2_behavior_tree/behavior_tree_engine.hpp
[0.896s] -- Up-to-date symlink: /home/ik/aws_ws/install/nav2_behavior_tree/include//nav2_behavior_tree/bt_action_node.hpp
[0.896s] -- Up-to-date symlink: /home/ik/aws_ws/install/nav2_behavior_tree/include//nav2_behavior_tree/bt_conversions.hpp
[0.897s] -- Up-to-date symlink: /home/ik/aws_ws/install/nav2_behavior_tree/include//nav2_behavior_tree/bt_service_node.hpp
[0.897s] -- Up-to-date symlink: /home/ik/aws_ws/install/nav2_behavior_tree/include//nav2_behavior_tree/plugins/action/back_up_action.hpp
[0.897s] -- Up-to-date symlink: /home/ik/aws_ws/install/nav2_behavior_tree/include//nav2_behavior_tree/plugins/action/clear_costmap_service.hpp
[0.897s] -- Up-to-date symlink: /home/ik/aws_ws/install/nav2_behavior_tree/include//nav2_behavior_tree/plugins/action/compute_path_to_pose_action.hpp
[0.897s] -- Up-to-date symlink: /home/ik/aws_ws/install/nav2_behavior_tree/include//nav2_behavior_tree/plugins/action/follow_path_action.hpp
[0.897s] -- Up-to-date symlink: /home/ik/aws_ws/install/nav2_behavior_tree/include//nav2_behavior_tree/plugins/action/navigate_to_pose_action.hpp
[0.897s] -- Up-to-date symlink: /home/ik/aws_ws/install/nav2_behavior_tree/include//nav2_behavior_tree/plugins/action/reinitialize_global_localization_service.hpp
[0.897s] -- Up-to-date symlink: /home/ik/aws_ws/install/nav2_behavior_tree/include//nav2_behavior_tree/plugins/action/spin_action.hpp
[0.898s] -- Up-to-date symlink: /home/ik/aws_ws/install/nav2_behavior_tree/include//nav2_behavior_tree/plugins/action/truncate_path_action.hpp
[0.898s] -- Up-to-date symlink: /home/ik/aws_ws/install/nav2_behavior_tree/include//nav2_behavior_tree/plugins/action/wait_action.hpp
[0.898s] -- Up-to-date symlink: /home/ik/aws_ws/install/nav2_behavior_tree/include//nav2_behavior_tree/plugins/condition/distance_traveled_condition.hpp
[0.898s] -- Up-to-date symlink: /home/ik/aws_ws/install/nav2_behavior_tree/include//nav2_behavior_tree/plugins/condition/goal_reached_condition.hpp
[0.898s] -- Up-to-date symlink: /home/ik/aws_ws/install/nav2_behavior_tree/include//nav2_behavior_tree/plugins/condition/goal_updated_condition.hpp
[0.898s] -- Up-to-date symlink: /home/ik/aws_ws/install/nav2_behavior_tree/include//nav2_behavior_tree/plugins/condition/initial_pose_received_condition.hpp
[0.898s] -- Up-to-date symlink: /home/ik/aws_ws/install/nav2_behavior_tree/include//nav2_behavior_tree/plugins/condition/is_battery_low_condition.hpp
[0.898s] -- Up-to-date symlink: /home/ik/aws_ws/install/nav2_behavior_tree/include//nav2_behavior_tree/plugins/condition/is_stuck_condition.hpp
[0.899s] -- Up-to-date symlink: /home/ik/aws_ws/install/nav2_behavior_tree/include//nav2_behavior_tree/plugins/condition/time_expired_condition.hpp
[0.899s] -- Up-to-date symlink: /home/ik/aws_ws/install/nav2_behavior_tree/include//nav2_behavior_tree/plugins/condition/transform_available_condition.hpp
[0.899s] -- Up-to-date symlink: /home/ik/aws_ws/install/nav2_behavior_tree/include//nav2_behavior_tree/plugins/control/pipeline_sequence.hpp
[0.899s] -- Up-to-date symlink: /home/ik/aws_ws/install/nav2_behavior_tree/include//nav2_behavior_tree/plugins/control/recovery_node.hpp
[0.899s] -- Up-to-date symlink: /home/ik/aws_ws/install/nav2_behavior_tree/include//nav2_behavior_tree/plugins/control/round_robin_node.hpp
[0.899s] -- Up-to-date symlink: /home/ik/aws_ws/install/nav2_behavior_tree/include//nav2_behavior_tree/plugins/decorator/distance_controller.hpp
[0.899s] -- Up-to-date symlink: /home/ik/aws_ws/install/nav2_behavior_tree/include//nav2_behavior_tree/plugins/decorator/goal_updater_node.hpp
[0.900s] -- Up-to-date symlink: /home/ik/aws_ws/install/nav2_behavior_tree/include//nav2_behavior_tree/plugins/decorator/rate_controller.hpp
[0.900s] -- Up-to-date symlink: /home/ik/aws_ws/install/nav2_behavior_tree/include//nav2_behavior_tree/plugins/decorator/speed_controller.hpp
[0.900s] -- Up-to-date symlink: /home/ik/aws_ws/install/nav2_behavior_tree/share/nav2_behavior_tree/nav2_tree_nodes.xml
[0.900s] -- Up-to-date symlink: /home/ik/aws_ws/install/nav2_behavior_tree/share/nav2_behavior_tree/environment/library_path.sh
[0.900s] -- Up-to-date symlink: /home/ik/aws_ws/install/nav2_behavior_tree/share/nav2_behavior_tree/environment/library_path.dsv
[0.901s] -- Up-to-date symlink: /home/ik/aws_ws/install/nav2_behavior_tree/share/ament_index/resource_index/package_run_dependencies/nav2_behavior_tree
[0.901s] -- Up-to-date symlink: /home/ik/aws_ws/install/nav2_behavior_tree/share/ament_index/resource_index/parent_prefix_path/nav2_behavior_tree
[0.901s] -- Up-to-date symlink: /home/ik/aws_ws/install/nav2_behavior_tree/share/nav2_behavior_tree/environment/ament_prefix_path.sh
[0.901s] -- Up-to-date symlink: /home/ik/aws_ws/install/nav2_behavior_tree/share/nav2_behavior_tree/environment/ament_prefix_path.dsv
[0.901s] -- Up-to-date symlink: /home/ik/aws_ws/install/nav2_behavior_tree/share/nav2_behavior_tree/environment/path.sh
[0.902s] -- Up-to-date symlink: /home/ik/aws_ws/install/nav2_behavior_tree/share/nav2_behavior_tree/environment/path.dsv
[0.902s] -- Up-to-date symlink: /home/ik/aws_ws/install/nav2_behavior_tree/share/nav2_behavior_tree/local_setup.bash
[0.902s] -- Up-to-date symlink: /home/ik/aws_ws/install/nav2_behavior_tree/share/nav2_behavior_tree/local_setup.sh
[0.904s] -- Up-to-date symlink: /home/ik/aws_ws/install/nav2_behavior_tree/share/nav2_behavior_tree/local_setup.zsh
[0.904s] -- Up-to-date symlink: /home/ik/aws_ws/install/nav2_behavior_tree/share/nav2_behavior_tree/local_setup.dsv
[0.906s] -- Symlinking: /home/ik/aws_ws/install/nav2_behavior_tree/share/nav2_behavior_tree/package.dsv
[0.917s] -- Up-to-date symlink: /home/ik/aws_ws/install/nav2_behavior_tree/share/ament_index/resource_index/packages/nav2_behavior_tree
[0.917s] -- Up-to-date symlink: /home/ik/aws_ws/install/nav2_behavior_tree/share/nav2_behavior_tree/cmake/ament_cmake_export_include_directories-extras.cmake
[0.917s] -- Up-to-date symlink: /home/ik/aws_ws/install/nav2_behavior_tree/share/nav2_behavior_tree/cmake/ament_cmake_export_libraries-extras.cmake
[0.918s] -- Up-to-date symlink: /home/ik/aws_ws/install/nav2_behavior_tree/share/nav2_behavior_tree/cmake/ament_cmake_export_dependencies-extras.cmake
[0.918s] -- Up-to-date symlink: /home/ik/aws_ws/install/nav2_behavior_tree/share/nav2_behavior_tree/cmake/nav2_behavior_treeConfig.cmake
[0.918s] -- Up-to-date symlink: /home/ik/aws_ws/install/nav2_behavior_tree/share/nav2_behavior_tree/cmake/nav2_behavior_treeConfig-version.cmake
[0.918s] -- Up-to-date symlink: /home/ik/aws_ws/install/nav2_behavior_tree/share/nav2_behavior_tree/package.xml
[0.923s] Invoked command in '/home/ik/aws_ws/build/nav2_behavior_tree' returned '0': CMAKE_PREFIX_PATH=/home/ik/aws_ws/install/nav2_util:/home/ik/aws_ws/install/nav2_msgs:/home/ik/aws_ws/install/nav2_common:/home/ik/aws_ws/install/turtlebot3_simulations:/home/ik/aws_ws/install/turtlebot3_gazebo:/home/ik/aws_ws/install/turtlebot3_fake_node:/home/ik/aws_ws/install/nav2_system_tests:/home/ik/aws_ws/install/nav2_bringup:/home/ik/aws_ws/install/navigation2:/home/ik/aws_ws/install/smac_planner:/home/ik/aws_ws/install/slam_toolbox:/home/ik/aws_ws/install/nav2_dwb_controller:/home/ik/aws_ws/install/nav2_controller:/home/ik/aws_ws/install/dwb_plugins:/home/ik/aws_ws/install/dwb_critics:/home/ik/aws_ws/install/dwb_core:/home/ik/aws_ws/install/nav_2d_utils:/home/ik/aws_ws/install/dwb_msgs:/home/ik/aws_ws/install/nav_2d_msgs:/home/ik/aws_ws/install/nav2_waypoint_follower:/home/ik/aws_ws/install/nav2_regulated_pure_pursuit_controller:/home/ik/aws_ws/install/nav2_recoveries:/home/ik/aws_ws/install/nav2_planner:/home/ik/aws_ws/install/nav2_navfn_planner:/home/ik/aws_ws/install/nav2_core:/home/ik/aws_ws/install/costmap_queue:/home/ik/aws_ws/install/nav2_costmap_2d:/home/ik/aws_ws/install/nav2_voxel_grid:/home/ik/aws_ws/install/nav2_rviz_plugins:/home/ik/aws_ws/install/nav2_map_server:/home/ik/aws_ws/install/nav2_lifecycle_manager:/home/ik/aws_ws/install/nav2_bt_navigator:/home/ik/aws_ws/install/nav2_behavior_tree:/home/ik/aws_ws/install/nav2_amcl:/home/ik/aws_ws/install/basic_mobile_robot:/home/ik/aws_ws/install/aws_robomaker_small_warehouse_world:/home/ik/aws_ws/install/nav2_gazebo_spawner:/opt/ros/foxy LD_LIBRARY_PATH=/home/ik/aws_ws/install/nav2_util/lib:/home/ik/aws_ws/install/nav2_msgs/lib:/home/ik/aws_ws/install/smac_planner/lib:/home/ik/aws_ws/install/slam_toolbox/lib:/home/ik/aws_ws/install/nav2_controller/lib:/home/ik/aws_ws/install/dwb_plugins/lib:/home/ik/aws_ws/install/dwb_critics/lib:/home/ik/aws_ws/install/dwb_core/lib:/home/ik/aws_ws/install/nav_2d_utils/lib:/home/ik/aws_ws/install/dwb_msgs/lib:/home/ik/aws_ws/install/nav_2d_msgs/lib:/home/ik/aws_ws/install/nav2_waypoint_follower/lib:/home/ik/aws_ws/install/nav2_regulated_pure_pursuit_controller/lib:/home/ik/aws_ws/install/nav2_recoveries/lib:/home/ik/aws_ws/install/nav2_planner/lib:/home/ik/aws_ws/install/nav2_navfn_planner/lib:/home/ik/aws_ws/install/costmap_queue/lib:/home/ik/aws_ws/install/nav2_costmap_2d/lib:/home/ik/aws_ws/install/nav2_voxel_grid/lib:/home/ik/aws_ws/install/nav2_rviz_plugins/lib:/home/ik/aws_ws/install/nav2_map_server/lib:/home/ik/aws_ws/install/nav2_lifecycle_manager/lib:/home/ik/aws_ws/install/nav2_bt_navigator/lib:/home/ik/aws_ws/install/nav2_behavior_tree/lib:/home/ik/aws_ws/install/nav2_amcl/lib:/usr/lib/x86_64-linux-gnu/gazebo-11/plugins:/opt/ros/foxy/opt/yaml_cpp_vendor/lib:/opt/ros/foxy/opt/rviz_ogre_vendor/lib:/opt/ros/foxy/lib/x86_64-linux-gnu:/opt/ros/foxy/lib:/usr/share/gazebo/../../lib/x86_64-linux-gnu/gazebo-11/plugins:/usr/share/gazebo/../../lib/x86_64-linux-gnu/gazebo-11/plugins:/usr/share/gazebo/../../lib/x86_64-linux-gnu/gazebo-11/plugins PYTHONPATH=/home/ik/aws_ws/install/nav2_msgs/lib/python3.8/site-packages:/home/ik/aws_ws/install/nav2_common/lib/python3.8/site-packages:/home/ik/aws_ws/install/slam_toolbox/lib/python3.8/site-packages:/home/ik/aws_ws/install/dwb_msgs/lib/python3.8/site-packages:/home/ik/aws_ws/install/nav_2d_msgs/lib/python3.8/site-packages:/home/ik/aws_ws/install/nav2_gazebo_spawner/lib/python3.8/site-packages:/opt/ros/foxy/lib/python3.8/site-packages /usr/bin/cmake --install /home/ik/aws_ws/build/nav2_behavior_tree
