[ 25%] Built target turtlebot3_drive
[ 50%] Built target obstacles
[ 75%] Built target obstacle1
[100%] Built target obstacle2
-- Install configuration: ""
-- Up-to-date: /home/ik/aws_ws/install/turtlebot3_gazebo/lib/turtlebot3_gazebo/turtlebot3_drive
-- Up-to-date: /home/ik/aws_ws/install/turtlebot3_gazebo/share/turtlebot3_gazebo//launch
-- Up-to-date: /home/ik/aws_ws/install/turtlebot3_gazebo/share/turtlebot3_gazebo//launch/turtlebot3_house.launch.py
-- Up-to-date: /home/ik/aws_ws/install/turtlebot3_gazebo/share/turtlebot3_gazebo//launch/turtlebot3_dqn_stage3.launch.py
-- Up-to-date: /home/ik/aws_ws/install/turtlebot3_gazebo/share/turtlebot3_gazebo//launch/empty_world.launch.py
-- Up-to-date: /home/ik/aws_ws/install/turtlebot3_gazebo/share/turtlebot3_gazebo//launch/turtlebot3_dqn_stage4.launch.py
-- Up-to-date: /home/ik/aws_ws/install/turtlebot3_gazebo/share/turtlebot3_gazebo//launch/robot_state_publisher.launch.py
-- Up-to-date: /home/ik/aws_ws/install/turtlebot3_gazebo/share/turtlebot3_gazebo//launch/no_roof_small_warehouse.launch.py
-- Up-to-date: /home/ik/aws_ws/install/turtlebot3_gazebo/share/turtlebot3_gazebo//launch/turtlebot3_world.launch.py
-- Up-to-date: /home/ik/aws_ws/install/turtlebot3_gazebo/share/turtlebot3_gazebo//launch/turtlebot3_dqn_stage1.launch.py
-- Up-to-date: /home/ik/aws_ws/install/turtlebot3_gazebo/share/turtlebot3_gazebo//launch/turtlebot3_autorace.launch.py
-- Up-to-date: /home/ik/aws_ws/install/turtlebot3_gazebo/share/turtlebot3_gazebo//launch/turtlebot3_dqn_stage2.launch.py
-- Up-to-date: /home/ik/aws_ws/install/turtlebot3_gazebo/share/turtlebot3_gazebo//models
-- Up-to-date: /home/ik/aws_ws/install/turtlebot3_gazebo/share/turtlebot3_gazebo//models/turtlebot3_waffle_pi
-- Up-to-date: /home/ik/aws_ws/install/turtlebot3_gazebo/share/turtlebot3_gazebo//models/turtlebot3_waffle_pi/model.sdf
-- Up-to-date: /home/ik/aws_ws/install/turtlebot3_gazebo/share/turtlebot3_gazebo//models/turtlebot3_waffle_pi/model.config
-- Up-to-date: /home/ik/aws_ws/install/turtlebot3_gazebo/share/turtlebot3_gazebo//models/turtlebot3_waffle_pi/meshes
-- Up-to-date: /home/ik/aws_ws/install/turtlebot3_gazebo/share/turtlebot3_gazebo//models/turtlebot3_waffle_pi/meshes/lds.dae
-- Up-to-date: /home/ik/aws_ws/install/turtlebot3_gazebo/share/turtlebot3_gazebo//models/turtlebot3_waffle_pi/meshes/tire.dae
-- Up-to-date: /home/ik/aws_ws/install/turtlebot3_gazebo/share/turtlebot3_gazebo//models/turtlebot3_waffle_pi/meshes/waffle_pi_base.dae
-- Up-to-date: /home/ik/aws_ws/install/turtlebot3_gazebo/share/turtlebot3_gazebo//models/turtlebot3_waffle_pi/model-1_4_.sdf
-- Up-to-date: /home/ik/aws_ws/install/turtlebot3_gazebo/share/turtlebot3_gazebo//models/aws_robomaker_warehouse_Bucket_01
-- Up-to-date: /home/ik/aws_ws/install/turtlebot3_gazebo/share/turtlebot3_gazebo//models/aws_robomaker_warehouse_Bucket_01/materials
-- Up-to-date: /home/ik/aws_ws/install/turtlebot3_gazebo/share/turtlebot3_gazebo//models/aws_robomaker_warehouse_Bucket_01/materials/textures
-- Up-to-date: /home/ik/aws_ws/install/turtlebot3_gazebo/share/turtlebot3_gazebo//models/aws_robomaker_warehouse_Bucket_01/materials/textures/aws_robomaker_warehouse_Bucket_01.png
-- Up-to-date: /home/ik/aws_ws/install/turtlebot3_gazebo/share/turtlebot3_gazebo//models/aws_robomaker_warehouse_Bucket_01/materials/.DS_Store
-- Up-to-date: /home/ik/aws_ws/install/turtlebot3_gazebo/share/turtlebot3_gazebo//models/aws_robomaker_warehouse_Bucket_01/model.sdf
-- Up-to-date: /home/ik/aws_ws/install/turtlebot3_gazebo/share/turtlebot3_gazebo//models/aws_robomaker_warehouse_Bucket_01/.DS_Store
-- Up-to-date: /home/ik/aws_ws/install/turtlebot3_gazebo/share/turtlebot3_gazebo//models/aws_robomaker_warehouse_Bucket_01/model.config
-- Up-to-date: /home/ik/aws_ws/install/turtlebot3_gazebo/share/turtlebot3_gazebo//models/aws_robomaker_warehouse_Bucket_01/meshes
-- Up-to-date: /home/ik/aws_ws/install/turtlebot3_gazebo/share/turtlebot3_gazebo//models/aws_robomaker_warehouse_Bucket_01/meshes/aws_robomaker_warehouse_Bucket_01_visual.DAE
-- Up-to-date: /home/ik/aws_ws/install/turtlebot3_gazebo/share/turtlebot3_gazebo//models/aws_robomaker_warehouse_Bucket_01/meshes/aws_robomaker_warehouse_Bucket_01_collision.DAE
-- Up-to-date: /home/ik/aws_ws/install/turtlebot3_gazebo/share/turtlebot3_gazebo//models/aws_robomaker_warehouse_DeskC_01
-- Up-to-date: /home/ik/aws_ws/install/turtlebot3_gazebo/share/turtlebot3_gazebo//models/aws_robomaker_warehouse_DeskC_01/materials
-- Up-to-date: /home/ik/aws_ws/install/turtlebot3_gazebo/share/turtlebot3_gazebo//models/aws_robomaker_warehouse_DeskC_01/materials/textures
-- Up-to-date: /home/ik/aws_ws/install/turtlebot3_gazebo/share/turtlebot3_gazebo//models/aws_robomaker_warehouse_DeskC_01/materials/textures/aws_robomaker_warehouse_DeskC_03.png
-- Up-to-date: /home/ik/aws_ws/install/turtlebot3_gazebo/share/turtlebot3_gazebo//models/aws_robomaker_warehouse_DeskC_01/materials/textures/aws_robomaker_warehouse_DeskC_01.png
-- Up-to-date: /home/ik/aws_ws/install/turtlebot3_gazebo/share/turtlebot3_gazebo//models/aws_robomaker_warehouse_DeskC_01/materials/textures/aws_robomaker_warehouse_DeskC_03.psd
-- Up-to-date: /home/ik/aws_ws/install/turtlebot3_gazebo/share/turtlebot3_gazebo//models/aws_robomaker_warehouse_DeskC_01/materials/textures/aws_robomaker_warehouse_DeskC_04.png
-- Up-to-date: /home/ik/aws_ws/install/turtlebot3_gazebo/share/turtlebot3_gazebo//models/aws_robomaker_warehouse_DeskC_01/materials/textures/aws_robomaker_warehouse_DeskC_02.png
-- Up-to-date: /home/ik/aws_ws/install/turtlebot3_gazebo/share/turtlebot3_gazebo//models/aws_robomaker_warehouse_DeskC_01/materials/.DS_Store
-- Up-to-date: /home/ik/aws_ws/install/turtlebot3_gazebo/share/turtlebot3_gazebo//models/aws_robomaker_warehouse_DeskC_01/model.sdf
-- Up-to-date: /home/ik/aws_ws/install/turtlebot3_gazebo/share/turtlebot3_gazebo//models/aws_robomaker_warehouse_DeskC_01/model.config
-- Up-to-date: /home/ik/aws_ws/install/turtlebot3_gazebo/share/turtlebot3_gazebo//models/aws_robomaker_warehouse_DeskC_01/meshes
-- Up-to-date: /home/ik/aws_ws/install/turtlebot3_gazebo/share/turtlebot3_gazebo//models/aws_robomaker_warehouse_DeskC_01/meshes/aws_robomaker_warehouse_DeskC_01_visual.DAE
-- Up-to-date: /home/ik/aws_ws/install/turtlebot3_gazebo/share/turtlebot3_gazebo//models/aws_robomaker_warehouse_DeskC_01/meshes/aws_robomaker_warehouse_DeskC_01_collision.DAE
-- Up-to-date: /home/ik/aws_ws/install/turtlebot3_gazebo/share/turtlebot3_gazebo//models/turtlebot3_world
-- Up-to-date: /home/ik/aws_ws/install/turtlebot3_gazebo/share/turtlebot3_gazebo//models/turtlebot3_world/model.sdf
-- Up-to-date: /home/ik/aws_ws/install/turtlebot3_gazebo/share/turtlebot3_gazebo//models/turtlebot3_world/model-1_4.sdf
-- Up-to-date: /home/ik/aws_ws/install/turtlebot3_gazebo/share/turtlebot3_gazebo//models/turtlebot3_world/model.config
-- Up-to-date: /home/ik/aws_ws/install/turtlebot3_gazebo/share/turtlebot3_gazebo//models/turtlebot3_world/meshes
-- Up-to-date: /home/ik/aws_ws/install/turtlebot3_gazebo/share/turtlebot3_gazebo//models/turtlebot3_world/meshes/hexagon.dae
-- Up-to-date: /home/ik/aws_ws/install/turtlebot3_gazebo/share/turtlebot3_gazebo//models/turtlebot3_world/meshes/wall.dae
-- Up-to-date: /home/ik/aws_ws/install/turtlebot3_gazebo/share/turtlebot3_gazebo//models/aws_robomaker_warehouse_ClutteringD_01
-- Up-to-date: /home/ik/aws_ws/install/turtlebot3_gazebo/share/turtlebot3_gazebo//models/aws_robomaker_warehouse_ClutteringD_01/materials
-- Up-to-date: /home/ik/aws_ws/install/turtlebot3_gazebo/share/turtlebot3_gazebo//models/aws_robomaker_warehouse_ClutteringD_01/materials/textures
-- Up-to-date: /home/ik/aws_ws/install/turtlebot3_gazebo/share/turtlebot3_gazebo//models/aws_robomaker_warehouse_ClutteringD_01/materials/textures/aws_robomaker_warehouse_ClutteringD_01.png
-- Up-to-date: /home/ik/aws_ws/install/turtlebot3_gazebo/share/turtlebot3_gazebo//models/aws_robomaker_warehouse_ClutteringD_01/materials/textures/aws_robomaker_warehouse_ClutteringD_02.png
-- Up-to-date: /home/ik/aws_ws/install/turtlebot3_gazebo/share/turtlebot3_gazebo//models/aws_robomaker_warehouse_ClutteringD_01/model.sdf
-- Up-to-date: /home/ik/aws_ws/install/turtlebot3_gazebo/share/turtlebot3_gazebo//models/aws_robomaker_warehouse_ClutteringD_01/model.config
-- Up-to-date: /home/ik/aws_ws/install/turtlebot3_gazebo/share/turtlebot3_gazebo//models/aws_robomaker_warehouse_ClutteringD_01/meshes
-- Up-to-date: /home/ik/aws_ws/install/turtlebot3_gazebo/share/turtlebot3_gazebo//models/aws_robomaker_warehouse_ClutteringD_01/meshes/aws_robomaker_warehouse_ClutteringD_01_visual.DAE
-- Up-to-date: /home/ik/aws_ws/install/turtlebot3_gazebo/share/turtlebot3_gazebo//models/aws_robomaker_warehouse_ClutteringD_01/meshes/aws_robomaker_warehouse_ClutteringD_01_collision.DAE
-- Up-to-date: /home/ik/aws_ws/install/turtlebot3_gazebo/share/turtlebot3_gazebo//models/turtlebot3_house
-- Up-to-date: /home/ik/aws_ws/install/turtlebot3_gazebo/share/turtlebot3_gazebo//models/turtlebot3_house/model.sdf
-- Up-to-date: /home/ik/aws_ws/install/turtlebot3_gazebo/share/turtlebot3_gazebo//models/turtlebot3_house/model.config
-- Up-to-date: /home/ik/aws_ws/install/turtlebot3_gazebo/share/turtlebot3_gazebo//models/turtlebot3_burger
-- Up-to-date: /home/ik/aws_ws/install/turtlebot3_gazebo/share/turtlebot3_gazebo//models/turtlebot3_burger/model.sdf
-- Up-to-date: /home/ik/aws_ws/install/turtlebot3_gazebo/share/turtlebot3_gazebo//models/turtlebot3_burger/model-1_4.sdf
-- Up-to-date: /home/ik/aws_ws/install/turtlebot3_gazebo/share/turtlebot3_gazebo//models/turtlebot3_burger/model.config
-- Up-to-date: /home/ik/aws_ws/install/turtlebot3_gazebo/share/turtlebot3_gazebo//models/turtlebot3_burger/meshes
-- Up-to-date: /home/ik/aws_ws/install/turtlebot3_gazebo/share/turtlebot3_gazebo//models/turtlebot3_burger/meshes/lds.dae
-- Up-to-date: /home/ik/aws_ws/install/turtlebot3_gazebo/share/turtlebot3_gazebo//models/turtlebot3_burger/meshes/tire.dae
-- Up-to-date: /home/ik/aws_ws/install/turtlebot3_gazebo/share/turtlebot3_gazebo//models/turtlebot3_burger/meshes/burger_base.dae
-- Up-to-date: /home/ik/aws_ws/install/turtlebot3_gazebo/share/turtlebot3_gazebo//models/no_roof_small_warehouse
-- Up-to-date: /home/ik/aws_ws/install/turtlebot3_gazebo/share/turtlebot3_gazebo//models/no_roof_small_warehouse/model.sdf
-- Up-to-date: /home/ik/aws_ws/install/turtlebot3_gazebo/share/turtlebot3_gazebo//models/no_roof_small_warehouse/no_roof_small_warehouse.world
-- Up-to-date: /home/ik/aws_ws/install/turtlebot3_gazebo/share/turtlebot3_gazebo//models/no_roof_small_warehouse/model.config
-- Up-to-date: /home/ik/aws_ws/install/turtlebot3_gazebo/share/turtlebot3_gazebo//models/aws_robomaker_warehouse_WallB_01
-- Up-to-date: /home/ik/aws_ws/install/turtlebot3_gazebo/share/turtlebot3_gazebo//models/aws_robomaker_warehouse_WallB_01/materials
-- Up-to-date: /home/ik/aws_ws/install/turtlebot3_gazebo/share/turtlebot3_gazebo//models/aws_robomaker_warehouse_WallB_01/materials/textures
-- Up-to-date: /home/ik/aws_ws/install/turtlebot3_gazebo/share/turtlebot3_gazebo//models/aws_robomaker_warehouse_WallB_01/materials/textures/aws_robomaker_warehouse_WallB_01.png
-- Up-to-date: /home/ik/aws_ws/install/turtlebot3_gazebo/share/turtlebot3_gazebo//models/aws_robomaker_warehouse_WallB_01/model.sdf
-- Up-to-date: /home/ik/aws_ws/install/turtlebot3_gazebo/share/turtlebot3_gazebo//models/aws_robomaker_warehouse_WallB_01/model.config
-- Up-to-date: /home/ik/aws_ws/install/turtlebot3_gazebo/share/turtlebot3_gazebo//models/aws_robomaker_warehouse_WallB_01/meshes
-- Up-to-date: /home/ik/aws_ws/install/turtlebot3_gazebo/share/turtlebot3_gazebo//models/aws_robomaker_warehouse_WallB_01/meshes/aws_robomaker_warehouse_WallB_01_visual.DAE
-- Up-to-date: /home/ik/aws_ws/install/turtlebot3_gazebo/share/turtlebot3_gazebo//models/aws_robomaker_warehouse_WallB_01/meshes/aws_robomaker_warehouse_WallB_01_collision.DAE
-- Up-to-date: /home/ik/aws_ws/install/turtlebot3_gazebo/share/turtlebot3_gazebo//models/aws_robomaker_warehouse_ShelfD_01
-- Up-to-date: /home/ik/aws_ws/install/turtlebot3_gazebo/share/turtlebot3_gazebo//models/aws_robomaker_warehouse_ShelfD_01/materials
-- Up-to-date: /home/ik/aws_ws/install/turtlebot3_gazebo/share/turtlebot3_gazebo//models/aws_robomaker_warehouse_ShelfD_01/materials/textures
-- Up-to-date: /home/ik/aws_ws/install/turtlebot3_gazebo/share/turtlebot3_gazebo//models/aws_robomaker_warehouse_ShelfD_01/materials/textures/aws_robomaker_warehouse_ShelfD_04.png
-- Up-to-date: /home/ik/aws_ws/install/turtlebot3_gazebo/share/turtlebot3_gazebo//models/aws_robomaker_warehouse_ShelfD_01/materials/textures/aws_robomaker_warehouse_ShelfD_02.png
-- Up-to-date: /home/ik/aws_ws/install/turtlebot3_gazebo/share/turtlebot3_gazebo//models/aws_robomaker_warehouse_ShelfD_01/materials/textures/aws_robomaker_warehouse_ShelfD_03.png
-- Up-to-date: /home/ik/aws_ws/install/turtlebot3_gazebo/share/turtlebot3_gazebo//models/aws_robomaker_warehouse_ShelfD_01/materials/textures/aws_robomaker_warehouse_ShelfD_01.png
-- Up-to-date: /home/ik/aws_ws/install/turtlebot3_gazebo/share/turtlebot3_gazebo//models/aws_robomaker_warehouse_ShelfD_01/model.sdf
-- Up-to-date: /home/ik/aws_ws/install/turtlebot3_gazebo/share/turtlebot3_gazebo//models/aws_robomaker_warehouse_ShelfD_01/model.config
-- Up-to-date: /home/ik/aws_ws/install/turtlebot3_gazebo/share/turtlebot3_gazebo//models/aws_robomaker_warehouse_ShelfD_01/meshes
-- Up-to-date: /home/ik/aws_ws/install/turtlebot3_gazebo/share/turtlebot3_gazebo//models/aws_robomaker_warehouse_ShelfD_01/meshes/aws_robomaker_warehouse_ShelfD_01_collision.DAE
-- Up-to-date: /home/ik/aws_ws/install/turtlebot3_gazebo/share/turtlebot3_gazebo//models/aws_robomaker_warehouse_ShelfD_01/meshes/aws_robomaker_warehouse_ShelfD_01_visual.DAE
-- Up-to-date: /home/ik/aws_ws/install/turtlebot3_gazebo/share/turtlebot3_gazebo//models/aws_robomaker_warehouse_ClutteringA_01
-- Up-to-date: /home/ik/aws_ws/install/turtlebot3_gazebo/share/turtlebot3_gazebo//models/aws_robomaker_warehouse_ClutteringA_01/materials
-- Up-to-date: /home/ik/aws_ws/install/turtlebot3_gazebo/share/turtlebot3_gazebo//models/aws_robomaker_warehouse_ClutteringA_01/materials/textures
-- Up-to-date: /home/ik/aws_ws/install/turtlebot3_gazebo/share/turtlebot3_gazebo//models/aws_robomaker_warehouse_ClutteringA_01/materials/textures/aws_robomaker_warehouse_ClutteringA_03.png
-- Up-to-date: /home/ik/aws_ws/install/turtlebot3_gazebo/share/turtlebot3_gazebo//models/aws_robomaker_warehouse_ClutteringA_01/materials/textures/.DS_Store
-- Up-to-date: /home/ik/aws_ws/install/turtlebot3_gazebo/share/turtlebot3_gazebo//models/aws_robomaker_warehouse_ClutteringA_01/materials/textures/aws_robomaker_warehouse_ClutteringA_01.png
-- Up-to-date: /home/ik/aws_ws/install/turtlebot3_gazebo/share/turtlebot3_gazebo//models/aws_robomaker_warehouse_ClutteringA_01/materials/textures/aws_robomaker_warehouse_ClutteringA_02.png
-- Up-to-date: /home/ik/aws_ws/install/turtlebot3_gazebo/share/turtlebot3_gazebo//models/aws_robomaker_warehouse_ClutteringA_01/materials/.DS_Store
-- Up-to-date: /home/ik/aws_ws/install/turtlebot3_gazebo/share/turtlebot3_gazebo//models/aws_robomaker_warehouse_ClutteringA_01/model.sdf
-- Up-to-date: /home/ik/aws_ws/install/turtlebot3_gazebo/share/turtlebot3_gazebo//models/aws_robomaker_warehouse_ClutteringA_01/.DS_Store
-- Up-to-date: /home/ik/aws_ws/install/turtlebot3_gazebo/share/turtlebot3_gazebo//models/aws_robomaker_warehouse_ClutteringA_01/model.config
-- Up-to-date: /home/ik/aws_ws/install/turtlebot3_gazebo/share/turtlebot3_gazebo//models/aws_robomaker_warehouse_ClutteringA_01/meshes
-- Up-to-date: /home/ik/aws_ws/install/turtlebot3_gazebo/share/turtlebot3_gazebo//models/aws_robomaker_warehouse_ClutteringA_01/meshes/aws_robomaker_warehouse_ClutteringA_01_collision.DAE
-- Up-to-date: /home/ik/aws_ws/install/turtlebot3_gazebo/share/turtlebot3_gazebo//models/aws_robomaker_warehouse_ClutteringA_01/meshes/aws_robomaker_warehouse_ClutteringA_01_visual.DAE
-- Up-to-date: /home/ik/aws_ws/install/turtlebot3_gazebo/share/turtlebot3_gazebo//models/turtlebot3_dqn_world
-- Up-to-date: /home/ik/aws_ws/install/turtlebot3_gazebo/share/turtlebot3_gazebo//models/turtlebot3_dqn_world/obstacles
-- Up-to-date: /home/ik/aws_ws/install/turtlebot3_gazebo/share/turtlebot3_gazebo//models/turtlebot3_dqn_world/obstacles/model.sdf
-- Up-to-date: /home/ik/aws_ws/install/turtlebot3_gazebo/share/turtlebot3_gazebo//models/turtlebot3_dqn_world/obstacles/model.config
-- Up-to-date: /home/ik/aws_ws/install/turtlebot3_gazebo/share/turtlebot3_gazebo//models/turtlebot3_dqn_world/obstacle2
-- Up-to-date: /home/ik/aws_ws/install/turtlebot3_gazebo/share/turtlebot3_gazebo//models/turtlebot3_dqn_world/obstacle2/model.sdf
-- Up-to-date: /home/ik/aws_ws/install/turtlebot3_gazebo/share/turtlebot3_gazebo//models/turtlebot3_dqn_world/obstacle2/model.config
-- Up-to-date: /home/ik/aws_ws/install/turtlebot3_gazebo/share/turtlebot3_gazebo//models/turtlebot3_dqn_world/model.sdf
-- Up-to-date: /home/ik/aws_ws/install/turtlebot3_gazebo/share/turtlebot3_gazebo//models/turtlebot3_dqn_world/model.config
-- Up-to-date: /home/ik/aws_ws/install/turtlebot3_gazebo/share/turtlebot3_gazebo//models/turtlebot3_dqn_world/obstacle1
-- Up-to-date: /home/ik/aws_ws/install/turtlebot3_gazebo/share/turtlebot3_gazebo//models/turtlebot3_dqn_world/obstacle1/model.sdf
-- Up-to-date: /home/ik/aws_ws/install/turtlebot3_gazebo/share/turtlebot3_gazebo//models/turtlebot3_dqn_world/obstacle1/model.config
CMake Error at cmake_install.cmake:61 (file):
  file INSTALL cannot make directory
  "/home/ik/aws_ws/install/turtlebot3_gazebo/share/turtlebot3_gazebo//models/test_sim":
  No such file or directory.


-- Up-to-date: /home/ik/aws_ws/install/turtlebot3_gazebo/share/turtlebot3_gazebo//models/turtlebot3_dqn_world/goal_box
-- Up-to-date: /home/ik/aws_ws/install/turtlebot3_gazebo/share/turtlebot3_gazebo//models/turtlebot3_dqn_world/goal_box/model.sdf
-- Up-to-date: /home/ik/aws_ws/install/turtlebot3_gazebo/share/turtlebot3_gazebo//models/turtlebot3_dqn_world/goal_box/model.config
-- Up-to-date: /home/ik/aws_ws/install/turtlebot3_gazebo/share/turtlebot3_gazebo//models/turtlebot3_dqn_world/inner_walls
-- Up-to-date: /home/ik/aws_ws/install/turtlebot3_gazebo/share/turtlebot3_gazebo//models/turtlebot3_dqn_world/inner_walls/model.sdf
-- Up-to-date: /home/ik/aws_ws/install/turtlebot3_gazebo/share/turtlebot3_gazebo//models/turtlebot3_dqn_world/inner_walls/model.config
-- Up-to-date: /home/ik/aws_ws/install/turtlebot3_gazebo/share/turtlebot3_gazebo//models/turtlebot3_dqn_world/obstacle_plugin
-- Up-to-date: /home/ik/aws_ws/install/turtlebot3_gazebo/share/turtlebot3_gazebo//models/turtlebot3_dqn_world/obstacle_plugin/CMakeLists.txt
-- Up-to-date: /home/ik/aws_ws/install/turtlebot3_gazebo/share/turtlebot3_gazebo//models/turtlebot3_dqn_world/obstacle_plugin/obstacle1.cc
-- Up-to-date: /home/ik/aws_ws/install/turtlebot3_gazebo/share/turtlebot3_gazebo//models/turtlebot3_dqn_world/obstacle_plugin/obstacles.cc
-- Up-to-date: /home/ik/aws_ws/install/turtlebot3_gazebo/share/turtlebot3_gazebo//models/turtlebot3_dqn_world/obstacle_plugin/obstacle2.cc
-- Up-to-date: /home/ik/aws_ws/install/turtlebot3_gazebo/share/turtlebot3_gazebo//models/aws_robomaker_warehouse_ShelfE_01
-- Up-to-date: /home/ik/aws_ws/install/turtlebot3_gazebo/share/turtlebot3_gazebo//models/aws_robomaker_warehouse_ShelfE_01/materials
-- Up-to-date: /home/ik/aws_ws/install/turtlebot3_gazebo/share/turtlebot3_gazebo//models/aws_robomaker_warehouse_ShelfE_01/materials/textures
-- Up-to-date: /home/ik/aws_ws/install/turtlebot3_gazebo/share/turtlebot3_gazebo//models/aws_robomaker_warehouse_ShelfE_01/materials/textures/aws_robomaker_warehouse_ShelfE_01.png
-- Up-to-date: /home/ik/aws_ws/install/turtlebot3_gazebo/share/turtlebot3_gazebo//models/aws_robomaker_warehouse_ShelfE_01/materials/textures/aws_robomaker_warehouse_ShelfE_02.png
-- Up-to-date: /home/ik/aws_ws/install/turtlebot3_gazebo/share/turtlebot3_gazebo//models/aws_robomaker_warehouse_ShelfE_01/materials/textures/aws_robomaker_warehouse_ShelfE_03.png
-- Up-to-date: /home/ik/aws_ws/install/turtlebot3_gazebo/share/turtlebot3_gazebo//models/aws_robomaker_warehouse_ShelfE_01/materials/textures/aws_robomaker_warehouse_ShelfE_04.png
-- Up-to-date: /home/ik/aws_ws/install/turtlebot3_gazebo/share/turtlebot3_gazebo//models/aws_robomaker_warehouse_ShelfE_01/materials/.DS_Store
-- Up-to-date: /home/ik/aws_ws/install/turtlebot3_gazebo/share/turtlebot3_gazebo//models/aws_robomaker_warehouse_ShelfE_01/model.sdf
-- Up-to-date: /home/ik/aws_ws/install/turtlebot3_gazebo/share/turtlebot3_gazebo//models/aws_robomaker_warehouse_ShelfE_01/.DS_Store
-- Up-to-date: /home/ik/aws_ws/install/turtlebot3_gazebo/share/turtlebot3_gazebo//models/aws_robomaker_warehouse_ShelfE_01/model.config
-- Up-to-date: /home/ik/aws_ws/install/turtlebot3_gazebo/share/turtlebot3_gazebo//models/aws_robomaker_warehouse_ShelfE_01/meshes
-- Up-to-date: /home/ik/aws_ws/install/turtlebot3_gazebo/share/turtlebot3_gazebo//models/aws_robomaker_warehouse_ShelfE_01/meshes/aws_robomaker_warehouse_ShelfE_01_visual.DAE
-- Up-to-date: /home/ik/aws_ws/install/turtlebot3_gazebo/share/turtlebot3_gazebo//models/aws_robomaker_warehouse_ShelfE_01/meshes/aws_robomaker_warehouse_ShelfE_01_collision.DAE
-- Installing: /home/ik/aws_ws/install/turtlebot3_gazebo/share/turtlebot3_gazebo//models/test_sim
