[0.028s] Invoking command in '/home/ik/aws_ws/build/basic_mobile_robot': CMAKE_PREFIX_PATH=${CMAKE_PREFIX_PATH}:/home/ik/aws_ws/install/nav2_gazebo_spawner:/opt/ros/foxy /usr/bin/cmake --build /home/ik/aws_ws/build/basic_mobile_robot -- -j8 -l8
[0.087s] Invoked command in '/home/ik/aws_ws/build/basic_mobile_robot' returned '0': CMAKE_PREFIX_PATH=${CMAKE_PREFIX_PATH}:/home/ik/aws_ws/install/nav2_gazebo_spawner:/opt/ros/foxy /usr/bin/cmake --build /home/ik/aws_ws/build/basic_mobile_robot -- -j8 -l8
[0.155s] Invoking command in '/home/ik/aws_ws/build/basic_mobile_robot': CMAKE_PREFIX_PATH=${CMAKE_PREFIX_PATH}:/home/ik/aws_ws/install/nav2_gazebo_spawner:/opt/ros/foxy /usr/bin/cmake --install /home/ik/aws_ws/build/basic_mobile_robot
[0.172s] -- Install configuration: ""
[0.173s] -- Execute custom install script
[0.173s] -- Up-to-date symlink: /home/ik/aws_ws/install/basic_mobile_robot/share/basic_mobile_robot/config/ekf.yaml
[0.173s] -- Up-to-date symlink: /home/ik/aws_ws/install/basic_mobile_robot/share/basic_mobile_robot/launch/basic_mobile_bot_v1.launch.py
[0.173s] -- Up-to-date symlink: /home/ik/aws_ws/install/basic_mobile_robot/share/basic_mobile_robot/launch/basic_mobile_bot_v2.launch.py
[0.173s] -- Up-to-date symlink: /home/ik/aws_ws/install/basic_mobile_robot/share/basic_mobile_robot/launch/basic_mobile_bot_v3.launch.py
[0.173s] -- Up-to-date symlink: /home/ik/aws_ws/install/basic_mobile_robot/share/basic_mobile_robot/launch/basic_mobile_bot_v4.launch.py
[0.174s] -- Up-to-date symlink: /home/ik/aws_ws/install/basic_mobile_robot/share/basic_mobile_robot/launch/basic_mobile_bot_v5.launch.py
[0.174s] -- Up-to-date symlink: /home/ik/aws_ws/install/basic_mobile_robot/share/basic_mobile_robot/maps/map.pgm
[0.174s] -- Up-to-date symlink: /home/ik/aws_ws/install/basic_mobile_robot/share/basic_mobile_robot/maps/map.yaml
[0.174s] -- Up-to-date symlink: /home/ik/aws_ws/install/basic_mobile_robot/share/basic_mobile_robot/maps/map_rot.pgm
[0.174s] -- Up-to-date symlink: /home/ik/aws_ws/install/basic_mobile_robot/share/basic_mobile_robot/maps/smalltown_world.pgm
[0.174s] -- Up-to-date symlink: /home/ik/aws_ws/install/basic_mobile_robot/share/basic_mobile_robot/maps/smalltown_world.yaml
[0.175s] -- Up-to-date symlink: /home/ik/aws_ws/install/basic_mobile_robot/share/basic_mobile_robot/meshes/arm_base.stl
[0.175s] -- Up-to-date symlink: /home/ik/aws_ws/install/basic_mobile_robot/share/basic_mobile_robot/meshes/bicep.stl
[0.175s] -- Up-to-date symlink: /home/ik/aws_ws/install/basic_mobile_robot/share/basic_mobile_robot/meshes/elbow.stl
[0.175s] -- Up-to-date symlink: /home/ik/aws_ws/install/basic_mobile_robot/share/basic_mobile_robot/meshes/robot_base.stl
[0.175s] -- Up-to-date symlink: /home/ik/aws_ws/install/basic_mobile_robot/share/basic_mobile_robot/meshes/wheel.stl
[0.175s] -- Up-to-date symlink: /home/ik/aws_ws/install/basic_mobile_robot/share/basic_mobile_robot/meshes/wrist.stl
[0.176s] -- Up-to-date symlink: /home/ik/aws_ws/install/basic_mobile_robot/share/basic_mobile_robot/models/aws_robomaker_warehouse_Bucket_01/.DS_Store
[0.176s] -- Up-to-date symlink: /home/ik/aws_ws/install/basic_mobile_robot/share/basic_mobile_robot/models/aws_robomaker_warehouse_Bucket_01/materials/.DS_Store
[0.176s] -- Up-to-date symlink: /home/ik/aws_ws/install/basic_mobile_robot/share/basic_mobile_robot/models/aws_robomaker_warehouse_Bucket_01/materials/textures/aws_robomaker_warehouse_Bucket_01.png
[0.176s] -- Up-to-date symlink: /home/ik/aws_ws/install/basic_mobile_robot/share/basic_mobile_robot/models/aws_robomaker_warehouse_Bucket_01/meshes/aws_robomaker_warehouse_Bucket_01_collision.DAE
[0.176s] -- Up-to-date symlink: /home/ik/aws_ws/install/basic_mobile_robot/share/basic_mobile_robot/models/aws_robomaker_warehouse_Bucket_01/meshes/aws_robomaker_warehouse_Bucket_01_visual.DAE
[0.177s] -- Up-to-date symlink: /home/ik/aws_ws/install/basic_mobile_robot/share/basic_mobile_robot/models/aws_robomaker_warehouse_Bucket_01/model.config
[0.177s] -- Up-to-date symlink: /home/ik/aws_ws/install/basic_mobile_robot/share/basic_mobile_robot/models/aws_robomaker_warehouse_Bucket_01/model.sdf
[0.177s] -- Up-to-date symlink: /home/ik/aws_ws/install/basic_mobile_robot/share/basic_mobile_robot/models/aws_robomaker_warehouse_ClutteringA_01/.DS_Store
[0.177s] -- Up-to-date symlink: /home/ik/aws_ws/install/basic_mobile_robot/share/basic_mobile_robot/models/aws_robomaker_warehouse_ClutteringA_01/materials/.DS_Store
[0.177s] -- Up-to-date symlink: /home/ik/aws_ws/install/basic_mobile_robot/share/basic_mobile_robot/models/aws_robomaker_warehouse_ClutteringA_01/materials/textures/.DS_Store
[0.177s] -- Up-to-date symlink: /home/ik/aws_ws/install/basic_mobile_robot/share/basic_mobile_robot/models/aws_robomaker_warehouse_ClutteringA_01/materials/textures/aws_robomaker_warehouse_ClutteringA_01.png
[0.178s] -- Up-to-date symlink: /home/ik/aws_ws/install/basic_mobile_robot/share/basic_mobile_robot/models/aws_robomaker_warehouse_ClutteringA_01/materials/textures/aws_robomaker_warehouse_ClutteringA_02.png
[0.178s] -- Up-to-date symlink: /home/ik/aws_ws/install/basic_mobile_robot/share/basic_mobile_robot/models/aws_robomaker_warehouse_ClutteringA_01/materials/textures/aws_robomaker_warehouse_ClutteringA_03.png
[0.178s] -- Up-to-date symlink: /home/ik/aws_ws/install/basic_mobile_robot/share/basic_mobile_robot/models/aws_robomaker_warehouse_ClutteringA_01/meshes/aws_robomaker_warehouse_ClutteringA_01_collision.DAE
[0.178s] -- Up-to-date symlink: /home/ik/aws_ws/install/basic_mobile_robot/share/basic_mobile_robot/models/aws_robomaker_warehouse_ClutteringA_01/meshes/aws_robomaker_warehouse_ClutteringA_01_visual.DAE
[0.178s] -- Up-to-date symlink: /home/ik/aws_ws/install/basic_mobile_robot/share/basic_mobile_robot/models/aws_robomaker_warehouse_ClutteringA_01/model.config
[0.178s] -- Up-to-date symlink: /home/ik/aws_ws/install/basic_mobile_robot/share/basic_mobile_robot/models/aws_robomaker_warehouse_ClutteringA_01/model.sdf
[0.178s] -- Up-to-date symlink: /home/ik/aws_ws/install/basic_mobile_robot/share/basic_mobile_robot/models/aws_robomaker_warehouse_ClutteringC_01/materials/textures/aws_robomaker_warehouse_ClutteringC_01.png
[0.179s] -- Up-to-date symlink: /home/ik/aws_ws/install/basic_mobile_robot/share/basic_mobile_robot/models/aws_robomaker_warehouse_ClutteringC_01/materials/textures/aws_robomaker_warehouse_ClutteringC_02.png
[0.179s] -- Up-to-date symlink: /home/ik/aws_ws/install/basic_mobile_robot/share/basic_mobile_robot/models/aws_robomaker_warehouse_ClutteringC_01/meshes/aws_robomaker_warehouse_ClutteringC_01_collision.DAE
[0.179s] -- Up-to-date symlink: /home/ik/aws_ws/install/basic_mobile_robot/share/basic_mobile_robot/models/aws_robomaker_warehouse_ClutteringC_01/meshes/aws_robomaker_warehouse_ClutteringC_01_visual.DAE
[0.179s] -- Up-to-date symlink: /home/ik/aws_ws/install/basic_mobile_robot/share/basic_mobile_robot/models/aws_robomaker_warehouse_ClutteringC_01/model.config
[0.179s] -- Up-to-date symlink: /home/ik/aws_ws/install/basic_mobile_robot/share/basic_mobile_robot/models/aws_robomaker_warehouse_ClutteringC_01/model.sdf
[0.179s] -- Up-to-date symlink: /home/ik/aws_ws/install/basic_mobile_robot/share/basic_mobile_robot/models/aws_robomaker_warehouse_ClutteringD_01/materials/textures/aws_robomaker_warehouse_ClutteringD_01.png
[0.180s] -- Up-to-date symlink: /home/ik/aws_ws/install/basic_mobile_robot/share/basic_mobile_robot/models/aws_robomaker_warehouse_ClutteringD_01/materials/textures/aws_robomaker_warehouse_ClutteringD_02.png
[0.180s] -- Up-to-date symlink: /home/ik/aws_ws/install/basic_mobile_robot/share/basic_mobile_robot/models/aws_robomaker_warehouse_ClutteringD_01/meshes/aws_robomaker_warehouse_ClutteringD_01_collision.DAE
[0.180s] -- Up-to-date symlink: /home/ik/aws_ws/install/basic_mobile_robot/share/basic_mobile_robot/models/aws_robomaker_warehouse_ClutteringD_01/meshes/aws_robomaker_warehouse_ClutteringD_01_visual.DAE
[0.180s] -- Up-to-date symlink: /home/ik/aws_ws/install/basic_mobile_robot/share/basic_mobile_robot/models/aws_robomaker_warehouse_ClutteringD_01/model.config
[0.180s] -- Up-to-date symlink: /home/ik/aws_ws/install/basic_mobile_robot/share/basic_mobile_robot/models/aws_robomaker_warehouse_ClutteringD_01/model.sdf
[0.181s] -- Up-to-date symlink: /home/ik/aws_ws/install/basic_mobile_robot/share/basic_mobile_robot/models/aws_robomaker_warehouse_DeskC_01/materials/.DS_Store
[0.181s] -- Up-to-date symlink: /home/ik/aws_ws/install/basic_mobile_robot/share/basic_mobile_robot/models/aws_robomaker_warehouse_DeskC_01/materials/textures/aws_robomaker_warehouse_DeskC_01.png
[0.181s] -- Up-to-date symlink: /home/ik/aws_ws/install/basic_mobile_robot/share/basic_mobile_robot/models/aws_robomaker_warehouse_DeskC_01/materials/textures/aws_robomaker_warehouse_DeskC_02.png
[0.181s] -- Up-to-date symlink: /home/ik/aws_ws/install/basic_mobile_robot/share/basic_mobile_robot/models/aws_robomaker_warehouse_DeskC_01/materials/textures/aws_robomaker_warehouse_DeskC_03.png
[0.181s] -- Up-to-date symlink: /home/ik/aws_ws/install/basic_mobile_robot/share/basic_mobile_robot/models/aws_robomaker_warehouse_DeskC_01/materials/textures/aws_robomaker_warehouse_DeskC_03.psd
[0.181s] -- Up-to-date symlink: /home/ik/aws_ws/install/basic_mobile_robot/share/basic_mobile_robot/models/aws_robomaker_warehouse_DeskC_01/materials/textures/aws_robomaker_warehouse_DeskC_04.png
[0.181s] -- Up-to-date symlink: /home/ik/aws_ws/install/basic_mobile_robot/share/basic_mobile_robot/models/aws_robomaker_warehouse_DeskC_01/meshes/aws_robomaker_warehouse_DeskC_01_collision.DAE
[0.181s] -- Up-to-date symlink: /home/ik/aws_ws/install/basic_mobile_robot/share/basic_mobile_robot/models/aws_robomaker_warehouse_DeskC_01/meshes/aws_robomaker_warehouse_DeskC_01_visual.DAE
[0.181s] -- Up-to-date symlink: /home/ik/aws_ws/install/basic_mobile_robot/share/basic_mobile_robot/models/aws_robomaker_warehouse_DeskC_01/model.config
[0.182s] -- Up-to-date symlink: /home/ik/aws_ws/install/basic_mobile_robot/share/basic_mobile_robot/models/aws_robomaker_warehouse_DeskC_01/model.sdf
[0.182s] -- Up-to-date symlink: /home/ik/aws_ws/install/basic_mobile_robot/share/basic_mobile_robot/models/aws_robomaker_warehouse_GroundB_01/materials/textures/aws_robomaker_warehouse_GroundB_01.png
[0.182s] -- Up-to-date symlink: /home/ik/aws_ws/install/basic_mobile_robot/share/basic_mobile_robot/models/aws_robomaker_warehouse_GroundB_01/materials/textures/aws_robomaker_warehouse_GroundB_02.png
[0.182s] -- Up-to-date symlink: /home/ik/aws_ws/install/basic_mobile_robot/share/basic_mobile_robot/models/aws_robomaker_warehouse_GroundB_01/meshes/aws_robomaker_warehouse_GroundB_01_collision.DAE
[0.182s] -- Up-to-date symlink: /home/ik/aws_ws/install/basic_mobile_robot/share/basic_mobile_robot/models/aws_robomaker_warehouse_GroundB_01/meshes/aws_robomaker_warehouse_GroundB_01_visual.DAE
[0.182s] -- Up-to-date symlink: /home/ik/aws_ws/install/basic_mobile_robot/share/basic_mobile_robot/models/aws_robomaker_warehouse_GroundB_01/model.config
[0.182s] -- Up-to-date symlink: /home/ik/aws_ws/install/basic_mobile_robot/share/basic_mobile_robot/models/aws_robomaker_warehouse_GroundB_01/model.sdf
[0.182s] -- Up-to-date symlink: /home/ik/aws_ws/install/basic_mobile_robot/share/basic_mobile_robot/models/aws_robomaker_warehouse_Lamp_01/materials/textures/aws_robomaker_warehouse_Lamp_01.png
[0.182s] -- Up-to-date symlink: /home/ik/aws_ws/install/basic_mobile_robot/share/basic_mobile_robot/models/aws_robomaker_warehouse_Lamp_01/meshes/aws_robomaker_warehouse_Lamp_01_collision.DAE
[0.182s] -- Up-to-date symlink: /home/ik/aws_ws/install/basic_mobile_robot/share/basic_mobile_robot/models/aws_robomaker_warehouse_Lamp_01/meshes/aws_robomaker_warehouse_Lamp_01_visual.DAE
[0.182s] -- Up-to-date symlink: /home/ik/aws_ws/install/basic_mobile_robot/share/basic_mobile_robot/models/aws_robomaker_warehouse_Lamp_01/model.config
[0.182s] -- Up-to-date symlink: /home/ik/aws_ws/install/basic_mobile_robot/share/basic_mobile_robot/models/aws_robomaker_warehouse_Lamp_01/model.sdf
[0.182s] -- Up-to-date symlink: /home/ik/aws_ws/install/basic_mobile_robot/share/basic_mobile_robot/models/aws_robomaker_warehouse_PalletJackB_01/.DS_Store
[0.182s] -- Up-to-date symlink: /home/ik/aws_ws/install/basic_mobile_robot/share/basic_mobile_robot/models/aws_robomaker_warehouse_PalletJackB_01/materials/.DS_Store
[0.183s] -- Up-to-date symlink: /home/ik/aws_ws/install/basic_mobile_robot/share/basic_mobile_robot/models/aws_robomaker_warehouse_PalletJackB_01/materials/textures/aws_robomaker_warehouse_PalletJackB_01.png
[0.183s] -- Up-to-date symlink: /home/ik/aws_ws/install/basic_mobile_robot/share/basic_mobile_robot/models/aws_robomaker_warehouse_PalletJackB_01/materials/textures/aws_robomaker_warehouse_PalletJackB_02.png
[0.183s] -- Up-to-date symlink: /home/ik/aws_ws/install/basic_mobile_robot/share/basic_mobile_robot/models/aws_robomaker_warehouse_PalletJackB_01/meshes/aws_robomaker_warehouse_PalletJackB_01_collision.DAE
[0.183s] -- Up-to-date symlink: /home/ik/aws_ws/install/basic_mobile_robot/share/basic_mobile_robot/models/aws_robomaker_warehouse_PalletJackB_01/meshes/aws_robomaker_warehouse_PalletJackB_01_visual.DAE
[0.183s] -- Up-to-date symlink: /home/ik/aws_ws/install/basic_mobile_robot/share/basic_mobile_robot/models/aws_robomaker_warehouse_PalletJackB_01/model.config
[0.183s] -- Up-to-date symlink: /home/ik/aws_ws/install/basic_mobile_robot/share/basic_mobile_robot/models/aws_robomaker_warehouse_PalletJackB_01/model.sdf
[0.183s] -- Up-to-date symlink: /home/ik/aws_ws/install/basic_mobile_robot/share/basic_mobile_robot/models/aws_robomaker_warehouse_RoofB_01/materials/textures/aws_robomaker_warehouse_RoofB_01.png
[0.183s] -- Up-to-date symlink: /home/ik/aws_ws/install/basic_mobile_robot/share/basic_mobile_robot/models/aws_robomaker_warehouse_RoofB_01/meshes/aws_robomaker_warehouse_RoofB_01_collision.DAE
[0.183s] -- Up-to-date symlink: /home/ik/aws_ws/install/basic_mobile_robot/share/basic_mobile_robot/models/aws_robomaker_warehouse_RoofB_01/meshes/aws_robomaker_warehouse_RoofB_01_visual.DAE
[0.183s] -- Up-to-date symlink: /home/ik/aws_ws/install/basic_mobile_robot/share/basic_mobile_robot/models/aws_robomaker_warehouse_RoofB_01/model.config
[0.183s] -- Up-to-date symlink: /home/ik/aws_ws/install/basic_mobile_robot/share/basic_mobile_robot/models/aws_robomaker_warehouse_RoofB_01/model.sdf
[0.183s] -- Up-to-date symlink: /home/ik/aws_ws/install/basic_mobile_robot/share/basic_mobile_robot/models/aws_robomaker_warehouse_ShelfD_01/materials/textures/aws_robomaker_warehouse_ShelfD_01.png
[0.183s] -- Up-to-date symlink: /home/ik/aws_ws/install/basic_mobile_robot/share/basic_mobile_robot/models/aws_robomaker_warehouse_ShelfD_01/materials/textures/aws_robomaker_warehouse_ShelfD_02.png
[0.183s] -- Up-to-date symlink: /home/ik/aws_ws/install/basic_mobile_robot/share/basic_mobile_robot/models/aws_robomaker_warehouse_ShelfD_01/materials/textures/aws_robomaker_warehouse_ShelfD_03.png
[0.183s] -- Up-to-date symlink: /home/ik/aws_ws/install/basic_mobile_robot/share/basic_mobile_robot/models/aws_robomaker_warehouse_ShelfD_01/materials/textures/aws_robomaker_warehouse_ShelfD_04.png
[0.183s] -- Up-to-date symlink: /home/ik/aws_ws/install/basic_mobile_robot/share/basic_mobile_robot/models/aws_robomaker_warehouse_ShelfD_01/meshes/aws_robomaker_warehouse_ShelfD_01_collision.DAE
[0.183s] -- Up-to-date symlink: /home/ik/aws_ws/install/basic_mobile_robot/share/basic_mobile_robot/models/aws_robomaker_warehouse_ShelfD_01/meshes/aws_robomaker_warehouse_ShelfD_01_visual.DAE
[0.184s] -- Up-to-date symlink: /home/ik/aws_ws/install/basic_mobile_robot/share/basic_mobile_robot/models/aws_robomaker_warehouse_ShelfD_01/model.config
[0.184s] -- Up-to-date symlink: /home/ik/aws_ws/install/basic_mobile_robot/share/basic_mobile_robot/models/aws_robomaker_warehouse_ShelfD_01/model.sdf
[0.184s] -- Up-to-date symlink: /home/ik/aws_ws/install/basic_mobile_robot/share/basic_mobile_robot/models/aws_robomaker_warehouse_ShelfE_01/.DS_Store
[0.184s] -- Up-to-date symlink: /home/ik/aws_ws/install/basic_mobile_robot/share/basic_mobile_robot/models/aws_robomaker_warehouse_ShelfE_01/materials/.DS_Store
[0.184s] -- Up-to-date symlink: /home/ik/aws_ws/install/basic_mobile_robot/share/basic_mobile_robot/models/aws_robomaker_warehouse_ShelfE_01/materials/textures/aws_robomaker_warehouse_ShelfE_01.png
[0.184s] -- Up-to-date symlink: /home/ik/aws_ws/install/basic_mobile_robot/share/basic_mobile_robot/models/aws_robomaker_warehouse_ShelfE_01/materials/textures/aws_robomaker_warehouse_ShelfE_02.png
[0.184s] -- Up-to-date symlink: /home/ik/aws_ws/install/basic_mobile_robot/share/basic_mobile_robot/models/aws_robomaker_warehouse_ShelfE_01/materials/textures/aws_robomaker_warehouse_ShelfE_03.png
[0.184s] -- Up-to-date symlink: /home/ik/aws_ws/install/basic_mobile_robot/share/basic_mobile_robot/models/aws_robomaker_warehouse_ShelfE_01/materials/textures/aws_robomaker_warehouse_ShelfE_04.png
[0.185s] -- Up-to-date symlink: /home/ik/aws_ws/install/basic_mobile_robot/share/basic_mobile_robot/models/aws_robomaker_warehouse_ShelfE_01/meshes/aws_robomaker_warehouse_ShelfE_01_collision.DAE
[0.185s] -- Up-to-date symlink: /home/ik/aws_ws/install/basic_mobile_robot/share/basic_mobile_robot/models/aws_robomaker_warehouse_ShelfE_01/meshes/aws_robomaker_warehouse_ShelfE_01_visual.DAE
[0.185s] -- Up-to-date symlink: /home/ik/aws_ws/install/basic_mobile_robot/share/basic_mobile_robot/models/aws_robomaker_warehouse_ShelfE_01/model.config
[0.185s] -- Up-to-date symlink: /home/ik/aws_ws/install/basic_mobile_robot/share/basic_mobile_robot/models/aws_robomaker_warehouse_ShelfE_01/model.sdf
[0.185s] -- Up-to-date symlink: /home/ik/aws_ws/install/basic_mobile_robot/share/basic_mobile_robot/models/aws_robomaker_warehouse_ShelfF_01/materials/textures/aws_robomaker_warehouse_ShelfF_01.png
[0.185s] -- Up-to-date symlink: /home/ik/aws_ws/install/basic_mobile_robot/share/basic_mobile_robot/models/aws_robomaker_warehouse_ShelfF_01/materials/textures/aws_robomaker_warehouse_ShelfF_02.png
[0.185s] -- Up-to-date symlink: /home/ik/aws_ws/install/basic_mobile_robot/share/basic_mobile_robot/models/aws_robomaker_warehouse_ShelfF_01/materials/textures/aws_robomaker_warehouse_ShelfF_03.png
[0.185s] -- Up-to-date symlink: /home/ik/aws_ws/install/basic_mobile_robot/share/basic_mobile_robot/models/aws_robomaker_warehouse_ShelfF_01/meshes/aws_robomaker_warehouse_ShelfF_01_collision.DAE
[0.185s] -- Up-to-date symlink: /home/ik/aws_ws/install/basic_mobile_robot/share/basic_mobile_robot/models/aws_robomaker_warehouse_ShelfF_01/meshes/aws_robomaker_warehouse_ShelfF_01_visual.DAE
[0.185s] -- Up-to-date symlink: /home/ik/aws_ws/install/basic_mobile_robot/share/basic_mobile_robot/models/aws_robomaker_warehouse_ShelfF_01/model.config
[0.185s] -- Up-to-date symlink: /home/ik/aws_ws/install/basic_mobile_robot/share/basic_mobile_robot/models/aws_robomaker_warehouse_ShelfF_01/model.sdf
[0.185s] -- Up-to-date symlink: /home/ik/aws_ws/install/basic_mobile_robot/share/basic_mobile_robot/models/aws_robomaker_warehouse_TrashCanC_01/materials/textures/aws_robomaker_warehouse_TrashCanC_01.png
[0.186s] -- Up-to-date symlink: /home/ik/aws_ws/install/basic_mobile_robot/share/basic_mobile_robot/models/aws_robomaker_warehouse_TrashCanC_01/meshes/aws_robomaker_warehouse_TrashCanC_01_collision.DAE
[0.186s] -- Up-to-date symlink: /home/ik/aws_ws/install/basic_mobile_robot/share/basic_mobile_robot/models/aws_robomaker_warehouse_TrashCanC_01/meshes/aws_robomaker_warehouse_TrashCanC_01_visual.DAE
[0.186s] -- Up-to-date symlink: /home/ik/aws_ws/install/basic_mobile_robot/share/basic_mobile_robot/models/aws_robomaker_warehouse_TrashCanC_01/model.config
[0.186s] -- Up-to-date symlink: /home/ik/aws_ws/install/basic_mobile_robot/share/basic_mobile_robot/models/aws_robomaker_warehouse_TrashCanC_01/model.sdf
[0.186s] -- Up-to-date symlink: /home/ik/aws_ws/install/basic_mobile_robot/share/basic_mobile_robot/models/aws_robomaker_warehouse_WallB_01/materials/textures/aws_robomaker_warehouse_WallB_01.png
[0.186s] -- Up-to-date symlink: /home/ik/aws_ws/install/basic_mobile_robot/share/basic_mobile_robot/models/aws_robomaker_warehouse_WallB_01/meshes/aws_robomaker_warehouse_WallB_01_collision.DAE
[0.186s] -- Up-to-date symlink: /home/ik/aws_ws/install/basic_mobile_robot/share/basic_mobile_robot/models/aws_robomaker_warehouse_WallB_01/meshes/aws_robomaker_warehouse_WallB_01_visual.DAE
[0.186s] -- Up-to-date symlink: /home/ik/aws_ws/install/basic_mobile_robot/share/basic_mobile_robot/models/aws_robomaker_warehouse_WallB_01/model.config
[0.187s] -- Up-to-date symlink: /home/ik/aws_ws/install/basic_mobile_robot/share/basic_mobile_robot/models/aws_robomaker_warehouse_WallB_01/model.sdf
[0.187s] -- Up-to-date symlink: /home/ik/aws_ws/install/basic_mobile_robot/share/basic_mobile_robot/models/basic_mobile_bot_description/meshes/arm_base.stl
[0.187s] -- Up-to-date symlink: /home/ik/aws_ws/install/basic_mobile_robot/share/basic_mobile_robot/models/basic_mobile_bot_description/meshes/bicep.stl
[0.187s] -- Up-to-date symlink: /home/ik/aws_ws/install/basic_mobile_robot/share/basic_mobile_robot/models/basic_mobile_bot_description/meshes/elbow.stl
[0.187s] -- Up-to-date symlink: /home/ik/aws_ws/install/basic_mobile_robot/share/basic_mobile_robot/models/basic_mobile_bot_description/meshes/robot_base.stl
[0.187s] -- Up-to-date symlink: /home/ik/aws_ws/install/basic_mobile_robot/share/basic_mobile_robot/models/basic_mobile_bot_description/meshes/wheel.stl
[0.187s] -- Up-to-date symlink: /home/ik/aws_ws/install/basic_mobile_robot/share/basic_mobile_robot/models/basic_mobile_bot_description/meshes/wrist.stl
[0.187s] -- Up-to-date symlink: /home/ik/aws_ws/install/basic_mobile_robot/share/basic_mobile_robot/models/basic_mobile_bot_description/model.config
[0.187s] -- Up-to-date symlink: /home/ik/aws_ws/install/basic_mobile_robot/share/basic_mobile_robot/models/basic_mobile_bot_description/model.sdf
[0.188s] -- Up-to-date symlink: /home/ik/aws_ws/install/basic_mobile_robot/share/basic_mobile_robot/models/basic_mobile_bot_v1.urdf
[0.188s] -- Up-to-date symlink: /home/ik/aws_ws/install/basic_mobile_robot/share/basic_mobile_robot/models/basic_mobile_bot_v2.urdf
[0.188s] -- Up-to-date symlink: /home/ik/aws_ws/install/basic_mobile_robot/share/basic_mobile_robot/params/nav2_params.yaml
[0.188s] -- Up-to-date symlink: /home/ik/aws_ws/install/basic_mobile_robot/share/basic_mobile_robot/rviz/nav2_config.rviz
[0.188s] -- Up-to-date symlink: /home/ik/aws_ws/install/basic_mobile_robot/share/basic_mobile_robot/rviz/urdf_config.rviz
[0.189s] -- Up-to-date symlink: /home/ik/aws_ws/install/basic_mobile_robot/share/basic_mobile_robot/worlds/basic_mobile_bot_world/small_town.world
[0.189s] -- Up-to-date symlink: /home/ik/aws_ws/install/basic_mobile_robot/share/basic_mobile_robot/worlds/no_roof_small_warehouse/no_roof_small_warehouse.world
[0.189s] -- Up-to-date symlink: /home/ik/aws_ws/install/basic_mobile_robot/share/ament_index/resource_index/package_run_dependencies/basic_mobile_robot
[0.189s] -- Up-to-date symlink: /home/ik/aws_ws/install/basic_mobile_robot/share/ament_index/resource_index/parent_prefix_path/basic_mobile_robot
[0.189s] -- Up-to-date symlink: /home/ik/aws_ws/install/basic_mobile_robot/share/basic_mobile_robot/environment/ament_prefix_path.sh
[0.190s] -- Up-to-date symlink: /home/ik/aws_ws/install/basic_mobile_robot/share/basic_mobile_robot/environment/ament_prefix_path.dsv
[0.190s] -- Up-to-date symlink: /home/ik/aws_ws/install/basic_mobile_robot/share/basic_mobile_robot/environment/path.sh
[0.190s] -- Up-to-date symlink: /home/ik/aws_ws/install/basic_mobile_robot/share/basic_mobile_robot/environment/path.dsv
[0.190s] -- Up-to-date symlink: /home/ik/aws_ws/install/basic_mobile_robot/share/basic_mobile_robot/local_setup.bash
[0.190s] -- Up-to-date symlink: /home/ik/aws_ws/install/basic_mobile_robot/share/basic_mobile_robot/local_setup.sh
[0.190s] -- Up-to-date symlink: /home/ik/aws_ws/install/basic_mobile_robot/share/basic_mobile_robot/local_setup.zsh
[0.191s] -- Up-to-date symlink: /home/ik/aws_ws/install/basic_mobile_robot/share/basic_mobile_robot/local_setup.dsv
[0.191s] -- Symlinking: /home/ik/aws_ws/install/basic_mobile_robot/share/basic_mobile_robot/package.dsv
[0.205s] -- Up-to-date symlink: /home/ik/aws_ws/install/basic_mobile_robot/share/ament_index/resource_index/packages/basic_mobile_robot
[0.205s] -- Up-to-date symlink: /home/ik/aws_ws/install/basic_mobile_robot/share/basic_mobile_robot/cmake/basic_mobile_robotConfig.cmake
[0.206s] -- Up-to-date symlink: /home/ik/aws_ws/install/basic_mobile_robot/share/basic_mobile_robot/cmake/basic_mobile_robotConfig-version.cmake
[0.206s] -- Up-to-date symlink: /home/ik/aws_ws/install/basic_mobile_robot/share/basic_mobile_robot/package.xml
[0.210s] Invoked command in '/home/ik/aws_ws/build/basic_mobile_robot' returned '0': CMAKE_PREFIX_PATH=${CMAKE_PREFIX_PATH}:/home/ik/aws_ws/install/nav2_gazebo_spawner:/opt/ros/foxy /usr/bin/cmake --install /home/ik/aws_ws/build/basic_mobile_robot
