[0.027s] Invoking command in '/home/ik/aws_ws/build/nav2_bt_navigator': AMENT_PREFIX_PATH=/home/ik/aws_ws/install/nav2_behavior_tree:/home/ik/aws_ws/install/nav2_util:/home/ik/aws_ws/install/nav2_msgs:/home/ik/aws_ws/install/nav2_common:${AMENT_PREFIX_PATH} CMAKE_PREFIX_PATH=/home/ik/aws_ws/install/nav2_behavior_tree:/home/ik/aws_ws/install/nav2_util:/home/ik/aws_ws/install/nav2_msgs:/home/ik/aws_ws/install/nav2_common:/opt/ros/foxy LD_LIBRARY_PATH=/home/ik/aws_ws/install/nav2_behavior_tree/lib:/home/ik/aws_ws/install/nav2_util/lib:/home/ik/aws_ws/install/nav2_msgs/lib:${LD_LIBRARY_PATH} PYTHONPATH=/home/ik/aws_ws/install/nav2_msgs/lib/python3.8/site-packages:/home/ik/aws_ws/install/nav2_common/lib/python3.8/site-packages:${PYTHONPATH} /usr/bin/cmake --build /home/ik/aws_ws/build/nav2_bt_navigator -- -j8 -l8
[0.061s] -- Found ament_cmake: 0.9.11 (/opt/ros/foxy/share/ament_cmake/cmake)
[0.091s] -- Using PYTHON_EXECUTABLE: /usr/bin/python3
[0.282s] -- Override CMake install command with custom implementation using symlinks instead of copying resources
[0.292s] -- Found nav2_common: 0.4.7 (/home/ik/aws_ws/install/nav2_common/share/nav2_common/cmake)
[0.292s] -- Found rclcpp: 2.4.2 (/opt/ros/foxy/share/rclcpp/cmake)
[0.327s] -- Using all available rosidl_typesupport_c: rosidl_typesupport_fastrtps_c;rosidl_typesupport_introspection_c
[0.331s] -- Found rosidl_adapter: 1.3.0 (/opt/ros/foxy/share/rosidl_adapter/cmake)
[0.480s] -- Using all available rosidl_typesupport_cpp: rosidl_typesupport_fastrtps_cpp;rosidl_typesupport_introspection_cpp
[0.532s] -- Found rmw_implementation_cmake: 1.0.4 (/opt/ros/foxy/share/rmw_implementation_cmake/cmake)
[0.534s] -- Using RMW implementation 'rmw_fastrtps_cpp' as default
[0.686s] -- Found rclcpp_action: 2.4.2 (/opt/ros/foxy/share/rclcpp_action/cmake)
[0.764s] -- Found rclcpp_lifecycle: 2.4.2 (/opt/ros/foxy/share/rclcpp_lifecycle/cmake)
[0.793s] -- Found geometry_msgs: 2.0.5 (/opt/ros/foxy/share/geometry_msgs/cmake)
[0.828s] -- Found nav2_behavior_tree: 0.4.7 (/home/ik/aws_ws/install/nav2_behavior_tree/share/nav2_behavior_tree/cmake)
[1.599s] -- Found eigen3_cmake_module: 0.1.1 (/opt/ros/foxy/share/eigen3_cmake_module/cmake)
[3.304s] -- Found ament_lint_auto: 0.9.8 (/opt/ros/foxy/share/ament_lint_auto/cmake)
[3.383s] -- Added test 'copyright' to check source files copyright and LICENSE
[3.385s] -- Added test 'cppcheck' to perform static code analysis on C / C++ code
[3.385s] -- Configured cppcheck include dirs: /home/ik/aws_ws/src/navigation2/nav2_bt_navigator/include
[3.385s] -- Configured cppcheck exclude dirs and/or files: 
[3.386s] -- Added test 'cpplint' to check C / C++ code against the Google style
[3.386s] -- Configured cpplint exclude dirs and/or files: 
[3.386s] -- Added test 'lint_cmake' to check CMake code style
[3.388s] -- Added test 'uncrustify' to check C / C++ code style
[3.388s] -- Configured uncrustify additional arguments: 
[3.388s] -- Added test 'xmllint' to check XML markup files
[3.393s] -- Configuring done
[3.499s] -- Generating done
[3.502s] -- Build files have been written to: /home/ik/aws_ws/build/nav2_bt_navigator
[3.584s] [ 20%] [32m[1mLinking CXX shared library libbt_navigator_core.so[0m
[3.909s] [ 60%] Built target bt_navigator_core
[3.962s] [ 80%] [32m[1mLinking CXX executable bt_navigator[0m
[4.315s] [100%] Built target bt_navigator
[4.328s] Invoked command in '/home/ik/aws_ws/build/nav2_bt_navigator' returned '0': AMENT_PREFIX_PATH=/home/ik/aws_ws/install/nav2_behavior_tree:/home/ik/aws_ws/install/nav2_util:/home/ik/aws_ws/install/nav2_msgs:/home/ik/aws_ws/install/nav2_common:${AMENT_PREFIX_PATH} CMAKE_PREFIX_PATH=/home/ik/aws_ws/install/nav2_behavior_tree:/home/ik/aws_ws/install/nav2_util:/home/ik/aws_ws/install/nav2_msgs:/home/ik/aws_ws/install/nav2_common:/opt/ros/foxy LD_LIBRARY_PATH=/home/ik/aws_ws/install/nav2_behavior_tree/lib:/home/ik/aws_ws/install/nav2_util/lib:/home/ik/aws_ws/install/nav2_msgs/lib:${LD_LIBRARY_PATH} PYTHONPATH=/home/ik/aws_ws/install/nav2_msgs/lib/python3.8/site-packages:/home/ik/aws_ws/install/nav2_common/lib/python3.8/site-packages:${PYTHONPATH} /usr/bin/cmake --build /home/ik/aws_ws/build/nav2_bt_navigator -- -j8 -l8
[4.369s] Invoking command in '/home/ik/aws_ws/build/nav2_bt_navigator': AMENT_PREFIX_PATH=/home/ik/aws_ws/install/nav2_behavior_tree:/home/ik/aws_ws/install/nav2_util:/home/ik/aws_ws/install/nav2_msgs:/home/ik/aws_ws/install/nav2_common:${AMENT_PREFIX_PATH} CMAKE_PREFIX_PATH=/home/ik/aws_ws/install/nav2_behavior_tree:/home/ik/aws_ws/install/nav2_util:/home/ik/aws_ws/install/nav2_msgs:/home/ik/aws_ws/install/nav2_common:/opt/ros/foxy LD_LIBRARY_PATH=/home/ik/aws_ws/install/nav2_behavior_tree/lib:/home/ik/aws_ws/install/nav2_util/lib:/home/ik/aws_ws/install/nav2_msgs/lib:${LD_LIBRARY_PATH} PYTHONPATH=/home/ik/aws_ws/install/nav2_msgs/lib/python3.8/site-packages:/home/ik/aws_ws/install/nav2_common/lib/python3.8/site-packages:${PYTHONPATH} /usr/bin/cmake --install /home/ik/aws_ws/build/nav2_bt_navigator
[4.384s] -- Install configuration: "Release"
[4.384s] -- Execute custom install script
[4.385s] -- Up-to-date symlink: /home/ik/aws_ws/install/nav2_bt_navigator/lib/libbt_navigator_core.so
[4.386s] -- Up-to-date symlink: /home/ik/aws_ws/install/nav2_bt_navigator/lib/nav2_bt_navigator/bt_navigator
[4.386s] -- Up-to-date symlink: /home/ik/aws_ws/install/nav2_bt_navigator/include//nav2_bt_navigator/bt_navigator.hpp
[4.386s] -- Up-to-date symlink: /home/ik/aws_ws/install/nav2_bt_navigator/include//nav2_bt_navigator/ros_topic_logger.hpp
[4.387s] -- Up-to-date symlink: /home/ik/aws_ws/install/nav2_bt_navigator/share/nav2_bt_navigator/behavior_trees/follow_point.xml
[4.387s] -- Up-to-date symlink: /home/ik/aws_ws/install/nav2_bt_navigator/share/nav2_bt_navigator/behavior_trees/navigate_w_replanning_and_recovery.xml
[4.387s] -- Up-to-date symlink: /home/ik/aws_ws/install/nav2_bt_navigator/share/nav2_bt_navigator/behavior_trees/navigate_w_replanning_and_round_robin_recovery.xml
[4.387s] -- Up-to-date symlink: /home/ik/aws_ws/install/nav2_bt_navigator/share/nav2_bt_navigator/behavior_trees/navigate_w_replanning_distance.xml
[4.388s] -- Up-to-date symlink: /home/ik/aws_ws/install/nav2_bt_navigator/share/nav2_bt_navigator/behavior_trees/navigate_w_replanning_speed.xml
[4.388s] -- Up-to-date symlink: /home/ik/aws_ws/install/nav2_bt_navigator/share/nav2_bt_navigator/behavior_trees/navigate_w_replanning_time.xml
[4.388s] -- Up-to-date symlink: /home/ik/aws_ws/install/nav2_bt_navigator/share/nav2_bt_navigator/environment/library_path.sh
[4.388s] -- Up-to-date symlink: /home/ik/aws_ws/install/nav2_bt_navigator/share/nav2_bt_navigator/environment/library_path.dsv
[4.388s] -- Up-to-date symlink: /home/ik/aws_ws/install/nav2_bt_navigator/share/ament_index/resource_index/package_run_dependencies/nav2_bt_navigator
[4.388s] -- Up-to-date symlink: /home/ik/aws_ws/install/nav2_bt_navigator/share/ament_index/resource_index/parent_prefix_path/nav2_bt_navigator
[4.389s] -- Up-to-date symlink: /home/ik/aws_ws/install/nav2_bt_navigator/share/nav2_bt_navigator/environment/ament_prefix_path.sh
[4.389s] -- Up-to-date symlink: /home/ik/aws_ws/install/nav2_bt_navigator/share/nav2_bt_navigator/environment/ament_prefix_path.dsv
[4.391s] -- Up-to-date symlink: /home/ik/aws_ws/install/nav2_bt_navigator/share/nav2_bt_navigator/environment/path.sh
[4.391s] -- Up-to-date symlink: /home/ik/aws_ws/install/nav2_bt_navigator/share/nav2_bt_navigator/environment/path.dsv
[4.391s] -- Up-to-date symlink: /home/ik/aws_ws/install/nav2_bt_navigator/share/nav2_bt_navigator/local_setup.bash
[4.392s] -- Up-to-date symlink: /home/ik/aws_ws/install/nav2_bt_navigator/share/nav2_bt_navigator/local_setup.sh
[4.392s] -- Up-to-date symlink: /home/ik/aws_ws/install/nav2_bt_navigator/share/nav2_bt_navigator/local_setup.zsh
[4.392s] -- Up-to-date symlink: /home/ik/aws_ws/install/nav2_bt_navigator/share/nav2_bt_navigator/local_setup.dsv
[4.392s] -- Symlinking: /home/ik/aws_ws/install/nav2_bt_navigator/share/nav2_bt_navigator/package.dsv
[4.406s] -- Up-to-date symlink: /home/ik/aws_ws/install/nav2_bt_navigator/share/ament_index/resource_index/packages/nav2_bt_navigator
[4.407s] -- Up-to-date symlink: /home/ik/aws_ws/install/nav2_bt_navigator/share/nav2_bt_navigator/cmake/ament_cmake_export_include_directories-extras.cmake
[4.407s] -- Up-to-date symlink: /home/ik/aws_ws/install/nav2_bt_navigator/share/nav2_bt_navigator/cmake/ament_cmake_export_libraries-extras.cmake
[4.407s] -- Up-to-date symlink: /home/ik/aws_ws/install/nav2_bt_navigator/share/nav2_bt_navigator/cmake/ament_cmake_export_dependencies-extras.cmake
[4.408s] -- Up-to-date symlink: /home/ik/aws_ws/install/nav2_bt_navigator/share/nav2_bt_navigator/cmake/nav2_bt_navigatorConfig.cmake
[4.408s] -- Up-to-date symlink: /home/ik/aws_ws/install/nav2_bt_navigator/share/nav2_bt_navigator/cmake/nav2_bt_navigatorConfig-version.cmake
[4.409s] -- Up-to-date symlink: /home/ik/aws_ws/install/nav2_bt_navigator/share/nav2_bt_navigator/package.xml
[4.417s] Invoked command in '/home/ik/aws_ws/build/nav2_bt_navigator' returned '0': AMENT_PREFIX_PATH=/home/ik/aws_ws/install/nav2_behavior_tree:/home/ik/aws_ws/install/nav2_util:/home/ik/aws_ws/install/nav2_msgs:/home/ik/aws_ws/install/nav2_common:${AMENT_PREFIX_PATH} CMAKE_PREFIX_PATH=/home/ik/aws_ws/install/nav2_behavior_tree:/home/ik/aws_ws/install/nav2_util:/home/ik/aws_ws/install/nav2_msgs:/home/ik/aws_ws/install/nav2_common:/opt/ros/foxy LD_LIBRARY_PATH=/home/ik/aws_ws/install/nav2_behavior_tree/lib:/home/ik/aws_ws/install/nav2_util/lib:/home/ik/aws_ws/install/nav2_msgs/lib:${LD_LIBRARY_PATH} PYTHONPATH=/home/ik/aws_ws/install/nav2_msgs/lib/python3.8/site-packages:/home/ik/aws_ws/install/nav2_common/lib/python3.8/site-packages:${PYTHONPATH} /usr/bin/cmake --install /home/ik/aws_ws/build/nav2_bt_navigator
