[0.045s] Invoking command in '/home/ik/aws_ws/build/nav2_bt_navigator': CMAKE_PREFIX_PATH=/home/ik/aws_ws/install/nav2_behavior_tree:/home/ik/aws_ws/install/nav2_util:/home/ik/aws_ws/install/nav2_msgs:/home/ik/aws_ws/install/nav2_common:/home/ik/aws_ws/install/turtlebot3_simulations:/home/ik/aws_ws/install/turtlebot3_gazebo:/home/ik/aws_ws/install/turtlebot3_fake_node:/home/ik/aws_ws/install/nav2_system_tests:/home/ik/aws_ws/install/nav2_bringup:/home/ik/aws_ws/install/navigation2:/home/ik/aws_ws/install/smac_planner:/home/ik/aws_ws/install/slam_toolbox:/home/ik/aws_ws/install/rtabmap_ros:/home/ik/aws_ws/install/rtabmap:/home/ik/aws_ws/install/nav2_dwb_controller:/home/ik/aws_ws/install/nav2_controller:/home/ik/aws_ws/install/dwb_plugins:/home/ik/aws_ws/install/dwb_critics:/home/ik/aws_ws/install/dwb_core:/home/ik/aws_ws/install/nav_2d_utils:/home/ik/aws_ws/install/dwb_msgs:/home/ik/aws_ws/install/nav_2d_msgs:/home/ik/aws_ws/install/nav2_waypoint_follower:/home/ik/aws_ws/install/nav2_regulated_pure_pursuit_controller:/home/ik/aws_ws/install/nav2_recoveries:/home/ik/aws_ws/install/nav2_planner:/home/ik/aws_ws/install/nav2_navfn_planner:/home/ik/aws_ws/install/nav2_core:/home/ik/aws_ws/install/costmap_queue:/home/ik/aws_ws/install/nav2_costmap_2d:/home/ik/aws_ws/install/nav2_voxel_grid:/home/ik/aws_ws/install/nav2_rviz_plugins:/home/ik/aws_ws/install/nav2_map_server:/home/ik/aws_ws/install/nav2_lifecycle_manager:/home/ik/aws_ws/install/nav2_bt_navigator:/home/ik/aws_ws/install/nav2_amcl:/home/ik/aws_ws/install/aws_robomaker_small_warehouse_world:/home/ik/aws_ws/install/nav2_gazebo_spawner:/opt/ros/foxy LD_LIBRARY_PATH=/home/ik/aws_ws/install/nav2_behavior_tree/lib:/home/ik/aws_ws/install/nav2_util/lib:/home/ik/aws_ws/install/nav2_msgs/lib:/home/ik/aws_ws/install/smac_planner/lib:/home/ik/aws_ws/install/slam_toolbox/lib:/home/ik/aws_ws/install/rtabmap_ros/lib:/home/ik/aws_ws/install/rtabmap/lib:/home/ik/aws_ws/install/nav2_controller/lib:/home/ik/aws_ws/install/dwb_plugins/lib:/home/ik/aws_ws/install/dwb_critics/lib:/home/ik/aws_ws/install/dwb_core/lib:/home/ik/aws_ws/install/nav_2d_utils/lib:/home/ik/aws_ws/install/dwb_msgs/lib:/home/ik/aws_ws/install/nav_2d_msgs/lib:/home/ik/aws_ws/install/nav2_waypoint_follower/lib:/home/ik/aws_ws/install/nav2_regulated_pure_pursuit_controller/lib:/home/ik/aws_ws/install/nav2_recoveries/lib:/home/ik/aws_ws/install/nav2_planner/lib:/home/ik/aws_ws/install/nav2_navfn_planner/lib:/home/ik/aws_ws/install/costmap_queue/lib:/home/ik/aws_ws/install/nav2_costmap_2d/lib:/home/ik/aws_ws/install/nav2_voxel_grid/lib:/home/ik/aws_ws/install/nav2_rviz_plugins/lib:/home/ik/aws_ws/install/nav2_map_server/lib:/home/ik/aws_ws/install/nav2_lifecycle_manager/lib:/home/ik/aws_ws/install/nav2_bt_navigator/lib:/home/ik/aws_ws/install/nav2_amcl/lib:/usr/lib/x86_64-linux-gnu/gazebo-11/plugins:/opt/ros/foxy/opt/yaml_cpp_vendor/lib:/opt/ros/foxy/opt/rviz_ogre_vendor/lib:/opt/ros/foxy/lib/x86_64-linux-gnu:/opt/ros/foxy/lib:/usr/share/gazebo/../../lib/x86_64-linux-gnu/gazebo-11/plugins PYTHONPATH=/home/ik/aws_ws/install/nav2_msgs/lib/python3.8/site-packages:/home/ik/aws_ws/install/nav2_common/lib/python3.8/site-packages:/home/ik/aws_ws/install/slam_toolbox/lib/python3.8/site-packages:/home/ik/aws_ws/install/rtabmap_ros/lib/python3.8/site-packages:/home/ik/aws_ws/install/dwb_msgs/lib/python3.8/site-packages:/home/ik/aws_ws/install/nav_2d_msgs/lib/python3.8/site-packages:/home/ik/aws_ws/build/nav2_gazebo_spawner:/home/ik/aws_ws/install/nav2_gazebo_spawner/lib/python3.8/site-packages:/opt/ros/foxy/lib/python3.8/site-packages /usr/bin/cmake /home/ik/aws_ws/src/navigation2/nav2_bt_navigator -DAMENT_CMAKE_SYMLINK_INSTALL=1 -DCMAKE_INSTALL_PREFIX=/home/ik/aws_ws/install/nav2_bt_navigator
[0.137s] -- The C compiler identification is GNU 9.4.0
[0.219s] -- The CXX compiler identification is GNU 9.4.0
[0.228s] -- Check for working C compiler: /usr/bin/cc
[0.366s] -- Check for working C compiler: /usr/bin/cc -- works
[0.367s] -- Detecting C compiler ABI info
[0.518s] -- Detecting C compiler ABI info - done
[0.539s] -- Detecting C compile features
[0.539s] -- Detecting C compile features - done
[0.544s] -- Check for working CXX compiler: /usr/bin/c++
[0.710s] -- Check for working CXX compiler: /usr/bin/c++ -- works
[0.712s] -- Detecting CXX compiler ABI info
[0.864s] -- Detecting CXX compiler ABI info - done
[0.878s] -- Detecting CXX compile features
[0.879s] -- Detecting CXX compile features - done
[0.884s] -- Found ament_cmake: 0.9.11 (/opt/ros/foxy/share/ament_cmake/cmake)
[0.935s] -- Found PythonInterp: /usr/bin/python3 (found suitable version "3.8.10", minimum required is "3") 
[0.935s] -- Using PYTHON_EXECUTABLE: /usr/bin/python3
[1.169s] -- Override CMake install command with custom implementation using symlinks instead of copying resources
[1.232s] -- Found nav2_common: 0.4.7 (/home/ik/aws_ws/install/nav2_common/share/nav2_common/cmake)
[1.235s] -- Found rclcpp: 2.4.2 (/opt/ros/foxy/share/rclcpp/cmake)
[1.324s] -- Using all available rosidl_typesupport_c: rosidl_typesupport_fastrtps_c;rosidl_typesupport_introspection_c
[1.340s] -- Found rosidl_adapter: 1.3.0 (/opt/ros/foxy/share/rosidl_adapter/cmake)
[1.523s] -- Found OpenSSL: /usr/lib/x86_64-linux-gnu/libcrypto.so (found version "1.1.1f")  
[1.569s] -- Found FastRTPS: /opt/ros/foxy/include  
[1.708s] -- Using all available rosidl_typesupport_cpp: rosidl_typesupport_fastrtps_cpp;rosidl_typesupport_introspection_cpp
[1.796s] -- Found rmw_implementation_cmake: 1.0.4 (/opt/ros/foxy/share/rmw_implementation_cmake/cmake)
[1.799s] -- Using RMW implementation 'rmw_fastrtps_cpp' as default
[1.801s] -- Looking for pthread.h
[1.952s] -- Looking for pthread.h - found
[1.952s] -- Performing Test CMAKE_HAVE_LIBC_PTHREAD
[2.070s] -- Performing Test CMAKE_HAVE_LIBC_PTHREAD - Failed
[2.076s] -- Looking for pthread_create in pthreads
[2.193s] -- Looking for pthread_create in pthreads - not found
[2.193s] -- Looking for pthread_create in pthread
[2.332s] -- Looking for pthread_create in pthread - found
[2.335s] -- Found Threads: TRUE  
[2.550s] -- Found rclcpp_action: 2.4.2 (/opt/ros/foxy/share/rclcpp_action/cmake)
[2.654s] -- Found rclcpp_lifecycle: 2.4.2 (/opt/ros/foxy/share/rclcpp_lifecycle/cmake)
[2.697s] -- Found geometry_msgs: 2.0.5 (/opt/ros/foxy/share/geometry_msgs/cmake)
[2.739s] -- Found nav2_behavior_tree: 0.4.7 (/home/ik/aws_ws/install/nav2_behavior_tree/share/nav2_behavior_tree/cmake)
[3.626s] -- Found eigen3_cmake_module: 0.1.1 (/opt/ros/foxy/share/eigen3_cmake_module/cmake)
[3.630s] -- Found Eigen3: TRUE (found version "3.3.7") 
[4.017s] -- Setting build type to Release as none was specified.
[5.284s] -- Found ament_lint_auto: 0.9.8 (/opt/ros/foxy/share/ament_lint_auto/cmake)
[5.382s] -- Added test 'copyright' to check source files copyright and LICENSE
[5.390s] -- Added test 'cppcheck' to perform static code analysis on C / C++ code
[5.390s] -- Configured cppcheck include dirs: /home/ik/aws_ws/src/navigation2/nav2_bt_navigator/include
[5.390s] -- Configured cppcheck exclude dirs and/or files: 
[5.393s] -- Added test 'cpplint' to check C / C++ code against the Google style
[5.393s] -- Configured cpplint exclude dirs and/or files: 
[5.395s] -- Added test 'lint_cmake' to check CMake code style
[5.399s] -- Added test 'uncrustify' to check C / C++ code style
[5.399s] -- Configured uncrustify additional arguments: 
[5.401s] -- Added test 'xmllint' to check XML markup files
[5.408s] -- Configuring done
[5.511s] -- Generating done
[5.513s] -- Build files have been written to: /home/ik/aws_ws/build/nav2_bt_navigator
[5.527s] Invoked command in '/home/ik/aws_ws/build/nav2_bt_navigator' returned '0': CMAKE_PREFIX_PATH=/home/ik/aws_ws/install/nav2_behavior_tree:/home/ik/aws_ws/install/nav2_util:/home/ik/aws_ws/install/nav2_msgs:/home/ik/aws_ws/install/nav2_common:/home/ik/aws_ws/install/turtlebot3_simulations:/home/ik/aws_ws/install/turtlebot3_gazebo:/home/ik/aws_ws/install/turtlebot3_fake_node:/home/ik/aws_ws/install/nav2_system_tests:/home/ik/aws_ws/install/nav2_bringup:/home/ik/aws_ws/install/navigation2:/home/ik/aws_ws/install/smac_planner:/home/ik/aws_ws/install/slam_toolbox:/home/ik/aws_ws/install/rtabmap_ros:/home/ik/aws_ws/install/rtabmap:/home/ik/aws_ws/install/nav2_dwb_controller:/home/ik/aws_ws/install/nav2_controller:/home/ik/aws_ws/install/dwb_plugins:/home/ik/aws_ws/install/dwb_critics:/home/ik/aws_ws/install/dwb_core:/home/ik/aws_ws/install/nav_2d_utils:/home/ik/aws_ws/install/dwb_msgs:/home/ik/aws_ws/install/nav_2d_msgs:/home/ik/aws_ws/install/nav2_waypoint_follower:/home/ik/aws_ws/install/nav2_regulated_pure_pursuit_controller:/home/ik/aws_ws/install/nav2_recoveries:/home/ik/aws_ws/install/nav2_planner:/home/ik/aws_ws/install/nav2_navfn_planner:/home/ik/aws_ws/install/nav2_core:/home/ik/aws_ws/install/costmap_queue:/home/ik/aws_ws/install/nav2_costmap_2d:/home/ik/aws_ws/install/nav2_voxel_grid:/home/ik/aws_ws/install/nav2_rviz_plugins:/home/ik/aws_ws/install/nav2_map_server:/home/ik/aws_ws/install/nav2_lifecycle_manager:/home/ik/aws_ws/install/nav2_bt_navigator:/home/ik/aws_ws/install/nav2_amcl:/home/ik/aws_ws/install/aws_robomaker_small_warehouse_world:/home/ik/aws_ws/install/nav2_gazebo_spawner:/opt/ros/foxy LD_LIBRARY_PATH=/home/ik/aws_ws/install/nav2_behavior_tree/lib:/home/ik/aws_ws/install/nav2_util/lib:/home/ik/aws_ws/install/nav2_msgs/lib:/home/ik/aws_ws/install/smac_planner/lib:/home/ik/aws_ws/install/slam_toolbox/lib:/home/ik/aws_ws/install/rtabmap_ros/lib:/home/ik/aws_ws/install/rtabmap/lib:/home/ik/aws_ws/install/nav2_controller/lib:/home/ik/aws_ws/install/dwb_plugins/lib:/home/ik/aws_ws/install/dwb_critics/lib:/home/ik/aws_ws/install/dwb_core/lib:/home/ik/aws_ws/install/nav_2d_utils/lib:/home/ik/aws_ws/install/dwb_msgs/lib:/home/ik/aws_ws/install/nav_2d_msgs/lib:/home/ik/aws_ws/install/nav2_waypoint_follower/lib:/home/ik/aws_ws/install/nav2_regulated_pure_pursuit_controller/lib:/home/ik/aws_ws/install/nav2_recoveries/lib:/home/ik/aws_ws/install/nav2_planner/lib:/home/ik/aws_ws/install/nav2_navfn_planner/lib:/home/ik/aws_ws/install/costmap_queue/lib:/home/ik/aws_ws/install/nav2_costmap_2d/lib:/home/ik/aws_ws/install/nav2_voxel_grid/lib:/home/ik/aws_ws/install/nav2_rviz_plugins/lib:/home/ik/aws_ws/install/nav2_map_server/lib:/home/ik/aws_ws/install/nav2_lifecycle_manager/lib:/home/ik/aws_ws/install/nav2_bt_navigator/lib:/home/ik/aws_ws/install/nav2_amcl/lib:/usr/lib/x86_64-linux-gnu/gazebo-11/plugins:/opt/ros/foxy/opt/yaml_cpp_vendor/lib:/opt/ros/foxy/opt/rviz_ogre_vendor/lib:/opt/ros/foxy/lib/x86_64-linux-gnu:/opt/ros/foxy/lib:/usr/share/gazebo/../../lib/x86_64-linux-gnu/gazebo-11/plugins PYTHONPATH=/home/ik/aws_ws/install/nav2_msgs/lib/python3.8/site-packages:/home/ik/aws_ws/install/nav2_common/lib/python3.8/site-packages:/home/ik/aws_ws/install/slam_toolbox/lib/python3.8/site-packages:/home/ik/aws_ws/install/rtabmap_ros/lib/python3.8/site-packages:/home/ik/aws_ws/install/dwb_msgs/lib/python3.8/site-packages:/home/ik/aws_ws/install/nav_2d_msgs/lib/python3.8/site-packages:/home/ik/aws_ws/build/nav2_gazebo_spawner:/home/ik/aws_ws/install/nav2_gazebo_spawner/lib/python3.8/site-packages:/opt/ros/foxy/lib/python3.8/site-packages /usr/bin/cmake /home/ik/aws_ws/src/navigation2/nav2_bt_navigator -DAMENT_CMAKE_SYMLINK_INSTALL=1 -DCMAKE_INSTALL_PREFIX=/home/ik/aws_ws/install/nav2_bt_navigator
[5.532s] Invoking command in '/home/ik/aws_ws/build/nav2_bt_navigator': CMAKE_PREFIX_PATH=/home/ik/aws_ws/install/nav2_behavior_tree:/home/ik/aws_ws/install/nav2_util:/home/ik/aws_ws/install/nav2_msgs:/home/ik/aws_ws/install/nav2_common:/home/ik/aws_ws/install/turtlebot3_simulations:/home/ik/aws_ws/install/turtlebot3_gazebo:/home/ik/aws_ws/install/turtlebot3_fake_node:/home/ik/aws_ws/install/nav2_system_tests:/home/ik/aws_ws/install/nav2_bringup:/home/ik/aws_ws/install/navigation2:/home/ik/aws_ws/install/smac_planner:/home/ik/aws_ws/install/slam_toolbox:/home/ik/aws_ws/install/rtabmap_ros:/home/ik/aws_ws/install/rtabmap:/home/ik/aws_ws/install/nav2_dwb_controller:/home/ik/aws_ws/install/nav2_controller:/home/ik/aws_ws/install/dwb_plugins:/home/ik/aws_ws/install/dwb_critics:/home/ik/aws_ws/install/dwb_core:/home/ik/aws_ws/install/nav_2d_utils:/home/ik/aws_ws/install/dwb_msgs:/home/ik/aws_ws/install/nav_2d_msgs:/home/ik/aws_ws/install/nav2_waypoint_follower:/home/ik/aws_ws/install/nav2_regulated_pure_pursuit_controller:/home/ik/aws_ws/install/nav2_recoveries:/home/ik/aws_ws/install/nav2_planner:/home/ik/aws_ws/install/nav2_navfn_planner:/home/ik/aws_ws/install/nav2_core:/home/ik/aws_ws/install/costmap_queue:/home/ik/aws_ws/install/nav2_costmap_2d:/home/ik/aws_ws/install/nav2_voxel_grid:/home/ik/aws_ws/install/nav2_rviz_plugins:/home/ik/aws_ws/install/nav2_map_server:/home/ik/aws_ws/install/nav2_lifecycle_manager:/home/ik/aws_ws/install/nav2_bt_navigator:/home/ik/aws_ws/install/nav2_amcl:/home/ik/aws_ws/install/aws_robomaker_small_warehouse_world:/home/ik/aws_ws/install/nav2_gazebo_spawner:/opt/ros/foxy LD_LIBRARY_PATH=/home/ik/aws_ws/install/nav2_behavior_tree/lib:/home/ik/aws_ws/install/nav2_util/lib:/home/ik/aws_ws/install/nav2_msgs/lib:/home/ik/aws_ws/install/smac_planner/lib:/home/ik/aws_ws/install/slam_toolbox/lib:/home/ik/aws_ws/install/rtabmap_ros/lib:/home/ik/aws_ws/install/rtabmap/lib:/home/ik/aws_ws/install/nav2_controller/lib:/home/ik/aws_ws/install/dwb_plugins/lib:/home/ik/aws_ws/install/dwb_critics/lib:/home/ik/aws_ws/install/dwb_core/lib:/home/ik/aws_ws/install/nav_2d_utils/lib:/home/ik/aws_ws/install/dwb_msgs/lib:/home/ik/aws_ws/install/nav_2d_msgs/lib:/home/ik/aws_ws/install/nav2_waypoint_follower/lib:/home/ik/aws_ws/install/nav2_regulated_pure_pursuit_controller/lib:/home/ik/aws_ws/install/nav2_recoveries/lib:/home/ik/aws_ws/install/nav2_planner/lib:/home/ik/aws_ws/install/nav2_navfn_planner/lib:/home/ik/aws_ws/install/costmap_queue/lib:/home/ik/aws_ws/install/nav2_costmap_2d/lib:/home/ik/aws_ws/install/nav2_voxel_grid/lib:/home/ik/aws_ws/install/nav2_rviz_plugins/lib:/home/ik/aws_ws/install/nav2_map_server/lib:/home/ik/aws_ws/install/nav2_lifecycle_manager/lib:/home/ik/aws_ws/install/nav2_bt_navigator/lib:/home/ik/aws_ws/install/nav2_amcl/lib:/usr/lib/x86_64-linux-gnu/gazebo-11/plugins:/opt/ros/foxy/opt/yaml_cpp_vendor/lib:/opt/ros/foxy/opt/rviz_ogre_vendor/lib:/opt/ros/foxy/lib/x86_64-linux-gnu:/opt/ros/foxy/lib:/usr/share/gazebo/../../lib/x86_64-linux-gnu/gazebo-11/plugins PYTHONPATH=/home/ik/aws_ws/install/nav2_msgs/lib/python3.8/site-packages:/home/ik/aws_ws/install/nav2_common/lib/python3.8/site-packages:/home/ik/aws_ws/install/slam_toolbox/lib/python3.8/site-packages:/home/ik/aws_ws/install/rtabmap_ros/lib/python3.8/site-packages:/home/ik/aws_ws/install/dwb_msgs/lib/python3.8/site-packages:/home/ik/aws_ws/install/nav_2d_msgs/lib/python3.8/site-packages:/home/ik/aws_ws/build/nav2_gazebo_spawner:/home/ik/aws_ws/install/nav2_gazebo_spawner/lib/python3.8/site-packages:/opt/ros/foxy/lib/python3.8/site-packages /usr/bin/cmake --build /home/ik/aws_ws/build/nav2_bt_navigator
[5.600s] [35m[1mScanning dependencies of target bt_navigator_core[0m
[5.680s] [ 20%] [32mBuilding CXX object CMakeFiles/bt_navigator_core.dir/src/bt_navigator.cpp.o[0m
[5.682s] [ 40%] [32mBuilding CXX object CMakeFiles/bt_navigator_core.dir/src/ros_topic_logger.cpp.o[0m
[28.914s] [ 60%] [32m[1mLinking CXX shared library libbt_navigator_core.so[0m
[30.183s] [ 60%] Built target bt_navigator_core
[30.250s] [35m[1mScanning dependencies of target bt_navigator[0m
[30.421s] [ 80%] [32mBuilding CXX object CMakeFiles/bt_navigator.dir/src/main.cpp.o[0m
[38.620s] [100%] [32m[1mLinking CXX executable bt_navigator[0m
[40.101s] [100%] Built target bt_navigator
[40.194s] Invoked command in '/home/ik/aws_ws/build/nav2_bt_navigator' returned '0': CMAKE_PREFIX_PATH=/home/ik/aws_ws/install/nav2_behavior_tree:/home/ik/aws_ws/install/nav2_util:/home/ik/aws_ws/install/nav2_msgs:/home/ik/aws_ws/install/nav2_common:/home/ik/aws_ws/install/turtlebot3_simulations:/home/ik/aws_ws/install/turtlebot3_gazebo:/home/ik/aws_ws/install/turtlebot3_fake_node:/home/ik/aws_ws/install/nav2_system_tests:/home/ik/aws_ws/install/nav2_bringup:/home/ik/aws_ws/install/navigation2:/home/ik/aws_ws/install/smac_planner:/home/ik/aws_ws/install/slam_toolbox:/home/ik/aws_ws/install/rtabmap_ros:/home/ik/aws_ws/install/rtabmap:/home/ik/aws_ws/install/nav2_dwb_controller:/home/ik/aws_ws/install/nav2_controller:/home/ik/aws_ws/install/dwb_plugins:/home/ik/aws_ws/install/dwb_critics:/home/ik/aws_ws/install/dwb_core:/home/ik/aws_ws/install/nav_2d_utils:/home/ik/aws_ws/install/dwb_msgs:/home/ik/aws_ws/install/nav_2d_msgs:/home/ik/aws_ws/install/nav2_waypoint_follower:/home/ik/aws_ws/install/nav2_regulated_pure_pursuit_controller:/home/ik/aws_ws/install/nav2_recoveries:/home/ik/aws_ws/install/nav2_planner:/home/ik/aws_ws/install/nav2_navfn_planner:/home/ik/aws_ws/install/nav2_core:/home/ik/aws_ws/install/costmap_queue:/home/ik/aws_ws/install/nav2_costmap_2d:/home/ik/aws_ws/install/nav2_voxel_grid:/home/ik/aws_ws/install/nav2_rviz_plugins:/home/ik/aws_ws/install/nav2_map_server:/home/ik/aws_ws/install/nav2_lifecycle_manager:/home/ik/aws_ws/install/nav2_bt_navigator:/home/ik/aws_ws/install/nav2_amcl:/home/ik/aws_ws/install/aws_robomaker_small_warehouse_world:/home/ik/aws_ws/install/nav2_gazebo_spawner:/opt/ros/foxy LD_LIBRARY_PATH=/home/ik/aws_ws/install/nav2_behavior_tree/lib:/home/ik/aws_ws/install/nav2_util/lib:/home/ik/aws_ws/install/nav2_msgs/lib:/home/ik/aws_ws/install/smac_planner/lib:/home/ik/aws_ws/install/slam_toolbox/lib:/home/ik/aws_ws/install/rtabmap_ros/lib:/home/ik/aws_ws/install/rtabmap/lib:/home/ik/aws_ws/install/nav2_controller/lib:/home/ik/aws_ws/install/dwb_plugins/lib:/home/ik/aws_ws/install/dwb_critics/lib:/home/ik/aws_ws/install/dwb_core/lib:/home/ik/aws_ws/install/nav_2d_utils/lib:/home/ik/aws_ws/install/dwb_msgs/lib:/home/ik/aws_ws/install/nav_2d_msgs/lib:/home/ik/aws_ws/install/nav2_waypoint_follower/lib:/home/ik/aws_ws/install/nav2_regulated_pure_pursuit_controller/lib:/home/ik/aws_ws/install/nav2_recoveries/lib:/home/ik/aws_ws/install/nav2_planner/lib:/home/ik/aws_ws/install/nav2_navfn_planner/lib:/home/ik/aws_ws/install/costmap_queue/lib:/home/ik/aws_ws/install/nav2_costmap_2d/lib:/home/ik/aws_ws/install/nav2_voxel_grid/lib:/home/ik/aws_ws/install/nav2_rviz_plugins/lib:/home/ik/aws_ws/install/nav2_map_server/lib:/home/ik/aws_ws/install/nav2_lifecycle_manager/lib:/home/ik/aws_ws/install/nav2_bt_navigator/lib:/home/ik/aws_ws/install/nav2_amcl/lib:/usr/lib/x86_64-linux-gnu/gazebo-11/plugins:/opt/ros/foxy/opt/yaml_cpp_vendor/lib:/opt/ros/foxy/opt/rviz_ogre_vendor/lib:/opt/ros/foxy/lib/x86_64-linux-gnu:/opt/ros/foxy/lib:/usr/share/gazebo/../../lib/x86_64-linux-gnu/gazebo-11/plugins PYTHONPATH=/home/ik/aws_ws/install/nav2_msgs/lib/python3.8/site-packages:/home/ik/aws_ws/install/nav2_common/lib/python3.8/site-packages:/home/ik/aws_ws/install/slam_toolbox/lib/python3.8/site-packages:/home/ik/aws_ws/install/rtabmap_ros/lib/python3.8/site-packages:/home/ik/aws_ws/install/dwb_msgs/lib/python3.8/site-packages:/home/ik/aws_ws/install/nav_2d_msgs/lib/python3.8/site-packages:/home/ik/aws_ws/build/nav2_gazebo_spawner:/home/ik/aws_ws/install/nav2_gazebo_spawner/lib/python3.8/site-packages:/opt/ros/foxy/lib/python3.8/site-packages /usr/bin/cmake --build /home/ik/aws_ws/build/nav2_bt_navigator
[40.729s] Invoking command in '/home/ik/aws_ws/build/nav2_bt_navigator': CMAKE_PREFIX_PATH=/home/ik/aws_ws/install/nav2_behavior_tree:/home/ik/aws_ws/install/nav2_util:/home/ik/aws_ws/install/nav2_msgs:/home/ik/aws_ws/install/nav2_common:/home/ik/aws_ws/install/turtlebot3_simulations:/home/ik/aws_ws/install/turtlebot3_gazebo:/home/ik/aws_ws/install/turtlebot3_fake_node:/home/ik/aws_ws/install/nav2_system_tests:/home/ik/aws_ws/install/nav2_bringup:/home/ik/aws_ws/install/navigation2:/home/ik/aws_ws/install/smac_planner:/home/ik/aws_ws/install/slam_toolbox:/home/ik/aws_ws/install/rtabmap_ros:/home/ik/aws_ws/install/rtabmap:/home/ik/aws_ws/install/nav2_dwb_controller:/home/ik/aws_ws/install/nav2_controller:/home/ik/aws_ws/install/dwb_plugins:/home/ik/aws_ws/install/dwb_critics:/home/ik/aws_ws/install/dwb_core:/home/ik/aws_ws/install/nav_2d_utils:/home/ik/aws_ws/install/dwb_msgs:/home/ik/aws_ws/install/nav_2d_msgs:/home/ik/aws_ws/install/nav2_waypoint_follower:/home/ik/aws_ws/install/nav2_regulated_pure_pursuit_controller:/home/ik/aws_ws/install/nav2_recoveries:/home/ik/aws_ws/install/nav2_planner:/home/ik/aws_ws/install/nav2_navfn_planner:/home/ik/aws_ws/install/nav2_core:/home/ik/aws_ws/install/costmap_queue:/home/ik/aws_ws/install/nav2_costmap_2d:/home/ik/aws_ws/install/nav2_voxel_grid:/home/ik/aws_ws/install/nav2_rviz_plugins:/home/ik/aws_ws/install/nav2_map_server:/home/ik/aws_ws/install/nav2_lifecycle_manager:/home/ik/aws_ws/install/nav2_bt_navigator:/home/ik/aws_ws/install/nav2_amcl:/home/ik/aws_ws/install/aws_robomaker_small_warehouse_world:/home/ik/aws_ws/install/nav2_gazebo_spawner:/opt/ros/foxy LD_LIBRARY_PATH=/home/ik/aws_ws/install/nav2_behavior_tree/lib:/home/ik/aws_ws/install/nav2_util/lib:/home/ik/aws_ws/install/nav2_msgs/lib:/home/ik/aws_ws/install/smac_planner/lib:/home/ik/aws_ws/install/slam_toolbox/lib:/home/ik/aws_ws/install/rtabmap_ros/lib:/home/ik/aws_ws/install/rtabmap/lib:/home/ik/aws_ws/install/nav2_controller/lib:/home/ik/aws_ws/install/dwb_plugins/lib:/home/ik/aws_ws/install/dwb_critics/lib:/home/ik/aws_ws/install/dwb_core/lib:/home/ik/aws_ws/install/nav_2d_utils/lib:/home/ik/aws_ws/install/dwb_msgs/lib:/home/ik/aws_ws/install/nav_2d_msgs/lib:/home/ik/aws_ws/install/nav2_waypoint_follower/lib:/home/ik/aws_ws/install/nav2_regulated_pure_pursuit_controller/lib:/home/ik/aws_ws/install/nav2_recoveries/lib:/home/ik/aws_ws/install/nav2_planner/lib:/home/ik/aws_ws/install/nav2_navfn_planner/lib:/home/ik/aws_ws/install/costmap_queue/lib:/home/ik/aws_ws/install/nav2_costmap_2d/lib:/home/ik/aws_ws/install/nav2_voxel_grid/lib:/home/ik/aws_ws/install/nav2_rviz_plugins/lib:/home/ik/aws_ws/install/nav2_map_server/lib:/home/ik/aws_ws/install/nav2_lifecycle_manager/lib:/home/ik/aws_ws/install/nav2_bt_navigator/lib:/home/ik/aws_ws/install/nav2_amcl/lib:/usr/lib/x86_64-linux-gnu/gazebo-11/plugins:/opt/ros/foxy/opt/yaml_cpp_vendor/lib:/opt/ros/foxy/opt/rviz_ogre_vendor/lib:/opt/ros/foxy/lib/x86_64-linux-gnu:/opt/ros/foxy/lib:/usr/share/gazebo/../../lib/x86_64-linux-gnu/gazebo-11/plugins PYTHONPATH=/home/ik/aws_ws/install/nav2_msgs/lib/python3.8/site-packages:/home/ik/aws_ws/install/nav2_common/lib/python3.8/site-packages:/home/ik/aws_ws/install/slam_toolbox/lib/python3.8/site-packages:/home/ik/aws_ws/install/rtabmap_ros/lib/python3.8/site-packages:/home/ik/aws_ws/install/dwb_msgs/lib/python3.8/site-packages:/home/ik/aws_ws/install/nav_2d_msgs/lib/python3.8/site-packages:/home/ik/aws_ws/build/nav2_gazebo_spawner:/home/ik/aws_ws/install/nav2_gazebo_spawner/lib/python3.8/site-packages:/opt/ros/foxy/lib/python3.8/site-packages /usr/bin/cmake --install /home/ik/aws_ws/build/nav2_bt_navigator
[44.407s] -- Install configuration: "Release"
[44.407s] -- Execute custom install script
[44.407s] -- Symlinking: /home/ik/aws_ws/install/nav2_bt_navigator/lib/libbt_navigator_core.so
[44.407s] -- Symlinking: /home/ik/aws_ws/install/nav2_bt_navigator/lib/nav2_bt_navigator/bt_navigator
[44.407s] -- Symlinking: /home/ik/aws_ws/install/nav2_bt_navigator/include//nav2_bt_navigator/bt_navigator.hpp
[44.407s] -- Symlinking: /home/ik/aws_ws/install/nav2_bt_navigator/include//nav2_bt_navigator/ros_topic_logger.hpp
[44.407s] -- Symlinking: /home/ik/aws_ws/install/nav2_bt_navigator/share/nav2_bt_navigator/behavior_trees/follow_point.xml
[44.407s] -- Symlinking: /home/ik/aws_ws/install/nav2_bt_navigator/share/nav2_bt_navigator/behavior_trees/navigate_w_replanning_and_recovery.xml
[44.407s] -- Symlinking: /home/ik/aws_ws/install/nav2_bt_navigator/share/nav2_bt_navigator/behavior_trees/navigate_w_replanning_and_round_robin_recovery.xml
[44.408s] -- Symlinking: /home/ik/aws_ws/install/nav2_bt_navigator/share/nav2_bt_navigator/behavior_trees/navigate_w_replanning_distance.xml
[44.408s] -- Symlinking: /home/ik/aws_ws/install/nav2_bt_navigator/share/nav2_bt_navigator/behavior_trees/navigate_w_replanning_speed.xml
[44.408s] -- Symlinking: /home/ik/aws_ws/install/nav2_bt_navigator/share/nav2_bt_navigator/behavior_trees/navigate_w_replanning_time.xml
[44.408s] -- Symlinking: /home/ik/aws_ws/install/nav2_bt_navigator/share/nav2_bt_navigator/environment/library_path.sh
[44.408s] -- Symlinking: /home/ik/aws_ws/install/nav2_bt_navigator/share/nav2_bt_navigator/environment/library_path.dsv
[44.408s] -- Symlinking: /home/ik/aws_ws/install/nav2_bt_navigator/share/ament_index/resource_index/package_run_dependencies/nav2_bt_navigator
[44.408s] -- Symlinking: /home/ik/aws_ws/install/nav2_bt_navigator/share/ament_index/resource_index/parent_prefix_path/nav2_bt_navigator
[44.408s] -- Symlinking: /home/ik/aws_ws/install/nav2_bt_navigator/share/nav2_bt_navigator/environment/ament_prefix_path.sh
[44.408s] -- Symlinking: /home/ik/aws_ws/install/nav2_bt_navigator/share/nav2_bt_navigator/environment/ament_prefix_path.dsv
[44.408s] -- Symlinking: /home/ik/aws_ws/install/nav2_bt_navigator/share/nav2_bt_navigator/environment/path.sh
[44.408s] -- Symlinking: /home/ik/aws_ws/install/nav2_bt_navigator/share/nav2_bt_navigator/environment/path.dsv
[44.408s] -- Symlinking: /home/ik/aws_ws/install/nav2_bt_navigator/share/nav2_bt_navigator/local_setup.bash
[44.408s] -- Symlinking: /home/ik/aws_ws/install/nav2_bt_navigator/share/nav2_bt_navigator/local_setup.sh
[44.408s] -- Symlinking: /home/ik/aws_ws/install/nav2_bt_navigator/share/nav2_bt_navigator/local_setup.zsh
[44.409s] -- Symlinking: /home/ik/aws_ws/install/nav2_bt_navigator/share/nav2_bt_navigator/local_setup.dsv
[44.409s] -- Symlinking: /home/ik/aws_ws/install/nav2_bt_navigator/share/nav2_bt_navigator/package.dsv
[44.409s] -- Symlinking: /home/ik/aws_ws/install/nav2_bt_navigator/share/ament_index/resource_index/packages/nav2_bt_navigator
[44.409s] -- Symlinking: /home/ik/aws_ws/install/nav2_bt_navigator/share/nav2_bt_navigator/cmake/ament_cmake_export_include_directories-extras.cmake
[44.409s] -- Symlinking: /home/ik/aws_ws/install/nav2_bt_navigator/share/nav2_bt_navigator/cmake/ament_cmake_export_libraries-extras.cmake
[44.409s] -- Symlinking: /home/ik/aws_ws/install/nav2_bt_navigator/share/nav2_bt_navigator/cmake/ament_cmake_export_dependencies-extras.cmake
[44.409s] -- Symlinking: /home/ik/aws_ws/install/nav2_bt_navigator/share/nav2_bt_navigator/cmake/nav2_bt_navigatorConfig.cmake
[44.409s] -- Symlinking: /home/ik/aws_ws/install/nav2_bt_navigator/share/nav2_bt_navigator/cmake/nav2_bt_navigatorConfig-version.cmake
[44.409s] -- Symlinking: /home/ik/aws_ws/install/nav2_bt_navigator/share/nav2_bt_navigator/package.xml
[44.436s] Invoked command in '/home/ik/aws_ws/build/nav2_bt_navigator' returned '0': CMAKE_PREFIX_PATH=/home/ik/aws_ws/install/nav2_behavior_tree:/home/ik/aws_ws/install/nav2_util:/home/ik/aws_ws/install/nav2_msgs:/home/ik/aws_ws/install/nav2_common:/home/ik/aws_ws/install/turtlebot3_simulations:/home/ik/aws_ws/install/turtlebot3_gazebo:/home/ik/aws_ws/install/turtlebot3_fake_node:/home/ik/aws_ws/install/nav2_system_tests:/home/ik/aws_ws/install/nav2_bringup:/home/ik/aws_ws/install/navigation2:/home/ik/aws_ws/install/smac_planner:/home/ik/aws_ws/install/slam_toolbox:/home/ik/aws_ws/install/rtabmap_ros:/home/ik/aws_ws/install/rtabmap:/home/ik/aws_ws/install/nav2_dwb_controller:/home/ik/aws_ws/install/nav2_controller:/home/ik/aws_ws/install/dwb_plugins:/home/ik/aws_ws/install/dwb_critics:/home/ik/aws_ws/install/dwb_core:/home/ik/aws_ws/install/nav_2d_utils:/home/ik/aws_ws/install/dwb_msgs:/home/ik/aws_ws/install/nav_2d_msgs:/home/ik/aws_ws/install/nav2_waypoint_follower:/home/ik/aws_ws/install/nav2_regulated_pure_pursuit_controller:/home/ik/aws_ws/install/nav2_recoveries:/home/ik/aws_ws/install/nav2_planner:/home/ik/aws_ws/install/nav2_navfn_planner:/home/ik/aws_ws/install/nav2_core:/home/ik/aws_ws/install/costmap_queue:/home/ik/aws_ws/install/nav2_costmap_2d:/home/ik/aws_ws/install/nav2_voxel_grid:/home/ik/aws_ws/install/nav2_rviz_plugins:/home/ik/aws_ws/install/nav2_map_server:/home/ik/aws_ws/install/nav2_lifecycle_manager:/home/ik/aws_ws/install/nav2_bt_navigator:/home/ik/aws_ws/install/nav2_amcl:/home/ik/aws_ws/install/aws_robomaker_small_warehouse_world:/home/ik/aws_ws/install/nav2_gazebo_spawner:/opt/ros/foxy LD_LIBRARY_PATH=/home/ik/aws_ws/install/nav2_behavior_tree/lib:/home/ik/aws_ws/install/nav2_util/lib:/home/ik/aws_ws/install/nav2_msgs/lib:/home/ik/aws_ws/install/smac_planner/lib:/home/ik/aws_ws/install/slam_toolbox/lib:/home/ik/aws_ws/install/rtabmap_ros/lib:/home/ik/aws_ws/install/rtabmap/lib:/home/ik/aws_ws/install/nav2_controller/lib:/home/ik/aws_ws/install/dwb_plugins/lib:/home/ik/aws_ws/install/dwb_critics/lib:/home/ik/aws_ws/install/dwb_core/lib:/home/ik/aws_ws/install/nav_2d_utils/lib:/home/ik/aws_ws/install/dwb_msgs/lib:/home/ik/aws_ws/install/nav_2d_msgs/lib:/home/ik/aws_ws/install/nav2_waypoint_follower/lib:/home/ik/aws_ws/install/nav2_regulated_pure_pursuit_controller/lib:/home/ik/aws_ws/install/nav2_recoveries/lib:/home/ik/aws_ws/install/nav2_planner/lib:/home/ik/aws_ws/install/nav2_navfn_planner/lib:/home/ik/aws_ws/install/costmap_queue/lib:/home/ik/aws_ws/install/nav2_costmap_2d/lib:/home/ik/aws_ws/install/nav2_voxel_grid/lib:/home/ik/aws_ws/install/nav2_rviz_plugins/lib:/home/ik/aws_ws/install/nav2_map_server/lib:/home/ik/aws_ws/install/nav2_lifecycle_manager/lib:/home/ik/aws_ws/install/nav2_bt_navigator/lib:/home/ik/aws_ws/install/nav2_amcl/lib:/usr/lib/x86_64-linux-gnu/gazebo-11/plugins:/opt/ros/foxy/opt/yaml_cpp_vendor/lib:/opt/ros/foxy/opt/rviz_ogre_vendor/lib:/opt/ros/foxy/lib/x86_64-linux-gnu:/opt/ros/foxy/lib:/usr/share/gazebo/../../lib/x86_64-linux-gnu/gazebo-11/plugins PYTHONPATH=/home/ik/aws_ws/install/nav2_msgs/lib/python3.8/site-packages:/home/ik/aws_ws/install/nav2_common/lib/python3.8/site-packages:/home/ik/aws_ws/install/slam_toolbox/lib/python3.8/site-packages:/home/ik/aws_ws/install/rtabmap_ros/lib/python3.8/site-packages:/home/ik/aws_ws/install/dwb_msgs/lib/python3.8/site-packages:/home/ik/aws_ws/install/nav_2d_msgs/lib/python3.8/site-packages:/home/ik/aws_ws/build/nav2_gazebo_spawner:/home/ik/aws_ws/install/nav2_gazebo_spawner/lib/python3.8/site-packages:/opt/ros/foxy/lib/python3.8/site-packages /usr/bin/cmake --install /home/ik/aws_ws/build/nav2_bt_navigator
