[0.033s] Invoking command in '/home/ik/aws_ws/build/turtlebot3_gazebo': CMAKE_PREFIX_PATH=${CMAKE_PREFIX_PATH}:/opt/ros/foxy /usr/bin/cmake --build /home/ik/aws_ws/build/turtlebot3_gazebo -- -j8 -l8
[0.116s] [ 25%] Built target obstacles
[0.121s] [ 50%] Built target turtlebot3_drive
[0.126s] [ 75%] Built target obstacle1
[0.130s] [100%] Built target obstacle2
[0.169s] Invoked command in '/home/ik/aws_ws/build/turtlebot3_gazebo' returned '0': CMAKE_PREFIX_PATH=${CMAKE_PREFIX_PATH}:/opt/ros/foxy /usr/bin/cmake --build /home/ik/aws_ws/build/turtlebot3_gazebo -- -j8 -l8
[0.198s] Invoking command in '/home/ik/aws_ws/build/turtlebot3_gazebo': CMAKE_PREFIX_PATH=${CMAKE_PREFIX_PATH}:/opt/ros/foxy /usr/bin/cmake --install /home/ik/aws_ws/build/turtlebot3_gazebo
[0.212s] -- Install configuration: ""
[0.213s] -- Up-to-date: /home/ik/aws_ws/install/turtlebot3_gazebo/lib/turtlebot3_gazebo/turtlebot3_drive
[0.213s] -- Up-to-date: /home/ik/aws_ws/install/turtlebot3_gazebo/share/turtlebot3_gazebo//launch
[0.214s] -- Up-to-date: /home/ik/aws_ws/install/turtlebot3_gazebo/share/turtlebot3_gazebo//launch/turtlebot3_house.launch.py
[0.214s] -- Up-to-date: /home/ik/aws_ws/install/turtlebot3_gazebo/share/turtlebot3_gazebo//launch/turtlebot3_dqn_stage3.launch.py
[0.214s] -- Installing: /home/ik/aws_ws/install/turtlebot3_gazebo/share/turtlebot3_gazebo//launch/empty_world.launch.py
[0.214s] -- Up-to-date: /home/ik/aws_ws/install/turtlebot3_gazebo/share/turtlebot3_gazebo//launch/turtlebot3_dqn_stage4.launch.py
[0.214s] -- Up-to-date: /home/ik/aws_ws/install/turtlebot3_gazebo/share/turtlebot3_gazebo//launch/robot_state_publisher.launch.py
[0.214s] -- Installing: /home/ik/aws_ws/install/turtlebot3_gazebo/share/turtlebot3_gazebo//launch/no_roof_small_warehouse.launch.py
[0.214s] -- Up-to-date: /home/ik/aws_ws/install/turtlebot3_gazebo/share/turtlebot3_gazebo//launch/turtlebot3_world.launch.py
[0.214s] -- Up-to-date: /home/ik/aws_ws/install/turtlebot3_gazebo/share/turtlebot3_gazebo//launch/turtlebot3_dqn_stage1.launch.py
[0.220s] -- Up-to-date: /home/ik/aws_ws/install/turtlebot3_gazebo/share/turtlebot3_gazebo//launch/turtlebot3_autorace.launch.py
[0.220s] -- Up-to-date: /home/ik/aws_ws/install/turtlebot3_gazebo/share/turtlebot3_gazebo//launch/turtlebot3_dqn_stage2.launch.py
[0.221s] -- Up-to-date: /home/ik/aws_ws/install/turtlebot3_gazebo/share/turtlebot3_gazebo//models
[0.221s] -- Up-to-date: /home/ik/aws_ws/install/turtlebot3_gazebo/share/turtlebot3_gazebo//models/skidbot
[0.221s] -- Up-to-date: /home/ik/aws_ws/install/turtlebot3_gazebo/share/turtlebot3_gazebo//models/skidbot/model.urdf
[0.221s] -- Up-to-date: /home/ik/aws_ws/install/turtlebot3_gazebo/share/turtlebot3_gazebo//models/skidbot/model.config
[0.221s] -- Up-to-date: /home/ik/aws_ws/install/turtlebot3_gazebo/share/turtlebot3_gazebo//models/skidbot/model.xacro
[0.221s] -- Up-to-date: /home/ik/aws_ws/install/turtlebot3_gazebo/share/turtlebot3_gazebo//models/turtlebot3_waffle_pi
[0.221s] -- Up-to-date: /home/ik/aws_ws/install/turtlebot3_gazebo/share/turtlebot3_gazebo//models/turtlebot3_waffle_pi/model.sdf
[0.222s] -- Up-to-date: /home/ik/aws_ws/install/turtlebot3_gazebo/share/turtlebot3_gazebo//models/turtlebot3_waffle_pi/model.config
[0.222s] -- Up-to-date: /home/ik/aws_ws/install/turtlebot3_gazebo/share/turtlebot3_gazebo//models/turtlebot3_waffle_pi/meshes
[0.222s] -- Up-to-date: /home/ik/aws_ws/install/turtlebot3_gazebo/share/turtlebot3_gazebo//models/turtlebot3_waffle_pi/meshes/lds.dae
[0.222s] -- Up-to-date: /home/ik/aws_ws/install/turtlebot3_gazebo/share/turtlebot3_gazebo//models/turtlebot3_waffle_pi/meshes/tire.dae
[0.222s] -- Up-to-date: /home/ik/aws_ws/install/turtlebot3_gazebo/share/turtlebot3_gazebo//models/turtlebot3_waffle_pi/meshes/waffle_pi_base.dae
[0.223s] -- Up-to-date: /home/ik/aws_ws/install/turtlebot3_gazebo/share/turtlebot3_gazebo//models/turtlebot3_waffle_pi/model-1_4_.sdf
[0.224s] -- Up-to-date: /home/ik/aws_ws/install/turtlebot3_gazebo/share/turtlebot3_gazebo//models/aws_robomaker_warehouse_Bucket_01
[0.224s] -- Up-to-date: /home/ik/aws_ws/install/turtlebot3_gazebo/share/turtlebot3_gazebo//models/aws_robomaker_warehouse_Bucket_01/materials
[0.224s] -- Up-to-date: /home/ik/aws_ws/install/turtlebot3_gazebo/share/turtlebot3_gazebo//models/aws_robomaker_warehouse_Bucket_01/materials/textures
[0.224s] -- Up-to-date: /home/ik/aws_ws/install/turtlebot3_gazebo/share/turtlebot3_gazebo//models/aws_robomaker_warehouse_Bucket_01/materials/textures/aws_robomaker_warehouse_Bucket_01.png
[0.224s] -- Up-to-date: /home/ik/aws_ws/install/turtlebot3_gazebo/share/turtlebot3_gazebo//models/aws_robomaker_warehouse_Bucket_01/materials/.DS_Store
[0.225s] -- Up-to-date: /home/ik/aws_ws/install/turtlebot3_gazebo/share/turtlebot3_gazebo//models/aws_robomaker_warehouse_Bucket_01/model.sdf
[0.225s] -- Up-to-date: /home/ik/aws_ws/install/turtlebot3_gazebo/share/turtlebot3_gazebo//models/aws_robomaker_warehouse_Bucket_01/.DS_Store
[0.225s] -- Up-to-date: /home/ik/aws_ws/install/turtlebot3_gazebo/share/turtlebot3_gazebo//models/aws_robomaker_warehouse_Bucket_01/model.config
[0.225s] -- Up-to-date: /home/ik/aws_ws/install/turtlebot3_gazebo/share/turtlebot3_gazebo//models/aws_robomaker_warehouse_Bucket_01/meshes
[0.225s] -- Up-to-date: /home/ik/aws_ws/install/turtlebot3_gazebo/share/turtlebot3_gazebo//models/aws_robomaker_warehouse_Bucket_01/meshes/aws_robomaker_warehouse_Bucket_01_visual.DAE
[0.225s] -- Up-to-date: /home/ik/aws_ws/install/turtlebot3_gazebo/share/turtlebot3_gazebo//models/aws_robomaker_warehouse_Bucket_01/meshes/aws_robomaker_warehouse_Bucket_01_collision.DAE
[0.226s] -- Up-to-date: /home/ik/aws_ws/install/turtlebot3_gazebo/share/turtlebot3_gazebo//models/aws_robomaker_warehouse_DeskC_01
[0.226s] -- Up-to-date: /home/ik/aws_ws/install/turtlebot3_gazebo/share/turtlebot3_gazebo//models/aws_robomaker_warehouse_DeskC_01/materials
[0.226s] -- Up-to-date: /home/ik/aws_ws/install/turtlebot3_gazebo/share/turtlebot3_gazebo//models/aws_robomaker_warehouse_DeskC_01/materials/textures
[0.226s] -- Up-to-date: /home/ik/aws_ws/install/turtlebot3_gazebo/share/turtlebot3_gazebo//models/aws_robomaker_warehouse_DeskC_01/materials/textures/aws_robomaker_warehouse_DeskC_03.png
[0.226s] -- Up-to-date: /home/ik/aws_ws/install/turtlebot3_gazebo/share/turtlebot3_gazebo//models/aws_robomaker_warehouse_DeskC_01/materials/textures/aws_robomaker_warehouse_DeskC_01.png
[0.227s] -- Up-to-date: /home/ik/aws_ws/install/turtlebot3_gazebo/share/turtlebot3_gazebo//models/aws_robomaker_warehouse_DeskC_01/materials/textures/aws_robomaker_warehouse_DeskC_03.psd
[0.227s] -- Up-to-date: /home/ik/aws_ws/install/turtlebot3_gazebo/share/turtlebot3_gazebo//models/aws_robomaker_warehouse_DeskC_01/materials/textures/aws_robomaker_warehouse_DeskC_04.png
[0.227s] -- Up-to-date: /home/ik/aws_ws/install/turtlebot3_gazebo/share/turtlebot3_gazebo//models/aws_robomaker_warehouse_DeskC_01/materials/textures/aws_robomaker_warehouse_DeskC_02.png
[0.227s] -- Up-to-date: /home/ik/aws_ws/install/turtlebot3_gazebo/share/turtlebot3_gazebo//models/aws_robomaker_warehouse_DeskC_01/materials/.DS_Store
[0.227s] -- Up-to-date: /home/ik/aws_ws/install/turtlebot3_gazebo/share/turtlebot3_gazebo//models/aws_robomaker_warehouse_DeskC_01/model.sdf
[0.228s] -- Up-to-date: /home/ik/aws_ws/install/turtlebot3_gazebo/share/turtlebot3_gazebo//models/aws_robomaker_warehouse_DeskC_01/model.config
[0.228s] -- Up-to-date: /home/ik/aws_ws/install/turtlebot3_gazebo/share/turtlebot3_gazebo//models/aws_robomaker_warehouse_DeskC_01/meshes
[0.228s] -- Up-to-date: /home/ik/aws_ws/install/turtlebot3_gazebo/share/turtlebot3_gazebo//models/aws_robomaker_warehouse_DeskC_01/meshes/aws_robomaker_warehouse_DeskC_01_visual.DAE
[0.228s] -- Up-to-date: /home/ik/aws_ws/install/turtlebot3_gazebo/share/turtlebot3_gazebo//models/aws_robomaker_warehouse_DeskC_01/meshes/aws_robomaker_warehouse_DeskC_01_collision.DAE
[0.228s] -- Up-to-date: /home/ik/aws_ws/install/turtlebot3_gazebo/share/turtlebot3_gazebo//models/turtlebot3_world
[0.228s] -- Up-to-date: /home/ik/aws_ws/install/turtlebot3_gazebo/share/turtlebot3_gazebo//models/turtlebot3_world/model.sdf
[0.228s] -- Up-to-date: /home/ik/aws_ws/install/turtlebot3_gazebo/share/turtlebot3_gazebo//models/turtlebot3_world/model-1_4.sdf
[0.228s] -- Up-to-date: /home/ik/aws_ws/install/turtlebot3_gazebo/share/turtlebot3_gazebo//models/turtlebot3_world/model.config
[0.229s] -- Up-to-date: /home/ik/aws_ws/install/turtlebot3_gazebo/share/turtlebot3_gazebo//models/turtlebot3_world/meshes
[0.229s] -- Up-to-date: /home/ik/aws_ws/install/turtlebot3_gazebo/share/turtlebot3_gazebo//models/turtlebot3_world/meshes/hexagon.dae
[0.229s] -- Up-to-date: /home/ik/aws_ws/install/turtlebot3_gazebo/share/turtlebot3_gazebo//models/turtlebot3_world/meshes/wall.dae
[0.229s] -- Up-to-date: /home/ik/aws_ws/install/turtlebot3_gazebo/share/turtlebot3_gazebo//models/aws_robomaker_warehouse_ClutteringD_01
[0.229s] -- Up-to-date: /home/ik/aws_ws/install/turtlebot3_gazebo/share/turtlebot3_gazebo//models/aws_robomaker_warehouse_ClutteringD_01/materials
[0.229s] -- Up-to-date: /home/ik/aws_ws/install/turtlebot3_gazebo/share/turtlebot3_gazebo//models/aws_robomaker_warehouse_ClutteringD_01/materials/textures
[0.229s] -- Up-to-date: /home/ik/aws_ws/install/turtlebot3_gazebo/share/turtlebot3_gazebo//models/aws_robomaker_warehouse_ClutteringD_01/materials/textures/aws_robomaker_warehouse_ClutteringD_01.png
[0.230s] -- Up-to-date: /home/ik/aws_ws/install/turtlebot3_gazebo/share/turtlebot3_gazebo//models/aws_robomaker_warehouse_ClutteringD_01/materials/textures/aws_robomaker_warehouse_ClutteringD_02.png
[0.230s] -- Up-to-date: /home/ik/aws_ws/install/turtlebot3_gazebo/share/turtlebot3_gazebo//models/aws_robomaker_warehouse_ClutteringD_01/model.sdf
[0.230s] -- Up-to-date: /home/ik/aws_ws/install/turtlebot3_gazebo/share/turtlebot3_gazebo//models/aws_robomaker_warehouse_ClutteringD_01/model.config
[0.230s] -- Up-to-date: /home/ik/aws_ws/install/turtlebot3_gazebo/share/turtlebot3_gazebo//models/aws_robomaker_warehouse_ClutteringD_01/meshes
[0.230s] -- Up-to-date: /home/ik/aws_ws/install/turtlebot3_gazebo/share/turtlebot3_gazebo//models/aws_robomaker_warehouse_ClutteringD_01/meshes/aws_robomaker_warehouse_ClutteringD_01_visual.DAE
[0.230s] -- Up-to-date: /home/ik/aws_ws/install/turtlebot3_gazebo/share/turtlebot3_gazebo//models/aws_robomaker_warehouse_ClutteringD_01/meshes/aws_robomaker_warehouse_ClutteringD_01_collision.DAE
[0.230s] -- Up-to-date: /home/ik/aws_ws/install/turtlebot3_gazebo/share/turtlebot3_gazebo//models/turtlebot3_house
[0.230s] -- Up-to-date: /home/ik/aws_ws/install/turtlebot3_gazebo/share/turtlebot3_gazebo//models/turtlebot3_house/model.sdf
[0.231s] -- Up-to-date: /home/ik/aws_ws/install/turtlebot3_gazebo/share/turtlebot3_gazebo//models/turtlebot3_house/model.config
[0.231s] -- Up-to-date: /home/ik/aws_ws/install/turtlebot3_gazebo/share/turtlebot3_gazebo//models/turtlebot3_burger
[0.231s] -- Up-to-date: /home/ik/aws_ws/install/turtlebot3_gazebo/share/turtlebot3_gazebo//models/turtlebot3_burger/model.sdf
[0.231s] -- Up-to-date: /home/ik/aws_ws/install/turtlebot3_gazebo/share/turtlebot3_gazebo//models/turtlebot3_burger/model-1_4.sdf
[0.231s] -- Up-to-date: /home/ik/aws_ws/install/turtlebot3_gazebo/share/turtlebot3_gazebo//models/turtlebot3_burger/model.config
[0.231s] -- Up-to-date: /home/ik/aws_ws/install/turtlebot3_gazebo/share/turtlebot3_gazebo//models/turtlebot3_burger/meshes
[0.231s] -- Up-to-date: /home/ik/aws_ws/install/turtlebot3_gazebo/share/turtlebot3_gazebo//models/turtlebot3_burger/meshes/lds.dae
[0.235s] -- Up-to-date: /home/ik/aws_ws/install/turtlebot3_gazebo/share/turtlebot3_gazebo//models/turtlebot3_burger/meshes/tire.dae
[0.236s] -- Up-to-date: /home/ik/aws_ws/install/turtlebot3_gazebo/share/turtlebot3_gazebo//models/turtlebot3_burger/meshes/burger_base.dae
[0.236s] -- Installing: /home/ik/aws_ws/install/turtlebot3_gazebo/share/turtlebot3_gazebo//models/no_roof_small_warehouse
[0.236s] -- Installing: /home/ik/aws_ws/install/turtlebot3_gazebo/share/turtlebot3_gazebo//models/no_roof_small_warehouse/no_roof_small_warehouse.world
[0.237s] -- Up-to-date: /home/ik/aws_ws/install/turtlebot3_gazebo/share/turtlebot3_gazebo//models/aws_robomaker_warehouse_WallB_01
[0.237s] -- Up-to-date: /home/ik/aws_ws/install/turtlebot3_gazebo/share/turtlebot3_gazebo//models/aws_robomaker_warehouse_WallB_01/materials
[0.237s] -- Up-to-date: /home/ik/aws_ws/install/turtlebot3_gazebo/share/turtlebot3_gazebo//models/aws_robomaker_warehouse_WallB_01/materials/textures
[0.237s] -- Up-to-date: /home/ik/aws_ws/install/turtlebot3_gazebo/share/turtlebot3_gazebo//models/aws_robomaker_warehouse_WallB_01/materials/textures/aws_robomaker_warehouse_WallB_01.png
[0.237s] -- Up-to-date: /home/ik/aws_ws/install/turtlebot3_gazebo/share/turtlebot3_gazebo//models/aws_robomaker_warehouse_WallB_01/model.sdf
[0.238s] -- Up-to-date: /home/ik/aws_ws/install/turtlebot3_gazebo/share/turtlebot3_gazebo//models/aws_robomaker_warehouse_WallB_01/model.config
[0.238s] -- Up-to-date: /home/ik/aws_ws/install/turtlebot3_gazebo/share/turtlebot3_gazebo//models/aws_robomaker_warehouse_WallB_01/meshes
[0.238s] -- Up-to-date: /home/ik/aws_ws/install/turtlebot3_gazebo/share/turtlebot3_gazebo//models/aws_robomaker_warehouse_WallB_01/meshes/aws_robomaker_warehouse_WallB_01_visual.DAE
[0.238s] -- Up-to-date: /home/ik/aws_ws/install/turtlebot3_gazebo/share/turtlebot3_gazebo//models/aws_robomaker_warehouse_WallB_01/meshes/aws_robomaker_warehouse_WallB_01_collision.DAE
[0.239s] -- Up-to-date: /home/ik/aws_ws/install/turtlebot3_gazebo/share/turtlebot3_gazebo//models/aws_robomaker_warehouse_ShelfD_01
[0.239s] -- Up-to-date: /home/ik/aws_ws/install/turtlebot3_gazebo/share/turtlebot3_gazebo//models/aws_robomaker_warehouse_ShelfD_01/materials
[0.239s] -- Up-to-date: /home/ik/aws_ws/install/turtlebot3_gazebo/share/turtlebot3_gazebo//models/aws_robomaker_warehouse_ShelfD_01/materials/textures
[0.240s] -- Up-to-date: /home/ik/aws_ws/install/turtlebot3_gazebo/share/turtlebot3_gazebo//models/aws_robomaker_warehouse_ShelfD_01/materials/textures/aws_robomaker_warehouse_ShelfD_04.png
[0.240s] -- Up-to-date: /home/ik/aws_ws/install/turtlebot3_gazebo/share/turtlebot3_gazebo//models/aws_robomaker_warehouse_ShelfD_01/materials/textures/aws_robomaker_warehouse_ShelfD_02.png
[0.240s] -- Up-to-date: /home/ik/aws_ws/install/turtlebot3_gazebo/share/turtlebot3_gazebo//models/aws_robomaker_warehouse_ShelfD_01/materials/textures/aws_robomaker_warehouse_ShelfD_03.png
[0.240s] -- Up-to-date: /home/ik/aws_ws/install/turtlebot3_gazebo/share/turtlebot3_gazebo//models/aws_robomaker_warehouse_ShelfD_01/materials/textures/aws_robomaker_warehouse_ShelfD_01.png
[0.240s] -- Up-to-date: /home/ik/aws_ws/install/turtlebot3_gazebo/share/turtlebot3_gazebo//models/aws_robomaker_warehouse_ShelfD_01/model.sdf
[0.240s] -- Up-to-date: /home/ik/aws_ws/install/turtlebot3_gazebo/share/turtlebot3_gazebo//models/aws_robomaker_warehouse_ShelfD_01/model.config
[0.241s] -- Up-to-date: /home/ik/aws_ws/install/turtlebot3_gazebo/share/turtlebot3_gazebo//models/aws_robomaker_warehouse_ShelfD_01/meshes
[0.241s] -- Up-to-date: /home/ik/aws_ws/install/turtlebot3_gazebo/share/turtlebot3_gazebo//models/aws_robomaker_warehouse_ShelfD_01/meshes/aws_robomaker_warehouse_ShelfD_01_collision.DAE
[0.241s] -- Up-to-date: /home/ik/aws_ws/install/turtlebot3_gazebo/share/turtlebot3_gazebo//models/aws_robomaker_warehouse_ShelfD_01/meshes/aws_robomaker_warehouse_ShelfD_01_visual.DAE
[0.241s] -- Up-to-date: /home/ik/aws_ws/install/turtlebot3_gazebo/share/turtlebot3_gazebo//models/aws_robomaker_warehouse_ClutteringA_01
[0.241s] -- Up-to-date: /home/ik/aws_ws/install/turtlebot3_gazebo/share/turtlebot3_gazebo//models/aws_robomaker_warehouse_ClutteringA_01/materials
[0.242s] -- Up-to-date: /home/ik/aws_ws/install/turtlebot3_gazebo/share/turtlebot3_gazebo//models/aws_robomaker_warehouse_ClutteringA_01/materials/textures
[0.242s] -- Up-to-date: /home/ik/aws_ws/install/turtlebot3_gazebo/share/turtlebot3_gazebo//models/aws_robomaker_warehouse_ClutteringA_01/materials/textures/aws_robomaker_warehouse_ClutteringA_03.png
[0.242s] -- Up-to-date: /home/ik/aws_ws/install/turtlebot3_gazebo/share/turtlebot3_gazebo//models/aws_robomaker_warehouse_ClutteringA_01/materials/textures/.DS_Store
[0.242s] -- Up-to-date: /home/ik/aws_ws/install/turtlebot3_gazebo/share/turtlebot3_gazebo//models/aws_robomaker_warehouse_ClutteringA_01/materials/textures/aws_robomaker_warehouse_ClutteringA_01.png
[0.243s] -- Up-to-date: /home/ik/aws_ws/install/turtlebot3_gazebo/share/turtlebot3_gazebo//models/aws_robomaker_warehouse_ClutteringA_01/materials/textures/aws_robomaker_warehouse_ClutteringA_02.png
[0.243s] -- Up-to-date: /home/ik/aws_ws/install/turtlebot3_gazebo/share/turtlebot3_gazebo//models/aws_robomaker_warehouse_ClutteringA_01/materials/.DS_Store
[0.244s] -- Up-to-date: /home/ik/aws_ws/install/turtlebot3_gazebo/share/turtlebot3_gazebo//models/aws_robomaker_warehouse_ClutteringA_01/model.sdf
[0.244s] -- Up-to-date: /home/ik/aws_ws/install/turtlebot3_gazebo/share/turtlebot3_gazebo//models/aws_robomaker_warehouse_ClutteringA_01/.DS_Store
[0.244s] -- Up-to-date: /home/ik/aws_ws/install/turtlebot3_gazebo/share/turtlebot3_gazebo//models/aws_robomaker_warehouse_ClutteringA_01/model.config
[0.244s] -- Up-to-date: /home/ik/aws_ws/install/turtlebot3_gazebo/share/turtlebot3_gazebo//models/aws_robomaker_warehouse_ClutteringA_01/meshes
[0.244s] -- Up-to-date: /home/ik/aws_ws/install/turtlebot3_gazebo/share/turtlebot3_gazebo//models/aws_robomaker_warehouse_ClutteringA_01/meshes/aws_robomaker_warehouse_ClutteringA_01_collision.DAE
[0.244s] -- Up-to-date: /home/ik/aws_ws/install/turtlebot3_gazebo/share/turtlebot3_gazebo//models/aws_robomaker_warehouse_ClutteringA_01/meshes/aws_robomaker_warehouse_ClutteringA_01_visual.DAE
[0.245s] -- Up-to-date: /home/ik/aws_ws/install/turtlebot3_gazebo/share/turtlebot3_gazebo//models/turtlebot3_dqn_world
[0.248s] -- Up-to-date: /home/ik/aws_ws/install/turtlebot3_gazebo/share/turtlebot3_gazebo//models/turtlebot3_dqn_world/obstacles
[0.249s] -- Up-to-date: /home/ik/aws_ws/install/turtlebot3_gazebo/share/turtlebot3_gazebo//models/turtlebot3_dqn_world/obstacles/model.sdf
[0.250s] -- Up-to-date: /home/ik/aws_ws/install/turtlebot3_gazebo/share/turtlebot3_gazebo//models/turtlebot3_dqn_world/obstacles/model.config
[0.250s] -- Up-to-date: /home/ik/aws_ws/install/turtlebot3_gazebo/share/turtlebot3_gazebo//models/turtlebot3_dqn_world/obstacle2
[0.250s] -- Up-to-date: /home/ik/aws_ws/install/turtlebot3_gazebo/share/turtlebot3_gazebo//models/turtlebot3_dqn_world/obstacle2/model.sdf
[0.250s] -- Up-to-date: /home/ik/aws_ws/install/turtlebot3_gazebo/share/turtlebot3_gazebo//models/turtlebot3_dqn_world/obstacle2/model.config
[0.250s] -- Up-to-date: /home/ik/aws_ws/install/turtlebot3_gazebo/share/turtlebot3_gazebo//models/turtlebot3_dqn_world/model.sdf
[0.251s] -- Up-to-date: /home/ik/aws_ws/install/turtlebot3_gazebo/share/turtlebot3_gazebo//models/turtlebot3_dqn_world/model.config
[0.251s] -- Up-to-date: /home/ik/aws_ws/install/turtlebot3_gazebo/share/turtlebot3_gazebo//models/turtlebot3_dqn_world/obstacle1
[0.251s] -- Up-to-date: /home/ik/aws_ws/install/turtlebot3_gazebo/share/turtlebot3_gazebo//models/turtlebot3_dqn_world/obstacle1/model.sdf
[0.251s] -- Up-to-date: /home/ik/aws_ws/install/turtlebot3_gazebo/share/turtlebot3_gazebo//models/turtlebot3_dqn_world/obstacle1/model.config
[0.251s] -- Up-to-date: /home/ik/aws_ws/install/turtlebot3_gazebo/share/turtlebot3_gazebo//models/turtlebot3_dqn_world/goal_box
[0.251s] -- Up-to-date: /home/ik/aws_ws/install/turtlebot3_gazebo/share/turtlebot3_gazebo//models/turtlebot3_dqn_world/goal_box/model.sdf
[0.252s] -- Up-to-date: /home/ik/aws_ws/install/turtlebot3_gazebo/share/turtlebot3_gazebo//models/turtlebot3_dqn_world/goal_box/model.config
[0.252s] -- Up-to-date: /home/ik/aws_ws/install/turtlebot3_gazebo/share/turtlebot3_gazebo//models/turtlebot3_dqn_world/inner_walls
[0.252s] -- Up-to-date: /home/ik/aws_ws/install/turtlebot3_gazebo/share/turtlebot3_gazebo//models/turtlebot3_dqn_world/inner_walls/model.sdf
[0.252s] -- Up-to-date: /home/ik/aws_ws/install/turtlebot3_gazebo/share/turtlebot3_gazebo//models/turtlebot3_dqn_world/inner_walls/model.config
[0.252s] -- Up-to-date: /home/ik/aws_ws/install/turtlebot3_gazebo/share/turtlebot3_gazebo//models/turtlebot3_dqn_world/obstacle_plugin
[0.252s] -- Up-to-date: /home/ik/aws_ws/install/turtlebot3_gazebo/share/turtlebot3_gazebo//models/turtlebot3_dqn_world/obstacle_plugin/CMakeLists.txt
[0.252s] -- Up-to-date: /home/ik/aws_ws/install/turtlebot3_gazebo/share/turtlebot3_gazebo//models/turtlebot3_dqn_world/obstacle_plugin/obstacle1.cc
[0.253s] -- Up-to-date: /home/ik/aws_ws/install/turtlebot3_gazebo/share/turtlebot3_gazebo//models/turtlebot3_dqn_world/obstacle_plugin/obstacles.cc
[0.253s] -- Up-to-date: /home/ik/aws_ws/install/turtlebot3_gazebo/share/turtlebot3_gazebo//models/turtlebot3_dqn_world/obstacle_plugin/obstacle2.cc
[0.253s] -- Up-to-date: /home/ik/aws_ws/install/turtlebot3_gazebo/share/turtlebot3_gazebo//models/aws_robomaker_warehouse_ShelfE_01
[0.253s] -- Up-to-date: /home/ik/aws_ws/install/turtlebot3_gazebo/share/turtlebot3_gazebo//models/aws_robomaker_warehouse_ShelfE_01/materials
[0.253s] -- Up-to-date: /home/ik/aws_ws/install/turtlebot3_gazebo/share/turtlebot3_gazebo//models/aws_robomaker_warehouse_ShelfE_01/materials/textures
[0.253s] -- Up-to-date: /home/ik/aws_ws/install/turtlebot3_gazebo/share/turtlebot3_gazebo//models/aws_robomaker_warehouse_ShelfE_01/materials/textures/aws_robomaker_warehouse_ShelfE_01.png
[0.253s] -- Up-to-date: /home/ik/aws_ws/install/turtlebot3_gazebo/share/turtlebot3_gazebo//models/aws_robomaker_warehouse_ShelfE_01/materials/textures/aws_robomaker_warehouse_ShelfE_02.png
[0.253s] -- Up-to-date: /home/ik/aws_ws/install/turtlebot3_gazebo/share/turtlebot3_gazebo//models/aws_robomaker_warehouse_ShelfE_01/materials/textures/aws_robomaker_warehouse_ShelfE_03.png
[0.254s] -- Up-to-date: /home/ik/aws_ws/install/turtlebot3_gazebo/share/turtlebot3_gazebo//models/aws_robomaker_warehouse_ShelfE_01/materials/textures/aws_robomaker_warehouse_ShelfE_04.png
[0.254s] -- Up-to-date: /home/ik/aws_ws/install/turtlebot3_gazebo/share/turtlebot3_gazebo//models/aws_robomaker_warehouse_ShelfE_01/materials/.DS_Store
[0.254s] -- Up-to-date: /home/ik/aws_ws/install/turtlebot3_gazebo/share/turtlebot3_gazebo//models/aws_robomaker_warehouse_ShelfE_01/model.sdf
[0.254s] -- Up-to-date: /home/ik/aws_ws/install/turtlebot3_gazebo/share/turtlebot3_gazebo//models/aws_robomaker_warehouse_ShelfE_01/.DS_Store
[0.254s] -- Up-to-date: /home/ik/aws_ws/install/turtlebot3_gazebo/share/turtlebot3_gazebo//models/aws_robomaker_warehouse_ShelfE_01/model.config
[0.254s] -- Up-to-date: /home/ik/aws_ws/install/turtlebot3_gazebo/share/turtlebot3_gazebo//models/aws_robomaker_warehouse_ShelfE_01/meshes
[0.254s] -- Up-to-date: /home/ik/aws_ws/install/turtlebot3_gazebo/share/turtlebot3_gazebo//models/aws_robomaker_warehouse_ShelfE_01/meshes/aws_robomaker_warehouse_ShelfE_01_visual.DAE
[0.255s] -- Up-to-date: /home/ik/aws_ws/install/turtlebot3_gazebo/share/turtlebot3_gazebo//models/aws_robomaker_warehouse_ShelfE_01/meshes/aws_robomaker_warehouse_ShelfE_01_collision.DAE
[0.255s] -- Up-to-date: /home/ik/aws_ws/install/turtlebot3_gazebo/share/turtlebot3_gazebo//models/aws_robomaker_warehouse_TrashCanC_01
[0.255s] -- Up-to-date: /home/ik/aws_ws/install/turtlebot3_gazebo/share/turtlebot3_gazebo//models/aws_robomaker_warehouse_TrashCanC_01/materials
[0.255s] -- Up-to-date: /home/ik/aws_ws/install/turtlebot3_gazebo/share/turtlebot3_gazebo//models/aws_robomaker_warehouse_TrashCanC_01/materials/textures
[0.255s] -- Up-to-date: /home/ik/aws_ws/install/turtlebot3_gazebo/share/turtlebot3_gazebo//models/aws_robomaker_warehouse_TrashCanC_01/materials/textures/aws_robomaker_warehouse_TrashCanC_01.png
[0.255s] -- Up-to-date: /home/ik/aws_ws/install/turtlebot3_gazebo/share/turtlebot3_gazebo//models/aws_robomaker_warehouse_TrashCanC_01/model.sdf
[0.256s] -- Up-to-date: /home/ik/aws_ws/install/turtlebot3_gazebo/share/turtlebot3_gazebo//models/aws_robomaker_warehouse_TrashCanC_01/model.config
[0.256s] -- Up-to-date: /home/ik/aws_ws/install/turtlebot3_gazebo/share/turtlebot3_gazebo//models/aws_robomaker_warehouse_TrashCanC_01/meshes
[0.256s] -- Up-to-date: /home/ik/aws_ws/install/turtlebot3_gazebo/share/turtlebot3_gazebo//models/aws_robomaker_warehouse_TrashCanC_01/meshes/aws_robomaker_warehouse_TrashCanC_01_visual.DAE
[0.256s] -- Up-to-date: /home/ik/aws_ws/install/turtlebot3_gazebo/share/turtlebot3_gazebo//models/aws_robomaker_warehouse_TrashCanC_01/meshes/aws_robomaker_warehouse_TrashCanC_01_collision.DAE
[0.256s] -- Installing: /home/ik/aws_ws/install/turtlebot3_gazebo/share/turtlebot3_gazebo//models/small_warehouse
[0.256s] -- Installing: /home/ik/aws_ws/install/turtlebot3_gazebo/share/turtlebot3_gazebo//models/small_warehouse/small_warehouse.world
[0.257s] -- Up-to-date: /home/ik/aws_ws/install/turtlebot3_gazebo/share/turtlebot3_gazebo//models/turtlebot3_autorace
[0.257s] -- Up-to-date: /home/ik/aws_ws/install/turtlebot3_gazebo/share/turtlebot3_gazebo//models/turtlebot3_autorace/traffic_light_green
[0.257s] -- Up-to-date: /home/ik/aws_ws/install/turtlebot3_gazebo/share/turtlebot3_gazebo//models/turtlebot3_autorace/traffic_light_green/model.sdf
[0.257s] -- Up-to-date: /home/ik/aws_ws/install/turtlebot3_gazebo/share/turtlebot3_gazebo//models/turtlebot3_autorace/traffic_light_green/model.config
[0.257s] -- Up-to-date: /home/ik/aws_ws/install/turtlebot3_gazebo/share/turtlebot3_gazebo//models/turtlebot3_autorace/traffic_bar_down
[0.257s] -- Up-to-date: /home/ik/aws_ws/install/turtlebot3_gazebo/share/turtlebot3_gazebo//models/turtlebot3_autorace/traffic_bar_down/materials
[0.257s] -- Up-to-date: /home/ik/aws_ws/install/turtlebot3_gazebo/share/turtlebot3_gazebo//models/turtlebot3_autorace/traffic_bar_down/materials/textures
[0.258s] -- Up-to-date: /home/ik/aws_ws/install/turtlebot3_gazebo/share/turtlebot3_gazebo//models/turtlebot3_autorace/traffic_bar_down/materials/textures/traffic_bar.png
[0.258s] -- Up-to-date: /home/ik/aws_ws/install/turtlebot3_gazebo/share/turtlebot3_gazebo//models/turtlebot3_autorace/traffic_bar_down/materials/scripts
[0.258s] -- Up-to-date: /home/ik/aws_ws/install/turtlebot3_gazebo/share/turtlebot3_gazebo//models/turtlebot3_autorace/traffic_bar_down/materials/scripts/traffic_bar.material
[0.258s] -- Up-to-date: /home/ik/aws_ws/install/turtlebot3_gazebo/share/turtlebot3_gazebo//models/turtlebot3_autorace/traffic_bar_down/model.sdf
[0.258s] -- Up-to-date: /home/ik/aws_ws/install/turtlebot3_gazebo/share/turtlebot3_gazebo//models/turtlebot3_autorace/traffic_bar_down/model.config
[0.258s] -- Up-to-date: /home/ik/aws_ws/install/turtlebot3_gazebo/share/turtlebot3_gazebo//models/turtlebot3_autorace/traffic_light_yellow
[0.259s] -- Up-to-date: /home/ik/aws_ws/install/turtlebot3_gazebo/share/turtlebot3_gazebo//models/turtlebot3_autorace/traffic_light_yellow/model.sdf
[0.259s] -- Up-to-date: /home/ik/aws_ws/install/turtlebot3_gazebo/share/turtlebot3_gazebo//models/turtlebot3_autorace/traffic_light_yellow/model.config
[0.259s] -- Up-to-date: /home/ik/aws_ws/install/turtlebot3_gazebo/share/turtlebot3_gazebo//models/turtlebot3_autorace/course
[0.259s] -- Up-to-date: /home/ik/aws_ws/install/turtlebot3_gazebo/share/turtlebot3_gazebo//models/turtlebot3_autorace/course/materials
[0.259s] -- Up-to-date: /home/ik/aws_ws/install/turtlebot3_gazebo/share/turtlebot3_gazebo//models/turtlebot3_autorace/course/materials/textures
[0.259s] -- Up-to-date: /home/ik/aws_ws/install/turtlebot3_gazebo/share/turtlebot3_gazebo//models/turtlebot3_autorace/course/materials/textures/course.png
[0.259s] -- Up-to-date: /home/ik/aws_ws/install/turtlebot3_gazebo/share/turtlebot3_gazebo//models/turtlebot3_autorace/course/materials/scripts
[0.259s] -- Up-to-date: /home/ik/aws_ws/install/turtlebot3_gazebo/share/turtlebot3_gazebo//models/turtlebot3_autorace/course/materials/scripts/course.material
[0.260s] -- Up-to-date: /home/ik/aws_ws/install/turtlebot3_gazebo/share/turtlebot3_gazebo//models/turtlebot3_autorace/course/model.sdf
[0.260s] -- Up-to-date: /home/ik/aws_ws/install/turtlebot3_gazebo/share/turtlebot3_gazebo//models/turtlebot3_autorace/course/model.config
[0.260s] -- Up-to-date: /home/ik/aws_ws/install/turtlebot3_gazebo/share/turtlebot3_gazebo//models/turtlebot3_autorace/traffic_parking
[0.260s] -- Up-to-date: /home/ik/aws_ws/install/turtlebot3_gazebo/share/turtlebot3_gazebo//models/turtlebot3_autorace/traffic_parking/materials
[0.260s] -- Up-to-date: /home/ik/aws_ws/install/turtlebot3_gazebo/share/turtlebot3_gazebo//models/turtlebot3_autorace/traffic_parking/materials/textures
[0.260s] -- Up-to-date: /home/ik/aws_ws/install/turtlebot3_gazebo/share/turtlebot3_gazebo//models/turtlebot3_autorace/traffic_parking/materials/textures/traffic_parking.png
[0.260s] -- Up-to-date: /home/ik/aws_ws/install/turtlebot3_gazebo/share/turtlebot3_gazebo//models/turtlebot3_autorace/traffic_parking/materials/scripts
[0.261s] -- Up-to-date: /home/ik/aws_ws/install/turtlebot3_gazebo/share/turtlebot3_gazebo//models/turtlebot3_autorace/traffic_parking/materials/scripts/traffic_parking.material
[0.261s] -- Up-to-date: /home/ik/aws_ws/install/turtlebot3_gazebo/share/turtlebot3_gazebo//models/turtlebot3_autorace/traffic_parking/model.sdf
[0.261s] -- Up-to-date: /home/ik/aws_ws/install/turtlebot3_gazebo/share/turtlebot3_gazebo//models/turtlebot3_autorace/traffic_parking/model.config
[0.261s] -- Up-to-date: /home/ik/aws_ws/install/turtlebot3_gazebo/share/turtlebot3_gazebo//models/turtlebot3_autorace/tunnel_obstacles
[0.261s] -- Up-to-date: /home/ik/aws_ws/install/turtlebot3_gazebo/share/turtlebot3_gazebo//models/turtlebot3_autorace/tunnel_obstacles/model.sdf
[0.261s] -- Up-to-date: /home/ik/aws_ws/install/turtlebot3_gazebo/share/turtlebot3_gazebo//models/turtlebot3_autorace/tunnel_obstacles/model.config
[0.261s] -- Up-to-date: /home/ik/aws_ws/install/turtlebot3_gazebo/share/turtlebot3_gazebo//models/turtlebot3_autorace/ground
[0.261s] -- Up-to-date: /home/ik/aws_ws/install/turtlebot3_gazebo/share/turtlebot3_gazebo//models/turtlebot3_autorace/ground/model.sdf
[0.261s] -- Up-to-date: /home/ik/aws_ws/install/turtlebot3_gazebo/share/turtlebot3_gazebo//models/turtlebot3_autorace/ground/model.config
[0.262s] -- Up-to-date: /home/ik/aws_ws/install/turtlebot3_gazebo/share/turtlebot3_gazebo//models/turtlebot3_autorace/traffic_stop
[0.262s] -- Up-to-date: /home/ik/aws_ws/install/turtlebot3_gazebo/share/turtlebot3_gazebo//models/turtlebot3_autorace/traffic_stop/materials
[0.262s] -- Up-to-date: /home/ik/aws_ws/install/turtlebot3_gazebo/share/turtlebot3_gazebo//models/turtlebot3_autorace/traffic_stop/materials/textures
[0.262s] -- Up-to-date: /home/ik/aws_ws/install/turtlebot3_gazebo/share/turtlebot3_gazebo//models/turtlebot3_autorace/traffic_stop/materials/textures/traffic_stop.png
[0.262s] -- Up-to-date: /home/ik/aws_ws/install/turtlebot3_gazebo/share/turtlebot3_gazebo//models/turtlebot3_autorace/traffic_stop/materials/scripts
[0.263s] -- Up-to-date: /home/ik/aws_ws/install/turtlebot3_gazebo/share/turtlebot3_gazebo//models/turtlebot3_autorace/traffic_stop/materials/scripts/traffic_stop.material
[0.264s] -- Up-to-date: /home/ik/aws_ws/install/turtlebot3_gazebo/share/turtlebot3_gazebo//models/turtlebot3_autorace/traffic_stop/model.sdf
[0.265s] -- Up-to-date: /home/ik/aws_ws/install/turtlebot3_gazebo/share/turtlebot3_gazebo//models/turtlebot3_autorace/traffic_stop/model.config
[0.265s] -- Up-to-date: /home/ik/aws_ws/install/turtlebot3_gazebo/share/turtlebot3_gazebo//models/turtlebot3_autorace/traffic_tunnel
[0.265s] -- Up-to-date: /home/ik/aws_ws/install/turtlebot3_gazebo/share/turtlebot3_gazebo//models/turtlebot3_autorace/traffic_tunnel/materials
[0.265s] -- Up-to-date: /home/ik/aws_ws/install/turtlebot3_gazebo/share/turtlebot3_gazebo//models/turtlebot3_autorace/traffic_tunnel/materials/textures
[0.265s] -- Up-to-date: /home/ik/aws_ws/install/turtlebot3_gazebo/share/turtlebot3_gazebo//models/turtlebot3_autorace/traffic_tunnel/materials/textures/tunnel.png
[0.265s] -- Up-to-date: /home/ik/aws_ws/install/turtlebot3_gazebo/share/turtlebot3_gazebo//models/turtlebot3_autorace/traffic_tunnel/materials/scripts
[0.265s] -- Up-to-date: /home/ik/aws_ws/install/turtlebot3_gazebo/share/turtlebot3_gazebo//models/turtlebot3_autorace/traffic_tunnel/materials/scripts/tunnel.material
[0.265s] -- Up-to-date: /home/ik/aws_ws/install/turtlebot3_gazebo/share/turtlebot3_gazebo//models/turtlebot3_autorace/traffic_tunnel/model.sdf
[0.265s] -- Up-to-date: /home/ik/aws_ws/install/turtlebot3_gazebo/share/turtlebot3_gazebo//models/turtlebot3_autorace/traffic_tunnel/model.config
[0.265s] -- Up-to-date: /home/ik/aws_ws/install/turtlebot3_gazebo/share/turtlebot3_gazebo//models/turtlebot3_autorace/lights
[0.265s] -- Up-to-date: /home/ik/aws_ws/install/turtlebot3_gazebo/share/turtlebot3_gazebo//models/turtlebot3_autorace/lights/model.sdf
[0.265s] -- Up-to-date: /home/ik/aws_ws/install/turtlebot3_gazebo/share/turtlebot3_gazebo//models/turtlebot3_autorace/lights/model.config
[0.265s] -- Up-to-date: /home/ik/aws_ws/install/turtlebot3_gazebo/share/turtlebot3_gazebo//models/turtlebot3_autorace/model.config
[0.265s] -- Up-to-date: /home/ik/aws_ws/install/turtlebot3_gazebo/share/turtlebot3_gazebo//models/turtlebot3_autorace/tunnel_wall
[0.265s] -- Up-to-date: /home/ik/aws_ws/install/turtlebot3_gazebo/share/turtlebot3_gazebo//models/turtlebot3_autorace/tunnel_wall/model.sdf
[0.266s] -- Up-to-date: /home/ik/aws_ws/install/turtlebot3_gazebo/share/turtlebot3_gazebo//models/turtlebot3_autorace/tunnel_wall/model.config
[0.266s] -- Up-to-date: /home/ik/aws_ws/install/turtlebot3_gazebo/share/turtlebot3_gazebo//models/turtlebot3_autorace/traffic_bar_up
[0.266s] -- Up-to-date: /home/ik/aws_ws/install/turtlebot3_gazebo/share/turtlebot3_gazebo//models/turtlebot3_autorace/traffic_bar_up/materials
[0.266s] -- Up-to-date: /home/ik/aws_ws/install/turtlebot3_gazebo/share/turtlebot3_gazebo//models/turtlebot3_autorace/traffic_bar_up/materials/textures
[0.266s] -- Up-to-date: /home/ik/aws_ws/install/turtlebot3_gazebo/share/turtlebot3_gazebo//models/turtlebot3_autorace/traffic_bar_up/materials/textures/traffic_bar.png
[0.266s] -- Up-to-date: /home/ik/aws_ws/install/turtlebot3_gazebo/share/turtlebot3_gazebo//models/turtlebot3_autorace/traffic_bar_up/materials/scripts
[0.266s] -- Up-to-date: /home/ik/aws_ws/install/turtlebot3_gazebo/share/turtlebot3_gazebo//models/turtlebot3_autorace/traffic_bar_up/materials/scripts/traffic_bar.material
[0.266s] -- Up-to-date: /home/ik/aws_ws/install/turtlebot3_gazebo/share/turtlebot3_gazebo//models/turtlebot3_autorace/traffic_bar_up/model.sdf
[0.266s] -- Up-to-date: /home/ik/aws_ws/install/turtlebot3_gazebo/share/turtlebot3_gazebo//models/turtlebot3_autorace/traffic_bar_up/model.config
[0.266s] -- Up-to-date: /home/ik/aws_ws/install/turtlebot3_gazebo/share/turtlebot3_gazebo//models/turtlebot3_autorace/traffic_light_red
[0.266s] -- Up-to-date: /home/ik/aws_ws/install/turtlebot3_gazebo/share/turtlebot3_gazebo//models/turtlebot3_autorace/traffic_light_red/model.sdf
[0.267s] -- Up-to-date: /home/ik/aws_ws/install/turtlebot3_gazebo/share/turtlebot3_gazebo//models/turtlebot3_autorace/traffic_light_red/model.config
[0.267s] -- Up-to-date: /home/ik/aws_ws/install/turtlebot3_gazebo/share/turtlebot3_gazebo//models/aws_robomaker_warehouse_ShelfF_01
[0.267s] -- Up-to-date: /home/ik/aws_ws/install/turtlebot3_gazebo/share/turtlebot3_gazebo//models/aws_robomaker_warehouse_ShelfF_01/materials
[0.267s] -- Up-to-date: /home/ik/aws_ws/install/turtlebot3_gazebo/share/turtlebot3_gazebo//models/aws_robomaker_warehouse_ShelfF_01/materials/textures
[0.267s] -- Up-to-date: /home/ik/aws_ws/install/turtlebot3_gazebo/share/turtlebot3_gazebo//models/aws_robomaker_warehouse_ShelfF_01/materials/textures/aws_robomaker_warehouse_ShelfF_02.png
[0.267s] -- Up-to-date: /home/ik/aws_ws/install/turtlebot3_gazebo/share/turtlebot3_gazebo//models/aws_robomaker_warehouse_ShelfF_01/materials/textures/aws_robomaker_warehouse_ShelfF_03.png
[0.267s] -- Up-to-date: /home/ik/aws_ws/install/turtlebot3_gazebo/share/turtlebot3_gazebo//models/aws_robomaker_warehouse_ShelfF_01/materials/textures/aws_robomaker_warehouse_ShelfF_01.png
[0.267s] -- Up-to-date: /home/ik/aws_ws/install/turtlebot3_gazebo/share/turtlebot3_gazebo//models/aws_robomaker_warehouse_ShelfF_01/model.sdf
[0.267s] -- Up-to-date: /home/ik/aws_ws/install/turtlebot3_gazebo/share/turtlebot3_gazebo//models/aws_robomaker_warehouse_ShelfF_01/model.config
[0.267s] -- Up-to-date: /home/ik/aws_ws/install/turtlebot3_gazebo/share/turtlebot3_gazebo//models/aws_robomaker_warehouse_ShelfF_01/meshes
[0.267s] -- Up-to-date: /home/ik/aws_ws/install/turtlebot3_gazebo/share/turtlebot3_gazebo//models/aws_robomaker_warehouse_ShelfF_01/meshes/aws_robomaker_warehouse_ShelfF_01_visual.DAE
[0.268s] -- Up-to-date: /home/ik/aws_ws/install/turtlebot3_gazebo/share/turtlebot3_gazebo//models/aws_robomaker_warehouse_ShelfF_01/meshes/aws_robomaker_warehouse_ShelfF_01_collision.DAE
[0.268s] -- Up-to-date: /home/ik/aws_ws/install/turtlebot3_gazebo/share/turtlebot3_gazebo//models/turtlebot3_waffle
[0.268s] -- Up-to-date: /home/ik/aws_ws/install/turtlebot3_gazebo/share/turtlebot3_gazebo//models/turtlebot3_waffle/model.sdf
[0.268s] -- Up-to-date: /home/ik/aws_ws/install/turtlebot3_gazebo/share/turtlebot3_gazebo//models/turtlebot3_waffle/model-1_4.sdf
[0.268s] -- Up-to-date: /home/ik/aws_ws/install/turtlebot3_gazebo/share/turtlebot3_gazebo//models/turtlebot3_waffle/model.config
[0.268s] -- Up-to-date: /home/ik/aws_ws/install/turtlebot3_gazebo/share/turtlebot3_gazebo//models/turtlebot3_waffle/meshes
[0.268s] -- Up-to-date: /home/ik/aws_ws/install/turtlebot3_gazebo/share/turtlebot3_gazebo//models/turtlebot3_waffle/meshes/lds.dae
[0.268s] -- Up-to-date: /home/ik/aws_ws/install/turtlebot3_gazebo/share/turtlebot3_gazebo//models/turtlebot3_waffle/meshes/tire.dae
[0.268s] -- Up-to-date: /home/ik/aws_ws/install/turtlebot3_gazebo/share/turtlebot3_gazebo//models/turtlebot3_waffle/meshes/waffle_base.dae
[0.268s] -- Up-to-date: /home/ik/aws_ws/install/turtlebot3_gazebo/share/turtlebot3_gazebo//models/turtlebot3_waffle/meshes/r200.dae
[0.268s] -- Up-to-date: /home/ik/aws_ws/install/turtlebot3_gazebo/share/turtlebot3_gazebo//models/aws_robomaker_warehouse_Lamp_01
[0.268s] -- Up-to-date: /home/ik/aws_ws/install/turtlebot3_gazebo/share/turtlebot3_gazebo//models/aws_robomaker_warehouse_Lamp_01/materials
[0.268s] -- Up-to-date: /home/ik/aws_ws/install/turtlebot3_gazebo/share/turtlebot3_gazebo//models/aws_robomaker_warehouse_Lamp_01/materials/textures
[0.268s] -- Up-to-date: /home/ik/aws_ws/install/turtlebot3_gazebo/share/turtlebot3_gazebo//models/aws_robomaker_warehouse_Lamp_01/materials/textures/aws_robomaker_warehouse_Lamp_01.png
[0.268s] -- Up-to-date: /home/ik/aws_ws/install/turtlebot3_gazebo/share/turtlebot3_gazebo//models/aws_robomaker_warehouse_Lamp_01/model.sdf
[0.268s] -- Up-to-date: /home/ik/aws_ws/install/turtlebot3_gazebo/share/turtlebot3_gazebo//models/aws_robomaker_warehouse_Lamp_01/model.config
[0.268s] -- Up-to-date: /home/ik/aws_ws/install/turtlebot3_gazebo/share/turtlebot3_gazebo//models/aws_robomaker_warehouse_Lamp_01/meshes
[0.268s] -- Up-to-date: /home/ik/aws_ws/install/turtlebot3_gazebo/share/turtlebot3_gazebo//models/aws_robomaker_warehouse_Lamp_01/meshes/aws_robomaker_warehouse_Lamp_01_visual.DAE
[0.268s] -- Up-to-date: /home/ik/aws_ws/install/turtlebot3_gazebo/share/turtlebot3_gazebo//models/aws_robomaker_warehouse_Lamp_01/meshes/aws_robomaker_warehouse_Lamp_01_collision.DAE
[0.268s] -- Up-to-date: /home/ik/aws_ws/install/turtlebot3_gazebo/share/turtlebot3_gazebo//models/aws_robomaker_warehouse_GroundB_01
[0.269s] -- Up-to-date: /home/ik/aws_ws/install/turtlebot3_gazebo/share/turtlebot3_gazebo//models/aws_robomaker_warehouse_GroundB_01/materials
[0.269s] -- Up-to-date: /home/ik/aws_ws/install/turtlebot3_gazebo/share/turtlebot3_gazebo//models/aws_robomaker_warehouse_GroundB_01/materials/textures
[0.269s] -- Up-to-date: /home/ik/aws_ws/install/turtlebot3_gazebo/share/turtlebot3_gazebo//models/aws_robomaker_warehouse_GroundB_01/materials/textures/aws_robomaker_warehouse_GroundB_01.png
[0.269s] -- Up-to-date: /home/ik/aws_ws/install/turtlebot3_gazebo/share/turtlebot3_gazebo//models/aws_robomaker_warehouse_GroundB_01/materials/textures/aws_robomaker_warehouse_GroundB_02.png
[0.269s] -- Up-to-date: /home/ik/aws_ws/install/turtlebot3_gazebo/share/turtlebot3_gazebo//models/aws_robomaker_warehouse_GroundB_01/model.sdf
[0.269s] -- Up-to-date: /home/ik/aws_ws/install/turtlebot3_gazebo/share/turtlebot3_gazebo//models/aws_robomaker_warehouse_GroundB_01/model.config
[0.269s] -- Up-to-date: /home/ik/aws_ws/install/turtlebot3_gazebo/share/turtlebot3_gazebo//models/aws_robomaker_warehouse_GroundB_01/meshes
[0.269s] -- Up-to-date: /home/ik/aws_ws/install/turtlebot3_gazebo/share/turtlebot3_gazebo//models/aws_robomaker_warehouse_GroundB_01/meshes/aws_robomaker_warehouse_GroundB_01_visual.DAE
[0.269s] -- Up-to-date: /home/ik/aws_ws/install/turtlebot3_gazebo/share/turtlebot3_gazebo//models/aws_robomaker_warehouse_GroundB_01/meshes/aws_robomaker_warehouse_GroundB_01_collision.DAE
[0.269s] -- Up-to-date: /home/ik/aws_ws/install/turtlebot3_gazebo/share/turtlebot3_gazebo//models/aws_robomaker_warehouse_PalletJackB_01
[0.269s] -- Up-to-date: /home/ik/aws_ws/install/turtlebot3_gazebo/share/turtlebot3_gazebo//models/aws_robomaker_warehouse_PalletJackB_01/materials
[0.269s] -- Up-to-date: /home/ik/aws_ws/install/turtlebot3_gazebo/share/turtlebot3_gazebo//models/aws_robomaker_warehouse_PalletJackB_01/materials/textures
[0.269s] -- Up-to-date: /home/ik/aws_ws/install/turtlebot3_gazebo/share/turtlebot3_gazebo//models/aws_robomaker_warehouse_PalletJackB_01/materials/textures/aws_robomaker_warehouse_PalletJackB_02.png
[0.269s] -- Up-to-date: /home/ik/aws_ws/install/turtlebot3_gazebo/share/turtlebot3_gazebo//models/aws_robomaker_warehouse_PalletJackB_01/materials/textures/aws_robomaker_warehouse_PalletJackB_01.png
[0.269s] -- Up-to-date: /home/ik/aws_ws/install/turtlebot3_gazebo/share/turtlebot3_gazebo//models/aws_robomaker_warehouse_PalletJackB_01/materials/.DS_Store
[0.269s] -- Up-to-date: /home/ik/aws_ws/install/turtlebot3_gazebo/share/turtlebot3_gazebo//models/aws_robomaker_warehouse_PalletJackB_01/model.sdf
[0.269s] -- Up-to-date: /home/ik/aws_ws/install/turtlebot3_gazebo/share/turtlebot3_gazebo//models/aws_robomaker_warehouse_PalletJackB_01/.DS_Store
[0.269s] -- Up-to-date: /home/ik/aws_ws/install/turtlebot3_gazebo/share/turtlebot3_gazebo//models/aws_robomaker_warehouse_PalletJackB_01/model.config
[0.269s] -- Up-to-date: /home/ik/aws_ws/install/turtlebot3_gazebo/share/turtlebot3_gazebo//models/aws_robomaker_warehouse_PalletJackB_01/meshes
[0.270s] -- Up-to-date: /home/ik/aws_ws/install/turtlebot3_gazebo/share/turtlebot3_gazebo//models/aws_robomaker_warehouse_PalletJackB_01/meshes/aws_robomaker_warehouse_PalletJackB_01_visual.DAE
[0.270s] -- Up-to-date: /home/ik/aws_ws/install/turtlebot3_gazebo/share/turtlebot3_gazebo//models/aws_robomaker_warehouse_PalletJackB_01/meshes/aws_robomaker_warehouse_PalletJackB_01_collision.DAE
[0.270s] -- Up-to-date: /home/ik/aws_ws/install/turtlebot3_gazebo/share/turtlebot3_gazebo//models/aws_robomaker_warehouse_RoofB_01
[0.270s] -- Up-to-date: /home/ik/aws_ws/install/turtlebot3_gazebo/share/turtlebot3_gazebo//models/aws_robomaker_warehouse_RoofB_01/materials
[0.270s] -- Up-to-date: /home/ik/aws_ws/install/turtlebot3_gazebo/share/turtlebot3_gazebo//models/aws_robomaker_warehouse_RoofB_01/materials/textures
[0.270s] -- Up-to-date: /home/ik/aws_ws/install/turtlebot3_gazebo/share/turtlebot3_gazebo//models/aws_robomaker_warehouse_RoofB_01/materials/textures/aws_robomaker_warehouse_RoofB_01.png
[0.270s] -- Up-to-date: /home/ik/aws_ws/install/turtlebot3_gazebo/share/turtlebot3_gazebo//models/aws_robomaker_warehouse_RoofB_01/model.sdf
[0.270s] -- Up-to-date: /home/ik/aws_ws/install/turtlebot3_gazebo/share/turtlebot3_gazebo//models/aws_robomaker_warehouse_RoofB_01/model.config
[0.270s] -- Up-to-date: /home/ik/aws_ws/install/turtlebot3_gazebo/share/turtlebot3_gazebo//models/aws_robomaker_warehouse_RoofB_01/meshes
[0.270s] -- Up-to-date: /home/ik/aws_ws/install/turtlebot3_gazebo/share/turtlebot3_gazebo//models/aws_robomaker_warehouse_RoofB_01/meshes/aws_robomaker_warehouse_RoofB_01_collision.DAE
[0.270s] -- Up-to-date: /home/ik/aws_ws/install/turtlebot3_gazebo/share/turtlebot3_gazebo//models/aws_robomaker_warehouse_RoofB_01/meshes/aws_robomaker_warehouse_RoofB_01_visual.DAE
[0.270s] -- Up-to-date: /home/ik/aws_ws/install/turtlebot3_gazebo/share/turtlebot3_gazebo//models/aws_robomaker_warehouse_ClutteringC_01
[0.270s] -- Up-to-date: /home/ik/aws_ws/install/turtlebot3_gazebo/share/turtlebot3_gazebo//models/aws_robomaker_warehouse_ClutteringC_01/materials
[0.270s] -- Up-to-date: /home/ik/aws_ws/install/turtlebot3_gazebo/share/turtlebot3_gazebo//models/aws_robomaker_warehouse_ClutteringC_01/materials/textures
[0.270s] -- Up-to-date: /home/ik/aws_ws/install/turtlebot3_gazebo/share/turtlebot3_gazebo//models/aws_robomaker_warehouse_ClutteringC_01/materials/textures/aws_robomaker_warehouse_ClutteringC_01.png
[0.270s] -- Up-to-date: /home/ik/aws_ws/install/turtlebot3_gazebo/share/turtlebot3_gazebo//models/aws_robomaker_warehouse_ClutteringC_01/materials/textures/aws_robomaker_warehouse_ClutteringC_02.png
[0.271s] -- Up-to-date: /home/ik/aws_ws/install/turtlebot3_gazebo/share/turtlebot3_gazebo//models/aws_robomaker_warehouse_ClutteringC_01/model.sdf
[0.271s] -- Up-to-date: /home/ik/aws_ws/install/turtlebot3_gazebo/share/turtlebot3_gazebo//models/aws_robomaker_warehouse_ClutteringC_01/model.config
[0.271s] -- Up-to-date: /home/ik/aws_ws/install/turtlebot3_gazebo/share/turtlebot3_gazebo//models/aws_robomaker_warehouse_ClutteringC_01/meshes
[0.274s] -- Up-to-date: /home/ik/aws_ws/install/turtlebot3_gazebo/share/turtlebot3_gazebo//models/aws_robomaker_warehouse_ClutteringC_01/meshes/aws_robomaker_warehouse_ClutteringC_01_collision.DAE
[0.279s] -- Up-to-date: /home/ik/aws_ws/install/turtlebot3_gazebo/share/turtlebot3_gazebo//models/aws_robomaker_warehouse_ClutteringC_01/meshes/aws_robomaker_warehouse_ClutteringC_01_visual.DAE
[0.279s] -- Up-to-date: /home/ik/aws_ws/install/turtlebot3_gazebo/share/turtlebot3_gazebo//rviz
[0.279s] -- Up-to-date: /home/ik/aws_ws/install/turtlebot3_gazebo/share/turtlebot3_gazebo//rviz/tb3_gazebo.rviz
[0.280s] -- Up-to-date: /home/ik/aws_ws/install/turtlebot3_gazebo/share/turtlebot3_gazebo//worlds
[0.280s] -- Up-to-date: /home/ik/aws_ws/install/turtlebot3_gazebo/share/turtlebot3_gazebo//worlds/turtlebot3_dqn_stage1
[0.280s] -- Up-to-date: /home/ik/aws_ws/install/turtlebot3_gazebo/share/turtlebot3_gazebo//worlds/turtlebot3_dqn_stage1/burger.model
[0.280s] -- Up-to-date: /home/ik/aws_ws/install/turtlebot3_gazebo/share/turtlebot3_gazebo//worlds/turtlebot3_dqn_stage1/waffle.model
[0.281s] -- Up-to-date: /home/ik/aws_ws/install/turtlebot3_gazebo/share/turtlebot3_gazebo//worlds/turtlebot3_dqn_stage1/waffle_pi.model
[0.281s] -- Up-to-date: /home/ik/aws_ws/install/turtlebot3_gazebo/share/turtlebot3_gazebo//worlds/no_roof_small_warehouse
[0.281s] -- Installing: /home/ik/aws_ws/install/turtlebot3_gazebo/share/turtlebot3_gazebo//worlds/no_roof_small_warehouse/burger.model
[0.281s] -- Installing: /home/ik/aws_ws/install/turtlebot3_gazebo/share/turtlebot3_gazebo//worlds/no_roof_small_warehouse/waffle.model
[0.282s] -- Installing: /home/ik/aws_ws/install/turtlebot3_gazebo/share/turtlebot3_gazebo//worlds/no_roof_small_warehouse/waffle_pi.model
[0.282s] -- Up-to-date: /home/ik/aws_ws/install/turtlebot3_gazebo/share/turtlebot3_gazebo//worlds/turtlebot3_dqn_stage2
[0.282s] -- Up-to-date: /home/ik/aws_ws/install/turtlebot3_gazebo/share/turtlebot3_gazebo//worlds/turtlebot3_dqn_stage2/burger.model
[0.282s] -- Up-to-date: /home/ik/aws_ws/install/turtlebot3_gazebo/share/turtlebot3_gazebo//worlds/turtlebot3_dqn_stage2/waffle.model
[0.283s] -- Up-to-date: /home/ik/aws_ws/install/turtlebot3_gazebo/share/turtlebot3_gazebo//worlds/turtlebot3_dqn_stage2/waffle_pi.model
[0.283s] -- Up-to-date: /home/ik/aws_ws/install/turtlebot3_gazebo/share/turtlebot3_gazebo//worlds/turtlebot3_houses
[0.283s] -- Up-to-date: /home/ik/aws_ws/install/turtlebot3_gazebo/share/turtlebot3_gazebo//worlds/turtlebot3_houses/burger.model
[0.283s] -- Up-to-date: /home/ik/aws_ws/install/turtlebot3_gazebo/share/turtlebot3_gazebo//worlds/turtlebot3_houses/waffle.model
[0.284s] -- Up-to-date: /home/ik/aws_ws/install/turtlebot3_gazebo/share/turtlebot3_gazebo//worlds/turtlebot3_houses/waffle_pi.model
[0.284s] -- Up-to-date: /home/ik/aws_ws/install/turtlebot3_gazebo/share/turtlebot3_gazebo//worlds/small_warehouse
[0.284s] -- Up-to-date: /home/ik/aws_ws/install/turtlebot3_gazebo/share/turtlebot3_gazebo//worlds/small_warehouse/small_warehouse.world
[0.284s] -- Up-to-date: /home/ik/aws_ws/install/turtlebot3_gazebo/share/turtlebot3_gazebo//worlds/turtlebot3_dqn_stage3
[0.284s] -- Up-to-date: /home/ik/aws_ws/install/turtlebot3_gazebo/share/turtlebot3_gazebo//worlds/turtlebot3_dqn_stage3/burger.model
[0.285s] -- Up-to-date: /home/ik/aws_ws/install/turtlebot3_gazebo/share/turtlebot3_gazebo//worlds/turtlebot3_dqn_stage3/waffle.model
[0.285s] -- Up-to-date: /home/ik/aws_ws/install/turtlebot3_gazebo/share/turtlebot3_gazebo//worlds/turtlebot3_dqn_stage3/waffle_pi.model
[0.285s] -- Up-to-date: /home/ik/aws_ws/install/turtlebot3_gazebo/share/turtlebot3_gazebo//worlds/turtlebot3_worlds
[0.285s] -- Up-to-date: /home/ik/aws_ws/install/turtlebot3_gazebo/share/turtlebot3_gazebo//worlds/turtlebot3_worlds/burger.model
[0.286s] -- Up-to-date: /home/ik/aws_ws/install/turtlebot3_gazebo/share/turtlebot3_gazebo//worlds/turtlebot3_worlds/waffle.model
[0.286s] -- Up-to-date: /home/ik/aws_ws/install/turtlebot3_gazebo/share/turtlebot3_gazebo//worlds/turtlebot3_worlds/waffle_pi.model
[0.286s] -- Up-to-date: /home/ik/aws_ws/install/turtlebot3_gazebo/share/turtlebot3_gazebo//worlds/turtlebot3_dqn_stage4
[0.286s] -- Up-to-date: /home/ik/aws_ws/install/turtlebot3_gazebo/share/turtlebot3_gazebo//worlds/turtlebot3_dqn_stage4/burger.model
[0.286s] -- Up-to-date: /home/ik/aws_ws/install/turtlebot3_gazebo/share/turtlebot3_gazebo//worlds/turtlebot3_dqn_stage4/waffle.model
[0.287s] -- Up-to-date: /home/ik/aws_ws/install/turtlebot3_gazebo/share/turtlebot3_gazebo//worlds/turtlebot3_dqn_stage4/waffle_pi.model
[0.287s] -- Up-to-date: /home/ik/aws_ws/install/turtlebot3_gazebo/share/turtlebot3_gazebo//worlds/turtlebot3_autoraces
[0.287s] -- Up-to-date: /home/ik/aws_ws/install/turtlebot3_gazebo/share/turtlebot3_gazebo//worlds/turtlebot3_autoraces/burger.model
[0.288s] -- Up-to-date: /home/ik/aws_ws/install/turtlebot3_gazebo/share/turtlebot3_gazebo//worlds/turtlebot3_autoraces/waffle.model
[0.288s] -- Up-to-date: /home/ik/aws_ws/install/turtlebot3_gazebo/share/turtlebot3_gazebo//worlds/turtlebot3_autoraces/waffle_pi.model
[0.288s] -- Up-to-date: /home/ik/aws_ws/install/turtlebot3_gazebo/share/turtlebot3_gazebo//worlds/empty_worlds
[0.288s] -- Up-to-date: /home/ik/aws_ws/install/turtlebot3_gazebo/share/turtlebot3_gazebo//worlds/empty_worlds/burger.model
[0.288s] -- Up-to-date: /home/ik/aws_ws/install/turtlebot3_gazebo/share/turtlebot3_gazebo//worlds/empty_worlds/waffle.model
[0.288s] -- Up-to-date: /home/ik/aws_ws/install/turtlebot3_gazebo/share/turtlebot3_gazebo//worlds/empty_worlds/waffle_pi.model
[0.289s] -- Up-to-date: /home/ik/aws_ws/install/turtlebot3_gazebo/include/
[0.289s] -- Up-to-date: /home/ik/aws_ws/install/turtlebot3_gazebo/include//turtlebot3_gazebo
[0.289s] -- Up-to-date: /home/ik/aws_ws/install/turtlebot3_gazebo/include//turtlebot3_gazebo/turtlebot3_drive.hpp
[0.289s] -- Up-to-date: /home/ik/aws_ws/install/turtlebot3_gazebo/share/ament_index/resource_index/package_run_dependencies/turtlebot3_gazebo
[0.289s] -- Up-to-date: /home/ik/aws_ws/install/turtlebot3_gazebo/share/ament_index/resource_index/parent_prefix_path/turtlebot3_gazebo
[0.289s] -- Up-to-date: /home/ik/aws_ws/install/turtlebot3_gazebo/share/turtlebot3_gazebo/environment/ament_prefix_path.sh
[0.289s] -- Up-to-date: /home/ik/aws_ws/install/turtlebot3_gazebo/share/turtlebot3_gazebo/environment/ament_prefix_path.dsv
[0.289s] -- Up-to-date: /home/ik/aws_ws/install/turtlebot3_gazebo/share/turtlebot3_gazebo/environment/path.sh
[0.289s] -- Up-to-date: /home/ik/aws_ws/install/turtlebot3_gazebo/share/turtlebot3_gazebo/environment/path.dsv
[0.289s] -- Up-to-date: /home/ik/aws_ws/install/turtlebot3_gazebo/share/turtlebot3_gazebo/local_setup.bash
[0.290s] -- Up-to-date: /home/ik/aws_ws/install/turtlebot3_gazebo/share/turtlebot3_gazebo/local_setup.sh
[0.290s] -- Up-to-date: /home/ik/aws_ws/install/turtlebot3_gazebo/share/turtlebot3_gazebo/local_setup.zsh
[0.290s] -- Up-to-date: /home/ik/aws_ws/install/turtlebot3_gazebo/share/turtlebot3_gazebo/local_setup.dsv
[0.290s] -- Installing: /home/ik/aws_ws/install/turtlebot3_gazebo/share/turtlebot3_gazebo/package.dsv
[0.290s] -- Up-to-date: /home/ik/aws_ws/install/turtlebot3_gazebo/share/ament_index/resource_index/packages/turtlebot3_gazebo
[0.290s] -- Up-to-date: /home/ik/aws_ws/install/turtlebot3_gazebo/share/turtlebot3_gazebo/cmake/ament_cmake_export_include_directories-extras.cmake
[0.290s] -- Up-to-date: /home/ik/aws_ws/install/turtlebot3_gazebo/share/turtlebot3_gazebo/cmake/ament_cmake_export_dependencies-extras.cmake
[0.290s] -- Up-to-date: /home/ik/aws_ws/install/turtlebot3_gazebo/share/turtlebot3_gazebo/cmake/turtlebot3_gazeboConfig.cmake
[0.290s] -- Up-to-date: /home/ik/aws_ws/install/turtlebot3_gazebo/share/turtlebot3_gazebo/cmake/turtlebot3_gazeboConfig-version.cmake
[0.290s] -- Up-to-date: /home/ik/aws_ws/install/turtlebot3_gazebo/share/turtlebot3_gazebo/package.xml
[0.303s] Invoked command in '/home/ik/aws_ws/build/turtlebot3_gazebo' returned '0': CMAKE_PREFIX_PATH=${CMAKE_PREFIX_PATH}:/opt/ros/foxy /usr/bin/cmake --install /home/ik/aws_ws/build/turtlebot3_gazebo
