[0.027s] Invoking command in '/home/ik/aws_ws/build/nav2_core': AMENT_PREFIX_PATH=/home/ik/aws_ws/install/nav2_costmap_2d:/home/ik/aws_ws/install/nav2_util:/home/ik/aws_ws/install/nav2_voxel_grid:/home/ik/aws_ws/install/nav2_msgs:/home/ik/aws_ws/install/nav2_common:${AMENT_PREFIX_PATH} CMAKE_PREFIX_PATH=/home/ik/aws_ws/install/nav2_costmap_2d:/home/ik/aws_ws/install/nav2_util:/home/ik/aws_ws/install/nav2_voxel_grid:/home/ik/aws_ws/install/nav2_msgs:/home/ik/aws_ws/install/nav2_common:/opt/ros/foxy LD_LIBRARY_PATH=/home/ik/aws_ws/install/nav2_costmap_2d/lib:/home/ik/aws_ws/install/nav2_util/lib:/home/ik/aws_ws/install/nav2_voxel_grid/lib:/home/ik/aws_ws/install/nav2_msgs/lib:${LD_LIBRARY_PATH} PYTHONPATH=/home/ik/aws_ws/install/nav2_msgs/lib/python3.8/site-packages:/home/ik/aws_ws/install/nav2_common/lib/python3.8/site-packages:${PYTHONPATH} /usr/bin/cmake /home/ik/aws_ws/src/navigation2/nav2_core -DCMAKE_INSTALL_PREFIX=/home/ik/aws_ws/install/nav2_core
[0.048s] -- Found ament_cmake: 0.9.11 (/opt/ros/foxy/share/ament_cmake/cmake)
[0.075s] -- Using PYTHON_EXECUTABLE: /usr/bin/python3
[0.229s] -- Override CMake install command with custom implementation using symlinks instead of copying resources
[0.242s] -- Found nav2_common: 0.4.7 (/home/ik/aws_ws/install/nav2_common/share/nav2_common/cmake)
[0.242s] -- Found rclcpp: 2.4.2 (/opt/ros/foxy/share/rclcpp/cmake)
[0.270s] -- Using all available rosidl_typesupport_c: rosidl_typesupport_fastrtps_c;rosidl_typesupport_introspection_c
[0.272s] -- Found rosidl_adapter: 1.3.0 (/opt/ros/foxy/share/rosidl_adapter/cmake)
[0.383s] -- Using all available rosidl_typesupport_cpp: rosidl_typesupport_fastrtps_cpp;rosidl_typesupport_introspection_cpp
[0.424s] -- Found rmw_implementation_cmake: 1.0.4 (/opt/ros/foxy/share/rmw_implementation_cmake/cmake)
[0.425s] -- Using RMW implementation 'rmw_fastrtps_cpp' as default
[0.552s] -- Found rclcpp_lifecycle: 2.4.2 (/opt/ros/foxy/share/rclcpp_lifecycle/cmake)
[0.576s] -- Found geometry_msgs: 2.0.5 (/opt/ros/foxy/share/geometry_msgs/cmake)
[0.606s] -- Found nav2_costmap_2d: 0.4.7 (/home/ik/aws_ws/install/nav2_costmap_2d/share/nav2_costmap_2d/cmake)
[1.952s] -- Found ament_lint_auto: 0.9.8 (/opt/ros/foxy/share/ament_lint_auto/cmake)
[2.049s] -- Added test 'cppcheck' to perform static code analysis on C / C++ code
[2.049s] -- Configured cppcheck include dirs: 
[2.049s] -- Configured cppcheck exclude dirs and/or files: 
[2.049s] -- Added test 'cpplint' to check C / C++ code against the Google style
[2.050s] -- Configured cpplint exclude dirs and/or files: 
[2.050s] -- Added test 'lint_cmake' to check CMake code style
[2.050s] -- Added test 'uncrustify' to check C / C++ code style
[2.050s] -- Configured uncrustify additional arguments: 
[2.051s] -- Added test 'xmllint' to check XML markup files
[2.056s] -- Configuring done
[2.059s] -- Generating done
[2.061s] -- Build files have been written to: /home/ik/aws_ws/build/nav2_core
[2.069s] Invoked command in '/home/ik/aws_ws/build/nav2_core' returned '0': AMENT_PREFIX_PATH=/home/ik/aws_ws/install/nav2_costmap_2d:/home/ik/aws_ws/install/nav2_util:/home/ik/aws_ws/install/nav2_voxel_grid:/home/ik/aws_ws/install/nav2_msgs:/home/ik/aws_ws/install/nav2_common:${AMENT_PREFIX_PATH} CMAKE_PREFIX_PATH=/home/ik/aws_ws/install/nav2_costmap_2d:/home/ik/aws_ws/install/nav2_util:/home/ik/aws_ws/install/nav2_voxel_grid:/home/ik/aws_ws/install/nav2_msgs:/home/ik/aws_ws/install/nav2_common:/opt/ros/foxy LD_LIBRARY_PATH=/home/ik/aws_ws/install/nav2_costmap_2d/lib:/home/ik/aws_ws/install/nav2_util/lib:/home/ik/aws_ws/install/nav2_voxel_grid/lib:/home/ik/aws_ws/install/nav2_msgs/lib:${LD_LIBRARY_PATH} PYTHONPATH=/home/ik/aws_ws/install/nav2_msgs/lib/python3.8/site-packages:/home/ik/aws_ws/install/nav2_common/lib/python3.8/site-packages:${PYTHONPATH} /usr/bin/cmake /home/ik/aws_ws/src/navigation2/nav2_core -DCMAKE_INSTALL_PREFIX=/home/ik/aws_ws/install/nav2_core
[2.072s] Invoking command in '/home/ik/aws_ws/build/nav2_core': AMENT_PREFIX_PATH=/home/ik/aws_ws/install/nav2_costmap_2d:/home/ik/aws_ws/install/nav2_util:/home/ik/aws_ws/install/nav2_voxel_grid:/home/ik/aws_ws/install/nav2_msgs:/home/ik/aws_ws/install/nav2_common:${AMENT_PREFIX_PATH} CMAKE_PREFIX_PATH=/home/ik/aws_ws/install/nav2_costmap_2d:/home/ik/aws_ws/install/nav2_util:/home/ik/aws_ws/install/nav2_voxel_grid:/home/ik/aws_ws/install/nav2_msgs:/home/ik/aws_ws/install/nav2_common:/opt/ros/foxy LD_LIBRARY_PATH=/home/ik/aws_ws/install/nav2_costmap_2d/lib:/home/ik/aws_ws/install/nav2_util/lib:/home/ik/aws_ws/install/nav2_voxel_grid/lib:/home/ik/aws_ws/install/nav2_msgs/lib:${LD_LIBRARY_PATH} PYTHONPATH=/home/ik/aws_ws/install/nav2_msgs/lib/python3.8/site-packages:/home/ik/aws_ws/install/nav2_common/lib/python3.8/site-packages:${PYTHONPATH} /usr/bin/cmake --build /home/ik/aws_ws/build/nav2_core -- -j8 -l8
[2.138s] Invoked command in '/home/ik/aws_ws/build/nav2_core' returned '0': AMENT_PREFIX_PATH=/home/ik/aws_ws/install/nav2_costmap_2d:/home/ik/aws_ws/install/nav2_util:/home/ik/aws_ws/install/nav2_voxel_grid:/home/ik/aws_ws/install/nav2_msgs:/home/ik/aws_ws/install/nav2_common:${AMENT_PREFIX_PATH} CMAKE_PREFIX_PATH=/home/ik/aws_ws/install/nav2_costmap_2d:/home/ik/aws_ws/install/nav2_util:/home/ik/aws_ws/install/nav2_voxel_grid:/home/ik/aws_ws/install/nav2_msgs:/home/ik/aws_ws/install/nav2_common:/opt/ros/foxy LD_LIBRARY_PATH=/home/ik/aws_ws/install/nav2_costmap_2d/lib:/home/ik/aws_ws/install/nav2_util/lib:/home/ik/aws_ws/install/nav2_voxel_grid/lib:/home/ik/aws_ws/install/nav2_msgs/lib:${LD_LIBRARY_PATH} PYTHONPATH=/home/ik/aws_ws/install/nav2_msgs/lib/python3.8/site-packages:/home/ik/aws_ws/install/nav2_common/lib/python3.8/site-packages:${PYTHONPATH} /usr/bin/cmake --build /home/ik/aws_ws/build/nav2_core -- -j8 -l8
[2.173s] Invoking command in '/home/ik/aws_ws/build/nav2_core': AMENT_PREFIX_PATH=/home/ik/aws_ws/install/nav2_costmap_2d:/home/ik/aws_ws/install/nav2_util:/home/ik/aws_ws/install/nav2_voxel_grid:/home/ik/aws_ws/install/nav2_msgs:/home/ik/aws_ws/install/nav2_common:${AMENT_PREFIX_PATH} CMAKE_PREFIX_PATH=/home/ik/aws_ws/install/nav2_costmap_2d:/home/ik/aws_ws/install/nav2_util:/home/ik/aws_ws/install/nav2_voxel_grid:/home/ik/aws_ws/install/nav2_msgs:/home/ik/aws_ws/install/nav2_common:/opt/ros/foxy LD_LIBRARY_PATH=/home/ik/aws_ws/install/nav2_costmap_2d/lib:/home/ik/aws_ws/install/nav2_util/lib:/home/ik/aws_ws/install/nav2_voxel_grid/lib:/home/ik/aws_ws/install/nav2_msgs/lib:${LD_LIBRARY_PATH} PYTHONPATH=/home/ik/aws_ws/install/nav2_msgs/lib/python3.8/site-packages:/home/ik/aws_ws/install/nav2_common/lib/python3.8/site-packages:${PYTHONPATH} /usr/bin/cmake --install /home/ik/aws_ws/build/nav2_core
[2.185s] -- Install configuration: "Release"
[2.186s] -- Execute custom install script
[2.195s] -- Up-to-date symlink: /home/ik/aws_ws/install/nav2_core/include//nav2_core/controller.hpp
[2.196s] -- Up-to-date symlink: /home/ik/aws_ws/install/nav2_core/include//nav2_core/exceptions.hpp
[2.196s] -- Up-to-date symlink: /home/ik/aws_ws/install/nav2_core/include//nav2_core/global_planner.hpp
[2.196s] -- Up-to-date symlink: /home/ik/aws_ws/install/nav2_core/include//nav2_core/goal_checker.hpp
[2.197s] -- Up-to-date symlink: /home/ik/aws_ws/install/nav2_core/include//nav2_core/progress_checker.hpp
[2.197s] -- Up-to-date symlink: /home/ik/aws_ws/install/nav2_core/include//nav2_core/recovery.hpp
[2.198s] -- Up-to-date symlink: /home/ik/aws_ws/install/nav2_core/share/ament_index/resource_index/package_run_dependencies/nav2_core
[2.199s] -- Up-to-date symlink: /home/ik/aws_ws/install/nav2_core/share/ament_index/resource_index/parent_prefix_path/nav2_core
[2.200s] -- Up-to-date symlink: /home/ik/aws_ws/install/nav2_core/share/nav2_core/environment/ament_prefix_path.sh
[2.200s] -- Up-to-date symlink: /home/ik/aws_ws/install/nav2_core/share/nav2_core/environment/ament_prefix_path.dsv
[2.201s] -- Up-to-date symlink: /home/ik/aws_ws/install/nav2_core/share/nav2_core/environment/path.sh
[2.201s] -- Up-to-date symlink: /home/ik/aws_ws/install/nav2_core/share/nav2_core/environment/path.dsv
[2.202s] -- Up-to-date symlink: /home/ik/aws_ws/install/nav2_core/share/nav2_core/local_setup.bash
[2.202s] -- Up-to-date symlink: /home/ik/aws_ws/install/nav2_core/share/nav2_core/local_setup.sh
[2.203s] -- Up-to-date symlink: /home/ik/aws_ws/install/nav2_core/share/nav2_core/local_setup.zsh
[2.204s] -- Up-to-date symlink: /home/ik/aws_ws/install/nav2_core/share/nav2_core/local_setup.dsv
[2.204s] -- Symlinking: /home/ik/aws_ws/install/nav2_core/share/nav2_core/package.dsv
[2.217s] -- Up-to-date symlink: /home/ik/aws_ws/install/nav2_core/share/ament_index/resource_index/packages/nav2_core
[2.218s] -- Up-to-date symlink: /home/ik/aws_ws/install/nav2_core/share/nav2_core/cmake/ament_cmake_export_include_directories-extras.cmake
[2.218s] -- Up-to-date symlink: /home/ik/aws_ws/install/nav2_core/share/nav2_core/cmake/ament_cmake_export_dependencies-extras.cmake
[2.218s] -- Up-to-date symlink: /home/ik/aws_ws/install/nav2_core/share/nav2_core/cmake/nav2_coreConfig.cmake
[2.219s] -- Up-to-date symlink: /home/ik/aws_ws/install/nav2_core/share/nav2_core/cmake/nav2_coreConfig-version.cmake
[2.219s] -- Up-to-date symlink: /home/ik/aws_ws/install/nav2_core/share/nav2_core/package.xml
[2.226s] Invoked command in '/home/ik/aws_ws/build/nav2_core' returned '0': AMENT_PREFIX_PATH=/home/ik/aws_ws/install/nav2_costmap_2d:/home/ik/aws_ws/install/nav2_util:/home/ik/aws_ws/install/nav2_voxel_grid:/home/ik/aws_ws/install/nav2_msgs:/home/ik/aws_ws/install/nav2_common:${AMENT_PREFIX_PATH} CMAKE_PREFIX_PATH=/home/ik/aws_ws/install/nav2_costmap_2d:/home/ik/aws_ws/install/nav2_util:/home/ik/aws_ws/install/nav2_voxel_grid:/home/ik/aws_ws/install/nav2_msgs:/home/ik/aws_ws/install/nav2_common:/opt/ros/foxy LD_LIBRARY_PATH=/home/ik/aws_ws/install/nav2_costmap_2d/lib:/home/ik/aws_ws/install/nav2_util/lib:/home/ik/aws_ws/install/nav2_voxel_grid/lib:/home/ik/aws_ws/install/nav2_msgs/lib:${LD_LIBRARY_PATH} PYTHONPATH=/home/ik/aws_ws/install/nav2_msgs/lib/python3.8/site-packages:/home/ik/aws_ws/install/nav2_common/lib/python3.8/site-packages:${PYTHONPATH} /usr/bin/cmake --install /home/ik/aws_ws/build/nav2_core
