[0.068s] Invoking command in '/home/ik/aws_ws/build/nav_2d_utils': AMENT_PREFIX_PATH=/home/ik/aws_ws/install/nav2_util:/home/ik/aws_ws/install/nav2_msgs:/home/ik/aws_ws/install/nav_2d_msgs:/home/ik/aws_ws/install/nav2_common:${AMENT_PREFIX_PATH} CMAKE_PREFIX_PATH=/home/ik/aws_ws/install/nav2_util:/home/ik/aws_ws/install/nav2_msgs:/home/ik/aws_ws/install/nav_2d_msgs:/home/ik/aws_ws/install/nav2_common:/opt/ros/foxy LD_LIBRARY_PATH=/home/ik/aws_ws/install/nav2_util/lib:/home/ik/aws_ws/install/nav2_msgs/lib:/home/ik/aws_ws/install/nav_2d_msgs/lib:${LD_LIBRARY_PATH} PYTHONPATH=/home/ik/aws_ws/install/nav2_msgs/lib/python3.8/site-packages:/home/ik/aws_ws/install/nav_2d_msgs/lib/python3.8/site-packages:/home/ik/aws_ws/install/nav2_common/lib/python3.8/site-packages:${PYTHONPATH} /usr/bin/cmake /home/ik/aws_ws/src/navigation2/nav2_dwb_controller/nav_2d_utils -DCMAKE_INSTALL_PREFIX=/home/ik/aws_ws/install/nav_2d_utils
[0.101s] -- Found ament_cmake: 0.9.11 (/opt/ros/foxy/share/ament_cmake/cmake)
[0.108s] -- Using PYTHON_EXECUTABLE: /usr/bin/python3
[0.286s] -- Override CMake install command with custom implementation using symlinks instead of copying resources
[0.292s] -- Found nav2_common: 0.4.7 (/home/ik/aws_ws/install/nav2_common/share/nav2_common/cmake)
[0.293s] -- Found geometry_msgs: 2.0.5 (/opt/ros/foxy/share/geometry_msgs/cmake)
[0.314s] -- Using all available rosidl_typesupport_c: rosidl_typesupport_fastrtps_c;rosidl_typesupport_introspection_c
[0.317s] -- Found rosidl_adapter: 1.3.0 (/opt/ros/foxy/share/rosidl_adapter/cmake)
[0.447s] -- Using all available rosidl_typesupport_cpp: rosidl_typesupport_fastrtps_cpp;rosidl_typesupport_introspection_cpp
[0.526s] -- Found nav_2d_msgs: 0.4.7 (/home/ik/aws_ws/install/nav_2d_msgs/share/nav_2d_msgs/cmake)
[0.592s] -- Found nav_msgs: 2.0.5 (/opt/ros/foxy/share/nav_msgs/cmake)
[0.663s] -- Found rclcpp: 2.4.2 (/opt/ros/foxy/share/rclcpp/cmake)
[0.697s] -- Found rmw_implementation_cmake: 1.0.4 (/opt/ros/foxy/share/rmw_implementation_cmake/cmake)
[0.698s] -- Using RMW implementation 'rmw_fastrtps_cpp' as default
[0.828s] -- Found tf2: 0.13.14 (/opt/ros/foxy/share/tf2/cmake)
[0.837s] -- Found tf2_geometry_msgs: 0.13.14 (/opt/ros/foxy/share/tf2_geometry_msgs/cmake)
[0.844s] -- Found eigen3_cmake_module: 0.1.1 (/opt/ros/foxy/share/eigen3_cmake_module/cmake)
[1.209s] -- Found nav2_msgs: 0.4.7 (/home/ik/aws_ws/install/nav2_msgs/share/nav2_msgs/cmake)
[1.425s] -- Found nav2_util: 0.4.7 (/home/ik/aws_ws/install/nav2_util/share/nav2_util/cmake)
[1.894s] -- Found ament_lint_auto: 0.9.8 (/opt/ros/foxy/share/ament_lint_auto/cmake)
[1.970s] -- Added test 'cppcheck' to perform static code analysis on C / C++ code
[1.970s] -- Configured cppcheck include dirs: /home/ik/aws_ws/src/navigation2/nav2_dwb_controller/nav_2d_utils/include
[1.970s] -- Configured cppcheck exclude dirs and/or files: 
[1.971s] -- Added test 'cpplint' to check C / C++ code against the Google style
[1.971s] -- Configured cpplint exclude dirs and/or files: 
[1.972s] -- Added test 'lint_cmake' to check CMake code style
[1.972s] -- Added test 'uncrustify' to check C / C++ code style
[1.972s] -- Configured uncrustify additional arguments: 
[1.973s] -- Added test 'xmllint' to check XML markup files
[1.979s] -- Configuring done
[2.057s] -- Generating done
[2.059s] -- Build files have been written to: /home/ik/aws_ws/build/nav_2d_utils
[2.072s] Invoked command in '/home/ik/aws_ws/build/nav_2d_utils' returned '0': AMENT_PREFIX_PATH=/home/ik/aws_ws/install/nav2_util:/home/ik/aws_ws/install/nav2_msgs:/home/ik/aws_ws/install/nav_2d_msgs:/home/ik/aws_ws/install/nav2_common:${AMENT_PREFIX_PATH} CMAKE_PREFIX_PATH=/home/ik/aws_ws/install/nav2_util:/home/ik/aws_ws/install/nav2_msgs:/home/ik/aws_ws/install/nav_2d_msgs:/home/ik/aws_ws/install/nav2_common:/opt/ros/foxy LD_LIBRARY_PATH=/home/ik/aws_ws/install/nav2_util/lib:/home/ik/aws_ws/install/nav2_msgs/lib:/home/ik/aws_ws/install/nav_2d_msgs/lib:${LD_LIBRARY_PATH} PYTHONPATH=/home/ik/aws_ws/install/nav2_msgs/lib/python3.8/site-packages:/home/ik/aws_ws/install/nav_2d_msgs/lib/python3.8/site-packages:/home/ik/aws_ws/install/nav2_common/lib/python3.8/site-packages:${PYTHONPATH} /usr/bin/cmake /home/ik/aws_ws/src/navigation2/nav2_dwb_controller/nav_2d_utils -DCMAKE_INSTALL_PREFIX=/home/ik/aws_ws/install/nav_2d_utils
[2.073s] Invoking command in '/home/ik/aws_ws/build/nav_2d_utils': AMENT_PREFIX_PATH=/home/ik/aws_ws/install/nav2_util:/home/ik/aws_ws/install/nav2_msgs:/home/ik/aws_ws/install/nav_2d_msgs:/home/ik/aws_ws/install/nav2_common:${AMENT_PREFIX_PATH} CMAKE_PREFIX_PATH=/home/ik/aws_ws/install/nav2_util:/home/ik/aws_ws/install/nav2_msgs:/home/ik/aws_ws/install/nav_2d_msgs:/home/ik/aws_ws/install/nav2_common:/opt/ros/foxy LD_LIBRARY_PATH=/home/ik/aws_ws/install/nav2_util/lib:/home/ik/aws_ws/install/nav2_msgs/lib:/home/ik/aws_ws/install/nav_2d_msgs/lib:${LD_LIBRARY_PATH} PYTHONPATH=/home/ik/aws_ws/install/nav2_msgs/lib/python3.8/site-packages:/home/ik/aws_ws/install/nav_2d_msgs/lib/python3.8/site-packages:/home/ik/aws_ws/install/nav2_common/lib/python3.8/site-packages:${PYTHONPATH} /usr/bin/cmake --build /home/ik/aws_ws/build/nav_2d_utils -- -j8 -l8
[2.123s] [35m[1mScanning dependencies of target conversions[0m
[2.123s] [35m[1mScanning dependencies of target path_ops[0m
[2.142s] [ 16%] [32mBuilding CXX object CMakeFiles/path_ops.dir/src/path_ops.cpp.o[0m
[2.143s] [ 33%] [32mBuilding CXX object CMakeFiles/conversions.dir/src/conversions.cpp.o[0m
[2.566s] [ 50%] [32m[1mLinking CXX shared library libpath_ops.so[0m
[2.965s] [ 50%] Built target path_ops
[4.317s] [ 66%] [32m[1mLinking CXX shared library libconversions.so[0m
[4.509s] [ 66%] Built target conversions
[4.533s] [35m[1mScanning dependencies of target tf_help[0m
[4.560s] [ 83%] [32mBuilding CXX object CMakeFiles/tf_help.dir/src/tf_help.cpp.o[0m
[6.747s] [100%] [32m[1mLinking CXX shared library libtf_help.so[0m
[6.943s] [100%] Built target tf_help
[6.960s] Invoked command in '/home/ik/aws_ws/build/nav_2d_utils' returned '0': AMENT_PREFIX_PATH=/home/ik/aws_ws/install/nav2_util:/home/ik/aws_ws/install/nav2_msgs:/home/ik/aws_ws/install/nav_2d_msgs:/home/ik/aws_ws/install/nav2_common:${AMENT_PREFIX_PATH} CMAKE_PREFIX_PATH=/home/ik/aws_ws/install/nav2_util:/home/ik/aws_ws/install/nav2_msgs:/home/ik/aws_ws/install/nav_2d_msgs:/home/ik/aws_ws/install/nav2_common:/opt/ros/foxy LD_LIBRARY_PATH=/home/ik/aws_ws/install/nav2_util/lib:/home/ik/aws_ws/install/nav2_msgs/lib:/home/ik/aws_ws/install/nav_2d_msgs/lib:${LD_LIBRARY_PATH} PYTHONPATH=/home/ik/aws_ws/install/nav2_msgs/lib/python3.8/site-packages:/home/ik/aws_ws/install/nav_2d_msgs/lib/python3.8/site-packages:/home/ik/aws_ws/install/nav2_common/lib/python3.8/site-packages:${PYTHONPATH} /usr/bin/cmake --build /home/ik/aws_ws/build/nav_2d_utils -- -j8 -l8
[7.003s] Invoking command in '/home/ik/aws_ws/build/nav_2d_utils': AMENT_PREFIX_PATH=/home/ik/aws_ws/install/nav2_util:/home/ik/aws_ws/install/nav2_msgs:/home/ik/aws_ws/install/nav_2d_msgs:/home/ik/aws_ws/install/nav2_common:${AMENT_PREFIX_PATH} CMAKE_PREFIX_PATH=/home/ik/aws_ws/install/nav2_util:/home/ik/aws_ws/install/nav2_msgs:/home/ik/aws_ws/install/nav_2d_msgs:/home/ik/aws_ws/install/nav2_common:/opt/ros/foxy LD_LIBRARY_PATH=/home/ik/aws_ws/install/nav2_util/lib:/home/ik/aws_ws/install/nav2_msgs/lib:/home/ik/aws_ws/install/nav_2d_msgs/lib:${LD_LIBRARY_PATH} PYTHONPATH=/home/ik/aws_ws/install/nav2_msgs/lib/python3.8/site-packages:/home/ik/aws_ws/install/nav_2d_msgs/lib/python3.8/site-packages:/home/ik/aws_ws/install/nav2_common/lib/python3.8/site-packages:${PYTHONPATH} /usr/bin/cmake --install /home/ik/aws_ws/build/nav_2d_utils
[7.016s] -- Install configuration: "Release"
[7.017s] -- Execute custom install script
[7.017s] -- Up-to-date symlink: /home/ik/aws_ws/install/nav_2d_utils/lib/libconversions.so
[7.017s] -- Up-to-date symlink: /home/ik/aws_ws/install/nav_2d_utils/lib/libpath_ops.so
[7.018s] -- Up-to-date symlink: /home/ik/aws_ws/install/nav_2d_utils/lib/libtf_help.so
[7.018s] -- Up-to-date symlink: /home/ik/aws_ws/install/nav_2d_utils/include//nav_2d_utils/conversions.hpp
[7.019s] -- Up-to-date symlink: /home/ik/aws_ws/install/nav_2d_utils/include//nav_2d_utils/odom_subscriber.hpp
[7.019s] -- Up-to-date symlink: /home/ik/aws_ws/install/nav_2d_utils/include//nav_2d_utils/parameters.hpp
[7.019s] -- Up-to-date symlink: /home/ik/aws_ws/install/nav_2d_utils/include//nav_2d_utils/path_ops.hpp
[7.019s] -- Up-to-date symlink: /home/ik/aws_ws/install/nav_2d_utils/include//nav_2d_utils/tf_help.hpp
[7.020s] -- Up-to-date symlink: /home/ik/aws_ws/install/nav_2d_utils/share/nav_2d_utils/environment/library_path.sh
[7.021s] -- Up-to-date symlink: /home/ik/aws_ws/install/nav_2d_utils/share/nav_2d_utils/environment/library_path.dsv
[7.021s] -- Up-to-date symlink: /home/ik/aws_ws/install/nav_2d_utils/share/ament_index/resource_index/package_run_dependencies/nav_2d_utils
[7.021s] -- Up-to-date symlink: /home/ik/aws_ws/install/nav_2d_utils/share/ament_index/resource_index/parent_prefix_path/nav_2d_utils
[7.022s] -- Up-to-date symlink: /home/ik/aws_ws/install/nav_2d_utils/share/nav_2d_utils/environment/ament_prefix_path.sh
[7.022s] -- Up-to-date symlink: /home/ik/aws_ws/install/nav_2d_utils/share/nav_2d_utils/environment/ament_prefix_path.dsv
[7.022s] -- Up-to-date symlink: /home/ik/aws_ws/install/nav_2d_utils/share/nav_2d_utils/environment/path.sh
[7.023s] -- Up-to-date symlink: /home/ik/aws_ws/install/nav_2d_utils/share/nav_2d_utils/environment/path.dsv
[7.023s] -- Up-to-date symlink: /home/ik/aws_ws/install/nav_2d_utils/share/nav_2d_utils/local_setup.bash
[7.023s] -- Up-to-date symlink: /home/ik/aws_ws/install/nav_2d_utils/share/nav_2d_utils/local_setup.sh
[7.024s] -- Up-to-date symlink: /home/ik/aws_ws/install/nav_2d_utils/share/nav_2d_utils/local_setup.zsh
[7.024s] -- Up-to-date symlink: /home/ik/aws_ws/install/nav_2d_utils/share/nav_2d_utils/local_setup.dsv
[7.024s] -- Symlinking: /home/ik/aws_ws/install/nav_2d_utils/share/nav_2d_utils/package.dsv
[7.040s] -- Up-to-date symlink: /home/ik/aws_ws/install/nav_2d_utils/share/ament_index/resource_index/packages/nav_2d_utils
[7.041s] -- Up-to-date symlink: /home/ik/aws_ws/install/nav_2d_utils/share/nav_2d_utils/cmake/ament_cmake_export_include_directories-extras.cmake
[7.041s] -- Up-to-date symlink: /home/ik/aws_ws/install/nav_2d_utils/share/nav_2d_utils/cmake/ament_cmake_export_libraries-extras.cmake
[7.042s] -- Up-to-date symlink: /home/ik/aws_ws/install/nav_2d_utils/share/nav_2d_utils/cmake/ament_cmake_export_dependencies-extras.cmake
[7.042s] -- Up-to-date symlink: /home/ik/aws_ws/install/nav_2d_utils/share/nav_2d_utils/cmake/nav_2d_utilsConfig.cmake
[7.043s] -- Up-to-date symlink: /home/ik/aws_ws/install/nav_2d_utils/share/nav_2d_utils/cmake/nav_2d_utilsConfig-version.cmake
[7.044s] -- Up-to-date symlink: /home/ik/aws_ws/install/nav_2d_utils/share/nav_2d_utils/package.xml
[7.052s] Invoked command in '/home/ik/aws_ws/build/nav_2d_utils' returned '0': AMENT_PREFIX_PATH=/home/ik/aws_ws/install/nav2_util:/home/ik/aws_ws/install/nav2_msgs:/home/ik/aws_ws/install/nav_2d_msgs:/home/ik/aws_ws/install/nav2_common:${AMENT_PREFIX_PATH} CMAKE_PREFIX_PATH=/home/ik/aws_ws/install/nav2_util:/home/ik/aws_ws/install/nav2_msgs:/home/ik/aws_ws/install/nav_2d_msgs:/home/ik/aws_ws/install/nav2_common:/opt/ros/foxy LD_LIBRARY_PATH=/home/ik/aws_ws/install/nav2_util/lib:/home/ik/aws_ws/install/nav2_msgs/lib:/home/ik/aws_ws/install/nav_2d_msgs/lib:${LD_LIBRARY_PATH} PYTHONPATH=/home/ik/aws_ws/install/nav2_msgs/lib/python3.8/site-packages:/home/ik/aws_ws/install/nav_2d_msgs/lib/python3.8/site-packages:/home/ik/aws_ws/install/nav2_common/lib/python3.8/site-packages:${PYTHONPATH} /usr/bin/cmake --install /home/ik/aws_ws/build/nav_2d_utils
