[0.067s] Invoking command in '/home/ik/aws_ws/build/nav2_planner': AMENT_PREFIX_PATH=/home/ik/aws_ws/install/nav2_core:/home/ik/aws_ws/install/nav2_costmap_2d:/home/ik/aws_ws/install/nav2_util:/home/ik/aws_ws/install/nav2_voxel_grid:/home/ik/aws_ws/install/nav2_msgs:/home/ik/aws_ws/install/nav2_common:${AMENT_PREFIX_PATH} CMAKE_PREFIX_PATH=/home/ik/aws_ws/install/nav2_core:/home/ik/aws_ws/install/nav2_costmap_2d:/home/ik/aws_ws/install/nav2_util:/home/ik/aws_ws/install/nav2_voxel_grid:/home/ik/aws_ws/install/nav2_msgs:/home/ik/aws_ws/install/nav2_common:/opt/ros/foxy LD_LIBRARY_PATH=/home/ik/aws_ws/install/nav2_costmap_2d/lib:/home/ik/aws_ws/install/nav2_util/lib:/home/ik/aws_ws/install/nav2_voxel_grid/lib:/home/ik/aws_ws/install/nav2_msgs/lib:${LD_LIBRARY_PATH} PYTHONPATH=/home/ik/aws_ws/install/nav2_msgs/lib/python3.8/site-packages:/home/ik/aws_ws/install/nav2_common/lib/python3.8/site-packages:${PYTHONPATH} /usr/bin/cmake /home/ik/aws_ws/src/navigation2/nav2_planner -DCMAKE_INSTALL_PREFIX=/home/ik/aws_ws/install/nav2_planner
[0.094s] -- Found ament_cmake: 0.9.11 (/opt/ros/foxy/share/ament_cmake/cmake)
[0.118s] -- Using PYTHON_EXECUTABLE: /usr/bin/python3
[0.323s] -- Override CMake install command with custom implementation using symlinks instead of copying resources
[0.331s] -- Found nav2_common: 0.4.7 (/home/ik/aws_ws/install/nav2_common/share/nav2_common/cmake)
[0.331s] -- Found rclcpp: 2.4.2 (/opt/ros/foxy/share/rclcpp/cmake)
[0.376s] -- Using all available rosidl_typesupport_c: rosidl_typesupport_fastrtps_c;rosidl_typesupport_introspection_c
[0.380s] -- Found rosidl_adapter: 1.3.0 (/opt/ros/foxy/share/rosidl_adapter/cmake)
[0.525s] -- Using all available rosidl_typesupport_cpp: rosidl_typesupport_fastrtps_cpp;rosidl_typesupport_introspection_cpp
[0.585s] -- Found rmw_implementation_cmake: 1.0.4 (/opt/ros/foxy/share/rmw_implementation_cmake/cmake)
[0.587s] -- Using RMW implementation 'rmw_fastrtps_cpp' as default
[0.770s] -- Found rclcpp_action: 2.4.2 (/opt/ros/foxy/share/rclcpp_action/cmake)
[0.863s] -- Found rclcpp_lifecycle: 2.4.2 (/opt/ros/foxy/share/rclcpp_lifecycle/cmake)
[0.898s] -- Found visualization_msgs: 2.0.5 (/opt/ros/foxy/share/visualization_msgs/cmake)
[1.049s] -- Found nav2_util: 0.4.7 (/home/ik/aws_ws/install/nav2_util/share/nav2_util/cmake)
[2.211s] -- Found eigen3_cmake_module: 0.1.1 (/opt/ros/foxy/share/eigen3_cmake_module/cmake)
[2.395s] -- Found nav2_costmap_2d: 0.4.7 (/home/ik/aws_ws/install/nav2_costmap_2d/share/nav2_costmap_2d/cmake)
[3.225s] -- Found nav2_core: 0.4.7 (/home/ik/aws_ws/install/nav2_core/share/nav2_core/cmake)
[9.564s] -- Found ament_lint_auto: 0.9.8 (/opt/ros/foxy/share/ament_lint_auto/cmake)
[9.766s] -- Added test 'copyright' to check source files copyright and LICENSE
[9.770s] -- Added test 'cppcheck' to perform static code analysis on C / C++ code
[9.771s] -- Configured cppcheck include dirs: /home/ik/aws_ws/src/navigation2/nav2_planner/include
[9.771s] -- Configured cppcheck exclude dirs and/or files: 
[9.774s] -- Added test 'cpplint' to check C / C++ code against the Google style
[9.774s] -- Configured cpplint exclude dirs and/or files: 
[9.774s] -- Added test 'lint_cmake' to check CMake code style
[9.775s] -- Added test 'uncrustify' to check C / C++ code style
[9.775s] -- Configured uncrustify additional arguments: 
[9.776s] -- Added test 'xmllint' to check XML markup files
[9.795s] -- Configuring done
[10.034s] -- Generating done
[10.036s] -- Build files have been written to: /home/ik/aws_ws/build/nav2_planner
[10.069s] Invoked command in '/home/ik/aws_ws/build/nav2_planner' returned '0': AMENT_PREFIX_PATH=/home/ik/aws_ws/install/nav2_core:/home/ik/aws_ws/install/nav2_costmap_2d:/home/ik/aws_ws/install/nav2_util:/home/ik/aws_ws/install/nav2_voxel_grid:/home/ik/aws_ws/install/nav2_msgs:/home/ik/aws_ws/install/nav2_common:${AMENT_PREFIX_PATH} CMAKE_PREFIX_PATH=/home/ik/aws_ws/install/nav2_core:/home/ik/aws_ws/install/nav2_costmap_2d:/home/ik/aws_ws/install/nav2_util:/home/ik/aws_ws/install/nav2_voxel_grid:/home/ik/aws_ws/install/nav2_msgs:/home/ik/aws_ws/install/nav2_common:/opt/ros/foxy LD_LIBRARY_PATH=/home/ik/aws_ws/install/nav2_costmap_2d/lib:/home/ik/aws_ws/install/nav2_util/lib:/home/ik/aws_ws/install/nav2_voxel_grid/lib:/home/ik/aws_ws/install/nav2_msgs/lib:${LD_LIBRARY_PATH} PYTHONPATH=/home/ik/aws_ws/install/nav2_msgs/lib/python3.8/site-packages:/home/ik/aws_ws/install/nav2_common/lib/python3.8/site-packages:${PYTHONPATH} /usr/bin/cmake /home/ik/aws_ws/src/navigation2/nav2_planner -DCMAKE_INSTALL_PREFIX=/home/ik/aws_ws/install/nav2_planner
[10.070s] Invoking command in '/home/ik/aws_ws/build/nav2_planner': AMENT_PREFIX_PATH=/home/ik/aws_ws/install/nav2_core:/home/ik/aws_ws/install/nav2_costmap_2d:/home/ik/aws_ws/install/nav2_util:/home/ik/aws_ws/install/nav2_voxel_grid:/home/ik/aws_ws/install/nav2_msgs:/home/ik/aws_ws/install/nav2_common:${AMENT_PREFIX_PATH} CMAKE_PREFIX_PATH=/home/ik/aws_ws/install/nav2_core:/home/ik/aws_ws/install/nav2_costmap_2d:/home/ik/aws_ws/install/nav2_util:/home/ik/aws_ws/install/nav2_voxel_grid:/home/ik/aws_ws/install/nav2_msgs:/home/ik/aws_ws/install/nav2_common:/opt/ros/foxy LD_LIBRARY_PATH=/home/ik/aws_ws/install/nav2_costmap_2d/lib:/home/ik/aws_ws/install/nav2_util/lib:/home/ik/aws_ws/install/nav2_voxel_grid/lib:/home/ik/aws_ws/install/nav2_msgs/lib:${LD_LIBRARY_PATH} PYTHONPATH=/home/ik/aws_ws/install/nav2_msgs/lib/python3.8/site-packages:/home/ik/aws_ws/install/nav2_common/lib/python3.8/site-packages:${PYTHONPATH} /usr/bin/cmake --build /home/ik/aws_ws/build/nav2_planner -- -j8 -l8
[15.053s] [35m[1mScanning dependencies of target planner_server_core[0m
[15.053s] [ 25%] [32mBuilding CXX object CMakeFiles/planner_server_core.dir/src/planner_server.cpp.o[0m
[30.737s] [ 50%] [32m[1mLinking CXX shared library libplanner_server_core.so[0m
[31.107s] [ 50%] Built target planner_server_core
[31.128s] [35m[1mScanning dependencies of target planner_server[0m
[31.163s] [ 75%] [32mBuilding CXX object CMakeFiles/planner_server.dir/src/main.cpp.o[0m
[35.079s] [100%] [32m[1mLinking CXX executable planner_server[0m
[35.380s] [100%] Built target planner_server
[35.402s] Invoked command in '/home/ik/aws_ws/build/nav2_planner' returned '0': AMENT_PREFIX_PATH=/home/ik/aws_ws/install/nav2_core:/home/ik/aws_ws/install/nav2_costmap_2d:/home/ik/aws_ws/install/nav2_util:/home/ik/aws_ws/install/nav2_voxel_grid:/home/ik/aws_ws/install/nav2_msgs:/home/ik/aws_ws/install/nav2_common:${AMENT_PREFIX_PATH} CMAKE_PREFIX_PATH=/home/ik/aws_ws/install/nav2_core:/home/ik/aws_ws/install/nav2_costmap_2d:/home/ik/aws_ws/install/nav2_util:/home/ik/aws_ws/install/nav2_voxel_grid:/home/ik/aws_ws/install/nav2_msgs:/home/ik/aws_ws/install/nav2_common:/opt/ros/foxy LD_LIBRARY_PATH=/home/ik/aws_ws/install/nav2_costmap_2d/lib:/home/ik/aws_ws/install/nav2_util/lib:/home/ik/aws_ws/install/nav2_voxel_grid/lib:/home/ik/aws_ws/install/nav2_msgs/lib:${LD_LIBRARY_PATH} PYTHONPATH=/home/ik/aws_ws/install/nav2_msgs/lib/python3.8/site-packages:/home/ik/aws_ws/install/nav2_common/lib/python3.8/site-packages:${PYTHONPATH} /usr/bin/cmake --build /home/ik/aws_ws/build/nav2_planner -- -j8 -l8
[35.436s] Invoking command in '/home/ik/aws_ws/build/nav2_planner': AMENT_PREFIX_PATH=/home/ik/aws_ws/install/nav2_core:/home/ik/aws_ws/install/nav2_costmap_2d:/home/ik/aws_ws/install/nav2_util:/home/ik/aws_ws/install/nav2_voxel_grid:/home/ik/aws_ws/install/nav2_msgs:/home/ik/aws_ws/install/nav2_common:${AMENT_PREFIX_PATH} CMAKE_PREFIX_PATH=/home/ik/aws_ws/install/nav2_core:/home/ik/aws_ws/install/nav2_costmap_2d:/home/ik/aws_ws/install/nav2_util:/home/ik/aws_ws/install/nav2_voxel_grid:/home/ik/aws_ws/install/nav2_msgs:/home/ik/aws_ws/install/nav2_common:/opt/ros/foxy LD_LIBRARY_PATH=/home/ik/aws_ws/install/nav2_costmap_2d/lib:/home/ik/aws_ws/install/nav2_util/lib:/home/ik/aws_ws/install/nav2_voxel_grid/lib:/home/ik/aws_ws/install/nav2_msgs/lib:${LD_LIBRARY_PATH} PYTHONPATH=/home/ik/aws_ws/install/nav2_msgs/lib/python3.8/site-packages:/home/ik/aws_ws/install/nav2_common/lib/python3.8/site-packages:${PYTHONPATH} /usr/bin/cmake --install /home/ik/aws_ws/build/nav2_planner
[35.448s] -- Install configuration: "Release"
[35.449s] -- Execute custom install script
[35.449s] -- Up-to-date symlink: /home/ik/aws_ws/install/nav2_planner/lib/libplanner_server_core.so
[35.450s] -- Up-to-date symlink: /home/ik/aws_ws/install/nav2_planner/lib/nav2_planner/planner_server
[35.451s] -- Up-to-date symlink: /home/ik/aws_ws/install/nav2_planner/include//nav2_planner/planner_server.hpp
[35.452s] -- Up-to-date symlink: /home/ik/aws_ws/install/nav2_planner/share/nav2_planner/environment/library_path.sh
[35.452s] -- Up-to-date symlink: /home/ik/aws_ws/install/nav2_planner/share/nav2_planner/environment/library_path.dsv
[35.453s] -- Up-to-date symlink: /home/ik/aws_ws/install/nav2_planner/share/ament_index/resource_index/package_run_dependencies/nav2_planner
[35.454s] -- Up-to-date symlink: /home/ik/aws_ws/install/nav2_planner/share/ament_index/resource_index/parent_prefix_path/nav2_planner
[35.455s] -- Up-to-date symlink: /home/ik/aws_ws/install/nav2_planner/share/nav2_planner/environment/ament_prefix_path.sh
[35.456s] -- Up-to-date symlink: /home/ik/aws_ws/install/nav2_planner/share/nav2_planner/environment/ament_prefix_path.dsv
[35.456s] -- Up-to-date symlink: /home/ik/aws_ws/install/nav2_planner/share/nav2_planner/environment/path.sh
[35.457s] -- Up-to-date symlink: /home/ik/aws_ws/install/nav2_planner/share/nav2_planner/environment/path.dsv
[35.458s] -- Up-to-date symlink: /home/ik/aws_ws/install/nav2_planner/share/nav2_planner/local_setup.bash
[35.458s] -- Up-to-date symlink: /home/ik/aws_ws/install/nav2_planner/share/nav2_planner/local_setup.sh
[35.466s] -- Up-to-date symlink: /home/ik/aws_ws/install/nav2_planner/share/nav2_planner/local_setup.zsh
[35.466s] -- Up-to-date symlink: /home/ik/aws_ws/install/nav2_planner/share/nav2_planner/local_setup.dsv
[35.467s] -- Symlinking: /home/ik/aws_ws/install/nav2_planner/share/nav2_planner/package.dsv
[35.487s] -- Up-to-date symlink: /home/ik/aws_ws/install/nav2_planner/share/ament_index/resource_index/packages/nav2_planner
[35.492s] -- Up-to-date symlink: /home/ik/aws_ws/install/nav2_planner/share/nav2_planner/cmake/ament_cmake_export_include_directories-extras.cmake
[35.492s] -- Up-to-date symlink: /home/ik/aws_ws/install/nav2_planner/share/nav2_planner/cmake/ament_cmake_export_libraries-extras.cmake
[35.492s] -- Up-to-date symlink: /home/ik/aws_ws/install/nav2_planner/share/nav2_planner/cmake/ament_cmake_export_dependencies-extras.cmake
[35.492s] -- Up-to-date symlink: /home/ik/aws_ws/install/nav2_planner/share/nav2_planner/cmake/ament_cmake_export_definitions-extras.cmake
[35.492s] -- Up-to-date symlink: /home/ik/aws_ws/install/nav2_planner/share/nav2_planner/cmake/nav2_plannerConfig.cmake
[35.493s] -- Up-to-date symlink: /home/ik/aws_ws/install/nav2_planner/share/nav2_planner/cmake/nav2_plannerConfig-version.cmake
[35.494s] -- Up-to-date symlink: /home/ik/aws_ws/install/nav2_planner/share/nav2_planner/package.xml
[35.503s] Invoked command in '/home/ik/aws_ws/build/nav2_planner' returned '0': AMENT_PREFIX_PATH=/home/ik/aws_ws/install/nav2_core:/home/ik/aws_ws/install/nav2_costmap_2d:/home/ik/aws_ws/install/nav2_util:/home/ik/aws_ws/install/nav2_voxel_grid:/home/ik/aws_ws/install/nav2_msgs:/home/ik/aws_ws/install/nav2_common:${AMENT_PREFIX_PATH} CMAKE_PREFIX_PATH=/home/ik/aws_ws/install/nav2_core:/home/ik/aws_ws/install/nav2_costmap_2d:/home/ik/aws_ws/install/nav2_util:/home/ik/aws_ws/install/nav2_voxel_grid:/home/ik/aws_ws/install/nav2_msgs:/home/ik/aws_ws/install/nav2_common:/opt/ros/foxy LD_LIBRARY_PATH=/home/ik/aws_ws/install/nav2_costmap_2d/lib:/home/ik/aws_ws/install/nav2_util/lib:/home/ik/aws_ws/install/nav2_voxel_grid/lib:/home/ik/aws_ws/install/nav2_msgs/lib:${LD_LIBRARY_PATH} PYTHONPATH=/home/ik/aws_ws/install/nav2_msgs/lib/python3.8/site-packages:/home/ik/aws_ws/install/nav2_common/lib/python3.8/site-packages:${PYTHONPATH} /usr/bin/cmake --install /home/ik/aws_ws/build/nav2_planner
