[0.114s] Invoking command in '/home/ik/aws_ws/build/nav2_controller': AMENT_PREFIX_PATH=/home/ik/aws_ws/install/nav2_core:/home/ik/aws_ws/install/nav2_costmap_2d:/home/ik/aws_ws/install/nav_2d_utils:/home/ik/aws_ws/install/nav2_util:/home/ik/aws_ws/install/nav2_voxel_grid:/home/ik/aws_ws/install/nav2_msgs:/home/ik/aws_ws/install/nav_2d_msgs:/home/ik/aws_ws/install/nav2_common:${AMENT_PREFIX_PATH} CMAKE_PREFIX_PATH=/home/ik/aws_ws/install/nav2_core:/home/ik/aws_ws/install/nav2_costmap_2d:/home/ik/aws_ws/install/nav_2d_utils:/home/ik/aws_ws/install/nav2_util:/home/ik/aws_ws/install/nav2_voxel_grid:/home/ik/aws_ws/install/nav2_msgs:/home/ik/aws_ws/install/nav_2d_msgs:/home/ik/aws_ws/install/nav2_common:/opt/ros/foxy LD_LIBRARY_PATH=/home/ik/aws_ws/install/nav2_costmap_2d/lib:/home/ik/aws_ws/install/nav_2d_utils/lib:/home/ik/aws_ws/install/nav2_util/lib:/home/ik/aws_ws/install/nav2_voxel_grid/lib:/home/ik/aws_ws/install/nav2_msgs/lib:/home/ik/aws_ws/install/nav_2d_msgs/lib:${LD_LIBRARY_PATH} PYTHONPATH=/home/ik/aws_ws/install/nav2_msgs/lib/python3.8/site-packages:/home/ik/aws_ws/install/nav_2d_msgs/lib/python3.8/site-packages:/home/ik/aws_ws/install/nav2_common/lib/python3.8/site-packages:${PYTHONPATH} /usr/bin/cmake --build /home/ik/aws_ws/build/nav2_controller -- -j8 -l8
[0.201s] [ 11%] Built target simple_goal_checker
[0.207s] [ 22%] Built target gtest_main
[0.211s] [ 33%] Built target gtest
[0.217s] [ 44%] Built target controller_server_core
[0.219s] [ 55%] Built target simple_progress_checker
[0.268s] [ 66%] Built target stopped_goal_checker
[0.272s] [ 77%] Built target controller_server
[0.277s] [ 88%] Built target pctest
[0.320s] [100%] Built target gctest
[0.373s] Invoked command in '/home/ik/aws_ws/build/nav2_controller' returned '0': AMENT_PREFIX_PATH=/home/ik/aws_ws/install/nav2_core:/home/ik/aws_ws/install/nav2_costmap_2d:/home/ik/aws_ws/install/nav_2d_utils:/home/ik/aws_ws/install/nav2_util:/home/ik/aws_ws/install/nav2_voxel_grid:/home/ik/aws_ws/install/nav2_msgs:/home/ik/aws_ws/install/nav_2d_msgs:/home/ik/aws_ws/install/nav2_common:${AMENT_PREFIX_PATH} CMAKE_PREFIX_PATH=/home/ik/aws_ws/install/nav2_core:/home/ik/aws_ws/install/nav2_costmap_2d:/home/ik/aws_ws/install/nav_2d_utils:/home/ik/aws_ws/install/nav2_util:/home/ik/aws_ws/install/nav2_voxel_grid:/home/ik/aws_ws/install/nav2_msgs:/home/ik/aws_ws/install/nav_2d_msgs:/home/ik/aws_ws/install/nav2_common:/opt/ros/foxy LD_LIBRARY_PATH=/home/ik/aws_ws/install/nav2_costmap_2d/lib:/home/ik/aws_ws/install/nav_2d_utils/lib:/home/ik/aws_ws/install/nav2_util/lib:/home/ik/aws_ws/install/nav2_voxel_grid/lib:/home/ik/aws_ws/install/nav2_msgs/lib:/home/ik/aws_ws/install/nav_2d_msgs/lib:${LD_LIBRARY_PATH} PYTHONPATH=/home/ik/aws_ws/install/nav2_msgs/lib/python3.8/site-packages:/home/ik/aws_ws/install/nav_2d_msgs/lib/python3.8/site-packages:/home/ik/aws_ws/install/nav2_common/lib/python3.8/site-packages:${PYTHONPATH} /usr/bin/cmake --build /home/ik/aws_ws/build/nav2_controller -- -j8 -l8
[0.502s] Invoking command in '/home/ik/aws_ws/build/nav2_controller': AMENT_PREFIX_PATH=/home/ik/aws_ws/install/nav2_core:/home/ik/aws_ws/install/nav2_costmap_2d:/home/ik/aws_ws/install/nav_2d_utils:/home/ik/aws_ws/install/nav2_util:/home/ik/aws_ws/install/nav2_voxel_grid:/home/ik/aws_ws/install/nav2_msgs:/home/ik/aws_ws/install/nav_2d_msgs:/home/ik/aws_ws/install/nav2_common:${AMENT_PREFIX_PATH} CMAKE_PREFIX_PATH=/home/ik/aws_ws/install/nav2_core:/home/ik/aws_ws/install/nav2_costmap_2d:/home/ik/aws_ws/install/nav_2d_utils:/home/ik/aws_ws/install/nav2_util:/home/ik/aws_ws/install/nav2_voxel_grid:/home/ik/aws_ws/install/nav2_msgs:/home/ik/aws_ws/install/nav_2d_msgs:/home/ik/aws_ws/install/nav2_common:/opt/ros/foxy LD_LIBRARY_PATH=/home/ik/aws_ws/install/nav2_costmap_2d/lib:/home/ik/aws_ws/install/nav_2d_utils/lib:/home/ik/aws_ws/install/nav2_util/lib:/home/ik/aws_ws/install/nav2_voxel_grid/lib:/home/ik/aws_ws/install/nav2_msgs/lib:/home/ik/aws_ws/install/nav_2d_msgs/lib:${LD_LIBRARY_PATH} PYTHONPATH=/home/ik/aws_ws/install/nav2_msgs/lib/python3.8/site-packages:/home/ik/aws_ws/install/nav_2d_msgs/lib/python3.8/site-packages:/home/ik/aws_ws/install/nav2_common/lib/python3.8/site-packages:${PYTHONPATH} /usr/bin/cmake --install /home/ik/aws_ws/build/nav2_controller
[0.526s] -- Install configuration: "Release"
[0.526s] -- Execute custom install script
[0.526s] -- Up-to-date symlink: /home/ik/aws_ws/install/nav2_controller/lib/libsimple_progress_checker.so
[0.526s] -- Up-to-date symlink: /home/ik/aws_ws/install/nav2_controller/lib/libsimple_goal_checker.so
[0.527s] -- Up-to-date symlink: /home/ik/aws_ws/install/nav2_controller/lib/libstopped_goal_checker.so
[0.527s] -- Up-to-date symlink: /home/ik/aws_ws/install/nav2_controller/lib/libcontroller_server_core.a
[0.527s] -- Up-to-date symlink: /home/ik/aws_ws/install/nav2_controller/lib/nav2_controller/controller_server
[0.527s] -- Up-to-date symlink: /home/ik/aws_ws/install/nav2_controller/include//nav2_controller/nav2_controller.hpp
[0.527s] -- Up-to-date symlink: /home/ik/aws_ws/install/nav2_controller/include//nav2_controller/plugins/simple_goal_checker.hpp
[0.527s] -- Up-to-date symlink: /home/ik/aws_ws/install/nav2_controller/include//nav2_controller/plugins/simple_progress_checker.hpp
[0.528s] -- Up-to-date symlink: /home/ik/aws_ws/install/nav2_controller/include//nav2_controller/plugins/stopped_goal_checker.hpp
[0.528s] -- Up-to-date symlink: /home/ik/aws_ws/install/nav2_controller/share/nav2_controller/environment/library_path.sh
[0.528s] -- Up-to-date symlink: /home/ik/aws_ws/install/nav2_controller/share/nav2_controller/environment/library_path.dsv
[0.528s] -- Up-to-date symlink: /home/ik/aws_ws/install/nav2_controller/share/nav2_controller//plugins.xml
[0.528s] -- Up-to-date symlink: /home/ik/aws_ws/install/nav2_controller/share/ament_index/resource_index/package_run_dependencies/nav2_controller
[0.529s] -- Up-to-date symlink: /home/ik/aws_ws/install/nav2_controller/share/ament_index/resource_index/parent_prefix_path/nav2_controller
[0.529s] -- Up-to-date symlink: /home/ik/aws_ws/install/nav2_controller/share/nav2_controller/environment/ament_prefix_path.sh
[0.529s] -- Up-to-date symlink: /home/ik/aws_ws/install/nav2_controller/share/nav2_controller/environment/ament_prefix_path.dsv
[0.529s] -- Up-to-date symlink: /home/ik/aws_ws/install/nav2_controller/share/nav2_controller/environment/path.sh
[0.529s] -- Up-to-date symlink: /home/ik/aws_ws/install/nav2_controller/share/nav2_controller/environment/path.dsv
[0.530s] -- Up-to-date symlink: /home/ik/aws_ws/install/nav2_controller/share/nav2_controller/local_setup.bash
[0.530s] -- Up-to-date symlink: /home/ik/aws_ws/install/nav2_controller/share/nav2_controller/local_setup.sh
[0.530s] -- Up-to-date symlink: /home/ik/aws_ws/install/nav2_controller/share/nav2_controller/local_setup.zsh
[0.530s] -- Up-to-date symlink: /home/ik/aws_ws/install/nav2_controller/share/nav2_controller/local_setup.dsv
[0.530s] -- Symlinking: /home/ik/aws_ws/install/nav2_controller/share/nav2_controller/package.dsv
[0.534s] -- Up-to-date symlink: /home/ik/aws_ws/install/nav2_controller/share/ament_index/resource_index/packages/nav2_controller
[0.535s] -- Up-to-date symlink: /home/ik/aws_ws/install/nav2_controller/share/ament_index/resource_index/nav2_core__pluginlib__plugin/nav2_controller
[0.535s] -- Up-to-date symlink: /home/ik/aws_ws/install/nav2_controller/share/nav2_controller/cmake/ament_cmake_export_include_directories-extras.cmake
[0.536s] -- Up-to-date symlink: /home/ik/aws_ws/install/nav2_controller/share/nav2_controller/cmake/ament_cmake_export_libraries-extras.cmake
[0.537s] -- Up-to-date symlink: /home/ik/aws_ws/install/nav2_controller/share/nav2_controller/cmake/ament_cmake_export_definitions-extras.cmake
[0.540s] -- Up-to-date symlink: /home/ik/aws_ws/install/nav2_controller/share/nav2_controller/cmake/nav2_controllerConfig.cmake
[0.540s] -- Up-to-date symlink: /home/ik/aws_ws/install/nav2_controller/share/nav2_controller/cmake/nav2_controllerConfig-version.cmake
[0.540s] -- Up-to-date symlink: /home/ik/aws_ws/install/nav2_controller/share/nav2_controller/package.xml
[0.602s] Invoked command in '/home/ik/aws_ws/build/nav2_controller' returned '0': AMENT_PREFIX_PATH=/home/ik/aws_ws/install/nav2_core:/home/ik/aws_ws/install/nav2_costmap_2d:/home/ik/aws_ws/install/nav_2d_utils:/home/ik/aws_ws/install/nav2_util:/home/ik/aws_ws/install/nav2_voxel_grid:/home/ik/aws_ws/install/nav2_msgs:/home/ik/aws_ws/install/nav_2d_msgs:/home/ik/aws_ws/install/nav2_common:${AMENT_PREFIX_PATH} CMAKE_PREFIX_PATH=/home/ik/aws_ws/install/nav2_core:/home/ik/aws_ws/install/nav2_costmap_2d:/home/ik/aws_ws/install/nav_2d_utils:/home/ik/aws_ws/install/nav2_util:/home/ik/aws_ws/install/nav2_voxel_grid:/home/ik/aws_ws/install/nav2_msgs:/home/ik/aws_ws/install/nav_2d_msgs:/home/ik/aws_ws/install/nav2_common:/opt/ros/foxy LD_LIBRARY_PATH=/home/ik/aws_ws/install/nav2_costmap_2d/lib:/home/ik/aws_ws/install/nav_2d_utils/lib:/home/ik/aws_ws/install/nav2_util/lib:/home/ik/aws_ws/install/nav2_voxel_grid/lib:/home/ik/aws_ws/install/nav2_msgs/lib:/home/ik/aws_ws/install/nav_2d_msgs/lib:${LD_LIBRARY_PATH} PYTHONPATH=/home/ik/aws_ws/install/nav2_msgs/lib/python3.8/site-packages:/home/ik/aws_ws/install/nav_2d_msgs/lib/python3.8/site-packages:/home/ik/aws_ws/install/nav2_common/lib/python3.8/site-packages:${PYTHONPATH} /usr/bin/cmake --install /home/ik/aws_ws/build/nav2_controller
