[0.055s] Invoking command in '/home/ik/aws_ws/build/nav2_core': AMENT_PREFIX_PATH=/home/ik/aws_ws/install/nav2_costmap_2d:/home/ik/aws_ws/install/nav2_util:/home/ik/aws_ws/install/nav2_voxel_grid:/home/ik/aws_ws/install/nav2_msgs:/home/ik/aws_ws/install/nav2_common:${AMENT_PREFIX_PATH} CMAKE_PREFIX_PATH=/home/ik/aws_ws/install/nav2_costmap_2d:/home/ik/aws_ws/install/nav2_util:/home/ik/aws_ws/install/nav2_voxel_grid:/home/ik/aws_ws/install/nav2_msgs:/home/ik/aws_ws/install/nav2_common:/opt/ros/foxy LD_LIBRARY_PATH=/home/ik/aws_ws/install/nav2_costmap_2d/lib:/home/ik/aws_ws/install/nav2_util/lib:/home/ik/aws_ws/install/nav2_voxel_grid/lib:/home/ik/aws_ws/install/nav2_msgs/lib:${LD_LIBRARY_PATH} PYTHONPATH=/home/ik/aws_ws/install/nav2_msgs/lib/python3.8/site-packages:/home/ik/aws_ws/install/nav2_common/lib/python3.8/site-packages:${PYTHONPATH} /usr/bin/cmake --build /home/ik/aws_ws/build/nav2_core -- -j8 -l8
[0.111s] Invoked command in '/home/ik/aws_ws/build/nav2_core' returned '0': AMENT_PREFIX_PATH=/home/ik/aws_ws/install/nav2_costmap_2d:/home/ik/aws_ws/install/nav2_util:/home/ik/aws_ws/install/nav2_voxel_grid:/home/ik/aws_ws/install/nav2_msgs:/home/ik/aws_ws/install/nav2_common:${AMENT_PREFIX_PATH} CMAKE_PREFIX_PATH=/home/ik/aws_ws/install/nav2_costmap_2d:/home/ik/aws_ws/install/nav2_util:/home/ik/aws_ws/install/nav2_voxel_grid:/home/ik/aws_ws/install/nav2_msgs:/home/ik/aws_ws/install/nav2_common:/opt/ros/foxy LD_LIBRARY_PATH=/home/ik/aws_ws/install/nav2_costmap_2d/lib:/home/ik/aws_ws/install/nav2_util/lib:/home/ik/aws_ws/install/nav2_voxel_grid/lib:/home/ik/aws_ws/install/nav2_msgs/lib:${LD_LIBRARY_PATH} PYTHONPATH=/home/ik/aws_ws/install/nav2_msgs/lib/python3.8/site-packages:/home/ik/aws_ws/install/nav2_common/lib/python3.8/site-packages:${PYTHONPATH} /usr/bin/cmake --build /home/ik/aws_ws/build/nav2_core -- -j8 -l8
[0.142s] Invoking command in '/home/ik/aws_ws/build/nav2_core': AMENT_PREFIX_PATH=/home/ik/aws_ws/install/nav2_costmap_2d:/home/ik/aws_ws/install/nav2_util:/home/ik/aws_ws/install/nav2_voxel_grid:/home/ik/aws_ws/install/nav2_msgs:/home/ik/aws_ws/install/nav2_common:${AMENT_PREFIX_PATH} CMAKE_PREFIX_PATH=/home/ik/aws_ws/install/nav2_costmap_2d:/home/ik/aws_ws/install/nav2_util:/home/ik/aws_ws/install/nav2_voxel_grid:/home/ik/aws_ws/install/nav2_msgs:/home/ik/aws_ws/install/nav2_common:/opt/ros/foxy LD_LIBRARY_PATH=/home/ik/aws_ws/install/nav2_costmap_2d/lib:/home/ik/aws_ws/install/nav2_util/lib:/home/ik/aws_ws/install/nav2_voxel_grid/lib:/home/ik/aws_ws/install/nav2_msgs/lib:${LD_LIBRARY_PATH} PYTHONPATH=/home/ik/aws_ws/install/nav2_msgs/lib/python3.8/site-packages:/home/ik/aws_ws/install/nav2_common/lib/python3.8/site-packages:${PYTHONPATH} /usr/bin/cmake --install /home/ik/aws_ws/build/nav2_core
[0.149s] -- Install configuration: "Release"
[0.150s] -- Execute custom install script
[0.151s] -- Up-to-date symlink: /home/ik/aws_ws/install/nav2_core/include//nav2_core/controller.hpp
[0.152s] -- Up-to-date symlink: /home/ik/aws_ws/install/nav2_core/include//nav2_core/exceptions.hpp
[0.152s] -- Up-to-date symlink: /home/ik/aws_ws/install/nav2_core/include//nav2_core/global_planner.hpp
[0.152s] -- Up-to-date symlink: /home/ik/aws_ws/install/nav2_core/include//nav2_core/goal_checker.hpp
[0.152s] -- Up-to-date symlink: /home/ik/aws_ws/install/nav2_core/include//nav2_core/progress_checker.hpp
[0.153s] -- Up-to-date symlink: /home/ik/aws_ws/install/nav2_core/include//nav2_core/recovery.hpp
[0.153s] -- Up-to-date symlink: /home/ik/aws_ws/install/nav2_core/share/ament_index/resource_index/package_run_dependencies/nav2_core
[0.154s] -- Up-to-date symlink: /home/ik/aws_ws/install/nav2_core/share/ament_index/resource_index/parent_prefix_path/nav2_core
[0.154s] -- Up-to-date symlink: /home/ik/aws_ws/install/nav2_core/share/nav2_core/environment/ament_prefix_path.sh
[0.154s] -- Up-to-date symlink: /home/ik/aws_ws/install/nav2_core/share/nav2_core/environment/ament_prefix_path.dsv
[0.154s] -- Up-to-date symlink: /home/ik/aws_ws/install/nav2_core/share/nav2_core/environment/path.sh
[0.154s] -- Up-to-date symlink: /home/ik/aws_ws/install/nav2_core/share/nav2_core/environment/path.dsv
[0.154s] -- Up-to-date symlink: /home/ik/aws_ws/install/nav2_core/share/nav2_core/local_setup.bash
[0.155s] -- Up-to-date symlink: /home/ik/aws_ws/install/nav2_core/share/nav2_core/local_setup.sh
[0.155s] -- Up-to-date symlink: /home/ik/aws_ws/install/nav2_core/share/nav2_core/local_setup.zsh
[0.155s] -- Up-to-date symlink: /home/ik/aws_ws/install/nav2_core/share/nav2_core/local_setup.dsv
[0.155s] -- Symlinking: /home/ik/aws_ws/install/nav2_core/share/nav2_core/package.dsv
[0.165s] -- Up-to-date symlink: /home/ik/aws_ws/install/nav2_core/share/ament_index/resource_index/packages/nav2_core
[0.165s] -- Up-to-date symlink: /home/ik/aws_ws/install/nav2_core/share/nav2_core/cmake/ament_cmake_export_include_directories-extras.cmake
[0.166s] -- Up-to-date symlink: /home/ik/aws_ws/install/nav2_core/share/nav2_core/cmake/ament_cmake_export_dependencies-extras.cmake
[0.166s] -- Up-to-date symlink: /home/ik/aws_ws/install/nav2_core/share/nav2_core/cmake/nav2_coreConfig.cmake
[0.167s] -- Up-to-date symlink: /home/ik/aws_ws/install/nav2_core/share/nav2_core/cmake/nav2_coreConfig-version.cmake
[0.167s] -- Up-to-date symlink: /home/ik/aws_ws/install/nav2_core/share/nav2_core/package.xml
[0.173s] Invoked command in '/home/ik/aws_ws/build/nav2_core' returned '0': AMENT_PREFIX_PATH=/home/ik/aws_ws/install/nav2_costmap_2d:/home/ik/aws_ws/install/nav2_util:/home/ik/aws_ws/install/nav2_voxel_grid:/home/ik/aws_ws/install/nav2_msgs:/home/ik/aws_ws/install/nav2_common:${AMENT_PREFIX_PATH} CMAKE_PREFIX_PATH=/home/ik/aws_ws/install/nav2_costmap_2d:/home/ik/aws_ws/install/nav2_util:/home/ik/aws_ws/install/nav2_voxel_grid:/home/ik/aws_ws/install/nav2_msgs:/home/ik/aws_ws/install/nav2_common:/opt/ros/foxy LD_LIBRARY_PATH=/home/ik/aws_ws/install/nav2_costmap_2d/lib:/home/ik/aws_ws/install/nav2_util/lib:/home/ik/aws_ws/install/nav2_voxel_grid/lib:/home/ik/aws_ws/install/nav2_msgs/lib:${LD_LIBRARY_PATH} PYTHONPATH=/home/ik/aws_ws/install/nav2_msgs/lib/python3.8/site-packages:/home/ik/aws_ws/install/nav2_common/lib/python3.8/site-packages:${PYTHONPATH} /usr/bin/cmake --install /home/ik/aws_ws/build/nav2_core
