[0.066s] Invoking command in '/home/ik/aws_ws/build/smac_planner': AMENT_PREFIX_PATH=/home/ik/aws_ws/install/nav2_core:/home/ik/aws_ws/install/nav2_costmap_2d:/home/ik/aws_ws/install/nav2_util:/home/ik/aws_ws/install/nav2_voxel_grid:/home/ik/aws_ws/install/nav2_msgs:/home/ik/aws_ws/install/nav2_common:${AMENT_PREFIX_PATH} CMAKE_PREFIX_PATH=/home/ik/aws_ws/install/nav2_core:/home/ik/aws_ws/install/nav2_costmap_2d:/home/ik/aws_ws/install/nav2_util:/home/ik/aws_ws/install/nav2_voxel_grid:/home/ik/aws_ws/install/nav2_msgs:/home/ik/aws_ws/install/nav2_common:/home/ik/aws_ws/install/turtlebot3_simulations:/home/ik/aws_ws/install/turtlebot3_gazebo:/home/ik/aws_ws/install/turtlebot3_fake_node:/home/ik/aws_ws/install/slam_toolbox:/home/ik/aws_ws/install/aws_robomaker_small_warehouse_world:/opt/ros/foxy LD_LIBRARY_PATH=/home/ik/aws_ws/install/nav2_costmap_2d/lib:/home/ik/aws_ws/install/nav2_util/lib:/home/ik/aws_ws/install/nav2_voxel_grid/lib:/home/ik/aws_ws/install/nav2_msgs/lib:/home/ik/aws_ws/install/slam_toolbox/lib:/usr/lib/x86_64-linux-gnu/gazebo-11/plugins:/opt/ros/foxy/opt/yaml_cpp_vendor/lib:/opt/ros/foxy/opt/rviz_ogre_vendor/lib:/opt/ros/foxy/lib/x86_64-linux-gnu:/opt/ros/foxy/lib:/usr/share/gazebo/../../lib/x86_64-linux-gnu/gazebo-11/plugins PYTHONPATH=/home/ik/aws_ws/install/nav2_msgs/lib/python3.8/site-packages:/home/ik/aws_ws/install/nav2_common/lib/python3.8/site-packages:${PYTHONPATH} /usr/bin/cmake /home/ik/aws_ws/src/navigation2/smac_planner -DAMENT_CMAKE_SYMLINK_INSTALL=1 -DCMAKE_INSTALL_PREFIX=/home/ik/aws_ws/install/smac_planner
[9.379s] -- The C compiler identification is GNU 9.4.0
[9.379s] -- The CXX compiler identification is GNU 9.4.0
[9.379s] -- Check for working C compiler: /usr/bin/cc
[9.379s] -- Check for working C compiler: /usr/bin/cc -- works
[9.379s] -- Detecting C compiler ABI info
[9.379s] -- Detecting C compiler ABI info - done
[9.379s] -- Detecting C compile features
[9.379s] -- Detecting C compile features - done
[9.379s] -- Check for working CXX compiler: /usr/bin/c++
[9.380s] -- Check for working CXX compiler: /usr/bin/c++ -- works
[9.380s] -- Detecting CXX compiler ABI info
[9.380s] -- Detecting CXX compiler ABI info - done
[9.380s] -- Detecting CXX compile features
[9.380s] -- Detecting CXX compile features - done
[9.380s] -- Found ament_cmake: 0.9.11 (/opt/ros/foxy/share/ament_cmake/cmake)
[9.380s] -- Found PythonInterp: /usr/bin/python3 (found suitable version "3.8.10", minimum required is "3") 
[9.380s] -- Using PYTHON_EXECUTABLE: /usr/bin/python3
[9.380s] -- Override CMake install command with custom implementation using symlinks instead of copying resources
[9.380s] -- Found nav2_common: 0.4.7 (/home/ik/aws_ws/install/nav2_common/share/nav2_common/cmake)
[9.380s] -- Found rclcpp: 2.4.2 (/opt/ros/foxy/share/rclcpp/cmake)
[9.380s] -- Using all available rosidl_typesupport_c: rosidl_typesupport_fastrtps_c;rosidl_typesupport_introspection_c
[9.381s] -- Found rosidl_adapter: 1.3.0 (/opt/ros/foxy/share/rosidl_adapter/cmake)
[9.381s] -- Found OpenSSL: /usr/lib/x86_64-linux-gnu/libcrypto.so (found version "1.1.1f")  
[9.381s] -- Found FastRTPS: /opt/ros/foxy/include  
[9.381s] -- Using all available rosidl_typesupport_cpp: rosidl_typesupport_fastrtps_cpp;rosidl_typesupport_introspection_cpp
[9.381s] -- Found rmw_implementation_cmake: 1.0.4 (/opt/ros/foxy/share/rmw_implementation_cmake/cmake)
[9.381s] -- Using RMW implementation 'rmw_fastrtps_cpp' as default
[9.381s] -- Looking for pthread.h
[9.381s] -- Looking for pthread.h - found
[9.381s] -- Performing Test CMAKE_HAVE_LIBC_PTHREAD
[9.381s] -- Performing Test CMAKE_HAVE_LIBC_PTHREAD - Failed
[9.381s] -- Looking for pthread_create in pthreads
[9.381s] -- Looking for pthread_create in pthreads - not found
[9.382s] -- Looking for pthread_create in pthread
[9.382s] -- Looking for pthread_create in pthread - found
[9.382s] -- Found Threads: TRUE  
[9.382s] -- Found rclcpp_action: 2.4.2 (/opt/ros/foxy/share/rclcpp_action/cmake)
[9.382s] -- Found rclcpp_lifecycle: 2.4.2 (/opt/ros/foxy/share/rclcpp_lifecycle/cmake)
[9.382s] -- Found visualization_msgs: 2.0.5 (/opt/ros/foxy/share/visualization_msgs/cmake)
[9.382s] -- Found nav2_util: 0.4.7 (/home/ik/aws_ws/install/nav2_util/share/nav2_util/cmake)
[9.382s] -- Found eigen3_cmake_module: 0.1.1 (/opt/ros/foxy/share/eigen3_cmake_module/cmake)
[9.382s] -- Found Eigen3: TRUE (found version "3.3.7") 
[9.382s] -- Found nav2_core: 0.4.7 (/home/ik/aws_ws/install/nav2_core/share/nav2_core/cmake)
[9.382s] -- Found installed version of Eigen: /usr/lib/cmake/eigen3
[9.382s] -- Found required Ceres dependency: Eigen version 3.3.7 in /usr/include/eigen3
[9.383s] -- Found required Ceres dependency: glog
[9.383s] -- Found installed version of gflags: /usr/lib/x86_64-linux-gnu/cmake/gflags
[9.383s] -- Detected gflags version: 2.2.2
[9.383s] -- Found required Ceres dependency: gflags
[9.383s] -- Found Ceres version: 1.14.0 installed in: /usr with components: [EigenSparse, SparseLinearAlgebraLibrary, LAPACK, SuiteSparse, CXSparse, SchurSpecializations, OpenMP, Multithreading]
[9.383s] -- Found ompl: /opt/ros/foxy/include/ompl-1.5;/usr/include/eigen3  
[9.383s] -- Found OpenMP_C: -fopenmp (found version "4.5") 
[9.383s] -- Found OpenMP_CXX: -fopenmp (found version "4.5") 
[9.383s] -- Found OpenMP: TRUE (found version "4.5")  
[14.817s] -- Found ament_lint_auto: 0.9.8 (/opt/ros/foxy/share/ament_lint_auto/cmake)
[15.061s] -- Found ament_cmake_gtest: 0.9.11 (/opt/ros/foxy/share/ament_cmake_gtest/cmake)
[15.080s] -- Found gtest sources under '/opt/ros/foxy/src/gtest_vendor': C++ tests using 'Google Test' will be built
[15.092s] -- Check if compiler accepts -pthread
[15.524s] -- Check if compiler accepts -pthread - yes
[43.942s] -- Added test 'copyright' to check source files copyright and LICENSE
[43.944s] -- Added test 'cppcheck' to perform static code analysis on C / C++ code
[43.945s] -- Configured cppcheck include dirs: /home/ik/aws_ws/src/navigation2/smac_planner/include
[43.945s] -- Configured cppcheck exclude dirs and/or files: 
[43.947s] -- Added test 'cpplint' to check C / C++ code against the Google style
[43.947s] -- Configured cpplint exclude dirs and/or files: 
[43.949s] -- Added test 'lint_cmake' to check CMake code style
[43.951s] -- Added test 'uncrustify' to check C / C++ code style
[43.951s] -- Configured uncrustify additional arguments: 
[43.952s] -- Added test 'xmllint' to check XML markup files
[43.961s] -- Configuring done
[44.630s] -- Generating done
[44.634s] -- Build files have been written to: /home/ik/aws_ws/build/smac_planner
[44.654s] Invoked command in '/home/ik/aws_ws/build/smac_planner' returned '0': AMENT_PREFIX_PATH=/home/ik/aws_ws/install/nav2_core:/home/ik/aws_ws/install/nav2_costmap_2d:/home/ik/aws_ws/install/nav2_util:/home/ik/aws_ws/install/nav2_voxel_grid:/home/ik/aws_ws/install/nav2_msgs:/home/ik/aws_ws/install/nav2_common:${AMENT_PREFIX_PATH} CMAKE_PREFIX_PATH=/home/ik/aws_ws/install/nav2_core:/home/ik/aws_ws/install/nav2_costmap_2d:/home/ik/aws_ws/install/nav2_util:/home/ik/aws_ws/install/nav2_voxel_grid:/home/ik/aws_ws/install/nav2_msgs:/home/ik/aws_ws/install/nav2_common:/home/ik/aws_ws/install/turtlebot3_simulations:/home/ik/aws_ws/install/turtlebot3_gazebo:/home/ik/aws_ws/install/turtlebot3_fake_node:/home/ik/aws_ws/install/slam_toolbox:/home/ik/aws_ws/install/aws_robomaker_small_warehouse_world:/opt/ros/foxy LD_LIBRARY_PATH=/home/ik/aws_ws/install/nav2_costmap_2d/lib:/home/ik/aws_ws/install/nav2_util/lib:/home/ik/aws_ws/install/nav2_voxel_grid/lib:/home/ik/aws_ws/install/nav2_msgs/lib:/home/ik/aws_ws/install/slam_toolbox/lib:/usr/lib/x86_64-linux-gnu/gazebo-11/plugins:/opt/ros/foxy/opt/yaml_cpp_vendor/lib:/opt/ros/foxy/opt/rviz_ogre_vendor/lib:/opt/ros/foxy/lib/x86_64-linux-gnu:/opt/ros/foxy/lib:/usr/share/gazebo/../../lib/x86_64-linux-gnu/gazebo-11/plugins PYTHONPATH=/home/ik/aws_ws/install/nav2_msgs/lib/python3.8/site-packages:/home/ik/aws_ws/install/nav2_common/lib/python3.8/site-packages:${PYTHONPATH} /usr/bin/cmake /home/ik/aws_ws/src/navigation2/smac_planner -DAMENT_CMAKE_SYMLINK_INSTALL=1 -DCMAKE_INSTALL_PREFIX=/home/ik/aws_ws/install/smac_planner
[44.659s] Invoking command in '/home/ik/aws_ws/build/smac_planner': AMENT_PREFIX_PATH=/home/ik/aws_ws/install/nav2_core:/home/ik/aws_ws/install/nav2_costmap_2d:/home/ik/aws_ws/install/nav2_util:/home/ik/aws_ws/install/nav2_voxel_grid:/home/ik/aws_ws/install/nav2_msgs:/home/ik/aws_ws/install/nav2_common:${AMENT_PREFIX_PATH} CMAKE_PREFIX_PATH=/home/ik/aws_ws/install/nav2_core:/home/ik/aws_ws/install/nav2_costmap_2d:/home/ik/aws_ws/install/nav2_util:/home/ik/aws_ws/install/nav2_voxel_grid:/home/ik/aws_ws/install/nav2_msgs:/home/ik/aws_ws/install/nav2_common:/home/ik/aws_ws/install/turtlebot3_simulations:/home/ik/aws_ws/install/turtlebot3_gazebo:/home/ik/aws_ws/install/turtlebot3_fake_node:/home/ik/aws_ws/install/slam_toolbox:/home/ik/aws_ws/install/aws_robomaker_small_warehouse_world:/opt/ros/foxy LD_LIBRARY_PATH=/home/ik/aws_ws/install/nav2_costmap_2d/lib:/home/ik/aws_ws/install/nav2_util/lib:/home/ik/aws_ws/install/nav2_voxel_grid/lib:/home/ik/aws_ws/install/nav2_msgs/lib:/home/ik/aws_ws/install/slam_toolbox/lib:/usr/lib/x86_64-linux-gnu/gazebo-11/plugins:/opt/ros/foxy/opt/yaml_cpp_vendor/lib:/opt/ros/foxy/opt/rviz_ogre_vendor/lib:/opt/ros/foxy/lib/x86_64-linux-gnu:/opt/ros/foxy/lib:/usr/share/gazebo/../../lib/x86_64-linux-gnu/gazebo-11/plugins PYTHONPATH=/home/ik/aws_ws/install/nav2_msgs/lib/python3.8/site-packages:/home/ik/aws_ws/install/nav2_common/lib/python3.8/site-packages:${PYTHONPATH} /usr/bin/cmake --build /home/ik/aws_ws/build/smac_planner -- -j8 -l8
[44.725s] [35m[1mScanning dependencies of target smac_planner_2d[0m
[44.870s] [  2%] [32mBuilding CXX object CMakeFiles/smac_planner_2d.dir/src/smac_planner_2d.cpp.o[0m
[54.644s] [  5%] [32mBuilding CXX object CMakeFiles/smac_planner_2d.dir/src/node_2d.cpp.o[0m
[54.673s] [  8%] [32mBuilding CXX object CMakeFiles/smac_planner_2d.dir/src/costmap_downsampler.cpp.o[0m
[60.370s] [ 11%] [32mBuilding CXX object CMakeFiles/smac_planner_2d.dir/src/node_se2.cpp.o[0m
[65.864s] [ 14%] [32mBuilding CXX object CMakeFiles/smac_planner_2d.dir/src/a_star.cpp.o[0m
[71.514s] [ 17%] [32m[1mLinking CXX shared library libsmac_planner_2d.so[0m
[72.812s] [ 17%] Built target smac_planner_2d
[72.828s] [35m[1mScanning dependencies of target gtest[0m
[72.834s] [35m[1mScanning dependencies of target gtest_main[0m
[72.857s] [ 20%] [32mBuilding CXX object gtest/CMakeFiles/gtest.dir/src/gtest-all.cc.o[0m
[72.864s] [35m[1mScanning dependencies of target smac_planner[0m
[72.921s] [ 23%] [32mBuilding CXX object gtest/CMakeFiles/gtest_main.dir/src/gtest_main.cc.o[0m
[73.068s] [ 26%] [32mBuilding CXX object CMakeFiles/smac_planner.dir/src/smac_planner.cpp.o[0m
[73.101s] [ 29%] [32mBuilding CXX object CMakeFiles/smac_planner.dir/src/node_se2.cpp.o[0m
[73.102s] [ 32%] [32mBuilding CXX object CMakeFiles/smac_planner.dir/src/a_star.cpp.o[0m
[74.120s] [ 35%] [32m[1mLinking CXX static library libgtest_main.a[0m
[74.309s] [ 35%] Built target gtest_main
[84.997s] [ 38%] [32m[1mLinking CXX static library libgtest.a[0m
[85.051s] [ 38%] Built target gtest
[85.070s] [35m[1mScanning dependencies of target test_smac_2d[0m
[85.172s] [ 41%] [32mBuilding CXX object test/CMakeFiles/test_smac_2d.dir/test_smac_2d.cpp.o[0m
[85.334s] [ 44%] [32mBuilding CXX object CMakeFiles/smac_planner.dir/src/costmap_downsampler.cpp.o[0m
[85.337s] [ 47%] [32mBuilding CXX object CMakeFiles/smac_planner.dir/src/node_2d.cpp.o[0m
[89.353s] [ 50%] [32m[1mLinking CXX shared library libsmac_planner.so[0m
[90.349s] [ 50%] Built target smac_planner
[90.369s] [35m[1mScanning dependencies of target test_smoother[0m
[90.460s] [ 52%] [32mBuilding CXX object test/CMakeFiles/test_smoother.dir/test_smoother.cpp.o[0m
[91.448s] [35m[1mScanning dependencies of target test_nodebasic[0m
[91.538s] [ 55%] [32mBuilding CXX object test/CMakeFiles/test_nodebasic.dir/test_nodebasic.cpp.o[0m
[92.066s] [ 58%] [32m[1mLinking CXX executable test_smac_2d[0m
[92.522s] [35m[1mScanning dependencies of target test_nodese2[0m
[92.523s] [35m[1mScanning dependencies of target test_smac_se2[0m
[92.544s] [ 58%] Built target test_smac_2d
[92.564s] [35m[1mScanning dependencies of target test_node2d[0m
[92.604s] [ 61%] [32mBuilding CXX object test/CMakeFiles/test_nodese2.dir/test_nodese2.cpp.o[0m
[92.618s] [ 64%] [32mBuilding CXX object test/CMakeFiles/test_smac_se2.dir/test_smac_se2.cpp.o[0m
[92.628s] [ 67%] [32mBuilding CXX object test/CMakeFiles/test_node2d.dir/test_node2d.cpp.o[0m
[95.743s] [ 70%] [32m[1mLinking CXX executable test_nodebasic[0m
[96.132s] [ 70%] Built target test_nodebasic
[96.152s] [35m[1mScanning dependencies of target test_collision_checker[0m
[96.153s] [35m[1mScanning dependencies of target test_a_star[0m
[96.231s] [ 73%] [32mBuilding CXX object test/CMakeFiles/test_collision_checker.dir/test_collision_checker.cpp.o[0m
[96.240s] [ 76%] [32mBuilding CXX object test/CMakeFiles/test_a_star.dir/test_a_star.cpp.o[0m
[96.559s] [ 79%] [32m[1mLinking CXX executable test_node2d[0m
[97.152s] [ 79%] Built target test_node2d
[97.172s] [35m[1mScanning dependencies of target test_costmap_downsampler[0m
[97.260s] [ 82%] [32mBuilding CXX object test/CMakeFiles/test_costmap_downsampler.dir/test_costmap_downsampler.cpp.o[0m
[97.571s] [ 85%] [32m[1mLinking CXX executable test_smoother[0m
[98.036s] [ 88%] [32m[1mLinking CXX executable test_nodese2[0m
[98.317s] [ 88%] Built target test_smoother
[98.680s] [ 88%] Built target test_nodese2
[99.687s] [ 91%] [32m[1mLinking CXX executable test_collision_checker[0m
[99.749s] [ 94%] [32m[1mLinking CXX executable test_smac_se2[0m
[100.056s] [ 94%] Built target test_collision_checker
[100.293s] [ 94%] Built target test_smac_se2
[101.048s] [ 97%] [32m[1mLinking CXX executable test_a_star[0m
[101.458s] [ 97%] Built target test_a_star
[101.552s] [100%] [32m[1mLinking CXX executable test_costmap_downsampler[0m
[101.952s] [100%] Built target test_costmap_downsampler
[101.964s] Invoked command in '/home/ik/aws_ws/build/smac_planner' returned '0': AMENT_PREFIX_PATH=/home/ik/aws_ws/install/nav2_core:/home/ik/aws_ws/install/nav2_costmap_2d:/home/ik/aws_ws/install/nav2_util:/home/ik/aws_ws/install/nav2_voxel_grid:/home/ik/aws_ws/install/nav2_msgs:/home/ik/aws_ws/install/nav2_common:${AMENT_PREFIX_PATH} CMAKE_PREFIX_PATH=/home/ik/aws_ws/install/nav2_core:/home/ik/aws_ws/install/nav2_costmap_2d:/home/ik/aws_ws/install/nav2_util:/home/ik/aws_ws/install/nav2_voxel_grid:/home/ik/aws_ws/install/nav2_msgs:/home/ik/aws_ws/install/nav2_common:/home/ik/aws_ws/install/turtlebot3_simulations:/home/ik/aws_ws/install/turtlebot3_gazebo:/home/ik/aws_ws/install/turtlebot3_fake_node:/home/ik/aws_ws/install/slam_toolbox:/home/ik/aws_ws/install/aws_robomaker_small_warehouse_world:/opt/ros/foxy LD_LIBRARY_PATH=/home/ik/aws_ws/install/nav2_costmap_2d/lib:/home/ik/aws_ws/install/nav2_util/lib:/home/ik/aws_ws/install/nav2_voxel_grid/lib:/home/ik/aws_ws/install/nav2_msgs/lib:/home/ik/aws_ws/install/slam_toolbox/lib:/usr/lib/x86_64-linux-gnu/gazebo-11/plugins:/opt/ros/foxy/opt/yaml_cpp_vendor/lib:/opt/ros/foxy/opt/rviz_ogre_vendor/lib:/opt/ros/foxy/lib/x86_64-linux-gnu:/opt/ros/foxy/lib:/usr/share/gazebo/../../lib/x86_64-linux-gnu/gazebo-11/plugins PYTHONPATH=/home/ik/aws_ws/install/nav2_msgs/lib/python3.8/site-packages:/home/ik/aws_ws/install/nav2_common/lib/python3.8/site-packages:${PYTHONPATH} /usr/bin/cmake --build /home/ik/aws_ws/build/smac_planner -- -j8 -l8
[102.012s] Invoking command in '/home/ik/aws_ws/build/smac_planner': AMENT_PREFIX_PATH=/home/ik/aws_ws/install/nav2_core:/home/ik/aws_ws/install/nav2_costmap_2d:/home/ik/aws_ws/install/nav2_util:/home/ik/aws_ws/install/nav2_voxel_grid:/home/ik/aws_ws/install/nav2_msgs:/home/ik/aws_ws/install/nav2_common:${AMENT_PREFIX_PATH} CMAKE_PREFIX_PATH=/home/ik/aws_ws/install/nav2_core:/home/ik/aws_ws/install/nav2_costmap_2d:/home/ik/aws_ws/install/nav2_util:/home/ik/aws_ws/install/nav2_voxel_grid:/home/ik/aws_ws/install/nav2_msgs:/home/ik/aws_ws/install/nav2_common:/home/ik/aws_ws/install/turtlebot3_simulations:/home/ik/aws_ws/install/turtlebot3_gazebo:/home/ik/aws_ws/install/turtlebot3_fake_node:/home/ik/aws_ws/install/slam_toolbox:/home/ik/aws_ws/install/aws_robomaker_small_warehouse_world:/opt/ros/foxy LD_LIBRARY_PATH=/home/ik/aws_ws/install/nav2_costmap_2d/lib:/home/ik/aws_ws/install/nav2_util/lib:/home/ik/aws_ws/install/nav2_voxel_grid/lib:/home/ik/aws_ws/install/nav2_msgs/lib:/home/ik/aws_ws/install/slam_toolbox/lib:/usr/lib/x86_64-linux-gnu/gazebo-11/plugins:/opt/ros/foxy/opt/yaml_cpp_vendor/lib:/opt/ros/foxy/opt/rviz_ogre_vendor/lib:/opt/ros/foxy/lib/x86_64-linux-gnu:/opt/ros/foxy/lib:/usr/share/gazebo/../../lib/x86_64-linux-gnu/gazebo-11/plugins PYTHONPATH=/home/ik/aws_ws/install/nav2_msgs/lib/python3.8/site-packages:/home/ik/aws_ws/install/nav2_common/lib/python3.8/site-packages:${PYTHONPATH} /usr/bin/cmake --install /home/ik/aws_ws/build/smac_planner
[102.029s] -- Install configuration: "Release"
[102.030s] -- Execute custom install script
[102.030s] -- Symlinking: /home/ik/aws_ws/install/smac_planner/share/smac_planner//smac_plugin.xml
[102.042s] -- Symlinking: /home/ik/aws_ws/install/smac_planner/share/smac_planner//smac_plugin_2d.xml
[102.051s] -- Symlinking: /home/ik/aws_ws/install/smac_planner/lib/libsmac_planner.so
[102.058s] -- Symlinking: /home/ik/aws_ws/install/smac_planner/lib/libsmac_planner_2d.so
[102.073s] -- Symlinking: /home/ik/aws_ws/install/smac_planner/include//smac_planner/a_star.hpp
[102.082s] -- Symlinking: /home/ik/aws_ws/install/smac_planner/include//smac_planner/collision_checker.hpp
[102.098s] -- Symlinking: /home/ik/aws_ws/install/smac_planner/include//smac_planner/constants.hpp
[102.113s] -- Symlinking: /home/ik/aws_ws/install/smac_planner/include//smac_planner/costmap_downsampler.hpp
[102.121s] -- Symlinking: /home/ik/aws_ws/install/smac_planner/include//smac_planner/node_2d.hpp
[102.134s] -- Symlinking: /home/ik/aws_ws/install/smac_planner/include//smac_planner/node_basic.hpp
[102.149s] -- Symlinking: /home/ik/aws_ws/install/smac_planner/include//smac_planner/node_se2.hpp
[102.164s] -- Symlinking: /home/ik/aws_ws/install/smac_planner/include//smac_planner/options.hpp
[102.177s] -- Symlinking: /home/ik/aws_ws/install/smac_planner/include//smac_planner/smac_planner.hpp
[102.186s] -- Symlinking: /home/ik/aws_ws/install/smac_planner/include//smac_planner/smac_planner_2d.hpp
[102.194s] -- Symlinking: /home/ik/aws_ws/install/smac_planner/include//smac_planner/smoother.hpp
[102.202s] -- Symlinking: /home/ik/aws_ws/install/smac_planner/include//smac_planner/smoother_cost_function.hpp
[102.212s] -- Symlinking: /home/ik/aws_ws/install/smac_planner/include//smac_planner/types.hpp
[102.220s] -- Symlinking: /home/ik/aws_ws/install/smac_planner/share/smac_planner/environment/library_path.sh
[102.233s] -- Symlinking: /home/ik/aws_ws/install/smac_planner/share/smac_planner/environment/library_path.dsv
[102.241s] -- Symlinking: /home/ik/aws_ws/install/smac_planner/share/ament_index/resource_index/package_run_dependencies/smac_planner
[102.249s] -- Symlinking: /home/ik/aws_ws/install/smac_planner/share/ament_index/resource_index/parent_prefix_path/smac_planner
[102.262s] -- Symlinking: /home/ik/aws_ws/install/smac_planner/share/smac_planner/environment/ament_prefix_path.sh
[102.277s] -- Symlinking: /home/ik/aws_ws/install/smac_planner/share/smac_planner/environment/ament_prefix_path.dsv
[102.294s] -- Symlinking: /home/ik/aws_ws/install/smac_planner/share/smac_planner/environment/path.sh
[102.302s] -- Symlinking: /home/ik/aws_ws/install/smac_planner/share/smac_planner/environment/path.dsv
[102.310s] -- Symlinking: /home/ik/aws_ws/install/smac_planner/share/smac_planner/local_setup.bash
[102.324s] -- Symlinking: /home/ik/aws_ws/install/smac_planner/share/smac_planner/local_setup.sh
[102.333s] -- Symlinking: /home/ik/aws_ws/install/smac_planner/share/smac_planner/local_setup.zsh
[102.345s] -- Symlinking: /home/ik/aws_ws/install/smac_planner/share/smac_planner/local_setup.dsv
[102.353s] -- Symlinking: /home/ik/aws_ws/install/smac_planner/share/smac_planner/package.dsv
[102.369s] -- Symlinking: /home/ik/aws_ws/install/smac_planner/share/ament_index/resource_index/packages/smac_planner
[102.385s] -- Symlinking: /home/ik/aws_ws/install/smac_planner/share/ament_index/resource_index/nav2_core__pluginlib__plugin/smac_planner
[102.401s] -- Symlinking: /home/ik/aws_ws/install/smac_planner/share/smac_planner/cmake/ament_cmake_export_include_directories-extras.cmake
[102.417s] -- Symlinking: /home/ik/aws_ws/install/smac_planner/share/smac_planner/cmake/ament_cmake_export_libraries-extras.cmake
[102.433s] -- Symlinking: /home/ik/aws_ws/install/smac_planner/share/smac_planner/cmake/ament_cmake_export_dependencies-extras.cmake
[102.449s] -- Symlinking: /home/ik/aws_ws/install/smac_planner/share/smac_planner/cmake/ament_cmake_export_definitions-extras.cmake
[102.465s] -- Symlinking: /home/ik/aws_ws/install/smac_planner/share/smac_planner/cmake/smac_plannerConfig.cmake
[102.482s] -- Symlinking: /home/ik/aws_ws/install/smac_planner/share/smac_planner/cmake/smac_plannerConfig-version.cmake
[102.497s] -- Symlinking: /home/ik/aws_ws/install/smac_planner/share/smac_planner/package.xml
[102.518s] Invoked command in '/home/ik/aws_ws/build/smac_planner' returned '0': AMENT_PREFIX_PATH=/home/ik/aws_ws/install/nav2_core:/home/ik/aws_ws/install/nav2_costmap_2d:/home/ik/aws_ws/install/nav2_util:/home/ik/aws_ws/install/nav2_voxel_grid:/home/ik/aws_ws/install/nav2_msgs:/home/ik/aws_ws/install/nav2_common:${AMENT_PREFIX_PATH} CMAKE_PREFIX_PATH=/home/ik/aws_ws/install/nav2_core:/home/ik/aws_ws/install/nav2_costmap_2d:/home/ik/aws_ws/install/nav2_util:/home/ik/aws_ws/install/nav2_voxel_grid:/home/ik/aws_ws/install/nav2_msgs:/home/ik/aws_ws/install/nav2_common:/home/ik/aws_ws/install/turtlebot3_simulations:/home/ik/aws_ws/install/turtlebot3_gazebo:/home/ik/aws_ws/install/turtlebot3_fake_node:/home/ik/aws_ws/install/slam_toolbox:/home/ik/aws_ws/install/aws_robomaker_small_warehouse_world:/opt/ros/foxy LD_LIBRARY_PATH=/home/ik/aws_ws/install/nav2_costmap_2d/lib:/home/ik/aws_ws/install/nav2_util/lib:/home/ik/aws_ws/install/nav2_voxel_grid/lib:/home/ik/aws_ws/install/nav2_msgs/lib:/home/ik/aws_ws/install/slam_toolbox/lib:/usr/lib/x86_64-linux-gnu/gazebo-11/plugins:/opt/ros/foxy/opt/yaml_cpp_vendor/lib:/opt/ros/foxy/opt/rviz_ogre_vendor/lib:/opt/ros/foxy/lib/x86_64-linux-gnu:/opt/ros/foxy/lib:/usr/share/gazebo/../../lib/x86_64-linux-gnu/gazebo-11/plugins PYTHONPATH=/home/ik/aws_ws/install/nav2_msgs/lib/python3.8/site-packages:/home/ik/aws_ws/install/nav2_common/lib/python3.8/site-packages:${PYTHONPATH} /usr/bin/cmake --install /home/ik/aws_ws/build/smac_planner
