-- Found ament_cmake: 0.9.11 (/opt/ros/foxy/share/ament_cmake/cmake)
-- Found PythonInterp: /usr/bin/python3 (found suitable version "3.8.10", minimum required is "3") 
-- Using PYTHON_EXECUTABLE: /usr/bin/python3
-- Override CMake install command with custom implementation using symlinks instead of copying resources
-- Found message_filters: 3.2.5 (/opt/ros/foxy/share/message_filters/cmake)
-- Found nav_msgs: 2.0.5 (/opt/ros/foxy/share/nav_msgs/cmake)
-- Using all available rosidl_typesupport_c: rosidl_typesupport_fastrtps_c;rosidl_typesupport_introspection_c
-- Found rosidl_adapter: 1.3.0 (/opt/ros/foxy/share/rosidl_adapter/cmake)
-- Using all available rosidl_typesupport_cpp: rosidl_typesupport_fastrtps_cpp;rosidl_typesupport_introspection_cpp
-- Found rclcpp: 2.4.2 (/opt/ros/foxy/share/rclcpp/cmake)
-- Found rmw_implementation_cmake: 1.0.4 (/opt/ros/foxy/share/rmw_implementation_cmake/cmake)
-- Using RMW implementation 'rmw_fastrtps_cpp' as default
-- Found sensor_msgs: 2.0.5 (/opt/ros/foxy/share/sensor_msgs/cmake)
-- Found tf2: 0.13.14 (/opt/ros/foxy/share/tf2/cmake)
-- Found tf2_ros: 0.13.14 (/opt/ros/foxy/share/tf2_ros/cmake)
-- Found visualization_msgs: 2.0.5 (/opt/ros/foxy/share/visualization_msgs/cmake)
-- Found pluginlib: 2.5.4 (/opt/ros/foxy/share/pluginlib/cmake)
-- Found tf2_geometry_msgs: 0.13.14 (/opt/ros/foxy/share/tf2_geometry_msgs/cmake)
-- Found eigen3_cmake_module: 0.1.1 (/opt/ros/foxy/share/eigen3_cmake_module/cmake)
-- Found tf2_sensor_msgs: 0.13.14 (/opt/ros/foxy/share/tf2_sensor_msgs/cmake)
-- Found std_srvs: 2.0.5 (/opt/ros/foxy/share/std_srvs/cmake)
-- Found rosidl_default_generators: 1.0.1 (/opt/ros/foxy/share/rosidl_default_generators/cmake)
-- Found nav2_map_server: 0.4.7 (/opt/ros/foxy/share/nav2_map_server/cmake)
-- Found rviz_common: 8.2.8 (/opt/ros/foxy/share/rviz_common/cmake)
-- Setting OGRE_DIR to: '/opt/ros/foxy/share/rviz_ogre_vendor/cmake/../../../opt/rviz_ogre_vendor/lib/OGRE/cmake'
-- Found OGRE
--   static     : OFF
--   components : HLMS;MeshLodGenerator;Overlay;Paging;Property;RTShaderSystem;Terrain;Volume
--   plugins    : Plugin_BSPSceneManager;Plugin_OctreeSceneManager;Plugin_PCZSceneManager;Plugin_ParticleFX;RenderSystem_GL;RenderSystem_GL3Plus;Codec_STBI
--   media      : /opt/ros/foxy/opt/rviz_ogre_vendor/share/OGRE/Media
-- OGRE_LIBRARIES: OgreHLMS;OgreMeshLodGenerator;OgreOverlay;OgrePaging;OgreProperty;OgreRTShaderSystem;OgreTerrain;OgreVolume;OgreMain
-- OGRE_LIBRARY_DIRS: /opt/ros/foxy/opt/rviz_ogre_vendor/lib
-- OGRE_PLUGINS: Plugin_BSPSceneManager;Plugin_OctreeSceneManager;Plugin_PCZSceneManager;Plugin_ParticleFX;RenderSystem_GL;RenderSystem_GL3Plus;Codec_STBI
-- OGRE_PLUGIN_DIR: /opt/ros/foxy/opt/rviz_ogre_vendor/lib/OGRE
-- rviz_ogre_vendor::OgreOverlay for IMPORTED_LOCATION_RELEASE: /opt/ros/foxy/opt/rviz_ogre_vendor/lib/libOgreOverlay.so
-- rviz_ogre_vendor::OgreOverlay for IMPORTED_LOCATION_DEBUG: /opt/ros/foxy/opt/rviz_ogre_vendor/lib/libOgreOverlay.so
-- rviz_ogre_vendor::OgreMain for IMPORTED_LOCATION_RELEASE: /opt/ros/foxy/opt/rviz_ogre_vendor/lib/libOgreMain.so
-- rviz_ogre_vendor::OgreMain for IMPORTED_LOCATION_DEBUG: /opt/ros/foxy/opt/rviz_ogre_vendor/lib/libOgreMain.so
-- rviz_ogre_vendor::RenderSystem_GL for IMPORTED_LOCATION_RELEASE: _render_system_gl_static_library_abs-NOTFOUND
-- rviz_ogre_vendor::RenderSystem_GL for IMPORTED_LOCATION_DEBUG: _render_system_gl_static_library_abs-NOTFOUND
-- library: libassimp.so.5
-- library: /usr/lib/x86_64-linux-gnu/libcurl.so
-- Setting yaml-cpp_DIR to: '/opt/ros/foxy/share/yaml_cpp_vendor/cmake/../../../opt/yaml_cpp_vendor/lib/cmake/yaml-cpp'
-- Found rviz_default_plugins: 8.2.8 (/opt/ros/foxy/share/rviz_default_plugins/cmake)
-- A library with LAPACK API found.
-- Found installed version of Eigen: /usr/lib/cmake/eigen3
-- Found required Ceres dependency: Eigen version 3.3.7 in /usr/include/eigen3
-- Found required Ceres dependency: glog
-- Found installed version of gflags: /usr/lib/x86_64-linux-gnu/cmake/gflags
-- Detected gflags version: 2.2.2
-- Found required Ceres dependency: gflags
-- Found Ceres version: 1.14.0 installed in: /usr with components: [EigenSparse, SparseLinearAlgebraLibrary, LAPACK, SuiteSparse, CXSparse, SchurSpecializations, OpenMP, Multithreading]
-- Found PythonInterp: /usr/bin/python3 (found version "3.8.10") 
-- Found ament_cmake_ros: 0.9.2 (/opt/ros/foxy/share/ament_cmake_ros/cmake)
-- Using all available rosidl_typesupport_c: rosidl_typesupport_fastrtps_c;rosidl_typesupport_introspection_c
-- Using all available rosidl_typesupport_cpp: rosidl_typesupport_fastrtps_cpp;rosidl_typesupport_introspection_cpp
-- Found PythonInterp: /usr/bin/python3 (found suitable version "3.8.10", minimum required is "3.5") 
-- Found python_cmake_module: 0.8.1 (/opt/ros/foxy/share/python_cmake_module/cmake)
-- Using PYTHON_EXECUTABLE: /usr/bin/python3
-- Using PYTHON_INCLUDE_DIRS: /usr/include/python3.8
-- Using PYTHON_LIBRARIES: /usr/lib/x86_64-linux-gnu/libpython3.8.so
-- Configuring done
-- Generating done
-- Build files have been written to: /home/ik/aws_ws/build/slam_toolbox
[  1%] [32m[1mLinking CXX shared library libkartoSlamToolbox.so[0m
[  2%] Built target kartoSlamToolbox
[ 11%] Built target slam_toolbox__rosidl_generator_c
[ 12%] Built target slam_toolbox__cpp
[ 21%] Built target slam_toolbox__rosidl_typesupport_c
[ 30%] Built target slam_toolbox__rosidl_typesupport_introspection_cpp
[ 31%] [32m[1mLinking CXX shared library libslam_toolbox__rosidl_typesupport_fastrtps_cpp.so[0m
[ 39%] Built target slam_toolbox__rosidl_typesupport_fastrtps_cpp
[ 48%] Built target slam_toolbox__rosidl_typesupport_cpp
[ 49%] [32m[1mLinking CXX shared library libslam_toolbox__rosidl_typesupport_fastrtps_c.so[0m
[ 57%] Built target slam_toolbox__rosidl_typesupport_fastrtps_c
[ 66%] Built target slam_toolbox__rosidl_typesupport_introspection_c
[ 66%] Built target slam_toolbox
[ 67%] [32m[1mLinking CXX shared library libtoolbox_common.so[0m
[ 71%] Built target toolbox_common
[ 72%] [32m[1mLinking CXX shared library libceres_solver_plugin.so[0m
[ 73%] Built target ceres_solver_plugin
[ 73%] [32m[1mLinking CXX executable merge_maps_kinematic[0m
[ 74%] Built target merge_maps_kinematic
[ 75%] [32m[1mLinking CXX shared library libasync_slam_toolbox.so[0m
[ 76%] Built target async_slam_toolbox
[ 76%] [32m[1mLinking CXX shared library liblocalization_slam_toolbox.so[0m
[ 77%] Built target localization_slam_toolbox
[ 77%] [32m[1mLinking CXX executable async_slam_toolbox_node[0m
[ 78%] Built target async_slam_toolbox_node
[ 79%] [32m[1mLinking CXX executable localization_slam_toolbox_node[0m
[ 80%] Built target localization_slam_toolbox_node
[ 81%] [32m[1mLinking CXX shared library libsync_slam_toolbox.so[0m
[ 82%] Built target sync_slam_toolbox
[ 83%] [32m[1mLinking CXX shared library liblifelong_slam_toolbox.so[0m
[ 84%] Built target lifelong_slam_toolbox
[ 85%] [32m[1mLinking CXX executable sync_slam_toolbox_node[0m
[ 85%] Built target sync_slam_toolbox_node
[ 86%] [32m[1mLinking CXX executable lifelong_slam_toolbox_node[0m
[ 86%] Built target lifelong_slam_toolbox_node
[ 88%] Built target SlamToolboxPlugin
[ 89%] Built target slam_toolbox__py
[ 90%] [32m[1mLinking C shared library rosidl_generator_py/slam_toolbox/libslam_toolbox__python.so[0m
[ 97%] Built target slam_toolbox__python
[ 98%] [32m[1mLinking CXX shared library rosidl_generator_py/slam_toolbox/slam_toolbox_s__rosidl_typesupport_fastrtps_c.cpython-38-x86_64-linux-gnu.so[0m
[ 98%] Built target slam_toolbox__rosidl_typesupport_fastrtps_c__pyext
[ 99%] [32m[1mLinking C shared library rosidl_generator_py/slam_toolbox/slam_toolbox_s__rosidl_typesupport_c.cpython-38-x86_64-linux-gnu.so[0m
[ 99%] Built target slam_toolbox__rosidl_typesupport_c__pyext
[ 99%] [32m[1mLinking C shared library rosidl_generator_py/slam_toolbox/slam_toolbox_s__rosidl_typesupport_introspection_c.cpython-38-x86_64-linux-gnu.so[0m
[100%] Built target slam_toolbox__rosidl_typesupport_introspection_c__pyext
-- Install configuration: "Release"
-- Execute custom install script
-- Symlinking: /home/ik/aws_ws/install/slam_toolbox/include//karto_sdk/Karto.h
-- Symlinking: /home/ik/aws_ws/install/slam_toolbox/include//karto_sdk/Macros.h
-- Symlinking: /home/ik/aws_ws/install/slam_toolbox/include//karto_sdk/Mapper.h
-- Symlinking: /home/ik/aws_ws/install/slam_toolbox/include//karto_sdk/Math.h
-- Symlinking: /home/ik/aws_ws/install/slam_toolbox/include//karto_sdk/Types.h
-- Symlinking: /home/ik/aws_ws/install/slam_toolbox/include//karto_sdk/nanoflann.hpp
-- Symlinking: /home/ik/aws_ws/install/slam_toolbox/include//karto_sdk/nanoflann_adaptors.h
-- Symlinking: /home/ik/aws_ws/install/slam_toolbox/lib/libkartoSlamToolbox.so
-- Symlinking: /home/ik/aws_ws/install/slam_toolbox/share/karto_sdk/environment/library_path.sh
-- Symlinking: /home/ik/aws_ws/install/slam_toolbox/share/karto_sdk/environment/library_path.dsv
-- Symlinking: /home/ik/aws_ws/install/slam_toolbox/share/ament_index/resource_index/package_run_dependencies/karto_sdk
-- Symlinking: /home/ik/aws_ws/install/slam_toolbox/share/ament_index/resource_index/parent_prefix_path/karto_sdk
-- Symlinking: /home/ik/aws_ws/install/slam_toolbox/share/karto_sdk/environment/ament_prefix_path.sh
-- Symlinking: /home/ik/aws_ws/install/slam_toolbox/share/karto_sdk/environment/ament_prefix_path.dsv
-- Symlinking: /home/ik/aws_ws/install/slam_toolbox/share/karto_sdk/environment/path.sh
-- Symlinking: /home/ik/aws_ws/install/slam_toolbox/share/karto_sdk/environment/path.dsv
-- Symlinking: /home/ik/aws_ws/install/slam_toolbox/share/karto_sdk/local_setup.bash
-- Symlinking: /home/ik/aws_ws/install/slam_toolbox/share/karto_sdk/local_setup.sh
-- Symlinking: /home/ik/aws_ws/install/slam_toolbox/share/karto_sdk/local_setup.zsh
-- Symlinking: /home/ik/aws_ws/install/slam_toolbox/share/karto_sdk/local_setup.dsv
-- Symlinking: /home/ik/aws_ws/install/slam_toolbox/share/karto_sdk/package.dsv
-- Symlinking: /home/ik/aws_ws/install/slam_toolbox/share/ament_index/resource_index/packages/karto_sdk
-- Symlinking: /home/ik/aws_ws/install/slam_toolbox/share/karto_sdk/cmake/ament_cmake_export_libraries-extras.cmake
-- Symlinking: /home/ik/aws_ws/install/slam_toolbox/share/karto_sdk/cmake/ament_cmake_export_include_directories-extras.cmake
-- Symlinking: /home/ik/aws_ws/install/slam_toolbox/share/karto_sdk/cmake/ament_cmake_export_dependencies-extras.cmake
-- Symlinking: /home/ik/aws_ws/install/slam_toolbox/share/karto_sdk/cmake/karto_sdkConfig.cmake
-- Symlinking: /home/ik/aws_ws/install/slam_toolbox/share/karto_sdk/cmake/karto_sdkConfig-version.cmake
-- Symlinking: /home/ik/aws_ws/install/slam_toolbox/share/karto_sdk/package.xml
-- Symlinking: /home/ik/aws_ws/install/slam_toolbox/share/ament_index/resource_index/rosidl_interfaces/slam_toolbox
-- Symlinking: /home/ik/aws_ws/install/slam_toolbox/include/slam_toolbox/msg/rosidl_generator_c__visibility_control.h
-- Symlinking: /home/ik/aws_ws/install/slam_toolbox/include/slam_toolbox/srv/add_submap.h
-- Symlinking: /home/ik/aws_ws/install/slam_toolbox/include/slam_toolbox/srv/clear.h
-- Symlinking: /home/ik/aws_ws/install/slam_toolbox/include/slam_toolbox/srv/clear_queue.h
-- Symlinking: /home/ik/aws_ws/install/slam_toolbox/include/slam_toolbox/srv/deserialize_pose_graph.h
-- Symlinking: /home/ik/aws_ws/install/slam_toolbox/include/slam_toolbox/srv/detail/add_submap__functions.h
-- Symlinking: /home/ik/aws_ws/install/slam_toolbox/include/slam_toolbox/srv/detail/add_submap__struct.h
-- Symlinking: /home/ik/aws_ws/install/slam_toolbox/include/slam_toolbox/srv/detail/add_submap__type_support.h
-- Symlinking: /home/ik/aws_ws/install/slam_toolbox/include/slam_toolbox/srv/detail/clear__functions.h
-- Symlinking: /home/ik/aws_ws/install/slam_toolbox/include/slam_toolbox/srv/detail/clear__struct.h
-- Symlinking: /home/ik/aws_ws/install/slam_toolbox/include/slam_toolbox/srv/detail/clear__type_support.h
-- Symlinking: /home/ik/aws_ws/install/slam_toolbox/include/slam_toolbox/srv/detail/clear_queue__functions.h
-- Symlinking: /home/ik/aws_ws/install/slam_toolbox/include/slam_toolbox/srv/detail/clear_queue__struct.h
-- Symlinking: /home/ik/aws_ws/install/slam_toolbox/include/slam_toolbox/srv/detail/clear_queue__type_support.h
-- Symlinking: /home/ik/aws_ws/install/slam_toolbox/include/slam_toolbox/srv/detail/deserialize_pose_graph__functions.h
-- Symlinking: /home/ik/aws_ws/install/slam_toolbox/include/slam_toolbox/srv/detail/deserialize_pose_graph__struct.h
-- Symlinking: /home/ik/aws_ws/install/slam_toolbox/include/slam_toolbox/srv/detail/deserialize_pose_graph__type_support.h
-- Symlinking: /home/ik/aws_ws/install/slam_toolbox/include/slam_toolbox/srv/detail/loop_closure__functions.h
-- Symlinking: /home/ik/aws_ws/install/slam_toolbox/include/slam_toolbox/srv/detail/loop_closure__struct.h
-- Symlinking: /home/ik/aws_ws/install/slam_toolbox/include/slam_toolbox/srv/detail/loop_closure__type_support.h
-- Symlinking: /home/ik/aws_ws/install/slam_toolbox/include/slam_toolbox/srv/detail/merge_maps__functions.h
-- Symlinking: /home/ik/aws_ws/install/slam_toolbox/include/slam_toolbox/srv/detail/merge_maps__struct.h
-- Symlinking: /home/ik/aws_ws/install/slam_toolbox/include/slam_toolbox/srv/detail/merge_maps__type_support.h
-- Symlinking: /home/ik/aws_ws/install/slam_toolbox/include/slam_toolbox/srv/detail/pause__functions.h
-- Symlinking: /home/ik/aws_ws/install/slam_toolbox/include/slam_toolbox/srv/detail/pause__struct.h
-- Symlinking: /home/ik/aws_ws/install/slam_toolbox/include/slam_toolbox/srv/detail/pause__type_support.h
-- Symlinking: /home/ik/aws_ws/install/slam_toolbox/include/slam_toolbox/srv/detail/save_map__functions.h
-- Symlinking: /home/ik/aws_ws/install/slam_toolbox/include/slam_toolbox/srv/detail/save_map__struct.h
-- Symlinking: /home/ik/aws_ws/install/slam_toolbox/include/slam_toolbox/srv/detail/save_map__type_support.h
-- Symlinking: /home/ik/aws_ws/install/slam_toolbox/include/slam_toolbox/srv/detail/serialize_pose_graph__functions.h
-- Symlinking: /home/ik/aws_ws/install/slam_toolbox/include/slam_toolbox/srv/detail/serialize_pose_graph__struct.h
-- Symlinking: /home/ik/aws_ws/install/slam_toolbox/include/slam_toolbox/srv/detail/serialize_pose_graph__type_support.h
-- Symlinking: /home/ik/aws_ws/install/slam_toolbox/include/slam_toolbox/srv/detail/toggle_interactive__functions.h
-- Symlinking: /home/ik/aws_ws/install/slam_toolbox/include/slam_toolbox/srv/detail/toggle_interactive__struct.h
-- Symlinking: /home/ik/aws_ws/install/slam_toolbox/include/slam_toolbox/srv/detail/toggle_interactive__type_support.h
-- Symlinking: /home/ik/aws_ws/install/slam_toolbox/include/slam_toolbox/srv/loop_closure.h
-- Symlinking: /home/ik/aws_ws/install/slam_toolbox/include/slam_toolbox/srv/merge_maps.h
-- Symlinking: /home/ik/aws_ws/install/slam_toolbox/include/slam_toolbox/srv/pause.h
-- Symlinking: /home/ik/aws_ws/install/slam_toolbox/include/slam_toolbox/srv/save_map.h
-- Symlinking: /home/ik/aws_ws/install/slam_toolbox/include/slam_toolbox/srv/serialize_pose_graph.h
-- Symlinking: /home/ik/aws_ws/install/slam_toolbox/include/slam_toolbox/srv/toggle_interactive.h
-- Symlinking: /home/ik/aws_ws/install/slam_toolbox/share/slam_toolbox/environment/library_path.sh
-- Symlinking: /home/ik/aws_ws/install/slam_toolbox/share/slam_toolbox/environment/library_path.dsv
-- Symlinking: /home/ik/aws_ws/install/slam_toolbox/include/slam_toolbox/msg/rosidl_typesupport_fastrtps_c__visibility_control.h
-- Symlinking: /home/ik/aws_ws/install/slam_toolbox/include/slam_toolbox/srv/detail/add_submap__rosidl_typesupport_fastrtps_c.h
-- Symlinking: /home/ik/aws_ws/install/slam_toolbox/include/slam_toolbox/srv/detail/clear__rosidl_typesupport_fastrtps_c.h
-- Symlinking: /home/ik/aws_ws/install/slam_toolbox/include/slam_toolbox/srv/detail/clear_queue__rosidl_typesupport_fastrtps_c.h
-- Symlinking: /home/ik/aws_ws/install/slam_toolbox/include/slam_toolbox/srv/detail/deserialize_pose_graph__rosidl_typesupport_fastrtps_c.h
-- Symlinking: /home/ik/aws_ws/install/slam_toolbox/include/slam_toolbox/srv/detail/loop_closure__rosidl_typesupport_fastrtps_c.h
-- Symlinking: /home/ik/aws_ws/install/slam_toolbox/include/slam_toolbox/srv/detail/merge_maps__rosidl_typesupport_fastrtps_c.h
-- Symlinking: /home/ik/aws_ws/install/slam_toolbox/include/slam_toolbox/srv/detail/pause__rosidl_typesupport_fastrtps_c.h
-- Symlinking: /home/ik/aws_ws/install/slam_toolbox/include/slam_toolbox/srv/detail/save_map__rosidl_typesupport_fastrtps_c.h
-- Symlinking: /home/ik/aws_ws/install/slam_toolbox/include/slam_toolbox/srv/detail/serialize_pose_graph__rosidl_typesupport_fastrtps_c.h
-- Symlinking: /home/ik/aws_ws/install/slam_toolbox/include/slam_toolbox/srv/detail/toggle_interactive__rosidl_typesupport_fastrtps_c.h
-- Symlinking: /home/ik/aws_ws/install/slam_toolbox/lib/libslam_toolbox__rosidl_typesupport_fastrtps_c.so
-- Symlinking: /home/ik/aws_ws/install/slam_toolbox/include/slam_toolbox/msg/rosidl_typesupport_fastrtps_cpp__visibility_control.h
-- Symlinking: /home/ik/aws_ws/install/slam_toolbox/include/slam_toolbox/srv/detail/add_submap__rosidl_typesupport_fastrtps_cpp.hpp
-- Symlinking: /home/ik/aws_ws/install/slam_toolbox/include/slam_toolbox/srv/detail/clear__rosidl_typesupport_fastrtps_cpp.hpp
-- Symlinking: /home/ik/aws_ws/install/slam_toolbox/include/slam_toolbox/srv/detail/clear_queue__rosidl_typesupport_fastrtps_cpp.hpp
-- Symlinking: /home/ik/aws_ws/install/slam_toolbox/include/slam_toolbox/srv/detail/deserialize_pose_graph__rosidl_typesupport_fastrtps_cpp.hpp
-- Symlinking: /home/ik/aws_ws/install/slam_toolbox/include/slam_toolbox/srv/detail/loop_closure__rosidl_typesupport_fastrtps_cpp.hpp
-- Symlinking: /home/ik/aws_ws/install/slam_toolbox/include/slam_toolbox/srv/detail/merge_maps__rosidl_typesupport_fastrtps_cpp.hpp
-- Symlinking: /home/ik/aws_ws/install/slam_toolbox/include/slam_toolbox/srv/detail/pause__rosidl_typesupport_fastrtps_cpp.hpp
-- Symlinking: /home/ik/aws_ws/install/slam_toolbox/include/slam_toolbox/srv/detail/save_map__rosidl_typesupport_fastrtps_cpp.hpp
-- Symlinking: /home/ik/aws_ws/install/slam_toolbox/include/slam_toolbox/srv/detail/serialize_pose_graph__rosidl_typesupport_fastrtps_cpp.hpp
-- Symlinking: /home/ik/aws_ws/install/slam_toolbox/include/slam_toolbox/srv/detail/toggle_interactive__rosidl_typesupport_fastrtps_cpp.hpp
-- Symlinking: /home/ik/aws_ws/install/slam_toolbox/lib/libslam_toolbox__rosidl_typesupport_fastrtps_cpp.so
-- Symlinking: /home/ik/aws_ws/install/slam_toolbox/include/slam_toolbox/msg/rosidl_typesupport_introspection_c__visibility_control.h
-- Symlinking: /home/ik/aws_ws/install/slam_toolbox/include/slam_toolbox/srv/detail/add_submap__rosidl_typesupport_introspection_c.h
-- Symlinking: /home/ik/aws_ws/install/slam_toolbox/include/slam_toolbox/srv/detail/clear__rosidl_typesupport_introspection_c.h
-- Symlinking: /home/ik/aws_ws/install/slam_toolbox/include/slam_toolbox/srv/detail/clear_queue__rosidl_typesupport_introspection_c.h
-- Symlinking: /home/ik/aws_ws/install/slam_toolbox/include/slam_toolbox/srv/detail/deserialize_pose_graph__rosidl_typesupport_introspection_c.h
-- Symlinking: /home/ik/aws_ws/install/slam_toolbox/include/slam_toolbox/srv/detail/loop_closure__rosidl_typesupport_introspection_c.h
-- Symlinking: /home/ik/aws_ws/install/slam_toolbox/include/slam_toolbox/srv/detail/merge_maps__rosidl_typesupport_introspection_c.h
-- Symlinking: /home/ik/aws_ws/install/slam_toolbox/include/slam_toolbox/srv/detail/pause__rosidl_typesupport_introspection_c.h
-- Symlinking: /home/ik/aws_ws/install/slam_toolbox/include/slam_toolbox/srv/detail/save_map__rosidl_typesupport_introspection_c.h
-- Symlinking: /home/ik/aws_ws/install/slam_toolbox/include/slam_toolbox/srv/detail/serialize_pose_graph__rosidl_typesupport_introspection_c.h
-- Symlinking: /home/ik/aws_ws/install/slam_toolbox/include/slam_toolbox/srv/detail/toggle_interactive__rosidl_typesupport_introspection_c.h
-- Symlinking: /home/ik/aws_ws/install/slam_toolbox/include/slam_toolbox/srv/add_submap.hpp
-- Symlinking: /home/ik/aws_ws/install/slam_toolbox/include/slam_toolbox/srv/clear.hpp
-- Symlinking: /home/ik/aws_ws/install/slam_toolbox/include/slam_toolbox/srv/clear_queue.hpp
-- Symlinking: /home/ik/aws_ws/install/slam_toolbox/include/slam_toolbox/srv/deserialize_pose_graph.hpp
-- Symlinking: /home/ik/aws_ws/install/slam_toolbox/include/slam_toolbox/srv/detail/add_submap__builder.hpp
-- Symlinking: /home/ik/aws_ws/install/slam_toolbox/include/slam_toolbox/srv/detail/add_submap__struct.hpp
-- Symlinking: /home/ik/aws_ws/install/slam_toolbox/include/slam_toolbox/srv/detail/add_submap__traits.hpp
-- Symlinking: /home/ik/aws_ws/install/slam_toolbox/include/slam_toolbox/srv/detail/clear__builder.hpp
-- Symlinking: /home/ik/aws_ws/install/slam_toolbox/include/slam_toolbox/srv/detail/clear__struct.hpp
-- Symlinking: /home/ik/aws_ws/install/slam_toolbox/include/slam_toolbox/srv/detail/clear__traits.hpp
-- Symlinking: /home/ik/aws_ws/install/slam_toolbox/include/slam_toolbox/srv/detail/clear_queue__builder.hpp
-- Symlinking: /home/ik/aws_ws/install/slam_toolbox/include/slam_toolbox/srv/detail/clear_queue__struct.hpp
-- Symlinking: /home/ik/aws_ws/install/slam_toolbox/include/slam_toolbox/srv/detail/clear_queue__traits.hpp
-- Symlinking: /home/ik/aws_ws/install/slam_toolbox/include/slam_toolbox/srv/detail/deserialize_pose_graph__builder.hpp
-- Symlinking: /home/ik/aws_ws/install/slam_toolbox/include/slam_toolbox/srv/detail/deserialize_pose_graph__struct.hpp
-- Symlinking: /home/ik/aws_ws/install/slam_toolbox/include/slam_toolbox/srv/detail/deserialize_pose_graph__traits.hpp
-- Symlinking: /home/ik/aws_ws/install/slam_toolbox/include/slam_toolbox/srv/detail/loop_closure__builder.hpp
-- Symlinking: /home/ik/aws_ws/install/slam_toolbox/include/slam_toolbox/srv/detail/loop_closure__struct.hpp
-- Symlinking: /home/ik/aws_ws/install/slam_toolbox/include/slam_toolbox/srv/detail/loop_closure__traits.hpp
-- Symlinking: /home/ik/aws_ws/install/slam_toolbox/include/slam_toolbox/srv/detail/merge_maps__builder.hpp
-- Symlinking: /home/ik/aws_ws/install/slam_toolbox/include/slam_toolbox/srv/detail/merge_maps__struct.hpp
-- Symlinking: /home/ik/aws_ws/install/slam_toolbox/include/slam_toolbox/srv/detail/merge_maps__traits.hpp
-- Symlinking: /home/ik/aws_ws/install/slam_toolbox/include/slam_toolbox/srv/detail/pause__builder.hpp
-- Symlinking: /home/ik/aws_ws/install/slam_toolbox/include/slam_toolbox/srv/detail/pause__struct.hpp
-- Symlinking: /home/ik/aws_ws/install/slam_toolbox/include/slam_toolbox/srv/detail/pause__traits.hpp
-- Symlinking: /home/ik/aws_ws/install/slam_toolbox/include/slam_toolbox/srv/detail/save_map__builder.hpp
-- Symlinking: /home/ik/aws_ws/install/slam_toolbox/include/slam_toolbox/srv/detail/save_map__struct.hpp
-- Symlinking: /home/ik/aws_ws/install/slam_toolbox/include/slam_toolbox/srv/detail/save_map__traits.hpp
-- Symlinking: /home/ik/aws_ws/install/slam_toolbox/include/slam_toolbox/srv/detail/serialize_pose_graph__builder.hpp
-- Symlinking: /home/ik/aws_ws/install/slam_toolbox/include/slam_toolbox/srv/detail/serialize_pose_graph__struct.hpp
-- Symlinking: /home/ik/aws_ws/install/slam_toolbox/include/slam_toolbox/srv/detail/serialize_pose_graph__traits.hpp
-- Symlinking: /home/ik/aws_ws/install/slam_toolbox/include/slam_toolbox/srv/detail/toggle_interactive__builder.hpp
-- Symlinking: /home/ik/aws_ws/install/slam_toolbox/include/slam_toolbox/srv/detail/toggle_interactive__struct.hpp
-- Symlinking: /home/ik/aws_ws/install/slam_toolbox/include/slam_toolbox/srv/detail/toggle_interactive__traits.hpp
-- Symlinking: /home/ik/aws_ws/install/slam_toolbox/include/slam_toolbox/srv/loop_closure.hpp
-- Symlinking: /home/ik/aws_ws/install/slam_toolbox/include/slam_toolbox/srv/merge_maps.hpp
-- Symlinking: /home/ik/aws_ws/install/slam_toolbox/include/slam_toolbox/srv/pause.hpp
-- Symlinking: /home/ik/aws_ws/install/slam_toolbox/include/slam_toolbox/srv/save_map.hpp
-- Symlinking: /home/ik/aws_ws/install/slam_toolbox/include/slam_toolbox/srv/serialize_pose_graph.hpp
-- Symlinking: /home/ik/aws_ws/install/slam_toolbox/include/slam_toolbox/srv/toggle_interactive.hpp
-- Symlinking: /home/ik/aws_ws/install/slam_toolbox/include/slam_toolbox/srv/detail/add_submap__rosidl_typesupport_introspection_cpp.hpp
-- Symlinking: /home/ik/aws_ws/install/slam_toolbox/include/slam_toolbox/srv/detail/clear__rosidl_typesupport_introspection_cpp.hpp
-- Symlinking: /home/ik/aws_ws/install/slam_toolbox/include/slam_toolbox/srv/detail/clear_queue__rosidl_typesupport_introspection_cpp.hpp
-- Symlinking: /home/ik/aws_ws/install/slam_toolbox/include/slam_toolbox/srv/detail/deserialize_pose_graph__rosidl_typesupport_introspection_cpp.hpp
-- Symlinking: /home/ik/aws_ws/install/slam_toolbox/include/slam_toolbox/srv/detail/loop_closure__rosidl_typesupport_introspection_cpp.hpp
-- Symlinking: /home/ik/aws_ws/install/slam_toolbox/include/slam_toolbox/srv/detail/merge_maps__rosidl_typesupport_introspection_cpp.hpp
-- Symlinking: /home/ik/aws_ws/install/slam_toolbox/include/slam_toolbox/srv/detail/pause__rosidl_typesupport_introspection_cpp.hpp
-- Symlinking: /home/ik/aws_ws/install/slam_toolbox/include/slam_toolbox/srv/detail/save_map__rosidl_typesupport_introspection_cpp.hpp
-- Symlinking: /home/ik/aws_ws/install/slam_toolbox/include/slam_toolbox/srv/detail/serialize_pose_graph__rosidl_typesupport_introspection_cpp.hpp
-- Symlinking: /home/ik/aws_ws/install/slam_toolbox/include/slam_toolbox/srv/detail/toggle_interactive__rosidl_typesupport_introspection_cpp.hpp
-- Symlinking: /home/ik/aws_ws/install/slam_toolbox/share/slam_toolbox/environment/pythonpath.sh
-- Symlinking: /home/ik/aws_ws/install/slam_toolbox/share/slam_toolbox/environment/pythonpath.dsv
-- Symlinking: /home/ik/aws_ws/install/slam_toolbox/lib/python3.8/site-packages/slam_toolbox/__init__.py
-- Symlinking: /home/ik/aws_ws/install/slam_toolbox/lib/python3.8/site-packages/slam_toolbox/srv/__init__.py
-- Symlinking: /home/ik/aws_ws/install/slam_toolbox/lib/python3.8/site-packages/slam_toolbox/srv/_add_submap.py
-- Symlinking: /home/ik/aws_ws/install/slam_toolbox/lib/python3.8/site-packages/slam_toolbox/srv/_clear.py
-- Symlinking: /home/ik/aws_ws/install/slam_toolbox/lib/python3.8/site-packages/slam_toolbox/srv/_clear_queue.py
-- Symlinking: /home/ik/aws_ws/install/slam_toolbox/lib/python3.8/site-packages/slam_toolbox/srv/_deserialize_pose_graph.py
-- Symlinking: /home/ik/aws_ws/install/slam_toolbox/lib/python3.8/site-packages/slam_toolbox/srv/_loop_closure.py
-- Symlinking: /home/ik/aws_ws/install/slam_toolbox/lib/python3.8/site-packages/slam_toolbox/srv/_merge_maps.py
-- Symlinking: /home/ik/aws_ws/install/slam_toolbox/lib/python3.8/site-packages/slam_toolbox/srv/_pause.py
-- Symlinking: /home/ik/aws_ws/install/slam_toolbox/lib/python3.8/site-packages/slam_toolbox/srv/_save_map.py
-- Symlinking: /home/ik/aws_ws/install/slam_toolbox/lib/python3.8/site-packages/slam_toolbox/srv/_serialize_pose_graph.py
-- Symlinking: /home/ik/aws_ws/install/slam_toolbox/lib/python3.8/site-packages/slam_toolbox/srv/_toggle_interactive.py
-- Symlinking: /home/ik/aws_ws/install/slam_toolbox/lib/python3.8/site-packages/slam_toolbox/slam_toolbox_s__rosidl_typesupport_fastrtps_c.cpython-38-x86_64-linux-gnu.so
-- Symlinking: /home/ik/aws_ws/install/slam_toolbox/lib/python3.8/site-packages/slam_toolbox/slam_toolbox_s__rosidl_typesupport_introspection_c.cpython-38-x86_64-linux-gnu.so
-- Symlinking: /home/ik/aws_ws/install/slam_toolbox/lib/python3.8/site-packages/slam_toolbox/slam_toolbox_s__rosidl_typesupport_c.cpython-38-x86_64-linux-gnu.so
-- Symlinking: /home/ik/aws_ws/install/slam_toolbox/lib/libslam_toolbox__python.so
-- Symlinking: /home/ik/aws_ws/install/slam_toolbox/share/slam_toolbox/srv/Pause.idl
-- Symlinking: /home/ik/aws_ws/install/slam_toolbox/share/slam_toolbox/srv/ClearQueue.idl
-- Symlinking: /home/ik/aws_ws/install/slam_toolbox/share/slam_toolbox/srv/ToggleInteractive.idl
-- Symlinking: /home/ik/aws_ws/install/slam_toolbox/share/slam_toolbox/srv/Clear.idl
-- Symlinking: /home/ik/aws_ws/install/slam_toolbox/share/slam_toolbox/srv/SaveMap.idl
-- Symlinking: /home/ik/aws_ws/install/slam_toolbox/share/slam_toolbox/srv/LoopClosure.idl
-- Symlinking: /home/ik/aws_ws/install/slam_toolbox/share/slam_toolbox/srv/MergeMaps.idl
-- Symlinking: /home/ik/aws_ws/install/slam_toolbox/share/slam_toolbox/srv/AddSubmap.idl
-- Symlinking: /home/ik/aws_ws/install/slam_toolbox/share/slam_toolbox/srv/DeserializePoseGraph.idl
-- Symlinking: /home/ik/aws_ws/install/slam_toolbox/share/slam_toolbox/srv/SerializePoseGraph.idl
-- Symlinking: /home/ik/aws_ws/install/slam_toolbox/share/slam_toolbox/srvs/Pause.srv
-- Symlinking: /home/ik/aws_ws/install/slam_toolbox/share/slam_toolbox/srvs/Pause_Request.msg
-- Symlinking: /home/ik/aws_ws/install/slam_toolbox/share/slam_toolbox/srvs/Pause_Response.msg
-- Symlinking: /home/ik/aws_ws/install/slam_toolbox/share/slam_toolbox/srvs/ClearQueue.srv
-- Symlinking: /home/ik/aws_ws/install/slam_toolbox/share/slam_toolbox/srvs/ClearQueue_Request.msg
-- Symlinking: /home/ik/aws_ws/install/slam_toolbox/share/slam_toolbox/srvs/ClearQueue_Response.msg
-- Symlinking: /home/ik/aws_ws/install/slam_toolbox/share/slam_toolbox/srvs/ToggleInteractive.srv
-- Symlinking: /home/ik/aws_ws/install/slam_toolbox/share/slam_toolbox/srvs/ToggleInteractive_Request.msg
-- Symlinking: /home/ik/aws_ws/install/slam_toolbox/share/slam_toolbox/srvs/ToggleInteractive_Response.msg
-- Symlinking: /home/ik/aws_ws/install/slam_toolbox/share/slam_toolbox/srvs/Clear.srv
-- Symlinking: /home/ik/aws_ws/install/slam_toolbox/share/slam_toolbox/srvs/Clear_Request.msg
-- Symlinking: /home/ik/aws_ws/install/slam_toolbox/share/slam_toolbox/srvs/Clear_Response.msg
-- Symlinking: /home/ik/aws_ws/install/slam_toolbox/share/slam_toolbox/srvs/SaveMap.srv
-- Symlinking: /home/ik/aws_ws/install/slam_toolbox/share/slam_toolbox/srvs/SaveMap_Request.msg
-- Symlinking: /home/ik/aws_ws/install/slam_toolbox/share/slam_toolbox/srvs/SaveMap_Response.msg
-- Symlinking: /home/ik/aws_ws/install/slam_toolbox/share/slam_toolbox/srvs/LoopClosure.srv
-- Symlinking: /home/ik/aws_ws/install/slam_toolbox/share/slam_toolbox/srvs/LoopClosure_Request.msg
-- Symlinking: /home/ik/aws_ws/install/slam_toolbox/share/slam_toolbox/srvs/LoopClosure_Response.msg
-- Symlinking: /home/ik/aws_ws/install/slam_toolbox/share/slam_toolbox/srvs/MergeMaps.srv
-- Symlinking: /home/ik/aws_ws/install/slam_toolbox/share/slam_toolbox/srvs/MergeMaps_Request.msg
-- Symlinking: /home/ik/aws_ws/install/slam_toolbox/share/slam_toolbox/srvs/MergeMaps_Response.msg
-- Symlinking: /home/ik/aws_ws/install/slam_toolbox/share/slam_toolbox/srvs/AddSubmap.srv
-- Symlinking: /home/ik/aws_ws/install/slam_toolbox/share/slam_toolbox/srvs/AddSubmap_Request.msg
-- Symlinking: /home/ik/aws_ws/install/slam_toolbox/share/slam_toolbox/srvs/AddSubmap_Response.msg
-- Symlinking: /home/ik/aws_ws/install/slam_toolbox/share/slam_toolbox/srvs/DeserializePoseGraph.srv
-- Symlinking: /home/ik/aws_ws/install/slam_toolbox/share/slam_toolbox/srvs/DeserializePoseGraph_Request.msg
-- Symlinking: /home/ik/aws_ws/install/slam_toolbox/share/slam_toolbox/srvs/DeserializePoseGraph_Response.msg
-- Symlinking: /home/ik/aws_ws/install/slam_toolbox/share/slam_toolbox/srvs/SerializePoseGraph.srv
-- Symlinking: /home/ik/aws_ws/install/slam_toolbox/share/slam_toolbox/srvs/SerializePoseGraph_Request.msg
-- Symlinking: /home/ik/aws_ws/install/slam_toolbox/share/slam_toolbox/srvs/SerializePoseGraph_Response.msg
-- Symlinking: /home/ik/aws_ws/install/slam_toolbox/share/slam_toolbox//rviz_plugins.xml
-- Symlinking: /home/ik/aws_ws/install/slam_toolbox/share/slam_toolbox//solver_plugins.xml
-- Symlinking: /home/ik/aws_ws/install/slam_toolbox/lib/slam_toolbox/async_slam_toolbox_node
-- Symlinking: /home/ik/aws_ws/install/slam_toolbox/lib/slam_toolbox/sync_slam_toolbox_node
-- Symlinking: /home/ik/aws_ws/install/slam_toolbox/lib/slam_toolbox/localization_slam_toolbox_node
-- Symlinking: /home/ik/aws_ws/install/slam_toolbox/lib/slam_toolbox/lifelong_slam_toolbox_node
-- Symlinking: /home/ik/aws_ws/install/slam_toolbox/lib/slam_toolbox/merge_maps_kinematic
-- Symlinking: /home/ik/aws_ws/install/slam_toolbox/lib/libtoolbox_common.so
-- Symlinking: /home/ik/aws_ws/install/slam_toolbox/lib/libSlamToolboxPlugin.so
-- Symlinking: /home/ik/aws_ws/install/slam_toolbox/lib/libceres_solver_plugin.so
-- Symlinking: /home/ik/aws_ws/install/slam_toolbox/lib/libasync_slam_toolbox.so
-- Symlinking: /home/ik/aws_ws/install/slam_toolbox/lib/libsync_slam_toolbox.so
-- Symlinking: /home/ik/aws_ws/install/slam_toolbox/lib/liblocalization_slam_toolbox.so
-- Symlinking: /home/ik/aws_ws/install/slam_toolbox/lib/liblifelong_slam_toolbox.so
-- Symlinking: /home/ik/aws_ws/install/slam_toolbox/include/slam_toolbox/experimental/slam_toolbox_lifelong.hpp
-- Symlinking: /home/ik/aws_ws/install/slam_toolbox/include/slam_toolbox/get_pose_helper.hpp
-- Symlinking: /home/ik/aws_ws/install/slam_toolbox/include/slam_toolbox/laser_utils.hpp
-- Symlinking: /home/ik/aws_ws/install/slam_toolbox/include/slam_toolbox/loop_closure_assistant.hpp
-- Symlinking: /home/ik/aws_ws/install/slam_toolbox/include/slam_toolbox/map_saver.hpp
-- Symlinking: /home/ik/aws_ws/install/slam_toolbox/include/slam_toolbox/merge_maps_kinematic.hpp
-- Symlinking: /home/ik/aws_ws/install/slam_toolbox/include/slam_toolbox/serialization.hpp
-- Symlinking: /home/ik/aws_ws/install/slam_toolbox/include/slam_toolbox/slam_mapper.hpp
-- Symlinking: /home/ik/aws_ws/install/slam_toolbox/include/slam_toolbox/slam_toolbox_async.hpp
-- Symlinking: /home/ik/aws_ws/install/slam_toolbox/include/slam_toolbox/slam_toolbox_common.hpp
-- Symlinking: /home/ik/aws_ws/install/slam_toolbox/include/slam_toolbox/slam_toolbox_localization.hpp
-- Symlinking: /home/ik/aws_ws/install/slam_toolbox/include/slam_toolbox/slam_toolbox_sync.hpp
-- Symlinking: /home/ik/aws_ws/install/slam_toolbox/include/slam_toolbox/snap_utils.hpp
-- Symlinking: /home/ik/aws_ws/install/slam_toolbox/include/slam_toolbox/toolbox_msgs.hpp
-- Symlinking: /home/ik/aws_ws/install/slam_toolbox/include/slam_toolbox/toolbox_types.hpp
-- Symlinking: /home/ik/aws_ws/install/slam_toolbox/include/slam_toolbox/visualization_utils.hpp
-- Symlinking: /home/ik/aws_ws/install/slam_toolbox/share/slam_toolbox/launch/lifelong_launch.py
-- Symlinking: /home/ik/aws_ws/install/slam_toolbox/share/slam_toolbox/launch/localization_launch.py
-- Symlinking: /home/ik/aws_ws/install/slam_toolbox/share/slam_toolbox/launch/merge_maps_kinematic_launch.py
-- Symlinking: /home/ik/aws_ws/install/slam_toolbox/share/slam_toolbox/launch/offline_launch.py
-- Symlinking: /home/ik/aws_ws/install/slam_toolbox/share/slam_toolbox/launch/online_async_launch.py
-- Symlinking: /home/ik/aws_ws/install/slam_toolbox/share/slam_toolbox/launch/online_sync_launch.py
-- Symlinking: /home/ik/aws_ws/install/slam_toolbox/share/slam_toolbox/config/mapper_params_lifelong.yaml
-- Symlinking: /home/ik/aws_ws/install/slam_toolbox/share/slam_toolbox/config/mapper_params_localization.yaml
-- Symlinking: /home/ik/aws_ws/install/slam_toolbox/share/slam_toolbox/config/mapper_params_offline.yaml
-- Symlinking: /home/ik/aws_ws/install/slam_toolbox/share/slam_toolbox/config/mapper_params_online_async.yaml
-- Symlinking: /home/ik/aws_ws/install/slam_toolbox/share/slam_toolbox/config/mapper_params_online_sync.yaml
-- Symlinking: /home/ik/aws_ws/install/slam_toolbox/share/solver_plugins.xml
-- Symlinking: /home/ik/aws_ws/install/slam_toolbox/share/rviz_plugins.xml
-- Symlinking: /home/ik/aws_ws/install/slam_toolbox/share/ament_index/resource_index/package_run_dependencies/slam_toolbox
-- Symlinking: /home/ik/aws_ws/install/slam_toolbox/share/ament_index/resource_index/parent_prefix_path/slam_toolbox
-- Symlinking: /home/ik/aws_ws/install/slam_toolbox/share/slam_toolbox/environment/ament_prefix_path.sh
-- Symlinking: /home/ik/aws_ws/install/slam_toolbox/share/slam_toolbox/environment/ament_prefix_path.dsv
-- Symlinking: /home/ik/aws_ws/install/slam_toolbox/share/slam_toolbox/environment/path.sh
-- Symlinking: /home/ik/aws_ws/install/slam_toolbox/share/slam_toolbox/environment/path.dsv
-- Symlinking: /home/ik/aws_ws/install/slam_toolbox/share/slam_toolbox/local_setup.bash
-- Symlinking: /home/ik/aws_ws/install/slam_toolbox/share/slam_toolbox/local_setup.sh
-- Symlinking: /home/ik/aws_ws/install/slam_toolbox/share/slam_toolbox/local_setup.zsh
-- Symlinking: /home/ik/aws_ws/install/slam_toolbox/share/slam_toolbox/local_setup.dsv
-- Symlinking: /home/ik/aws_ws/install/slam_toolbox/share/slam_toolbox/package.dsv
-- Symlinking: /home/ik/aws_ws/install/slam_toolbox/share/ament_index/resource_index/packages/slam_toolbox
-- Symlinking: /home/ik/aws_ws/install/slam_toolbox/share/ament_index/resource_index/rviz_common__pluginlib__plugin/slam_toolbox
-- Symlinking: /home/ik/aws_ws/install/slam_toolbox/share/ament_index/resource_index/slam_toolbox__pluginlib__plugin/slam_toolbox
-- Symlinking: /home/ik/aws_ws/install/slam_toolbox/share/slam_toolbox/cmake/rosidl_cmake-extras.cmake
-- Symlinking: /home/ik/aws_ws/install/slam_toolbox/share/slam_toolbox/cmake/ament_cmake_export_dependencies-extras.cmake
-- Symlinking: /home/ik/aws_ws/install/slam_toolbox/share/slam_toolbox/cmake/ament_cmake_export_libraries-extras.cmake
-- Symlinking: /home/ik/aws_ws/install/slam_toolbox/share/slam_toolbox/cmake/ament_cmake_export_targets-extras.cmake
-- Symlinking: /home/ik/aws_ws/install/slam_toolbox/share/slam_toolbox/cmake/ament_cmake_export_include_directories-extras.cmake
-- Symlinking: /home/ik/aws_ws/install/slam_toolbox/share/slam_toolbox/cmake/rosidl_cmake_export_typesupport_libraries-extras.cmake
-- Symlinking: /home/ik/aws_ws/install/slam_toolbox/share/slam_toolbox/cmake/rosidl_cmake_export_typesupport_targets-extras.cmake
-- Symlinking: /home/ik/aws_ws/install/slam_toolbox/share/slam_toolbox/cmake/slam_toolboxConfig.cmake
-- Symlinking: /home/ik/aws_ws/install/slam_toolbox/share/slam_toolbox/cmake/slam_toolboxConfig-version.cmake
-- Symlinking: /home/ik/aws_ws/install/slam_toolbox/share/slam_toolbox/package.xml
-- Up-to-date: /home/ik/aws_ws/install/slam_toolbox/lib/libslam_toolbox__rosidl_generator_c.so
-- Up-to-date: /home/ik/aws_ws/install/slam_toolbox/lib/libslam_toolbox__rosidl_typesupport_introspection_c.so
-- Up-to-date: /home/ik/aws_ws/install/slam_toolbox/lib/libslam_toolbox__rosidl_typesupport_c.so
-- Up-to-date: /home/ik/aws_ws/install/slam_toolbox/lib/libslam_toolbox__rosidl_typesupport_introspection_cpp.so
-- Up-to-date: /home/ik/aws_ws/install/slam_toolbox/lib/libslam_toolbox__rosidl_typesupport_cpp.so
Compiling '/home/ik/aws_ws/install/slam_toolbox/lib/python3.8/site-packages/slam_toolbox/__init__.py'...
-- Up-to-date: /home/ik/aws_ws/install/slam_toolbox/share/slam_toolbox/cmake/slam_toolbox__rosidl_generator_cExport.cmake
-- Installing: /home/ik/aws_ws/install/slam_toolbox/share/slam_toolbox/cmake/slam_toolbox__rosidl_generator_cExport-release.cmake
-- Up-to-date: /home/ik/aws_ws/install/slam_toolbox/share/slam_toolbox/cmake/slam_toolbox__rosidl_typesupport_introspection_cExport.cmake
-- Installing: /home/ik/aws_ws/install/slam_toolbox/share/slam_toolbox/cmake/slam_toolbox__rosidl_typesupport_introspection_cExport-release.cmake
-- Up-to-date: /home/ik/aws_ws/install/slam_toolbox/share/slam_toolbox/cmake/slam_toolbox__rosidl_typesupport_cExport.cmake
-- Installing: /home/ik/aws_ws/install/slam_toolbox/share/slam_toolbox/cmake/slam_toolbox__rosidl_typesupport_cExport-release.cmake
-- Up-to-date: /home/ik/aws_ws/install/slam_toolbox/share/slam_toolbox/cmake/slam_toolbox__rosidl_generator_cppExport.cmake
-- Up-to-date: /home/ik/aws_ws/install/slam_toolbox/share/slam_toolbox/cmake/slam_toolbox__rosidl_typesupport_introspection_cppExport.cmake
-- Installing: /home/ik/aws_ws/install/slam_toolbox/share/slam_toolbox/cmake/slam_toolbox__rosidl_typesupport_introspection_cppExport-release.cmake
-- Up-to-date: /home/ik/aws_ws/install/slam_toolbox/share/slam_toolbox/cmake/slam_toolbox__rosidl_typesupport_cppExport.cmake
-- Installing: /home/ik/aws_ws/install/slam_toolbox/share/slam_toolbox/cmake/slam_toolbox__rosidl_typesupport_cppExport-release.cmake
-- Up-to-date: /home/ik/aws_ws/install/slam_toolbox/share/slam_toolbox/cmake/SlamToolboxPluginExport.cmake
-- Installing: /home/ik/aws_ws/install/slam_toolbox/share/slam_toolbox/cmake/SlamToolboxPluginExport-release.cmake
