[0.020s] Invoking command in '/home/ik/aws_ws/build/nav2_util': AMENT_PREFIX_PATH=/home/ik/aws_ws/install/nav2_msgs:/home/ik/aws_ws/install/nav2_common:${AMENT_PREFIX_PATH} CMAKE_PREFIX_PATH=/home/ik/aws_ws/install/nav2_msgs:/home/ik/aws_ws/install/nav2_common:/home/ik/aws_ws/install/turtlebot3_simulations:/home/ik/aws_ws/install/turtlebot3_gazebo:/home/ik/aws_ws/install/turtlebot3_fake_node:/home/ik/aws_ws/install/slam_toolbox:/home/ik/aws_ws/install/aws_robomaker_small_warehouse_world:/opt/ros/foxy LD_LIBRARY_PATH=/home/ik/aws_ws/install/nav2_msgs/lib:/home/ik/aws_ws/install/slam_toolbox/lib:/usr/lib/x86_64-linux-gnu/gazebo-11/plugins:/opt/ros/foxy/opt/yaml_cpp_vendor/lib:/opt/ros/foxy/opt/rviz_ogre_vendor/lib:/opt/ros/foxy/lib/x86_64-linux-gnu:/opt/ros/foxy/lib:/usr/share/gazebo/../../lib/x86_64-linux-gnu/gazebo-11/plugins PYTHONPATH=/home/ik/aws_ws/install/nav2_msgs/lib/python3.8/site-packages:/home/ik/aws_ws/install/nav2_common/lib/python3.8/site-packages:${PYTHONPATH} /usr/bin/cmake /home/ik/aws_ws/src/navigation2/nav2_util -DAMENT_CMAKE_SYMLINK_INSTALL=1 -DCMAKE_INSTALL_PREFIX=/home/ik/aws_ws/install/nav2_util
[0.108s] -- The C compiler identification is GNU 9.4.0
[0.176s] -- The CXX compiler identification is GNU 9.4.0
[0.184s] -- Check for working C compiler: /usr/bin/cc
[0.280s] -- Check for working C compiler: /usr/bin/cc -- works
[0.282s] -- Detecting C compiler ABI info
[0.374s] -- Detecting C compiler ABI info - done
[0.387s] -- Detecting C compile features
[0.387s] -- Detecting C compile features - done
[0.389s] -- Check for working CXX compiler: /usr/bin/c++
[0.487s] -- Check for working CXX compiler: /usr/bin/c++ -- works
[0.490s] -- Detecting CXX compiler ABI info
[0.587s] -- Detecting CXX compiler ABI info - done
[0.599s] -- Detecting CXX compile features
[0.600s] -- Detecting CXX compile features - done
[0.602s] -- Found ament_cmake: 0.9.11 (/opt/ros/foxy/share/ament_cmake/cmake)
[0.627s] -- Found PythonInterp: /usr/bin/python3 (found suitable version "3.8.10", minimum required is "3") 
[0.627s] -- Using PYTHON_EXECUTABLE: /usr/bin/python3
[0.770s] -- Override CMake install command with custom implementation using symlinks instead of copying resources
[0.803s] -- Found nav2_common: 0.4.7 (/home/ik/aws_ws/install/nav2_common/share/nav2_common/cmake)
[0.804s] -- Found nav2_msgs: 0.4.7 (/home/ik/aws_ws/install/nav2_msgs/share/nav2_msgs/cmake)
[0.834s] -- Using all available rosidl_typesupport_c: rosidl_typesupport_fastrtps_c;rosidl_typesupport_introspection_c
[0.840s] -- Found rosidl_adapter: 1.3.0 (/opt/ros/foxy/share/rosidl_adapter/cmake)
[0.968s] -- Found OpenSSL: /usr/lib/x86_64-linux-gnu/libcrypto.so (found version "1.1.1f")  
[1.003s] -- Found FastRTPS: /opt/ros/foxy/include  
[1.088s] -- Using all available rosidl_typesupport_cpp: rosidl_typesupport_fastrtps_cpp;rosidl_typesupport_introspection_cpp
[1.464s] -- Found tf2_ros: 0.13.14 (/opt/ros/foxy/share/tf2_ros/cmake)
[1.518s] -- Found rmw_implementation_cmake: 1.0.4 (/opt/ros/foxy/share/rmw_implementation_cmake/cmake)
[1.520s] -- Using RMW implementation 'rmw_fastrtps_cpp' as default
[1.521s] -- Looking for pthread.h
[1.624s] -- Looking for pthread.h - found
[1.624s] -- Performing Test CMAKE_HAVE_LIBC_PTHREAD
[1.722s] -- Performing Test CMAKE_HAVE_LIBC_PTHREAD - Failed
[1.722s] -- Looking for pthread_create in pthreads
[1.816s] -- Looking for pthread_create in pthreads - not found
[1.816s] -- Looking for pthread_create in pthread
[1.919s] -- Looking for pthread_create in pthread - found
[1.921s] -- Found Threads: TRUE  
[2.330s] -- Found tf2_geometry_msgs: 0.13.14 (/opt/ros/foxy/share/tf2_geometry_msgs/cmake)
[2.339s] -- Found eigen3_cmake_module: 0.1.1 (/opt/ros/foxy/share/eigen3_cmake_module/cmake)
[2.342s] -- Found Eigen3: TRUE (found version "3.3.7") 
[2.366s] -- Found lifecycle_msgs: 1.0.0 (/opt/ros/foxy/share/lifecycle_msgs/cmake)
[2.377s] -- Found test_msgs: 1.0.0 (/opt/ros/foxy/share/test_msgs/cmake)
[2.434s] -- Found rclcpp_lifecycle: 2.4.2 (/opt/ros/foxy/share/rclcpp_lifecycle/cmake)
[2.450s] -- Setting build type to Release as none was specified.
[2.462s] -- Found Boost: /usr/lib/x86_64-linux-gnu/cmake/Boost-1.71.0/BoostConfig.cmake (found version "1.71.0") found components: program_options 
[2.465s] -- Found ament_lint_auto: 0.9.8 (/opt/ros/foxy/share/ament_lint_auto/cmake)
[2.467s] -- Found ament_cmake_pytest: 0.9.11 (/opt/ros/foxy/share/ament_cmake_pytest/cmake)
[2.469s] -- Found launch_testing_ament_cmake: 0.10.10 (/opt/ros/foxy/share/launch_testing_ament_cmake/cmake)
[2.470s] -- Found python_cmake_module: 0.8.1 (/opt/ros/foxy/share/python_cmake_module/cmake)
[2.492s] -- Found PythonInterp: /usr/bin/python3 (found suitable version "3.8.10", minimum required is "3.5") 
[2.501s] -- Found PythonLibs: /usr/lib/x86_64-linux-gnu/libpython3.8.so (found suitable version "3.8.10", minimum required is "3.5") 
[2.502s] -- Using PYTHON_EXECUTABLE: /usr/bin/python3
[2.502s] -- Using PYTHON_INCLUDE_DIRS: /usr/include/python3.8
[2.502s] -- Using PYTHON_LIBRARIES: /usr/lib/x86_64-linux-gnu/libpython3.8.so
[2.527s] -- Found PythonExtra: .so  
[2.627s] -- Found gtest sources under '/opt/ros/foxy/src/gtest_vendor': C++ tests using 'Google Test' will be built
[2.629s] -- Check if compiler accepts -pthread
[2.726s] -- Check if compiler accepts -pthread - yes
[2.764s] -- Added test 'copyright' to check source files copyright and LICENSE
[2.766s] -- Added test 'cppcheck' to perform static code analysis on C / C++ code
[2.766s] -- Configured cppcheck include dirs: /home/ik/aws_ws/src/navigation2/nav2_util/include
[2.766s] -- Configured cppcheck exclude dirs and/or files: 
[2.767s] -- Added test 'cpplint' to check C / C++ code against the Google style
[2.768s] -- Configured cpplint exclude dirs and/or files: 
[2.768s] -- Added test 'flake8' to check Python code syntax and style conventions
[2.769s] -- Added test 'lint_cmake' to check CMake code style
[2.769s] -- Added test 'pep257' to check Python code against some of the style conventions in PEP 257
[2.771s] -- Added test 'uncrustify' to check C / C++ code style
[2.771s] -- Configured uncrustify additional arguments: 
[2.771s] -- Added test 'xmllint' to check XML markup files
[2.777s] -- Configuring done
[2.863s] -- Generating done
[2.866s] -- Build files have been written to: /home/ik/aws_ws/build/nav2_util
[2.880s] Invoked command in '/home/ik/aws_ws/build/nav2_util' returned '0': AMENT_PREFIX_PATH=/home/ik/aws_ws/install/nav2_msgs:/home/ik/aws_ws/install/nav2_common:${AMENT_PREFIX_PATH} CMAKE_PREFIX_PATH=/home/ik/aws_ws/install/nav2_msgs:/home/ik/aws_ws/install/nav2_common:/home/ik/aws_ws/install/turtlebot3_simulations:/home/ik/aws_ws/install/turtlebot3_gazebo:/home/ik/aws_ws/install/turtlebot3_fake_node:/home/ik/aws_ws/install/slam_toolbox:/home/ik/aws_ws/install/aws_robomaker_small_warehouse_world:/opt/ros/foxy LD_LIBRARY_PATH=/home/ik/aws_ws/install/nav2_msgs/lib:/home/ik/aws_ws/install/slam_toolbox/lib:/usr/lib/x86_64-linux-gnu/gazebo-11/plugins:/opt/ros/foxy/opt/yaml_cpp_vendor/lib:/opt/ros/foxy/opt/rviz_ogre_vendor/lib:/opt/ros/foxy/lib/x86_64-linux-gnu:/opt/ros/foxy/lib:/usr/share/gazebo/../../lib/x86_64-linux-gnu/gazebo-11/plugins PYTHONPATH=/home/ik/aws_ws/install/nav2_msgs/lib/python3.8/site-packages:/home/ik/aws_ws/install/nav2_common/lib/python3.8/site-packages:${PYTHONPATH} /usr/bin/cmake /home/ik/aws_ws/src/navigation2/nav2_util -DAMENT_CMAKE_SYMLINK_INSTALL=1 -DCMAKE_INSTALL_PREFIX=/home/ik/aws_ws/install/nav2_util
[2.886s] Invoking command in '/home/ik/aws_ws/build/nav2_util': AMENT_PREFIX_PATH=/home/ik/aws_ws/install/nav2_msgs:/home/ik/aws_ws/install/nav2_common:${AMENT_PREFIX_PATH} CMAKE_PREFIX_PATH=/home/ik/aws_ws/install/nav2_msgs:/home/ik/aws_ws/install/nav2_common:/home/ik/aws_ws/install/turtlebot3_simulations:/home/ik/aws_ws/install/turtlebot3_gazebo:/home/ik/aws_ws/install/turtlebot3_fake_node:/home/ik/aws_ws/install/slam_toolbox:/home/ik/aws_ws/install/aws_robomaker_small_warehouse_world:/opt/ros/foxy LD_LIBRARY_PATH=/home/ik/aws_ws/install/nav2_msgs/lib:/home/ik/aws_ws/install/slam_toolbox/lib:/usr/lib/x86_64-linux-gnu/gazebo-11/plugins:/opt/ros/foxy/opt/yaml_cpp_vendor/lib:/opt/ros/foxy/opt/rviz_ogre_vendor/lib:/opt/ros/foxy/lib/x86_64-linux-gnu:/opt/ros/foxy/lib:/usr/share/gazebo/../../lib/x86_64-linux-gnu/gazebo-11/plugins PYTHONPATH=/home/ik/aws_ws/install/nav2_msgs/lib/python3.8/site-packages:/home/ik/aws_ws/install/nav2_common/lib/python3.8/site-packages:${PYTHONPATH} /usr/bin/cmake --build /home/ik/aws_ws/build/nav2_util -- -j8 -l8
[2.934s] [35m[1mScanning dependencies of target gtest_main[0m
[2.934s] [35m[1mScanning dependencies of target nav2_util_core[0m
[2.936s] [35m[1mScanning dependencies of target gtest[0m
[2.936s] [35m[1mScanning dependencies of target dump_params[0m
[2.950s] [  2%] [32mBuilding CXX object gtest/CMakeFiles/gtest_main.dir/src/gtest_main.cc.o[0m
[2.954s] [  5%] [32mBuilding CXX object gtest/CMakeFiles/gtest.dir/src/gtest-all.cc.o[0m
[2.969s] [  7%] [32mBuilding CXX object src/CMakeFiles/dump_params.dir/dump_params.cpp.o[0m
[3.028s] [ 15%] [32mBuilding CXX object src/CMakeFiles/nav2_util_core.dir/lifecycle_service_client.cpp.o[0m
[3.028s] [ 15%] [32mBuilding CXX object src/CMakeFiles/nav2_util_core.dir/costmap.cpp.o[0m
[3.029s] [ 15%] [32mBuilding CXX object src/CMakeFiles/nav2_util_core.dir/node_utils.cpp.o[0m
[3.036s] [ 17%] [32mBuilding CXX object src/CMakeFiles/nav2_util_core.dir/string_utils.cpp.o[0m
[3.040s] [ 20%] [32mBuilding CXX object src/CMakeFiles/nav2_util_core.dir/lifecycle_utils.cpp.o[0m
[3.372s] [ 22%] [32mBuilding CXX object src/CMakeFiles/nav2_util_core.dir/lifecycle_node.cpp.o[0m
[3.767s] [ 25%] [32m[1mLinking CXX static library libgtest_main.a[0m
[3.810s] [ 25%] Built target gtest_main
[3.820s] [ 27%] [32mBuilding CXX object src/CMakeFiles/nav2_util_core.dir/robot_utils.cpp.o[0m
[5.107s] [ 30%] [32mBuilding CXX object src/CMakeFiles/nav2_util_core.dir/node_thread.cpp.o[0m
[5.236s] [ 32%] [32mBuilding CXX object src/CMakeFiles/nav2_util_core.dir/odometry_utils.cpp.o[0m
[10.107s] [ 35%] [32m[1mLinking CXX executable dump_params[0m
[10.146s] [ 37%] [32m[1mLinking CXX static library libgtest.a[0m
[10.195s] [ 37%] Built target gtest
[10.212s] [35m[1mScanning dependencies of target test_execution_timer[0m
[10.228s] [ 40%] [32mBuilding CXX object test/CMakeFiles/test_execution_timer.dir/test_execution_timer.cpp.o[0m
[10.248s] [ 40%] Built target dump_params
[11.050s] [ 42%] [32m[1mLinking CXX shared library libnav2_util_core.so[0m
[11.130s] [ 45%] [32m[1mLinking CXX executable test_execution_timer[0m
[11.244s] [ 45%] Built target test_execution_timer
[11.252s] [ 45%] Built target nav2_util_core
[11.263s] [35m[1mScanning dependencies of target test_lifecycle_utils[0m
[11.267s] [35m[1mScanning dependencies of target lifecycle_bringup[0m
[11.267s] [35m[1mScanning dependencies of target test_lifecycle_node[0m
[11.268s] [35m[1mScanning dependencies of target test_string_utils[0m
[11.269s] [35m[1mScanning dependencies of target test_actions[0m
[11.270s] [35m[1mScanning dependencies of target test_service_client[0m
[11.273s] [35m[1mScanning dependencies of target test_node_utils[0m
[11.277s] [35m[1mScanning dependencies of target test_lifecycle_cli_node[0m
[11.300s] [ 47%] [32mBuilding CXX object test/CMakeFiles/test_string_utils.dir/test_string_utils.cpp.o[0m
[11.304s] [ 50%] [32mBuilding CXX object test/CMakeFiles/test_lifecycle_utils.dir/test_lifecycle_utils.cpp.o[0m
[11.308s] [ 52%] [32mBuilding CXX object src/CMakeFiles/lifecycle_bringup.dir/lifecycle_bringup_commandline.cpp.o[0m
[11.318s] [ 57%] [32mBuilding CXX object test/CMakeFiles/test_node_utils.dir/test_node_utils.cpp.o[0m
[11.318s] [ 57%] [32mBuilding CXX object test/CMakeFiles/test_lifecycle_node.dir/test_lifecycle_node.cpp.o[0m
[11.319s] [ 60%] [32mBuilding CXX object test/CMakeFiles/test_lifecycle_cli_node.dir/test_lifecycle_cli_node.cpp.o[0m
[11.319s] [ 62%] [32mBuilding CXX object test/CMakeFiles/test_service_client.dir/test_service_client.cpp.o[0m
[11.335s] [ 65%] [32mBuilding CXX object test/CMakeFiles/test_actions.dir/test_actions.cpp.o[0m
[12.711s] [ 67%] [32m[1mLinking CXX executable test_string_utils[0m
[12.926s] [ 67%] Built target test_string_utils
[12.940s] [35m[1mScanning dependencies of target test_geometry_utils[0m
[13.008s] [ 70%] [32mBuilding CXX object test/CMakeFiles/test_geometry_utils.dir/test_geometry_utils.cpp.o[0m
[13.540s] [ 72%] [32m[1mLinking CXX executable lifecycle_bringup[0m
[13.743s] [ 72%] Built target lifecycle_bringup
[13.756s] [35m[1mScanning dependencies of target test_odometry_utils[0m
[13.811s] [ 75%] [32mBuilding CXX object test/CMakeFiles/test_odometry_utils.dir/test_odometry_utils.cpp.o[0m
[14.733s] [ 77%] [32m[1mLinking CXX executable test_lifecycle_node[0m
[14.820s] [ 80%] [32m[1mLinking CXX executable test_lifecycle_utils[0m
[14.850s] [ 82%] [32m[1mLinking CXX executable test_lifecycle_cli_node[0m
[15.035s] [ 82%] Built target test_lifecycle_node
[15.049s] [35m[1mScanning dependencies of target test_robot_utils[0m
[15.112s] [ 85%] [32mBuilding CXX object test/CMakeFiles/test_robot_utils.dir/test_robot_utils.cpp.o[0m
[15.136s] [ 85%] Built target test_lifecycle_utils
[15.161s] [ 85%] Built target test_lifecycle_cli_node
[15.564s] [ 87%] [32m[1mLinking CXX executable test_service_client[0m
[15.787s] [ 87%] Built target test_service_client
[15.809s] [ 90%] [32m[1mLinking CXX executable test_node_utils[0m
[15.990s] [ 92%] [32m[1mLinking CXX executable test_geometry_utils[0m
[16.031s] [ 92%] Built target test_node_utils
[16.150s] [ 92%] Built target test_geometry_utils
[17.991s] [ 95%] [32m[1mLinking CXX executable test_robot_utils[0m
[18.178s] [ 95%] Built target test_robot_utils
[18.497s] [ 97%] [32m[1mLinking CXX executable test_odometry_utils[0m
[18.670s] [ 97%] Built target test_odometry_utils
[23.835s] [100%] [32m[1mLinking CXX executable test_actions[0m
[24.051s] [100%] Built target test_actions
[24.069s] Invoked command in '/home/ik/aws_ws/build/nav2_util' returned '0': AMENT_PREFIX_PATH=/home/ik/aws_ws/install/nav2_msgs:/home/ik/aws_ws/install/nav2_common:${AMENT_PREFIX_PATH} CMAKE_PREFIX_PATH=/home/ik/aws_ws/install/nav2_msgs:/home/ik/aws_ws/install/nav2_common:/home/ik/aws_ws/install/turtlebot3_simulations:/home/ik/aws_ws/install/turtlebot3_gazebo:/home/ik/aws_ws/install/turtlebot3_fake_node:/home/ik/aws_ws/install/slam_toolbox:/home/ik/aws_ws/install/aws_robomaker_small_warehouse_world:/opt/ros/foxy LD_LIBRARY_PATH=/home/ik/aws_ws/install/nav2_msgs/lib:/home/ik/aws_ws/install/slam_toolbox/lib:/usr/lib/x86_64-linux-gnu/gazebo-11/plugins:/opt/ros/foxy/opt/yaml_cpp_vendor/lib:/opt/ros/foxy/opt/rviz_ogre_vendor/lib:/opt/ros/foxy/lib/x86_64-linux-gnu:/opt/ros/foxy/lib:/usr/share/gazebo/../../lib/x86_64-linux-gnu/gazebo-11/plugins PYTHONPATH=/home/ik/aws_ws/install/nav2_msgs/lib/python3.8/site-packages:/home/ik/aws_ws/install/nav2_common/lib/python3.8/site-packages:${PYTHONPATH} /usr/bin/cmake --build /home/ik/aws_ws/build/nav2_util -- -j8 -l8
[24.124s] Invoking command in '/home/ik/aws_ws/build/nav2_util': AMENT_PREFIX_PATH=/home/ik/aws_ws/install/nav2_msgs:/home/ik/aws_ws/install/nav2_common:${AMENT_PREFIX_PATH} CMAKE_PREFIX_PATH=/home/ik/aws_ws/install/nav2_msgs:/home/ik/aws_ws/install/nav2_common:/home/ik/aws_ws/install/turtlebot3_simulations:/home/ik/aws_ws/install/turtlebot3_gazebo:/home/ik/aws_ws/install/turtlebot3_fake_node:/home/ik/aws_ws/install/slam_toolbox:/home/ik/aws_ws/install/aws_robomaker_small_warehouse_world:/opt/ros/foxy LD_LIBRARY_PATH=/home/ik/aws_ws/install/nav2_msgs/lib:/home/ik/aws_ws/install/slam_toolbox/lib:/usr/lib/x86_64-linux-gnu/gazebo-11/plugins:/opt/ros/foxy/opt/yaml_cpp_vendor/lib:/opt/ros/foxy/opt/rviz_ogre_vendor/lib:/opt/ros/foxy/lib/x86_64-linux-gnu:/opt/ros/foxy/lib:/usr/share/gazebo/../../lib/x86_64-linux-gnu/gazebo-11/plugins PYTHONPATH=/home/ik/aws_ws/install/nav2_msgs/lib/python3.8/site-packages:/home/ik/aws_ws/install/nav2_common/lib/python3.8/site-packages:${PYTHONPATH} /usr/bin/cmake --install /home/ik/aws_ws/build/nav2_util
[24.137s] -- Install configuration: "Release"
[24.138s] -- Execute custom install script
[24.138s] -- Symlinking: /home/ik/aws_ws/install/nav2_util/lib/libnav2_util_core.so
[24.154s] -- Symlinking: /home/ik/aws_ws/install/nav2_util/lib/nav2_util/lifecycle_bringup
[24.169s] -- Symlinking: /home/ik/aws_ws/install/nav2_util/lib/nav2_util/dump_params
[24.179s] -- Symlinking: /home/ik/aws_ws/install/nav2_util/include//nav2_util/clear_entirely_costmap_service_client.hpp
[24.187s] -- Symlinking: /home/ik/aws_ws/install/nav2_util/include//nav2_util/costmap.hpp
[24.196s] -- Symlinking: /home/ik/aws_ws/install/nav2_util/include//nav2_util/execution_timer.hpp
[24.208s] -- Symlinking: /home/ik/aws_ws/install/nav2_util/include//nav2_util/geometry_utils.hpp
[24.215s] -- Symlinking: /home/ik/aws_ws/install/nav2_util/include//nav2_util/lifecycle_node.hpp
[24.223s] -- Symlinking: /home/ik/aws_ws/install/nav2_util/include//nav2_util/lifecycle_service_client.hpp
[24.230s] -- Symlinking: /home/ik/aws_ws/install/nav2_util/include//nav2_util/lifecycle_utils.hpp
[24.245s] -- Symlinking: /home/ik/aws_ws/install/nav2_util/include//nav2_util/line_iterator.hpp
[24.258s] -- Symlinking: /home/ik/aws_ws/install/nav2_util/include//nav2_util/node_thread.hpp
[24.266s] -- Symlinking: /home/ik/aws_ws/install/nav2_util/include//nav2_util/node_utils.hpp
[24.274s] -- Symlinking: /home/ik/aws_ws/install/nav2_util/include//nav2_util/odometry_utils.hpp
[24.281s] -- Symlinking: /home/ik/aws_ws/install/nav2_util/include//nav2_util/robot_utils.hpp
[24.289s] -- Symlinking: /home/ik/aws_ws/install/nav2_util/include//nav2_util/service_client.hpp
[24.297s] -- Symlinking: /home/ik/aws_ws/install/nav2_util/include//nav2_util/simple_action_server.hpp
[24.310s] -- Symlinking: /home/ik/aws_ws/install/nav2_util/include//nav2_util/string_utils.hpp
[24.318s] -- Symlinking: /home/ik/aws_ws/install/nav2_util/share/nav2_util/environment/library_path.sh
[24.326s] -- Symlinking: /home/ik/aws_ws/install/nav2_util/share/nav2_util/environment/library_path.dsv
[24.339s] -- Symlinking: /home/ik/aws_ws/install/nav2_util/share/ament_index/resource_index/package_run_dependencies/nav2_util
[24.348s] -- Symlinking: /home/ik/aws_ws/install/nav2_util/share/ament_index/resource_index/parent_prefix_path/nav2_util
[24.357s] -- Symlinking: /home/ik/aws_ws/install/nav2_util/share/nav2_util/environment/ament_prefix_path.sh
[24.372s] -- Symlinking: /home/ik/aws_ws/install/nav2_util/share/nav2_util/environment/ament_prefix_path.dsv
[24.380s] -- Symlinking: /home/ik/aws_ws/install/nav2_util/share/nav2_util/environment/path.sh
[24.388s] -- Symlinking: /home/ik/aws_ws/install/nav2_util/share/nav2_util/environment/path.dsv
[24.396s] -- Symlinking: /home/ik/aws_ws/install/nav2_util/share/nav2_util/local_setup.bash
[24.404s] -- Symlinking: /home/ik/aws_ws/install/nav2_util/share/nav2_util/local_setup.sh
[24.411s] -- Symlinking: /home/ik/aws_ws/install/nav2_util/share/nav2_util/local_setup.zsh
[24.419s] -- Symlinking: /home/ik/aws_ws/install/nav2_util/share/nav2_util/local_setup.dsv
[24.427s] -- Symlinking: /home/ik/aws_ws/install/nav2_util/share/nav2_util/package.dsv
[24.435s] -- Symlinking: /home/ik/aws_ws/install/nav2_util/share/ament_index/resource_index/packages/nav2_util
[24.443s] -- Symlinking: /home/ik/aws_ws/install/nav2_util/share/nav2_util/cmake/ament_cmake_export_include_directories-extras.cmake
[24.458s] -- Symlinking: /home/ik/aws_ws/install/nav2_util/share/nav2_util/cmake/ament_cmake_export_libraries-extras.cmake
[24.474s] -- Symlinking: /home/ik/aws_ws/install/nav2_util/share/nav2_util/cmake/ament_cmake_export_dependencies-extras.cmake
[24.488s] -- Symlinking: /home/ik/aws_ws/install/nav2_util/share/nav2_util/cmake/nav2_utilConfig.cmake
[24.504s] -- Symlinking: /home/ik/aws_ws/install/nav2_util/share/nav2_util/cmake/nav2_utilConfig-version.cmake
[24.520s] -- Symlinking: /home/ik/aws_ws/install/nav2_util/share/nav2_util/package.xml
[24.533s] Invoked command in '/home/ik/aws_ws/build/nav2_util' returned '0': AMENT_PREFIX_PATH=/home/ik/aws_ws/install/nav2_msgs:/home/ik/aws_ws/install/nav2_common:${AMENT_PREFIX_PATH} CMAKE_PREFIX_PATH=/home/ik/aws_ws/install/nav2_msgs:/home/ik/aws_ws/install/nav2_common:/home/ik/aws_ws/install/turtlebot3_simulations:/home/ik/aws_ws/install/turtlebot3_gazebo:/home/ik/aws_ws/install/turtlebot3_fake_node:/home/ik/aws_ws/install/slam_toolbox:/home/ik/aws_ws/install/aws_robomaker_small_warehouse_world:/opt/ros/foxy LD_LIBRARY_PATH=/home/ik/aws_ws/install/nav2_msgs/lib:/home/ik/aws_ws/install/slam_toolbox/lib:/usr/lib/x86_64-linux-gnu/gazebo-11/plugins:/opt/ros/foxy/opt/yaml_cpp_vendor/lib:/opt/ros/foxy/opt/rviz_ogre_vendor/lib:/opt/ros/foxy/lib/x86_64-linux-gnu:/opt/ros/foxy/lib:/usr/share/gazebo/../../lib/x86_64-linux-gnu/gazebo-11/plugins PYTHONPATH=/home/ik/aws_ws/install/nav2_msgs/lib/python3.8/site-packages:/home/ik/aws_ws/install/nav2_common/lib/python3.8/site-packages:${PYTHONPATH} /usr/bin/cmake --install /home/ik/aws_ws/build/nav2_util
