[0.235s] Invoking command in '/home/ik/aws_ws/build/nav2_rviz_plugins': AMENT_PREFIX_PATH=/home/ik/aws_ws/install/nav2_lifecycle_manager:/home/ik/aws_ws/install/nav2_util:/home/ik/aws_ws/install/nav2_msgs:/home/ik/aws_ws/install/nav2_common:${AMENT_PREFIX_PATH} CMAKE_PREFIX_PATH=/home/ik/aws_ws/install/nav2_lifecycle_manager:/home/ik/aws_ws/install/nav2_util:/home/ik/aws_ws/install/nav2_msgs:/home/ik/aws_ws/install/nav2_common:/home/ik/aws_ws/install/turtlebot3_simulations:/home/ik/aws_ws/install/turtlebot3_gazebo:/home/ik/aws_ws/install/turtlebot3_fake_node:/home/ik/aws_ws/install/slam_toolbox:/home/ik/aws_ws/install/aws_robomaker_small_warehouse_world:/opt/ros/foxy LD_LIBRARY_PATH=/home/ik/aws_ws/install/nav2_lifecycle_manager/lib:/home/ik/aws_ws/install/nav2_util/lib:/home/ik/aws_ws/install/nav2_msgs/lib:/home/ik/aws_ws/install/slam_toolbox/lib:/usr/lib/x86_64-linux-gnu/gazebo-11/plugins:/opt/ros/foxy/opt/yaml_cpp_vendor/lib:/opt/ros/foxy/opt/rviz_ogre_vendor/lib:/opt/ros/foxy/lib/x86_64-linux-gnu:/opt/ros/foxy/lib:/usr/share/gazebo/../../lib/x86_64-linux-gnu/gazebo-11/plugins PYTHONPATH=/home/ik/aws_ws/install/nav2_msgs/lib/python3.8/site-packages:/home/ik/aws_ws/install/nav2_common/lib/python3.8/site-packages:${PYTHONPATH} /usr/bin/cmake /home/ik/aws_ws/src/navigation2/nav2_rviz_plugins -DAMENT_CMAKE_SYMLINK_INSTALL=1 -DCMAKE_INSTALL_PREFIX=/home/ik/aws_ws/install/nav2_rviz_plugins
[0.490s] -- The C compiler identification is GNU 9.4.0
[0.680s] -- The CXX compiler identification is GNU 9.4.0
[0.687s] -- Check for working C compiler: /usr/bin/cc
[1.000s] -- Check for working C compiler: /usr/bin/cc -- works
[1.001s] -- Detecting C compiler ABI info
[1.334s] -- Detecting C compiler ABI info - done
[1.349s] -- Detecting C compile features
[1.350s] -- Detecting C compile features - done
[1.353s] -- Check for working CXX compiler: /usr/bin/c++
[1.749s] -- Check for working CXX compiler: /usr/bin/c++ -- works
[1.751s] -- Detecting CXX compiler ABI info
[2.103s] -- Detecting CXX compiler ABI info - done
[2.124s] -- Detecting CXX compile features
[2.125s] -- Detecting CXX compile features - done
[2.134s] -- Found ament_cmake: 0.9.11 (/opt/ros/foxy/share/ament_cmake/cmake)
[2.210s] -- Found PythonInterp: /usr/bin/python3 (found suitable version "3.8.10", minimum required is "3") 
[2.210s] -- Using PYTHON_EXECUTABLE: /usr/bin/python3
[2.521s] -- Override CMake install command with custom implementation using symlinks instead of copying resources
[2.561s] -- Found geometry_msgs: 2.0.5 (/opt/ros/foxy/share/geometry_msgs/cmake)
[2.613s] -- Using all available rosidl_typesupport_c: rosidl_typesupport_fastrtps_c;rosidl_typesupport_introspection_c
[2.625s] -- Found rosidl_adapter: 1.3.0 (/opt/ros/foxy/share/rosidl_adapter/cmake)
[3.074s] -- Found OpenSSL: /usr/lib/x86_64-linux-gnu/libcrypto.so (found version "1.1.1f")  
[3.161s] -- Found FastRTPS: /opt/ros/foxy/include  
[3.382s] -- Using all available rosidl_typesupport_cpp: rosidl_typesupport_fastrtps_cpp;rosidl_typesupport_introspection_cpp
[3.497s] -- Found nav2_util: 0.4.7 (/home/ik/aws_ws/install/nav2_util/share/nav2_util/cmake)
[4.246s] -- Found rmw_implementation_cmake: 1.0.4 (/opt/ros/foxy/share/rmw_implementation_cmake/cmake)
[4.250s] -- Using RMW implementation 'rmw_fastrtps_cpp' as default
[4.252s] -- Looking for pthread.h
[4.629s] -- Looking for pthread.h - found
[4.629s] -- Performing Test CMAKE_HAVE_LIBC_PTHREAD
[5.103s] -- Performing Test CMAKE_HAVE_LIBC_PTHREAD - Failed
[5.103s] -- Looking for pthread_create in pthreads
[5.418s] -- Looking for pthread_create in pthreads - not found
[5.418s] -- Looking for pthread_create in pthread
[5.766s] -- Looking for pthread_create in pthread - found
[5.768s] -- Found Threads: TRUE  
[7.122s] -- Found eigen3_cmake_module: 0.1.1 (/opt/ros/foxy/share/eigen3_cmake_module/cmake)
[7.133s] -- Found Eigen3: TRUE (found version "3.3.7") 
[7.587s] -- Found nav2_lifecycle_manager: 0.4.7 (/home/ik/aws_ws/install/nav2_lifecycle_manager/share/nav2_lifecycle_manager/cmake)
[8.198s] -- Found pluginlib: 2.5.4 (/opt/ros/foxy/share/pluginlib/cmake)
[8.292s] -- Found rviz_common: 8.2.8 (/opt/ros/foxy/share/rviz_common/cmake)
[8.326s] -- Setting OGRE_DIR to: '/opt/ros/foxy/share/rviz_ogre_vendor/cmake/../../../opt/rviz_ogre_vendor/lib/OGRE/cmake'
[8.330s] -- Found OGRE
[8.331s] --   static     : OFF
[8.331s] --   components : HLMS;MeshLodGenerator;Overlay;Paging;Property;RTShaderSystem;Terrain;Volume
[8.331s] --   plugins    : Plugin_BSPSceneManager;Plugin_OctreeSceneManager;Plugin_PCZSceneManager;Plugin_ParticleFX;RenderSystem_GL;RenderSystem_GL3Plus;Codec_STBI
[8.331s] --   media      : /opt/ros/foxy/opt/rviz_ogre_vendor/share/OGRE/Media
[8.331s] -- OGRE_LIBRARIES: OgreHLMS;OgreMeshLodGenerator;OgreOverlay;OgrePaging;OgreProperty;OgreRTShaderSystem;OgreTerrain;OgreVolume;OgreMain
[8.331s] -- OGRE_LIBRARY_DIRS: /opt/ros/foxy/opt/rviz_ogre_vendor/lib
[8.332s] -- OGRE_PLUGINS: Plugin_BSPSceneManager;Plugin_OctreeSceneManager;Plugin_PCZSceneManager;Plugin_ParticleFX;RenderSystem_GL;RenderSystem_GL3Plus;Codec_STBI
[8.332s] -- OGRE_PLUGIN_DIR: /opt/ros/foxy/opt/rviz_ogre_vendor/lib/OGRE
[8.333s] -- rviz_ogre_vendor::OgreOverlay for IMPORTED_LOCATION_RELEASE: /opt/ros/foxy/opt/rviz_ogre_vendor/lib/libOgreOverlay.so
[8.333s] -- rviz_ogre_vendor::OgreOverlay for IMPORTED_LOCATION_DEBUG: /opt/ros/foxy/opt/rviz_ogre_vendor/lib/libOgreOverlay.so
[8.334s] -- rviz_ogre_vendor::OgreMain for IMPORTED_LOCATION_RELEASE: /opt/ros/foxy/opt/rviz_ogre_vendor/lib/libOgreMain.so
[8.334s] -- rviz_ogre_vendor::OgreMain for IMPORTED_LOCATION_DEBUG: /opt/ros/foxy/opt/rviz_ogre_vendor/lib/libOgreMain.so
[8.401s] -- Found ZLIB: /usr/lib/x86_64-linux-gnu/libz.so (found version "1.2.11") 
[8.419s] -- Found OpenGL: /usr/lib/x86_64-linux-gnu/libOpenGL.so   
[9.011s] -- Found X11: /usr/include   
[9.012s] -- Looking for XOpenDisplay in /usr/lib/x86_64-linux-gnu/libX11.so;/usr/lib/x86_64-linux-gnu/libXext.so
[9.433s] -- Looking for XOpenDisplay in /usr/lib/x86_64-linux-gnu/libX11.so;/usr/lib/x86_64-linux-gnu/libXext.so - found
[9.434s] -- Looking for gethostbyname
[9.818s] -- Looking for gethostbyname - found
[9.818s] -- Looking for connect
[10.187s] -- Looking for connect - found
[10.188s] -- Looking for remove
[10.553s] -- Looking for remove - found
[10.553s] -- Looking for shmat
[10.894s] -- Looking for shmat - found
[10.894s] -- Looking for IceConnectionNumber in ICE
[11.208s] -- Looking for IceConnectionNumber in ICE - found
[11.209s] -- rviz_ogre_vendor::RenderSystem_GL for IMPORTED_LOCATION_RELEASE: _render_system_gl_static_library_abs-NOTFOUND
[11.209s] -- rviz_ogre_vendor::RenderSystem_GL for IMPORTED_LOCATION_DEBUG: _render_system_gl_static_library_abs-NOTFOUND
[11.225s] -- library: libassimp.so.5
[11.698s] -- library: /usr/lib/x86_64-linux-gnu/libcurl.so
[12.097s] -- Setting yaml-cpp_DIR to: '/opt/ros/foxy/share/yaml_cpp_vendor/cmake/../../../opt/yaml_cpp_vendor/lib/cmake/yaml-cpp'
[12.130s] -- Found rviz_default_plugins: 8.2.8 (/opt/ros/foxy/share/rviz_default_plugins/cmake)
[14.528s] -- Found ament_lint_auto: 0.9.8 (/opt/ros/foxy/share/ament_lint_auto/cmake)
[14.738s] -- Added test 'copyright' to check source files copyright and LICENSE
[14.740s] -- Added test 'cppcheck' to perform static code analysis on C / C++ code
[14.740s] -- Configured cppcheck include dirs: /home/ik/aws_ws/src/navigation2/nav2_rviz_plugins/include
[14.740s] -- Configured cppcheck exclude dirs and/or files: 
[14.742s] -- Added test 'cpplint' to check C / C++ code against the Google style
[14.742s] -- Configured cpplint exclude dirs and/or files: 
[14.743s] -- Added test 'lint_cmake' to check CMake code style
[14.745s] -- Added test 'uncrustify' to check C / C++ code style
[14.745s] -- Configured uncrustify additional arguments: 
[14.746s] -- Added test 'xmllint' to check XML markup files
[14.765s] -- Configuring done
[14.966s] -- Generating done
[14.969s] -- Build files have been written to: /home/ik/aws_ws/build/nav2_rviz_plugins
[15.012s] Invoked command in '/home/ik/aws_ws/build/nav2_rviz_plugins' returned '0': AMENT_PREFIX_PATH=/home/ik/aws_ws/install/nav2_lifecycle_manager:/home/ik/aws_ws/install/nav2_util:/home/ik/aws_ws/install/nav2_msgs:/home/ik/aws_ws/install/nav2_common:${AMENT_PREFIX_PATH} CMAKE_PREFIX_PATH=/home/ik/aws_ws/install/nav2_lifecycle_manager:/home/ik/aws_ws/install/nav2_util:/home/ik/aws_ws/install/nav2_msgs:/home/ik/aws_ws/install/nav2_common:/home/ik/aws_ws/install/turtlebot3_simulations:/home/ik/aws_ws/install/turtlebot3_gazebo:/home/ik/aws_ws/install/turtlebot3_fake_node:/home/ik/aws_ws/install/slam_toolbox:/home/ik/aws_ws/install/aws_robomaker_small_warehouse_world:/opt/ros/foxy LD_LIBRARY_PATH=/home/ik/aws_ws/install/nav2_lifecycle_manager/lib:/home/ik/aws_ws/install/nav2_util/lib:/home/ik/aws_ws/install/nav2_msgs/lib:/home/ik/aws_ws/install/slam_toolbox/lib:/usr/lib/x86_64-linux-gnu/gazebo-11/plugins:/opt/ros/foxy/opt/yaml_cpp_vendor/lib:/opt/ros/foxy/opt/rviz_ogre_vendor/lib:/opt/ros/foxy/lib/x86_64-linux-gnu:/opt/ros/foxy/lib:/usr/share/gazebo/../../lib/x86_64-linux-gnu/gazebo-11/plugins PYTHONPATH=/home/ik/aws_ws/install/nav2_msgs/lib/python3.8/site-packages:/home/ik/aws_ws/install/nav2_common/lib/python3.8/site-packages:${PYTHONPATH} /usr/bin/cmake /home/ik/aws_ws/src/navigation2/nav2_rviz_plugins -DAMENT_CMAKE_SYMLINK_INSTALL=1 -DCMAKE_INSTALL_PREFIX=/home/ik/aws_ws/install/nav2_rviz_plugins
[15.014s] Invoking command in '/home/ik/aws_ws/build/nav2_rviz_plugins': AMENT_PREFIX_PATH=/home/ik/aws_ws/install/nav2_lifecycle_manager:/home/ik/aws_ws/install/nav2_util:/home/ik/aws_ws/install/nav2_msgs:/home/ik/aws_ws/install/nav2_common:${AMENT_PREFIX_PATH} CMAKE_PREFIX_PATH=/home/ik/aws_ws/install/nav2_lifecycle_manager:/home/ik/aws_ws/install/nav2_util:/home/ik/aws_ws/install/nav2_msgs:/home/ik/aws_ws/install/nav2_common:/home/ik/aws_ws/install/turtlebot3_simulations:/home/ik/aws_ws/install/turtlebot3_gazebo:/home/ik/aws_ws/install/turtlebot3_fake_node:/home/ik/aws_ws/install/slam_toolbox:/home/ik/aws_ws/install/aws_robomaker_small_warehouse_world:/opt/ros/foxy LD_LIBRARY_PATH=/home/ik/aws_ws/install/nav2_lifecycle_manager/lib:/home/ik/aws_ws/install/nav2_util/lib:/home/ik/aws_ws/install/nav2_msgs/lib:/home/ik/aws_ws/install/slam_toolbox/lib:/usr/lib/x86_64-linux-gnu/gazebo-11/plugins:/opt/ros/foxy/opt/yaml_cpp_vendor/lib:/opt/ros/foxy/opt/rviz_ogre_vendor/lib:/opt/ros/foxy/lib/x86_64-linux-gnu:/opt/ros/foxy/lib:/usr/share/gazebo/../../lib/x86_64-linux-gnu/gazebo-11/plugins PYTHONPATH=/home/ik/aws_ws/install/nav2_msgs/lib/python3.8/site-packages:/home/ik/aws_ws/install/nav2_common/lib/python3.8/site-packages:${PYTHONPATH} /usr/bin/cmake --build /home/ik/aws_ws/build/nav2_rviz_plugins -- -j8 -l8
[15.209s] [35m[1mScanning dependencies of target nav2_rviz_plugins_autogen[0m
[15.278s] [ 20%] [34m[1mAutomatic MOC for target nav2_rviz_plugins[0m
[16.431s] [ 20%] Built target nav2_rviz_plugins_autogen
[16.475s] [35m[1mScanning dependencies of target nav2_rviz_plugins[0m
[16.871s] [ 40%] [32mBuilding CXX object CMakeFiles/nav2_rviz_plugins.dir/nav2_rviz_plugins_autogen/mocs_compilation.cpp.o[0m
[16.884s] [ 60%] [32mBuilding CXX object CMakeFiles/nav2_rviz_plugins.dir/src/goal_tool.cpp.o[0m
[25.071s] [ 80%] [32mBuilding CXX object CMakeFiles/nav2_rviz_plugins.dir/src/nav2_panel.cpp.o[0m
[34.470s] [100%] [32m[1mLinking CXX shared library libnav2_rviz_plugins.so[0m
[38.156s] [100%] Built target nav2_rviz_plugins
[38.174s] Invoked command in '/home/ik/aws_ws/build/nav2_rviz_plugins' returned '0': AMENT_PREFIX_PATH=/home/ik/aws_ws/install/nav2_lifecycle_manager:/home/ik/aws_ws/install/nav2_util:/home/ik/aws_ws/install/nav2_msgs:/home/ik/aws_ws/install/nav2_common:${AMENT_PREFIX_PATH} CMAKE_PREFIX_PATH=/home/ik/aws_ws/install/nav2_lifecycle_manager:/home/ik/aws_ws/install/nav2_util:/home/ik/aws_ws/install/nav2_msgs:/home/ik/aws_ws/install/nav2_common:/home/ik/aws_ws/install/turtlebot3_simulations:/home/ik/aws_ws/install/turtlebot3_gazebo:/home/ik/aws_ws/install/turtlebot3_fake_node:/home/ik/aws_ws/install/slam_toolbox:/home/ik/aws_ws/install/aws_robomaker_small_warehouse_world:/opt/ros/foxy LD_LIBRARY_PATH=/home/ik/aws_ws/install/nav2_lifecycle_manager/lib:/home/ik/aws_ws/install/nav2_util/lib:/home/ik/aws_ws/install/nav2_msgs/lib:/home/ik/aws_ws/install/slam_toolbox/lib:/usr/lib/x86_64-linux-gnu/gazebo-11/plugins:/opt/ros/foxy/opt/yaml_cpp_vendor/lib:/opt/ros/foxy/opt/rviz_ogre_vendor/lib:/opt/ros/foxy/lib/x86_64-linux-gnu:/opt/ros/foxy/lib:/usr/share/gazebo/../../lib/x86_64-linux-gnu/gazebo-11/plugins PYTHONPATH=/home/ik/aws_ws/install/nav2_msgs/lib/python3.8/site-packages:/home/ik/aws_ws/install/nav2_common/lib/python3.8/site-packages:${PYTHONPATH} /usr/bin/cmake --build /home/ik/aws_ws/build/nav2_rviz_plugins -- -j8 -l8
[38.216s] Invoking command in '/home/ik/aws_ws/build/nav2_rviz_plugins': AMENT_PREFIX_PATH=/home/ik/aws_ws/install/nav2_lifecycle_manager:/home/ik/aws_ws/install/nav2_util:/home/ik/aws_ws/install/nav2_msgs:/home/ik/aws_ws/install/nav2_common:${AMENT_PREFIX_PATH} CMAKE_PREFIX_PATH=/home/ik/aws_ws/install/nav2_lifecycle_manager:/home/ik/aws_ws/install/nav2_util:/home/ik/aws_ws/install/nav2_msgs:/home/ik/aws_ws/install/nav2_common:/home/ik/aws_ws/install/turtlebot3_simulations:/home/ik/aws_ws/install/turtlebot3_gazebo:/home/ik/aws_ws/install/turtlebot3_fake_node:/home/ik/aws_ws/install/slam_toolbox:/home/ik/aws_ws/install/aws_robomaker_small_warehouse_world:/opt/ros/foxy LD_LIBRARY_PATH=/home/ik/aws_ws/install/nav2_lifecycle_manager/lib:/home/ik/aws_ws/install/nav2_util/lib:/home/ik/aws_ws/install/nav2_msgs/lib:/home/ik/aws_ws/install/slam_toolbox/lib:/usr/lib/x86_64-linux-gnu/gazebo-11/plugins:/opt/ros/foxy/opt/yaml_cpp_vendor/lib:/opt/ros/foxy/opt/rviz_ogre_vendor/lib:/opt/ros/foxy/lib/x86_64-linux-gnu:/opt/ros/foxy/lib:/usr/share/gazebo/../../lib/x86_64-linux-gnu/gazebo-11/plugins PYTHONPATH=/home/ik/aws_ws/install/nav2_msgs/lib/python3.8/site-packages:/home/ik/aws_ws/install/nav2_common/lib/python3.8/site-packages:${PYTHONPATH} /usr/bin/cmake --install /home/ik/aws_ws/build/nav2_rviz_plugins
[38.231s] -- Install configuration: ""
[38.232s] -- Execute custom install script
[38.232s] -- Symlinking: /home/ik/aws_ws/install/nav2_rviz_plugins/share/nav2_rviz_plugins//plugins_description.xml
[38.250s] -- Symlinking: /home/ik/aws_ws/install/nav2_rviz_plugins/include//nav2_rviz_plugins/goal_common.hpp
[38.266s] -- Symlinking: /home/ik/aws_ws/install/nav2_rviz_plugins/include//nav2_rviz_plugins/goal_pose_updater.hpp
[38.282s] -- Symlinking: /home/ik/aws_ws/install/nav2_rviz_plugins/include//nav2_rviz_plugins/goal_tool.hpp
[38.292s] -- Symlinking: /home/ik/aws_ws/install/nav2_rviz_plugins/include//nav2_rviz_plugins/nav2_panel.hpp
[38.305s] -- Symlinking: /home/ik/aws_ws/install/nav2_rviz_plugins/include//nav2_rviz_plugins/ros_action_qevent.hpp
[38.315s] -- Symlinking: /home/ik/aws_ws/install/nav2_rviz_plugins/share/nav2_rviz_plugins/environment/library_path.sh
[38.325s] -- Symlinking: /home/ik/aws_ws/install/nav2_rviz_plugins/share/nav2_rviz_plugins/environment/library_path.dsv
[38.335s] -- Symlinking: /home/ik/aws_ws/install/nav2_rviz_plugins/share/ament_index/resource_index/package_run_dependencies/nav2_rviz_plugins
[38.352s] -- Symlinking: /home/ik/aws_ws/install/nav2_rviz_plugins/share/ament_index/resource_index/parent_prefix_path/nav2_rviz_plugins
[38.362s] -- Symlinking: /home/ik/aws_ws/install/nav2_rviz_plugins/share/nav2_rviz_plugins/environment/ament_prefix_path.sh
[38.377s] -- Symlinking: /home/ik/aws_ws/install/nav2_rviz_plugins/share/nav2_rviz_plugins/environment/ament_prefix_path.dsv
[38.386s] -- Symlinking: /home/ik/aws_ws/install/nav2_rviz_plugins/share/nav2_rviz_plugins/environment/path.sh
[38.397s] -- Symlinking: /home/ik/aws_ws/install/nav2_rviz_plugins/share/nav2_rviz_plugins/environment/path.dsv
[38.406s] -- Symlinking: /home/ik/aws_ws/install/nav2_rviz_plugins/share/nav2_rviz_plugins/local_setup.bash
[38.416s] -- Symlinking: /home/ik/aws_ws/install/nav2_rviz_plugins/share/nav2_rviz_plugins/local_setup.sh
[38.426s] -- Symlinking: /home/ik/aws_ws/install/nav2_rviz_plugins/share/nav2_rviz_plugins/local_setup.zsh
[38.436s] -- Symlinking: /home/ik/aws_ws/install/nav2_rviz_plugins/share/nav2_rviz_plugins/local_setup.dsv
[38.446s] -- Symlinking: /home/ik/aws_ws/install/nav2_rviz_plugins/share/nav2_rviz_plugins/package.dsv
[38.456s] -- Symlinking: /home/ik/aws_ws/install/nav2_rviz_plugins/share/ament_index/resource_index/packages/nav2_rviz_plugins
[38.466s] -- Symlinking: /home/ik/aws_ws/install/nav2_rviz_plugins/share/ament_index/resource_index/rviz_common__pluginlib__plugin/nav2_rviz_plugins
[38.481s] -- Symlinking: /home/ik/aws_ws/install/nav2_rviz_plugins/share/nav2_rviz_plugins/cmake/ament_cmake_export_include_directories-extras.cmake
[38.490s] -- Symlinking: /home/ik/aws_ws/install/nav2_rviz_plugins/share/nav2_rviz_plugins/cmake/ament_cmake_export_targets-extras.cmake
[38.505s] -- Symlinking: /home/ik/aws_ws/install/nav2_rviz_plugins/share/nav2_rviz_plugins/cmake/ament_cmake_export_dependencies-extras.cmake
[38.521s] -- Symlinking: /home/ik/aws_ws/install/nav2_rviz_plugins/share/nav2_rviz_plugins/cmake/nav2_rviz_pluginsConfig.cmake
[38.531s] -- Symlinking: /home/ik/aws_ws/install/nav2_rviz_plugins/share/nav2_rviz_plugins/cmake/nav2_rviz_pluginsConfig-version.cmake
[38.543s] -- Symlinking: /home/ik/aws_ws/install/nav2_rviz_plugins/share/nav2_rviz_plugins/package.xml
[38.556s] -- Installing: /home/ik/aws_ws/install/nav2_rviz_plugins/lib/libnav2_rviz_plugins.so
[38.560s] -- Set runtime path of "/home/ik/aws_ws/install/nav2_rviz_plugins/lib/libnav2_rviz_plugins.so" to ""
[38.560s] -- Installing: /home/ik/aws_ws/install/nav2_rviz_plugins/share/nav2_rviz_plugins/cmake/nav2_rviz_pluginsExport.cmake
[38.560s] -- Installing: /home/ik/aws_ws/install/nav2_rviz_plugins/share/nav2_rviz_plugins/cmake/nav2_rviz_pluginsExport-noconfig.cmake
[38.567s] Invoked command in '/home/ik/aws_ws/build/nav2_rviz_plugins' returned '0': AMENT_PREFIX_PATH=/home/ik/aws_ws/install/nav2_lifecycle_manager:/home/ik/aws_ws/install/nav2_util:/home/ik/aws_ws/install/nav2_msgs:/home/ik/aws_ws/install/nav2_common:${AMENT_PREFIX_PATH} CMAKE_PREFIX_PATH=/home/ik/aws_ws/install/nav2_lifecycle_manager:/home/ik/aws_ws/install/nav2_util:/home/ik/aws_ws/install/nav2_msgs:/home/ik/aws_ws/install/nav2_common:/home/ik/aws_ws/install/turtlebot3_simulations:/home/ik/aws_ws/install/turtlebot3_gazebo:/home/ik/aws_ws/install/turtlebot3_fake_node:/home/ik/aws_ws/install/slam_toolbox:/home/ik/aws_ws/install/aws_robomaker_small_warehouse_world:/opt/ros/foxy LD_LIBRARY_PATH=/home/ik/aws_ws/install/nav2_lifecycle_manager/lib:/home/ik/aws_ws/install/nav2_util/lib:/home/ik/aws_ws/install/nav2_msgs/lib:/home/ik/aws_ws/install/slam_toolbox/lib:/usr/lib/x86_64-linux-gnu/gazebo-11/plugins:/opt/ros/foxy/opt/yaml_cpp_vendor/lib:/opt/ros/foxy/opt/rviz_ogre_vendor/lib:/opt/ros/foxy/lib/x86_64-linux-gnu:/opt/ros/foxy/lib:/usr/share/gazebo/../../lib/x86_64-linux-gnu/gazebo-11/plugins PYTHONPATH=/home/ik/aws_ws/install/nav2_msgs/lib/python3.8/site-packages:/home/ik/aws_ws/install/nav2_common/lib/python3.8/site-packages:${PYTHONPATH} /usr/bin/cmake --install /home/ik/aws_ws/build/nav2_rviz_plugins
