[0.035s] Invoking command in '/home/ik/aws_ws/build/nav2_voxel_grid': AMENT_PREFIX_PATH=/home/ik/aws_ws/install/nav2_common:${AMENT_PREFIX_PATH} CMAKE_PREFIX_PATH=/home/ik/aws_ws/install/nav2_common:/opt/ros/foxy PYTHONPATH=/home/ik/aws_ws/install/nav2_common/lib/python3.8/site-packages:${PYTHONPATH} /usr/bin/cmake /home/ik/aws_ws/src/navigation2/nav2_voxel_grid -DAMENT_CMAKE_SYMLINK_INSTALL=1 -DCMAKE_INSTALL_PREFIX=/home/ik/aws_ws/install/nav2_voxel_grid
[0.056s] -- Found ament_cmake: 0.9.11 (/opt/ros/foxy/share/ament_cmake/cmake)
[0.086s] -- Using PYTHON_EXECUTABLE: /usr/bin/python3
[0.277s] -- Override CMake install command with custom implementation using symlinks instead of copying resources
[0.282s] -- Found nav2_common: 0.4.7 (/home/ik/aws_ws/install/nav2_common/share/nav2_common/cmake)
[0.283s] -- Found rclcpp: 2.4.2 (/opt/ros/foxy/share/rclcpp/cmake)
[0.316s] -- Using all available rosidl_typesupport_c: rosidl_typesupport_fastrtps_c;rosidl_typesupport_introspection_c
[0.319s] -- Found rosidl_adapter: 1.3.0 (/opt/ros/foxy/share/rosidl_adapter/cmake)
[0.461s] -- Using all available rosidl_typesupport_cpp: rosidl_typesupport_fastrtps_cpp;rosidl_typesupport_introspection_cpp
[0.511s] -- Found rmw_implementation_cmake: 1.0.4 (/opt/ros/foxy/share/rmw_implementation_cmake/cmake)
[0.512s] -- Using RMW implementation 'rmw_fastrtps_cpp' as default
[0.662s] -- Found ament_lint_auto: 0.9.8 (/opt/ros/foxy/share/ament_lint_auto/cmake)
[0.731s] -- Found gtest sources under '/opt/ros/foxy/src/gtest_vendor': C++ tests using 'Google Test' will be built
[0.741s] -- Added test 'cppcheck' to perform static code analysis on C / C++ code
[0.741s] -- Configured cppcheck include dirs: /home/ik/aws_ws/src/navigation2/nav2_voxel_grid/include
[0.742s] -- Configured cppcheck exclude dirs and/or files: 
[0.742s] -- Added test 'cpplint' to check C / C++ code against the Google style
[0.742s] -- Configured cpplint exclude dirs and/or files: 
[0.742s] -- Added test 'lint_cmake' to check CMake code style
[0.742s] -- Added test 'uncrustify' to check C / C++ code style
[0.742s] -- Configured uncrustify additional arguments: 
[0.742s] -- Added test 'xmllint' to check XML markup files
[0.753s] -- Configuring done
[0.769s] -- Generating done
[0.769s] -- Build files have been written to: /home/ik/aws_ws/build/nav2_voxel_grid
[0.778s] Invoked command in '/home/ik/aws_ws/build/nav2_voxel_grid' returned '0': AMENT_PREFIX_PATH=/home/ik/aws_ws/install/nav2_common:${AMENT_PREFIX_PATH} CMAKE_PREFIX_PATH=/home/ik/aws_ws/install/nav2_common:/opt/ros/foxy PYTHONPATH=/home/ik/aws_ws/install/nav2_common/lib/python3.8/site-packages:${PYTHONPATH} /usr/bin/cmake /home/ik/aws_ws/src/navigation2/nav2_voxel_grid -DAMENT_CMAKE_SYMLINK_INSTALL=1 -DCMAKE_INSTALL_PREFIX=/home/ik/aws_ws/install/nav2_voxel_grid
[0.781s] Invoking command in '/home/ik/aws_ws/build/nav2_voxel_grid': AMENT_PREFIX_PATH=/home/ik/aws_ws/install/nav2_common:${AMENT_PREFIX_PATH} CMAKE_PREFIX_PATH=/home/ik/aws_ws/install/nav2_common:/opt/ros/foxy PYTHONPATH=/home/ik/aws_ws/install/nav2_common/lib/python3.8/site-packages:${PYTHONPATH} /usr/bin/cmake --build /home/ik/aws_ws/build/nav2_voxel_grid -- -j8 -l8
[0.850s] [ 25%] Built target gtest
[0.852s] [ 50%] Built target voxel_grid
[0.856s] [ 75%] Built target gtest_main
[0.894s] [100%] Built target voxel_grid_tests
[0.925s] Invoked command in '/home/ik/aws_ws/build/nav2_voxel_grid' returned '0': AMENT_PREFIX_PATH=/home/ik/aws_ws/install/nav2_common:${AMENT_PREFIX_PATH} CMAKE_PREFIX_PATH=/home/ik/aws_ws/install/nav2_common:/opt/ros/foxy PYTHONPATH=/home/ik/aws_ws/install/nav2_common/lib/python3.8/site-packages:${PYTHONPATH} /usr/bin/cmake --build /home/ik/aws_ws/build/nav2_voxel_grid -- -j8 -l8
[0.957s] Invoking command in '/home/ik/aws_ws/build/nav2_voxel_grid': AMENT_PREFIX_PATH=/home/ik/aws_ws/install/nav2_common:${AMENT_PREFIX_PATH} CMAKE_PREFIX_PATH=/home/ik/aws_ws/install/nav2_common:/opt/ros/foxy PYTHONPATH=/home/ik/aws_ws/install/nav2_common/lib/python3.8/site-packages:${PYTHONPATH} /usr/bin/cmake --install /home/ik/aws_ws/build/nav2_voxel_grid
[0.972s] -- Install configuration: "Release"
[0.972s] -- Execute custom install script
[0.972s] -- Up-to-date symlink: /home/ik/aws_ws/install/nav2_voxel_grid/lib/libvoxel_grid.so
[0.972s] -- Up-to-date symlink: /home/ik/aws_ws/install/nav2_voxel_grid/include/nav2_voxel_grid/voxel_grid.hpp
[0.973s] -- Up-to-date symlink: /home/ik/aws_ws/install/nav2_voxel_grid/share/nav2_voxel_grid/environment/library_path.sh
[0.977s] -- Up-to-date symlink: /home/ik/aws_ws/install/nav2_voxel_grid/share/nav2_voxel_grid/environment/library_path.dsv
[0.977s] -- Up-to-date symlink: /home/ik/aws_ws/install/nav2_voxel_grid/share/ament_index/resource_index/package_run_dependencies/nav2_voxel_grid
[0.977s] -- Up-to-date symlink: /home/ik/aws_ws/install/nav2_voxel_grid/share/ament_index/resource_index/parent_prefix_path/nav2_voxel_grid
[0.977s] -- Up-to-date symlink: /home/ik/aws_ws/install/nav2_voxel_grid/share/nav2_voxel_grid/environment/ament_prefix_path.sh
[0.977s] -- Up-to-date symlink: /home/ik/aws_ws/install/nav2_voxel_grid/share/nav2_voxel_grid/environment/ament_prefix_path.dsv
[0.977s] -- Up-to-date symlink: /home/ik/aws_ws/install/nav2_voxel_grid/share/nav2_voxel_grid/environment/path.sh
[0.977s] -- Up-to-date symlink: /home/ik/aws_ws/install/nav2_voxel_grid/share/nav2_voxel_grid/environment/path.dsv
[0.978s] -- Up-to-date symlink: /home/ik/aws_ws/install/nav2_voxel_grid/share/nav2_voxel_grid/local_setup.bash
[0.978s] -- Up-to-date symlink: /home/ik/aws_ws/install/nav2_voxel_grid/share/nav2_voxel_grid/local_setup.sh
[0.978s] -- Up-to-date symlink: /home/ik/aws_ws/install/nav2_voxel_grid/share/nav2_voxel_grid/local_setup.zsh
[0.978s] -- Up-to-date symlink: /home/ik/aws_ws/install/nav2_voxel_grid/share/nav2_voxel_grid/local_setup.dsv
[0.978s] -- Symlinking: /home/ik/aws_ws/install/nav2_voxel_grid/share/nav2_voxel_grid/package.dsv
[0.983s] -- Up-to-date symlink: /home/ik/aws_ws/install/nav2_voxel_grid/share/ament_index/resource_index/packages/nav2_voxel_grid
[0.983s] -- Up-to-date symlink: /home/ik/aws_ws/install/nav2_voxel_grid/share/nav2_voxel_grid/cmake/ament_cmake_export_dependencies-extras.cmake
[0.984s] -- Up-to-date symlink: /home/ik/aws_ws/install/nav2_voxel_grid/share/nav2_voxel_grid/cmake/ament_cmake_export_include_directories-extras.cmake
[0.984s] -- Up-to-date symlink: /home/ik/aws_ws/install/nav2_voxel_grid/share/nav2_voxel_grid/cmake/ament_cmake_export_libraries-extras.cmake
[0.984s] -- Up-to-date symlink: /home/ik/aws_ws/install/nav2_voxel_grid/share/nav2_voxel_grid/cmake/nav2_voxel_gridConfig.cmake
[0.984s] -- Up-to-date symlink: /home/ik/aws_ws/install/nav2_voxel_grid/share/nav2_voxel_grid/cmake/nav2_voxel_gridConfig-version.cmake
[0.984s] -- Up-to-date symlink: /home/ik/aws_ws/install/nav2_voxel_grid/share/nav2_voxel_grid/package.xml
[0.989s] Invoked command in '/home/ik/aws_ws/build/nav2_voxel_grid' returned '0': AMENT_PREFIX_PATH=/home/ik/aws_ws/install/nav2_common:${AMENT_PREFIX_PATH} CMAKE_PREFIX_PATH=/home/ik/aws_ws/install/nav2_common:/opt/ros/foxy PYTHONPATH=/home/ik/aws_ws/install/nav2_common/lib/python3.8/site-packages:${PYTHONPATH} /usr/bin/cmake --install /home/ik/aws_ws/build/nav2_voxel_grid
