[0.070s] Invoking command in '/home/ik/aws_ws/build/nav2_rviz_plugins': AMENT_PREFIX_PATH=/home/ik/aws_ws/install/nav2_lifecycle_manager:/home/ik/aws_ws/install/nav2_util:/home/ik/aws_ws/install/nav2_msgs:/home/ik/aws_ws/install/nav2_common:${AMENT_PREFIX_PATH} CMAKE_PREFIX_PATH=/home/ik/aws_ws/install/nav2_lifecycle_manager:/home/ik/aws_ws/install/nav2_util:/home/ik/aws_ws/install/nav2_msgs:/home/ik/aws_ws/install/nav2_common:/opt/ros/foxy LD_LIBRARY_PATH=/home/ik/aws_ws/install/nav2_lifecycle_manager/lib:/home/ik/aws_ws/install/nav2_util/lib:/home/ik/aws_ws/install/nav2_msgs/lib:${LD_LIBRARY_PATH} PYTHONPATH=/home/ik/aws_ws/install/nav2_msgs/lib/python3.8/site-packages:/home/ik/aws_ws/install/nav2_common/lib/python3.8/site-packages:${PYTHONPATH} /usr/bin/cmake --build /home/ik/aws_ws/build/nav2_rviz_plugins -- -j8 -l8
[0.150s] [ 20%] [34m[1mAutomatic MOC for target nav2_rviz_plugins[0m
[0.179s] [ 20%] Built target nav2_rviz_plugins_autogen
[0.235s] [100%] Built target nav2_rviz_plugins
[0.249s] Invoked command in '/home/ik/aws_ws/build/nav2_rviz_plugins' returned '0': AMENT_PREFIX_PATH=/home/ik/aws_ws/install/nav2_lifecycle_manager:/home/ik/aws_ws/install/nav2_util:/home/ik/aws_ws/install/nav2_msgs:/home/ik/aws_ws/install/nav2_common:${AMENT_PREFIX_PATH} CMAKE_PREFIX_PATH=/home/ik/aws_ws/install/nav2_lifecycle_manager:/home/ik/aws_ws/install/nav2_util:/home/ik/aws_ws/install/nav2_msgs:/home/ik/aws_ws/install/nav2_common:/opt/ros/foxy LD_LIBRARY_PATH=/home/ik/aws_ws/install/nav2_lifecycle_manager/lib:/home/ik/aws_ws/install/nav2_util/lib:/home/ik/aws_ws/install/nav2_msgs/lib:${LD_LIBRARY_PATH} PYTHONPATH=/home/ik/aws_ws/install/nav2_msgs/lib/python3.8/site-packages:/home/ik/aws_ws/install/nav2_common/lib/python3.8/site-packages:${PYTHONPATH} /usr/bin/cmake --build /home/ik/aws_ws/build/nav2_rviz_plugins -- -j8 -l8
[0.293s] Invoking command in '/home/ik/aws_ws/build/nav2_rviz_plugins': AMENT_PREFIX_PATH=/home/ik/aws_ws/install/nav2_lifecycle_manager:/home/ik/aws_ws/install/nav2_util:/home/ik/aws_ws/install/nav2_msgs:/home/ik/aws_ws/install/nav2_common:${AMENT_PREFIX_PATH} CMAKE_PREFIX_PATH=/home/ik/aws_ws/install/nav2_lifecycle_manager:/home/ik/aws_ws/install/nav2_util:/home/ik/aws_ws/install/nav2_msgs:/home/ik/aws_ws/install/nav2_common:/opt/ros/foxy LD_LIBRARY_PATH=/home/ik/aws_ws/install/nav2_lifecycle_manager/lib:/home/ik/aws_ws/install/nav2_util/lib:/home/ik/aws_ws/install/nav2_msgs/lib:${LD_LIBRARY_PATH} PYTHONPATH=/home/ik/aws_ws/install/nav2_msgs/lib/python3.8/site-packages:/home/ik/aws_ws/install/nav2_common/lib/python3.8/site-packages:${PYTHONPATH} /usr/bin/cmake --install /home/ik/aws_ws/build/nav2_rviz_plugins
[0.304s] -- Install configuration: ""
[0.305s] -- Execute custom install script
[0.305s] -- Up-to-date symlink: /home/ik/aws_ws/install/nav2_rviz_plugins/share/nav2_rviz_plugins//plugins_description.xml
[0.307s] -- Up-to-date symlink: /home/ik/aws_ws/install/nav2_rviz_plugins/include//nav2_rviz_plugins/goal_common.hpp
[0.307s] -- Up-to-date symlink: /home/ik/aws_ws/install/nav2_rviz_plugins/include//nav2_rviz_plugins/goal_pose_updater.hpp
[0.307s] -- Up-to-date symlink: /home/ik/aws_ws/install/nav2_rviz_plugins/include//nav2_rviz_plugins/goal_tool.hpp
[0.308s] -- Up-to-date symlink: /home/ik/aws_ws/install/nav2_rviz_plugins/include//nav2_rviz_plugins/nav2_panel.hpp
[0.308s] -- Up-to-date symlink: /home/ik/aws_ws/install/nav2_rviz_plugins/include//nav2_rviz_plugins/ros_action_qevent.hpp
[0.309s] -- Up-to-date symlink: /home/ik/aws_ws/install/nav2_rviz_plugins/share/nav2_rviz_plugins/environment/library_path.sh
[0.309s] -- Up-to-date symlink: /home/ik/aws_ws/install/nav2_rviz_plugins/share/nav2_rviz_plugins/environment/library_path.dsv
[0.310s] -- Up-to-date symlink: /home/ik/aws_ws/install/nav2_rviz_plugins/share/ament_index/resource_index/package_run_dependencies/nav2_rviz_plugins
[0.311s] -- Up-to-date symlink: /home/ik/aws_ws/install/nav2_rviz_plugins/share/ament_index/resource_index/parent_prefix_path/nav2_rviz_plugins
[0.311s] -- Up-to-date symlink: /home/ik/aws_ws/install/nav2_rviz_plugins/share/nav2_rviz_plugins/environment/ament_prefix_path.sh
[0.312s] -- Up-to-date symlink: /home/ik/aws_ws/install/nav2_rviz_plugins/share/nav2_rviz_plugins/environment/ament_prefix_path.dsv
[0.312s] -- Up-to-date symlink: /home/ik/aws_ws/install/nav2_rviz_plugins/share/nav2_rviz_plugins/environment/path.sh
[0.312s] -- Up-to-date symlink: /home/ik/aws_ws/install/nav2_rviz_plugins/share/nav2_rviz_plugins/environment/path.dsv
[0.313s] -- Up-to-date symlink: /home/ik/aws_ws/install/nav2_rviz_plugins/share/nav2_rviz_plugins/local_setup.bash
[0.313s] -- Up-to-date symlink: /home/ik/aws_ws/install/nav2_rviz_plugins/share/nav2_rviz_plugins/local_setup.sh
[0.314s] -- Up-to-date symlink: /home/ik/aws_ws/install/nav2_rviz_plugins/share/nav2_rviz_plugins/local_setup.zsh
[0.314s] -- Up-to-date symlink: /home/ik/aws_ws/install/nav2_rviz_plugins/share/nav2_rviz_plugins/local_setup.dsv
[0.315s] -- Symlinking: /home/ik/aws_ws/install/nav2_rviz_plugins/share/nav2_rviz_plugins/package.dsv
[0.324s] -- Up-to-date symlink: /home/ik/aws_ws/install/nav2_rviz_plugins/share/ament_index/resource_index/packages/nav2_rviz_plugins
[0.324s] -- Up-to-date symlink: /home/ik/aws_ws/install/nav2_rviz_plugins/share/ament_index/resource_index/rviz_common__pluginlib__plugin/nav2_rviz_plugins
[0.324s] -- Up-to-date symlink: /home/ik/aws_ws/install/nav2_rviz_plugins/share/nav2_rviz_plugins/cmake/ament_cmake_export_include_directories-extras.cmake
[0.325s] -- Up-to-date symlink: /home/ik/aws_ws/install/nav2_rviz_plugins/share/nav2_rviz_plugins/cmake/ament_cmake_export_targets-extras.cmake
[0.328s] -- Up-to-date symlink: /home/ik/aws_ws/install/nav2_rviz_plugins/share/nav2_rviz_plugins/cmake/ament_cmake_export_dependencies-extras.cmake
[0.333s] -- Up-to-date symlink: /home/ik/aws_ws/install/nav2_rviz_plugins/share/nav2_rviz_plugins/cmake/nav2_rviz_pluginsConfig.cmake
[0.333s] -- Up-to-date symlink: /home/ik/aws_ws/install/nav2_rviz_plugins/share/nav2_rviz_plugins/cmake/nav2_rviz_pluginsConfig-version.cmake
[0.333s] -- Up-to-date symlink: /home/ik/aws_ws/install/nav2_rviz_plugins/share/nav2_rviz_plugins/package.xml
[0.333s] -- Up-to-date: /home/ik/aws_ws/install/nav2_rviz_plugins/lib/libnav2_rviz_plugins.so
[0.333s] -- Up-to-date: /home/ik/aws_ws/install/nav2_rviz_plugins/share/nav2_rviz_plugins/cmake/nav2_rviz_pluginsExport.cmake
[0.333s] -- Up-to-date: /home/ik/aws_ws/install/nav2_rviz_plugins/share/nav2_rviz_plugins/cmake/nav2_rviz_pluginsExport-noconfig.cmake
[0.364s] Invoked command in '/home/ik/aws_ws/build/nav2_rviz_plugins' returned '0': AMENT_PREFIX_PATH=/home/ik/aws_ws/install/nav2_lifecycle_manager:/home/ik/aws_ws/install/nav2_util:/home/ik/aws_ws/install/nav2_msgs:/home/ik/aws_ws/install/nav2_common:${AMENT_PREFIX_PATH} CMAKE_PREFIX_PATH=/home/ik/aws_ws/install/nav2_lifecycle_manager:/home/ik/aws_ws/install/nav2_util:/home/ik/aws_ws/install/nav2_msgs:/home/ik/aws_ws/install/nav2_common:/opt/ros/foxy LD_LIBRARY_PATH=/home/ik/aws_ws/install/nav2_lifecycle_manager/lib:/home/ik/aws_ws/install/nav2_util/lib:/home/ik/aws_ws/install/nav2_msgs/lib:${LD_LIBRARY_PATH} PYTHONPATH=/home/ik/aws_ws/install/nav2_msgs/lib/python3.8/site-packages:/home/ik/aws_ws/install/nav2_common/lib/python3.8/site-packages:${PYTHONPATH} /usr/bin/cmake --install /home/ik/aws_ws/build/nav2_rviz_plugins
