[0.075s] Invoking command in '/home/ik/aws_ws/build/basic_mobile_robot': CMAKE_PREFIX_PATH=${CMAKE_PREFIX_PATH}:/home/ik/aws_ws/install/nav2_gazebo_spawner:/opt/ros/foxy /usr/bin/cmake /home/ik/aws_ws/src/basic_mobile_robot -DCMAKE_INSTALL_PREFIX=/home/ik/aws_ws/install/basic_mobile_robot
[0.102s] -- Found ament_cmake: 0.9.11 (/opt/ros/foxy/share/ament_cmake/cmake)
[0.137s] -- Using PYTHON_EXECUTABLE: /usr/bin/python3
[0.320s] -- Override CMake install command with custom implementation using symlinks instead of copying resources
[0.342s] -- Found ament_lint_auto: 0.9.8 (/opt/ros/foxy/share/ament_lint_auto/cmake)
[0.421s] -- Added test 'copyright' to check source files copyright and LICENSE
[0.449s] -- Added test 'flake8' to check Python code syntax and style conventions
[0.450s] -- Added test 'lint_cmake' to check CMake code style
[0.450s] -- Added test 'pep257' to check Python code against some of the style conventions in PEP 257
[0.454s] -- Added test 'xmllint' to check XML markup files
[0.454s] -- Configuring done
[0.459s] -- Generating done
[0.459s] -- Build files have been written to: /home/ik/aws_ws/build/basic_mobile_robot
[0.520s] Invoked command in '/home/ik/aws_ws/build/basic_mobile_robot' returned '0': CMAKE_PREFIX_PATH=${CMAKE_PREFIX_PATH}:/home/ik/aws_ws/install/nav2_gazebo_spawner:/opt/ros/foxy /usr/bin/cmake /home/ik/aws_ws/src/basic_mobile_robot -DCMAKE_INSTALL_PREFIX=/home/ik/aws_ws/install/basic_mobile_robot
[0.522s] Invoking command in '/home/ik/aws_ws/build/basic_mobile_robot': CMAKE_PREFIX_PATH=${CMAKE_PREFIX_PATH}:/home/ik/aws_ws/install/nav2_gazebo_spawner:/opt/ros/foxy /usr/bin/cmake --build /home/ik/aws_ws/build/basic_mobile_robot -- -j8 -l8
[0.644s] Invoked command in '/home/ik/aws_ws/build/basic_mobile_robot' returned '0': CMAKE_PREFIX_PATH=${CMAKE_PREFIX_PATH}:/home/ik/aws_ws/install/nav2_gazebo_spawner:/opt/ros/foxy /usr/bin/cmake --build /home/ik/aws_ws/build/basic_mobile_robot -- -j8 -l8
[0.683s] Invoking command in '/home/ik/aws_ws/build/basic_mobile_robot': CMAKE_PREFIX_PATH=${CMAKE_PREFIX_PATH}:/home/ik/aws_ws/install/nav2_gazebo_spawner:/opt/ros/foxy /usr/bin/cmake --install /home/ik/aws_ws/build/basic_mobile_robot
[0.698s] -- Install configuration: ""
[0.698s] -- Execute custom install script
[0.698s] -- Up-to-date symlink: /home/ik/aws_ws/install/basic_mobile_robot/share/basic_mobile_robot/config/ekf.yaml
[0.698s] -- Up-to-date symlink: /home/ik/aws_ws/install/basic_mobile_robot/share/basic_mobile_robot/launch/basic_mobile_bot_v1.launch.py
[0.698s] -- Up-to-date symlink: /home/ik/aws_ws/install/basic_mobile_robot/share/basic_mobile_robot/launch/basic_mobile_bot_v2.launch.py
[0.698s] -- Up-to-date symlink: /home/ik/aws_ws/install/basic_mobile_robot/share/basic_mobile_robot/launch/basic_mobile_bot_v3.launch.py
[0.698s] -- Up-to-date symlink: /home/ik/aws_ws/install/basic_mobile_robot/share/basic_mobile_robot/launch/basic_mobile_bot_v4.launch.py
[0.700s] -- Up-to-date symlink: /home/ik/aws_ws/install/basic_mobile_robot/share/basic_mobile_robot/launch/basic_mobile_bot_v5.launch.py
[0.700s] -- Up-to-date symlink: /home/ik/aws_ws/install/basic_mobile_robot/share/basic_mobile_robot/launch/basic_mobile_bot_v5_1.launch.py
[0.700s] -- Up-to-date symlink: /home/ik/aws_ws/install/basic_mobile_robot/share/basic_mobile_robot/maps/map.pgm
[0.700s] -- Up-to-date symlink: /home/ik/aws_ws/install/basic_mobile_robot/share/basic_mobile_robot/maps/map.yaml
[0.700s] -- Up-to-date symlink: /home/ik/aws_ws/install/basic_mobile_robot/share/basic_mobile_robot/maps/map_rot.pgm
[0.700s] -- Up-to-date symlink: /home/ik/aws_ws/install/basic_mobile_robot/share/basic_mobile_robot/maps/smalltown_world.pgm
[0.700s] -- Up-to-date symlink: /home/ik/aws_ws/install/basic_mobile_robot/share/basic_mobile_robot/maps/smalltown_world.yaml
[0.700s] -- Up-to-date symlink: /home/ik/aws_ws/install/basic_mobile_robot/share/basic_mobile_robot/meshes/arm_base.stl
[0.700s] -- Up-to-date symlink: /home/ik/aws_ws/install/basic_mobile_robot/share/basic_mobile_robot/meshes/bicep.stl
[0.700s] -- Up-to-date symlink: /home/ik/aws_ws/install/basic_mobile_robot/share/basic_mobile_robot/meshes/elbow.stl
[0.700s] -- Up-to-date symlink: /home/ik/aws_ws/install/basic_mobile_robot/share/basic_mobile_robot/meshes/robot_base.stl
[0.701s] -- Up-to-date symlink: /home/ik/aws_ws/install/basic_mobile_robot/share/basic_mobile_robot/meshes/wheel.stl
[0.701s] -- Up-to-date symlink: /home/ik/aws_ws/install/basic_mobile_robot/share/basic_mobile_robot/meshes/wrist.stl
[0.703s] -- Up-to-date symlink: /home/ik/aws_ws/install/basic_mobile_robot/share/basic_mobile_robot/models/aws_robomaker_warehouse_Bucket_01/.DS_Store
[0.703s] -- Up-to-date symlink: /home/ik/aws_ws/install/basic_mobile_robot/share/basic_mobile_robot/models/aws_robomaker_warehouse_Bucket_01/materials/.DS_Store
[0.703s] -- Up-to-date symlink: /home/ik/aws_ws/install/basic_mobile_robot/share/basic_mobile_robot/models/aws_robomaker_warehouse_Bucket_01/materials/textures/aws_robomaker_warehouse_Bucket_01.png
[0.704s] -- Up-to-date symlink: /home/ik/aws_ws/install/basic_mobile_robot/share/basic_mobile_robot/models/aws_robomaker_warehouse_Bucket_01/meshes/aws_robomaker_warehouse_Bucket_01_collision.DAE
[0.704s] -- Up-to-date symlink: /home/ik/aws_ws/install/basic_mobile_robot/share/basic_mobile_robot/models/aws_robomaker_warehouse_Bucket_01/meshes/aws_robomaker_warehouse_Bucket_01_visual.DAE
[0.704s] -- Up-to-date symlink: /home/ik/aws_ws/install/basic_mobile_robot/share/basic_mobile_robot/models/aws_robomaker_warehouse_Bucket_01/model.config
[0.704s] -- Up-to-date symlink: /home/ik/aws_ws/install/basic_mobile_robot/share/basic_mobile_robot/models/aws_robomaker_warehouse_Bucket_01/model.sdf
[0.704s] -- Up-to-date symlink: /home/ik/aws_ws/install/basic_mobile_robot/share/basic_mobile_robot/models/aws_robomaker_warehouse_ClutteringA_01/.DS_Store
[0.704s] -- Up-to-date symlink: /home/ik/aws_ws/install/basic_mobile_robot/share/basic_mobile_robot/models/aws_robomaker_warehouse_ClutteringA_01/materials/.DS_Store
[0.704s] -- Up-to-date symlink: /home/ik/aws_ws/install/basic_mobile_robot/share/basic_mobile_robot/models/aws_robomaker_warehouse_ClutteringA_01/materials/textures/.DS_Store
[0.704s] -- Up-to-date symlink: /home/ik/aws_ws/install/basic_mobile_robot/share/basic_mobile_robot/models/aws_robomaker_warehouse_ClutteringA_01/materials/textures/aws_robomaker_warehouse_ClutteringA_01.png
[0.704s] -- Up-to-date symlink: /home/ik/aws_ws/install/basic_mobile_robot/share/basic_mobile_robot/models/aws_robomaker_warehouse_ClutteringA_01/materials/textures/aws_robomaker_warehouse_ClutteringA_02.png
[0.704s] -- Up-to-date symlink: /home/ik/aws_ws/install/basic_mobile_robot/share/basic_mobile_robot/models/aws_robomaker_warehouse_ClutteringA_01/materials/textures/aws_robomaker_warehouse_ClutteringA_03.png
[0.704s] -- Up-to-date symlink: /home/ik/aws_ws/install/basic_mobile_robot/share/basic_mobile_robot/models/aws_robomaker_warehouse_ClutteringA_01/meshes/aws_robomaker_warehouse_ClutteringA_01_collision.DAE
[0.704s] -- Up-to-date symlink: /home/ik/aws_ws/install/basic_mobile_robot/share/basic_mobile_robot/models/aws_robomaker_warehouse_ClutteringA_01/meshes/aws_robomaker_warehouse_ClutteringA_01_visual.DAE
[0.707s] -- Up-to-date symlink: /home/ik/aws_ws/install/basic_mobile_robot/share/basic_mobile_robot/models/aws_robomaker_warehouse_ClutteringA_01/model.config
[0.707s] -- Up-to-date symlink: /home/ik/aws_ws/install/basic_mobile_robot/share/basic_mobile_robot/models/aws_robomaker_warehouse_ClutteringA_01/model.sdf
[0.707s] -- Up-to-date symlink: /home/ik/aws_ws/install/basic_mobile_robot/share/basic_mobile_robot/models/aws_robomaker_warehouse_ClutteringC_01/materials/textures/aws_robomaker_warehouse_ClutteringC_01.png
[0.707s] -- Up-to-date symlink: /home/ik/aws_ws/install/basic_mobile_robot/share/basic_mobile_robot/models/aws_robomaker_warehouse_ClutteringC_01/materials/textures/aws_robomaker_warehouse_ClutteringC_02.png
[0.707s] -- Up-to-date symlink: /home/ik/aws_ws/install/basic_mobile_robot/share/basic_mobile_robot/models/aws_robomaker_warehouse_ClutteringC_01/meshes/aws_robomaker_warehouse_ClutteringC_01_collision.DAE
[0.707s] -- Up-to-date symlink: /home/ik/aws_ws/install/basic_mobile_robot/share/basic_mobile_robot/models/aws_robomaker_warehouse_ClutteringC_01/meshes/aws_robomaker_warehouse_ClutteringC_01_visual.DAE
[0.707s] -- Up-to-date symlink: /home/ik/aws_ws/install/basic_mobile_robot/share/basic_mobile_robot/models/aws_robomaker_warehouse_ClutteringC_01/model.config
[0.707s] -- Up-to-date symlink: /home/ik/aws_ws/install/basic_mobile_robot/share/basic_mobile_robot/models/aws_robomaker_warehouse_ClutteringC_01/model.sdf
[0.708s] -- Up-to-date symlink: /home/ik/aws_ws/install/basic_mobile_robot/share/basic_mobile_robot/models/aws_robomaker_warehouse_ClutteringD_01/materials/textures/aws_robomaker_warehouse_ClutteringD_01.png
[0.708s] -- Up-to-date symlink: /home/ik/aws_ws/install/basic_mobile_robot/share/basic_mobile_robot/models/aws_robomaker_warehouse_ClutteringD_01/materials/textures/aws_robomaker_warehouse_ClutteringD_02.png
[0.708s] -- Up-to-date symlink: /home/ik/aws_ws/install/basic_mobile_robot/share/basic_mobile_robot/models/aws_robomaker_warehouse_ClutteringD_01/meshes/aws_robomaker_warehouse_ClutteringD_01_collision.DAE
[0.708s] -- Up-to-date symlink: /home/ik/aws_ws/install/basic_mobile_robot/share/basic_mobile_robot/models/aws_robomaker_warehouse_ClutteringD_01/meshes/aws_robomaker_warehouse_ClutteringD_01_visual.DAE
[0.708s] -- Up-to-date symlink: /home/ik/aws_ws/install/basic_mobile_robot/share/basic_mobile_robot/models/aws_robomaker_warehouse_ClutteringD_01/model.config
[0.708s] -- Up-to-date symlink: /home/ik/aws_ws/install/basic_mobile_robot/share/basic_mobile_robot/models/aws_robomaker_warehouse_ClutteringD_01/model.sdf
[0.708s] -- Up-to-date symlink: /home/ik/aws_ws/install/basic_mobile_robot/share/basic_mobile_robot/models/aws_robomaker_warehouse_DeskC_01/materials/.DS_Store
[0.708s] -- Up-to-date symlink: /home/ik/aws_ws/install/basic_mobile_robot/share/basic_mobile_robot/models/aws_robomaker_warehouse_DeskC_01/materials/textures/aws_robomaker_warehouse_DeskC_01.png
[0.708s] -- Up-to-date symlink: /home/ik/aws_ws/install/basic_mobile_robot/share/basic_mobile_robot/models/aws_robomaker_warehouse_DeskC_01/materials/textures/aws_robomaker_warehouse_DeskC_02.png
[0.708s] -- Up-to-date symlink: /home/ik/aws_ws/install/basic_mobile_robot/share/basic_mobile_robot/models/aws_robomaker_warehouse_DeskC_01/materials/textures/aws_robomaker_warehouse_DeskC_03.png
[0.708s] -- Up-to-date symlink: /home/ik/aws_ws/install/basic_mobile_robot/share/basic_mobile_robot/models/aws_robomaker_warehouse_DeskC_01/materials/textures/aws_robomaker_warehouse_DeskC_03.psd
[0.708s] -- Up-to-date symlink: /home/ik/aws_ws/install/basic_mobile_robot/share/basic_mobile_robot/models/aws_robomaker_warehouse_DeskC_01/materials/textures/aws_robomaker_warehouse_DeskC_04.png
[0.708s] -- Up-to-date symlink: /home/ik/aws_ws/install/basic_mobile_robot/share/basic_mobile_robot/models/aws_robomaker_warehouse_DeskC_01/meshes/aws_robomaker_warehouse_DeskC_01_collision.DAE
[0.708s] -- Up-to-date symlink: /home/ik/aws_ws/install/basic_mobile_robot/share/basic_mobile_robot/models/aws_robomaker_warehouse_DeskC_01/meshes/aws_robomaker_warehouse_DeskC_01_visual.DAE
[0.708s] -- Up-to-date symlink: /home/ik/aws_ws/install/basic_mobile_robot/share/basic_mobile_robot/models/aws_robomaker_warehouse_DeskC_01/model.config
[0.708s] -- Up-to-date symlink: /home/ik/aws_ws/install/basic_mobile_robot/share/basic_mobile_robot/models/aws_robomaker_warehouse_DeskC_01/model.sdf
[0.708s] -- Up-to-date symlink: /home/ik/aws_ws/install/basic_mobile_robot/share/basic_mobile_robot/models/aws_robomaker_warehouse_GroundB_01/materials/textures/aws_robomaker_warehouse_GroundB_01.png
[0.708s] -- Up-to-date symlink: /home/ik/aws_ws/install/basic_mobile_robot/share/basic_mobile_robot/models/aws_robomaker_warehouse_GroundB_01/materials/textures/aws_robomaker_warehouse_GroundB_02.png
[0.709s] -- Up-to-date symlink: /home/ik/aws_ws/install/basic_mobile_robot/share/basic_mobile_robot/models/aws_robomaker_warehouse_GroundB_01/meshes/aws_robomaker_warehouse_GroundB_01_collision.DAE
[0.709s] -- Up-to-date symlink: /home/ik/aws_ws/install/basic_mobile_robot/share/basic_mobile_robot/models/aws_robomaker_warehouse_GroundB_01/meshes/aws_robomaker_warehouse_GroundB_01_visual.DAE
[0.709s] -- Up-to-date symlink: /home/ik/aws_ws/install/basic_mobile_robot/share/basic_mobile_robot/models/aws_robomaker_warehouse_GroundB_01/model.config
[0.709s] -- Up-to-date symlink: /home/ik/aws_ws/install/basic_mobile_robot/share/basic_mobile_robot/models/aws_robomaker_warehouse_GroundB_01/model.sdf
[0.709s] -- Up-to-date symlink: /home/ik/aws_ws/install/basic_mobile_robot/share/basic_mobile_robot/models/aws_robomaker_warehouse_Lamp_01/materials/textures/aws_robomaker_warehouse_Lamp_01.png
[0.709s] -- Up-to-date symlink: /home/ik/aws_ws/install/basic_mobile_robot/share/basic_mobile_robot/models/aws_robomaker_warehouse_Lamp_01/meshes/aws_robomaker_warehouse_Lamp_01_collision.DAE
[0.709s] -- Up-to-date symlink: /home/ik/aws_ws/install/basic_mobile_robot/share/basic_mobile_robot/models/aws_robomaker_warehouse_Lamp_01/meshes/aws_robomaker_warehouse_Lamp_01_visual.DAE
[0.709s] -- Up-to-date symlink: /home/ik/aws_ws/install/basic_mobile_robot/share/basic_mobile_robot/models/aws_robomaker_warehouse_Lamp_01/model.config
[0.709s] -- Up-to-date symlink: /home/ik/aws_ws/install/basic_mobile_robot/share/basic_mobile_robot/models/aws_robomaker_warehouse_Lamp_01/model.sdf
[0.709s] -- Up-to-date symlink: /home/ik/aws_ws/install/basic_mobile_robot/share/basic_mobile_robot/models/aws_robomaker_warehouse_PalletJackB_01/.DS_Store
[0.710s] -- Up-to-date symlink: /home/ik/aws_ws/install/basic_mobile_robot/share/basic_mobile_robot/models/aws_robomaker_warehouse_PalletJackB_01/materials/.DS_Store
[0.710s] -- Up-to-date symlink: /home/ik/aws_ws/install/basic_mobile_robot/share/basic_mobile_robot/models/aws_robomaker_warehouse_PalletJackB_01/materials/textures/aws_robomaker_warehouse_PalletJackB_01.png
[0.710s] -- Up-to-date symlink: /home/ik/aws_ws/install/basic_mobile_robot/share/basic_mobile_robot/models/aws_robomaker_warehouse_PalletJackB_01/materials/textures/aws_robomaker_warehouse_PalletJackB_02.png
[0.710s] -- Up-to-date symlink: /home/ik/aws_ws/install/basic_mobile_robot/share/basic_mobile_robot/models/aws_robomaker_warehouse_PalletJackB_01/meshes/aws_robomaker_warehouse_PalletJackB_01_collision.DAE
[0.710s] -- Up-to-date symlink: /home/ik/aws_ws/install/basic_mobile_robot/share/basic_mobile_robot/models/aws_robomaker_warehouse_PalletJackB_01/meshes/aws_robomaker_warehouse_PalletJackB_01_visual.DAE
[0.710s] -- Up-to-date symlink: /home/ik/aws_ws/install/basic_mobile_robot/share/basic_mobile_robot/models/aws_robomaker_warehouse_PalletJackB_01/model.config
[0.710s] -- Up-to-date symlink: /home/ik/aws_ws/install/basic_mobile_robot/share/basic_mobile_robot/models/aws_robomaker_warehouse_PalletJackB_01/model.sdf
[0.710s] -- Up-to-date symlink: /home/ik/aws_ws/install/basic_mobile_robot/share/basic_mobile_robot/models/aws_robomaker_warehouse_RoofB_01/materials/textures/aws_robomaker_warehouse_RoofB_01.png
[0.710s] -- Up-to-date symlink: /home/ik/aws_ws/install/basic_mobile_robot/share/basic_mobile_robot/models/aws_robomaker_warehouse_RoofB_01/meshes/aws_robomaker_warehouse_RoofB_01_collision.DAE
[0.710s] -- Up-to-date symlink: /home/ik/aws_ws/install/basic_mobile_robot/share/basic_mobile_robot/models/aws_robomaker_warehouse_RoofB_01/meshes/aws_robomaker_warehouse_RoofB_01_visual.DAE
[0.710s] -- Up-to-date symlink: /home/ik/aws_ws/install/basic_mobile_robot/share/basic_mobile_robot/models/aws_robomaker_warehouse_RoofB_01/model.config
[0.710s] -- Up-to-date symlink: /home/ik/aws_ws/install/basic_mobile_robot/share/basic_mobile_robot/models/aws_robomaker_warehouse_RoofB_01/model.sdf
[0.710s] -- Up-to-date symlink: /home/ik/aws_ws/install/basic_mobile_robot/share/basic_mobile_robot/models/aws_robomaker_warehouse_ShelfD_01/materials/textures/aws_robomaker_warehouse_ShelfD_01.png
[0.710s] -- Up-to-date symlink: /home/ik/aws_ws/install/basic_mobile_robot/share/basic_mobile_robot/models/aws_robomaker_warehouse_ShelfD_01/materials/textures/aws_robomaker_warehouse_ShelfD_02.png
[0.710s] -- Up-to-date symlink: /home/ik/aws_ws/install/basic_mobile_robot/share/basic_mobile_robot/models/aws_robomaker_warehouse_ShelfD_01/materials/textures/aws_robomaker_warehouse_ShelfD_03.png
[0.710s] -- Up-to-date symlink: /home/ik/aws_ws/install/basic_mobile_robot/share/basic_mobile_robot/models/aws_robomaker_warehouse_ShelfD_01/materials/textures/aws_robomaker_warehouse_ShelfD_04.png
[0.711s] -- Up-to-date symlink: /home/ik/aws_ws/install/basic_mobile_robot/share/basic_mobile_robot/models/aws_robomaker_warehouse_ShelfD_01/meshes/aws_robomaker_warehouse_ShelfD_01_collision.DAE
[0.711s] -- Up-to-date symlink: /home/ik/aws_ws/install/basic_mobile_robot/share/basic_mobile_robot/models/aws_robomaker_warehouse_ShelfD_01/meshes/aws_robomaker_warehouse_ShelfD_01_visual.DAE
[0.711s] -- Up-to-date symlink: /home/ik/aws_ws/install/basic_mobile_robot/share/basic_mobile_robot/models/aws_robomaker_warehouse_ShelfD_01/model.config
[0.711s] -- Up-to-date symlink: /home/ik/aws_ws/install/basic_mobile_robot/share/basic_mobile_robot/models/aws_robomaker_warehouse_ShelfD_01/model.sdf
[0.711s] -- Up-to-date symlink: /home/ik/aws_ws/install/basic_mobile_robot/share/basic_mobile_robot/models/aws_robomaker_warehouse_ShelfE_01/.DS_Store
[0.711s] -- Up-to-date symlink: /home/ik/aws_ws/install/basic_mobile_robot/share/basic_mobile_robot/models/aws_robomaker_warehouse_ShelfE_01/materials/.DS_Store
[0.711s] -- Up-to-date symlink: /home/ik/aws_ws/install/basic_mobile_robot/share/basic_mobile_robot/models/aws_robomaker_warehouse_ShelfE_01/materials/textures/aws_robomaker_warehouse_ShelfE_01.png
[0.711s] -- Up-to-date symlink: /home/ik/aws_ws/install/basic_mobile_robot/share/basic_mobile_robot/models/aws_robomaker_warehouse_ShelfE_01/materials/textures/aws_robomaker_warehouse_ShelfE_02.png
[0.711s] -- Up-to-date symlink: /home/ik/aws_ws/install/basic_mobile_robot/share/basic_mobile_robot/models/aws_robomaker_warehouse_ShelfE_01/materials/textures/aws_robomaker_warehouse_ShelfE_03.png
[0.711s] -- Up-to-date symlink: /home/ik/aws_ws/install/basic_mobile_robot/share/basic_mobile_robot/models/aws_robomaker_warehouse_ShelfE_01/materials/textures/aws_robomaker_warehouse_ShelfE_04.png
[0.712s] -- Up-to-date symlink: /home/ik/aws_ws/install/basic_mobile_robot/share/basic_mobile_robot/models/aws_robomaker_warehouse_ShelfE_01/meshes/aws_robomaker_warehouse_ShelfE_01_collision.DAE
[0.712s] -- Up-to-date symlink: /home/ik/aws_ws/install/basic_mobile_robot/share/basic_mobile_robot/models/aws_robomaker_warehouse_ShelfE_01/meshes/aws_robomaker_warehouse_ShelfE_01_visual.DAE
[0.712s] -- Up-to-date symlink: /home/ik/aws_ws/install/basic_mobile_robot/share/basic_mobile_robot/models/aws_robomaker_warehouse_ShelfE_01/model.config
[0.712s] -- Up-to-date symlink: /home/ik/aws_ws/install/basic_mobile_robot/share/basic_mobile_robot/models/aws_robomaker_warehouse_ShelfE_01/model.sdf
[0.712s] -- Up-to-date symlink: /home/ik/aws_ws/install/basic_mobile_robot/share/basic_mobile_robot/models/aws_robomaker_warehouse_ShelfF_01/materials/textures/aws_robomaker_warehouse_ShelfF_01.png
[0.712s] -- Up-to-date symlink: /home/ik/aws_ws/install/basic_mobile_robot/share/basic_mobile_robot/models/aws_robomaker_warehouse_ShelfF_01/materials/textures/aws_robomaker_warehouse_ShelfF_02.png
[0.712s] -- Up-to-date symlink: /home/ik/aws_ws/install/basic_mobile_robot/share/basic_mobile_robot/models/aws_robomaker_warehouse_ShelfF_01/materials/textures/aws_robomaker_warehouse_ShelfF_03.png
[0.713s] -- Up-to-date symlink: /home/ik/aws_ws/install/basic_mobile_robot/share/basic_mobile_robot/models/aws_robomaker_warehouse_ShelfF_01/meshes/aws_robomaker_warehouse_ShelfF_01_collision.DAE
[0.713s] -- Up-to-date symlink: /home/ik/aws_ws/install/basic_mobile_robot/share/basic_mobile_robot/models/aws_robomaker_warehouse_ShelfF_01/meshes/aws_robomaker_warehouse_ShelfF_01_visual.DAE
[0.713s] -- Up-to-date symlink: /home/ik/aws_ws/install/basic_mobile_robot/share/basic_mobile_robot/models/aws_robomaker_warehouse_ShelfF_01/model.config
[0.714s] -- Up-to-date symlink: /home/ik/aws_ws/install/basic_mobile_robot/share/basic_mobile_robot/models/aws_robomaker_warehouse_ShelfF_01/model.sdf
[0.714s] -- Up-to-date symlink: /home/ik/aws_ws/install/basic_mobile_robot/share/basic_mobile_robot/models/aws_robomaker_warehouse_TrashCanC_01/materials/textures/aws_robomaker_warehouse_TrashCanC_01.png
[0.714s] -- Up-to-date symlink: /home/ik/aws_ws/install/basic_mobile_robot/share/basic_mobile_robot/models/aws_robomaker_warehouse_TrashCanC_01/meshes/aws_robomaker_warehouse_TrashCanC_01_collision.DAE
[0.715s] -- Up-to-date symlink: /home/ik/aws_ws/install/basic_mobile_robot/share/basic_mobile_robot/models/aws_robomaker_warehouse_TrashCanC_01/meshes/aws_robomaker_warehouse_TrashCanC_01_visual.DAE
[0.715s] -- Up-to-date symlink: /home/ik/aws_ws/install/basic_mobile_robot/share/basic_mobile_robot/models/aws_robomaker_warehouse_TrashCanC_01/model.config
[0.715s] -- Up-to-date symlink: /home/ik/aws_ws/install/basic_mobile_robot/share/basic_mobile_robot/models/aws_robomaker_warehouse_TrashCanC_01/model.sdf
[0.715s] -- Up-to-date symlink: /home/ik/aws_ws/install/basic_mobile_robot/share/basic_mobile_robot/models/aws_robomaker_warehouse_WallB_01/materials/textures/aws_robomaker_warehouse_WallB_01.png
[0.716s] -- Up-to-date symlink: /home/ik/aws_ws/install/basic_mobile_robot/share/basic_mobile_robot/models/aws_robomaker_warehouse_WallB_01/meshes/aws_robomaker_warehouse_WallB_01_collision.DAE
[0.716s] -- Up-to-date symlink: /home/ik/aws_ws/install/basic_mobile_robot/share/basic_mobile_robot/models/aws_robomaker_warehouse_WallB_01/meshes/aws_robomaker_warehouse_WallB_01_visual.DAE
[0.716s] -- Up-to-date symlink: /home/ik/aws_ws/install/basic_mobile_robot/share/basic_mobile_robot/models/aws_robomaker_warehouse_WallB_01/model.config
[0.717s] -- Up-to-date symlink: /home/ik/aws_ws/install/basic_mobile_robot/share/basic_mobile_robot/models/aws_robomaker_warehouse_WallB_01/model.sdf
[0.717s] -- Up-to-date symlink: /home/ik/aws_ws/install/basic_mobile_robot/share/basic_mobile_robot/models/basic_mobile_bot_description/meshes/arm_base.stl
[0.717s] -- Up-to-date symlink: /home/ik/aws_ws/install/basic_mobile_robot/share/basic_mobile_robot/models/basic_mobile_bot_description/meshes/bicep.stl
[0.717s] -- Up-to-date symlink: /home/ik/aws_ws/install/basic_mobile_robot/share/basic_mobile_robot/models/basic_mobile_bot_description/meshes/elbow.stl
[0.718s] -- Up-to-date symlink: /home/ik/aws_ws/install/basic_mobile_robot/share/basic_mobile_robot/models/basic_mobile_bot_description/meshes/robot_base.stl
[0.718s] -- Up-to-date symlink: /home/ik/aws_ws/install/basic_mobile_robot/share/basic_mobile_robot/models/basic_mobile_bot_description/meshes/wheel.stl
[0.718s] -- Up-to-date symlink: /home/ik/aws_ws/install/basic_mobile_robot/share/basic_mobile_robot/models/basic_mobile_bot_description/meshes/wrist.stl
[0.719s] -- Up-to-date symlink: /home/ik/aws_ws/install/basic_mobile_robot/share/basic_mobile_robot/models/basic_mobile_bot_description/model.config
[0.719s] -- Up-to-date symlink: /home/ik/aws_ws/install/basic_mobile_robot/share/basic_mobile_robot/models/basic_mobile_bot_description/model.sdf
[0.719s] -- Up-to-date symlink: /home/ik/aws_ws/install/basic_mobile_robot/share/basic_mobile_robot/models/basic_mobile_bot_v1.urdf
[0.719s] -- Up-to-date symlink: /home/ik/aws_ws/install/basic_mobile_robot/share/basic_mobile_robot/models/basic_mobile_bot_v2.urdf
[0.719s] -- Up-to-date symlink: /home/ik/aws_ws/install/basic_mobile_robot/share/basic_mobile_robot/params/nav2_params.yaml
[0.720s] -- Up-to-date symlink: /home/ik/aws_ws/install/basic_mobile_robot/share/basic_mobile_robot/rviz/nav2_config.rviz
[0.720s] -- Up-to-date symlink: /home/ik/aws_ws/install/basic_mobile_robot/share/basic_mobile_robot/rviz/urdf_config.rviz
[0.720s] -- Up-to-date symlink: /home/ik/aws_ws/install/basic_mobile_robot/share/basic_mobile_robot/worlds/basic_mobile_bot_world/small_town.world
[0.720s] -- Up-to-date symlink: /home/ik/aws_ws/install/basic_mobile_robot/share/basic_mobile_robot/worlds/no_roof_small_warehouse/no_roof_small_warehouse.world
[0.721s] -- Up-to-date symlink: /home/ik/aws_ws/install/basic_mobile_robot/share/ament_index/resource_index/package_run_dependencies/basic_mobile_robot
[0.721s] -- Up-to-date symlink: /home/ik/aws_ws/install/basic_mobile_robot/share/ament_index/resource_index/parent_prefix_path/basic_mobile_robot
[0.721s] -- Up-to-date symlink: /home/ik/aws_ws/install/basic_mobile_robot/share/basic_mobile_robot/environment/ament_prefix_path.sh
[0.721s] -- Up-to-date symlink: /home/ik/aws_ws/install/basic_mobile_robot/share/basic_mobile_robot/environment/ament_prefix_path.dsv
[0.721s] -- Up-to-date symlink: /home/ik/aws_ws/install/basic_mobile_robot/share/basic_mobile_robot/environment/path.sh
[0.722s] -- Up-to-date symlink: /home/ik/aws_ws/install/basic_mobile_robot/share/basic_mobile_robot/environment/path.dsv
[0.722s] -- Up-to-date symlink: /home/ik/aws_ws/install/basic_mobile_robot/share/basic_mobile_robot/local_setup.bash
[0.722s] -- Up-to-date symlink: /home/ik/aws_ws/install/basic_mobile_robot/share/basic_mobile_robot/local_setup.sh
[0.722s] -- Up-to-date symlink: /home/ik/aws_ws/install/basic_mobile_robot/share/basic_mobile_robot/local_setup.zsh
[0.723s] -- Up-to-date symlink: /home/ik/aws_ws/install/basic_mobile_robot/share/basic_mobile_robot/local_setup.dsv
[0.723s] -- Symlinking: /home/ik/aws_ws/install/basic_mobile_robot/share/basic_mobile_robot/package.dsv
[0.736s] -- Up-to-date symlink: /home/ik/aws_ws/install/basic_mobile_robot/share/ament_index/resource_index/packages/basic_mobile_robot
[0.736s] -- Up-to-date symlink: /home/ik/aws_ws/install/basic_mobile_robot/share/basic_mobile_robot/cmake/basic_mobile_robotConfig.cmake
[0.736s] -- Up-to-date symlink: /home/ik/aws_ws/install/basic_mobile_robot/share/basic_mobile_robot/cmake/basic_mobile_robotConfig-version.cmake
[0.736s] -- Up-to-date symlink: /home/ik/aws_ws/install/basic_mobile_robot/share/basic_mobile_robot/package.xml
[0.746s] Invoked command in '/home/ik/aws_ws/build/basic_mobile_robot' returned '0': CMAKE_PREFIX_PATH=${CMAKE_PREFIX_PATH}:/home/ik/aws_ws/install/nav2_gazebo_spawner:/opt/ros/foxy /usr/bin/cmake --install /home/ik/aws_ws/build/basic_mobile_robot
