Performing C SOURCE FILE Test CMAKE_HAVE_LIBC_PTHREAD failed with the following output:
Change Dir: /home/ik/aws_ws/build/slam_toolbox/CMakeFiles/CMakeTmp

Run Build Command(s):/usr/bin/make cmTC_3b3b3/fast && /usr/bin/make -f CMakeFiles/cmTC_3b3b3.dir/build.make CMakeFiles/cmTC_3b3b3.dir/build
make[1]: Entering directory '/home/ik/aws_ws/build/slam_toolbox/CMakeFiles/CMakeTmp'
Building C object CMakeFiles/cmTC_3b3b3.dir/src.c.o
/usr/bin/cc   -DCMAKE_HAVE_LIBC_PTHREAD   -o CMakeFiles/cmTC_3b3b3.dir/src.c.o   -c /home/ik/aws_ws/build/slam_toolbox/CMakeFiles/CMakeTmp/src.c
Linking C executable cmTC_3b3b3
/usr/bin/cmake -E cmake_link_script CMakeFiles/cmTC_3b3b3.dir/link.txt --verbose=1
/usr/bin/cc  -DCMAKE_HAVE_LIBC_PTHREAD    CMakeFiles/cmTC_3b3b3.dir/src.c.o  -o cmTC_3b3b3 
/usr/bin/ld: CMakeFiles/cmTC_3b3b3.dir/src.c.o: in function `main':
src.c:(.text+0x46): undefined reference to `pthread_create'
/usr/bin/ld: src.c:(.text+0x52): undefined reference to `pthread_detach'
/usr/bin/ld: src.c:(.text+0x63): undefined reference to `pthread_join'
collect2: error: ld returned 1 exit status
make[1]: *** [CMakeFiles/cmTC_3b3b3.dir/build.make:87: cmTC_3b3b3] Error 1
make[1]: Leaving directory '/home/ik/aws_ws/build/slam_toolbox/CMakeFiles/CMakeTmp'
make: *** [Makefile:121: cmTC_3b3b3/fast] Error 2


Source file was:
#include <pthread.h>

void* test_func(void* data)
{
  return data;
}

int main(void)
{
  pthread_t thread;
  pthread_create(&thread, NULL, test_func, NULL);
  pthread_detach(thread);
  pthread_join(thread, NULL);
  pthread_atfork(NULL, NULL, NULL);
  pthread_exit(NULL);

  return 0;
}

Determining if the function pthread_create exists in the pthreads failed with the following output:
Change Dir: /home/ik/aws_ws/build/slam_toolbox/CMakeFiles/CMakeTmp

Run Build Command(s):/usr/bin/make cmTC_e968c/fast && /usr/bin/make -f CMakeFiles/cmTC_e968c.dir/build.make CMakeFiles/cmTC_e968c.dir/build
make[1]: Entering directory '/home/ik/aws_ws/build/slam_toolbox/CMakeFiles/CMakeTmp'
Building C object CMakeFiles/cmTC_e968c.dir/CheckFunctionExists.c.o
/usr/bin/cc   -DCHECK_FUNCTION_EXISTS=pthread_create   -o CMakeFiles/cmTC_e968c.dir/CheckFunctionExists.c.o   -c /usr/share/cmake-3.16/Modules/CheckFunctionExists.c
Linking C executable cmTC_e968c
/usr/bin/cmake -E cmake_link_script CMakeFiles/cmTC_e968c.dir/link.txt --verbose=1
/usr/bin/cc  -DCHECK_FUNCTION_EXISTS=pthread_create    CMakeFiles/cmTC_e968c.dir/CheckFunctionExists.c.o  -o cmTC_e968c  -lpthreads 
/usr/bin/ld: cannot find -lpthreads
collect2: error: ld returned 1 exit status
make[1]: *** [CMakeFiles/cmTC_e968c.dir/build.make:87: cmTC_e968c] Error 1
make[1]: Leaving directory '/home/ik/aws_ws/build/slam_toolbox/CMakeFiles/CMakeTmp'
make: *** [Makefile:121: cmTC_e968c/fast] Error 2



Determining if the function sgemm_ exists failed with the following output:
Change Dir: /home/ik/aws_ws/build/slam_toolbox/CMakeFiles/CMakeTmp

Run Build Command(s):/usr/bin/make cmTC_55cd9/fast && /usr/bin/make -f CMakeFiles/cmTC_55cd9.dir/build.make CMakeFiles/cmTC_55cd9.dir/build
make[1]: Entering directory '/home/ik/aws_ws/build/slam_toolbox/CMakeFiles/CMakeTmp'
Building C object CMakeFiles/cmTC_55cd9.dir/CheckFunctionExists.c.o
/usr/bin/cc   -DCHECK_FUNCTION_EXISTS=sgemm_   -o CMakeFiles/cmTC_55cd9.dir/CheckFunctionExists.c.o   -c /usr/share/cmake-3.16/Modules/CheckFunctionExists.c
Linking C executable cmTC_55cd9
/usr/bin/cmake -E cmake_link_script CMakeFiles/cmTC_55cd9.dir/link.txt --verbose=1
/usr/bin/cc  -DCHECK_FUNCTION_EXISTS=sgemm_    CMakeFiles/cmTC_55cd9.dir/CheckFunctionExists.c.o  -o cmTC_55cd9 
/usr/bin/ld: CMakeFiles/cmTC_55cd9.dir/CheckFunctionExists.c.o: in function `main':
CheckFunctionExists.c:(.text+0x14): undefined reference to `sgemm_'
collect2: error: ld returned 1 exit status
make[1]: *** [CMakeFiles/cmTC_55cd9.dir/build.make:87: cmTC_55cd9] Error 1
make[1]: Leaving directory '/home/ik/aws_ws/build/slam_toolbox/CMakeFiles/CMakeTmp'
make: *** [Makefile:121: cmTC_55cd9/fast] Error 2



Determining if the function cheev_ exists failed with the following output:
Change Dir: /home/ik/aws_ws/build/slam_toolbox/CMakeFiles/CMakeTmp

Run Build Command(s):/usr/bin/make cmTC_3bc9a/fast && /usr/bin/make -f CMakeFiles/cmTC_3bc9a.dir/build.make CMakeFiles/cmTC_3bc9a.dir/build
make[1]: Entering directory '/home/ik/aws_ws/build/slam_toolbox/CMakeFiles/CMakeTmp'
Building C object CMakeFiles/cmTC_3bc9a.dir/CheckFunctionExists.c.o
/usr/bin/cc   -DCHECK_FUNCTION_EXISTS=cheev_   -o CMakeFiles/cmTC_3bc9a.dir/CheckFunctionExists.c.o   -c /usr/share/cmake-3.16/Modules/CheckFunctionExists.c
Linking C executable cmTC_3bc9a
/usr/bin/cmake -E cmake_link_script CMakeFiles/cmTC_3bc9a.dir/link.txt --verbose=1
/usr/bin/cc  -DCHECK_FUNCTION_EXISTS=cheev_    CMakeFiles/cmTC_3bc9a.dir/CheckFunctionExists.c.o  -o cmTC_3bc9a  /usr/lib/x86_64-linux-gnu/libblas.so 
/usr/bin/ld: CMakeFiles/cmTC_3bc9a.dir/CheckFunctionExists.c.o: in function `main':
CheckFunctionExists.c:(.text+0x14): undefined reference to `cheev_'
collect2: error: ld returned 1 exit status
make[1]: *** [CMakeFiles/cmTC_3bc9a.dir/build.make:88: cmTC_3bc9a] Error 1
make[1]: Leaving directory '/home/ik/aws_ws/build/slam_toolbox/CMakeFiles/CMakeTmp'
make: *** [Makefile:121: cmTC_3bc9a/fast] Error 2



