[0.085s] Invoking command in '/home/ik/aws_ws/build/nav2_navfn_planner': AMENT_PREFIX_PATH=/home/ik/aws_ws/install/nav2_core:/home/ik/aws_ws/install/nav2_costmap_2d:/home/ik/aws_ws/install/nav2_util:/home/ik/aws_ws/install/nav2_voxel_grid:/home/ik/aws_ws/install/nav2_msgs:/home/ik/aws_ws/install/nav2_common:${AMENT_PREFIX_PATH} CMAKE_PREFIX_PATH=/home/ik/aws_ws/install/nav2_core:/home/ik/aws_ws/install/nav2_costmap_2d:/home/ik/aws_ws/install/nav2_util:/home/ik/aws_ws/install/nav2_voxel_grid:/home/ik/aws_ws/install/nav2_msgs:/home/ik/aws_ws/install/nav2_common:/opt/ros/foxy LD_LIBRARY_PATH=/home/ik/aws_ws/install/nav2_costmap_2d/lib:/home/ik/aws_ws/install/nav2_util/lib:/home/ik/aws_ws/install/nav2_voxel_grid/lib:/home/ik/aws_ws/install/nav2_msgs/lib:${LD_LIBRARY_PATH} PYTHONPATH=/home/ik/aws_ws/install/nav2_msgs/lib/python3.8/site-packages:/home/ik/aws_ws/install/nav2_common/lib/python3.8/site-packages:${PYTHONPATH} /usr/bin/cmake --build /home/ik/aws_ws/build/nav2_navfn_planner -- -j8 -l8
[0.124s] -- Found ament_cmake: 0.9.11 (/opt/ros/foxy/share/ament_cmake/cmake)
[0.155s] -- Using PYTHON_EXECUTABLE: /usr/bin/python3
[0.413s] -- Override CMake install command with custom implementation using symlinks instead of copying resources
[0.434s] -- Found nav2_common: 0.4.7 (/home/ik/aws_ws/install/nav2_common/share/nav2_common/cmake)
[0.435s] -- Found rclcpp: 2.4.2 (/opt/ros/foxy/share/rclcpp/cmake)
[0.500s] -- Using all available rosidl_typesupport_c: rosidl_typesupport_fastrtps_c;rosidl_typesupport_introspection_c
[0.505s] -- Found rosidl_adapter: 1.3.0 (/opt/ros/foxy/share/rosidl_adapter/cmake)
[0.697s] -- Using all available rosidl_typesupport_cpp: rosidl_typesupport_fastrtps_cpp;rosidl_typesupport_introspection_cpp
[0.787s] -- Found rmw_implementation_cmake: 1.0.4 (/opt/ros/foxy/share/rmw_implementation_cmake/cmake)
[0.790s] -- Using RMW implementation 'rmw_fastrtps_cpp' as default
[1.068s] -- Found rclcpp_action: 2.4.2 (/opt/ros/foxy/share/rclcpp_action/cmake)
[1.206s] -- Found rclcpp_lifecycle: 2.4.2 (/opt/ros/foxy/share/rclcpp_lifecycle/cmake)
[1.259s] -- Found visualization_msgs: 2.0.5 (/opt/ros/foxy/share/visualization_msgs/cmake)
[1.476s] -- Found nav2_util: 0.4.7 (/home/ik/aws_ws/install/nav2_util/share/nav2_util/cmake)
[2.949s] -- Found eigen3_cmake_module: 0.1.1 (/opt/ros/foxy/share/eigen3_cmake_module/cmake)
[3.206s] -- Found nav2_core: 0.4.7 (/home/ik/aws_ws/install/nav2_core/share/nav2_core/cmake)
[8.213s] -- Found ament_lint_auto: 0.9.8 (/opt/ros/foxy/share/ament_lint_auto/cmake)
[8.327s] -- Added test 'copyright' to check source files copyright and LICENSE
[8.329s] -- Added test 'cppcheck' to perform static code analysis on C / C++ code
[8.330s] -- Configured cppcheck include dirs: /home/ik/aws_ws/src/navigation2/nav2_navfn_planner/include
[8.330s] -- Configured cppcheck exclude dirs and/or files: 
[8.331s] -- Added test 'cpplint' to check C / C++ code against the Google style
[8.332s] -- Configured cpplint exclude dirs and/or files: 
[8.333s] -- Added test 'lint_cmake' to check CMake code style
[8.334s] -- Added test 'uncrustify' to check C / C++ code style
[8.335s] -- Configured uncrustify additional arguments: 
[8.336s] -- Added test 'xmllint' to check XML markup files
[8.350s] -- Configuring done
[8.418s] -- Generating done
[8.426s] -- Build files have been written to: /home/ik/aws_ws/build/nav2_navfn_planner
[8.511s] [ 33%] [32m[1mLinking CXX shared library libnav2_navfn_planner.so[0m
[8.863s] [100%] Built target nav2_navfn_planner
[8.886s] Invoked command in '/home/ik/aws_ws/build/nav2_navfn_planner' returned '0': AMENT_PREFIX_PATH=/home/ik/aws_ws/install/nav2_core:/home/ik/aws_ws/install/nav2_costmap_2d:/home/ik/aws_ws/install/nav2_util:/home/ik/aws_ws/install/nav2_voxel_grid:/home/ik/aws_ws/install/nav2_msgs:/home/ik/aws_ws/install/nav2_common:${AMENT_PREFIX_PATH} CMAKE_PREFIX_PATH=/home/ik/aws_ws/install/nav2_core:/home/ik/aws_ws/install/nav2_costmap_2d:/home/ik/aws_ws/install/nav2_util:/home/ik/aws_ws/install/nav2_voxel_grid:/home/ik/aws_ws/install/nav2_msgs:/home/ik/aws_ws/install/nav2_common:/opt/ros/foxy LD_LIBRARY_PATH=/home/ik/aws_ws/install/nav2_costmap_2d/lib:/home/ik/aws_ws/install/nav2_util/lib:/home/ik/aws_ws/install/nav2_voxel_grid/lib:/home/ik/aws_ws/install/nav2_msgs/lib:${LD_LIBRARY_PATH} PYTHONPATH=/home/ik/aws_ws/install/nav2_msgs/lib/python3.8/site-packages:/home/ik/aws_ws/install/nav2_common/lib/python3.8/site-packages:${PYTHONPATH} /usr/bin/cmake --build /home/ik/aws_ws/build/nav2_navfn_planner -- -j8 -l8
[8.935s] Invoking command in '/home/ik/aws_ws/build/nav2_navfn_planner': AMENT_PREFIX_PATH=/home/ik/aws_ws/install/nav2_core:/home/ik/aws_ws/install/nav2_costmap_2d:/home/ik/aws_ws/install/nav2_util:/home/ik/aws_ws/install/nav2_voxel_grid:/home/ik/aws_ws/install/nav2_msgs:/home/ik/aws_ws/install/nav2_common:${AMENT_PREFIX_PATH} CMAKE_PREFIX_PATH=/home/ik/aws_ws/install/nav2_core:/home/ik/aws_ws/install/nav2_costmap_2d:/home/ik/aws_ws/install/nav2_util:/home/ik/aws_ws/install/nav2_voxel_grid:/home/ik/aws_ws/install/nav2_msgs:/home/ik/aws_ws/install/nav2_common:/opt/ros/foxy LD_LIBRARY_PATH=/home/ik/aws_ws/install/nav2_costmap_2d/lib:/home/ik/aws_ws/install/nav2_util/lib:/home/ik/aws_ws/install/nav2_voxel_grid/lib:/home/ik/aws_ws/install/nav2_msgs/lib:${LD_LIBRARY_PATH} PYTHONPATH=/home/ik/aws_ws/install/nav2_msgs/lib/python3.8/site-packages:/home/ik/aws_ws/install/nav2_common/lib/python3.8/site-packages:${PYTHONPATH} /usr/bin/cmake --install /home/ik/aws_ws/build/nav2_navfn_planner
[12.926s] -- Install configuration: "Release"
[12.927s] -- Execute custom install script
[12.927s] -- Up-to-date symlink: /home/ik/aws_ws/install/nav2_navfn_planner/share/nav2_navfn_planner//global_planner_plugin.xml
[12.928s] -- Up-to-date symlink: /home/ik/aws_ws/install/nav2_navfn_planner/lib/libnav2_navfn_planner.so
[12.928s] -- Up-to-date symlink: /home/ik/aws_ws/install/nav2_navfn_planner/include//nav2_navfn_planner/navfn.hpp
[12.929s] -- Up-to-date symlink: /home/ik/aws_ws/install/nav2_navfn_planner/include//nav2_navfn_planner/navfn_planner.hpp
[12.930s] -- Up-to-date symlink: /home/ik/aws_ws/install/nav2_navfn_planner/share/nav2_navfn_planner/global_planner_plugin.xml
[12.930s] -- Up-to-date symlink: /home/ik/aws_ws/install/nav2_navfn_planner/share/nav2_navfn_planner/environment/library_path.sh
[12.931s] -- Up-to-date symlink: /home/ik/aws_ws/install/nav2_navfn_planner/share/nav2_navfn_planner/environment/library_path.dsv
[12.931s] -- Up-to-date symlink: /home/ik/aws_ws/install/nav2_navfn_planner/share/ament_index/resource_index/package_run_dependencies/nav2_navfn_planner
[12.932s] -- Up-to-date symlink: /home/ik/aws_ws/install/nav2_navfn_planner/share/ament_index/resource_index/parent_prefix_path/nav2_navfn_planner
[12.933s] -- Up-to-date symlink: /home/ik/aws_ws/install/nav2_navfn_planner/share/nav2_navfn_planner/environment/ament_prefix_path.sh
[12.933s] -- Up-to-date symlink: /home/ik/aws_ws/install/nav2_navfn_planner/share/nav2_navfn_planner/environment/ament_prefix_path.dsv
[12.934s] -- Up-to-date symlink: /home/ik/aws_ws/install/nav2_navfn_planner/share/nav2_navfn_planner/environment/path.sh
[12.934s] -- Up-to-date symlink: /home/ik/aws_ws/install/nav2_navfn_planner/share/nav2_navfn_planner/environment/path.dsv
[12.935s] -- Up-to-date symlink: /home/ik/aws_ws/install/nav2_navfn_planner/share/nav2_navfn_planner/local_setup.bash
[12.935s] -- Up-to-date symlink: /home/ik/aws_ws/install/nav2_navfn_planner/share/nav2_navfn_planner/local_setup.sh
[12.936s] -- Up-to-date symlink: /home/ik/aws_ws/install/nav2_navfn_planner/share/nav2_navfn_planner/local_setup.zsh
[12.937s] -- Up-to-date symlink: /home/ik/aws_ws/install/nav2_navfn_planner/share/nav2_navfn_planner/local_setup.dsv
[12.937s] -- Symlinking: /home/ik/aws_ws/install/nav2_navfn_planner/share/nav2_navfn_planner/package.dsv
[12.938s] -- Up-to-date symlink: /home/ik/aws_ws/install/nav2_navfn_planner/share/ament_index/resource_index/packages/nav2_navfn_planner
[12.938s] -- Up-to-date symlink: /home/ik/aws_ws/install/nav2_navfn_planner/share/ament_index/resource_index/nav2_core__pluginlib__plugin/nav2_navfn_planner
[12.939s] -- Up-to-date symlink: /home/ik/aws_ws/install/nav2_navfn_planner/share/nav2_navfn_planner/cmake/ament_cmake_export_include_directories-extras.cmake
[12.940s] -- Up-to-date symlink: /home/ik/aws_ws/install/nav2_navfn_planner/share/nav2_navfn_planner/cmake/ament_cmake_export_libraries-extras.cmake
[12.940s] -- Up-to-date symlink: /home/ik/aws_ws/install/nav2_navfn_planner/share/nav2_navfn_planner/cmake/ament_cmake_export_dependencies-extras.cmake
[12.941s] -- Up-to-date symlink: /home/ik/aws_ws/install/nav2_navfn_planner/share/nav2_navfn_planner/cmake/ament_cmake_export_definitions-extras.cmake
[12.941s] -- Up-to-date symlink: /home/ik/aws_ws/install/nav2_navfn_planner/share/nav2_navfn_planner/cmake/nav2_navfn_plannerConfig.cmake
[12.946s] -- Up-to-date symlink: /home/ik/aws_ws/install/nav2_navfn_planner/share/nav2_navfn_planner/cmake/nav2_navfn_plannerConfig-version.cmake
[12.947s] -- Up-to-date symlink: /home/ik/aws_ws/install/nav2_navfn_planner/share/nav2_navfn_planner/package.xml
[12.975s] Invoked command in '/home/ik/aws_ws/build/nav2_navfn_planner' returned '0': AMENT_PREFIX_PATH=/home/ik/aws_ws/install/nav2_core:/home/ik/aws_ws/install/nav2_costmap_2d:/home/ik/aws_ws/install/nav2_util:/home/ik/aws_ws/install/nav2_voxel_grid:/home/ik/aws_ws/install/nav2_msgs:/home/ik/aws_ws/install/nav2_common:${AMENT_PREFIX_PATH} CMAKE_PREFIX_PATH=/home/ik/aws_ws/install/nav2_core:/home/ik/aws_ws/install/nav2_costmap_2d:/home/ik/aws_ws/install/nav2_util:/home/ik/aws_ws/install/nav2_voxel_grid:/home/ik/aws_ws/install/nav2_msgs:/home/ik/aws_ws/install/nav2_common:/opt/ros/foxy LD_LIBRARY_PATH=/home/ik/aws_ws/install/nav2_costmap_2d/lib:/home/ik/aws_ws/install/nav2_util/lib:/home/ik/aws_ws/install/nav2_voxel_grid/lib:/home/ik/aws_ws/install/nav2_msgs/lib:${LD_LIBRARY_PATH} PYTHONPATH=/home/ik/aws_ws/install/nav2_msgs/lib/python3.8/site-packages:/home/ik/aws_ws/install/nav2_common/lib/python3.8/site-packages:${PYTHONPATH} /usr/bin/cmake --install /home/ik/aws_ws/build/nav2_navfn_planner
