[0.062s] Invoking command in '/home/ik/aws_ws/build/nav2_map_server': AMENT_PREFIX_PATH=/home/ik/aws_ws/install/nav2_util:/home/ik/aws_ws/install/nav2_msgs:/home/ik/aws_ws/install/nav2_common:${AMENT_PREFIX_PATH} CMAKE_PREFIX_PATH=/home/ik/aws_ws/install/nav2_util:/home/ik/aws_ws/install/nav2_msgs:/home/ik/aws_ws/install/nav2_common:/opt/ros/foxy LD_LIBRARY_PATH=/home/ik/aws_ws/install/nav2_util/lib:/home/ik/aws_ws/install/nav2_msgs/lib:${LD_LIBRARY_PATH} PYTHONPATH=/home/ik/aws_ws/install/nav2_msgs/lib/python3.8/site-packages:/home/ik/aws_ws/install/nav2_common/lib/python3.8/site-packages:${PYTHONPATH} /usr/bin/cmake /home/ik/aws_ws/src/navigation2/nav2_map_server -DCMAKE_INSTALL_PREFIX=/home/ik/aws_ws/install/nav2_map_server
[0.082s] -- Found ament_cmake: 0.9.11 (/opt/ros/foxy/share/ament_cmake/cmake)
[0.106s] -- Using PYTHON_EXECUTABLE: /usr/bin/python3
[0.285s] -- Override CMake install command with custom implementation using symlinks instead of copying resources
[0.296s] -- Found nav2_common: 0.4.7 (/home/ik/aws_ws/install/nav2_common/share/nav2_common/cmake)
[0.296s] -- Found rclcpp: 2.4.2 (/opt/ros/foxy/share/rclcpp/cmake)
[0.328s] -- Using all available rosidl_typesupport_c: rosidl_typesupport_fastrtps_c;rosidl_typesupport_introspection_c
[0.331s] -- Found rosidl_adapter: 1.3.0 (/opt/ros/foxy/share/rosidl_adapter/cmake)
[0.449s] -- Using all available rosidl_typesupport_cpp: rosidl_typesupport_fastrtps_cpp;rosidl_typesupport_introspection_cpp
[0.496s] -- Found rmw_implementation_cmake: 1.0.4 (/opt/ros/foxy/share/rmw_implementation_cmake/cmake)
[0.497s] -- Using RMW implementation 'rmw_fastrtps_cpp' as default
[0.637s] -- Found rclcpp_lifecycle: 2.4.2 (/opt/ros/foxy/share/rclcpp_lifecycle/cmake)
[0.664s] -- Found nav_msgs: 2.0.5 (/opt/ros/foxy/share/nav_msgs/cmake)
[0.777s] -- Found nav2_msgs: 0.4.7 (/home/ik/aws_ws/install/nav2_msgs/share/nav2_msgs/cmake)
[1.052s] -- Found yaml_cpp_vendor: 7.0.3 (/opt/ros/foxy/share/yaml_cpp_vendor/cmake)
[1.052s] -- Setting yaml-cpp_DIR to: '/opt/ros/foxy/share/yaml_cpp_vendor/cmake/../../../opt/yaml_cpp_vendor/lib/cmake/yaml-cpp'
[1.054s] -- Found tf2: 0.13.14 (/opt/ros/foxy/share/tf2/cmake)
[1.070s] -- Found nav2_util: 0.4.7 (/home/ik/aws_ws/install/nav2_util/share/nav2_util/cmake)
[1.387s] -- Found eigen3_cmake_module: 0.1.1 (/opt/ros/foxy/share/eigen3_cmake_module/cmake)
[2.275s] -- Found ament_lint_auto: 0.9.8 (/opt/ros/foxy/share/ament_lint_auto/cmake)
[2.385s] -- Found gtest sources under '/opt/ros/foxy/src/gtest_vendor': C++ tests using 'Google Test' will be built
[2.392s] -- Found gtest sources under '/opt/ros/foxy/src/gtest_vendor': C++ tests using 'Google Test' will be built
[2.401s] -- Found gtest sources under '/opt/ros/foxy/src/gtest_vendor': C++ tests using 'Google Test' will be built
[2.415s] -- Added test 'cppcheck' to perform static code analysis on C / C++ code
[2.416s] -- Configured cppcheck include dirs: /home/ik/aws_ws/src/navigation2/nav2_map_server/include
[2.416s] -- Configured cppcheck exclude dirs and/or files: 
[2.419s] -- Added test 'cpplint' to check C / C++ code against the Google style
[2.419s] -- Configured cpplint exclude dirs and/or files: 
[2.420s] -- Added test 'flake8' to check Python code syntax and style conventions
[2.421s] -- Added test 'lint_cmake' to check CMake code style
[2.422s] -- Added test 'pep257' to check Python code against some of the style conventions in PEP 257
[2.424s] -- Added test 'uncrustify' to check C / C++ code style
[2.424s] -- Configured uncrustify additional arguments: 
[2.425s] -- Added test 'xmllint' to check XML markup files
[2.433s] -- Configuring done
[2.714s] -- Generating done
[2.719s] -- Build files have been written to: /home/ik/aws_ws/build/nav2_map_server
[2.743s] Invoked command in '/home/ik/aws_ws/build/nav2_map_server' returned '0': AMENT_PREFIX_PATH=/home/ik/aws_ws/install/nav2_util:/home/ik/aws_ws/install/nav2_msgs:/home/ik/aws_ws/install/nav2_common:${AMENT_PREFIX_PATH} CMAKE_PREFIX_PATH=/home/ik/aws_ws/install/nav2_util:/home/ik/aws_ws/install/nav2_msgs:/home/ik/aws_ws/install/nav2_common:/opt/ros/foxy LD_LIBRARY_PATH=/home/ik/aws_ws/install/nav2_util/lib:/home/ik/aws_ws/install/nav2_msgs/lib:${LD_LIBRARY_PATH} PYTHONPATH=/home/ik/aws_ws/install/nav2_msgs/lib/python3.8/site-packages:/home/ik/aws_ws/install/nav2_common/lib/python3.8/site-packages:${PYTHONPATH} /usr/bin/cmake /home/ik/aws_ws/src/navigation2/nav2_map_server -DCMAKE_INSTALL_PREFIX=/home/ik/aws_ws/install/nav2_map_server
[2.743s] Invoking command in '/home/ik/aws_ws/build/nav2_map_server': AMENT_PREFIX_PATH=/home/ik/aws_ws/install/nav2_util:/home/ik/aws_ws/install/nav2_msgs:/home/ik/aws_ws/install/nav2_common:${AMENT_PREFIX_PATH} CMAKE_PREFIX_PATH=/home/ik/aws_ws/install/nav2_util:/home/ik/aws_ws/install/nav2_msgs:/home/ik/aws_ws/install/nav2_common:/opt/ros/foxy LD_LIBRARY_PATH=/home/ik/aws_ws/install/nav2_util/lib:/home/ik/aws_ws/install/nav2_msgs/lib:${LD_LIBRARY_PATH} PYTHONPATH=/home/ik/aws_ws/install/nav2_msgs/lib/python3.8/site-packages:/home/ik/aws_ws/install/nav2_common/lib/python3.8/site-packages:${PYTHONPATH} /usr/bin/cmake --build /home/ik/aws_ws/build/nav2_map_server -- -j8 -l8
[2.825s] [  6%] Built target gtest_main
[2.837s] [ 12%] Built target gtest
[2.839s] [ 16%] [32mBuilding CXX object CMakeFiles/map_io.dir/src/map_mode.cpp.o[0m
[2.855s] [ 19%] [32mBuilding CXX object CMakeFiles/map_io.dir/src/map_io.cpp.o[0m
[2.925s] [ 22%] [32mBuilding CXX object test/map_saver_cli/CMakeFiles/test_map_saver_cli.dir/test_map_saver_cli.cpp.o[0m
[2.935s] [ 25%] [32mBuilding CXX object test/map_saver_cli/CMakeFiles/test_map_saver_cli.dir/__/test_constants.cpp.o[0m
[7.213s] [ 29%] [32m[1mLinking CXX shared library libmap_io.so[0m
[7.449s] [ 29%] Built target map_io
[7.489s] [ 32%] [32mBuilding CXX object test/component/CMakeFiles/test_map_saver_publisher.dir/__/test_constants.cpp.o[0m
[7.492s] [ 35%] [32mBuilding CXX object test/component/CMakeFiles/test_map_saver_publisher.dir/test_map_saver_publisher.cpp.o[0m
[7.493s] [ 38%] [32mBuilding CXX object CMakeFiles/map_server_core.dir/src/map_server/map_server.cpp.o[0m
[7.497s] [ 41%] [32mBuilding CXX object test/unit/CMakeFiles/test_map_io.dir/__/test_constants.cpp.o[0m
[7.502s] [ 45%] [32mBuilding CXX object test/unit/CMakeFiles/test_map_io.dir/test_map_io.cpp.o[0m
[7.510s] [ 48%] [32mBuilding CXX object CMakeFiles/map_server_core.dir/src/map_saver/map_saver.cpp.o[0m
[7.863s] [ 51%] [32m[1mLinking CXX executable test_map_saver_cli[0m
[8.083s] [ 51%] Built target test_map_saver_cli
[12.866s] [ 54%] [32m[1mLinking CXX executable test_map_saver_publisher[0m
[13.301s] [ 54%] Built target test_map_saver_publisher
[13.342s] [ 58%] [32m[1mLinking CXX executable test_map_io[0m
[13.954s] [ 58%] Built target test_map_io
[18.070s] [ 61%] [32m[1mLinking CXX shared library libmap_server_core.so[0m
[18.631s] [ 61%] Built target map_server_core
[18.778s] [ 64%] [32mBuilding CXX object CMakeFiles/map_saver_cli.dir/src/map_saver/main_cli.cpp.o[0m
[18.800s] [ 67%] [32mBuilding CXX object CMakeFiles/map_server.dir/src/map_server/main.cpp.o[0m
[18.809s] [ 70%] [32mBuilding CXX object CMakeFiles/map_saver_server.dir/src/map_saver/main_server.cpp.o[0m
[18.811s] [ 74%] [32mBuilding CXX object test/component/CMakeFiles/test_map_server_node.dir/__/test_constants.cpp.o[0m
[18.815s] [ 77%] [32mBuilding CXX object test/component/CMakeFiles/test_map_server_node.dir/test_map_server_node.cpp.o[0m
[18.840s] [ 80%] [32mBuilding CXX object test/component/CMakeFiles/test_map_saver_node.dir/__/test_constants.cpp.o[0m
[18.843s] [ 83%] [32mBuilding CXX object test/component/CMakeFiles/test_map_saver_node.dir/test_map_saver_node.cpp.o[0m
[22.383s] [ 87%] [32m[1mLinking CXX executable map_saver_server[0m
[22.402s] [ 90%] [32m[1mLinking CXX executable map_saver_cli[0m
[22.550s] [ 93%] [32m[1mLinking CXX executable map_server[0m
[23.019s] [ 93%] Built target map_saver_server
[23.270s] [ 93%] Built target map_saver_cli
[23.295s] [ 93%] Built target map_server
[27.258s] [ 96%] [32m[1mLinking CXX executable test_map_server_node[0m
[27.306s] [100%] [32m[1mLinking CXX executable test_map_saver_node[0m
[27.752s] [100%] Built target test_map_server_node
[27.869s] [100%] Built target test_map_saver_node
[27.887s] Invoked command in '/home/ik/aws_ws/build/nav2_map_server' returned '0': AMENT_PREFIX_PATH=/home/ik/aws_ws/install/nav2_util:/home/ik/aws_ws/install/nav2_msgs:/home/ik/aws_ws/install/nav2_common:${AMENT_PREFIX_PATH} CMAKE_PREFIX_PATH=/home/ik/aws_ws/install/nav2_util:/home/ik/aws_ws/install/nav2_msgs:/home/ik/aws_ws/install/nav2_common:/opt/ros/foxy LD_LIBRARY_PATH=/home/ik/aws_ws/install/nav2_util/lib:/home/ik/aws_ws/install/nav2_msgs/lib:${LD_LIBRARY_PATH} PYTHONPATH=/home/ik/aws_ws/install/nav2_msgs/lib/python3.8/site-packages:/home/ik/aws_ws/install/nav2_common/lib/python3.8/site-packages:${PYTHONPATH} /usr/bin/cmake --build /home/ik/aws_ws/build/nav2_map_server -- -j8 -l8
[27.955s] Invoking command in '/home/ik/aws_ws/build/nav2_map_server': AMENT_PREFIX_PATH=/home/ik/aws_ws/install/nav2_util:/home/ik/aws_ws/install/nav2_msgs:/home/ik/aws_ws/install/nav2_common:${AMENT_PREFIX_PATH} CMAKE_PREFIX_PATH=/home/ik/aws_ws/install/nav2_util:/home/ik/aws_ws/install/nav2_msgs:/home/ik/aws_ws/install/nav2_common:/opt/ros/foxy LD_LIBRARY_PATH=/home/ik/aws_ws/install/nav2_util/lib:/home/ik/aws_ws/install/nav2_msgs/lib:${LD_LIBRARY_PATH} PYTHONPATH=/home/ik/aws_ws/install/nav2_msgs/lib/python3.8/site-packages:/home/ik/aws_ws/install/nav2_common/lib/python3.8/site-packages:${PYTHONPATH} /usr/bin/cmake --install /home/ik/aws_ws/build/nav2_map_server
[27.976s] -- Install configuration: "Release"
[27.976s] -- Execute custom install script
[27.976s] -- Up-to-date symlink: /home/ik/aws_ws/install/nav2_map_server/lib/libmap_server_core.so
[27.976s] -- Up-to-date symlink: /home/ik/aws_ws/install/nav2_map_server/lib/libmap_io.so
[27.976s] -- Up-to-date symlink: /home/ik/aws_ws/install/nav2_map_server/lib/nav2_map_server/map_server
[27.976s] -- Up-to-date symlink: /home/ik/aws_ws/install/nav2_map_server/lib/nav2_map_server/map_saver_cli
[27.976s] -- Up-to-date symlink: /home/ik/aws_ws/install/nav2_map_server/lib/nav2_map_server/map_saver_server
[27.976s] -- Up-to-date symlink: /home/ik/aws_ws/install/nav2_map_server/include//nav2_map_server/map_io.hpp
[27.976s] -- Up-to-date symlink: /home/ik/aws_ws/install/nav2_map_server/include//nav2_map_server/map_mode.hpp
[27.976s] -- Up-to-date symlink: /home/ik/aws_ws/install/nav2_map_server/include//nav2_map_server/map_saver.hpp
[27.976s] -- Up-to-date symlink: /home/ik/aws_ws/install/nav2_map_server/include//nav2_map_server/map_server.hpp
[27.976s] -- Up-to-date symlink: /home/ik/aws_ws/install/nav2_map_server/share/nav2_map_server/launch/map_saver_server.launch.py
[27.976s] -- Up-to-date symlink: /home/ik/aws_ws/install/nav2_map_server/share/nav2_map_server/environment/library_path.sh
[27.976s] -- Up-to-date symlink: /home/ik/aws_ws/install/nav2_map_server/share/nav2_map_server/environment/library_path.dsv
[27.976s] -- Up-to-date symlink: /home/ik/aws_ws/install/nav2_map_server/share/ament_index/resource_index/package_run_dependencies/nav2_map_server
[27.977s] -- Up-to-date symlink: /home/ik/aws_ws/install/nav2_map_server/share/ament_index/resource_index/parent_prefix_path/nav2_map_server
[27.977s] -- Up-to-date symlink: /home/ik/aws_ws/install/nav2_map_server/share/nav2_map_server/environment/ament_prefix_path.sh
[27.977s] -- Up-to-date symlink: /home/ik/aws_ws/install/nav2_map_server/share/nav2_map_server/environment/ament_prefix_path.dsv
[27.977s] -- Up-to-date symlink: /home/ik/aws_ws/install/nav2_map_server/share/nav2_map_server/environment/path.sh
[27.982s] -- Up-to-date symlink: /home/ik/aws_ws/install/nav2_map_server/share/nav2_map_server/environment/path.dsv
[27.982s] -- Up-to-date symlink: /home/ik/aws_ws/install/nav2_map_server/share/nav2_map_server/local_setup.bash
[27.983s] -- Up-to-date symlink: /home/ik/aws_ws/install/nav2_map_server/share/nav2_map_server/local_setup.sh
[27.983s] -- Up-to-date symlink: /home/ik/aws_ws/install/nav2_map_server/share/nav2_map_server/local_setup.zsh
[27.983s] -- Up-to-date symlink: /home/ik/aws_ws/install/nav2_map_server/share/nav2_map_server/local_setup.dsv
[27.983s] -- Symlinking: /home/ik/aws_ws/install/nav2_map_server/share/nav2_map_server/package.dsv
[28.001s] -- Up-to-date symlink: /home/ik/aws_ws/install/nav2_map_server/share/ament_index/resource_index/packages/nav2_map_server
[28.001s] -- Up-to-date symlink: /home/ik/aws_ws/install/nav2_map_server/share/nav2_map_server/cmake/ament_cmake_export_include_directories-extras.cmake
[28.001s] -- Up-to-date symlink: /home/ik/aws_ws/install/nav2_map_server/share/nav2_map_server/cmake/ament_cmake_export_libraries-extras.cmake
[28.002s] -- Up-to-date symlink: /home/ik/aws_ws/install/nav2_map_server/share/nav2_map_server/cmake/nav2_map_serverConfig.cmake
[28.002s] -- Up-to-date symlink: /home/ik/aws_ws/install/nav2_map_server/share/nav2_map_server/cmake/nav2_map_serverConfig-version.cmake
[28.002s] -- Up-to-date symlink: /home/ik/aws_ws/install/nav2_map_server/share/nav2_map_server/package.xml
[28.009s] Invoked command in '/home/ik/aws_ws/build/nav2_map_server' returned '0': AMENT_PREFIX_PATH=/home/ik/aws_ws/install/nav2_util:/home/ik/aws_ws/install/nav2_msgs:/home/ik/aws_ws/install/nav2_common:${AMENT_PREFIX_PATH} CMAKE_PREFIX_PATH=/home/ik/aws_ws/install/nav2_util:/home/ik/aws_ws/install/nav2_msgs:/home/ik/aws_ws/install/nav2_common:/opt/ros/foxy LD_LIBRARY_PATH=/home/ik/aws_ws/install/nav2_util/lib:/home/ik/aws_ws/install/nav2_msgs/lib:${LD_LIBRARY_PATH} PYTHONPATH=/home/ik/aws_ws/install/nav2_msgs/lib/python3.8/site-packages:/home/ik/aws_ws/install/nav2_common/lib/python3.8/site-packages:${PYTHONPATH} /usr/bin/cmake --install /home/ik/aws_ws/build/nav2_map_server
