[0.083s] Invoking command in '/home/ik/aws_ws/build/nav2_recoveries': AMENT_PREFIX_PATH=/home/ik/aws_ws/install/nav2_core:/home/ik/aws_ws/install/nav2_costmap_2d:/home/ik/aws_ws/install/nav2_behavior_tree:/home/ik/aws_ws/install/nav2_util:/home/ik/aws_ws/install/nav2_voxel_grid:/home/ik/aws_ws/install/nav2_msgs:/home/ik/aws_ws/install/nav2_common:${AMENT_PREFIX_PATH} CMAKE_PREFIX_PATH=/home/ik/aws_ws/install/nav2_core:/home/ik/aws_ws/install/nav2_costmap_2d:/home/ik/aws_ws/install/nav2_behavior_tree:/home/ik/aws_ws/install/nav2_util:/home/ik/aws_ws/install/nav2_voxel_grid:/home/ik/aws_ws/install/nav2_msgs:/home/ik/aws_ws/install/nav2_common:/opt/ros/foxy LD_LIBRARY_PATH=/home/ik/aws_ws/install/nav2_costmap_2d/lib:/home/ik/aws_ws/install/nav2_behavior_tree/lib:/home/ik/aws_ws/install/nav2_util/lib:/home/ik/aws_ws/install/nav2_voxel_grid/lib:/home/ik/aws_ws/install/nav2_msgs/lib:${LD_LIBRARY_PATH} PYTHONPATH=/home/ik/aws_ws/install/nav2_msgs/lib/python3.8/site-packages:/home/ik/aws_ws/install/nav2_common/lib/python3.8/site-packages:${PYTHONPATH} /usr/bin/cmake --build /home/ik/aws_ws/build/nav2_recoveries -- -j8 -l8
[0.181s] [ 12%] Built target nav2_backup_recovery
[0.187s] [ 25%] Built target recoveries_server_core
[0.193s] [ 37%] Built target gtest
[0.203s] [ 62%] Built target nav2_wait_recovery
[0.203s] [ 62%] Built target nav2_spin_recovery
[0.218s] [ 75%] Built target gtest_main
[0.242s] [ 87%] Built target recoveries_server
[0.255s] [100%] Built target test_recoveries
[0.276s] Invoked command in '/home/ik/aws_ws/build/nav2_recoveries' returned '0': AMENT_PREFIX_PATH=/home/ik/aws_ws/install/nav2_core:/home/ik/aws_ws/install/nav2_costmap_2d:/home/ik/aws_ws/install/nav2_behavior_tree:/home/ik/aws_ws/install/nav2_util:/home/ik/aws_ws/install/nav2_voxel_grid:/home/ik/aws_ws/install/nav2_msgs:/home/ik/aws_ws/install/nav2_common:${AMENT_PREFIX_PATH} CMAKE_PREFIX_PATH=/home/ik/aws_ws/install/nav2_core:/home/ik/aws_ws/install/nav2_costmap_2d:/home/ik/aws_ws/install/nav2_behavior_tree:/home/ik/aws_ws/install/nav2_util:/home/ik/aws_ws/install/nav2_voxel_grid:/home/ik/aws_ws/install/nav2_msgs:/home/ik/aws_ws/install/nav2_common:/opt/ros/foxy LD_LIBRARY_PATH=/home/ik/aws_ws/install/nav2_costmap_2d/lib:/home/ik/aws_ws/install/nav2_behavior_tree/lib:/home/ik/aws_ws/install/nav2_util/lib:/home/ik/aws_ws/install/nav2_voxel_grid/lib:/home/ik/aws_ws/install/nav2_msgs/lib:${LD_LIBRARY_PATH} PYTHONPATH=/home/ik/aws_ws/install/nav2_msgs/lib/python3.8/site-packages:/home/ik/aws_ws/install/nav2_common/lib/python3.8/site-packages:${PYTHONPATH} /usr/bin/cmake --build /home/ik/aws_ws/build/nav2_recoveries -- -j8 -l8
[0.341s] Invoking command in '/home/ik/aws_ws/build/nav2_recoveries': AMENT_PREFIX_PATH=/home/ik/aws_ws/install/nav2_core:/home/ik/aws_ws/install/nav2_costmap_2d:/home/ik/aws_ws/install/nav2_behavior_tree:/home/ik/aws_ws/install/nav2_util:/home/ik/aws_ws/install/nav2_voxel_grid:/home/ik/aws_ws/install/nav2_msgs:/home/ik/aws_ws/install/nav2_common:${AMENT_PREFIX_PATH} CMAKE_PREFIX_PATH=/home/ik/aws_ws/install/nav2_core:/home/ik/aws_ws/install/nav2_costmap_2d:/home/ik/aws_ws/install/nav2_behavior_tree:/home/ik/aws_ws/install/nav2_util:/home/ik/aws_ws/install/nav2_voxel_grid:/home/ik/aws_ws/install/nav2_msgs:/home/ik/aws_ws/install/nav2_common:/opt/ros/foxy LD_LIBRARY_PATH=/home/ik/aws_ws/install/nav2_costmap_2d/lib:/home/ik/aws_ws/install/nav2_behavior_tree/lib:/home/ik/aws_ws/install/nav2_util/lib:/home/ik/aws_ws/install/nav2_voxel_grid/lib:/home/ik/aws_ws/install/nav2_msgs/lib:${LD_LIBRARY_PATH} PYTHONPATH=/home/ik/aws_ws/install/nav2_msgs/lib/python3.8/site-packages:/home/ik/aws_ws/install/nav2_common/lib/python3.8/site-packages:${PYTHONPATH} /usr/bin/cmake --install /home/ik/aws_ws/build/nav2_recoveries
[0.351s] -- Install configuration: "Release"
[0.359s] -- Execute custom install script
[0.360s] -- Up-to-date symlink: /home/ik/aws_ws/install/nav2_recoveries/share/nav2_recoveries//recovery_plugin.xml
[0.360s] -- Up-to-date symlink: /home/ik/aws_ws/install/nav2_recoveries/lib/librecoveries_server_core.a
[0.360s] -- Up-to-date symlink: /home/ik/aws_ws/install/nav2_recoveries/lib/libnav2_backup_recovery.so
[0.360s] -- Up-to-date symlink: /home/ik/aws_ws/install/nav2_recoveries/lib/libnav2_spin_recovery.so
[0.360s] -- Up-to-date symlink: /home/ik/aws_ws/install/nav2_recoveries/lib/libnav2_wait_recovery.so
[0.360s] -- Up-to-date symlink: /home/ik/aws_ws/install/nav2_recoveries/lib/nav2_recoveries/recoveries_server
[0.360s] -- Up-to-date symlink: /home/ik/aws_ws/install/nav2_recoveries/include//nav2_recoveries/recovery.hpp
[0.361s] -- Up-to-date symlink: /home/ik/aws_ws/install/nav2_recoveries/include//nav2_recoveries/recovery_server.hpp
[0.361s] -- Up-to-date symlink: /home/ik/aws_ws/install/nav2_recoveries/share/nav2_recoveries/recovery_plugin.xml
[0.361s] -- Up-to-date symlink: /home/ik/aws_ws/install/nav2_recoveries/share/nav2_recoveries/environment/library_path.sh
[0.361s] -- Up-to-date symlink: /home/ik/aws_ws/install/nav2_recoveries/share/nav2_recoveries/environment/library_path.dsv
[0.361s] -- Up-to-date symlink: /home/ik/aws_ws/install/nav2_recoveries/share/ament_index/resource_index/package_run_dependencies/nav2_recoveries
[0.361s] -- Up-to-date symlink: /home/ik/aws_ws/install/nav2_recoveries/share/ament_index/resource_index/parent_prefix_path/nav2_recoveries
[0.361s] -- Up-to-date symlink: /home/ik/aws_ws/install/nav2_recoveries/share/nav2_recoveries/environment/ament_prefix_path.sh
[0.361s] -- Up-to-date symlink: /home/ik/aws_ws/install/nav2_recoveries/share/nav2_recoveries/environment/ament_prefix_path.dsv
[0.361s] -- Up-to-date symlink: /home/ik/aws_ws/install/nav2_recoveries/share/nav2_recoveries/environment/path.sh
[0.361s] -- Up-to-date symlink: /home/ik/aws_ws/install/nav2_recoveries/share/nav2_recoveries/environment/path.dsv
[0.361s] -- Up-to-date symlink: /home/ik/aws_ws/install/nav2_recoveries/share/nav2_recoveries/local_setup.bash
[0.361s] -- Up-to-date symlink: /home/ik/aws_ws/install/nav2_recoveries/share/nav2_recoveries/local_setup.sh
[0.361s] -- Up-to-date symlink: /home/ik/aws_ws/install/nav2_recoveries/share/nav2_recoveries/local_setup.zsh
[0.361s] -- Up-to-date symlink: /home/ik/aws_ws/install/nav2_recoveries/share/nav2_recoveries/local_setup.dsv
[0.361s] -- Symlinking: /home/ik/aws_ws/install/nav2_recoveries/share/nav2_recoveries/package.dsv
[0.372s] -- Up-to-date symlink: /home/ik/aws_ws/install/nav2_recoveries/share/ament_index/resource_index/packages/nav2_recoveries
[0.372s] -- Up-to-date symlink: /home/ik/aws_ws/install/nav2_recoveries/share/ament_index/resource_index/nav2_core__pluginlib__plugin/nav2_recoveries
[0.376s] -- Up-to-date symlink: /home/ik/aws_ws/install/nav2_recoveries/share/nav2_recoveries/cmake/ament_cmake_export_include_directories-extras.cmake
[0.376s] -- Up-to-date symlink: /home/ik/aws_ws/install/nav2_recoveries/share/nav2_recoveries/cmake/ament_cmake_export_libraries-extras.cmake
[0.376s] -- Up-to-date symlink: /home/ik/aws_ws/install/nav2_recoveries/share/nav2_recoveries/cmake/ament_cmake_export_definitions-extras.cmake
[0.376s] -- Up-to-date symlink: /home/ik/aws_ws/install/nav2_recoveries/share/nav2_recoveries/cmake/nav2_recoveriesConfig.cmake
[0.377s] -- Up-to-date symlink: /home/ik/aws_ws/install/nav2_recoveries/share/nav2_recoveries/cmake/nav2_recoveriesConfig-version.cmake
[0.377s] -- Up-to-date symlink: /home/ik/aws_ws/install/nav2_recoveries/share/nav2_recoveries/package.xml
[0.448s] Invoked command in '/home/ik/aws_ws/build/nav2_recoveries' returned '0': AMENT_PREFIX_PATH=/home/ik/aws_ws/install/nav2_core:/home/ik/aws_ws/install/nav2_costmap_2d:/home/ik/aws_ws/install/nav2_behavior_tree:/home/ik/aws_ws/install/nav2_util:/home/ik/aws_ws/install/nav2_voxel_grid:/home/ik/aws_ws/install/nav2_msgs:/home/ik/aws_ws/install/nav2_common:${AMENT_PREFIX_PATH} CMAKE_PREFIX_PATH=/home/ik/aws_ws/install/nav2_core:/home/ik/aws_ws/install/nav2_costmap_2d:/home/ik/aws_ws/install/nav2_behavior_tree:/home/ik/aws_ws/install/nav2_util:/home/ik/aws_ws/install/nav2_voxel_grid:/home/ik/aws_ws/install/nav2_msgs:/home/ik/aws_ws/install/nav2_common:/opt/ros/foxy LD_LIBRARY_PATH=/home/ik/aws_ws/install/nav2_costmap_2d/lib:/home/ik/aws_ws/install/nav2_behavior_tree/lib:/home/ik/aws_ws/install/nav2_util/lib:/home/ik/aws_ws/install/nav2_voxel_grid/lib:/home/ik/aws_ws/install/nav2_msgs/lib:${LD_LIBRARY_PATH} PYTHONPATH=/home/ik/aws_ws/install/nav2_msgs/lib/python3.8/site-packages:/home/ik/aws_ws/install/nav2_common/lib/python3.8/site-packages:${PYTHONPATH} /usr/bin/cmake --install /home/ik/aws_ws/build/nav2_recoveries
