[0.030s] Invoking command in '/home/ik/aws_ws/build/slam_toolbox': AMENT_PREFIX_PATH=/home/ik/aws_ws/install/nav2_map_server:/home/ik/aws_ws/install/nav2_util:/home/ik/aws_ws/install/nav2_msgs:/home/ik/aws_ws/install/nav2_common:${AMENT_PREFIX_PATH} CMAKE_PREFIX_PATH=/home/ik/aws_ws/install/nav2_map_server:/home/ik/aws_ws/install/nav2_util:/home/ik/aws_ws/install/nav2_msgs:/home/ik/aws_ws/install/nav2_common:/opt/ros/foxy LD_LIBRARY_PATH=/home/ik/aws_ws/install/nav2_map_server/lib:/home/ik/aws_ws/install/nav2_util/lib:/home/ik/aws_ws/install/nav2_msgs/lib:${LD_LIBRARY_PATH} PYTHONPATH=/home/ik/aws_ws/install/nav2_msgs/lib/python3.8/site-packages:/home/ik/aws_ws/install/nav2_common/lib/python3.8/site-packages:${PYTHONPATH} /usr/bin/cmake /home/ik/aws_ws/src/slam_toolbox -DCMAKE_INSTALL_PREFIX=/home/ik/aws_ws/install/slam_toolbox
[0.067s] -- Found ament_cmake: 0.9.11 (/opt/ros/foxy/share/ament_cmake/cmake)
[0.131s] -- Found PythonInterp: /usr/bin/python3 (found suitable version "3.8.10", minimum required is "3") 
[0.131s] -- Using PYTHON_EXECUTABLE: /usr/bin/python3
[0.352s] -- Override CMake install command with custom implementation using symlinks instead of copying resources
[0.366s] -- Found message_filters: 3.2.5 (/opt/ros/foxy/share/message_filters/cmake)
[0.369s] -- Found nav_msgs: 2.0.5 (/opt/ros/foxy/share/nav_msgs/cmake)
[0.417s] -- Using all available rosidl_typesupport_c: rosidl_typesupport_fastrtps_c;rosidl_typesupport_introspection_c
[0.421s] -- Found rosidl_adapter: 1.3.0 (/opt/ros/foxy/share/rosidl_adapter/cmake)
[0.621s] -- Using all available rosidl_typesupport_cpp: rosidl_typesupport_fastrtps_cpp;rosidl_typesupport_introspection_cpp
[0.815s] -- Found rclcpp: 2.4.2 (/opt/ros/foxy/share/rclcpp/cmake)
[0.859s] -- Found rmw_implementation_cmake: 1.0.4 (/opt/ros/foxy/share/rmw_implementation_cmake/cmake)
[0.860s] -- Using RMW implementation 'rmw_fastrtps_cpp' as default
[1.018s] -- Found sensor_msgs: 2.0.5 (/opt/ros/foxy/share/sensor_msgs/cmake)
[1.103s] -- Found tf2: 0.13.14 (/opt/ros/foxy/share/tf2/cmake)
[1.115s] -- Found tf2_ros: 0.13.14 (/opt/ros/foxy/share/tf2_ros/cmake)
[1.780s] -- Found visualization_msgs: 2.0.5 (/opt/ros/foxy/share/visualization_msgs/cmake)
[1.870s] -- Found pluginlib: 2.5.4 (/opt/ros/foxy/share/pluginlib/cmake)
[1.892s] -- Found tf2_geometry_msgs: 0.13.14 (/opt/ros/foxy/share/tf2_geometry_msgs/cmake)
[1.900s] -- Found eigen3_cmake_module: 0.1.1 (/opt/ros/foxy/share/eigen3_cmake_module/cmake)
[1.940s] -- Found tf2_sensor_msgs: 0.13.14 (/opt/ros/foxy/share/tf2_sensor_msgs/cmake)
[1.967s] -- Found std_srvs: 2.0.5 (/opt/ros/foxy/share/std_srvs/cmake)
[1.979s] -- Found rosidl_default_generators: 1.0.1 (/opt/ros/foxy/share/rosidl_default_generators/cmake)
[1.993s] -- Found nav2_map_server: 0.4.7 (/home/ik/aws_ws/install/nav2_map_server/share/nav2_map_server/cmake)
[1.996s] -- Found rviz_common: 8.2.8 (/opt/ros/foxy/share/rviz_common/cmake)
[2.009s] -- Setting OGRE_DIR to: '/opt/ros/foxy/share/rviz_ogre_vendor/cmake/../../../opt/rviz_ogre_vendor/lib/OGRE/cmake'
[2.013s] -- Found OGRE
[2.013s] --   static     : OFF
[2.013s] --   components : HLMS;MeshLodGenerator;Overlay;Paging;Property;RTShaderSystem;Terrain;Volume
[2.013s] --   plugins    : Plugin_BSPSceneManager;Plugin_OctreeSceneManager;Plugin_PCZSceneManager;Plugin_ParticleFX;RenderSystem_GL;RenderSystem_GL3Plus;Codec_STBI
[2.013s] --   media      : /opt/ros/foxy/opt/rviz_ogre_vendor/share/OGRE/Media
[2.013s] -- OGRE_LIBRARIES: OgreHLMS;OgreMeshLodGenerator;OgreOverlay;OgrePaging;OgreProperty;OgreRTShaderSystem;OgreTerrain;OgreVolume;OgreMain
[2.013s] -- OGRE_LIBRARY_DIRS: /opt/ros/foxy/opt/rviz_ogre_vendor/lib
[2.014s] -- OGRE_PLUGINS: Plugin_BSPSceneManager;Plugin_OctreeSceneManager;Plugin_PCZSceneManager;Plugin_ParticleFX;RenderSystem_GL;RenderSystem_GL3Plus;Codec_STBI
[2.014s] -- OGRE_PLUGIN_DIR: /opt/ros/foxy/opt/rviz_ogre_vendor/lib/OGRE
[2.014s] -- rviz_ogre_vendor::OgreOverlay for IMPORTED_LOCATION_RELEASE: /opt/ros/foxy/opt/rviz_ogre_vendor/lib/libOgreOverlay.so
[2.015s] -- rviz_ogre_vendor::OgreOverlay for IMPORTED_LOCATION_DEBUG: /opt/ros/foxy/opt/rviz_ogre_vendor/lib/libOgreOverlay.so
[2.016s] -- rviz_ogre_vendor::OgreMain for IMPORTED_LOCATION_RELEASE: /opt/ros/foxy/opt/rviz_ogre_vendor/lib/libOgreMain.so
[2.016s] -- rviz_ogre_vendor::OgreMain for IMPORTED_LOCATION_DEBUG: /opt/ros/foxy/opt/rviz_ogre_vendor/lib/libOgreMain.so
[2.068s] -- rviz_ogre_vendor::RenderSystem_GL for IMPORTED_LOCATION_RELEASE: _render_system_gl_static_library_abs-NOTFOUND
[2.068s] -- rviz_ogre_vendor::RenderSystem_GL for IMPORTED_LOCATION_DEBUG: _render_system_gl_static_library_abs-NOTFOUND
[2.071s] -- library: libassimp.so.5
[2.097s] -- library: /usr/lib/x86_64-linux-gnu/libcurl.so
[2.185s] -- Setting yaml-cpp_DIR to: '/opt/ros/foxy/share/yaml_cpp_vendor/cmake/../../../opt/yaml_cpp_vendor/lib/cmake/yaml-cpp'
[2.191s] -- Found rviz_default_plugins: 8.2.8 (/opt/ros/foxy/share/rviz_default_plugins/cmake)
[3.015s] -- A library with LAPACK API found.
[3.030s] -- Found installed version of Eigen: /usr/lib/cmake/eigen3
[3.032s] -- Found required Ceres dependency: Eigen version 3.3.7 in /usr/include/eigen3
[3.034s] -- Found required Ceres dependency: glog
[3.038s] -- Found installed version of gflags: /usr/lib/x86_64-linux-gnu/cmake/gflags
[3.038s] -- Detected gflags version: 2.2.2
[3.040s] -- Found required Ceres dependency: gflags
[3.048s] -- Found Ceres version: 1.14.0 installed in: /usr with components: [EigenSparse, SparseLinearAlgebraLibrary, LAPACK, SuiteSparse, CXSparse, SchurSpecializations, OpenMP, Multithreading]
[3.136s] -- Found PythonInterp: /usr/bin/python3 (found version "3.8.10") 
[3.822s] -- Found ament_cmake_ros: 0.9.2 (/opt/ros/foxy/share/ament_cmake_ros/cmake)
[4.448s] -- Using all available rosidl_typesupport_c: rosidl_typesupport_fastrtps_c;rosidl_typesupport_introspection_c
[4.632s] -- Using all available rosidl_typesupport_cpp: rosidl_typesupport_fastrtps_cpp;rosidl_typesupport_introspection_cpp
[4.681s] -- Found PythonInterp: /usr/bin/python3 (found suitable version "3.8.10", minimum required is "3.5") 
[4.682s] -- Found python_cmake_module: 0.8.1 (/opt/ros/foxy/share/python_cmake_module/cmake)
[4.710s] -- Using PYTHON_EXECUTABLE: /usr/bin/python3
[4.710s] -- Using PYTHON_INCLUDE_DIRS: /usr/include/python3.8
[4.710s] -- Using PYTHON_LIBRARIES: /usr/lib/x86_64-linux-gnu/libpython3.8.so
[4.911s] -- Configuring done
[5.681s] -- Generating done
[5.690s] -- Build files have been written to: /home/ik/aws_ws/build/slam_toolbox
[5.723s] Invoked command in '/home/ik/aws_ws/build/slam_toolbox' returned '0': AMENT_PREFIX_PATH=/home/ik/aws_ws/install/nav2_map_server:/home/ik/aws_ws/install/nav2_util:/home/ik/aws_ws/install/nav2_msgs:/home/ik/aws_ws/install/nav2_common:${AMENT_PREFIX_PATH} CMAKE_PREFIX_PATH=/home/ik/aws_ws/install/nav2_map_server:/home/ik/aws_ws/install/nav2_util:/home/ik/aws_ws/install/nav2_msgs:/home/ik/aws_ws/install/nav2_common:/opt/ros/foxy LD_LIBRARY_PATH=/home/ik/aws_ws/install/nav2_map_server/lib:/home/ik/aws_ws/install/nav2_util/lib:/home/ik/aws_ws/install/nav2_msgs/lib:${LD_LIBRARY_PATH} PYTHONPATH=/home/ik/aws_ws/install/nav2_msgs/lib/python3.8/site-packages:/home/ik/aws_ws/install/nav2_common/lib/python3.8/site-packages:${PYTHONPATH} /usr/bin/cmake /home/ik/aws_ws/src/slam_toolbox -DCMAKE_INSTALL_PREFIX=/home/ik/aws_ws/install/slam_toolbox
[5.724s] Invoking command in '/home/ik/aws_ws/build/slam_toolbox': AMENT_PREFIX_PATH=/home/ik/aws_ws/install/nav2_map_server:/home/ik/aws_ws/install/nav2_util:/home/ik/aws_ws/install/nav2_msgs:/home/ik/aws_ws/install/nav2_common:${AMENT_PREFIX_PATH} CMAKE_PREFIX_PATH=/home/ik/aws_ws/install/nav2_map_server:/home/ik/aws_ws/install/nav2_util:/home/ik/aws_ws/install/nav2_msgs:/home/ik/aws_ws/install/nav2_common:/opt/ros/foxy LD_LIBRARY_PATH=/home/ik/aws_ws/install/nav2_map_server/lib:/home/ik/aws_ws/install/nav2_util/lib:/home/ik/aws_ws/install/nav2_msgs/lib:${LD_LIBRARY_PATH} PYTHONPATH=/home/ik/aws_ws/install/nav2_msgs/lib/python3.8/site-packages:/home/ik/aws_ws/install/nav2_common/lib/python3.8/site-packages:${PYTHONPATH} /usr/bin/cmake --build /home/ik/aws_ws/build/slam_toolbox -- -j8 -l8
[5.861s] [  1%] Built target slam_toolbox__cpp
[5.912s] [ 10%] Built target slam_toolbox__rosidl_generator_c
[5.924s] [ 12%] Built target kartoSlamToolbox
[6.108s] [ 21%] Built target slam_toolbox__rosidl_typesupport_cpp
[6.120s] [ 30%] Built target slam_toolbox__rosidl_typesupport_fastrtps_cpp
[6.148s] [ 39%] Built target slam_toolbox__rosidl_typesupport_introspection_c
[6.148s] [ 48%] Built target slam_toolbox__rosidl_typesupport_introspection_cpp
[6.148s] [ 57%] Built target slam_toolbox__rosidl_typesupport_c
[6.301s] [ 66%] Built target slam_toolbox__rosidl_typesupport_fastrtps_c
[6.411s] [ 66%] Built target slam_toolbox
[6.549s] [ 67%] Built target slam_toolbox__py
[6.633s] [ 68%] [32m[1mLinking CXX shared library libtoolbox_common.so[0m
[6.664s] [ 68%] [32m[1mLinking CXX shared library libSlamToolboxPlugin.so[0m
[6.664s] [ 69%] [32m[1mLinking CXX shared library libceres_solver_plugin.so[0m
[6.736s] [ 77%] Built target slam_toolbox__python
[6.955s] [ 78%] Built target slam_toolbox__rosidl_typesupport_c__pyext
[6.962s] [ 79%] Built target slam_toolbox__rosidl_typesupport_fastrtps_c__pyext
[6.990s] [ 80%] Built target slam_toolbox__rosidl_typesupport_introspection_c__pyext
[8.160s] [ 81%] Built target ceres_solver_plugin
[9.784s] [ 85%] Built target toolbox_common
[9.985s] [ 86%] [32m[1mLinking CXX shared library liblifelong_slam_toolbox.so[0m
[10.025s] [ 87%] [32m[1mLinking CXX shared library libsync_slam_toolbox.so[0m
[10.047s] [ 88%] [32m[1mLinking CXX shared library libasync_slam_toolbox.so[0m
[10.061s] [ 88%] [32m[1mLinking CXX shared library liblocalization_slam_toolbox.so[0m
[10.088s] [ 88%] [32m[1mLinking CXX executable merge_maps_kinematic[0m
[11.506s] [ 90%] Built target SlamToolboxPlugin
[12.772s] [ 91%] Built target lifelong_slam_toolbox
[12.868s] [ 92%] Built target async_slam_toolbox
[12.940s] [ 93%] Built target localization_slam_toolbox
[12.961s] [ 94%] [32m[1mLinking CXX executable lifelong_slam_toolbox_node[0m
[13.053s] [ 95%] Built target sync_slam_toolbox
[13.077s] [ 95%] [32m[1mLinking CXX executable async_slam_toolbox_node[0m
[13.160s] [ 96%] [32m[1mLinking CXX executable localization_slam_toolbox_node[0m
[13.309s] [ 97%] [32m[1mLinking CXX executable sync_slam_toolbox_node[0m
[14.012s] [ 98%] Built target merge_maps_kinematic
[15.311s] [ 98%] Built target sync_slam_toolbox_node
[15.704s] [ 99%] Built target localization_slam_toolbox_node
[15.737s] [ 99%] Built target lifelong_slam_toolbox_node
[15.750s] [100%] Built target async_slam_toolbox_node
[15.773s] Invoked command in '/home/ik/aws_ws/build/slam_toolbox' returned '0': AMENT_PREFIX_PATH=/home/ik/aws_ws/install/nav2_map_server:/home/ik/aws_ws/install/nav2_util:/home/ik/aws_ws/install/nav2_msgs:/home/ik/aws_ws/install/nav2_common:${AMENT_PREFIX_PATH} CMAKE_PREFIX_PATH=/home/ik/aws_ws/install/nav2_map_server:/home/ik/aws_ws/install/nav2_util:/home/ik/aws_ws/install/nav2_msgs:/home/ik/aws_ws/install/nav2_common:/opt/ros/foxy LD_LIBRARY_PATH=/home/ik/aws_ws/install/nav2_map_server/lib:/home/ik/aws_ws/install/nav2_util/lib:/home/ik/aws_ws/install/nav2_msgs/lib:${LD_LIBRARY_PATH} PYTHONPATH=/home/ik/aws_ws/install/nav2_msgs/lib/python3.8/site-packages:/home/ik/aws_ws/install/nav2_common/lib/python3.8/site-packages:${PYTHONPATH} /usr/bin/cmake --build /home/ik/aws_ws/build/slam_toolbox -- -j8 -l8
[21.011s] Invoking command in '/home/ik/aws_ws/build/slam_toolbox': AMENT_PREFIX_PATH=/home/ik/aws_ws/install/nav2_map_server:/home/ik/aws_ws/install/nav2_util:/home/ik/aws_ws/install/nav2_msgs:/home/ik/aws_ws/install/nav2_common:${AMENT_PREFIX_PATH} CMAKE_PREFIX_PATH=/home/ik/aws_ws/install/nav2_map_server:/home/ik/aws_ws/install/nav2_util:/home/ik/aws_ws/install/nav2_msgs:/home/ik/aws_ws/install/nav2_common:/opt/ros/foxy LD_LIBRARY_PATH=/home/ik/aws_ws/install/nav2_map_server/lib:/home/ik/aws_ws/install/nav2_util/lib:/home/ik/aws_ws/install/nav2_msgs/lib:${LD_LIBRARY_PATH} PYTHONPATH=/home/ik/aws_ws/install/nav2_msgs/lib/python3.8/site-packages:/home/ik/aws_ws/install/nav2_common/lib/python3.8/site-packages:${PYTHONPATH} /usr/bin/cmake --install /home/ik/aws_ws/build/slam_toolbox
[21.025s] -- Install configuration: "Release"
[21.026s] -- Execute custom install script
[21.027s] -- Up-to-date symlink: /home/ik/aws_ws/install/slam_toolbox/include//karto_sdk/Karto.h
[21.027s] -- Up-to-date symlink: /home/ik/aws_ws/install/slam_toolbox/include//karto_sdk/Macros.h
[21.027s] -- Up-to-date symlink: /home/ik/aws_ws/install/slam_toolbox/include//karto_sdk/Mapper.h
[21.027s] -- Up-to-date symlink: /home/ik/aws_ws/install/slam_toolbox/include//karto_sdk/Math.h
[21.028s] -- Up-to-date symlink: /home/ik/aws_ws/install/slam_toolbox/include//karto_sdk/Types.h
[21.028s] -- Up-to-date symlink: /home/ik/aws_ws/install/slam_toolbox/include//karto_sdk/nanoflann.hpp
[21.028s] -- Up-to-date symlink: /home/ik/aws_ws/install/slam_toolbox/include//karto_sdk/nanoflann_adaptors.h
[21.029s] -- Up-to-date symlink: /home/ik/aws_ws/install/slam_toolbox/lib/libkartoSlamToolbox.so
[21.030s] -- Up-to-date symlink: /home/ik/aws_ws/install/slam_toolbox/share/karto_sdk/environment/library_path.sh
[21.030s] -- Up-to-date symlink: /home/ik/aws_ws/install/slam_toolbox/share/karto_sdk/environment/library_path.dsv
[21.031s] -- Up-to-date symlink: /home/ik/aws_ws/install/slam_toolbox/share/ament_index/resource_index/package_run_dependencies/karto_sdk
[21.031s] -- Up-to-date symlink: /home/ik/aws_ws/install/slam_toolbox/share/ament_index/resource_index/parent_prefix_path/karto_sdk
[21.032s] -- Up-to-date symlink: /home/ik/aws_ws/install/slam_toolbox/share/karto_sdk/environment/ament_prefix_path.sh
[21.032s] -- Up-to-date symlink: /home/ik/aws_ws/install/slam_toolbox/share/karto_sdk/environment/ament_prefix_path.dsv
[21.032s] -- Up-to-date symlink: /home/ik/aws_ws/install/slam_toolbox/share/karto_sdk/environment/path.sh
[21.033s] -- Up-to-date symlink: /home/ik/aws_ws/install/slam_toolbox/share/karto_sdk/environment/path.dsv
[21.033s] -- Up-to-date symlink: /home/ik/aws_ws/install/slam_toolbox/share/karto_sdk/local_setup.bash
[21.034s] -- Up-to-date symlink: /home/ik/aws_ws/install/slam_toolbox/share/karto_sdk/local_setup.sh
[21.034s] -- Up-to-date symlink: /home/ik/aws_ws/install/slam_toolbox/share/karto_sdk/local_setup.zsh
[21.034s] -- Up-to-date symlink: /home/ik/aws_ws/install/slam_toolbox/share/karto_sdk/local_setup.dsv
[21.035s] -- Up-to-date symlink: /home/ik/aws_ws/install/slam_toolbox/share/karto_sdk/package.dsv
[21.035s] -- Up-to-date symlink: /home/ik/aws_ws/install/slam_toolbox/share/ament_index/resource_index/packages/karto_sdk
[21.036s] -- Up-to-date symlink: /home/ik/aws_ws/install/slam_toolbox/share/karto_sdk/cmake/ament_cmake_export_libraries-extras.cmake
[21.036s] -- Up-to-date symlink: /home/ik/aws_ws/install/slam_toolbox/share/karto_sdk/cmake/ament_cmake_export_include_directories-extras.cmake
[21.037s] -- Up-to-date symlink: /home/ik/aws_ws/install/slam_toolbox/share/karto_sdk/cmake/ament_cmake_export_dependencies-extras.cmake
[21.037s] -- Up-to-date symlink: /home/ik/aws_ws/install/slam_toolbox/share/karto_sdk/cmake/karto_sdkConfig.cmake
[21.037s] -- Up-to-date symlink: /home/ik/aws_ws/install/slam_toolbox/share/karto_sdk/cmake/karto_sdkConfig-version.cmake
[21.038s] -- Up-to-date symlink: /home/ik/aws_ws/install/slam_toolbox/share/karto_sdk/package.xml
[21.038s] -- Up-to-date symlink: /home/ik/aws_ws/install/slam_toolbox/share/ament_index/resource_index/rosidl_interfaces/slam_toolbox
[21.040s] -- Up-to-date symlink: /home/ik/aws_ws/install/slam_toolbox/include/slam_toolbox/msg/rosidl_generator_c__visibility_control.h
[21.040s] -- Up-to-date symlink: /home/ik/aws_ws/install/slam_toolbox/include/slam_toolbox/srv/add_submap.h
[21.040s] -- Up-to-date symlink: /home/ik/aws_ws/install/slam_toolbox/include/slam_toolbox/srv/clear.h
[21.041s] -- Up-to-date symlink: /home/ik/aws_ws/install/slam_toolbox/include/slam_toolbox/srv/clear_queue.h
[21.041s] -- Up-to-date symlink: /home/ik/aws_ws/install/slam_toolbox/include/slam_toolbox/srv/deserialize_pose_graph.h
[21.043s] -- Up-to-date symlink: /home/ik/aws_ws/install/slam_toolbox/include/slam_toolbox/srv/detail/add_submap__functions.h
[21.043s] -- Up-to-date symlink: /home/ik/aws_ws/install/slam_toolbox/include/slam_toolbox/srv/detail/add_submap__struct.h
[21.043s] -- Up-to-date symlink: /home/ik/aws_ws/install/slam_toolbox/include/slam_toolbox/srv/detail/add_submap__type_support.h
[21.044s] -- Up-to-date symlink: /home/ik/aws_ws/install/slam_toolbox/include/slam_toolbox/srv/detail/clear__functions.h
[21.044s] -- Up-to-date symlink: /home/ik/aws_ws/install/slam_toolbox/include/slam_toolbox/srv/detail/clear__struct.h
[21.044s] -- Up-to-date symlink: /home/ik/aws_ws/install/slam_toolbox/include/slam_toolbox/srv/detail/clear__type_support.h
[21.044s] -- Up-to-date symlink: /home/ik/aws_ws/install/slam_toolbox/include/slam_toolbox/srv/detail/clear_queue__functions.h
[21.044s] -- Up-to-date symlink: /home/ik/aws_ws/install/slam_toolbox/include/slam_toolbox/srv/detail/clear_queue__struct.h
[21.044s] -- Up-to-date symlink: /home/ik/aws_ws/install/slam_toolbox/include/slam_toolbox/srv/detail/clear_queue__type_support.h
[21.045s] -- Up-to-date symlink: /home/ik/aws_ws/install/slam_toolbox/include/slam_toolbox/srv/detail/deserialize_pose_graph__functions.h
[21.045s] -- Up-to-date symlink: /home/ik/aws_ws/install/slam_toolbox/include/slam_toolbox/srv/detail/deserialize_pose_graph__struct.h
[21.045s] -- Up-to-date symlink: /home/ik/aws_ws/install/slam_toolbox/include/slam_toolbox/srv/detail/deserialize_pose_graph__type_support.h
[21.046s] -- Up-to-date symlink: /home/ik/aws_ws/install/slam_toolbox/include/slam_toolbox/srv/detail/loop_closure__functions.h
[21.046s] -- Up-to-date symlink: /home/ik/aws_ws/install/slam_toolbox/include/slam_toolbox/srv/detail/loop_closure__struct.h
[21.046s] -- Up-to-date symlink: /home/ik/aws_ws/install/slam_toolbox/include/slam_toolbox/srv/detail/loop_closure__type_support.h
[21.047s] -- Up-to-date symlink: /home/ik/aws_ws/install/slam_toolbox/include/slam_toolbox/srv/detail/merge_maps__functions.h
[21.047s] -- Up-to-date symlink: /home/ik/aws_ws/install/slam_toolbox/include/slam_toolbox/srv/detail/merge_maps__struct.h
[21.047s] -- Up-to-date symlink: /home/ik/aws_ws/install/slam_toolbox/include/slam_toolbox/srv/detail/merge_maps__type_support.h
[21.048s] -- Up-to-date symlink: /home/ik/aws_ws/install/slam_toolbox/include/slam_toolbox/srv/detail/pause__functions.h
[21.048s] -- Up-to-date symlink: /home/ik/aws_ws/install/slam_toolbox/include/slam_toolbox/srv/detail/pause__struct.h
[21.048s] -- Up-to-date symlink: /home/ik/aws_ws/install/slam_toolbox/include/slam_toolbox/srv/detail/pause__type_support.h
[21.048s] -- Up-to-date symlink: /home/ik/aws_ws/install/slam_toolbox/include/slam_toolbox/srv/detail/save_map__functions.h
[21.049s] -- Up-to-date symlink: /home/ik/aws_ws/install/slam_toolbox/include/slam_toolbox/srv/detail/save_map__struct.h
[21.049s] -- Up-to-date symlink: /home/ik/aws_ws/install/slam_toolbox/include/slam_toolbox/srv/detail/save_map__type_support.h
[21.049s] -- Up-to-date symlink: /home/ik/aws_ws/install/slam_toolbox/include/slam_toolbox/srv/detail/serialize_pose_graph__functions.h
[21.050s] -- Up-to-date symlink: /home/ik/aws_ws/install/slam_toolbox/include/slam_toolbox/srv/detail/serialize_pose_graph__struct.h
[21.050s] -- Up-to-date symlink: /home/ik/aws_ws/install/slam_toolbox/include/slam_toolbox/srv/detail/serialize_pose_graph__type_support.h
[21.050s] -- Up-to-date symlink: /home/ik/aws_ws/install/slam_toolbox/include/slam_toolbox/srv/detail/toggle_interactive__functions.h
[21.051s] -- Up-to-date symlink: /home/ik/aws_ws/install/slam_toolbox/include/slam_toolbox/srv/detail/toggle_interactive__struct.h
[21.051s] -- Up-to-date symlink: /home/ik/aws_ws/install/slam_toolbox/include/slam_toolbox/srv/detail/toggle_interactive__type_support.h
[21.051s] -- Up-to-date symlink: /home/ik/aws_ws/install/slam_toolbox/include/slam_toolbox/srv/loop_closure.h
[21.052s] -- Up-to-date symlink: /home/ik/aws_ws/install/slam_toolbox/include/slam_toolbox/srv/merge_maps.h
[21.052s] -- Up-to-date symlink: /home/ik/aws_ws/install/slam_toolbox/include/slam_toolbox/srv/pause.h
[21.052s] -- Up-to-date symlink: /home/ik/aws_ws/install/slam_toolbox/include/slam_toolbox/srv/save_map.h
[21.052s] -- Up-to-date symlink: /home/ik/aws_ws/install/slam_toolbox/include/slam_toolbox/srv/serialize_pose_graph.h
[21.053s] -- Up-to-date symlink: /home/ik/aws_ws/install/slam_toolbox/include/slam_toolbox/srv/toggle_interactive.h
[21.053s] -- Up-to-date symlink: /home/ik/aws_ws/install/slam_toolbox/share/slam_toolbox/environment/library_path.sh
[21.054s] -- Up-to-date symlink: /home/ik/aws_ws/install/slam_toolbox/share/slam_toolbox/environment/library_path.dsv
[21.055s] -- Up-to-date symlink: /home/ik/aws_ws/install/slam_toolbox/include/slam_toolbox/msg/rosidl_typesupport_fastrtps_c__visibility_control.h
[21.055s] -- Up-to-date symlink: /home/ik/aws_ws/install/slam_toolbox/include/slam_toolbox/srv/detail/add_submap__rosidl_typesupport_fastrtps_c.h
[21.056s] -- Up-to-date symlink: /home/ik/aws_ws/install/slam_toolbox/include/slam_toolbox/srv/detail/clear__rosidl_typesupport_fastrtps_c.h
[21.056s] -- Up-to-date symlink: /home/ik/aws_ws/install/slam_toolbox/include/slam_toolbox/srv/detail/clear_queue__rosidl_typesupport_fastrtps_c.h
[21.057s] -- Up-to-date symlink: /home/ik/aws_ws/install/slam_toolbox/include/slam_toolbox/srv/detail/deserialize_pose_graph__rosidl_typesupport_fastrtps_c.h
[21.057s] -- Up-to-date symlink: /home/ik/aws_ws/install/slam_toolbox/include/slam_toolbox/srv/detail/loop_closure__rosidl_typesupport_fastrtps_c.h
[21.057s] -- Up-to-date symlink: /home/ik/aws_ws/install/slam_toolbox/include/slam_toolbox/srv/detail/merge_maps__rosidl_typesupport_fastrtps_c.h
[21.058s] -- Up-to-date symlink: /home/ik/aws_ws/install/slam_toolbox/include/slam_toolbox/srv/detail/pause__rosidl_typesupport_fastrtps_c.h
[21.058s] -- Up-to-date symlink: /home/ik/aws_ws/install/slam_toolbox/include/slam_toolbox/srv/detail/save_map__rosidl_typesupport_fastrtps_c.h
[21.058s] -- Up-to-date symlink: /home/ik/aws_ws/install/slam_toolbox/include/slam_toolbox/srv/detail/serialize_pose_graph__rosidl_typesupport_fastrtps_c.h
[21.058s] -- Up-to-date symlink: /home/ik/aws_ws/install/slam_toolbox/include/slam_toolbox/srv/detail/toggle_interactive__rosidl_typesupport_fastrtps_c.h
[21.059s] -- Up-to-date symlink: /home/ik/aws_ws/install/slam_toolbox/lib/libslam_toolbox__rosidl_typesupport_fastrtps_c.so
[21.060s] -- Up-to-date symlink: /home/ik/aws_ws/install/slam_toolbox/include/slam_toolbox/msg/rosidl_typesupport_fastrtps_cpp__visibility_control.h
[21.061s] -- Up-to-date symlink: /home/ik/aws_ws/install/slam_toolbox/include/slam_toolbox/srv/detail/add_submap__rosidl_typesupport_fastrtps_cpp.hpp
[21.061s] -- Up-to-date symlink: /home/ik/aws_ws/install/slam_toolbox/include/slam_toolbox/srv/detail/clear__rosidl_typesupport_fastrtps_cpp.hpp
[21.061s] -- Up-to-date symlink: /home/ik/aws_ws/install/slam_toolbox/include/slam_toolbox/srv/detail/clear_queue__rosidl_typesupport_fastrtps_cpp.hpp
[21.062s] -- Up-to-date symlink: /home/ik/aws_ws/install/slam_toolbox/include/slam_toolbox/srv/detail/deserialize_pose_graph__rosidl_typesupport_fastrtps_cpp.hpp
[21.062s] -- Up-to-date symlink: /home/ik/aws_ws/install/slam_toolbox/include/slam_toolbox/srv/detail/loop_closure__rosidl_typesupport_fastrtps_cpp.hpp
[21.062s] -- Up-to-date symlink: /home/ik/aws_ws/install/slam_toolbox/include/slam_toolbox/srv/detail/merge_maps__rosidl_typesupport_fastrtps_cpp.hpp
[21.062s] -- Up-to-date symlink: /home/ik/aws_ws/install/slam_toolbox/include/slam_toolbox/srv/detail/pause__rosidl_typesupport_fastrtps_cpp.hpp
[21.063s] -- Up-to-date symlink: /home/ik/aws_ws/install/slam_toolbox/include/slam_toolbox/srv/detail/save_map__rosidl_typesupport_fastrtps_cpp.hpp
[21.063s] -- Up-to-date symlink: /home/ik/aws_ws/install/slam_toolbox/include/slam_toolbox/srv/detail/serialize_pose_graph__rosidl_typesupport_fastrtps_cpp.hpp
[21.063s] -- Up-to-date symlink: /home/ik/aws_ws/install/slam_toolbox/include/slam_toolbox/srv/detail/toggle_interactive__rosidl_typesupport_fastrtps_cpp.hpp
[21.064s] -- Up-to-date symlink: /home/ik/aws_ws/install/slam_toolbox/lib/libslam_toolbox__rosidl_typesupport_fastrtps_cpp.so
[21.065s] -- Up-to-date symlink: /home/ik/aws_ws/install/slam_toolbox/include/slam_toolbox/msg/rosidl_typesupport_introspection_c__visibility_control.h
[21.065s] -- Up-to-date symlink: /home/ik/aws_ws/install/slam_toolbox/include/slam_toolbox/srv/detail/add_submap__rosidl_typesupport_introspection_c.h
[21.065s] -- Up-to-date symlink: /home/ik/aws_ws/install/slam_toolbox/include/slam_toolbox/srv/detail/clear__rosidl_typesupport_introspection_c.h
[21.066s] -- Up-to-date symlink: /home/ik/aws_ws/install/slam_toolbox/include/slam_toolbox/srv/detail/clear_queue__rosidl_typesupport_introspection_c.h
[21.066s] -- Up-to-date symlink: /home/ik/aws_ws/install/slam_toolbox/include/slam_toolbox/srv/detail/deserialize_pose_graph__rosidl_typesupport_introspection_c.h
[21.066s] -- Up-to-date symlink: /home/ik/aws_ws/install/slam_toolbox/include/slam_toolbox/srv/detail/loop_closure__rosidl_typesupport_introspection_c.h
[21.067s] -- Up-to-date symlink: /home/ik/aws_ws/install/slam_toolbox/include/slam_toolbox/srv/detail/merge_maps__rosidl_typesupport_introspection_c.h
[21.067s] -- Up-to-date symlink: /home/ik/aws_ws/install/slam_toolbox/include/slam_toolbox/srv/detail/pause__rosidl_typesupport_introspection_c.h
[21.067s] -- Up-to-date symlink: /home/ik/aws_ws/install/slam_toolbox/include/slam_toolbox/srv/detail/save_map__rosidl_typesupport_introspection_c.h
[21.068s] -- Up-to-date symlink: /home/ik/aws_ws/install/slam_toolbox/include/slam_toolbox/srv/detail/serialize_pose_graph__rosidl_typesupport_introspection_c.h
[21.068s] -- Up-to-date symlink: /home/ik/aws_ws/install/slam_toolbox/include/slam_toolbox/srv/detail/toggle_interactive__rosidl_typesupport_introspection_c.h
[21.069s] -- Up-to-date symlink: /home/ik/aws_ws/install/slam_toolbox/include/slam_toolbox/srv/add_submap.hpp
[21.069s] -- Up-to-date symlink: /home/ik/aws_ws/install/slam_toolbox/include/slam_toolbox/srv/clear.hpp
[21.070s] -- Up-to-date symlink: /home/ik/aws_ws/install/slam_toolbox/include/slam_toolbox/srv/clear_queue.hpp
[21.070s] -- Up-to-date symlink: /home/ik/aws_ws/install/slam_toolbox/include/slam_toolbox/srv/deserialize_pose_graph.hpp
[21.070s] -- Up-to-date symlink: /home/ik/aws_ws/install/slam_toolbox/include/slam_toolbox/srv/detail/add_submap__builder.hpp
[21.070s] -- Up-to-date symlink: /home/ik/aws_ws/install/slam_toolbox/include/slam_toolbox/srv/detail/add_submap__struct.hpp
[21.071s] -- Up-to-date symlink: /home/ik/aws_ws/install/slam_toolbox/include/slam_toolbox/srv/detail/add_submap__traits.hpp
[21.071s] -- Up-to-date symlink: /home/ik/aws_ws/install/slam_toolbox/include/slam_toolbox/srv/detail/clear__builder.hpp
[21.071s] -- Up-to-date symlink: /home/ik/aws_ws/install/slam_toolbox/include/slam_toolbox/srv/detail/clear__struct.hpp
[21.072s] -- Up-to-date symlink: /home/ik/aws_ws/install/slam_toolbox/include/slam_toolbox/srv/detail/clear__traits.hpp
[21.072s] -- Up-to-date symlink: /home/ik/aws_ws/install/slam_toolbox/include/slam_toolbox/srv/detail/clear_queue__builder.hpp
[21.072s] -- Up-to-date symlink: /home/ik/aws_ws/install/slam_toolbox/include/slam_toolbox/srv/detail/clear_queue__struct.hpp
[21.072s] -- Up-to-date symlink: /home/ik/aws_ws/install/slam_toolbox/include/slam_toolbox/srv/detail/clear_queue__traits.hpp
[21.073s] -- Up-to-date symlink: /home/ik/aws_ws/install/slam_toolbox/include/slam_toolbox/srv/detail/deserialize_pose_graph__builder.hpp
[21.073s] -- Up-to-date symlink: /home/ik/aws_ws/install/slam_toolbox/include/slam_toolbox/srv/detail/deserialize_pose_graph__struct.hpp
[21.073s] -- Up-to-date symlink: /home/ik/aws_ws/install/slam_toolbox/include/slam_toolbox/srv/detail/deserialize_pose_graph__traits.hpp
[21.074s] -- Up-to-date symlink: /home/ik/aws_ws/install/slam_toolbox/include/slam_toolbox/srv/detail/loop_closure__builder.hpp
[21.074s] -- Up-to-date symlink: /home/ik/aws_ws/install/slam_toolbox/include/slam_toolbox/srv/detail/loop_closure__struct.hpp
[21.074s] -- Up-to-date symlink: /home/ik/aws_ws/install/slam_toolbox/include/slam_toolbox/srv/detail/loop_closure__traits.hpp
[21.074s] -- Up-to-date symlink: /home/ik/aws_ws/install/slam_toolbox/include/slam_toolbox/srv/detail/merge_maps__builder.hpp
[21.075s] -- Up-to-date symlink: /home/ik/aws_ws/install/slam_toolbox/include/slam_toolbox/srv/detail/merge_maps__struct.hpp
[21.075s] -- Up-to-date symlink: /home/ik/aws_ws/install/slam_toolbox/include/slam_toolbox/srv/detail/merge_maps__traits.hpp
[21.075s] -- Up-to-date symlink: /home/ik/aws_ws/install/slam_toolbox/include/slam_toolbox/srv/detail/pause__builder.hpp
[21.076s] -- Up-to-date symlink: /home/ik/aws_ws/install/slam_toolbox/include/slam_toolbox/srv/detail/pause__struct.hpp
[21.076s] -- Up-to-date symlink: /home/ik/aws_ws/install/slam_toolbox/include/slam_toolbox/srv/detail/pause__traits.hpp
[21.076s] -- Up-to-date symlink: /home/ik/aws_ws/install/slam_toolbox/include/slam_toolbox/srv/detail/save_map__builder.hpp
[21.077s] -- Up-to-date symlink: /home/ik/aws_ws/install/slam_toolbox/include/slam_toolbox/srv/detail/save_map__struct.hpp
[21.077s] -- Up-to-date symlink: /home/ik/aws_ws/install/slam_toolbox/include/slam_toolbox/srv/detail/save_map__traits.hpp
[21.077s] -- Up-to-date symlink: /home/ik/aws_ws/install/slam_toolbox/include/slam_toolbox/srv/detail/serialize_pose_graph__builder.hpp
[21.077s] -- Up-to-date symlink: /home/ik/aws_ws/install/slam_toolbox/include/slam_toolbox/srv/detail/serialize_pose_graph__struct.hpp
[21.078s] -- Up-to-date symlink: /home/ik/aws_ws/install/slam_toolbox/include/slam_toolbox/srv/detail/serialize_pose_graph__traits.hpp
[21.078s] -- Up-to-date symlink: /home/ik/aws_ws/install/slam_toolbox/include/slam_toolbox/srv/detail/toggle_interactive__builder.hpp
[21.078s] -- Up-to-date symlink: /home/ik/aws_ws/install/slam_toolbox/include/slam_toolbox/srv/detail/toggle_interactive__struct.hpp
[21.079s] -- Up-to-date symlink: /home/ik/aws_ws/install/slam_toolbox/include/slam_toolbox/srv/detail/toggle_interactive__traits.hpp
[21.079s] -- Up-to-date symlink: /home/ik/aws_ws/install/slam_toolbox/include/slam_toolbox/srv/loop_closure.hpp
[21.079s] -- Up-to-date symlink: /home/ik/aws_ws/install/slam_toolbox/include/slam_toolbox/srv/merge_maps.hpp
[21.079s] -- Up-to-date symlink: /home/ik/aws_ws/install/slam_toolbox/include/slam_toolbox/srv/pause.hpp
[21.080s] -- Up-to-date symlink: /home/ik/aws_ws/install/slam_toolbox/include/slam_toolbox/srv/save_map.hpp
[21.080s] -- Up-to-date symlink: /home/ik/aws_ws/install/slam_toolbox/include/slam_toolbox/srv/serialize_pose_graph.hpp
[21.080s] -- Up-to-date symlink: /home/ik/aws_ws/install/slam_toolbox/include/slam_toolbox/srv/toggle_interactive.hpp
[21.081s] -- Up-to-date symlink: /home/ik/aws_ws/install/slam_toolbox/include/slam_toolbox/srv/detail/add_submap__rosidl_typesupport_introspection_cpp.hpp
[21.082s] -- Up-to-date symlink: /home/ik/aws_ws/install/slam_toolbox/include/slam_toolbox/srv/detail/clear__rosidl_typesupport_introspection_cpp.hpp
[21.082s] -- Up-to-date symlink: /home/ik/aws_ws/install/slam_toolbox/include/slam_toolbox/srv/detail/clear_queue__rosidl_typesupport_introspection_cpp.hpp
[21.082s] -- Up-to-date symlink: /home/ik/aws_ws/install/slam_toolbox/include/slam_toolbox/srv/detail/deserialize_pose_graph__rosidl_typesupport_introspection_cpp.hpp
[21.082s] -- Up-to-date symlink: /home/ik/aws_ws/install/slam_toolbox/include/slam_toolbox/srv/detail/loop_closure__rosidl_typesupport_introspection_cpp.hpp
[21.083s] -- Up-to-date symlink: /home/ik/aws_ws/install/slam_toolbox/include/slam_toolbox/srv/detail/merge_maps__rosidl_typesupport_introspection_cpp.hpp
[21.083s] -- Up-to-date symlink: /home/ik/aws_ws/install/slam_toolbox/include/slam_toolbox/srv/detail/pause__rosidl_typesupport_introspection_cpp.hpp
[21.083s] -- Up-to-date symlink: /home/ik/aws_ws/install/slam_toolbox/include/slam_toolbox/srv/detail/save_map__rosidl_typesupport_introspection_cpp.hpp
[21.083s] -- Up-to-date symlink: /home/ik/aws_ws/install/slam_toolbox/include/slam_toolbox/srv/detail/serialize_pose_graph__rosidl_typesupport_introspection_cpp.hpp
[21.084s] -- Up-to-date symlink: /home/ik/aws_ws/install/slam_toolbox/include/slam_toolbox/srv/detail/toggle_interactive__rosidl_typesupport_introspection_cpp.hpp
[21.084s] -- Up-to-date symlink: /home/ik/aws_ws/install/slam_toolbox/share/slam_toolbox/environment/pythonpath.sh
[21.085s] -- Up-to-date symlink: /home/ik/aws_ws/install/slam_toolbox/share/slam_toolbox/environment/pythonpath.dsv
[21.085s] -- Up-to-date symlink: /home/ik/aws_ws/install/slam_toolbox/lib/python3.8/site-packages/slam_toolbox/__init__.py
[21.086s] -- Up-to-date symlink: /home/ik/aws_ws/install/slam_toolbox/lib/python3.8/site-packages/slam_toolbox/srv/__init__.py
[21.086s] -- Up-to-date symlink: /home/ik/aws_ws/install/slam_toolbox/lib/python3.8/site-packages/slam_toolbox/srv/_add_submap.py
[21.086s] -- Up-to-date symlink: /home/ik/aws_ws/install/slam_toolbox/lib/python3.8/site-packages/slam_toolbox/srv/_clear.py
[21.087s] -- Up-to-date symlink: /home/ik/aws_ws/install/slam_toolbox/lib/python3.8/site-packages/slam_toolbox/srv/_clear_queue.py
[21.087s] -- Up-to-date symlink: /home/ik/aws_ws/install/slam_toolbox/lib/python3.8/site-packages/slam_toolbox/srv/_deserialize_pose_graph.py
[21.087s] -- Up-to-date symlink: /home/ik/aws_ws/install/slam_toolbox/lib/python3.8/site-packages/slam_toolbox/srv/_loop_closure.py
[21.087s] -- Up-to-date symlink: /home/ik/aws_ws/install/slam_toolbox/lib/python3.8/site-packages/slam_toolbox/srv/_merge_maps.py
[21.088s] -- Up-to-date symlink: /home/ik/aws_ws/install/slam_toolbox/lib/python3.8/site-packages/slam_toolbox/srv/_pause.py
[21.088s] -- Up-to-date symlink: /home/ik/aws_ws/install/slam_toolbox/lib/python3.8/site-packages/slam_toolbox/srv/_save_map.py
[21.088s] -- Up-to-date symlink: /home/ik/aws_ws/install/slam_toolbox/lib/python3.8/site-packages/slam_toolbox/srv/_serialize_pose_graph.py
[21.088s] -- Up-to-date symlink: /home/ik/aws_ws/install/slam_toolbox/lib/python3.8/site-packages/slam_toolbox/srv/_toggle_interactive.py
[21.089s] -- Up-to-date symlink: /home/ik/aws_ws/install/slam_toolbox/lib/python3.8/site-packages/slam_toolbox/slam_toolbox_s__rosidl_typesupport_fastrtps_c.cpython-38-x86_64-linux-gnu.so
[21.090s] -- Up-to-date symlink: /home/ik/aws_ws/install/slam_toolbox/lib/python3.8/site-packages/slam_toolbox/slam_toolbox_s__rosidl_typesupport_introspection_c.cpython-38-x86_64-linux-gnu.so
[21.090s] -- Up-to-date symlink: /home/ik/aws_ws/install/slam_toolbox/lib/python3.8/site-packages/slam_toolbox/slam_toolbox_s__rosidl_typesupport_c.cpython-38-x86_64-linux-gnu.so
[21.091s] -- Up-to-date symlink: /home/ik/aws_ws/install/slam_toolbox/lib/libslam_toolbox__python.so
[21.091s] -- Up-to-date symlink: /home/ik/aws_ws/install/slam_toolbox/share/slam_toolbox/srv/Pause.idl
[21.092s] -- Up-to-date symlink: /home/ik/aws_ws/install/slam_toolbox/share/slam_toolbox/srv/ClearQueue.idl
[21.092s] -- Up-to-date symlink: /home/ik/aws_ws/install/slam_toolbox/share/slam_toolbox/srv/ToggleInteractive.idl
[21.093s] -- Up-to-date symlink: /home/ik/aws_ws/install/slam_toolbox/share/slam_toolbox/srv/Clear.idl
[21.093s] -- Up-to-date symlink: /home/ik/aws_ws/install/slam_toolbox/share/slam_toolbox/srv/SaveMap.idl
[21.093s] -- Up-to-date symlink: /home/ik/aws_ws/install/slam_toolbox/share/slam_toolbox/srv/LoopClosure.idl
[21.094s] -- Up-to-date symlink: /home/ik/aws_ws/install/slam_toolbox/share/slam_toolbox/srv/MergeMaps.idl
[21.094s] -- Up-to-date symlink: /home/ik/aws_ws/install/slam_toolbox/share/slam_toolbox/srv/AddSubmap.idl
[21.094s] -- Up-to-date symlink: /home/ik/aws_ws/install/slam_toolbox/share/slam_toolbox/srv/DeserializePoseGraph.idl
[21.095s] -- Up-to-date symlink: /home/ik/aws_ws/install/slam_toolbox/share/slam_toolbox/srv/SerializePoseGraph.idl
[21.095s] -- Up-to-date symlink: /home/ik/aws_ws/install/slam_toolbox/share/slam_toolbox/srvs/Pause.srv
[21.096s] -- Up-to-date symlink: /home/ik/aws_ws/install/slam_toolbox/share/slam_toolbox/srvs/Pause_Request.msg
[21.096s] -- Up-to-date symlink: /home/ik/aws_ws/install/slam_toolbox/share/slam_toolbox/srvs/Pause_Response.msg
[21.097s] -- Up-to-date symlink: /home/ik/aws_ws/install/slam_toolbox/share/slam_toolbox/srvs/ClearQueue.srv
[21.097s] -- Up-to-date symlink: /home/ik/aws_ws/install/slam_toolbox/share/slam_toolbox/srvs/ClearQueue_Request.msg
[21.097s] -- Up-to-date symlink: /home/ik/aws_ws/install/slam_toolbox/share/slam_toolbox/srvs/ClearQueue_Response.msg
[21.098s] -- Up-to-date symlink: /home/ik/aws_ws/install/slam_toolbox/share/slam_toolbox/srvs/ToggleInteractive.srv
[21.098s] -- Up-to-date symlink: /home/ik/aws_ws/install/slam_toolbox/share/slam_toolbox/srvs/ToggleInteractive_Request.msg
[21.099s] -- Up-to-date symlink: /home/ik/aws_ws/install/slam_toolbox/share/slam_toolbox/srvs/ToggleInteractive_Response.msg
[21.099s] -- Up-to-date symlink: /home/ik/aws_ws/install/slam_toolbox/share/slam_toolbox/srvs/Clear.srv
[21.099s] -- Up-to-date symlink: /home/ik/aws_ws/install/slam_toolbox/share/slam_toolbox/srvs/Clear_Request.msg
[21.100s] -- Up-to-date symlink: /home/ik/aws_ws/install/slam_toolbox/share/slam_toolbox/srvs/Clear_Response.msg
[21.100s] -- Up-to-date symlink: /home/ik/aws_ws/install/slam_toolbox/share/slam_toolbox/srvs/SaveMap.srv
[21.101s] -- Up-to-date symlink: /home/ik/aws_ws/install/slam_toolbox/share/slam_toolbox/srvs/SaveMap_Request.msg
[21.101s] -- Up-to-date symlink: /home/ik/aws_ws/install/slam_toolbox/share/slam_toolbox/srvs/SaveMap_Response.msg
[21.101s] -- Up-to-date symlink: /home/ik/aws_ws/install/slam_toolbox/share/slam_toolbox/srvs/LoopClosure.srv
[21.102s] -- Up-to-date symlink: /home/ik/aws_ws/install/slam_toolbox/share/slam_toolbox/srvs/LoopClosure_Request.msg
[21.102s] -- Up-to-date symlink: /home/ik/aws_ws/install/slam_toolbox/share/slam_toolbox/srvs/LoopClosure_Response.msg
[21.102s] -- Up-to-date symlink: /home/ik/aws_ws/install/slam_toolbox/share/slam_toolbox/srvs/MergeMaps.srv
[21.103s] -- Up-to-date symlink: /home/ik/aws_ws/install/slam_toolbox/share/slam_toolbox/srvs/MergeMaps_Request.msg
[21.103s] -- Up-to-date symlink: /home/ik/aws_ws/install/slam_toolbox/share/slam_toolbox/srvs/MergeMaps_Response.msg
[21.103s] -- Up-to-date symlink: /home/ik/aws_ws/install/slam_toolbox/share/slam_toolbox/srvs/AddSubmap.srv
[21.104s] -- Up-to-date symlink: /home/ik/aws_ws/install/slam_toolbox/share/slam_toolbox/srvs/AddSubmap_Request.msg
[21.104s] -- Up-to-date symlink: /home/ik/aws_ws/install/slam_toolbox/share/slam_toolbox/srvs/AddSubmap_Response.msg
[21.105s] -- Up-to-date symlink: /home/ik/aws_ws/install/slam_toolbox/share/slam_toolbox/srvs/DeserializePoseGraph.srv
[21.105s] -- Up-to-date symlink: /home/ik/aws_ws/install/slam_toolbox/share/slam_toolbox/srvs/DeserializePoseGraph_Request.msg
[21.105s] -- Up-to-date symlink: /home/ik/aws_ws/install/slam_toolbox/share/slam_toolbox/srvs/DeserializePoseGraph_Response.msg
[21.106s] -- Up-to-date symlink: /home/ik/aws_ws/install/slam_toolbox/share/slam_toolbox/srvs/SerializePoseGraph.srv
[21.106s] -- Up-to-date symlink: /home/ik/aws_ws/install/slam_toolbox/share/slam_toolbox/srvs/SerializePoseGraph_Request.msg
[21.107s] -- Up-to-date symlink: /home/ik/aws_ws/install/slam_toolbox/share/slam_toolbox/srvs/SerializePoseGraph_Response.msg
[21.107s] -- Up-to-date symlink: /home/ik/aws_ws/install/slam_toolbox/share/slam_toolbox//rviz_plugins.xml
[21.107s] -- Up-to-date symlink: /home/ik/aws_ws/install/slam_toolbox/share/slam_toolbox//solver_plugins.xml
[21.108s] -- Up-to-date symlink: /home/ik/aws_ws/install/slam_toolbox/lib/slam_toolbox/async_slam_toolbox_node
[21.108s] -- Up-to-date symlink: /home/ik/aws_ws/install/slam_toolbox/lib/slam_toolbox/sync_slam_toolbox_node
[21.109s] -- Up-to-date symlink: /home/ik/aws_ws/install/slam_toolbox/lib/slam_toolbox/localization_slam_toolbox_node
[21.109s] -- Up-to-date symlink: /home/ik/aws_ws/install/slam_toolbox/lib/slam_toolbox/lifelong_slam_toolbox_node
[21.109s] -- Up-to-date symlink: /home/ik/aws_ws/install/slam_toolbox/lib/slam_toolbox/merge_maps_kinematic
[21.110s] -- Up-to-date symlink: /home/ik/aws_ws/install/slam_toolbox/lib/libtoolbox_common.so
[21.110s] -- Up-to-date symlink: /home/ik/aws_ws/install/slam_toolbox/lib/libSlamToolboxPlugin.so
[21.110s] -- Up-to-date symlink: /home/ik/aws_ws/install/slam_toolbox/lib/libceres_solver_plugin.so
[21.111s] -- Up-to-date symlink: /home/ik/aws_ws/install/slam_toolbox/lib/libasync_slam_toolbox.so
[21.111s] -- Up-to-date symlink: /home/ik/aws_ws/install/slam_toolbox/lib/libsync_slam_toolbox.so
[21.111s] -- Up-to-date symlink: /home/ik/aws_ws/install/slam_toolbox/lib/liblocalization_slam_toolbox.so
[21.112s] -- Up-to-date symlink: /home/ik/aws_ws/install/slam_toolbox/lib/liblifelong_slam_toolbox.so
[21.113s] -- Up-to-date symlink: /home/ik/aws_ws/install/slam_toolbox/include/slam_toolbox/experimental/slam_toolbox_lifelong.hpp
[21.113s] -- Up-to-date symlink: /home/ik/aws_ws/install/slam_toolbox/include/slam_toolbox/get_pose_helper.hpp
[21.113s] -- Up-to-date symlink: /home/ik/aws_ws/install/slam_toolbox/include/slam_toolbox/laser_utils.hpp
[21.114s] -- Up-to-date symlink: /home/ik/aws_ws/install/slam_toolbox/include/slam_toolbox/loop_closure_assistant.hpp
[21.114s] -- Up-to-date symlink: /home/ik/aws_ws/install/slam_toolbox/include/slam_toolbox/map_saver.hpp
[21.114s] -- Up-to-date symlink: /home/ik/aws_ws/install/slam_toolbox/include/slam_toolbox/merge_maps_kinematic.hpp
[21.114s] -- Up-to-date symlink: /home/ik/aws_ws/install/slam_toolbox/include/slam_toolbox/serialization.hpp
[21.115s] -- Up-to-date symlink: /home/ik/aws_ws/install/slam_toolbox/include/slam_toolbox/slam_mapper.hpp
[21.115s] -- Up-to-date symlink: /home/ik/aws_ws/install/slam_toolbox/include/slam_toolbox/slam_toolbox_async.hpp
[21.115s] -- Up-to-date symlink: /home/ik/aws_ws/install/slam_toolbox/include/slam_toolbox/slam_toolbox_common.hpp
[21.116s] -- Up-to-date symlink: /home/ik/aws_ws/install/slam_toolbox/include/slam_toolbox/slam_toolbox_localization.hpp
[21.116s] -- Up-to-date symlink: /home/ik/aws_ws/install/slam_toolbox/include/slam_toolbox/slam_toolbox_sync.hpp
[21.116s] -- Up-to-date symlink: /home/ik/aws_ws/install/slam_toolbox/include/slam_toolbox/snap_utils.hpp
[21.117s] -- Up-to-date symlink: /home/ik/aws_ws/install/slam_toolbox/include/slam_toolbox/toolbox_msgs.hpp
[21.117s] -- Up-to-date symlink: /home/ik/aws_ws/install/slam_toolbox/include/slam_toolbox/toolbox_types.hpp
[21.117s] -- Up-to-date symlink: /home/ik/aws_ws/install/slam_toolbox/include/slam_toolbox/visualization_utils.hpp
[21.118s] -- Up-to-date symlink: /home/ik/aws_ws/install/slam_toolbox/share/slam_toolbox/launch/lifelong_launch.py
[21.118s] -- Up-to-date symlink: /home/ik/aws_ws/install/slam_toolbox/share/slam_toolbox/launch/localization_launch.py
[21.119s] -- Up-to-date symlink: /home/ik/aws_ws/install/slam_toolbox/share/slam_toolbox/launch/merge_maps_kinematic_launch.py
[21.119s] -- Up-to-date symlink: /home/ik/aws_ws/install/slam_toolbox/share/slam_toolbox/launch/offline_launch.py
[21.119s] -- Up-to-date symlink: /home/ik/aws_ws/install/slam_toolbox/share/slam_toolbox/launch/online_async_launch.py
[21.119s] -- Up-to-date symlink: /home/ik/aws_ws/install/slam_toolbox/share/slam_toolbox/launch/online_sync_launch.py
[21.120s] -- Up-to-date symlink: /home/ik/aws_ws/install/slam_toolbox/share/slam_toolbox/config/mapper_params_lifelong.yaml
[21.121s] -- Up-to-date symlink: /home/ik/aws_ws/install/slam_toolbox/share/slam_toolbox/config/mapper_params_localization.yaml
[21.121s] -- Up-to-date symlink: /home/ik/aws_ws/install/slam_toolbox/share/slam_toolbox/config/mapper_params_offline.yaml
[21.121s] -- Up-to-date symlink: /home/ik/aws_ws/install/slam_toolbox/share/slam_toolbox/config/mapper_params_online_async.yaml
[21.121s] -- Up-to-date symlink: /home/ik/aws_ws/install/slam_toolbox/share/slam_toolbox/config/mapper_params_online_sync.yaml
[21.122s] -- Up-to-date symlink: /home/ik/aws_ws/install/slam_toolbox/share/solver_plugins.xml
[21.122s] -- Up-to-date symlink: /home/ik/aws_ws/install/slam_toolbox/share/rviz_plugins.xml
[21.123s] -- Up-to-date symlink: /home/ik/aws_ws/install/slam_toolbox/share/ament_index/resource_index/package_run_dependencies/slam_toolbox
[21.123s] -- Up-to-date symlink: /home/ik/aws_ws/install/slam_toolbox/share/ament_index/resource_index/parent_prefix_path/slam_toolbox
[21.123s] -- Up-to-date symlink: /home/ik/aws_ws/install/slam_toolbox/share/slam_toolbox/environment/ament_prefix_path.sh
[21.124s] -- Up-to-date symlink: /home/ik/aws_ws/install/slam_toolbox/share/slam_toolbox/environment/ament_prefix_path.dsv
[21.124s] -- Up-to-date symlink: /home/ik/aws_ws/install/slam_toolbox/share/slam_toolbox/environment/path.sh
[21.125s] -- Up-to-date symlink: /home/ik/aws_ws/install/slam_toolbox/share/slam_toolbox/environment/path.dsv
[21.125s] -- Up-to-date symlink: /home/ik/aws_ws/install/slam_toolbox/share/slam_toolbox/local_setup.bash
[21.127s] -- Up-to-date symlink: /home/ik/aws_ws/install/slam_toolbox/share/slam_toolbox/local_setup.sh
[21.127s] -- Up-to-date symlink: /home/ik/aws_ws/install/slam_toolbox/share/slam_toolbox/local_setup.zsh
[21.127s] -- Up-to-date symlink: /home/ik/aws_ws/install/slam_toolbox/share/slam_toolbox/local_setup.dsv
[21.128s] -- Symlinking: /home/ik/aws_ws/install/slam_toolbox/share/slam_toolbox/package.dsv
[21.166s] -- Up-to-date symlink: /home/ik/aws_ws/install/slam_toolbox/share/ament_index/resource_index/packages/slam_toolbox
[21.166s] -- Up-to-date symlink: /home/ik/aws_ws/install/slam_toolbox/share/ament_index/resource_index/rviz_common__pluginlib__plugin/slam_toolbox
[21.166s] -- Up-to-date symlink: /home/ik/aws_ws/install/slam_toolbox/share/ament_index/resource_index/slam_toolbox__pluginlib__plugin/slam_toolbox
[21.168s] -- Up-to-date symlink: /home/ik/aws_ws/install/slam_toolbox/share/slam_toolbox/cmake/rosidl_cmake-extras.cmake
[21.168s] -- Up-to-date symlink: /home/ik/aws_ws/install/slam_toolbox/share/slam_toolbox/cmake/ament_cmake_export_dependencies-extras.cmake
[21.168s] -- Up-to-date symlink: /home/ik/aws_ws/install/slam_toolbox/share/slam_toolbox/cmake/ament_cmake_export_libraries-extras.cmake
[21.168s] -- Up-to-date symlink: /home/ik/aws_ws/install/slam_toolbox/share/slam_toolbox/cmake/ament_cmake_export_targets-extras.cmake
[21.168s] -- Up-to-date symlink: /home/ik/aws_ws/install/slam_toolbox/share/slam_toolbox/cmake/ament_cmake_export_include_directories-extras.cmake
[21.168s] -- Up-to-date symlink: /home/ik/aws_ws/install/slam_toolbox/share/slam_toolbox/cmake/rosidl_cmake_export_typesupport_libraries-extras.cmake
[21.170s] -- Up-to-date symlink: /home/ik/aws_ws/install/slam_toolbox/share/slam_toolbox/cmake/rosidl_cmake_export_typesupport_targets-extras.cmake
[21.170s] -- Up-to-date symlink: /home/ik/aws_ws/install/slam_toolbox/share/slam_toolbox/cmake/slam_toolboxConfig.cmake
[21.170s] -- Up-to-date symlink: /home/ik/aws_ws/install/slam_toolbox/share/slam_toolbox/cmake/slam_toolboxConfig-version.cmake
[21.170s] -- Up-to-date symlink: /home/ik/aws_ws/install/slam_toolbox/share/slam_toolbox/package.xml
[21.170s] -- Up-to-date: /home/ik/aws_ws/install/slam_toolbox/lib/libslam_toolbox__rosidl_generator_c.so
[21.172s] -- Up-to-date: /home/ik/aws_ws/install/slam_toolbox/lib/libslam_toolbox__rosidl_typesupport_introspection_c.so
[21.172s] -- Up-to-date: /home/ik/aws_ws/install/slam_toolbox/lib/libslam_toolbox__rosidl_typesupport_c.so
[21.172s] -- Up-to-date: /home/ik/aws_ws/install/slam_toolbox/lib/libslam_toolbox__rosidl_typesupport_introspection_cpp.so
[21.174s] -- Up-to-date: /home/ik/aws_ws/install/slam_toolbox/lib/libslam_toolbox__rosidl_typesupport_cpp.so
[21.225s] Compiling '/home/ik/aws_ws/install/slam_toolbox/lib/python3.8/site-packages/slam_toolbox/__init__.py'...
[21.234s] -- Up-to-date: /home/ik/aws_ws/install/slam_toolbox/share/slam_toolbox/cmake/slam_toolbox__rosidl_generator_cExport.cmake
[21.234s] -- Installing: /home/ik/aws_ws/install/slam_toolbox/share/slam_toolbox/cmake/slam_toolbox__rosidl_generator_cExport-release.cmake
[21.234s] -- Up-to-date: /home/ik/aws_ws/install/slam_toolbox/share/slam_toolbox/cmake/slam_toolbox__rosidl_typesupport_introspection_cExport.cmake
[21.234s] -- Installing: /home/ik/aws_ws/install/slam_toolbox/share/slam_toolbox/cmake/slam_toolbox__rosidl_typesupport_introspection_cExport-release.cmake
[21.235s] -- Up-to-date: /home/ik/aws_ws/install/slam_toolbox/share/slam_toolbox/cmake/slam_toolbox__rosidl_typesupport_cExport.cmake
[21.235s] -- Installing: /home/ik/aws_ws/install/slam_toolbox/share/slam_toolbox/cmake/slam_toolbox__rosidl_typesupport_cExport-release.cmake
[21.235s] -- Up-to-date: /home/ik/aws_ws/install/slam_toolbox/share/slam_toolbox/cmake/slam_toolbox__rosidl_generator_cppExport.cmake
[21.236s] -- Up-to-date: /home/ik/aws_ws/install/slam_toolbox/share/slam_toolbox/cmake/slam_toolbox__rosidl_typesupport_introspection_cppExport.cmake
[21.236s] -- Installing: /home/ik/aws_ws/install/slam_toolbox/share/slam_toolbox/cmake/slam_toolbox__rosidl_typesupport_introspection_cppExport-release.cmake
[21.236s] -- Up-to-date: /home/ik/aws_ws/install/slam_toolbox/share/slam_toolbox/cmake/slam_toolbox__rosidl_typesupport_cppExport.cmake
[21.236s] -- Installing: /home/ik/aws_ws/install/slam_toolbox/share/slam_toolbox/cmake/slam_toolbox__rosidl_typesupport_cppExport-release.cmake
[21.237s] -- Up-to-date: /home/ik/aws_ws/install/slam_toolbox/share/slam_toolbox/cmake/SlamToolboxPluginExport.cmake
[21.237s] -- Installing: /home/ik/aws_ws/install/slam_toolbox/share/slam_toolbox/cmake/SlamToolboxPluginExport-release.cmake
[21.244s] Invoked command in '/home/ik/aws_ws/build/slam_toolbox' returned '0': AMENT_PREFIX_PATH=/home/ik/aws_ws/install/nav2_map_server:/home/ik/aws_ws/install/nav2_util:/home/ik/aws_ws/install/nav2_msgs:/home/ik/aws_ws/install/nav2_common:${AMENT_PREFIX_PATH} CMAKE_PREFIX_PATH=/home/ik/aws_ws/install/nav2_map_server:/home/ik/aws_ws/install/nav2_util:/home/ik/aws_ws/install/nav2_msgs:/home/ik/aws_ws/install/nav2_common:/opt/ros/foxy LD_LIBRARY_PATH=/home/ik/aws_ws/install/nav2_map_server/lib:/home/ik/aws_ws/install/nav2_util/lib:/home/ik/aws_ws/install/nav2_msgs/lib:${LD_LIBRARY_PATH} PYTHONPATH=/home/ik/aws_ws/install/nav2_msgs/lib/python3.8/site-packages:/home/ik/aws_ws/install/nav2_common/lib/python3.8/site-packages:${PYTHONPATH} /usr/bin/cmake --install /home/ik/aws_ws/build/slam_toolbox
