[0.081s] Invoking command in '/home/ik/aws_ws/build/nav2_behavior_tree': CMAKE_PREFIX_PATH=/home/ik/aws_ws/install/nav2_util:/home/ik/aws_ws/install/nav2_msgs:/home/ik/aws_ws/install/nav2_common:/home/ik/aws_ws/install/nav2_system_tests:/home/ik/aws_ws/install/nav2_bringup:/home/ik/aws_ws/install/navigation2:/home/ik/aws_ws/install/smac_planner:/home/ik/aws_ws/install/nav2_dwb_controller:/home/ik/aws_ws/install/nav2_controller:/home/ik/aws_ws/install/dwb_plugins:/home/ik/aws_ws/install/dwb_critics:/home/ik/aws_ws/install/dwb_core:/home/ik/aws_ws/install/nav_2d_utils:/home/ik/aws_ws/install/dwb_msgs:/home/ik/aws_ws/install/nav_2d_msgs:/home/ik/aws_ws/install/nav2_waypoint_follower:/home/ik/aws_ws/install/nav2_regulated_pure_pursuit_controller:/home/ik/aws_ws/install/nav2_recoveries:/home/ik/aws_ws/install/nav2_planner:/home/ik/aws_ws/install/nav2_navfn_planner:/home/ik/aws_ws/install/nav2_core:/home/ik/aws_ws/install/costmap_queue:/home/ik/aws_ws/install/nav2_costmap_2d:/home/ik/aws_ws/install/nav2_voxel_grid:/home/ik/aws_ws/install/nav2_rviz_plugins:/home/ik/aws_ws/install/nav2_map_server:/home/ik/aws_ws/install/nav2_lifecycle_manager:/home/ik/aws_ws/install/nav2_bt_navigator:/home/ik/aws_ws/install/nav2_behavior_tree:/home/ik/aws_ws/install/nav2_amcl:/home/ik/aws_ws/install/turtlebot3_simulations:/home/ik/aws_ws/install/turtlebot3_gazebo:/home/ik/aws_ws/install/turtlebot3_fake_node:/home/ik/aws_ws/install/slam_toolbox:/home/ik/aws_ws/install/aws_robomaker_small_warehouse_world:/home/ik/aws_ws/install/nav2_gazebo_spawner:/opt/ros/foxy LD_LIBRARY_PATH=/home/ik/aws_ws/install/nav2_util/lib:/home/ik/aws_ws/install/nav2_msgs/lib:/home/ik/aws_ws/install/smac_planner/lib:/home/ik/aws_ws/install/nav2_controller/lib:/home/ik/aws_ws/install/dwb_plugins/lib:/home/ik/aws_ws/install/dwb_critics/lib:/home/ik/aws_ws/install/dwb_core/lib:/home/ik/aws_ws/install/nav_2d_utils/lib:/home/ik/aws_ws/install/dwb_msgs/lib:/home/ik/aws_ws/install/nav_2d_msgs/lib:/home/ik/aws_ws/install/nav2_waypoint_follower/lib:/home/ik/aws_ws/install/nav2_regulated_pure_pursuit_controller/lib:/home/ik/aws_ws/install/nav2_recoveries/lib:/home/ik/aws_ws/install/nav2_planner/lib:/home/ik/aws_ws/install/nav2_navfn_planner/lib:/home/ik/aws_ws/install/costmap_queue/lib:/home/ik/aws_ws/install/nav2_costmap_2d/lib:/home/ik/aws_ws/install/nav2_voxel_grid/lib:/home/ik/aws_ws/install/nav2_rviz_plugins/lib:/home/ik/aws_ws/install/nav2_map_server/lib:/home/ik/aws_ws/install/nav2_lifecycle_manager/lib:/home/ik/aws_ws/install/nav2_bt_navigator/lib:/home/ik/aws_ws/install/nav2_behavior_tree/lib:/home/ik/aws_ws/install/nav2_amcl/lib:/home/ik/aws_ws/install/slam_toolbox/lib:/usr/lib/x86_64-linux-gnu/gazebo-11/plugins:/opt/ros/foxy/opt/yaml_cpp_vendor/lib:/opt/ros/foxy/opt/rviz_ogre_vendor/lib:/opt/ros/foxy/lib/x86_64-linux-gnu:/opt/ros/foxy/lib:/usr/share/gazebo/../../lib/x86_64-linux-gnu/gazebo-11/plugins:/usr/share/gazebo/../../lib/x86_64-linux-gnu/gazebo-11/plugins:/usr/share/gazebo/../../lib/x86_64-linux-gnu/gazebo-11/plugins PYTHONPATH=/home/ik/aws_ws/install/nav2_msgs/lib/python3.8/site-packages:/home/ik/aws_ws/install/nav2_common/lib/python3.8/site-packages:/home/ik/aws_ws/install/dwb_msgs/lib/python3.8/site-packages:/home/ik/aws_ws/install/nav_2d_msgs/lib/python3.8/site-packages:/home/ik/aws_ws/build/nav2_gazebo_spawner:/home/ik/aws_ws/install/nav2_gazebo_spawner/lib/python3.8/site-packages:/home/ik/aws_ws/install/slam_toolbox/lib/python3.8/site-packages:/opt/ros/foxy/lib/python3.8/site-packages /usr/bin/cmake /home/ik/aws_ws/src/navigation2/nav2_behavior_tree -DCMAKE_INSTALL_PREFIX=/home/ik/aws_ws/install/nav2_behavior_tree
[0.099s] -- Found ament_cmake: 0.9.11 (/opt/ros/foxy/share/ament_cmake/cmake)
[0.125s] -- Using PYTHON_EXECUTABLE: /usr/bin/python3
[0.332s] -- Override CMake install command with custom implementation using symlinks instead of copying resources
[0.340s] -- Found nav2_common: 0.4.7 (/home/ik/aws_ws/install/nav2_common/share/nav2_common/cmake)
[0.340s] -- Found rclcpp: 2.4.2 (/opt/ros/foxy/share/rclcpp/cmake)
[0.387s] -- Using all available rosidl_typesupport_c: rosidl_typesupport_fastrtps_c;rosidl_typesupport_introspection_c
[0.388s] -- Found rosidl_adapter: 1.3.0 (/opt/ros/foxy/share/rosidl_adapter/cmake)
[0.537s] -- Using all available rosidl_typesupport_cpp: rosidl_typesupport_fastrtps_cpp;rosidl_typesupport_introspection_cpp
[0.591s] -- Found rmw_implementation_cmake: 1.0.4 (/opt/ros/foxy/share/rmw_implementation_cmake/cmake)
[0.594s] -- Using RMW implementation 'rmw_fastrtps_cpp' as default
[0.753s] -- Found rclcpp_action: 2.4.2 (/opt/ros/foxy/share/rclcpp_action/cmake)
[0.841s] -- Found rclcpp_lifecycle: 2.4.2 (/opt/ros/foxy/share/rclcpp_lifecycle/cmake)
[0.882s] -- Found geometry_msgs: 2.0.5 (/opt/ros/foxy/share/geometry_msgs/cmake)
[0.926s] -- Found sensor_msgs: 2.0.5 (/opt/ros/foxy/share/sensor_msgs/cmake)
[1.015s] -- Found nav2_msgs: 0.4.7 (/home/ik/aws_ws/install/nav2_msgs/share/nav2_msgs/cmake)
[1.399s] -- Found tf2_ros: 0.13.14 (/opt/ros/foxy/share/tf2_ros/cmake)
[1.716s] -- Found tf2_geometry_msgs: 0.13.14 (/opt/ros/foxy/share/tf2_geometry_msgs/cmake)
[1.723s] -- Found eigen3_cmake_module: 0.1.1 (/opt/ros/foxy/share/eigen3_cmake_module/cmake)
[1.757s] -- Found std_srvs: 2.0.5 (/opt/ros/foxy/share/std_srvs/cmake)
[1.768s] -- Found nav2_util: 0.4.7 (/home/ik/aws_ws/install/nav2_util/share/nav2_util/cmake)
[6.854s] -- Found ament_lint_auto: 0.9.8 (/opt/ros/foxy/share/ament_lint_auto/cmake)
[6.933s] -- Found ament_cmake_gtest: 0.9.11 (/opt/ros/foxy/share/ament_cmake_gtest/cmake)
[6.935s] -- Found gtest sources under '/opt/ros/foxy/src/gtest_vendor': C++ tests using 'Google Test' will be built
[11.537s] -- Added test 'copyright' to check source files copyright and LICENSE
[11.542s] -- Added test 'cppcheck' to perform static code analysis on C / C++ code
[11.546s] -- Configured cppcheck include dirs: /home/ik/aws_ws/src/navigation2/nav2_behavior_tree/include
[11.546s] -- Configured cppcheck exclude dirs and/or files: 
[11.551s] -- Added test 'cpplint' to check C / C++ code against the Google style
[11.551s] -- Configured cpplint exclude dirs and/or files: 
[11.554s] -- Added test 'lint_cmake' to check CMake code style
[11.560s] -- Added test 'uncrustify' to check C / C++ code style
[11.560s] -- Configured uncrustify additional arguments: 
[11.561s] -- Added test 'xmllint' to check XML markup files
[11.576s] -- Configuring done
[13.260s] -- Generating done
[13.270s] -- Build files have been written to: /home/ik/aws_ws/build/nav2_behavior_tree
[13.303s] Invoked command in '/home/ik/aws_ws/build/nav2_behavior_tree' returned '0': CMAKE_PREFIX_PATH=/home/ik/aws_ws/install/nav2_util:/home/ik/aws_ws/install/nav2_msgs:/home/ik/aws_ws/install/nav2_common:/home/ik/aws_ws/install/nav2_system_tests:/home/ik/aws_ws/install/nav2_bringup:/home/ik/aws_ws/install/navigation2:/home/ik/aws_ws/install/smac_planner:/home/ik/aws_ws/install/nav2_dwb_controller:/home/ik/aws_ws/install/nav2_controller:/home/ik/aws_ws/install/dwb_plugins:/home/ik/aws_ws/install/dwb_critics:/home/ik/aws_ws/install/dwb_core:/home/ik/aws_ws/install/nav_2d_utils:/home/ik/aws_ws/install/dwb_msgs:/home/ik/aws_ws/install/nav_2d_msgs:/home/ik/aws_ws/install/nav2_waypoint_follower:/home/ik/aws_ws/install/nav2_regulated_pure_pursuit_controller:/home/ik/aws_ws/install/nav2_recoveries:/home/ik/aws_ws/install/nav2_planner:/home/ik/aws_ws/install/nav2_navfn_planner:/home/ik/aws_ws/install/nav2_core:/home/ik/aws_ws/install/costmap_queue:/home/ik/aws_ws/install/nav2_costmap_2d:/home/ik/aws_ws/install/nav2_voxel_grid:/home/ik/aws_ws/install/nav2_rviz_plugins:/home/ik/aws_ws/install/nav2_map_server:/home/ik/aws_ws/install/nav2_lifecycle_manager:/home/ik/aws_ws/install/nav2_bt_navigator:/home/ik/aws_ws/install/nav2_behavior_tree:/home/ik/aws_ws/install/nav2_amcl:/home/ik/aws_ws/install/turtlebot3_simulations:/home/ik/aws_ws/install/turtlebot3_gazebo:/home/ik/aws_ws/install/turtlebot3_fake_node:/home/ik/aws_ws/install/slam_toolbox:/home/ik/aws_ws/install/aws_robomaker_small_warehouse_world:/home/ik/aws_ws/install/nav2_gazebo_spawner:/opt/ros/foxy LD_LIBRARY_PATH=/home/ik/aws_ws/install/nav2_util/lib:/home/ik/aws_ws/install/nav2_msgs/lib:/home/ik/aws_ws/install/smac_planner/lib:/home/ik/aws_ws/install/nav2_controller/lib:/home/ik/aws_ws/install/dwb_plugins/lib:/home/ik/aws_ws/install/dwb_critics/lib:/home/ik/aws_ws/install/dwb_core/lib:/home/ik/aws_ws/install/nav_2d_utils/lib:/home/ik/aws_ws/install/dwb_msgs/lib:/home/ik/aws_ws/install/nav_2d_msgs/lib:/home/ik/aws_ws/install/nav2_waypoint_follower/lib:/home/ik/aws_ws/install/nav2_regulated_pure_pursuit_controller/lib:/home/ik/aws_ws/install/nav2_recoveries/lib:/home/ik/aws_ws/install/nav2_planner/lib:/home/ik/aws_ws/install/nav2_navfn_planner/lib:/home/ik/aws_ws/install/costmap_queue/lib:/home/ik/aws_ws/install/nav2_costmap_2d/lib:/home/ik/aws_ws/install/nav2_voxel_grid/lib:/home/ik/aws_ws/install/nav2_rviz_plugins/lib:/home/ik/aws_ws/install/nav2_map_server/lib:/home/ik/aws_ws/install/nav2_lifecycle_manager/lib:/home/ik/aws_ws/install/nav2_bt_navigator/lib:/home/ik/aws_ws/install/nav2_behavior_tree/lib:/home/ik/aws_ws/install/nav2_amcl/lib:/home/ik/aws_ws/install/slam_toolbox/lib:/usr/lib/x86_64-linux-gnu/gazebo-11/plugins:/opt/ros/foxy/opt/yaml_cpp_vendor/lib:/opt/ros/foxy/opt/rviz_ogre_vendor/lib:/opt/ros/foxy/lib/x86_64-linux-gnu:/opt/ros/foxy/lib:/usr/share/gazebo/../../lib/x86_64-linux-gnu/gazebo-11/plugins:/usr/share/gazebo/../../lib/x86_64-linux-gnu/gazebo-11/plugins:/usr/share/gazebo/../../lib/x86_64-linux-gnu/gazebo-11/plugins PYTHONPATH=/home/ik/aws_ws/install/nav2_msgs/lib/python3.8/site-packages:/home/ik/aws_ws/install/nav2_common/lib/python3.8/site-packages:/home/ik/aws_ws/install/dwb_msgs/lib/python3.8/site-packages:/home/ik/aws_ws/install/nav_2d_msgs/lib/python3.8/site-packages:/home/ik/aws_ws/build/nav2_gazebo_spawner:/home/ik/aws_ws/install/nav2_gazebo_spawner/lib/python3.8/site-packages:/home/ik/aws_ws/install/slam_toolbox/lib/python3.8/site-packages:/opt/ros/foxy/lib/python3.8/site-packages /usr/bin/cmake /home/ik/aws_ws/src/navigation2/nav2_behavior_tree -DCMAKE_INSTALL_PREFIX=/home/ik/aws_ws/install/nav2_behavior_tree
[13.304s] Invoking command in '/home/ik/aws_ws/build/nav2_behavior_tree': CMAKE_PREFIX_PATH=/home/ik/aws_ws/install/nav2_util:/home/ik/aws_ws/install/nav2_msgs:/home/ik/aws_ws/install/nav2_common:/home/ik/aws_ws/install/nav2_system_tests:/home/ik/aws_ws/install/nav2_bringup:/home/ik/aws_ws/install/navigation2:/home/ik/aws_ws/install/smac_planner:/home/ik/aws_ws/install/nav2_dwb_controller:/home/ik/aws_ws/install/nav2_controller:/home/ik/aws_ws/install/dwb_plugins:/home/ik/aws_ws/install/dwb_critics:/home/ik/aws_ws/install/dwb_core:/home/ik/aws_ws/install/nav_2d_utils:/home/ik/aws_ws/install/dwb_msgs:/home/ik/aws_ws/install/nav_2d_msgs:/home/ik/aws_ws/install/nav2_waypoint_follower:/home/ik/aws_ws/install/nav2_regulated_pure_pursuit_controller:/home/ik/aws_ws/install/nav2_recoveries:/home/ik/aws_ws/install/nav2_planner:/home/ik/aws_ws/install/nav2_navfn_planner:/home/ik/aws_ws/install/nav2_core:/home/ik/aws_ws/install/costmap_queue:/home/ik/aws_ws/install/nav2_costmap_2d:/home/ik/aws_ws/install/nav2_voxel_grid:/home/ik/aws_ws/install/nav2_rviz_plugins:/home/ik/aws_ws/install/nav2_map_server:/home/ik/aws_ws/install/nav2_lifecycle_manager:/home/ik/aws_ws/install/nav2_bt_navigator:/home/ik/aws_ws/install/nav2_behavior_tree:/home/ik/aws_ws/install/nav2_amcl:/home/ik/aws_ws/install/turtlebot3_simulations:/home/ik/aws_ws/install/turtlebot3_gazebo:/home/ik/aws_ws/install/turtlebot3_fake_node:/home/ik/aws_ws/install/slam_toolbox:/home/ik/aws_ws/install/aws_robomaker_small_warehouse_world:/home/ik/aws_ws/install/nav2_gazebo_spawner:/opt/ros/foxy LD_LIBRARY_PATH=/home/ik/aws_ws/install/nav2_util/lib:/home/ik/aws_ws/install/nav2_msgs/lib:/home/ik/aws_ws/install/smac_planner/lib:/home/ik/aws_ws/install/nav2_controller/lib:/home/ik/aws_ws/install/dwb_plugins/lib:/home/ik/aws_ws/install/dwb_critics/lib:/home/ik/aws_ws/install/dwb_core/lib:/home/ik/aws_ws/install/nav_2d_utils/lib:/home/ik/aws_ws/install/dwb_msgs/lib:/home/ik/aws_ws/install/nav_2d_msgs/lib:/home/ik/aws_ws/install/nav2_waypoint_follower/lib:/home/ik/aws_ws/install/nav2_regulated_pure_pursuit_controller/lib:/home/ik/aws_ws/install/nav2_recoveries/lib:/home/ik/aws_ws/install/nav2_planner/lib:/home/ik/aws_ws/install/nav2_navfn_planner/lib:/home/ik/aws_ws/install/costmap_queue/lib:/home/ik/aws_ws/install/nav2_costmap_2d/lib:/home/ik/aws_ws/install/nav2_voxel_grid/lib:/home/ik/aws_ws/install/nav2_rviz_plugins/lib:/home/ik/aws_ws/install/nav2_map_server/lib:/home/ik/aws_ws/install/nav2_lifecycle_manager/lib:/home/ik/aws_ws/install/nav2_bt_navigator/lib:/home/ik/aws_ws/install/nav2_behavior_tree/lib:/home/ik/aws_ws/install/nav2_amcl/lib:/home/ik/aws_ws/install/slam_toolbox/lib:/usr/lib/x86_64-linux-gnu/gazebo-11/plugins:/opt/ros/foxy/opt/yaml_cpp_vendor/lib:/opt/ros/foxy/opt/rviz_ogre_vendor/lib:/opt/ros/foxy/lib/x86_64-linux-gnu:/opt/ros/foxy/lib:/usr/share/gazebo/../../lib/x86_64-linux-gnu/gazebo-11/plugins:/usr/share/gazebo/../../lib/x86_64-linux-gnu/gazebo-11/plugins:/usr/share/gazebo/../../lib/x86_64-linux-gnu/gazebo-11/plugins PYTHONPATH=/home/ik/aws_ws/install/nav2_msgs/lib/python3.8/site-packages:/home/ik/aws_ws/install/nav2_common/lib/python3.8/site-packages:/home/ik/aws_ws/install/dwb_msgs/lib/python3.8/site-packages:/home/ik/aws_ws/install/nav_2d_msgs/lib/python3.8/site-packages:/home/ik/aws_ws/build/nav2_gazebo_spawner:/home/ik/aws_ws/install/nav2_gazebo_spawner/lib/python3.8/site-packages:/home/ik/aws_ws/install/slam_toolbox/lib/python3.8/site-packages:/opt/ros/foxy/lib/python3.8/site-packages /usr/bin/cmake --build /home/ik/aws_ws/build/nav2_behavior_tree -- -j8 -l8
[13.450s] [  2%] Built target nav2_pipeline_sequence_bt_node
[13.457s] [  4%] Built target nav2_transform_available_condition_bt_node
[13.462s] [  6%] Built target nav2_wait_action_bt_node
[13.465s] [  8%] Built target nav2_spin_action_bt_node
[13.491s] [ 10%] Built target nav2_goal_updated_condition_bt_node
[13.493s] [ 12%] Built target nav2_compute_path_to_pose_action_bt_node
[13.538s] [ 14%] Built target nav2_is_stuck_condition_bt_node
[13.553s] [ 16%] Built target nav2_behavior_tree
[13.568s] [ 18%] Built target nav2_goal_updater_node_bt_node
[13.572s] [ 20%] Built target nav2_follow_path_action_bt_node
[13.584s] [ 22%] Built target nav2_goal_reached_condition_bt_node
[13.592s] [ 24%] Built target nav2_initial_pose_received_condition_bt_node
[13.642s] [ 26%] Built target nav2_time_expired_condition_bt_node
[13.658s] [ 28%] Built target nav2_distance_traveled_condition_bt_node
[13.673s] [ 30%] Built target nav2_is_battery_low_condition_bt_node
[13.676s] [ 32%] Built target nav2_reinitialize_global_localization_service_bt_node
[13.681s] [ 34%] Built target nav2_distance_controller_bt_node
[13.687s] [ 36%] Built target nav2_rate_controller_bt_node
[13.690s] [ 38%] Built target nav2_round_robin_node_bt_node
[13.776s] [ 40%] Built target nav2_speed_controller_bt_node
[13.778s] [ 42%] Built target nav2_truncate_path_action_bt_node
[13.782s] [ 44%] Built target nav2_clear_costmap_service_bt_node
[13.790s] [ 46%] Built target nav2_navigate_to_pose_action_bt_node
[13.791s] [ 48%] Built target nav2_back_up_action_bt_node
[13.802s] [ 51%] Built target nav2_recovery_node_bt_node
[13.805s] [ 53%] Built target gtest
[13.826s] [ 55%] Built target gtest_main
[13.914s] [ 59%] Built target test_condition_distance_traveled
[13.914s] [ 59%] Built target test_bt_conversions
[13.928s] [ 61%] Built target test_condition_time_expired
[13.928s] [ 63%] Built target test_condition_goal_updated
[13.928s] [ 65%] Built target test_condition_initial_pose_received
[13.941s] [ 67%] Built target test_condition_is_battery_low
[14.038s] [ 69%] Built target test_condition_transform_available
[14.053s] [ 71%] Built target test_condition_is_stuck
[14.060s] [ 73%] Built target test_condition_goal_reached
[14.068s] [ 75%] Built target test_decorator_speed_controller
[14.069s] [ 77%] Built target test_decorator_rate_controller
[14.074s] [ 79%] Built target test_goal_updater_node
[14.082s] [ 81%] Built target test_decorator_distance_controller
[14.169s] [ 83%] Built target test_control_round_robin_node
[14.184s] [ 85%] Built target test_control_pipeline_sequence
[14.192s] [ 87%] Built target test_truncate_path_action
[14.197s] [ 89%] Built target test_control_recovery_node
[14.199s] [ 91%] Built target test_action_follow_path_action
[14.210s] [ 93%] Built target test_action_navigate_to_pose_action
[14.210s] [ 95%] Built target test_action_compute_path_to_pose_action
[14.250s] [ 97%] Built target test_action_clear_costmap_service
[14.264s] [100%] Built target test_action_reinitialize_global_localization_service
[14.305s] Invoked command in '/home/ik/aws_ws/build/nav2_behavior_tree' returned '0': CMAKE_PREFIX_PATH=/home/ik/aws_ws/install/nav2_util:/home/ik/aws_ws/install/nav2_msgs:/home/ik/aws_ws/install/nav2_common:/home/ik/aws_ws/install/nav2_system_tests:/home/ik/aws_ws/install/nav2_bringup:/home/ik/aws_ws/install/navigation2:/home/ik/aws_ws/install/smac_planner:/home/ik/aws_ws/install/nav2_dwb_controller:/home/ik/aws_ws/install/nav2_controller:/home/ik/aws_ws/install/dwb_plugins:/home/ik/aws_ws/install/dwb_critics:/home/ik/aws_ws/install/dwb_core:/home/ik/aws_ws/install/nav_2d_utils:/home/ik/aws_ws/install/dwb_msgs:/home/ik/aws_ws/install/nav_2d_msgs:/home/ik/aws_ws/install/nav2_waypoint_follower:/home/ik/aws_ws/install/nav2_regulated_pure_pursuit_controller:/home/ik/aws_ws/install/nav2_recoveries:/home/ik/aws_ws/install/nav2_planner:/home/ik/aws_ws/install/nav2_navfn_planner:/home/ik/aws_ws/install/nav2_core:/home/ik/aws_ws/install/costmap_queue:/home/ik/aws_ws/install/nav2_costmap_2d:/home/ik/aws_ws/install/nav2_voxel_grid:/home/ik/aws_ws/install/nav2_rviz_plugins:/home/ik/aws_ws/install/nav2_map_server:/home/ik/aws_ws/install/nav2_lifecycle_manager:/home/ik/aws_ws/install/nav2_bt_navigator:/home/ik/aws_ws/install/nav2_behavior_tree:/home/ik/aws_ws/install/nav2_amcl:/home/ik/aws_ws/install/turtlebot3_simulations:/home/ik/aws_ws/install/turtlebot3_gazebo:/home/ik/aws_ws/install/turtlebot3_fake_node:/home/ik/aws_ws/install/slam_toolbox:/home/ik/aws_ws/install/aws_robomaker_small_warehouse_world:/home/ik/aws_ws/install/nav2_gazebo_spawner:/opt/ros/foxy LD_LIBRARY_PATH=/home/ik/aws_ws/install/nav2_util/lib:/home/ik/aws_ws/install/nav2_msgs/lib:/home/ik/aws_ws/install/smac_planner/lib:/home/ik/aws_ws/install/nav2_controller/lib:/home/ik/aws_ws/install/dwb_plugins/lib:/home/ik/aws_ws/install/dwb_critics/lib:/home/ik/aws_ws/install/dwb_core/lib:/home/ik/aws_ws/install/nav_2d_utils/lib:/home/ik/aws_ws/install/dwb_msgs/lib:/home/ik/aws_ws/install/nav_2d_msgs/lib:/home/ik/aws_ws/install/nav2_waypoint_follower/lib:/home/ik/aws_ws/install/nav2_regulated_pure_pursuit_controller/lib:/home/ik/aws_ws/install/nav2_recoveries/lib:/home/ik/aws_ws/install/nav2_planner/lib:/home/ik/aws_ws/install/nav2_navfn_planner/lib:/home/ik/aws_ws/install/costmap_queue/lib:/home/ik/aws_ws/install/nav2_costmap_2d/lib:/home/ik/aws_ws/install/nav2_voxel_grid/lib:/home/ik/aws_ws/install/nav2_rviz_plugins/lib:/home/ik/aws_ws/install/nav2_map_server/lib:/home/ik/aws_ws/install/nav2_lifecycle_manager/lib:/home/ik/aws_ws/install/nav2_bt_navigator/lib:/home/ik/aws_ws/install/nav2_behavior_tree/lib:/home/ik/aws_ws/install/nav2_amcl/lib:/home/ik/aws_ws/install/slam_toolbox/lib:/usr/lib/x86_64-linux-gnu/gazebo-11/plugins:/opt/ros/foxy/opt/yaml_cpp_vendor/lib:/opt/ros/foxy/opt/rviz_ogre_vendor/lib:/opt/ros/foxy/lib/x86_64-linux-gnu:/opt/ros/foxy/lib:/usr/share/gazebo/../../lib/x86_64-linux-gnu/gazebo-11/plugins:/usr/share/gazebo/../../lib/x86_64-linux-gnu/gazebo-11/plugins:/usr/share/gazebo/../../lib/x86_64-linux-gnu/gazebo-11/plugins PYTHONPATH=/home/ik/aws_ws/install/nav2_msgs/lib/python3.8/site-packages:/home/ik/aws_ws/install/nav2_common/lib/python3.8/site-packages:/home/ik/aws_ws/install/dwb_msgs/lib/python3.8/site-packages:/home/ik/aws_ws/install/nav_2d_msgs/lib/python3.8/site-packages:/home/ik/aws_ws/build/nav2_gazebo_spawner:/home/ik/aws_ws/install/nav2_gazebo_spawner/lib/python3.8/site-packages:/home/ik/aws_ws/install/slam_toolbox/lib/python3.8/site-packages:/opt/ros/foxy/lib/python3.8/site-packages /usr/bin/cmake --build /home/ik/aws_ws/build/nav2_behavior_tree -- -j8 -l8
[14.577s] Invoking command in '/home/ik/aws_ws/build/nav2_behavior_tree': CMAKE_PREFIX_PATH=/home/ik/aws_ws/install/nav2_util:/home/ik/aws_ws/install/nav2_msgs:/home/ik/aws_ws/install/nav2_common:/home/ik/aws_ws/install/nav2_system_tests:/home/ik/aws_ws/install/nav2_bringup:/home/ik/aws_ws/install/navigation2:/home/ik/aws_ws/install/smac_planner:/home/ik/aws_ws/install/nav2_dwb_controller:/home/ik/aws_ws/install/nav2_controller:/home/ik/aws_ws/install/dwb_plugins:/home/ik/aws_ws/install/dwb_critics:/home/ik/aws_ws/install/dwb_core:/home/ik/aws_ws/install/nav_2d_utils:/home/ik/aws_ws/install/dwb_msgs:/home/ik/aws_ws/install/nav_2d_msgs:/home/ik/aws_ws/install/nav2_waypoint_follower:/home/ik/aws_ws/install/nav2_regulated_pure_pursuit_controller:/home/ik/aws_ws/install/nav2_recoveries:/home/ik/aws_ws/install/nav2_planner:/home/ik/aws_ws/install/nav2_navfn_planner:/home/ik/aws_ws/install/nav2_core:/home/ik/aws_ws/install/costmap_queue:/home/ik/aws_ws/install/nav2_costmap_2d:/home/ik/aws_ws/install/nav2_voxel_grid:/home/ik/aws_ws/install/nav2_rviz_plugins:/home/ik/aws_ws/install/nav2_map_server:/home/ik/aws_ws/install/nav2_lifecycle_manager:/home/ik/aws_ws/install/nav2_bt_navigator:/home/ik/aws_ws/install/nav2_behavior_tree:/home/ik/aws_ws/install/nav2_amcl:/home/ik/aws_ws/install/turtlebot3_simulations:/home/ik/aws_ws/install/turtlebot3_gazebo:/home/ik/aws_ws/install/turtlebot3_fake_node:/home/ik/aws_ws/install/slam_toolbox:/home/ik/aws_ws/install/aws_robomaker_small_warehouse_world:/home/ik/aws_ws/install/nav2_gazebo_spawner:/opt/ros/foxy LD_LIBRARY_PATH=/home/ik/aws_ws/install/nav2_util/lib:/home/ik/aws_ws/install/nav2_msgs/lib:/home/ik/aws_ws/install/smac_planner/lib:/home/ik/aws_ws/install/nav2_controller/lib:/home/ik/aws_ws/install/dwb_plugins/lib:/home/ik/aws_ws/install/dwb_critics/lib:/home/ik/aws_ws/install/dwb_core/lib:/home/ik/aws_ws/install/nav_2d_utils/lib:/home/ik/aws_ws/install/dwb_msgs/lib:/home/ik/aws_ws/install/nav_2d_msgs/lib:/home/ik/aws_ws/install/nav2_waypoint_follower/lib:/home/ik/aws_ws/install/nav2_regulated_pure_pursuit_controller/lib:/home/ik/aws_ws/install/nav2_recoveries/lib:/home/ik/aws_ws/install/nav2_planner/lib:/home/ik/aws_ws/install/nav2_navfn_planner/lib:/home/ik/aws_ws/install/costmap_queue/lib:/home/ik/aws_ws/install/nav2_costmap_2d/lib:/home/ik/aws_ws/install/nav2_voxel_grid/lib:/home/ik/aws_ws/install/nav2_rviz_plugins/lib:/home/ik/aws_ws/install/nav2_map_server/lib:/home/ik/aws_ws/install/nav2_lifecycle_manager/lib:/home/ik/aws_ws/install/nav2_bt_navigator/lib:/home/ik/aws_ws/install/nav2_behavior_tree/lib:/home/ik/aws_ws/install/nav2_amcl/lib:/home/ik/aws_ws/install/slam_toolbox/lib:/usr/lib/x86_64-linux-gnu/gazebo-11/plugins:/opt/ros/foxy/opt/yaml_cpp_vendor/lib:/opt/ros/foxy/opt/rviz_ogre_vendor/lib:/opt/ros/foxy/lib/x86_64-linux-gnu:/opt/ros/foxy/lib:/usr/share/gazebo/../../lib/x86_64-linux-gnu/gazebo-11/plugins:/usr/share/gazebo/../../lib/x86_64-linux-gnu/gazebo-11/plugins:/usr/share/gazebo/../../lib/x86_64-linux-gnu/gazebo-11/plugins PYTHONPATH=/home/ik/aws_ws/install/nav2_msgs/lib/python3.8/site-packages:/home/ik/aws_ws/install/nav2_common/lib/python3.8/site-packages:/home/ik/aws_ws/install/dwb_msgs/lib/python3.8/site-packages:/home/ik/aws_ws/install/nav_2d_msgs/lib/python3.8/site-packages:/home/ik/aws_ws/build/nav2_gazebo_spawner:/home/ik/aws_ws/install/nav2_gazebo_spawner/lib/python3.8/site-packages:/home/ik/aws_ws/install/slam_toolbox/lib/python3.8/site-packages:/opt/ros/foxy/lib/python3.8/site-packages /usr/bin/cmake --install /home/ik/aws_ws/build/nav2_behavior_tree
[14.592s] -- Install configuration: "Release"
[14.593s] -- Execute custom install script
[14.593s] -- Up-to-date symlink: /home/ik/aws_ws/install/nav2_behavior_tree/lib/libnav2_behavior_tree.so
[14.594s] -- Up-to-date symlink: /home/ik/aws_ws/install/nav2_behavior_tree/lib/libnav2_compute_path_to_pose_action_bt_node.so
[14.594s] -- Up-to-date symlink: /home/ik/aws_ws/install/nav2_behavior_tree/lib/libnav2_follow_path_action_bt_node.so
[14.594s] -- Up-to-date symlink: /home/ik/aws_ws/install/nav2_behavior_tree/lib/libnav2_back_up_action_bt_node.so
[14.594s] -- Up-to-date symlink: /home/ik/aws_ws/install/nav2_behavior_tree/lib/libnav2_spin_action_bt_node.so
[14.595s] -- Up-to-date symlink: /home/ik/aws_ws/install/nav2_behavior_tree/lib/libnav2_wait_action_bt_node.so
[14.595s] -- Up-to-date symlink: /home/ik/aws_ws/install/nav2_behavior_tree/lib/libnav2_clear_costmap_service_bt_node.so
[14.595s] -- Up-to-date symlink: /home/ik/aws_ws/install/nav2_behavior_tree/lib/libnav2_is_stuck_condition_bt_node.so
[14.595s] -- Up-to-date symlink: /home/ik/aws_ws/install/nav2_behavior_tree/lib/libnav2_transform_available_condition_bt_node.so
[14.596s] -- Up-to-date symlink: /home/ik/aws_ws/install/nav2_behavior_tree/lib/libnav2_goal_reached_condition_bt_node.so
[14.596s] -- Up-to-date symlink: /home/ik/aws_ws/install/nav2_behavior_tree/lib/libnav2_goal_updated_condition_bt_node.so
[14.596s] -- Up-to-date symlink: /home/ik/aws_ws/install/nav2_behavior_tree/lib/libnav2_time_expired_condition_bt_node.so
[14.596s] -- Up-to-date symlink: /home/ik/aws_ws/install/nav2_behavior_tree/lib/libnav2_distance_traveled_condition_bt_node.so
[14.596s] -- Up-to-date symlink: /home/ik/aws_ws/install/nav2_behavior_tree/lib/libnav2_initial_pose_received_condition_bt_node.so
[14.597s] -- Up-to-date symlink: /home/ik/aws_ws/install/nav2_behavior_tree/lib/libnav2_is_battery_low_condition_bt_node.so
[14.597s] -- Up-to-date symlink: /home/ik/aws_ws/install/nav2_behavior_tree/lib/libnav2_reinitialize_global_localization_service_bt_node.so
[14.597s] -- Up-to-date symlink: /home/ik/aws_ws/install/nav2_behavior_tree/lib/libnav2_rate_controller_bt_node.so
[14.597s] -- Up-to-date symlink: /home/ik/aws_ws/install/nav2_behavior_tree/lib/libnav2_distance_controller_bt_node.so
[14.597s] -- Up-to-date symlink: /home/ik/aws_ws/install/nav2_behavior_tree/lib/libnav2_speed_controller_bt_node.so
[14.598s] -- Up-to-date symlink: /home/ik/aws_ws/install/nav2_behavior_tree/lib/libnav2_truncate_path_action_bt_node.so
[14.601s] -- Up-to-date symlink: /home/ik/aws_ws/install/nav2_behavior_tree/lib/libnav2_goal_updater_node_bt_node.so
[14.602s] -- Up-to-date symlink: /home/ik/aws_ws/install/nav2_behavior_tree/lib/libnav2_recovery_node_bt_node.so
[14.602s] -- Up-to-date symlink: /home/ik/aws_ws/install/nav2_behavior_tree/lib/libnav2_navigate_to_pose_action_bt_node.so
[14.602s] -- Up-to-date symlink: /home/ik/aws_ws/install/nav2_behavior_tree/lib/libnav2_pipeline_sequence_bt_node.so
[14.602s] -- Up-to-date symlink: /home/ik/aws_ws/install/nav2_behavior_tree/lib/libnav2_round_robin_node_bt_node.so
[14.602s] -- Up-to-date symlink: /home/ik/aws_ws/install/nav2_behavior_tree/include//nav2_behavior_tree/behavior_tree_engine.hpp
[14.602s] -- Up-to-date symlink: /home/ik/aws_ws/install/nav2_behavior_tree/include//nav2_behavior_tree/bt_action_node.hpp
[14.602s] -- Up-to-date symlink: /home/ik/aws_ws/install/nav2_behavior_tree/include//nav2_behavior_tree/bt_conversions.hpp
[14.603s] -- Up-to-date symlink: /home/ik/aws_ws/install/nav2_behavior_tree/include//nav2_behavior_tree/bt_service_node.hpp
[14.603s] -- Up-to-date symlink: /home/ik/aws_ws/install/nav2_behavior_tree/include//nav2_behavior_tree/plugins/action/back_up_action.hpp
[14.603s] -- Up-to-date symlink: /home/ik/aws_ws/install/nav2_behavior_tree/include//nav2_behavior_tree/plugins/action/clear_costmap_service.hpp
[14.603s] -- Up-to-date symlink: /home/ik/aws_ws/install/nav2_behavior_tree/include//nav2_behavior_tree/plugins/action/compute_path_to_pose_action.hpp
[14.603s] -- Up-to-date symlink: /home/ik/aws_ws/install/nav2_behavior_tree/include//nav2_behavior_tree/plugins/action/follow_path_action.hpp
[14.603s] -- Up-to-date symlink: /home/ik/aws_ws/install/nav2_behavior_tree/include//nav2_behavior_tree/plugins/action/navigate_to_pose_action.hpp
[14.603s] -- Up-to-date symlink: /home/ik/aws_ws/install/nav2_behavior_tree/include//nav2_behavior_tree/plugins/action/reinitialize_global_localization_service.hpp
[14.603s] -- Up-to-date symlink: /home/ik/aws_ws/install/nav2_behavior_tree/include//nav2_behavior_tree/plugins/action/spin_action.hpp
[14.603s] -- Up-to-date symlink: /home/ik/aws_ws/install/nav2_behavior_tree/include//nav2_behavior_tree/plugins/action/truncate_path_action.hpp
[14.603s] -- Up-to-date symlink: /home/ik/aws_ws/install/nav2_behavior_tree/include//nav2_behavior_tree/plugins/action/wait_action.hpp
[14.603s] -- Up-to-date symlink: /home/ik/aws_ws/install/nav2_behavior_tree/include//nav2_behavior_tree/plugins/condition/distance_traveled_condition.hpp
[14.603s] -- Up-to-date symlink: /home/ik/aws_ws/install/nav2_behavior_tree/include//nav2_behavior_tree/plugins/condition/goal_reached_condition.hpp
[14.603s] -- Up-to-date symlink: /home/ik/aws_ws/install/nav2_behavior_tree/include//nav2_behavior_tree/plugins/condition/goal_updated_condition.hpp
[14.603s] -- Up-to-date symlink: /home/ik/aws_ws/install/nav2_behavior_tree/include//nav2_behavior_tree/plugins/condition/initial_pose_received_condition.hpp
[14.604s] -- Up-to-date symlink: /home/ik/aws_ws/install/nav2_behavior_tree/include//nav2_behavior_tree/plugins/condition/is_battery_low_condition.hpp
[14.604s] -- Up-to-date symlink: /home/ik/aws_ws/install/nav2_behavior_tree/include//nav2_behavior_tree/plugins/condition/is_stuck_condition.hpp
[14.604s] -- Up-to-date symlink: /home/ik/aws_ws/install/nav2_behavior_tree/include//nav2_behavior_tree/plugins/condition/time_expired_condition.hpp
[14.604s] -- Up-to-date symlink: /home/ik/aws_ws/install/nav2_behavior_tree/include//nav2_behavior_tree/plugins/condition/transform_available_condition.hpp
[14.604s] -- Up-to-date symlink: /home/ik/aws_ws/install/nav2_behavior_tree/include//nav2_behavior_tree/plugins/control/pipeline_sequence.hpp
[14.605s] -- Up-to-date symlink: /home/ik/aws_ws/install/nav2_behavior_tree/include//nav2_behavior_tree/plugins/control/recovery_node.hpp
[14.605s] -- Up-to-date symlink: /home/ik/aws_ws/install/nav2_behavior_tree/include//nav2_behavior_tree/plugins/control/round_robin_node.hpp
[14.605s] -- Up-to-date symlink: /home/ik/aws_ws/install/nav2_behavior_tree/include//nav2_behavior_tree/plugins/decorator/distance_controller.hpp
[14.605s] -- Up-to-date symlink: /home/ik/aws_ws/install/nav2_behavior_tree/include//nav2_behavior_tree/plugins/decorator/goal_updater_node.hpp
[14.605s] -- Up-to-date symlink: /home/ik/aws_ws/install/nav2_behavior_tree/include//nav2_behavior_tree/plugins/decorator/rate_controller.hpp
[14.605s] -- Up-to-date symlink: /home/ik/aws_ws/install/nav2_behavior_tree/include//nav2_behavior_tree/plugins/decorator/speed_controller.hpp
[14.605s] -- Up-to-date symlink: /home/ik/aws_ws/install/nav2_behavior_tree/share/nav2_behavior_tree/nav2_tree_nodes.xml
[14.606s] -- Up-to-date symlink: /home/ik/aws_ws/install/nav2_behavior_tree/share/nav2_behavior_tree/environment/library_path.sh
[14.606s] -- Up-to-date symlink: /home/ik/aws_ws/install/nav2_behavior_tree/share/nav2_behavior_tree/environment/library_path.dsv
[14.606s] -- Up-to-date symlink: /home/ik/aws_ws/install/nav2_behavior_tree/share/ament_index/resource_index/package_run_dependencies/nav2_behavior_tree
[14.607s] -- Up-to-date symlink: /home/ik/aws_ws/install/nav2_behavior_tree/share/ament_index/resource_index/parent_prefix_path/nav2_behavior_tree
[14.607s] -- Up-to-date symlink: /home/ik/aws_ws/install/nav2_behavior_tree/share/nav2_behavior_tree/environment/ament_prefix_path.sh
[14.607s] -- Up-to-date symlink: /home/ik/aws_ws/install/nav2_behavior_tree/share/nav2_behavior_tree/environment/ament_prefix_path.dsv
[14.608s] -- Up-to-date symlink: /home/ik/aws_ws/install/nav2_behavior_tree/share/nav2_behavior_tree/environment/path.sh
[14.608s] -- Up-to-date symlink: /home/ik/aws_ws/install/nav2_behavior_tree/share/nav2_behavior_tree/environment/path.dsv
[14.608s] -- Up-to-date symlink: /home/ik/aws_ws/install/nav2_behavior_tree/share/nav2_behavior_tree/local_setup.bash
[14.609s] -- Up-to-date symlink: /home/ik/aws_ws/install/nav2_behavior_tree/share/nav2_behavior_tree/local_setup.sh
[14.609s] -- Up-to-date symlink: /home/ik/aws_ws/install/nav2_behavior_tree/share/nav2_behavior_tree/local_setup.zsh
[14.609s] -- Up-to-date symlink: /home/ik/aws_ws/install/nav2_behavior_tree/share/nav2_behavior_tree/local_setup.dsv
[14.610s] -- Symlinking: /home/ik/aws_ws/install/nav2_behavior_tree/share/nav2_behavior_tree/package.dsv
[14.626s] -- Up-to-date symlink: /home/ik/aws_ws/install/nav2_behavior_tree/share/ament_index/resource_index/packages/nav2_behavior_tree
[14.627s] -- Up-to-date symlink: /home/ik/aws_ws/install/nav2_behavior_tree/share/nav2_behavior_tree/cmake/ament_cmake_export_include_directories-extras.cmake
[14.628s] -- Up-to-date symlink: /home/ik/aws_ws/install/nav2_behavior_tree/share/nav2_behavior_tree/cmake/ament_cmake_export_libraries-extras.cmake
[14.628s] -- Up-to-date symlink: /home/ik/aws_ws/install/nav2_behavior_tree/share/nav2_behavior_tree/cmake/ament_cmake_export_dependencies-extras.cmake
[14.629s] -- Up-to-date symlink: /home/ik/aws_ws/install/nav2_behavior_tree/share/nav2_behavior_tree/cmake/nav2_behavior_treeConfig.cmake
[14.629s] -- Up-to-date symlink: /home/ik/aws_ws/install/nav2_behavior_tree/share/nav2_behavior_tree/cmake/nav2_behavior_treeConfig-version.cmake
[14.630s] -- Up-to-date symlink: /home/ik/aws_ws/install/nav2_behavior_tree/share/nav2_behavior_tree/package.xml
[14.641s] Invoked command in '/home/ik/aws_ws/build/nav2_behavior_tree' returned '0': CMAKE_PREFIX_PATH=/home/ik/aws_ws/install/nav2_util:/home/ik/aws_ws/install/nav2_msgs:/home/ik/aws_ws/install/nav2_common:/home/ik/aws_ws/install/nav2_system_tests:/home/ik/aws_ws/install/nav2_bringup:/home/ik/aws_ws/install/navigation2:/home/ik/aws_ws/install/smac_planner:/home/ik/aws_ws/install/nav2_dwb_controller:/home/ik/aws_ws/install/nav2_controller:/home/ik/aws_ws/install/dwb_plugins:/home/ik/aws_ws/install/dwb_critics:/home/ik/aws_ws/install/dwb_core:/home/ik/aws_ws/install/nav_2d_utils:/home/ik/aws_ws/install/dwb_msgs:/home/ik/aws_ws/install/nav_2d_msgs:/home/ik/aws_ws/install/nav2_waypoint_follower:/home/ik/aws_ws/install/nav2_regulated_pure_pursuit_controller:/home/ik/aws_ws/install/nav2_recoveries:/home/ik/aws_ws/install/nav2_planner:/home/ik/aws_ws/install/nav2_navfn_planner:/home/ik/aws_ws/install/nav2_core:/home/ik/aws_ws/install/costmap_queue:/home/ik/aws_ws/install/nav2_costmap_2d:/home/ik/aws_ws/install/nav2_voxel_grid:/home/ik/aws_ws/install/nav2_rviz_plugins:/home/ik/aws_ws/install/nav2_map_server:/home/ik/aws_ws/install/nav2_lifecycle_manager:/home/ik/aws_ws/install/nav2_bt_navigator:/home/ik/aws_ws/install/nav2_behavior_tree:/home/ik/aws_ws/install/nav2_amcl:/home/ik/aws_ws/install/turtlebot3_simulations:/home/ik/aws_ws/install/turtlebot3_gazebo:/home/ik/aws_ws/install/turtlebot3_fake_node:/home/ik/aws_ws/install/slam_toolbox:/home/ik/aws_ws/install/aws_robomaker_small_warehouse_world:/home/ik/aws_ws/install/nav2_gazebo_spawner:/opt/ros/foxy LD_LIBRARY_PATH=/home/ik/aws_ws/install/nav2_util/lib:/home/ik/aws_ws/install/nav2_msgs/lib:/home/ik/aws_ws/install/smac_planner/lib:/home/ik/aws_ws/install/nav2_controller/lib:/home/ik/aws_ws/install/dwb_plugins/lib:/home/ik/aws_ws/install/dwb_critics/lib:/home/ik/aws_ws/install/dwb_core/lib:/home/ik/aws_ws/install/nav_2d_utils/lib:/home/ik/aws_ws/install/dwb_msgs/lib:/home/ik/aws_ws/install/nav_2d_msgs/lib:/home/ik/aws_ws/install/nav2_waypoint_follower/lib:/home/ik/aws_ws/install/nav2_regulated_pure_pursuit_controller/lib:/home/ik/aws_ws/install/nav2_recoveries/lib:/home/ik/aws_ws/install/nav2_planner/lib:/home/ik/aws_ws/install/nav2_navfn_planner/lib:/home/ik/aws_ws/install/costmap_queue/lib:/home/ik/aws_ws/install/nav2_costmap_2d/lib:/home/ik/aws_ws/install/nav2_voxel_grid/lib:/home/ik/aws_ws/install/nav2_rviz_plugins/lib:/home/ik/aws_ws/install/nav2_map_server/lib:/home/ik/aws_ws/install/nav2_lifecycle_manager/lib:/home/ik/aws_ws/install/nav2_bt_navigator/lib:/home/ik/aws_ws/install/nav2_behavior_tree/lib:/home/ik/aws_ws/install/nav2_amcl/lib:/home/ik/aws_ws/install/slam_toolbox/lib:/usr/lib/x86_64-linux-gnu/gazebo-11/plugins:/opt/ros/foxy/opt/yaml_cpp_vendor/lib:/opt/ros/foxy/opt/rviz_ogre_vendor/lib:/opt/ros/foxy/lib/x86_64-linux-gnu:/opt/ros/foxy/lib:/usr/share/gazebo/../../lib/x86_64-linux-gnu/gazebo-11/plugins:/usr/share/gazebo/../../lib/x86_64-linux-gnu/gazebo-11/plugins:/usr/share/gazebo/../../lib/x86_64-linux-gnu/gazebo-11/plugins PYTHONPATH=/home/ik/aws_ws/install/nav2_msgs/lib/python3.8/site-packages:/home/ik/aws_ws/install/nav2_common/lib/python3.8/site-packages:/home/ik/aws_ws/install/dwb_msgs/lib/python3.8/site-packages:/home/ik/aws_ws/install/nav_2d_msgs/lib/python3.8/site-packages:/home/ik/aws_ws/build/nav2_gazebo_spawner:/home/ik/aws_ws/install/nav2_gazebo_spawner/lib/python3.8/site-packages:/home/ik/aws_ws/install/slam_toolbox/lib/python3.8/site-packages:/opt/ros/foxy/lib/python3.8/site-packages /usr/bin/cmake --install /home/ik/aws_ws/build/nav2_behavior_tree
