[0.062s] Invoking command in '/home/ik/aws_ws/build/nav2_map_server': AMENT_PREFIX_PATH=/home/ik/aws_ws/install/nav2_util:/home/ik/aws_ws/install/nav2_msgs:/home/ik/aws_ws/install/nav2_common:${AMENT_PREFIX_PATH} CMAKE_PREFIX_PATH=/home/ik/aws_ws/install/nav2_util:/home/ik/aws_ws/install/nav2_msgs:/home/ik/aws_ws/install/nav2_common:/opt/ros/foxy LD_LIBRARY_PATH=/home/ik/aws_ws/install/nav2_util/lib:/home/ik/aws_ws/install/nav2_msgs/lib:${LD_LIBRARY_PATH} PYTHONPATH=/home/ik/aws_ws/install/nav2_msgs/lib/python3.8/site-packages:/home/ik/aws_ws/install/nav2_common/lib/python3.8/site-packages:${PYTHONPATH} /usr/bin/cmake --build /home/ik/aws_ws/build/nav2_map_server -- -j8 -l8
[0.157s] [  6%] Built target gtest_main
[0.163s] [ 12%] Built target gtest
[0.173s] [ 22%] Built target map_io
[0.285s] [ 32%] Built target map_server_core
[0.286s] [ 41%] Built target test_map_saver_cli
[0.295s] [ 51%] Built target test_map_io
[0.295s] [ 61%] Built target test_map_saver_publisher
[0.374s] [ 67%] Built target map_server
[0.380s] [ 74%] Built target map_saver_cli
[0.390s] [ 83%] Built target test_map_saver_node
[0.393s] [ 90%] Built target map_saver_server
[0.400s] [100%] Built target test_map_server_node
[0.432s] Invoked command in '/home/ik/aws_ws/build/nav2_map_server' returned '0': AMENT_PREFIX_PATH=/home/ik/aws_ws/install/nav2_util:/home/ik/aws_ws/install/nav2_msgs:/home/ik/aws_ws/install/nav2_common:${AMENT_PREFIX_PATH} CMAKE_PREFIX_PATH=/home/ik/aws_ws/install/nav2_util:/home/ik/aws_ws/install/nav2_msgs:/home/ik/aws_ws/install/nav2_common:/opt/ros/foxy LD_LIBRARY_PATH=/home/ik/aws_ws/install/nav2_util/lib:/home/ik/aws_ws/install/nav2_msgs/lib:${LD_LIBRARY_PATH} PYTHONPATH=/home/ik/aws_ws/install/nav2_msgs/lib/python3.8/site-packages:/home/ik/aws_ws/install/nav2_common/lib/python3.8/site-packages:${PYTHONPATH} /usr/bin/cmake --build /home/ik/aws_ws/build/nav2_map_server -- -j8 -l8
[0.653s] Invoking command in '/home/ik/aws_ws/build/nav2_map_server': AMENT_PREFIX_PATH=/home/ik/aws_ws/install/nav2_util:/home/ik/aws_ws/install/nav2_msgs:/home/ik/aws_ws/install/nav2_common:${AMENT_PREFIX_PATH} CMAKE_PREFIX_PATH=/home/ik/aws_ws/install/nav2_util:/home/ik/aws_ws/install/nav2_msgs:/home/ik/aws_ws/install/nav2_common:/opt/ros/foxy LD_LIBRARY_PATH=/home/ik/aws_ws/install/nav2_util/lib:/home/ik/aws_ws/install/nav2_msgs/lib:${LD_LIBRARY_PATH} PYTHONPATH=/home/ik/aws_ws/install/nav2_msgs/lib/python3.8/site-packages:/home/ik/aws_ws/install/nav2_common/lib/python3.8/site-packages:${PYTHONPATH} /usr/bin/cmake --install /home/ik/aws_ws/build/nav2_map_server
[0.672s] -- Install configuration: "Release"
[0.672s] -- Execute custom install script
[0.672s] -- Up-to-date symlink: /home/ik/aws_ws/install/nav2_map_server/lib/libmap_server_core.so
[0.672s] -- Up-to-date symlink: /home/ik/aws_ws/install/nav2_map_server/lib/libmap_io.so
[0.672s] -- Up-to-date symlink: /home/ik/aws_ws/install/nav2_map_server/lib/nav2_map_server/map_server
[0.672s] -- Up-to-date symlink: /home/ik/aws_ws/install/nav2_map_server/lib/nav2_map_server/map_saver_cli
[0.672s] -- Up-to-date symlink: /home/ik/aws_ws/install/nav2_map_server/lib/nav2_map_server/map_saver_server
[0.672s] -- Up-to-date symlink: /home/ik/aws_ws/install/nav2_map_server/include//nav2_map_server/map_io.hpp
[0.672s] -- Up-to-date symlink: /home/ik/aws_ws/install/nav2_map_server/include//nav2_map_server/map_mode.hpp
[0.672s] -- Up-to-date symlink: /home/ik/aws_ws/install/nav2_map_server/include//nav2_map_server/map_saver.hpp
[0.672s] -- Up-to-date symlink: /home/ik/aws_ws/install/nav2_map_server/include//nav2_map_server/map_server.hpp
[0.672s] -- Up-to-date symlink: /home/ik/aws_ws/install/nav2_map_server/share/nav2_map_server/launch/map_saver_server.launch.py
[0.672s] -- Up-to-date symlink: /home/ik/aws_ws/install/nav2_map_server/share/nav2_map_server/environment/library_path.sh
[0.672s] -- Up-to-date symlink: /home/ik/aws_ws/install/nav2_map_server/share/nav2_map_server/environment/library_path.dsv
[0.676s] -- Up-to-date symlink: /home/ik/aws_ws/install/nav2_map_server/share/ament_index/resource_index/package_run_dependencies/nav2_map_server
[0.676s] -- Up-to-date symlink: /home/ik/aws_ws/install/nav2_map_server/share/ament_index/resource_index/parent_prefix_path/nav2_map_server
[0.676s] -- Up-to-date symlink: /home/ik/aws_ws/install/nav2_map_server/share/nav2_map_server/environment/ament_prefix_path.sh
[0.677s] -- Up-to-date symlink: /home/ik/aws_ws/install/nav2_map_server/share/nav2_map_server/environment/ament_prefix_path.dsv
[0.677s] -- Up-to-date symlink: /home/ik/aws_ws/install/nav2_map_server/share/nav2_map_server/environment/path.sh
[0.678s] -- Up-to-date symlink: /home/ik/aws_ws/install/nav2_map_server/share/nav2_map_server/environment/path.dsv
[0.678s] -- Up-to-date symlink: /home/ik/aws_ws/install/nav2_map_server/share/nav2_map_server/local_setup.bash
[0.679s] -- Up-to-date symlink: /home/ik/aws_ws/install/nav2_map_server/share/nav2_map_server/local_setup.sh
[0.680s] -- Up-to-date symlink: /home/ik/aws_ws/install/nav2_map_server/share/nav2_map_server/local_setup.zsh
[0.680s] -- Up-to-date symlink: /home/ik/aws_ws/install/nav2_map_server/share/nav2_map_server/local_setup.dsv
[0.680s] -- Symlinking: /home/ik/aws_ws/install/nav2_map_server/share/nav2_map_server/package.dsv
[0.702s] -- Up-to-date symlink: /home/ik/aws_ws/install/nav2_map_server/share/ament_index/resource_index/packages/nav2_map_server
[0.702s] -- Up-to-date symlink: /home/ik/aws_ws/install/nav2_map_server/share/nav2_map_server/cmake/ament_cmake_export_include_directories-extras.cmake
[0.702s] -- Up-to-date symlink: /home/ik/aws_ws/install/nav2_map_server/share/nav2_map_server/cmake/ament_cmake_export_libraries-extras.cmake
[0.703s] -- Up-to-date symlink: /home/ik/aws_ws/install/nav2_map_server/share/nav2_map_server/cmake/nav2_map_serverConfig.cmake
[0.703s] -- Up-to-date symlink: /home/ik/aws_ws/install/nav2_map_server/share/nav2_map_server/cmake/nav2_map_serverConfig-version.cmake
[0.703s] -- Up-to-date symlink: /home/ik/aws_ws/install/nav2_map_server/share/nav2_map_server/package.xml
[0.713s] Invoked command in '/home/ik/aws_ws/build/nav2_map_server' returned '0': AMENT_PREFIX_PATH=/home/ik/aws_ws/install/nav2_util:/home/ik/aws_ws/install/nav2_msgs:/home/ik/aws_ws/install/nav2_common:${AMENT_PREFIX_PATH} CMAKE_PREFIX_PATH=/home/ik/aws_ws/install/nav2_util:/home/ik/aws_ws/install/nav2_msgs:/home/ik/aws_ws/install/nav2_common:/opt/ros/foxy LD_LIBRARY_PATH=/home/ik/aws_ws/install/nav2_util/lib:/home/ik/aws_ws/install/nav2_msgs/lib:${LD_LIBRARY_PATH} PYTHONPATH=/home/ik/aws_ws/install/nav2_msgs/lib/python3.8/site-packages:/home/ik/aws_ws/install/nav2_common/lib/python3.8/site-packages:${PYTHONPATH} /usr/bin/cmake --install /home/ik/aws_ws/build/nav2_map_server
