[0.072s] Invoking command in '/home/ik/aws_ws/build/basic_mobile_robot': CMAKE_PREFIX_PATH=/opt/ros/foxy /usr/bin/cmake /home/ik/aws_ws/src/basic_mobile_robot -DCMAKE_INSTALL_PREFIX=/home/ik/aws_ws/install/basic_mobile_robot
[0.314s] -- Found ament_cmake: 0.9.11 (/opt/ros/foxy/share/ament_cmake/cmake)
[0.314s] -- Using PYTHON_EXECUTABLE: /usr/bin/python3
[0.314s] -- Override CMake install command with custom implementation using symlinks instead of copying resources
[0.314s] -- Found ament_lint_auto: 0.9.8 (/opt/ros/foxy/share/ament_lint_auto/cmake)
[0.385s] -- Added test 'copyright' to check source files copyright and LICENSE
[0.409s] -- Added test 'flake8' to check Python code syntax and style conventions
[0.410s] -- Added test 'lint_cmake' to check CMake code style
[0.413s] -- Added test 'pep257' to check Python code against some of the style conventions in PEP 257
[0.420s] -- Added test 'xmllint' to check XML markup files
[0.422s] -- Configuring done
[0.427s] -- Generating done
[0.434s] -- Build files have been written to: /home/ik/aws_ws/build/basic_mobile_robot
[0.453s] Invoked command in '/home/ik/aws_ws/build/basic_mobile_robot' returned '0': CMAKE_PREFIX_PATH=/opt/ros/foxy /usr/bin/cmake /home/ik/aws_ws/src/basic_mobile_robot -DCMAKE_INSTALL_PREFIX=/home/ik/aws_ws/install/basic_mobile_robot
[0.454s] Invoking command in '/home/ik/aws_ws/build/basic_mobile_robot': CMAKE_PREFIX_PATH=/opt/ros/foxy /usr/bin/cmake --build /home/ik/aws_ws/build/basic_mobile_robot -- -j8 -l8
[0.509s] Invoked command in '/home/ik/aws_ws/build/basic_mobile_robot' returned '0': CMAKE_PREFIX_PATH=/opt/ros/foxy /usr/bin/cmake --build /home/ik/aws_ws/build/basic_mobile_robot -- -j8 -l8
[0.536s] Invoking command in '/home/ik/aws_ws/build/basic_mobile_robot': CMAKE_PREFIX_PATH=/opt/ros/foxy /usr/bin/cmake --install /home/ik/aws_ws/build/basic_mobile_robot
[0.549s] -- Install configuration: ""
[0.549s] -- Execute custom install script
[0.551s] -- Up-to-date symlink: /home/ik/aws_ws/install/basic_mobile_robot/share/basic_mobile_robot/config/ekf.yaml
[0.552s] -- Up-to-date symlink: /home/ik/aws_ws/install/basic_mobile_robot/share/basic_mobile_robot/launch/basic_mobile_bot_v1.launch.py
[0.552s] -- Up-to-date symlink: /home/ik/aws_ws/install/basic_mobile_robot/share/basic_mobile_robot/launch/basic_mobile_bot_v2.launch.py
[0.552s] -- Up-to-date symlink: /home/ik/aws_ws/install/basic_mobile_robot/share/basic_mobile_robot/launch/basic_mobile_bot_v3.launch.py
[0.553s] -- Up-to-date symlink: /home/ik/aws_ws/install/basic_mobile_robot/share/basic_mobile_robot/launch/basic_mobile_bot_v4.launch.py
[0.553s] -- Up-to-date symlink: /home/ik/aws_ws/install/basic_mobile_robot/share/basic_mobile_robot/launch/basic_mobile_bot_v5.launch.py
[0.554s] -- Up-to-date symlink: /home/ik/aws_ws/install/basic_mobile_robot/share/basic_mobile_robot/launch/basic_mobile_bot_v5_1.launch.py
[0.554s] -- Up-to-date symlink: /home/ik/aws_ws/install/basic_mobile_robot/share/basic_mobile_robot/maps/map.pgm
[0.554s] -- Up-to-date symlink: /home/ik/aws_ws/install/basic_mobile_robot/share/basic_mobile_robot/maps/map.yaml
[0.555s] -- Up-to-date symlink: /home/ik/aws_ws/install/basic_mobile_robot/share/basic_mobile_robot/maps/map_rot.pgm
[0.555s] -- Up-to-date symlink: /home/ik/aws_ws/install/basic_mobile_robot/share/basic_mobile_robot/maps/smalltown_world.pgm
[0.555s] -- Up-to-date symlink: /home/ik/aws_ws/install/basic_mobile_robot/share/basic_mobile_robot/maps/smalltown_world.yaml
[0.556s] -- Up-to-date symlink: /home/ik/aws_ws/install/basic_mobile_robot/share/basic_mobile_robot/meshes/arm_base.stl
[0.556s] -- Up-to-date symlink: /home/ik/aws_ws/install/basic_mobile_robot/share/basic_mobile_robot/meshes/bicep.stl
[0.556s] -- Up-to-date symlink: /home/ik/aws_ws/install/basic_mobile_robot/share/basic_mobile_robot/meshes/elbow.stl
[0.556s] -- Up-to-date symlink: /home/ik/aws_ws/install/basic_mobile_robot/share/basic_mobile_robot/meshes/robot_base.stl
[0.556s] -- Up-to-date symlink: /home/ik/aws_ws/install/basic_mobile_robot/share/basic_mobile_robot/meshes/wheel.stl
[0.556s] -- Up-to-date symlink: /home/ik/aws_ws/install/basic_mobile_robot/share/basic_mobile_robot/meshes/wrist.stl
[0.558s] -- Up-to-date symlink: /home/ik/aws_ws/install/basic_mobile_robot/share/basic_mobile_robot/models/aws_robomaker_warehouse_Bucket_01/.DS_Store
[0.559s] -- Up-to-date symlink: /home/ik/aws_ws/install/basic_mobile_robot/share/basic_mobile_robot/models/aws_robomaker_warehouse_Bucket_01/materials/.DS_Store
[0.559s] -- Up-to-date symlink: /home/ik/aws_ws/install/basic_mobile_robot/share/basic_mobile_robot/models/aws_robomaker_warehouse_Bucket_01/materials/textures/aws_robomaker_warehouse_Bucket_01.png
[0.560s] -- Up-to-date symlink: /home/ik/aws_ws/install/basic_mobile_robot/share/basic_mobile_robot/models/aws_robomaker_warehouse_Bucket_01/meshes/aws_robomaker_warehouse_Bucket_01_collision.DAE
[0.560s] -- Up-to-date symlink: /home/ik/aws_ws/install/basic_mobile_robot/share/basic_mobile_robot/models/aws_robomaker_warehouse_Bucket_01/meshes/aws_robomaker_warehouse_Bucket_01_visual.DAE
[0.561s] -- Up-to-date symlink: /home/ik/aws_ws/install/basic_mobile_robot/share/basic_mobile_robot/models/aws_robomaker_warehouse_Bucket_01/model.config
[0.561s] -- Up-to-date symlink: /home/ik/aws_ws/install/basic_mobile_robot/share/basic_mobile_robot/models/aws_robomaker_warehouse_Bucket_01/model.sdf
[0.561s] -- Up-to-date symlink: /home/ik/aws_ws/install/basic_mobile_robot/share/basic_mobile_robot/models/aws_robomaker_warehouse_ClutteringA_01/.DS_Store
[0.562s] -- Up-to-date symlink: /home/ik/aws_ws/install/basic_mobile_robot/share/basic_mobile_robot/models/aws_robomaker_warehouse_ClutteringA_01/materials/.DS_Store
[0.562s] -- Up-to-date symlink: /home/ik/aws_ws/install/basic_mobile_robot/share/basic_mobile_robot/models/aws_robomaker_warehouse_ClutteringA_01/materials/textures/.DS_Store
[0.563s] -- Up-to-date symlink: /home/ik/aws_ws/install/basic_mobile_robot/share/basic_mobile_robot/models/aws_robomaker_warehouse_ClutteringA_01/materials/textures/aws_robomaker_warehouse_ClutteringA_01.png
[0.563s] -- Up-to-date symlink: /home/ik/aws_ws/install/basic_mobile_robot/share/basic_mobile_robot/models/aws_robomaker_warehouse_ClutteringA_01/materials/textures/aws_robomaker_warehouse_ClutteringA_02.png
[0.564s] -- Up-to-date symlink: /home/ik/aws_ws/install/basic_mobile_robot/share/basic_mobile_robot/models/aws_robomaker_warehouse_ClutteringA_01/materials/textures/aws_robomaker_warehouse_ClutteringA_03.png
[0.564s] -- Up-to-date symlink: /home/ik/aws_ws/install/basic_mobile_robot/share/basic_mobile_robot/models/aws_robomaker_warehouse_ClutteringA_01/meshes/aws_robomaker_warehouse_ClutteringA_01_collision.DAE
[0.565s] -- Up-to-date symlink: /home/ik/aws_ws/install/basic_mobile_robot/share/basic_mobile_robot/models/aws_robomaker_warehouse_ClutteringA_01/meshes/aws_robomaker_warehouse_ClutteringA_01_visual.DAE
[0.565s] -- Up-to-date symlink: /home/ik/aws_ws/install/basic_mobile_robot/share/basic_mobile_robot/models/aws_robomaker_warehouse_ClutteringA_01/model.config
[0.566s] -- Up-to-date symlink: /home/ik/aws_ws/install/basic_mobile_robot/share/basic_mobile_robot/models/aws_robomaker_warehouse_ClutteringA_01/model.sdf
[0.566s] -- Up-to-date symlink: /home/ik/aws_ws/install/basic_mobile_robot/share/basic_mobile_robot/models/aws_robomaker_warehouse_ClutteringC_01/materials/textures/aws_robomaker_warehouse_ClutteringC_01.png
[0.567s] -- Up-to-date symlink: /home/ik/aws_ws/install/basic_mobile_robot/share/basic_mobile_robot/models/aws_robomaker_warehouse_ClutteringC_01/materials/textures/aws_robomaker_warehouse_ClutteringC_02.png
[0.567s] -- Up-to-date symlink: /home/ik/aws_ws/install/basic_mobile_robot/share/basic_mobile_robot/models/aws_robomaker_warehouse_ClutteringC_01/meshes/aws_robomaker_warehouse_ClutteringC_01_collision.DAE
[0.568s] -- Up-to-date symlink: /home/ik/aws_ws/install/basic_mobile_robot/share/basic_mobile_robot/models/aws_robomaker_warehouse_ClutteringC_01/meshes/aws_robomaker_warehouse_ClutteringC_01_visual.DAE
[0.568s] -- Up-to-date symlink: /home/ik/aws_ws/install/basic_mobile_robot/share/basic_mobile_robot/models/aws_robomaker_warehouse_ClutteringC_01/model.config
[0.569s] -- Up-to-date symlink: /home/ik/aws_ws/install/basic_mobile_robot/share/basic_mobile_robot/models/aws_robomaker_warehouse_ClutteringC_01/model.sdf
[0.569s] -- Up-to-date symlink: /home/ik/aws_ws/install/basic_mobile_robot/share/basic_mobile_robot/models/aws_robomaker_warehouse_ClutteringD_01/materials/textures/aws_robomaker_warehouse_ClutteringD_01.png
[0.570s] -- Up-to-date symlink: /home/ik/aws_ws/install/basic_mobile_robot/share/basic_mobile_robot/models/aws_robomaker_warehouse_ClutteringD_01/materials/textures/aws_robomaker_warehouse_ClutteringD_02.png
[0.570s] -- Up-to-date symlink: /home/ik/aws_ws/install/basic_mobile_robot/share/basic_mobile_robot/models/aws_robomaker_warehouse_ClutteringD_01/meshes/aws_robomaker_warehouse_ClutteringD_01_collision.DAE
[0.571s] -- Up-to-date symlink: /home/ik/aws_ws/install/basic_mobile_robot/share/basic_mobile_robot/models/aws_robomaker_warehouse_ClutteringD_01/meshes/aws_robomaker_warehouse_ClutteringD_01_visual.DAE
[0.571s] -- Up-to-date symlink: /home/ik/aws_ws/install/basic_mobile_robot/share/basic_mobile_robot/models/aws_robomaker_warehouse_ClutteringD_01/model.config
[0.572s] -- Up-to-date symlink: /home/ik/aws_ws/install/basic_mobile_robot/share/basic_mobile_robot/models/aws_robomaker_warehouse_ClutteringD_01/model.sdf
[0.573s] -- Up-to-date symlink: /home/ik/aws_ws/install/basic_mobile_robot/share/basic_mobile_robot/models/aws_robomaker_warehouse_DeskC_01/materials/.DS_Store
[0.574s] -- Up-to-date symlink: /home/ik/aws_ws/install/basic_mobile_robot/share/basic_mobile_robot/models/aws_robomaker_warehouse_DeskC_01/materials/textures/aws_robomaker_warehouse_DeskC_01.png
[0.574s] -- Up-to-date symlink: /home/ik/aws_ws/install/basic_mobile_robot/share/basic_mobile_robot/models/aws_robomaker_warehouse_DeskC_01/materials/textures/aws_robomaker_warehouse_DeskC_02.png
[0.575s] -- Up-to-date symlink: /home/ik/aws_ws/install/basic_mobile_robot/share/basic_mobile_robot/models/aws_robomaker_warehouse_DeskC_01/materials/textures/aws_robomaker_warehouse_DeskC_03.png
[0.575s] -- Up-to-date symlink: /home/ik/aws_ws/install/basic_mobile_robot/share/basic_mobile_robot/models/aws_robomaker_warehouse_DeskC_01/materials/textures/aws_robomaker_warehouse_DeskC_03.psd
[0.575s] -- Up-to-date symlink: /home/ik/aws_ws/install/basic_mobile_robot/share/basic_mobile_robot/models/aws_robomaker_warehouse_DeskC_01/materials/textures/aws_robomaker_warehouse_DeskC_04.png
[0.576s] -- Up-to-date symlink: /home/ik/aws_ws/install/basic_mobile_robot/share/basic_mobile_robot/models/aws_robomaker_warehouse_DeskC_01/meshes/aws_robomaker_warehouse_DeskC_01_collision.DAE
[0.576s] -- Up-to-date symlink: /home/ik/aws_ws/install/basic_mobile_robot/share/basic_mobile_robot/models/aws_robomaker_warehouse_DeskC_01/meshes/aws_robomaker_warehouse_DeskC_01_visual.DAE
[0.576s] -- Up-to-date symlink: /home/ik/aws_ws/install/basic_mobile_robot/share/basic_mobile_robot/models/aws_robomaker_warehouse_DeskC_01/model.config
[0.576s] -- Up-to-date symlink: /home/ik/aws_ws/install/basic_mobile_robot/share/basic_mobile_robot/models/aws_robomaker_warehouse_DeskC_01/model.sdf
[0.577s] -- Up-to-date symlink: /home/ik/aws_ws/install/basic_mobile_robot/share/basic_mobile_robot/models/aws_robomaker_warehouse_GroundB_01/materials/textures/aws_robomaker_warehouse_GroundB_01.png
[0.577s] -- Up-to-date symlink: /home/ik/aws_ws/install/basic_mobile_robot/share/basic_mobile_robot/models/aws_robomaker_warehouse_GroundB_01/materials/textures/aws_robomaker_warehouse_GroundB_02.png
[0.577s] -- Up-to-date symlink: /home/ik/aws_ws/install/basic_mobile_robot/share/basic_mobile_robot/models/aws_robomaker_warehouse_GroundB_01/meshes/aws_robomaker_warehouse_GroundB_01_collision.DAE
[0.577s] -- Up-to-date symlink: /home/ik/aws_ws/install/basic_mobile_robot/share/basic_mobile_robot/models/aws_robomaker_warehouse_GroundB_01/meshes/aws_robomaker_warehouse_GroundB_01_visual.DAE
[0.578s] -- Up-to-date symlink: /home/ik/aws_ws/install/basic_mobile_robot/share/basic_mobile_robot/models/aws_robomaker_warehouse_GroundB_01/model.config
[0.578s] -- Up-to-date symlink: /home/ik/aws_ws/install/basic_mobile_robot/share/basic_mobile_robot/models/aws_robomaker_warehouse_GroundB_01/model.sdf
[0.578s] -- Up-to-date symlink: /home/ik/aws_ws/install/basic_mobile_robot/share/basic_mobile_robot/models/aws_robomaker_warehouse_Lamp_01/materials/textures/aws_robomaker_warehouse_Lamp_01.png
[0.579s] -- Up-to-date symlink: /home/ik/aws_ws/install/basic_mobile_robot/share/basic_mobile_robot/models/aws_robomaker_warehouse_Lamp_01/meshes/aws_robomaker_warehouse_Lamp_01_collision.DAE
[0.579s] -- Up-to-date symlink: /home/ik/aws_ws/install/basic_mobile_robot/share/basic_mobile_robot/models/aws_robomaker_warehouse_Lamp_01/meshes/aws_robomaker_warehouse_Lamp_01_visual.DAE
[0.579s] -- Up-to-date symlink: /home/ik/aws_ws/install/basic_mobile_robot/share/basic_mobile_robot/models/aws_robomaker_warehouse_Lamp_01/model.config
[0.579s] -- Up-to-date symlink: /home/ik/aws_ws/install/basic_mobile_robot/share/basic_mobile_robot/models/aws_robomaker_warehouse_Lamp_01/model.sdf
[0.579s] -- Up-to-date symlink: /home/ik/aws_ws/install/basic_mobile_robot/share/basic_mobile_robot/models/aws_robomaker_warehouse_PalletJackB_01/.DS_Store
[0.580s] -- Up-to-date symlink: /home/ik/aws_ws/install/basic_mobile_robot/share/basic_mobile_robot/models/aws_robomaker_warehouse_PalletJackB_01/materials/.DS_Store
[0.580s] -- Up-to-date symlink: /home/ik/aws_ws/install/basic_mobile_robot/share/basic_mobile_robot/models/aws_robomaker_warehouse_PalletJackB_01/materials/textures/aws_robomaker_warehouse_PalletJackB_01.png
[0.580s] -- Up-to-date symlink: /home/ik/aws_ws/install/basic_mobile_robot/share/basic_mobile_robot/models/aws_robomaker_warehouse_PalletJackB_01/materials/textures/aws_robomaker_warehouse_PalletJackB_02.png
[0.581s] -- Up-to-date symlink: /home/ik/aws_ws/install/basic_mobile_robot/share/basic_mobile_robot/models/aws_robomaker_warehouse_PalletJackB_01/meshes/aws_robomaker_warehouse_PalletJackB_01_collision.DAE
[0.581s] -- Up-to-date symlink: /home/ik/aws_ws/install/basic_mobile_robot/share/basic_mobile_robot/models/aws_robomaker_warehouse_PalletJackB_01/meshes/aws_robomaker_warehouse_PalletJackB_01_visual.DAE
[0.581s] -- Up-to-date symlink: /home/ik/aws_ws/install/basic_mobile_robot/share/basic_mobile_robot/models/aws_robomaker_warehouse_PalletJackB_01/model.config
[0.581s] -- Up-to-date symlink: /home/ik/aws_ws/install/basic_mobile_robot/share/basic_mobile_robot/models/aws_robomaker_warehouse_PalletJackB_01/model.sdf
[0.582s] -- Up-to-date symlink: /home/ik/aws_ws/install/basic_mobile_robot/share/basic_mobile_robot/models/aws_robomaker_warehouse_RoofB_01/materials/textures/aws_robomaker_warehouse_RoofB_01.png
[0.582s] -- Up-to-date symlink: /home/ik/aws_ws/install/basic_mobile_robot/share/basic_mobile_robot/models/aws_robomaker_warehouse_RoofB_01/meshes/aws_robomaker_warehouse_RoofB_01_collision.DAE
[0.583s] -- Up-to-date symlink: /home/ik/aws_ws/install/basic_mobile_robot/share/basic_mobile_robot/models/aws_robomaker_warehouse_RoofB_01/meshes/aws_robomaker_warehouse_RoofB_01_visual.DAE
[0.583s] -- Up-to-date symlink: /home/ik/aws_ws/install/basic_mobile_robot/share/basic_mobile_robot/models/aws_robomaker_warehouse_RoofB_01/model.config
[0.583s] -- Up-to-date symlink: /home/ik/aws_ws/install/basic_mobile_robot/share/basic_mobile_robot/models/aws_robomaker_warehouse_RoofB_01/model.sdf
[0.584s] -- Up-to-date symlink: /home/ik/aws_ws/install/basic_mobile_robot/share/basic_mobile_robot/models/aws_robomaker_warehouse_ShelfD_01/materials/textures/aws_robomaker_warehouse_ShelfD_01.png
[0.584s] -- Up-to-date symlink: /home/ik/aws_ws/install/basic_mobile_robot/share/basic_mobile_robot/models/aws_robomaker_warehouse_ShelfD_01/materials/textures/aws_robomaker_warehouse_ShelfD_02.png
[0.584s] -- Up-to-date symlink: /home/ik/aws_ws/install/basic_mobile_robot/share/basic_mobile_robot/models/aws_robomaker_warehouse_ShelfD_01/materials/textures/aws_robomaker_warehouse_ShelfD_03.png
[0.584s] -- Up-to-date symlink: /home/ik/aws_ws/install/basic_mobile_robot/share/basic_mobile_robot/models/aws_robomaker_warehouse_ShelfD_01/materials/textures/aws_robomaker_warehouse_ShelfD_04.png
[0.585s] -- Up-to-date symlink: /home/ik/aws_ws/install/basic_mobile_robot/share/basic_mobile_robot/models/aws_robomaker_warehouse_ShelfD_01/meshes/aws_robomaker_warehouse_ShelfD_01_collision.DAE
[0.585s] -- Up-to-date symlink: /home/ik/aws_ws/install/basic_mobile_robot/share/basic_mobile_robot/models/aws_robomaker_warehouse_ShelfD_01/meshes/aws_robomaker_warehouse_ShelfD_01_visual.DAE
[0.585s] -- Up-to-date symlink: /home/ik/aws_ws/install/basic_mobile_robot/share/basic_mobile_robot/models/aws_robomaker_warehouse_ShelfD_01/model.config
[0.585s] -- Up-to-date symlink: /home/ik/aws_ws/install/basic_mobile_robot/share/basic_mobile_robot/models/aws_robomaker_warehouse_ShelfD_01/model.sdf
[0.586s] -- Up-to-date symlink: /home/ik/aws_ws/install/basic_mobile_robot/share/basic_mobile_robot/models/aws_robomaker_warehouse_ShelfE_01/.DS_Store
[0.586s] -- Up-to-date symlink: /home/ik/aws_ws/install/basic_mobile_robot/share/basic_mobile_robot/models/aws_robomaker_warehouse_ShelfE_01/materials/.DS_Store
[0.586s] -- Up-to-date symlink: /home/ik/aws_ws/install/basic_mobile_robot/share/basic_mobile_robot/models/aws_robomaker_warehouse_ShelfE_01/materials/textures/aws_robomaker_warehouse_ShelfE_01.png
[0.586s] -- Up-to-date symlink: /home/ik/aws_ws/install/basic_mobile_robot/share/basic_mobile_robot/models/aws_robomaker_warehouse_ShelfE_01/materials/textures/aws_robomaker_warehouse_ShelfE_02.png
[0.587s] -- Up-to-date symlink: /home/ik/aws_ws/install/basic_mobile_robot/share/basic_mobile_robot/models/aws_robomaker_warehouse_ShelfE_01/materials/textures/aws_robomaker_warehouse_ShelfE_03.png
[0.590s] -- Up-to-date symlink: /home/ik/aws_ws/install/basic_mobile_robot/share/basic_mobile_robot/models/aws_robomaker_warehouse_ShelfE_01/materials/textures/aws_robomaker_warehouse_ShelfE_04.png
[0.590s] -- Up-to-date symlink: /home/ik/aws_ws/install/basic_mobile_robot/share/basic_mobile_robot/models/aws_robomaker_warehouse_ShelfE_01/meshes/aws_robomaker_warehouse_ShelfE_01_collision.DAE
[0.590s] -- Up-to-date symlink: /home/ik/aws_ws/install/basic_mobile_robot/share/basic_mobile_robot/models/aws_robomaker_warehouse_ShelfE_01/meshes/aws_robomaker_warehouse_ShelfE_01_visual.DAE
[0.591s] -- Up-to-date symlink: /home/ik/aws_ws/install/basic_mobile_robot/share/basic_mobile_robot/models/aws_robomaker_warehouse_ShelfE_01/model.config
[0.591s] -- Up-to-date symlink: /home/ik/aws_ws/install/basic_mobile_robot/share/basic_mobile_robot/models/aws_robomaker_warehouse_ShelfE_01/model.sdf
[0.592s] -- Up-to-date symlink: /home/ik/aws_ws/install/basic_mobile_robot/share/basic_mobile_robot/models/aws_robomaker_warehouse_ShelfF_01/materials/textures/aws_robomaker_warehouse_ShelfF_01.png
[0.592s] -- Up-to-date symlink: /home/ik/aws_ws/install/basic_mobile_robot/share/basic_mobile_robot/models/aws_robomaker_warehouse_ShelfF_01/materials/textures/aws_robomaker_warehouse_ShelfF_02.png
[0.592s] -- Up-to-date symlink: /home/ik/aws_ws/install/basic_mobile_robot/share/basic_mobile_robot/models/aws_robomaker_warehouse_ShelfF_01/materials/textures/aws_robomaker_warehouse_ShelfF_03.png
[0.592s] -- Up-to-date symlink: /home/ik/aws_ws/install/basic_mobile_robot/share/basic_mobile_robot/models/aws_robomaker_warehouse_ShelfF_01/meshes/aws_robomaker_warehouse_ShelfF_01_collision.DAE
[0.592s] -- Up-to-date symlink: /home/ik/aws_ws/install/basic_mobile_robot/share/basic_mobile_robot/models/aws_robomaker_warehouse_ShelfF_01/meshes/aws_robomaker_warehouse_ShelfF_01_visual.DAE
[0.593s] -- Up-to-date symlink: /home/ik/aws_ws/install/basic_mobile_robot/share/basic_mobile_robot/models/aws_robomaker_warehouse_ShelfF_01/model.config
[0.593s] -- Up-to-date symlink: /home/ik/aws_ws/install/basic_mobile_robot/share/basic_mobile_robot/models/aws_robomaker_warehouse_ShelfF_01/model.sdf
[0.593s] -- Up-to-date symlink: /home/ik/aws_ws/install/basic_mobile_robot/share/basic_mobile_robot/models/aws_robomaker_warehouse_TrashCanC_01/materials/textures/aws_robomaker_warehouse_TrashCanC_01.png
[0.594s] -- Up-to-date symlink: /home/ik/aws_ws/install/basic_mobile_robot/share/basic_mobile_robot/models/aws_robomaker_warehouse_TrashCanC_01/meshes/aws_robomaker_warehouse_TrashCanC_01_collision.DAE
[0.594s] -- Up-to-date symlink: /home/ik/aws_ws/install/basic_mobile_robot/share/basic_mobile_robot/models/aws_robomaker_warehouse_TrashCanC_01/meshes/aws_robomaker_warehouse_TrashCanC_01_visual.DAE
[0.594s] -- Up-to-date symlink: /home/ik/aws_ws/install/basic_mobile_robot/share/basic_mobile_robot/models/aws_robomaker_warehouse_TrashCanC_01/model.config
[0.595s] -- Up-to-date symlink: /home/ik/aws_ws/install/basic_mobile_robot/share/basic_mobile_robot/models/aws_robomaker_warehouse_TrashCanC_01/model.sdf
[0.595s] -- Up-to-date symlink: /home/ik/aws_ws/install/basic_mobile_robot/share/basic_mobile_robot/models/aws_robomaker_warehouse_WallB_01/materials/textures/aws_robomaker_warehouse_WallB_01.png
[0.595s] -- Up-to-date symlink: /home/ik/aws_ws/install/basic_mobile_robot/share/basic_mobile_robot/models/aws_robomaker_warehouse_WallB_01/meshes/aws_robomaker_warehouse_WallB_01_collision.DAE
[0.595s] -- Up-to-date symlink: /home/ik/aws_ws/install/basic_mobile_robot/share/basic_mobile_robot/models/aws_robomaker_warehouse_WallB_01/meshes/aws_robomaker_warehouse_WallB_01_visual.DAE
[0.596s] -- Up-to-date symlink: /home/ik/aws_ws/install/basic_mobile_robot/share/basic_mobile_robot/models/aws_robomaker_warehouse_WallB_01/model.config
[0.596s] -- Up-to-date symlink: /home/ik/aws_ws/install/basic_mobile_robot/share/basic_mobile_robot/models/aws_robomaker_warehouse_WallB_01/model.sdf
[0.596s] -- Up-to-date symlink: /home/ik/aws_ws/install/basic_mobile_robot/share/basic_mobile_robot/models/basic_mobile_bot_description/meshes/arm_base.stl
[0.596s] -- Up-to-date symlink: /home/ik/aws_ws/install/basic_mobile_robot/share/basic_mobile_robot/models/basic_mobile_bot_description/meshes/bicep.stl
[0.596s] -- Up-to-date symlink: /home/ik/aws_ws/install/basic_mobile_robot/share/basic_mobile_robot/models/basic_mobile_bot_description/meshes/elbow.stl
[0.597s] -- Up-to-date symlink: /home/ik/aws_ws/install/basic_mobile_robot/share/basic_mobile_robot/models/basic_mobile_bot_description/meshes/robot_base.stl
[0.597s] -- Up-to-date symlink: /home/ik/aws_ws/install/basic_mobile_robot/share/basic_mobile_robot/models/basic_mobile_bot_description/meshes/wheel.stl
[0.597s] -- Up-to-date symlink: /home/ik/aws_ws/install/basic_mobile_robot/share/basic_mobile_robot/models/basic_mobile_bot_description/meshes/wrist.stl
[0.597s] -- Up-to-date symlink: /home/ik/aws_ws/install/basic_mobile_robot/share/basic_mobile_robot/models/basic_mobile_bot_description/model.config
[0.598s] -- Up-to-date symlink: /home/ik/aws_ws/install/basic_mobile_robot/share/basic_mobile_robot/models/basic_mobile_bot_description/model.sdf
[0.598s] -- Up-to-date symlink: /home/ik/aws_ws/install/basic_mobile_robot/share/basic_mobile_robot/models/basic_mobile_bot_v1.urdf
[0.598s] -- Up-to-date symlink: /home/ik/aws_ws/install/basic_mobile_robot/share/basic_mobile_robot/models/basic_mobile_bot_v2.urdf
[0.598s] -- Up-to-date symlink: /home/ik/aws_ws/install/basic_mobile_robot/share/basic_mobile_robot/params/nav2_params.yaml
[0.599s] -- Up-to-date symlink: /home/ik/aws_ws/install/basic_mobile_robot/share/basic_mobile_robot/rviz/nav2_config.rviz
[0.599s] -- Up-to-date symlink: /home/ik/aws_ws/install/basic_mobile_robot/share/basic_mobile_robot/rviz/urdf_config.rviz
[0.600s] -- Up-to-date symlink: /home/ik/aws_ws/install/basic_mobile_robot/share/basic_mobile_robot/worlds/basic_mobile_bot_world/small_town.world
[0.600s] -- Up-to-date symlink: /home/ik/aws_ws/install/basic_mobile_robot/share/basic_mobile_robot/worlds/no_roof_small_warehouse/no_roof_small_warehouse.world
[0.600s] -- Up-to-date symlink: /home/ik/aws_ws/install/basic_mobile_robot/share/ament_index/resource_index/package_run_dependencies/basic_mobile_robot
[0.601s] -- Up-to-date symlink: /home/ik/aws_ws/install/basic_mobile_robot/share/ament_index/resource_index/parent_prefix_path/basic_mobile_robot
[0.601s] -- Up-to-date symlink: /home/ik/aws_ws/install/basic_mobile_robot/share/basic_mobile_robot/environment/ament_prefix_path.sh
[0.602s] -- Up-to-date symlink: /home/ik/aws_ws/install/basic_mobile_robot/share/basic_mobile_robot/environment/ament_prefix_path.dsv
[0.602s] -- Up-to-date symlink: /home/ik/aws_ws/install/basic_mobile_robot/share/basic_mobile_robot/environment/path.sh
[0.602s] -- Up-to-date symlink: /home/ik/aws_ws/install/basic_mobile_robot/share/basic_mobile_robot/environment/path.dsv
[0.602s] -- Up-to-date symlink: /home/ik/aws_ws/install/basic_mobile_robot/share/basic_mobile_robot/local_setup.bash
[0.603s] -- Up-to-date symlink: /home/ik/aws_ws/install/basic_mobile_robot/share/basic_mobile_robot/local_setup.sh
[0.603s] -- Up-to-date symlink: /home/ik/aws_ws/install/basic_mobile_robot/share/basic_mobile_robot/local_setup.zsh
[0.603s] -- Up-to-date symlink: /home/ik/aws_ws/install/basic_mobile_robot/share/basic_mobile_robot/local_setup.dsv
[0.604s] -- Symlinking: /home/ik/aws_ws/install/basic_mobile_robot/share/basic_mobile_robot/package.dsv
[0.615s] -- Up-to-date symlink: /home/ik/aws_ws/install/basic_mobile_robot/share/ament_index/resource_index/packages/basic_mobile_robot
[0.616s] -- Up-to-date symlink: /home/ik/aws_ws/install/basic_mobile_robot/share/basic_mobile_robot/cmake/basic_mobile_robotConfig.cmake
[0.616s] -- Up-to-date symlink: /home/ik/aws_ws/install/basic_mobile_robot/share/basic_mobile_robot/cmake/basic_mobile_robotConfig-version.cmake
[0.616s] -- Up-to-date symlink: /home/ik/aws_ws/install/basic_mobile_robot/share/basic_mobile_robot/package.xml
[0.621s] Invoked command in '/home/ik/aws_ws/build/basic_mobile_robot' returned '0': CMAKE_PREFIX_PATH=/opt/ros/foxy /usr/bin/cmake --install /home/ik/aws_ws/build/basic_mobile_robot
