[0.057s] Invoking command in '/home/ik/aws_ws/build/nav2_amcl': AMENT_PREFIX_PATH=/home/ik/aws_ws/install/nav2_util:/home/ik/aws_ws/install/nav2_msgs:/home/ik/aws_ws/install/nav2_common:${AMENT_PREFIX_PATH} CMAKE_PREFIX_PATH=/home/ik/aws_ws/install/nav2_util:/home/ik/aws_ws/install/nav2_msgs:/home/ik/aws_ws/install/nav2_common:/opt/ros/foxy LD_LIBRARY_PATH=/home/ik/aws_ws/install/nav2_util/lib:/home/ik/aws_ws/install/nav2_msgs/lib:${LD_LIBRARY_PATH} PYTHONPATH=/home/ik/aws_ws/install/nav2_msgs/lib/python3.8/site-packages:/home/ik/aws_ws/install/nav2_common/lib/python3.8/site-packages:${PYTHONPATH} /usr/bin/cmake --build /home/ik/aws_ws/build/nav2_amcl -- -j8 -l8
[0.087s] -- Found ament_cmake: 0.9.11 (/opt/ros/foxy/share/ament_cmake/cmake)
[0.116s] -- Using PYTHON_EXECUTABLE: /usr/bin/python3
[0.305s] -- Override CMake install command with custom implementation using symlinks instead of copying resources
[0.323s] -- Found nav2_common: 0.4.7 (/home/ik/aws_ws/install/nav2_common/share/nav2_common/cmake)
[0.323s] -- Found rclcpp: 2.4.2 (/opt/ros/foxy/share/rclcpp/cmake)
[0.353s] -- Using all available rosidl_typesupport_c: rosidl_typesupport_fastrtps_c;rosidl_typesupport_introspection_c
[0.356s] -- Found rosidl_adapter: 1.3.0 (/opt/ros/foxy/share/rosidl_adapter/cmake)
[0.493s] -- Using all available rosidl_typesupport_cpp: rosidl_typesupport_fastrtps_cpp;rosidl_typesupport_introspection_cpp
[0.542s] -- Found rmw_implementation_cmake: 1.0.4 (/opt/ros/foxy/share/rmw_implementation_cmake/cmake)
[0.543s] -- Using RMW implementation 'rmw_fastrtps_cpp' as default
[0.687s] -- Found rclcpp_lifecycle: 2.4.2 (/opt/ros/foxy/share/rclcpp_lifecycle/cmake)
[0.714s] -- Found message_filters: 3.2.5 (/opt/ros/foxy/share/message_filters/cmake)
[0.716s] -- Found tf2_geometry_msgs: 0.13.14 (/opt/ros/foxy/share/tf2_geometry_msgs/cmake)
[0.760s] -- Found eigen3_cmake_module: 0.1.1 (/opt/ros/foxy/share/eigen3_cmake_module/cmake)
[1.153s] -- Found nav_msgs: 2.0.5 (/opt/ros/foxy/share/nav_msgs/cmake)
[1.229s] -- Found sensor_msgs: 2.0.5 (/opt/ros/foxy/share/sensor_msgs/cmake)
[1.305s] -- Found std_srvs: 2.0.5 (/opt/ros/foxy/share/std_srvs/cmake)
[1.314s] -- Found nav2_util: 0.4.7 (/home/ik/aws_ws/install/nav2_util/share/nav2_util/cmake)
[2.639s] -- Found ament_lint_auto: 0.9.8 (/opt/ros/foxy/share/ament_lint_auto/cmake)
[2.721s] -- Added test 'cppcheck' to perform static code analysis on C / C++ code
[2.721s] -- Configured cppcheck include dirs: /home/ik/aws_ws/src/navigation2/nav2_amcl/include;/home/ik/aws_ws/src/navigation2/nav2_amcl/src/include
[2.721s] -- Configured cppcheck exclude dirs and/or files: 
[2.723s] -- Added test 'lint_cmake' to check CMake code style
[2.727s] -- Added test 'uncrustify' to check C / C++ code style
[2.727s] -- Configured uncrustify additional arguments: 
[2.727s] -- Added test 'xmllint' to check XML markup files
[2.734s] -- Configuring done
[2.848s] -- Generating done
[2.858s] -- Build files have been written to: /home/ik/aws_ws/build/nav2_amcl
[2.919s] [ 23%] Built target map_lib
[2.923s] [ 50%] Built target pf_lib
[2.967s] [ 53%] [32m[1mLinking CXX shared library libmotions_lib.so[0m
[2.976s] [ 73%] Built target sensors_lib
[3.212s] [ 84%] Built target motions_lib
[3.257s] [ 88%] [32m[1mLinking CXX shared library libamcl_core.so[0m
[3.719s] [ 92%] Built target amcl_core
[3.768s] [ 96%] [32m[1mLinking CXX executable amcl[0m
[4.059s] [100%] Built target amcl
[4.083s] Invoked command in '/home/ik/aws_ws/build/nav2_amcl' returned '0': AMENT_PREFIX_PATH=/home/ik/aws_ws/install/nav2_util:/home/ik/aws_ws/install/nav2_msgs:/home/ik/aws_ws/install/nav2_common:${AMENT_PREFIX_PATH} CMAKE_PREFIX_PATH=/home/ik/aws_ws/install/nav2_util:/home/ik/aws_ws/install/nav2_msgs:/home/ik/aws_ws/install/nav2_common:/opt/ros/foxy LD_LIBRARY_PATH=/home/ik/aws_ws/install/nav2_util/lib:/home/ik/aws_ws/install/nav2_msgs/lib:${LD_LIBRARY_PATH} PYTHONPATH=/home/ik/aws_ws/install/nav2_msgs/lib/python3.8/site-packages:/home/ik/aws_ws/install/nav2_common/lib/python3.8/site-packages:${PYTHONPATH} /usr/bin/cmake --build /home/ik/aws_ws/build/nav2_amcl -- -j8 -l8
[4.127s] Invoking command in '/home/ik/aws_ws/build/nav2_amcl': AMENT_PREFIX_PATH=/home/ik/aws_ws/install/nav2_util:/home/ik/aws_ws/install/nav2_msgs:/home/ik/aws_ws/install/nav2_common:${AMENT_PREFIX_PATH} CMAKE_PREFIX_PATH=/home/ik/aws_ws/install/nav2_util:/home/ik/aws_ws/install/nav2_msgs:/home/ik/aws_ws/install/nav2_common:/opt/ros/foxy LD_LIBRARY_PATH=/home/ik/aws_ws/install/nav2_util/lib:/home/ik/aws_ws/install/nav2_msgs/lib:${LD_LIBRARY_PATH} PYTHONPATH=/home/ik/aws_ws/install/nav2_msgs/lib/python3.8/site-packages:/home/ik/aws_ws/install/nav2_common/lib/python3.8/site-packages:${PYTHONPATH} /usr/bin/cmake --install /home/ik/aws_ws/build/nav2_amcl
[4.140s] -- Install configuration: "Release"
[4.142s] -- Execute custom install script
[4.143s] -- Up-to-date symlink: /home/ik/aws_ws/install/nav2_amcl/lib/libpf_lib.so
[4.143s] -- Up-to-date symlink: /home/ik/aws_ws/install/nav2_amcl/lib/libmap_lib.so
[4.143s] -- Up-to-date symlink: /home/ik/aws_ws/install/nav2_amcl/lib/libmotions_lib.so
[4.143s] -- Up-to-date symlink: /home/ik/aws_ws/install/nav2_amcl/lib/libsensors_lib.so
[4.143s] -- Up-to-date symlink: /home/ik/aws_ws/install/nav2_amcl/lib/libamcl_core.so
[4.143s] -- Up-to-date symlink: /home/ik/aws_ws/install/nav2_amcl/lib/nav2_amcl/amcl
[4.144s] -- Up-to-date symlink: /home/ik/aws_ws/install/nav2_amcl/include//nav2_amcl/amcl_node.hpp
[4.144s] -- Up-to-date symlink: /home/ik/aws_ws/install/nav2_amcl/include//nav2_amcl/angleutils.hpp
[4.144s] -- Up-to-date symlink: /home/ik/aws_ws/install/nav2_amcl/include//nav2_amcl/map/map.hpp
[4.144s] -- Up-to-date symlink: /home/ik/aws_ws/install/nav2_amcl/include//nav2_amcl/motion_model/motion_model.hpp
[4.144s] -- Up-to-date symlink: /home/ik/aws_ws/install/nav2_amcl/include//nav2_amcl/pf/eig3.hpp
[4.144s] -- Up-to-date symlink: /home/ik/aws_ws/install/nav2_amcl/include//nav2_amcl/pf/pf.hpp
[4.144s] -- Up-to-date symlink: /home/ik/aws_ws/install/nav2_amcl/include//nav2_amcl/pf/pf_kdtree.hpp
[4.145s] -- Up-to-date symlink: /home/ik/aws_ws/install/nav2_amcl/include//nav2_amcl/pf/pf_pdf.hpp
[4.145s] -- Up-to-date symlink: /home/ik/aws_ws/install/nav2_amcl/include//nav2_amcl/pf/pf_vector.hpp
[4.145s] -- Up-to-date symlink: /home/ik/aws_ws/install/nav2_amcl/include//nav2_amcl/sensors/laser/laser.hpp
[4.152s] -- Up-to-date symlink: /home/ik/aws_ws/install/nav2_amcl/share/nav2_amcl/environment/library_path.sh
[4.152s] -- Up-to-date symlink: /home/ik/aws_ws/install/nav2_amcl/share/nav2_amcl/environment/library_path.dsv
[4.152s] -- Up-to-date symlink: /home/ik/aws_ws/install/nav2_amcl/share/ament_index/resource_index/package_run_dependencies/nav2_amcl
[4.152s] -- Up-to-date symlink: /home/ik/aws_ws/install/nav2_amcl/share/ament_index/resource_index/parent_prefix_path/nav2_amcl
[4.153s] -- Up-to-date symlink: /home/ik/aws_ws/install/nav2_amcl/share/nav2_amcl/environment/ament_prefix_path.sh
[4.153s] -- Up-to-date symlink: /home/ik/aws_ws/install/nav2_amcl/share/nav2_amcl/environment/ament_prefix_path.dsv
[4.153s] -- Up-to-date symlink: /home/ik/aws_ws/install/nav2_amcl/share/nav2_amcl/environment/path.sh
[4.153s] -- Up-to-date symlink: /home/ik/aws_ws/install/nav2_amcl/share/nav2_amcl/environment/path.dsv
[4.153s] -- Up-to-date symlink: /home/ik/aws_ws/install/nav2_amcl/share/nav2_amcl/local_setup.bash
[4.153s] -- Up-to-date symlink: /home/ik/aws_ws/install/nav2_amcl/share/nav2_amcl/local_setup.sh
[4.153s] -- Up-to-date symlink: /home/ik/aws_ws/install/nav2_amcl/share/nav2_amcl/local_setup.zsh
[4.153s] -- Up-to-date symlink: /home/ik/aws_ws/install/nav2_amcl/share/nav2_amcl/local_setup.dsv
[4.154s] -- Symlinking: /home/ik/aws_ws/install/nav2_amcl/share/nav2_amcl/package.dsv
[4.160s] -- Up-to-date symlink: /home/ik/aws_ws/install/nav2_amcl/share/ament_index/resource_index/packages/nav2_amcl
[4.161s] -- Up-to-date symlink: /home/ik/aws_ws/install/nav2_amcl/share/nav2_amcl/cmake/ament_cmake_export_include_directories-extras.cmake
[4.162s] -- Up-to-date symlink: /home/ik/aws_ws/install/nav2_amcl/share/nav2_amcl/cmake/ament_cmake_export_libraries-extras.cmake
[4.163s] -- Up-to-date symlink: /home/ik/aws_ws/install/nav2_amcl/share/nav2_amcl/cmake/ament_cmake_export_dependencies-extras.cmake
[4.163s] -- Up-to-date symlink: /home/ik/aws_ws/install/nav2_amcl/share/nav2_amcl/cmake/nav2_amclConfig.cmake
[4.163s] -- Up-to-date symlink: /home/ik/aws_ws/install/nav2_amcl/share/nav2_amcl/cmake/nav2_amclConfig-version.cmake
[4.165s] -- Up-to-date symlink: /home/ik/aws_ws/install/nav2_amcl/share/nav2_amcl/package.xml
[4.174s] Invoked command in '/home/ik/aws_ws/build/nav2_amcl' returned '0': AMENT_PREFIX_PATH=/home/ik/aws_ws/install/nav2_util:/home/ik/aws_ws/install/nav2_msgs:/home/ik/aws_ws/install/nav2_common:${AMENT_PREFIX_PATH} CMAKE_PREFIX_PATH=/home/ik/aws_ws/install/nav2_util:/home/ik/aws_ws/install/nav2_msgs:/home/ik/aws_ws/install/nav2_common:/opt/ros/foxy LD_LIBRARY_PATH=/home/ik/aws_ws/install/nav2_util/lib:/home/ik/aws_ws/install/nav2_msgs/lib:${LD_LIBRARY_PATH} PYTHONPATH=/home/ik/aws_ws/install/nav2_msgs/lib/python3.8/site-packages:/home/ik/aws_ws/install/nav2_common/lib/python3.8/site-packages:${PYTHONPATH} /usr/bin/cmake --install /home/ik/aws_ws/build/nav2_amcl
