[0.059s] Invoking command in '/home/ik/aws_ws/build/nav2_amcl': AMENT_PREFIX_PATH=/home/ik/aws_ws/install/nav2_util:/home/ik/aws_ws/install/nav2_msgs:/home/ik/aws_ws/install/nav2_common:${AMENT_PREFIX_PATH} CMAKE_PREFIX_PATH=/home/ik/aws_ws/install/nav2_util:/home/ik/aws_ws/install/nav2_msgs:/home/ik/aws_ws/install/nav2_common:/opt/ros/foxy LD_LIBRARY_PATH=/home/ik/aws_ws/install/nav2_util/lib:/home/ik/aws_ws/install/nav2_msgs/lib:${LD_LIBRARY_PATH} PYTHONPATH=/home/ik/aws_ws/install/nav2_msgs/lib/python3.8/site-packages:/home/ik/aws_ws/install/nav2_common/lib/python3.8/site-packages:${PYTHONPATH} /usr/bin/cmake /home/ik/aws_ws/src/navigation2/nav2_amcl -DCMAKE_INSTALL_PREFIX=/home/ik/aws_ws/install/nav2_amcl
[0.078s] -- Found ament_cmake: 0.9.11 (/opt/ros/foxy/share/ament_cmake/cmake)
[0.102s] -- Using PYTHON_EXECUTABLE: /usr/bin/python3
[0.280s] -- Override CMake install command with custom implementation using symlinks instead of copying resources
[0.287s] -- Found nav2_common: 0.4.7 (/home/ik/aws_ws/install/nav2_common/share/nav2_common/cmake)
[0.287s] -- Found rclcpp: 2.4.2 (/opt/ros/foxy/share/rclcpp/cmake)
[0.318s] -- Using all available rosidl_typesupport_c: rosidl_typesupport_fastrtps_c;rosidl_typesupport_introspection_c
[0.322s] -- Found rosidl_adapter: 1.3.0 (/opt/ros/foxy/share/rosidl_adapter/cmake)
[0.440s] -- Using all available rosidl_typesupport_cpp: rosidl_typesupport_fastrtps_cpp;rosidl_typesupport_introspection_cpp
[0.487s] -- Found rmw_implementation_cmake: 1.0.4 (/opt/ros/foxy/share/rmw_implementation_cmake/cmake)
[0.488s] -- Using RMW implementation 'rmw_fastrtps_cpp' as default
[0.628s] -- Found rclcpp_lifecycle: 2.4.2 (/opt/ros/foxy/share/rclcpp_lifecycle/cmake)
[0.654s] -- Found message_filters: 3.2.5 (/opt/ros/foxy/share/message_filters/cmake)
[0.656s] -- Found tf2_geometry_msgs: 0.13.14 (/opt/ros/foxy/share/tf2_geometry_msgs/cmake)
[0.698s] -- Found eigen3_cmake_module: 0.1.1 (/opt/ros/foxy/share/eigen3_cmake_module/cmake)
[1.073s] -- Found nav_msgs: 2.0.5 (/opt/ros/foxy/share/nav_msgs/cmake)
[1.145s] -- Found sensor_msgs: 2.0.5 (/opt/ros/foxy/share/sensor_msgs/cmake)
[1.216s] -- Found std_srvs: 2.0.5 (/opt/ros/foxy/share/std_srvs/cmake)
[1.225s] -- Found nav2_util: 0.4.7 (/home/ik/aws_ws/install/nav2_util/share/nav2_util/cmake)
[2.505s] -- Found ament_lint_auto: 0.9.8 (/opt/ros/foxy/share/ament_lint_auto/cmake)
[2.588s] -- Added test 'cppcheck' to perform static code analysis on C / C++ code
[2.588s] -- Configured cppcheck include dirs: /home/ik/aws_ws/src/navigation2/nav2_amcl/include;/home/ik/aws_ws/src/navigation2/nav2_amcl/src/include
[2.588s] -- Configured cppcheck exclude dirs and/or files: 
[2.589s] -- Added test 'lint_cmake' to check CMake code style
[2.591s] -- Added test 'uncrustify' to check C / C++ code style
[2.591s] -- Configured uncrustify additional arguments: 
[2.592s] -- Added test 'xmllint' to check XML markup files
[2.600s] -- Configuring done
[2.725s] -- Generating done
[2.732s] -- Build files have been written to: /home/ik/aws_ws/build/nav2_amcl
[2.747s] Invoked command in '/home/ik/aws_ws/build/nav2_amcl' returned '0': AMENT_PREFIX_PATH=/home/ik/aws_ws/install/nav2_util:/home/ik/aws_ws/install/nav2_msgs:/home/ik/aws_ws/install/nav2_common:${AMENT_PREFIX_PATH} CMAKE_PREFIX_PATH=/home/ik/aws_ws/install/nav2_util:/home/ik/aws_ws/install/nav2_msgs:/home/ik/aws_ws/install/nav2_common:/opt/ros/foxy LD_LIBRARY_PATH=/home/ik/aws_ws/install/nav2_util/lib:/home/ik/aws_ws/install/nav2_msgs/lib:${LD_LIBRARY_PATH} PYTHONPATH=/home/ik/aws_ws/install/nav2_msgs/lib/python3.8/site-packages:/home/ik/aws_ws/install/nav2_common/lib/python3.8/site-packages:${PYTHONPATH} /usr/bin/cmake /home/ik/aws_ws/src/navigation2/nav2_amcl -DCMAKE_INSTALL_PREFIX=/home/ik/aws_ws/install/nav2_amcl
[2.749s] Invoking command in '/home/ik/aws_ws/build/nav2_amcl': AMENT_PREFIX_PATH=/home/ik/aws_ws/install/nav2_util:/home/ik/aws_ws/install/nav2_msgs:/home/ik/aws_ws/install/nav2_common:${AMENT_PREFIX_PATH} CMAKE_PREFIX_PATH=/home/ik/aws_ws/install/nav2_util:/home/ik/aws_ws/install/nav2_msgs:/home/ik/aws_ws/install/nav2_common:/opt/ros/foxy LD_LIBRARY_PATH=/home/ik/aws_ws/install/nav2_util/lib:/home/ik/aws_ws/install/nav2_msgs/lib:${LD_LIBRARY_PATH} PYTHONPATH=/home/ik/aws_ws/install/nav2_msgs/lib/python3.8/site-packages:/home/ik/aws_ws/install/nav2_common/lib/python3.8/site-packages:${PYTHONPATH} /usr/bin/cmake --build /home/ik/aws_ws/build/nav2_amcl -- -j8 -l8
[2.832s] [ 23%] Built target map_lib
[2.837s] [ 50%] Built target pf_lib
[2.876s] [ 53%] [32m[1mLinking CXX shared library libmotions_lib.so[0m
[2.887s] [ 73%] Built target sensors_lib
[3.120s] [ 84%] Built target motions_lib
[3.169s] [ 88%] [32m[1mLinking CXX shared library libamcl_core.so[0m
[3.581s] [ 92%] Built target amcl_core
[3.621s] [ 96%] [32m[1mLinking CXX executable amcl[0m
[3.896s] [100%] Built target amcl
[3.909s] Invoked command in '/home/ik/aws_ws/build/nav2_amcl' returned '0': AMENT_PREFIX_PATH=/home/ik/aws_ws/install/nav2_util:/home/ik/aws_ws/install/nav2_msgs:/home/ik/aws_ws/install/nav2_common:${AMENT_PREFIX_PATH} CMAKE_PREFIX_PATH=/home/ik/aws_ws/install/nav2_util:/home/ik/aws_ws/install/nav2_msgs:/home/ik/aws_ws/install/nav2_common:/opt/ros/foxy LD_LIBRARY_PATH=/home/ik/aws_ws/install/nav2_util/lib:/home/ik/aws_ws/install/nav2_msgs/lib:${LD_LIBRARY_PATH} PYTHONPATH=/home/ik/aws_ws/install/nav2_msgs/lib/python3.8/site-packages:/home/ik/aws_ws/install/nav2_common/lib/python3.8/site-packages:${PYTHONPATH} /usr/bin/cmake --build /home/ik/aws_ws/build/nav2_amcl -- -j8 -l8
[3.948s] Invoking command in '/home/ik/aws_ws/build/nav2_amcl': AMENT_PREFIX_PATH=/home/ik/aws_ws/install/nav2_util:/home/ik/aws_ws/install/nav2_msgs:/home/ik/aws_ws/install/nav2_common:${AMENT_PREFIX_PATH} CMAKE_PREFIX_PATH=/home/ik/aws_ws/install/nav2_util:/home/ik/aws_ws/install/nav2_msgs:/home/ik/aws_ws/install/nav2_common:/opt/ros/foxy LD_LIBRARY_PATH=/home/ik/aws_ws/install/nav2_util/lib:/home/ik/aws_ws/install/nav2_msgs/lib:${LD_LIBRARY_PATH} PYTHONPATH=/home/ik/aws_ws/install/nav2_msgs/lib/python3.8/site-packages:/home/ik/aws_ws/install/nav2_common/lib/python3.8/site-packages:${PYTHONPATH} /usr/bin/cmake --install /home/ik/aws_ws/build/nav2_amcl
[3.960s] -- Install configuration: "Release"
[3.961s] -- Execute custom install script
[3.961s] -- Up-to-date symlink: /home/ik/aws_ws/install/nav2_amcl/lib/libpf_lib.so
[3.963s] -- Up-to-date symlink: /home/ik/aws_ws/install/nav2_amcl/lib/libmap_lib.so
[3.963s] -- Up-to-date symlink: /home/ik/aws_ws/install/nav2_amcl/lib/libmotions_lib.so
[3.964s] -- Up-to-date symlink: /home/ik/aws_ws/install/nav2_amcl/lib/libsensors_lib.so
[3.964s] -- Up-to-date symlink: /home/ik/aws_ws/install/nav2_amcl/lib/libamcl_core.so
[3.964s] -- Up-to-date symlink: /home/ik/aws_ws/install/nav2_amcl/lib/nav2_amcl/amcl
[3.965s] -- Up-to-date symlink: /home/ik/aws_ws/install/nav2_amcl/include//nav2_amcl/amcl_node.hpp
[3.966s] -- Up-to-date symlink: /home/ik/aws_ws/install/nav2_amcl/include//nav2_amcl/angleutils.hpp
[3.966s] -- Up-to-date symlink: /home/ik/aws_ws/install/nav2_amcl/include//nav2_amcl/map/map.hpp
[3.966s] -- Up-to-date symlink: /home/ik/aws_ws/install/nav2_amcl/include//nav2_amcl/motion_model/motion_model.hpp
[3.967s] -- Up-to-date symlink: /home/ik/aws_ws/install/nav2_amcl/include//nav2_amcl/pf/eig3.hpp
[3.967s] -- Up-to-date symlink: /home/ik/aws_ws/install/nav2_amcl/include//nav2_amcl/pf/pf.hpp
[3.967s] -- Up-to-date symlink: /home/ik/aws_ws/install/nav2_amcl/include//nav2_amcl/pf/pf_kdtree.hpp
[3.967s] -- Up-to-date symlink: /home/ik/aws_ws/install/nav2_amcl/include//nav2_amcl/pf/pf_pdf.hpp
[3.968s] -- Up-to-date symlink: /home/ik/aws_ws/install/nav2_amcl/include//nav2_amcl/pf/pf_vector.hpp
[3.968s] -- Up-to-date symlink: /home/ik/aws_ws/install/nav2_amcl/include//nav2_amcl/sensors/laser/laser.hpp
[3.968s] -- Up-to-date symlink: /home/ik/aws_ws/install/nav2_amcl/share/nav2_amcl/environment/library_path.sh
[3.968s] -- Up-to-date symlink: /home/ik/aws_ws/install/nav2_amcl/share/nav2_amcl/environment/library_path.dsv
[3.969s] -- Up-to-date symlink: /home/ik/aws_ws/install/nav2_amcl/share/ament_index/resource_index/package_run_dependencies/nav2_amcl
[3.969s] -- Up-to-date symlink: /home/ik/aws_ws/install/nav2_amcl/share/ament_index/resource_index/parent_prefix_path/nav2_amcl
[3.969s] -- Up-to-date symlink: /home/ik/aws_ws/install/nav2_amcl/share/nav2_amcl/environment/ament_prefix_path.sh
[3.969s] -- Up-to-date symlink: /home/ik/aws_ws/install/nav2_amcl/share/nav2_amcl/environment/ament_prefix_path.dsv
[3.970s] -- Up-to-date symlink: /home/ik/aws_ws/install/nav2_amcl/share/nav2_amcl/environment/path.sh
[3.970s] -- Up-to-date symlink: /home/ik/aws_ws/install/nav2_amcl/share/nav2_amcl/environment/path.dsv
[3.970s] -- Up-to-date symlink: /home/ik/aws_ws/install/nav2_amcl/share/nav2_amcl/local_setup.bash
[3.970s] -- Up-to-date symlink: /home/ik/aws_ws/install/nav2_amcl/share/nav2_amcl/local_setup.sh
[3.971s] -- Up-to-date symlink: /home/ik/aws_ws/install/nav2_amcl/share/nav2_amcl/local_setup.zsh
[3.971s] -- Up-to-date symlink: /home/ik/aws_ws/install/nav2_amcl/share/nav2_amcl/local_setup.dsv
[3.971s] -- Symlinking: /home/ik/aws_ws/install/nav2_amcl/share/nav2_amcl/package.dsv
[3.986s] -- Up-to-date symlink: /home/ik/aws_ws/install/nav2_amcl/share/ament_index/resource_index/packages/nav2_amcl
[3.986s] -- Up-to-date symlink: /home/ik/aws_ws/install/nav2_amcl/share/nav2_amcl/cmake/ament_cmake_export_include_directories-extras.cmake
[3.987s] -- Up-to-date symlink: /home/ik/aws_ws/install/nav2_amcl/share/nav2_amcl/cmake/ament_cmake_export_libraries-extras.cmake
[3.987s] -- Up-to-date symlink: /home/ik/aws_ws/install/nav2_amcl/share/nav2_amcl/cmake/ament_cmake_export_dependencies-extras.cmake
[3.988s] -- Up-to-date symlink: /home/ik/aws_ws/install/nav2_amcl/share/nav2_amcl/cmake/nav2_amclConfig.cmake
[3.988s] -- Up-to-date symlink: /home/ik/aws_ws/install/nav2_amcl/share/nav2_amcl/cmake/nav2_amclConfig-version.cmake
[3.988s] -- Up-to-date symlink: /home/ik/aws_ws/install/nav2_amcl/share/nav2_amcl/package.xml
[3.998s] Invoked command in '/home/ik/aws_ws/build/nav2_amcl' returned '0': AMENT_PREFIX_PATH=/home/ik/aws_ws/install/nav2_util:/home/ik/aws_ws/install/nav2_msgs:/home/ik/aws_ws/install/nav2_common:${AMENT_PREFIX_PATH} CMAKE_PREFIX_PATH=/home/ik/aws_ws/install/nav2_util:/home/ik/aws_ws/install/nav2_msgs:/home/ik/aws_ws/install/nav2_common:/opt/ros/foxy LD_LIBRARY_PATH=/home/ik/aws_ws/install/nav2_util/lib:/home/ik/aws_ws/install/nav2_msgs/lib:${LD_LIBRARY_PATH} PYTHONPATH=/home/ik/aws_ws/install/nav2_msgs/lib/python3.8/site-packages:/home/ik/aws_ws/install/nav2_common/lib/python3.8/site-packages:${PYTHONPATH} /usr/bin/cmake --install /home/ik/aws_ws/build/nav2_amcl
