[0.022s] Invoking command in '/home/ik/aws_ws/build/nav2_rviz_plugins': AMENT_PREFIX_PATH=/home/ik/aws_ws/install/nav2_lifecycle_manager:/home/ik/aws_ws/install/nav2_util:/home/ik/aws_ws/install/nav2_msgs:/home/ik/aws_ws/install/nav2_common:${AMENT_PREFIX_PATH} CMAKE_PREFIX_PATH=/home/ik/aws_ws/install/nav2_lifecycle_manager:/home/ik/aws_ws/install/nav2_util:/home/ik/aws_ws/install/nav2_msgs:/home/ik/aws_ws/install/nav2_common:/opt/ros/foxy LD_LIBRARY_PATH=/home/ik/aws_ws/install/nav2_lifecycle_manager/lib:/home/ik/aws_ws/install/nav2_util/lib:/home/ik/aws_ws/install/nav2_msgs/lib:${LD_LIBRARY_PATH} PYTHONPATH=/home/ik/aws_ws/install/nav2_msgs/lib/python3.8/site-packages:/home/ik/aws_ws/install/nav2_common/lib/python3.8/site-packages:${PYTHONPATH} /usr/bin/cmake --build /home/ik/aws_ws/build/nav2_rviz_plugins -- -j8 -l8
[0.063s] -- Found ament_cmake: 0.9.11 (/opt/ros/foxy/share/ament_cmake/cmake)
[0.094s] -- Using PYTHON_EXECUTABLE: /usr/bin/python3
[0.295s] -- Override CMake install command with custom implementation using symlinks instead of copying resources
[0.300s] -- Found geometry_msgs: 2.0.5 (/opt/ros/foxy/share/geometry_msgs/cmake)
[0.325s] -- Using all available rosidl_typesupport_c: rosidl_typesupport_fastrtps_c;rosidl_typesupport_introspection_c
[0.332s] -- Found rosidl_adapter: 1.3.0 (/opt/ros/foxy/share/rosidl_adapter/cmake)
[0.562s] -- Using all available rosidl_typesupport_cpp: rosidl_typesupport_fastrtps_cpp;rosidl_typesupport_introspection_cpp
[0.771s] -- Found nav2_util: 0.4.7 (/home/ik/aws_ws/install/nav2_util/share/nav2_util/cmake)
[1.811s] -- Found rmw_implementation_cmake: 1.0.4 (/opt/ros/foxy/share/rmw_implementation_cmake/cmake)
[1.821s] -- Using RMW implementation 'rmw_fastrtps_cpp' as default
[2.943s] -- Found eigen3_cmake_module: 0.1.1 (/opt/ros/foxy/share/eigen3_cmake_module/cmake)
[3.383s] -- Found nav2_lifecycle_manager: 0.4.7 (/home/ik/aws_ws/install/nav2_lifecycle_manager/share/nav2_lifecycle_manager/cmake)
[4.046s] -- Found pluginlib: 2.5.4 (/opt/ros/foxy/share/pluginlib/cmake)
[4.086s] -- Found rviz_common: 8.2.8 (/opt/ros/foxy/share/rviz_common/cmake)
[4.093s] -- Setting OGRE_DIR to: '/opt/ros/foxy/share/rviz_ogre_vendor/cmake/../../../opt/rviz_ogre_vendor/lib/OGRE/cmake'
[4.096s] -- Found OGRE
[4.096s] --   static     : OFF
[4.096s] --   components : HLMS;MeshLodGenerator;Overlay;Paging;Property;RTShaderSystem;Terrain;Volume
[4.096s] --   plugins    : Plugin_BSPSceneManager;Plugin_OctreeSceneManager;Plugin_PCZSceneManager;Plugin_ParticleFX;RenderSystem_GL;RenderSystem_GL3Plus;Codec_STBI
[4.096s] --   media      : /opt/ros/foxy/opt/rviz_ogre_vendor/share/OGRE/Media
[4.096s] -- OGRE_LIBRARIES: OgreHLMS;OgreMeshLodGenerator;OgreOverlay;OgrePaging;OgreProperty;OgreRTShaderSystem;OgreTerrain;OgreVolume;OgreMain
[4.096s] -- OGRE_LIBRARY_DIRS: /opt/ros/foxy/opt/rviz_ogre_vendor/lib
[4.097s] -- OGRE_PLUGINS: Plugin_BSPSceneManager;Plugin_OctreeSceneManager;Plugin_PCZSceneManager;Plugin_ParticleFX;RenderSystem_GL;RenderSystem_GL3Plus;Codec_STBI
[4.097s] -- OGRE_PLUGIN_DIR: /opt/ros/foxy/opt/rviz_ogre_vendor/lib/OGRE
[4.097s] -- rviz_ogre_vendor::OgreOverlay for IMPORTED_LOCATION_RELEASE: /opt/ros/foxy/opt/rviz_ogre_vendor/lib/libOgreOverlay.so
[4.097s] -- rviz_ogre_vendor::OgreOverlay for IMPORTED_LOCATION_DEBUG: /opt/ros/foxy/opt/rviz_ogre_vendor/lib/libOgreOverlay.so
[4.097s] -- rviz_ogre_vendor::OgreMain for IMPORTED_LOCATION_RELEASE: /opt/ros/foxy/opt/rviz_ogre_vendor/lib/libOgreMain.so
[4.098s] -- rviz_ogre_vendor::OgreMain for IMPORTED_LOCATION_DEBUG: /opt/ros/foxy/opt/rviz_ogre_vendor/lib/libOgreMain.so
[4.166s] -- rviz_ogre_vendor::RenderSystem_GL for IMPORTED_LOCATION_RELEASE: _render_system_gl_static_library_abs-NOTFOUND
[4.166s] -- rviz_ogre_vendor::RenderSystem_GL for IMPORTED_LOCATION_DEBUG: _render_system_gl_static_library_abs-NOTFOUND
[4.169s] -- library: libassimp.so.5
[4.224s] -- library: /usr/lib/x86_64-linux-gnu/libcurl.so
[4.579s] -- Setting yaml-cpp_DIR to: '/opt/ros/foxy/share/yaml_cpp_vendor/cmake/../../../opt/yaml_cpp_vendor/lib/cmake/yaml-cpp'
[4.587s] -- Found rviz_default_plugins: 8.2.8 (/opt/ros/foxy/share/rviz_default_plugins/cmake)
[6.271s] -- Found ament_lint_auto: 0.9.8 (/opt/ros/foxy/share/ament_lint_auto/cmake)
[6.473s] -- Added test 'copyright' to check source files copyright and LICENSE
[6.475s] -- Added test 'cppcheck' to perform static code analysis on C / C++ code
[6.476s] -- Configured cppcheck include dirs: /home/ik/aws_ws/src/navigation2/nav2_rviz_plugins/include
[6.476s] -- Configured cppcheck exclude dirs and/or files: 
[6.478s] -- Added test 'cpplint' to check C / C++ code against the Google style
[6.478s] -- Configured cpplint exclude dirs and/or files: 
[6.479s] -- Added test 'lint_cmake' to check CMake code style
[6.481s] -- Added test 'uncrustify' to check C / C++ code style
[6.481s] -- Configured uncrustify additional arguments: 
[6.483s] -- Added test 'xmllint' to check XML markup files
[6.496s] -- Configuring done
[6.664s] -- Generating done
[6.674s] -- Build files have been written to: /home/ik/aws_ws/build/nav2_rviz_plugins
[6.865s] [ 20%] [34m[1mAutomatic MOC for target nav2_rviz_plugins[0m
[6.979s] [ 20%] Built target nav2_rviz_plugins_autogen
[7.197s] [ 40%] [32m[1mLinking CXX shared library libnav2_rviz_plugins.so[0m
[14.143s] [100%] Built target nav2_rviz_plugins
[14.192s] Invoked command in '/home/ik/aws_ws/build/nav2_rviz_plugins' returned '0': AMENT_PREFIX_PATH=/home/ik/aws_ws/install/nav2_lifecycle_manager:/home/ik/aws_ws/install/nav2_util:/home/ik/aws_ws/install/nav2_msgs:/home/ik/aws_ws/install/nav2_common:${AMENT_PREFIX_PATH} CMAKE_PREFIX_PATH=/home/ik/aws_ws/install/nav2_lifecycle_manager:/home/ik/aws_ws/install/nav2_util:/home/ik/aws_ws/install/nav2_msgs:/home/ik/aws_ws/install/nav2_common:/opt/ros/foxy LD_LIBRARY_PATH=/home/ik/aws_ws/install/nav2_lifecycle_manager/lib:/home/ik/aws_ws/install/nav2_util/lib:/home/ik/aws_ws/install/nav2_msgs/lib:${LD_LIBRARY_PATH} PYTHONPATH=/home/ik/aws_ws/install/nav2_msgs/lib/python3.8/site-packages:/home/ik/aws_ws/install/nav2_common/lib/python3.8/site-packages:${PYTHONPATH} /usr/bin/cmake --build /home/ik/aws_ws/build/nav2_rviz_plugins -- -j8 -l8
[14.606s] Invoking command in '/home/ik/aws_ws/build/nav2_rviz_plugins': AMENT_PREFIX_PATH=/home/ik/aws_ws/install/nav2_lifecycle_manager:/home/ik/aws_ws/install/nav2_util:/home/ik/aws_ws/install/nav2_msgs:/home/ik/aws_ws/install/nav2_common:${AMENT_PREFIX_PATH} CMAKE_PREFIX_PATH=/home/ik/aws_ws/install/nav2_lifecycle_manager:/home/ik/aws_ws/install/nav2_util:/home/ik/aws_ws/install/nav2_msgs:/home/ik/aws_ws/install/nav2_common:/opt/ros/foxy LD_LIBRARY_PATH=/home/ik/aws_ws/install/nav2_lifecycle_manager/lib:/home/ik/aws_ws/install/nav2_util/lib:/home/ik/aws_ws/install/nav2_msgs/lib:${LD_LIBRARY_PATH} PYTHONPATH=/home/ik/aws_ws/install/nav2_msgs/lib/python3.8/site-packages:/home/ik/aws_ws/install/nav2_common/lib/python3.8/site-packages:${PYTHONPATH} /usr/bin/cmake --install /home/ik/aws_ws/build/nav2_rviz_plugins
[14.632s] -- Install configuration: ""
[14.633s] -- Execute custom install script
[14.634s] -- Up-to-date symlink: /home/ik/aws_ws/install/nav2_rviz_plugins/share/nav2_rviz_plugins//plugins_description.xml
[14.634s] -- Up-to-date symlink: /home/ik/aws_ws/install/nav2_rviz_plugins/include//nav2_rviz_plugins/goal_common.hpp
[14.634s] -- Up-to-date symlink: /home/ik/aws_ws/install/nav2_rviz_plugins/include//nav2_rviz_plugins/goal_pose_updater.hpp
[14.634s] -- Up-to-date symlink: /home/ik/aws_ws/install/nav2_rviz_plugins/include//nav2_rviz_plugins/goal_tool.hpp
[14.643s] -- Up-to-date symlink: /home/ik/aws_ws/install/nav2_rviz_plugins/include//nav2_rviz_plugins/nav2_panel.hpp
[14.644s] -- Up-to-date symlink: /home/ik/aws_ws/install/nav2_rviz_plugins/include//nav2_rviz_plugins/ros_action_qevent.hpp
[14.645s] -- Up-to-date symlink: /home/ik/aws_ws/install/nav2_rviz_plugins/share/nav2_rviz_plugins/environment/library_path.sh
[14.645s] -- Up-to-date symlink: /home/ik/aws_ws/install/nav2_rviz_plugins/share/nav2_rviz_plugins/environment/library_path.dsv
[14.652s] -- Up-to-date symlink: /home/ik/aws_ws/install/nav2_rviz_plugins/share/ament_index/resource_index/package_run_dependencies/nav2_rviz_plugins
[14.652s] -- Up-to-date symlink: /home/ik/aws_ws/install/nav2_rviz_plugins/share/ament_index/resource_index/parent_prefix_path/nav2_rviz_plugins
[14.653s] -- Up-to-date symlink: /home/ik/aws_ws/install/nav2_rviz_plugins/share/nav2_rviz_plugins/environment/ament_prefix_path.sh
[14.653s] -- Up-to-date symlink: /home/ik/aws_ws/install/nav2_rviz_plugins/share/nav2_rviz_plugins/environment/ament_prefix_path.dsv
[14.654s] -- Up-to-date symlink: /home/ik/aws_ws/install/nav2_rviz_plugins/share/nav2_rviz_plugins/environment/path.sh
[14.655s] -- Up-to-date symlink: /home/ik/aws_ws/install/nav2_rviz_plugins/share/nav2_rviz_plugins/environment/path.dsv
[14.656s] -- Up-to-date symlink: /home/ik/aws_ws/install/nav2_rviz_plugins/share/nav2_rviz_plugins/local_setup.bash
[14.656s] -- Up-to-date symlink: /home/ik/aws_ws/install/nav2_rviz_plugins/share/nav2_rviz_plugins/local_setup.sh
[14.657s] -- Up-to-date symlink: /home/ik/aws_ws/install/nav2_rviz_plugins/share/nav2_rviz_plugins/local_setup.zsh
[14.657s] -- Up-to-date symlink: /home/ik/aws_ws/install/nav2_rviz_plugins/share/nav2_rviz_plugins/local_setup.dsv
[14.658s] -- Symlinking: /home/ik/aws_ws/install/nav2_rviz_plugins/share/nav2_rviz_plugins/package.dsv
[14.678s] -- Up-to-date symlink: /home/ik/aws_ws/install/nav2_rviz_plugins/share/ament_index/resource_index/packages/nav2_rviz_plugins
[14.679s] -- Up-to-date symlink: /home/ik/aws_ws/install/nav2_rviz_plugins/share/ament_index/resource_index/rviz_common__pluginlib__plugin/nav2_rviz_plugins
[14.680s] -- Up-to-date symlink: /home/ik/aws_ws/install/nav2_rviz_plugins/share/nav2_rviz_plugins/cmake/ament_cmake_export_include_directories-extras.cmake
[14.687s] -- Up-to-date symlink: /home/ik/aws_ws/install/nav2_rviz_plugins/share/nav2_rviz_plugins/cmake/ament_cmake_export_targets-extras.cmake
[14.687s] -- Up-to-date symlink: /home/ik/aws_ws/install/nav2_rviz_plugins/share/nav2_rviz_plugins/cmake/ament_cmake_export_dependencies-extras.cmake
[14.687s] -- Up-to-date symlink: /home/ik/aws_ws/install/nav2_rviz_plugins/share/nav2_rviz_plugins/cmake/nav2_rviz_pluginsConfig.cmake
[14.687s] -- Up-to-date symlink: /home/ik/aws_ws/install/nav2_rviz_plugins/share/nav2_rviz_plugins/cmake/nav2_rviz_pluginsConfig-version.cmake
[14.687s] -- Up-to-date symlink: /home/ik/aws_ws/install/nav2_rviz_plugins/share/nav2_rviz_plugins/package.xml
[14.687s] -- Installing: /home/ik/aws_ws/install/nav2_rviz_plugins/lib/libnav2_rviz_plugins.so
[14.697s] -- Set runtime path of "/home/ik/aws_ws/install/nav2_rviz_plugins/lib/libnav2_rviz_plugins.so" to ""
[14.697s] -- Up-to-date: /home/ik/aws_ws/install/nav2_rviz_plugins/share/nav2_rviz_plugins/cmake/nav2_rviz_pluginsExport.cmake
[14.698s] -- Installing: /home/ik/aws_ws/install/nav2_rviz_plugins/share/nav2_rviz_plugins/cmake/nav2_rviz_pluginsExport-noconfig.cmake
[14.702s] Invoked command in '/home/ik/aws_ws/build/nav2_rviz_plugins' returned '0': AMENT_PREFIX_PATH=/home/ik/aws_ws/install/nav2_lifecycle_manager:/home/ik/aws_ws/install/nav2_util:/home/ik/aws_ws/install/nav2_msgs:/home/ik/aws_ws/install/nav2_common:${AMENT_PREFIX_PATH} CMAKE_PREFIX_PATH=/home/ik/aws_ws/install/nav2_lifecycle_manager:/home/ik/aws_ws/install/nav2_util:/home/ik/aws_ws/install/nav2_msgs:/home/ik/aws_ws/install/nav2_common:/opt/ros/foxy LD_LIBRARY_PATH=/home/ik/aws_ws/install/nav2_lifecycle_manager/lib:/home/ik/aws_ws/install/nav2_util/lib:/home/ik/aws_ws/install/nav2_msgs/lib:${LD_LIBRARY_PATH} PYTHONPATH=/home/ik/aws_ws/install/nav2_msgs/lib/python3.8/site-packages:/home/ik/aws_ws/install/nav2_common/lib/python3.8/site-packages:${PYTHONPATH} /usr/bin/cmake --install /home/ik/aws_ws/build/nav2_rviz_plugins
