[0.093s] Invoking command in '/home/ik/aws_ws/build/nav2_controller': AMENT_PREFIX_PATH=/home/ik/aws_ws/install/nav2_core:/home/ik/aws_ws/install/nav2_costmap_2d:/home/ik/aws_ws/install/nav_2d_utils:/home/ik/aws_ws/install/nav2_util:/home/ik/aws_ws/install/nav2_voxel_grid:/home/ik/aws_ws/install/nav2_msgs:/home/ik/aws_ws/install/nav_2d_msgs:/home/ik/aws_ws/install/nav2_common:${AMENT_PREFIX_PATH} CMAKE_PREFIX_PATH=/home/ik/aws_ws/install/nav2_core:/home/ik/aws_ws/install/nav2_costmap_2d:/home/ik/aws_ws/install/nav_2d_utils:/home/ik/aws_ws/install/nav2_util:/home/ik/aws_ws/install/nav2_voxel_grid:/home/ik/aws_ws/install/nav2_msgs:/home/ik/aws_ws/install/nav_2d_msgs:/home/ik/aws_ws/install/nav2_common:/opt/ros/foxy LD_LIBRARY_PATH=/home/ik/aws_ws/install/nav2_costmap_2d/lib:/home/ik/aws_ws/install/nav_2d_utils/lib:/home/ik/aws_ws/install/nav2_util/lib:/home/ik/aws_ws/install/nav2_voxel_grid/lib:/home/ik/aws_ws/install/nav2_msgs/lib:/home/ik/aws_ws/install/nav_2d_msgs/lib:${LD_LIBRARY_PATH} PYTHONPATH=/home/ik/aws_ws/install/nav2_msgs/lib/python3.8/site-packages:/home/ik/aws_ws/install/nav_2d_msgs/lib/python3.8/site-packages:/home/ik/aws_ws/install/nav2_common/lib/python3.8/site-packages:${PYTHONPATH} /usr/bin/cmake --build /home/ik/aws_ws/build/nav2_controller -- -j8 -l8
[0.174s] [ 11%] Built target gtest_main
[0.177s] [ 22%] Built target gtest
[0.188s] [ 33%] Built target controller_server_core
[0.196s] [ 44%] Built target simple_goal_checker
[0.209s] [ 55%] Built target simple_progress_checker
[0.266s] [ 77%] Built target pctest
[0.267s] [ 77%] Built target controller_server
[0.274s] [ 88%] Built target stopped_goal_checker
[0.319s] [100%] Built target gctest
[0.367s] Invoked command in '/home/ik/aws_ws/build/nav2_controller' returned '0': AMENT_PREFIX_PATH=/home/ik/aws_ws/install/nav2_core:/home/ik/aws_ws/install/nav2_costmap_2d:/home/ik/aws_ws/install/nav_2d_utils:/home/ik/aws_ws/install/nav2_util:/home/ik/aws_ws/install/nav2_voxel_grid:/home/ik/aws_ws/install/nav2_msgs:/home/ik/aws_ws/install/nav_2d_msgs:/home/ik/aws_ws/install/nav2_common:${AMENT_PREFIX_PATH} CMAKE_PREFIX_PATH=/home/ik/aws_ws/install/nav2_core:/home/ik/aws_ws/install/nav2_costmap_2d:/home/ik/aws_ws/install/nav_2d_utils:/home/ik/aws_ws/install/nav2_util:/home/ik/aws_ws/install/nav2_voxel_grid:/home/ik/aws_ws/install/nav2_msgs:/home/ik/aws_ws/install/nav_2d_msgs:/home/ik/aws_ws/install/nav2_common:/opt/ros/foxy LD_LIBRARY_PATH=/home/ik/aws_ws/install/nav2_costmap_2d/lib:/home/ik/aws_ws/install/nav_2d_utils/lib:/home/ik/aws_ws/install/nav2_util/lib:/home/ik/aws_ws/install/nav2_voxel_grid/lib:/home/ik/aws_ws/install/nav2_msgs/lib:/home/ik/aws_ws/install/nav_2d_msgs/lib:${LD_LIBRARY_PATH} PYTHONPATH=/home/ik/aws_ws/install/nav2_msgs/lib/python3.8/site-packages:/home/ik/aws_ws/install/nav_2d_msgs/lib/python3.8/site-packages:/home/ik/aws_ws/install/nav2_common/lib/python3.8/site-packages:${PYTHONPATH} /usr/bin/cmake --build /home/ik/aws_ws/build/nav2_controller -- -j8 -l8
[0.469s] Invoking command in '/home/ik/aws_ws/build/nav2_controller': AMENT_PREFIX_PATH=/home/ik/aws_ws/install/nav2_core:/home/ik/aws_ws/install/nav2_costmap_2d:/home/ik/aws_ws/install/nav_2d_utils:/home/ik/aws_ws/install/nav2_util:/home/ik/aws_ws/install/nav2_voxel_grid:/home/ik/aws_ws/install/nav2_msgs:/home/ik/aws_ws/install/nav_2d_msgs:/home/ik/aws_ws/install/nav2_common:${AMENT_PREFIX_PATH} CMAKE_PREFIX_PATH=/home/ik/aws_ws/install/nav2_core:/home/ik/aws_ws/install/nav2_costmap_2d:/home/ik/aws_ws/install/nav_2d_utils:/home/ik/aws_ws/install/nav2_util:/home/ik/aws_ws/install/nav2_voxel_grid:/home/ik/aws_ws/install/nav2_msgs:/home/ik/aws_ws/install/nav_2d_msgs:/home/ik/aws_ws/install/nav2_common:/opt/ros/foxy LD_LIBRARY_PATH=/home/ik/aws_ws/install/nav2_costmap_2d/lib:/home/ik/aws_ws/install/nav_2d_utils/lib:/home/ik/aws_ws/install/nav2_util/lib:/home/ik/aws_ws/install/nav2_voxel_grid/lib:/home/ik/aws_ws/install/nav2_msgs/lib:/home/ik/aws_ws/install/nav_2d_msgs/lib:${LD_LIBRARY_PATH} PYTHONPATH=/home/ik/aws_ws/install/nav2_msgs/lib/python3.8/site-packages:/home/ik/aws_ws/install/nav_2d_msgs/lib/python3.8/site-packages:/home/ik/aws_ws/install/nav2_common/lib/python3.8/site-packages:${PYTHONPATH} /usr/bin/cmake --install /home/ik/aws_ws/build/nav2_controller
[0.479s] -- Install configuration: "Release"
[0.481s] -- Execute custom install script
[0.481s] -- Up-to-date symlink: /home/ik/aws_ws/install/nav2_controller/lib/libsimple_progress_checker.so
[0.481s] -- Up-to-date symlink: /home/ik/aws_ws/install/nav2_controller/lib/libsimple_goal_checker.so
[0.481s] -- Up-to-date symlink: /home/ik/aws_ws/install/nav2_controller/lib/libstopped_goal_checker.so
[0.482s] -- Up-to-date symlink: /home/ik/aws_ws/install/nav2_controller/lib/libcontroller_server_core.a
[0.482s] -- Up-to-date symlink: /home/ik/aws_ws/install/nav2_controller/lib/nav2_controller/controller_server
[0.482s] -- Up-to-date symlink: /home/ik/aws_ws/install/nav2_controller/include//nav2_controller/nav2_controller.hpp
[0.483s] -- Up-to-date symlink: /home/ik/aws_ws/install/nav2_controller/include//nav2_controller/plugins/simple_goal_checker.hpp
[0.483s] -- Up-to-date symlink: /home/ik/aws_ws/install/nav2_controller/include//nav2_controller/plugins/simple_progress_checker.hpp
[0.483s] -- Up-to-date symlink: /home/ik/aws_ws/install/nav2_controller/include//nav2_controller/plugins/stopped_goal_checker.hpp
[0.483s] -- Up-to-date symlink: /home/ik/aws_ws/install/nav2_controller/share/nav2_controller/environment/library_path.sh
[0.483s] -- Up-to-date symlink: /home/ik/aws_ws/install/nav2_controller/share/nav2_controller/environment/library_path.dsv
[0.485s] -- Up-to-date symlink: /home/ik/aws_ws/install/nav2_controller/share/nav2_controller//plugins.xml
[0.485s] -- Up-to-date symlink: /home/ik/aws_ws/install/nav2_controller/share/ament_index/resource_index/package_run_dependencies/nav2_controller
[0.486s] -- Up-to-date symlink: /home/ik/aws_ws/install/nav2_controller/share/ament_index/resource_index/parent_prefix_path/nav2_controller
[0.486s] -- Up-to-date symlink: /home/ik/aws_ws/install/nav2_controller/share/nav2_controller/environment/ament_prefix_path.sh
[0.486s] -- Up-to-date symlink: /home/ik/aws_ws/install/nav2_controller/share/nav2_controller/environment/ament_prefix_path.dsv
[0.486s] -- Up-to-date symlink: /home/ik/aws_ws/install/nav2_controller/share/nav2_controller/environment/path.sh
[0.487s] -- Up-to-date symlink: /home/ik/aws_ws/install/nav2_controller/share/nav2_controller/environment/path.dsv
[0.488s] -- Up-to-date symlink: /home/ik/aws_ws/install/nav2_controller/share/nav2_controller/local_setup.bash
[0.489s] -- Up-to-date symlink: /home/ik/aws_ws/install/nav2_controller/share/nav2_controller/local_setup.sh
[0.489s] -- Up-to-date symlink: /home/ik/aws_ws/install/nav2_controller/share/nav2_controller/local_setup.zsh
[0.489s] -- Up-to-date symlink: /home/ik/aws_ws/install/nav2_controller/share/nav2_controller/local_setup.dsv
[0.489s] -- Symlinking: /home/ik/aws_ws/install/nav2_controller/share/nav2_controller/package.dsv
[0.502s] -- Up-to-date symlink: /home/ik/aws_ws/install/nav2_controller/share/ament_index/resource_index/packages/nav2_controller
[0.503s] -- Up-to-date symlink: /home/ik/aws_ws/install/nav2_controller/share/ament_index/resource_index/nav2_core__pluginlib__plugin/nav2_controller
[0.503s] -- Up-to-date symlink: /home/ik/aws_ws/install/nav2_controller/share/nav2_controller/cmake/ament_cmake_export_include_directories-extras.cmake
[0.503s] -- Up-to-date symlink: /home/ik/aws_ws/install/nav2_controller/share/nav2_controller/cmake/ament_cmake_export_libraries-extras.cmake
[0.504s] -- Up-to-date symlink: /home/ik/aws_ws/install/nav2_controller/share/nav2_controller/cmake/ament_cmake_export_definitions-extras.cmake
[0.504s] -- Up-to-date symlink: /home/ik/aws_ws/install/nav2_controller/share/nav2_controller/cmake/nav2_controllerConfig.cmake
[0.504s] -- Up-to-date symlink: /home/ik/aws_ws/install/nav2_controller/share/nav2_controller/cmake/nav2_controllerConfig-version.cmake
[0.507s] -- Up-to-date symlink: /home/ik/aws_ws/install/nav2_controller/share/nav2_controller/package.xml
[0.590s] Invoked command in '/home/ik/aws_ws/build/nav2_controller' returned '0': AMENT_PREFIX_PATH=/home/ik/aws_ws/install/nav2_core:/home/ik/aws_ws/install/nav2_costmap_2d:/home/ik/aws_ws/install/nav_2d_utils:/home/ik/aws_ws/install/nav2_util:/home/ik/aws_ws/install/nav2_voxel_grid:/home/ik/aws_ws/install/nav2_msgs:/home/ik/aws_ws/install/nav_2d_msgs:/home/ik/aws_ws/install/nav2_common:${AMENT_PREFIX_PATH} CMAKE_PREFIX_PATH=/home/ik/aws_ws/install/nav2_core:/home/ik/aws_ws/install/nav2_costmap_2d:/home/ik/aws_ws/install/nav_2d_utils:/home/ik/aws_ws/install/nav2_util:/home/ik/aws_ws/install/nav2_voxel_grid:/home/ik/aws_ws/install/nav2_msgs:/home/ik/aws_ws/install/nav_2d_msgs:/home/ik/aws_ws/install/nav2_common:/opt/ros/foxy LD_LIBRARY_PATH=/home/ik/aws_ws/install/nav2_costmap_2d/lib:/home/ik/aws_ws/install/nav_2d_utils/lib:/home/ik/aws_ws/install/nav2_util/lib:/home/ik/aws_ws/install/nav2_voxel_grid/lib:/home/ik/aws_ws/install/nav2_msgs/lib:/home/ik/aws_ws/install/nav_2d_msgs/lib:${LD_LIBRARY_PATH} PYTHONPATH=/home/ik/aws_ws/install/nav2_msgs/lib/python3.8/site-packages:/home/ik/aws_ws/install/nav_2d_msgs/lib/python3.8/site-packages:/home/ik/aws_ws/install/nav2_common/lib/python3.8/site-packages:${PYTHONPATH} /usr/bin/cmake --install /home/ik/aws_ws/build/nav2_controller
