[0.032s] Invoking command in '/home/ik/aws_ws/build/turtlebot3_gazebo': CMAKE_PREFIX_PATH=${CMAKE_PREFIX_PATH}:/opt/ros/foxy /usr/bin/cmake /home/ik/aws_ws/src/turtlebot3_simulations/turtlebot3_gazebo -DCMAKE_INSTALL_PREFIX=/home/ik/aws_ws/install/turtlebot3_gazebo
[0.095s] -- The C compiler identification is GNU 9.4.0
[0.166s] -- The CXX compiler identification is GNU 9.4.0
[0.168s] -- Check for working C compiler: /usr/bin/cc
[0.262s] -- Check for working C compiler: /usr/bin/cc -- works
[0.264s] -- Detecting C compiler ABI info
[0.360s] -- Detecting C compiler ABI info - done
[0.381s] -- Detecting C compile features
[0.381s] -- Detecting C compile features - done
[0.383s] -- Check for working CXX compiler: /usr/bin/c++
[0.476s] -- Check for working CXX compiler: /usr/bin/c++ -- works
[0.479s] -- Detecting CXX compiler ABI info
[0.580s] -- Detecting CXX compiler ABI info - done
[0.597s] -- Detecting CXX compile features
[0.597s] -- Detecting CXX compile features - done
[0.599s] -- Found ament_cmake: 0.9.11 (/opt/ros/foxy/share/ament_cmake/cmake)
[0.624s] -- Found PythonInterp: /usr/bin/python3 (found suitable version "3.8.10", minimum required is "3") 
[0.624s] -- Using PYTHON_EXECUTABLE: /usr/bin/python3
[0.799s] -- Found PkgConfig: /usr/bin/pkg-config (found version "0.29.1") 
[0.808s] -- Checking for module 'bullet>=2.82'
[0.833s] --   Found bullet, version 2.88
[1.010s] -- Found ccd: /usr/include (found suitable version "2.0", minimum required is "2.0") 
[1.107s] -- Found fcl: /usr/include (found suitable version "0.5.0", minimum required is "0.3.2") 
[1.213s] -- Found assimp: /usr/include (found version "5.0.0") 
[1.238s] -- Found DART: /usr/include (Required is at least version "6.6") found components: dart 
[1.645s] -- Found Boost: /usr/lib/x86_64-linux-gnu/cmake/Boost-1.71.0/BoostConfig.cmake (found suitable version "1.71.0", minimum required is "1.40.0") found components: thread system filesystem program_options regex iostreams date_time 
[1.666s] -- Found Protobuf: /usr/lib/x86_64-linux-gnu/libprotobuf.so;-lpthread (found version "3.6.1") 
[1.673s] -- Looking for ignition-math6 -- found version 6.13.0
[1.679s] -- Searching for dependencies of ignition-math6
[1.680s] -- Looking for OGRE...
[1.680s] -- OGRE_PREFIX_WATCH changed.
[1.685s] -- Checking for module 'OGRE'
[1.715s] --   Found OGRE, version 1.9.0
[1.771s] -- Found Ogre Ghadamon (1.9.0)
[1.784s] -- Found OGRE: optimized;/usr/lib/x86_64-linux-gnu/libOgreMain.so;debug;/usr/lib/x86_64-linux-gnu/libOgreMain.so
[1.792s] -- Looking for OGRE_Paging...
[1.797s] -- Found OGRE_Paging: optimized;/usr/lib/x86_64-linux-gnu/libOgrePaging.so;debug;/usr/lib/x86_64-linux-gnu/libOgrePaging.so
[1.797s] -- Looking for OGRE_Terrain...
[1.802s] -- Found OGRE_Terrain: optimized;/usr/lib/x86_64-linux-gnu/libOgreTerrain.so;debug;/usr/lib/x86_64-linux-gnu/libOgreTerrain.so
[1.802s] -- Looking for OGRE_Property...
[1.806s] -- Found OGRE_Property: optimized;/usr/lib/x86_64-linux-gnu/libOgreProperty.so;debug;/usr/lib/x86_64-linux-gnu/libOgreProperty.so
[1.806s] -- Looking for OGRE_RTShaderSystem...
[1.810s] -- Found OGRE_RTShaderSystem: optimized;/usr/lib/x86_64-linux-gnu/libOgreRTShaderSystem.so;debug;/usr/lib/x86_64-linux-gnu/libOgreRTShaderSystem.so
[1.810s] -- Looking for OGRE_Volume...
[1.815s] -- Found OGRE_Volume: optimized;/usr/lib/x86_64-linux-gnu/libOgreVolume.so;debug;/usr/lib/x86_64-linux-gnu/libOgreVolume.so
[1.815s] -- Looking for OGRE_Overlay...
[1.819s] -- Found OGRE_Overlay: optimized;/usr/lib/x86_64-linux-gnu/libOgreOverlay.so;debug;/usr/lib/x86_64-linux-gnu/libOgreOverlay.so
[1.908s] -- Looking for ignition-math6 -- found version 6.13.0
[1.909s] -- Looking for ignition-transport8 -- found version 8.4.0
[1.909s] -- Searching for dependencies of ignition-transport8
[1.927s] -- Found Protobuf: /usr/lib/x86_64-linux-gnu/libprotobuf.so;-lpthread (found suitable version "3.6.1", minimum required is "3") 
[1.943s] -- Config-file not installed for ZeroMQ -- checking for pkg-config
[1.948s] -- Checking for module 'libzmq >= 4'
[1.977s] --   Found libzmq , version 4.3.2
[2.050s] -- Found ZeroMQ: TRUE (Required is at least version "4") 
[2.060s] -- Checking for module 'uuid'
[2.089s] --   Found uuid, version 2.34.0
[2.149s] -- Found UUID: TRUE  
[2.152s] -- Looking for ignition-msgs5 -- found version 5.11.0
[2.153s] -- Searching for dependencies of ignition-msgs5
[2.175s] -- Looking for ignition-math6 -- found version 6.13.0
[2.182s] -- Checking for module 'tinyxml2'
[2.213s] --   Found tinyxml2, version 6.2.0
[2.291s] -- Looking for ignition-msgs5 -- found version 5.11.0
[2.294s] -- Looking for ignition-common3 -- found version 3.15.1
[2.295s] -- Searching for dependencies of ignition-common3
[2.296s] -- Looking for dlfcn.h - found
[2.297s] -- Looking for libdl - found
[2.299s] -- Found DL: TRUE  
[2.307s] -- Searching for <ignition-common3> component [graphics]
[2.309s] -- Looking for ignition-common3-graphics -- found version 3.15.1
[2.309s] -- Searching for dependencies of ignition-common3-graphics
[2.309s] -- Looking for ignition-math6 -- found version 6.13.0
[2.311s] -- Looking for ignition-fuel_tools4 -- found version 4.8.3
[2.312s] -- Searching for dependencies of ignition-fuel_tools4
[2.429s] -- Found CURL: /usr/lib/x86_64-linux-gnu/libcurl.so (found version "7.68.0")  
[2.443s] -- Checking for module 'jsoncpp'
[2.472s] --   Found jsoncpp, version 1.7.4
[2.538s] -- Found JSONCPP: TRUE  
[2.546s] -- Checking for module 'libzip'
[2.569s] --   Found libzip, version 1.5.1
[2.633s] -- Found ZIP: TRUE  
[2.633s] -- Looking for ignition-common3 -- found version 3.15.1
[2.634s] -- Looking for ignition-math6 -- found version 6.13.0
[2.635s] -- Looking for ignition-msgs5 -- found version 5.11.0
[2.648s] -- Found gazebo_ros_pkgs: 3.5.3 (/opt/ros/foxy/share/gazebo_ros_pkgs/cmake)
[2.650s] -- Found geometry_msgs: 2.0.5 (/opt/ros/foxy/share/geometry_msgs/cmake)
[2.675s] -- Using all available rosidl_typesupport_c: rosidl_typesupport_fastrtps_c;rosidl_typesupport_introspection_c
[2.681s] -- Found rosidl_adapter: 1.3.0 (/opt/ros/foxy/share/rosidl_adapter/cmake)
[2.788s] -- Found OpenSSL: /usr/lib/x86_64-linux-gnu/libcrypto.so (found version "1.1.1f")  
[2.817s] -- Found FastRTPS: /opt/ros/foxy/include  
[2.883s] -- Using all available rosidl_typesupport_cpp: rosidl_typesupport_fastrtps_cpp;rosidl_typesupport_introspection_cpp
[2.955s] -- Found nav_msgs: 2.0.5 (/opt/ros/foxy/share/nav_msgs/cmake)
[3.017s] -- Found rclcpp: 2.4.2 (/opt/ros/foxy/share/rclcpp/cmake)
[3.052s] -- Found rmw_implementation_cmake: 1.0.4 (/opt/ros/foxy/share/rmw_implementation_cmake/cmake)
[3.053s] -- Using RMW implementation 'rmw_fastrtps_cpp' as default
[3.054s] -- Found Threads: TRUE  
[3.173s] -- Found sensor_msgs: 2.0.5 (/opt/ros/foxy/share/sensor_msgs/cmake)
[3.235s] -- Found tf2: 0.13.14 (/opt/ros/foxy/share/tf2/cmake)
[3.304s] -- Configuring done
[3.345s] -- Generating done
[3.347s] -- Build files have been written to: /home/ik/aws_ws/build/turtlebot3_gazebo
[3.360s] Invoked command in '/home/ik/aws_ws/build/turtlebot3_gazebo' returned '0': CMAKE_PREFIX_PATH=${CMAKE_PREFIX_PATH}:/opt/ros/foxy /usr/bin/cmake /home/ik/aws_ws/src/turtlebot3_simulations/turtlebot3_gazebo -DCMAKE_INSTALL_PREFIX=/home/ik/aws_ws/install/turtlebot3_gazebo
[3.365s] Invoking command in '/home/ik/aws_ws/build/turtlebot3_gazebo': CMAKE_PREFIX_PATH=${CMAKE_PREFIX_PATH}:/opt/ros/foxy /usr/bin/cmake --build /home/ik/aws_ws/build/turtlebot3_gazebo -- -j8 -l8
[3.416s] [35m[1mScanning dependencies of target obstacle1[0m
[3.417s] [35m[1mScanning dependencies of target obstacles[0m
[3.417s] [35m[1mScanning dependencies of target turtlebot3_drive[0m
[3.417s] [35m[1mScanning dependencies of target obstacle2[0m
[3.469s] [ 12%] [32mBuilding CXX object CMakeFiles/turtlebot3_drive.dir/src/turtlebot3_drive.cpp.o[0m
[3.578s] [ 25%] [32mBuilding CXX object CMakeFiles/obstacles.dir/models/turtlebot3_dqn_world/obstacle_plugin/obstacles.cc.o[0m
[3.579s] [ 37%] [32mBuilding CXX object CMakeFiles/obstacle2.dir/models/turtlebot3_dqn_world/obstacle_plugin/obstacle2.cc.o[0m
[3.581s] [ 50%] [32mBuilding CXX object CMakeFiles/obstacle1.dir/models/turtlebot3_dqn_world/obstacle_plugin/obstacle1.cc.o[0m
[10.309s] [ 62%] [32m[1mLinking CXX executable turtlebot3_drive[0m
[10.710s] [ 62%] Built target turtlebot3_drive
[12.859s] [ 75%] [32m[1mLinking CXX shared library libobstacles.so[0m
[12.926s] [ 87%] [32m[1mLinking CXX shared library libobstacle2.so[0m
[12.932s] [100%] [32m[1mLinking CXX shared library libobstacle1.so[0m
[13.212s] [100%] Built target obstacles
[13.248s] [100%] Built target obstacle2
[13.290s] [100%] Built target obstacle1
[13.310s] Invoked command in '/home/ik/aws_ws/build/turtlebot3_gazebo' returned '0': CMAKE_PREFIX_PATH=${CMAKE_PREFIX_PATH}:/opt/ros/foxy /usr/bin/cmake --build /home/ik/aws_ws/build/turtlebot3_gazebo -- -j8 -l8
[13.351s] Invoking command in '/home/ik/aws_ws/build/turtlebot3_gazebo': CMAKE_PREFIX_PATH=${CMAKE_PREFIX_PATH}:/opt/ros/foxy /usr/bin/cmake --install /home/ik/aws_ws/build/turtlebot3_gazebo
[13.362s] -- Install configuration: ""
[13.362s] -- Installing: /home/ik/aws_ws/install/turtlebot3_gazebo/lib/turtlebot3_gazebo/turtlebot3_drive
[13.363s] -- Set runtime path of "/home/ik/aws_ws/install/turtlebot3_gazebo/lib/turtlebot3_gazebo/turtlebot3_drive" to ""
[13.364s] -- Installing: /home/ik/aws_ws/install/turtlebot3_gazebo/share/turtlebot3_gazebo//launch
[13.364s] -- Installing: /home/ik/aws_ws/install/turtlebot3_gazebo/share/turtlebot3_gazebo//launch/turtlebot3_house.launch.py
[13.364s] -- Installing: /home/ik/aws_ws/install/turtlebot3_gazebo/share/turtlebot3_gazebo//launch/turtlebot3_dqn_stage3.launch.py
[13.364s] -- Installing: /home/ik/aws_ws/install/turtlebot3_gazebo/share/turtlebot3_gazebo//launch/empty_world.launch.py
[13.364s] -- Installing: /home/ik/aws_ws/install/turtlebot3_gazebo/share/turtlebot3_gazebo//launch/turtlebot3_dqn_stage4.launch.py
[13.365s] -- Installing: /home/ik/aws_ws/install/turtlebot3_gazebo/share/turtlebot3_gazebo//launch/robot_state_publisher.launch.py
[13.365s] -- Installing: /home/ik/aws_ws/install/turtlebot3_gazebo/share/turtlebot3_gazebo//launch/turtlebot3_world.launch.py
[13.365s] -- Installing: /home/ik/aws_ws/install/turtlebot3_gazebo/share/turtlebot3_gazebo//launch/turtlebot3_dqn_stage1.launch.py
[13.365s] -- Installing: /home/ik/aws_ws/install/turtlebot3_gazebo/share/turtlebot3_gazebo//launch/turtlebot3_autorace.launch.py
[13.365s] -- Installing: /home/ik/aws_ws/install/turtlebot3_gazebo/share/turtlebot3_gazebo//launch/turtlebot3_dqn_stage2.launch.py
[13.366s] -- Installing: /home/ik/aws_ws/install/turtlebot3_gazebo/share/turtlebot3_gazebo//models
[13.366s] -- Installing: /home/ik/aws_ws/install/turtlebot3_gazebo/share/turtlebot3_gazebo//models/turtlebot3_waffle_pi
[13.366s] -- Installing: /home/ik/aws_ws/install/turtlebot3_gazebo/share/turtlebot3_gazebo//models/turtlebot3_waffle_pi/model.sdf
[13.366s] -- Installing: /home/ik/aws_ws/install/turtlebot3_gazebo/share/turtlebot3_gazebo//models/turtlebot3_waffle_pi/model.config
[13.367s] -- Installing: /home/ik/aws_ws/install/turtlebot3_gazebo/share/turtlebot3_gazebo//models/turtlebot3_waffle_pi/meshes
[13.367s] -- Installing: /home/ik/aws_ws/install/turtlebot3_gazebo/share/turtlebot3_gazebo//models/turtlebot3_waffle_pi/meshes/lds.dae
[13.367s] -- Installing: /home/ik/aws_ws/install/turtlebot3_gazebo/share/turtlebot3_gazebo//models/turtlebot3_waffle_pi/meshes/tire.dae
[13.367s] -- Installing: /home/ik/aws_ws/install/turtlebot3_gazebo/share/turtlebot3_gazebo//models/turtlebot3_waffle_pi/meshes/waffle_pi_base.dae
[13.367s] -- Installing: /home/ik/aws_ws/install/turtlebot3_gazebo/share/turtlebot3_gazebo//models/turtlebot3_waffle_pi/model-1_4_.sdf
[13.367s] -- Installing: /home/ik/aws_ws/install/turtlebot3_gazebo/share/turtlebot3_gazebo//models/turtlebot3_world
[13.368s] -- Installing: /home/ik/aws_ws/install/turtlebot3_gazebo/share/turtlebot3_gazebo//models/turtlebot3_world/model.sdf
[13.368s] -- Installing: /home/ik/aws_ws/install/turtlebot3_gazebo/share/turtlebot3_gazebo//models/turtlebot3_world/model-1_4.sdf
[13.368s] -- Installing: /home/ik/aws_ws/install/turtlebot3_gazebo/share/turtlebot3_gazebo//models/turtlebot3_world/model.config
[13.368s] -- Installing: /home/ik/aws_ws/install/turtlebot3_gazebo/share/turtlebot3_gazebo//models/turtlebot3_world/meshes
[13.368s] -- Installing: /home/ik/aws_ws/install/turtlebot3_gazebo/share/turtlebot3_gazebo//models/turtlebot3_world/meshes/hexagon.dae
[13.369s] -- Installing: /home/ik/aws_ws/install/turtlebot3_gazebo/share/turtlebot3_gazebo//models/turtlebot3_world/meshes/wall.dae
[13.369s] -- Installing: /home/ik/aws_ws/install/turtlebot3_gazebo/share/turtlebot3_gazebo//models/turtlebot3_house
[13.369s] -- Installing: /home/ik/aws_ws/install/turtlebot3_gazebo/share/turtlebot3_gazebo//models/turtlebot3_house/model.sdf
[13.369s] -- Installing: /home/ik/aws_ws/install/turtlebot3_gazebo/share/turtlebot3_gazebo//models/turtlebot3_house/model.config
[13.369s] -- Installing: /home/ik/aws_ws/install/turtlebot3_gazebo/share/turtlebot3_gazebo//models/turtlebot3_burger
[13.370s] -- Installing: /home/ik/aws_ws/install/turtlebot3_gazebo/share/turtlebot3_gazebo//models/turtlebot3_burger/model.sdf
[13.370s] -- Installing: /home/ik/aws_ws/install/turtlebot3_gazebo/share/turtlebot3_gazebo//models/turtlebot3_burger/model-1_4.sdf
[13.370s] -- Installing: /home/ik/aws_ws/install/turtlebot3_gazebo/share/turtlebot3_gazebo//models/turtlebot3_burger/model.config
[13.370s] -- Installing: /home/ik/aws_ws/install/turtlebot3_gazebo/share/turtlebot3_gazebo//models/turtlebot3_burger/meshes
[13.370s] -- Installing: /home/ik/aws_ws/install/turtlebot3_gazebo/share/turtlebot3_gazebo//models/turtlebot3_burger/meshes/lds.dae
[13.371s] -- Installing: /home/ik/aws_ws/install/turtlebot3_gazebo/share/turtlebot3_gazebo//models/turtlebot3_burger/meshes/tire.dae
[13.371s] -- Installing: /home/ik/aws_ws/install/turtlebot3_gazebo/share/turtlebot3_gazebo//models/turtlebot3_burger/meshes/burger_base.dae
[13.371s] -- Installing: /home/ik/aws_ws/install/turtlebot3_gazebo/share/turtlebot3_gazebo//models/turtlebot3_dqn_world
[13.371s] -- Installing: /home/ik/aws_ws/install/turtlebot3_gazebo/share/turtlebot3_gazebo//models/turtlebot3_dqn_world/obstacles
[13.371s] -- Installing: /home/ik/aws_ws/install/turtlebot3_gazebo/share/turtlebot3_gazebo//models/turtlebot3_dqn_world/obstacles/model.sdf
[13.372s] -- Installing: /home/ik/aws_ws/install/turtlebot3_gazebo/share/turtlebot3_gazebo//models/turtlebot3_dqn_world/obstacles/model.config
[13.372s] -- Installing: /home/ik/aws_ws/install/turtlebot3_gazebo/share/turtlebot3_gazebo//models/turtlebot3_dqn_world/obstacle2
[13.372s] -- Installing: /home/ik/aws_ws/install/turtlebot3_gazebo/share/turtlebot3_gazebo//models/turtlebot3_dqn_world/obstacle2/model.sdf
[13.372s] -- Installing: /home/ik/aws_ws/install/turtlebot3_gazebo/share/turtlebot3_gazebo//models/turtlebot3_dqn_world/obstacle2/model.config
[13.372s] -- Installing: /home/ik/aws_ws/install/turtlebot3_gazebo/share/turtlebot3_gazebo//models/turtlebot3_dqn_world/model.sdf
[13.373s] -- Installing: /home/ik/aws_ws/install/turtlebot3_gazebo/share/turtlebot3_gazebo//models/turtlebot3_dqn_world/model.config
[13.373s] -- Installing: /home/ik/aws_ws/install/turtlebot3_gazebo/share/turtlebot3_gazebo//models/turtlebot3_dqn_world/obstacle1
[13.373s] -- Installing: /home/ik/aws_ws/install/turtlebot3_gazebo/share/turtlebot3_gazebo//models/turtlebot3_dqn_world/obstacle1/model.sdf
[13.373s] -- Installing: /home/ik/aws_ws/install/turtlebot3_gazebo/share/turtlebot3_gazebo//models/turtlebot3_dqn_world/obstacle1/model.config
[13.373s] -- Installing: /home/ik/aws_ws/install/turtlebot3_gazebo/share/turtlebot3_gazebo//models/turtlebot3_dqn_world/goal_box
[13.373s] -- Installing: /home/ik/aws_ws/install/turtlebot3_gazebo/share/turtlebot3_gazebo//models/turtlebot3_dqn_world/goal_box/model.sdf
[13.373s] -- Installing: /home/ik/aws_ws/install/turtlebot3_gazebo/share/turtlebot3_gazebo//models/turtlebot3_dqn_world/goal_box/model.config
[13.373s] -- Installing: /home/ik/aws_ws/install/turtlebot3_gazebo/share/turtlebot3_gazebo//models/turtlebot3_dqn_world/inner_walls
[13.373s] -- Installing: /home/ik/aws_ws/install/turtlebot3_gazebo/share/turtlebot3_gazebo//models/turtlebot3_dqn_world/inner_walls/model.sdf
[13.373s] -- Installing: /home/ik/aws_ws/install/turtlebot3_gazebo/share/turtlebot3_gazebo//models/turtlebot3_dqn_world/inner_walls/model.config
[13.373s] -- Installing: /home/ik/aws_ws/install/turtlebot3_gazebo/share/turtlebot3_gazebo//models/turtlebot3_dqn_world/obstacle_plugin
[13.373s] -- Installing: /home/ik/aws_ws/install/turtlebot3_gazebo/share/turtlebot3_gazebo//models/turtlebot3_dqn_world/obstacle_plugin/CMakeLists.txt
[13.373s] -- Installing: /home/ik/aws_ws/install/turtlebot3_gazebo/share/turtlebot3_gazebo//models/turtlebot3_dqn_world/obstacle_plugin/obstacle1.cc
[13.373s] -- Installing: /home/ik/aws_ws/install/turtlebot3_gazebo/share/turtlebot3_gazebo//models/turtlebot3_dqn_world/obstacle_plugin/obstacles.cc
[13.373s] -- Installing: /home/ik/aws_ws/install/turtlebot3_gazebo/share/turtlebot3_gazebo//models/turtlebot3_dqn_world/obstacle_plugin/obstacle2.cc
[13.373s] -- Installing: /home/ik/aws_ws/install/turtlebot3_gazebo/share/turtlebot3_gazebo//models/turtlebot3_autorace
[13.374s] -- Installing: /home/ik/aws_ws/install/turtlebot3_gazebo/share/turtlebot3_gazebo//models/turtlebot3_autorace/traffic_light_green
[13.374s] -- Installing: /home/ik/aws_ws/install/turtlebot3_gazebo/share/turtlebot3_gazebo//models/turtlebot3_autorace/traffic_light_green/model.sdf
[13.374s] -- Installing: /home/ik/aws_ws/install/turtlebot3_gazebo/share/turtlebot3_gazebo//models/turtlebot3_autorace/traffic_light_green/model.config
[13.374s] -- Installing: /home/ik/aws_ws/install/turtlebot3_gazebo/share/turtlebot3_gazebo//models/turtlebot3_autorace/traffic_bar_down
[13.374s] -- Installing: /home/ik/aws_ws/install/turtlebot3_gazebo/share/turtlebot3_gazebo//models/turtlebot3_autorace/traffic_bar_down/materials
[13.374s] -- Installing: /home/ik/aws_ws/install/turtlebot3_gazebo/share/turtlebot3_gazebo//models/turtlebot3_autorace/traffic_bar_down/materials/textures
[13.374s] -- Installing: /home/ik/aws_ws/install/turtlebot3_gazebo/share/turtlebot3_gazebo//models/turtlebot3_autorace/traffic_bar_down/materials/textures/traffic_bar.png
[13.374s] -- Installing: /home/ik/aws_ws/install/turtlebot3_gazebo/share/turtlebot3_gazebo//models/turtlebot3_autorace/traffic_bar_down/materials/scripts
[13.374s] -- Installing: /home/ik/aws_ws/install/turtlebot3_gazebo/share/turtlebot3_gazebo//models/turtlebot3_autorace/traffic_bar_down/materials/scripts/traffic_bar.material
[13.374s] -- Installing: /home/ik/aws_ws/install/turtlebot3_gazebo/share/turtlebot3_gazebo//models/turtlebot3_autorace/traffic_bar_down/model.sdf
[13.374s] -- Installing: /home/ik/aws_ws/install/turtlebot3_gazebo/share/turtlebot3_gazebo//models/turtlebot3_autorace/traffic_bar_down/model.config
[13.374s] -- Installing: /home/ik/aws_ws/install/turtlebot3_gazebo/share/turtlebot3_gazebo//models/turtlebot3_autorace/traffic_light_yellow
[13.374s] -- Installing: /home/ik/aws_ws/install/turtlebot3_gazebo/share/turtlebot3_gazebo//models/turtlebot3_autorace/traffic_light_yellow/model.sdf
[13.374s] -- Installing: /home/ik/aws_ws/install/turtlebot3_gazebo/share/turtlebot3_gazebo//models/turtlebot3_autorace/traffic_light_yellow/model.config
[13.374s] -- Installing: /home/ik/aws_ws/install/turtlebot3_gazebo/share/turtlebot3_gazebo//models/turtlebot3_autorace/course
[13.374s] -- Installing: /home/ik/aws_ws/install/turtlebot3_gazebo/share/turtlebot3_gazebo//models/turtlebot3_autorace/course/materials
[13.374s] -- Installing: /home/ik/aws_ws/install/turtlebot3_gazebo/share/turtlebot3_gazebo//models/turtlebot3_autorace/course/materials/textures
[13.374s] -- Installing: /home/ik/aws_ws/install/turtlebot3_gazebo/share/turtlebot3_gazebo//models/turtlebot3_autorace/course/materials/textures/course.png
[13.374s] -- Installing: /home/ik/aws_ws/install/turtlebot3_gazebo/share/turtlebot3_gazebo//models/turtlebot3_autorace/course/materials/scripts
[13.374s] -- Installing: /home/ik/aws_ws/install/turtlebot3_gazebo/share/turtlebot3_gazebo//models/turtlebot3_autorace/course/materials/scripts/course.material
[13.375s] -- Installing: /home/ik/aws_ws/install/turtlebot3_gazebo/share/turtlebot3_gazebo//models/turtlebot3_autorace/course/model.sdf
[13.375s] -- Installing: /home/ik/aws_ws/install/turtlebot3_gazebo/share/turtlebot3_gazebo//models/turtlebot3_autorace/course/model.config
[13.375s] -- Installing: /home/ik/aws_ws/install/turtlebot3_gazebo/share/turtlebot3_gazebo//models/turtlebot3_autorace/traffic_parking
[13.375s] -- Installing: /home/ik/aws_ws/install/turtlebot3_gazebo/share/turtlebot3_gazebo//models/turtlebot3_autorace/traffic_parking/materials
[13.375s] -- Installing: /home/ik/aws_ws/install/turtlebot3_gazebo/share/turtlebot3_gazebo//models/turtlebot3_autorace/traffic_parking/materials/textures
[13.375s] -- Installing: /home/ik/aws_ws/install/turtlebot3_gazebo/share/turtlebot3_gazebo//models/turtlebot3_autorace/traffic_parking/materials/textures/traffic_parking.png
[13.375s] -- Installing: /home/ik/aws_ws/install/turtlebot3_gazebo/share/turtlebot3_gazebo//models/turtlebot3_autorace/traffic_parking/materials/scripts
[13.375s] -- Installing: /home/ik/aws_ws/install/turtlebot3_gazebo/share/turtlebot3_gazebo//models/turtlebot3_autorace/traffic_parking/materials/scripts/traffic_parking.material
[13.375s] -- Installing: /home/ik/aws_ws/install/turtlebot3_gazebo/share/turtlebot3_gazebo//models/turtlebot3_autorace/traffic_parking/model.sdf
[13.375s] -- Installing: /home/ik/aws_ws/install/turtlebot3_gazebo/share/turtlebot3_gazebo//models/turtlebot3_autorace/traffic_parking/model.config
[13.375s] -- Installing: /home/ik/aws_ws/install/turtlebot3_gazebo/share/turtlebot3_gazebo//models/turtlebot3_autorace/tunnel_obstacles
[13.375s] -- Installing: /home/ik/aws_ws/install/turtlebot3_gazebo/share/turtlebot3_gazebo//models/turtlebot3_autorace/tunnel_obstacles/model.sdf
[13.375s] -- Installing: /home/ik/aws_ws/install/turtlebot3_gazebo/share/turtlebot3_gazebo//models/turtlebot3_autorace/tunnel_obstacles/model.config
[13.375s] -- Installing: /home/ik/aws_ws/install/turtlebot3_gazebo/share/turtlebot3_gazebo//models/turtlebot3_autorace/ground
[13.375s] -- Installing: /home/ik/aws_ws/install/turtlebot3_gazebo/share/turtlebot3_gazebo//models/turtlebot3_autorace/ground/model.sdf
[13.375s] -- Installing: /home/ik/aws_ws/install/turtlebot3_gazebo/share/turtlebot3_gazebo//models/turtlebot3_autorace/ground/model.config
[13.375s] -- Installing: /home/ik/aws_ws/install/turtlebot3_gazebo/share/turtlebot3_gazebo//models/turtlebot3_autorace/traffic_stop
[13.375s] -- Installing: /home/ik/aws_ws/install/turtlebot3_gazebo/share/turtlebot3_gazebo//models/turtlebot3_autorace/traffic_stop/materials
[13.375s] -- Installing: /home/ik/aws_ws/install/turtlebot3_gazebo/share/turtlebot3_gazebo//models/turtlebot3_autorace/traffic_stop/materials/textures
[13.375s] -- Installing: /home/ik/aws_ws/install/turtlebot3_gazebo/share/turtlebot3_gazebo//models/turtlebot3_autorace/traffic_stop/materials/textures/traffic_stop.png
[13.375s] -- Installing: /home/ik/aws_ws/install/turtlebot3_gazebo/share/turtlebot3_gazebo//models/turtlebot3_autorace/traffic_stop/materials/scripts
[13.376s] -- Installing: /home/ik/aws_ws/install/turtlebot3_gazebo/share/turtlebot3_gazebo//models/turtlebot3_autorace/traffic_stop/materials/scripts/traffic_stop.material
[13.376s] -- Installing: /home/ik/aws_ws/install/turtlebot3_gazebo/share/turtlebot3_gazebo//models/turtlebot3_autorace/traffic_stop/model.sdf
[13.376s] -- Installing: /home/ik/aws_ws/install/turtlebot3_gazebo/share/turtlebot3_gazebo//models/turtlebot3_autorace/traffic_stop/model.config
[13.376s] -- Installing: /home/ik/aws_ws/install/turtlebot3_gazebo/share/turtlebot3_gazebo//models/turtlebot3_autorace/traffic_tunnel
[13.376s] -- Installing: /home/ik/aws_ws/install/turtlebot3_gazebo/share/turtlebot3_gazebo//models/turtlebot3_autorace/traffic_tunnel/materials
[13.376s] -- Installing: /home/ik/aws_ws/install/turtlebot3_gazebo/share/turtlebot3_gazebo//models/turtlebot3_autorace/traffic_tunnel/materials/textures
[13.376s] -- Installing: /home/ik/aws_ws/install/turtlebot3_gazebo/share/turtlebot3_gazebo//models/turtlebot3_autorace/traffic_tunnel/materials/textures/tunnel.png
[13.376s] -- Installing: /home/ik/aws_ws/install/turtlebot3_gazebo/share/turtlebot3_gazebo//models/turtlebot3_autorace/traffic_tunnel/materials/scripts
[13.376s] -- Installing: /home/ik/aws_ws/install/turtlebot3_gazebo/share/turtlebot3_gazebo//models/turtlebot3_autorace/traffic_tunnel/materials/scripts/tunnel.material
[13.376s] -- Installing: /home/ik/aws_ws/install/turtlebot3_gazebo/share/turtlebot3_gazebo//models/turtlebot3_autorace/traffic_tunnel/model.sdf
[13.376s] -- Installing: /home/ik/aws_ws/install/turtlebot3_gazebo/share/turtlebot3_gazebo//models/turtlebot3_autorace/traffic_tunnel/model.config
[13.376s] -- Installing: /home/ik/aws_ws/install/turtlebot3_gazebo/share/turtlebot3_gazebo//models/turtlebot3_autorace/lights
[13.376s] -- Installing: /home/ik/aws_ws/install/turtlebot3_gazebo/share/turtlebot3_gazebo//models/turtlebot3_autorace/lights/model.sdf
[13.376s] -- Installing: /home/ik/aws_ws/install/turtlebot3_gazebo/share/turtlebot3_gazebo//models/turtlebot3_autorace/lights/model.config
[13.376s] -- Installing: /home/ik/aws_ws/install/turtlebot3_gazebo/share/turtlebot3_gazebo//models/turtlebot3_autorace/model.config
[13.376s] -- Installing: /home/ik/aws_ws/install/turtlebot3_gazebo/share/turtlebot3_gazebo//models/turtlebot3_autorace/tunnel_wall
[13.376s] -- Installing: /home/ik/aws_ws/install/turtlebot3_gazebo/share/turtlebot3_gazebo//models/turtlebot3_autorace/tunnel_wall/model.sdf
[13.376s] -- Installing: /home/ik/aws_ws/install/turtlebot3_gazebo/share/turtlebot3_gazebo//models/turtlebot3_autorace/tunnel_wall/model.config
[13.377s] -- Installing: /home/ik/aws_ws/install/turtlebot3_gazebo/share/turtlebot3_gazebo//models/turtlebot3_autorace/traffic_bar_up
[13.377s] -- Installing: /home/ik/aws_ws/install/turtlebot3_gazebo/share/turtlebot3_gazebo//models/turtlebot3_autorace/traffic_bar_up/materials
[13.377s] -- Installing: /home/ik/aws_ws/install/turtlebot3_gazebo/share/turtlebot3_gazebo//models/turtlebot3_autorace/traffic_bar_up/materials/textures
[13.377s] -- Installing: /home/ik/aws_ws/install/turtlebot3_gazebo/share/turtlebot3_gazebo//models/turtlebot3_autorace/traffic_bar_up/materials/textures/traffic_bar.png
[13.377s] -- Installing: /home/ik/aws_ws/install/turtlebot3_gazebo/share/turtlebot3_gazebo//models/turtlebot3_autorace/traffic_bar_up/materials/scripts
[13.377s] -- Installing: /home/ik/aws_ws/install/turtlebot3_gazebo/share/turtlebot3_gazebo//models/turtlebot3_autorace/traffic_bar_up/materials/scripts/traffic_bar.material
[13.377s] -- Installing: /home/ik/aws_ws/install/turtlebot3_gazebo/share/turtlebot3_gazebo//models/turtlebot3_autorace/traffic_bar_up/model.sdf
[13.377s] -- Installing: /home/ik/aws_ws/install/turtlebot3_gazebo/share/turtlebot3_gazebo//models/turtlebot3_autorace/traffic_bar_up/model.config
[13.377s] -- Installing: /home/ik/aws_ws/install/turtlebot3_gazebo/share/turtlebot3_gazebo//models/turtlebot3_autorace/traffic_light_red
[13.377s] -- Installing: /home/ik/aws_ws/install/turtlebot3_gazebo/share/turtlebot3_gazebo//models/turtlebot3_autorace/traffic_light_red/model.sdf
[13.377s] -- Installing: /home/ik/aws_ws/install/turtlebot3_gazebo/share/turtlebot3_gazebo//models/turtlebot3_autorace/traffic_light_red/model.config
[13.377s] -- Installing: /home/ik/aws_ws/install/turtlebot3_gazebo/share/turtlebot3_gazebo//models/turtlebot3_waffle
[13.377s] -- Installing: /home/ik/aws_ws/install/turtlebot3_gazebo/share/turtlebot3_gazebo//models/turtlebot3_waffle/model.sdf
[13.377s] -- Installing: /home/ik/aws_ws/install/turtlebot3_gazebo/share/turtlebot3_gazebo//models/turtlebot3_waffle/model-1_4.sdf
[13.377s] -- Installing: /home/ik/aws_ws/install/turtlebot3_gazebo/share/turtlebot3_gazebo//models/turtlebot3_waffle/model.config
[13.377s] -- Installing: /home/ik/aws_ws/install/turtlebot3_gazebo/share/turtlebot3_gazebo//models/turtlebot3_waffle/meshes
[13.377s] -- Installing: /home/ik/aws_ws/install/turtlebot3_gazebo/share/turtlebot3_gazebo//models/turtlebot3_waffle/meshes/lds.dae
[13.377s] -- Installing: /home/ik/aws_ws/install/turtlebot3_gazebo/share/turtlebot3_gazebo//models/turtlebot3_waffle/meshes/tire.dae
[13.377s] -- Installing: /home/ik/aws_ws/install/turtlebot3_gazebo/share/turtlebot3_gazebo//models/turtlebot3_waffle/meshes/waffle_base.dae
[13.378s] -- Installing: /home/ik/aws_ws/install/turtlebot3_gazebo/share/turtlebot3_gazebo//models/turtlebot3_waffle/meshes/r200.dae
[13.378s] -- Installing: /home/ik/aws_ws/install/turtlebot3_gazebo/share/turtlebot3_gazebo//rviz
[13.378s] -- Installing: /home/ik/aws_ws/install/turtlebot3_gazebo/share/turtlebot3_gazebo//rviz/tb3_gazebo.rviz
[13.378s] -- Installing: /home/ik/aws_ws/install/turtlebot3_gazebo/share/turtlebot3_gazebo//worlds
[13.378s] -- Installing: /home/ik/aws_ws/install/turtlebot3_gazebo/share/turtlebot3_gazebo//worlds/turtlebot3_dqn_stage1
[13.378s] -- Installing: /home/ik/aws_ws/install/turtlebot3_gazebo/share/turtlebot3_gazebo//worlds/turtlebot3_dqn_stage1/burger.model
[13.378s] -- Installing: /home/ik/aws_ws/install/turtlebot3_gazebo/share/turtlebot3_gazebo//worlds/turtlebot3_dqn_stage1/waffle.model
[13.378s] -- Installing: /home/ik/aws_ws/install/turtlebot3_gazebo/share/turtlebot3_gazebo//worlds/turtlebot3_dqn_stage1/waffle_pi.model
[13.378s] -- Installing: /home/ik/aws_ws/install/turtlebot3_gazebo/share/turtlebot3_gazebo//worlds/turtlebot3_dqn_stage2
[13.378s] -- Installing: /home/ik/aws_ws/install/turtlebot3_gazebo/share/turtlebot3_gazebo//worlds/turtlebot3_dqn_stage2/burger.model
[13.378s] -- Installing: /home/ik/aws_ws/install/turtlebot3_gazebo/share/turtlebot3_gazebo//worlds/turtlebot3_dqn_stage2/waffle.model
[13.378s] -- Installing: /home/ik/aws_ws/install/turtlebot3_gazebo/share/turtlebot3_gazebo//worlds/turtlebot3_dqn_stage2/waffle_pi.model
[13.378s] -- Installing: /home/ik/aws_ws/install/turtlebot3_gazebo/share/turtlebot3_gazebo//worlds/turtlebot3_houses
[13.378s] -- Installing: /home/ik/aws_ws/install/turtlebot3_gazebo/share/turtlebot3_gazebo//worlds/turtlebot3_houses/burger.model
[13.378s] -- Installing: /home/ik/aws_ws/install/turtlebot3_gazebo/share/turtlebot3_gazebo//worlds/turtlebot3_houses/waffle.model
[13.378s] -- Installing: /home/ik/aws_ws/install/turtlebot3_gazebo/share/turtlebot3_gazebo//worlds/turtlebot3_houses/waffle_pi.model
[13.378s] -- Installing: /home/ik/aws_ws/install/turtlebot3_gazebo/share/turtlebot3_gazebo//worlds/turtlebot3_dqn_stage3
[13.379s] -- Installing: /home/ik/aws_ws/install/turtlebot3_gazebo/share/turtlebot3_gazebo//worlds/turtlebot3_dqn_stage3/burger.model
[13.379s] -- Installing: /home/ik/aws_ws/install/turtlebot3_gazebo/share/turtlebot3_gazebo//worlds/turtlebot3_dqn_stage3/waffle.model
[13.379s] -- Installing: /home/ik/aws_ws/install/turtlebot3_gazebo/share/turtlebot3_gazebo//worlds/turtlebot3_dqn_stage3/waffle_pi.model
[13.379s] -- Installing: /home/ik/aws_ws/install/turtlebot3_gazebo/share/turtlebot3_gazebo//worlds/turtlebot3_worlds
[13.379s] -- Installing: /home/ik/aws_ws/install/turtlebot3_gazebo/share/turtlebot3_gazebo//worlds/turtlebot3_worlds/burger.model
[13.379s] -- Installing: /home/ik/aws_ws/install/turtlebot3_gazebo/share/turtlebot3_gazebo//worlds/turtlebot3_worlds/waffle.model
[13.379s] -- Installing: /home/ik/aws_ws/install/turtlebot3_gazebo/share/turtlebot3_gazebo//worlds/turtlebot3_worlds/waffle_pi.model
[13.379s] -- Installing: /home/ik/aws_ws/install/turtlebot3_gazebo/share/turtlebot3_gazebo//worlds/turtlebot3_dqn_stage4
[13.379s] -- Installing: /home/ik/aws_ws/install/turtlebot3_gazebo/share/turtlebot3_gazebo//worlds/turtlebot3_dqn_stage4/burger.model
[13.379s] -- Installing: /home/ik/aws_ws/install/turtlebot3_gazebo/share/turtlebot3_gazebo//worlds/turtlebot3_dqn_stage4/waffle.model
[13.379s] -- Installing: /home/ik/aws_ws/install/turtlebot3_gazebo/share/turtlebot3_gazebo//worlds/turtlebot3_dqn_stage4/waffle_pi.model
[13.379s] -- Installing: /home/ik/aws_ws/install/turtlebot3_gazebo/share/turtlebot3_gazebo//worlds/turtlebot3_autoraces
[13.379s] -- Installing: /home/ik/aws_ws/install/turtlebot3_gazebo/share/turtlebot3_gazebo//worlds/turtlebot3_autoraces/burger.model
[13.379s] -- Installing: /home/ik/aws_ws/install/turtlebot3_gazebo/share/turtlebot3_gazebo//worlds/turtlebot3_autoraces/waffle.model
[13.379s] -- Installing: /home/ik/aws_ws/install/turtlebot3_gazebo/share/turtlebot3_gazebo//worlds/turtlebot3_autoraces/waffle_pi.model
[13.380s] -- Installing: /home/ik/aws_ws/install/turtlebot3_gazebo/share/turtlebot3_gazebo//worlds/empty_worlds
[13.380s] -- Installing: /home/ik/aws_ws/install/turtlebot3_gazebo/share/turtlebot3_gazebo//worlds/empty_worlds/burger.model
[13.380s] -- Installing: /home/ik/aws_ws/install/turtlebot3_gazebo/share/turtlebot3_gazebo//worlds/empty_worlds/waffle.model
[13.380s] -- Installing: /home/ik/aws_ws/install/turtlebot3_gazebo/share/turtlebot3_gazebo//worlds/empty_worlds/waffle_pi.model
[13.380s] -- Installing: /home/ik/aws_ws/install/turtlebot3_gazebo/include/
[13.380s] -- Installing: /home/ik/aws_ws/install/turtlebot3_gazebo/include//turtlebot3_gazebo
[13.380s] -- Installing: /home/ik/aws_ws/install/turtlebot3_gazebo/include//turtlebot3_gazebo/turtlebot3_drive.hpp
[13.380s] -- Installing: /home/ik/aws_ws/install/turtlebot3_gazebo/share/ament_index/resource_index/package_run_dependencies/turtlebot3_gazebo
[13.380s] -- Installing: /home/ik/aws_ws/install/turtlebot3_gazebo/share/ament_index/resource_index/parent_prefix_path/turtlebot3_gazebo
[13.384s] -- Installing: /home/ik/aws_ws/install/turtlebot3_gazebo/share/turtlebot3_gazebo/environment/ament_prefix_path.sh
[13.384s] -- Installing: /home/ik/aws_ws/install/turtlebot3_gazebo/share/turtlebot3_gazebo/environment/ament_prefix_path.dsv
[13.385s] -- Installing: /home/ik/aws_ws/install/turtlebot3_gazebo/share/turtlebot3_gazebo/environment/path.sh
[13.385s] -- Installing: /home/ik/aws_ws/install/turtlebot3_gazebo/share/turtlebot3_gazebo/environment/path.dsv
[13.385s] -- Installing: /home/ik/aws_ws/install/turtlebot3_gazebo/share/turtlebot3_gazebo/local_setup.bash
[13.385s] -- Installing: /home/ik/aws_ws/install/turtlebot3_gazebo/share/turtlebot3_gazebo/local_setup.sh
[13.386s] -- Installing: /home/ik/aws_ws/install/turtlebot3_gazebo/share/turtlebot3_gazebo/local_setup.zsh
[13.386s] -- Installing: /home/ik/aws_ws/install/turtlebot3_gazebo/share/turtlebot3_gazebo/local_setup.dsv
[13.386s] -- Installing: /home/ik/aws_ws/install/turtlebot3_gazebo/share/turtlebot3_gazebo/package.dsv
[13.386s] -- Installing: /home/ik/aws_ws/install/turtlebot3_gazebo/share/ament_index/resource_index/packages/turtlebot3_gazebo
[13.386s] -- Installing: /home/ik/aws_ws/install/turtlebot3_gazebo/share/turtlebot3_gazebo/cmake/ament_cmake_export_include_directories-extras.cmake
[13.386s] -- Installing: /home/ik/aws_ws/install/turtlebot3_gazebo/share/turtlebot3_gazebo/cmake/ament_cmake_export_dependencies-extras.cmake
[13.387s] -- Installing: /home/ik/aws_ws/install/turtlebot3_gazebo/share/turtlebot3_gazebo/cmake/turtlebot3_gazeboConfig.cmake
[13.387s] -- Installing: /home/ik/aws_ws/install/turtlebot3_gazebo/share/turtlebot3_gazebo/cmake/turtlebot3_gazeboConfig-version.cmake
[13.387s] -- Installing: /home/ik/aws_ws/install/turtlebot3_gazebo/share/turtlebot3_gazebo/package.xml
[13.387s] Invoked command in '/home/ik/aws_ws/build/turtlebot3_gazebo' returned '0': CMAKE_PREFIX_PATH=${CMAKE_PREFIX_PATH}:/opt/ros/foxy /usr/bin/cmake --install /home/ik/aws_ws/build/turtlebot3_gazebo
