[0.022s] Invoking command in '/home/ik/aws_ws/build/nav2_util': AMENT_PREFIX_PATH=/home/ik/aws_ws/install/nav2_msgs:/home/ik/aws_ws/install/nav2_common:${AMENT_PREFIX_PATH} CMAKE_PREFIX_PATH=/home/ik/aws_ws/install/nav2_msgs:/home/ik/aws_ws/install/nav2_common:/opt/ros/foxy LD_LIBRARY_PATH=/home/ik/aws_ws/install/nav2_msgs/lib:${LD_LIBRARY_PATH} PYTHONPATH=/home/ik/aws_ws/install/nav2_msgs/lib/python3.8/site-packages:/home/ik/aws_ws/install/nav2_common/lib/python3.8/site-packages:${PYTHONPATH} /usr/bin/cmake /home/ik/aws_ws/src/navigation2/nav2_util -DAMENT_CMAKE_SYMLINK_INSTALL=1 -DCMAKE_INSTALL_PREFIX=/home/ik/aws_ws/install/nav2_util
[0.037s] -- Found ament_cmake: 0.9.11 (/opt/ros/foxy/share/ament_cmake/cmake)
[0.063s] -- Found PythonInterp: /usr/bin/python3 (found suitable version "3.8.10", minimum required is "3") 
[0.063s] -- Using PYTHON_EXECUTABLE: /usr/bin/python3
[0.214s] -- Override CMake install command with custom implementation using symlinks instead of copying resources
[0.226s] -- Found nav2_common: 0.4.7 (/home/ik/aws_ws/install/nav2_common/share/nav2_common/cmake)
[0.226s] -- Found nav2_msgs: 0.4.7 (/home/ik/aws_ws/install/nav2_msgs/share/nav2_msgs/cmake)
[0.244s] -- Using all available rosidl_typesupport_c: rosidl_typesupport_fastrtps_c;rosidl_typesupport_introspection_c
[0.246s] -- Found rosidl_adapter: 1.3.0 (/opt/ros/foxy/share/rosidl_adapter/cmake)
[0.359s] -- Using all available rosidl_typesupport_cpp: rosidl_typesupport_fastrtps_cpp;rosidl_typesupport_introspection_cpp
[0.732s] -- Found tf2_ros: 0.13.14 (/opt/ros/foxy/share/tf2_ros/cmake)
[0.778s] -- Found rmw_implementation_cmake: 1.0.4 (/opt/ros/foxy/share/rmw_implementation_cmake/cmake)
[0.779s] -- Using RMW implementation 'rmw_fastrtps_cpp' as default
[1.141s] -- Found tf2_geometry_msgs: 0.13.14 (/opt/ros/foxy/share/tf2_geometry_msgs/cmake)
[1.146s] -- Found eigen3_cmake_module: 0.1.1 (/opt/ros/foxy/share/eigen3_cmake_module/cmake)
[1.169s] -- Found lifecycle_msgs: 1.0.0 (/opt/ros/foxy/share/lifecycle_msgs/cmake)
[1.178s] -- Found test_msgs: 1.0.0 (/opt/ros/foxy/share/test_msgs/cmake)
[1.231s] -- Found rclcpp_lifecycle: 2.4.2 (/opt/ros/foxy/share/rclcpp_lifecycle/cmake)
[1.254s] -- Found ament_lint_auto: 0.9.8 (/opt/ros/foxy/share/ament_lint_auto/cmake)
[1.254s] -- Found ament_cmake_pytest: 0.9.11 (/opt/ros/foxy/share/ament_cmake_pytest/cmake)
[1.255s] -- Found launch_testing_ament_cmake: 0.10.10 (/opt/ros/foxy/share/launch_testing_ament_cmake/cmake)
[1.255s] -- Found python_cmake_module: 0.8.1 (/opt/ros/foxy/share/python_cmake_module/cmake)
[1.278s] -- Found PythonInterp: /usr/bin/python3 (found suitable version "3.8.10", minimum required is "3.5") 
[1.283s] -- Using PYTHON_EXECUTABLE: /usr/bin/python3
[1.283s] -- Using PYTHON_INCLUDE_DIRS: /usr/include/python3.8
[1.284s] -- Using PYTHON_LIBRARIES: /usr/lib/x86_64-linux-gnu/libpython3.8.so
[1.372s] -- Found gtest sources under '/opt/ros/foxy/src/gtest_vendor': C++ tests using 'Google Test' will be built
[1.402s] -- Added test 'copyright' to check source files copyright and LICENSE
[1.404s] -- Added test 'cppcheck' to perform static code analysis on C / C++ code
[1.404s] -- Configured cppcheck include dirs: /home/ik/aws_ws/src/navigation2/nav2_util/include
[1.404s] -- Configured cppcheck exclude dirs and/or files: 
[1.405s] -- Added test 'cpplint' to check C / C++ code against the Google style
[1.405s] -- Configured cpplint exclude dirs and/or files: 
[1.406s] -- Added test 'flake8' to check Python code syntax and style conventions
[1.406s] -- Added test 'lint_cmake' to check CMake code style
[1.406s] -- Added test 'pep257' to check Python code against some of the style conventions in PEP 257
[1.408s] -- Added test 'uncrustify' to check C / C++ code style
[1.408s] -- Configured uncrustify additional arguments: 
[1.408s] -- Added test 'xmllint' to check XML markup files
[1.413s] -- Configuring done
[1.513s] -- Generating done
[1.516s] -- Build files have been written to: /home/ik/aws_ws/build/nav2_util
[1.528s] Invoked command in '/home/ik/aws_ws/build/nav2_util' returned '0': AMENT_PREFIX_PATH=/home/ik/aws_ws/install/nav2_msgs:/home/ik/aws_ws/install/nav2_common:${AMENT_PREFIX_PATH} CMAKE_PREFIX_PATH=/home/ik/aws_ws/install/nav2_msgs:/home/ik/aws_ws/install/nav2_common:/opt/ros/foxy LD_LIBRARY_PATH=/home/ik/aws_ws/install/nav2_msgs/lib:${LD_LIBRARY_PATH} PYTHONPATH=/home/ik/aws_ws/install/nav2_msgs/lib/python3.8/site-packages:/home/ik/aws_ws/install/nav2_common/lib/python3.8/site-packages:${PYTHONPATH} /usr/bin/cmake /home/ik/aws_ws/src/navigation2/nav2_util -DAMENT_CMAKE_SYMLINK_INSTALL=1 -DCMAKE_INSTALL_PREFIX=/home/ik/aws_ws/install/nav2_util
[1.533s] Invoking command in '/home/ik/aws_ws/build/nav2_util': AMENT_PREFIX_PATH=/home/ik/aws_ws/install/nav2_msgs:/home/ik/aws_ws/install/nav2_common:${AMENT_PREFIX_PATH} CMAKE_PREFIX_PATH=/home/ik/aws_ws/install/nav2_msgs:/home/ik/aws_ws/install/nav2_common:/opt/ros/foxy LD_LIBRARY_PATH=/home/ik/aws_ws/install/nav2_msgs/lib:${LD_LIBRARY_PATH} PYTHONPATH=/home/ik/aws_ws/install/nav2_msgs/lib/python3.8/site-packages:/home/ik/aws_ws/install/nav2_common/lib/python3.8/site-packages:${PYTHONPATH} /usr/bin/cmake --build /home/ik/aws_ws/build/nav2_util -- -j8 -l8
[1.602s] [  5%] Built target gtest
[1.608s] [ 10%] Built target gtest_main
[1.610s] [ 15%] Built target dump_params
[1.633s] [ 40%] Built target nav2_util_core
[1.638s] [ 45%] Built target test_execution_timer
[1.666s] [ 52%] Built target test_string_utils
[1.667s] [ 52%] [32mBuilding CXX object test/CMakeFiles/test_actions.dir/test_actions.cpp.o[0m
[1.668s] [ 57%] Built target test_service_client
[1.674s] [ 62%] Built target test_lifecycle_node
[1.674s] [ 72%] Built target test_lifecycle_utils
[1.674s] [ 72%] Built target lifecycle_bringup
[1.678s] [ 77%] Built target test_node_utils
[1.686s] [ 82%] Built target test_lifecycle_cli_node
[1.704s] [ 87%] Built target test_geometry_utils
[1.714s] [ 92%] Built target test_odometry_utils
[1.717s] [ 97%] Built target test_robot_utils
[12.572s] [100%] [32m[1mLinking CXX executable test_actions[0m
[12.782s] [100%] Built target test_actions
[12.794s] Invoked command in '/home/ik/aws_ws/build/nav2_util' returned '0': AMENT_PREFIX_PATH=/home/ik/aws_ws/install/nav2_msgs:/home/ik/aws_ws/install/nav2_common:${AMENT_PREFIX_PATH} CMAKE_PREFIX_PATH=/home/ik/aws_ws/install/nav2_msgs:/home/ik/aws_ws/install/nav2_common:/opt/ros/foxy LD_LIBRARY_PATH=/home/ik/aws_ws/install/nav2_msgs/lib:${LD_LIBRARY_PATH} PYTHONPATH=/home/ik/aws_ws/install/nav2_msgs/lib/python3.8/site-packages:/home/ik/aws_ws/install/nav2_common/lib/python3.8/site-packages:${PYTHONPATH} /usr/bin/cmake --build /home/ik/aws_ws/build/nav2_util -- -j8 -l8
[12.850s] Invoking command in '/home/ik/aws_ws/build/nav2_util': AMENT_PREFIX_PATH=/home/ik/aws_ws/install/nav2_msgs:/home/ik/aws_ws/install/nav2_common:${AMENT_PREFIX_PATH} CMAKE_PREFIX_PATH=/home/ik/aws_ws/install/nav2_msgs:/home/ik/aws_ws/install/nav2_common:/opt/ros/foxy LD_LIBRARY_PATH=/home/ik/aws_ws/install/nav2_msgs/lib:${LD_LIBRARY_PATH} PYTHONPATH=/home/ik/aws_ws/install/nav2_msgs/lib/python3.8/site-packages:/home/ik/aws_ws/install/nav2_common/lib/python3.8/site-packages:${PYTHONPATH} /usr/bin/cmake --install /home/ik/aws_ws/build/nav2_util
[12.863s] -- Install configuration: "Release"
[12.864s] -- Execute custom install script
[12.864s] -- Up-to-date symlink: /home/ik/aws_ws/install/nav2_util/lib/libnav2_util_core.so
[12.865s] -- Up-to-date symlink: /home/ik/aws_ws/install/nav2_util/lib/nav2_util/lifecycle_bringup
[12.866s] -- Up-to-date symlink: /home/ik/aws_ws/install/nav2_util/lib/nav2_util/dump_params
[12.866s] -- Up-to-date symlink: /home/ik/aws_ws/install/nav2_util/include//nav2_util/clear_entirely_costmap_service_client.hpp
[12.866s] -- Up-to-date symlink: /home/ik/aws_ws/install/nav2_util/include//nav2_util/costmap.hpp
[12.867s] -- Up-to-date symlink: /home/ik/aws_ws/install/nav2_util/include//nav2_util/execution_timer.hpp
[12.867s] -- Up-to-date symlink: /home/ik/aws_ws/install/nav2_util/include//nav2_util/geometry_utils.hpp
[12.867s] -- Up-to-date symlink: /home/ik/aws_ws/install/nav2_util/include//nav2_util/lifecycle_node.hpp
[12.867s] -- Up-to-date symlink: /home/ik/aws_ws/install/nav2_util/include//nav2_util/lifecycle_service_client.hpp
[12.867s] -- Up-to-date symlink: /home/ik/aws_ws/install/nav2_util/include//nav2_util/lifecycle_utils.hpp
[12.867s] -- Up-to-date symlink: /home/ik/aws_ws/install/nav2_util/include//nav2_util/line_iterator.hpp
[12.868s] -- Up-to-date symlink: /home/ik/aws_ws/install/nav2_util/include//nav2_util/node_thread.hpp
[12.868s] -- Up-to-date symlink: /home/ik/aws_ws/install/nav2_util/include//nav2_util/node_utils.hpp
[12.868s] -- Up-to-date symlink: /home/ik/aws_ws/install/nav2_util/include//nav2_util/odometry_utils.hpp
[12.868s] -- Up-to-date symlink: /home/ik/aws_ws/install/nav2_util/include//nav2_util/robot_utils.hpp
[12.868s] -- Up-to-date symlink: /home/ik/aws_ws/install/nav2_util/include//nav2_util/service_client.hpp
[12.869s] -- Up-to-date symlink: /home/ik/aws_ws/install/nav2_util/include//nav2_util/simple_action_server.hpp
[12.869s] -- Up-to-date symlink: /home/ik/aws_ws/install/nav2_util/include//nav2_util/string_utils.hpp
[12.869s] -- Up-to-date symlink: /home/ik/aws_ws/install/nav2_util/share/nav2_util/environment/library_path.sh
[12.869s] -- Up-to-date symlink: /home/ik/aws_ws/install/nav2_util/share/nav2_util/environment/library_path.dsv
[12.869s] -- Up-to-date symlink: /home/ik/aws_ws/install/nav2_util/share/ament_index/resource_index/package_run_dependencies/nav2_util
[12.870s] -- Up-to-date symlink: /home/ik/aws_ws/install/nav2_util/share/ament_index/resource_index/parent_prefix_path/nav2_util
[12.870s] -- Up-to-date symlink: /home/ik/aws_ws/install/nav2_util/share/nav2_util/environment/ament_prefix_path.sh
[12.870s] -- Up-to-date symlink: /home/ik/aws_ws/install/nav2_util/share/nav2_util/environment/ament_prefix_path.dsv
[12.870s] -- Up-to-date symlink: /home/ik/aws_ws/install/nav2_util/share/nav2_util/environment/path.sh
[12.870s] -- Up-to-date symlink: /home/ik/aws_ws/install/nav2_util/share/nav2_util/environment/path.dsv
[12.870s] -- Up-to-date symlink: /home/ik/aws_ws/install/nav2_util/share/nav2_util/local_setup.bash
[12.870s] -- Up-to-date symlink: /home/ik/aws_ws/install/nav2_util/share/nav2_util/local_setup.sh
[12.871s] -- Up-to-date symlink: /home/ik/aws_ws/install/nav2_util/share/nav2_util/local_setup.zsh
[12.871s] -- Up-to-date symlink: /home/ik/aws_ws/install/nav2_util/share/nav2_util/local_setup.dsv
[12.871s] -- Symlinking: /home/ik/aws_ws/install/nav2_util/share/nav2_util/package.dsv
[12.883s] -- Up-to-date symlink: /home/ik/aws_ws/install/nav2_util/share/ament_index/resource_index/packages/nav2_util
[12.884s] -- Up-to-date symlink: /home/ik/aws_ws/install/nav2_util/share/nav2_util/cmake/ament_cmake_export_include_directories-extras.cmake
[12.884s] -- Up-to-date symlink: /home/ik/aws_ws/install/nav2_util/share/nav2_util/cmake/ament_cmake_export_libraries-extras.cmake
[12.885s] -- Up-to-date symlink: /home/ik/aws_ws/install/nav2_util/share/nav2_util/cmake/ament_cmake_export_dependencies-extras.cmake
[12.885s] -- Up-to-date symlink: /home/ik/aws_ws/install/nav2_util/share/nav2_util/cmake/nav2_utilConfig.cmake
[12.886s] -- Up-to-date symlink: /home/ik/aws_ws/install/nav2_util/share/nav2_util/cmake/nav2_utilConfig-version.cmake
[12.886s] -- Up-to-date symlink: /home/ik/aws_ws/install/nav2_util/share/nav2_util/package.xml
[12.889s] Invoked command in '/home/ik/aws_ws/build/nav2_util' returned '0': AMENT_PREFIX_PATH=/home/ik/aws_ws/install/nav2_msgs:/home/ik/aws_ws/install/nav2_common:${AMENT_PREFIX_PATH} CMAKE_PREFIX_PATH=/home/ik/aws_ws/install/nav2_msgs:/home/ik/aws_ws/install/nav2_common:/opt/ros/foxy LD_LIBRARY_PATH=/home/ik/aws_ws/install/nav2_msgs/lib:${LD_LIBRARY_PATH} PYTHONPATH=/home/ik/aws_ws/install/nav2_msgs/lib/python3.8/site-packages:/home/ik/aws_ws/install/nav2_common/lib/python3.8/site-packages:${PYTHONPATH} /usr/bin/cmake --install /home/ik/aws_ws/build/nav2_util
