[0.023s] Invoking command in '/home/ik/aws_ws/build/nav2_voxel_grid': AMENT_PREFIX_PATH=/home/ik/aws_ws/install/nav2_common:${AMENT_PREFIX_PATH} CMAKE_PREFIX_PATH=/home/ik/aws_ws/install/nav2_common:/home/ik/aws_ws/install/turtlebot3_simulations:/home/ik/aws_ws/install/turtlebot3_gazebo:/home/ik/aws_ws/install/turtlebot3_fake_node:/home/ik/aws_ws/install/slam_toolbox:/home/ik/aws_ws/install/aws_robomaker_small_warehouse_world:/opt/ros/foxy PYTHONPATH=/home/ik/aws_ws/install/nav2_common/lib/python3.8/site-packages:${PYTHONPATH} /usr/bin/cmake /home/ik/aws_ws/src/navigation2/nav2_voxel_grid -DAMENT_CMAKE_SYMLINK_INSTALL=1 -DCMAKE_INSTALL_PREFIX=/home/ik/aws_ws/install/nav2_voxel_grid
[0.285s] -- The C compiler identification is GNU 9.4.0
[0.287s] -- The CXX compiler identification is GNU 9.4.0
[0.287s] -- Check for working C compiler: /usr/bin/cc
[0.287s] -- Check for working C compiler: /usr/bin/cc -- works
[0.287s] -- Detecting C compiler ABI info
[0.328s] -- Detecting C compiler ABI info - done
[0.344s] -- Detecting C compile features
[0.344s] -- Detecting C compile features - done
[0.347s] -- Check for working CXX compiler: /usr/bin/c++
[0.450s] -- Check for working CXX compiler: /usr/bin/c++ -- works
[0.452s] -- Detecting CXX compiler ABI info
[0.549s] -- Detecting CXX compiler ABI info - done
[0.559s] -- Detecting CXX compile features
[0.560s] -- Detecting CXX compile features - done
[0.562s] -- Found ament_cmake: 0.9.11 (/opt/ros/foxy/share/ament_cmake/cmake)
[0.586s] -- Found PythonInterp: /usr/bin/python3 (found suitable version "3.8.10", minimum required is "3") 
[0.586s] -- Using PYTHON_EXECUTABLE: /usr/bin/python3
[0.763s] -- Override CMake install command with custom implementation using symlinks instead of copying resources
[0.787s] -- Found nav2_common: 0.4.7 (/home/ik/aws_ws/install/nav2_common/share/nav2_common/cmake)
[0.793s] -- Found rclcpp: 2.4.2 (/opt/ros/foxy/share/rclcpp/cmake)
[0.842s] -- Using all available rosidl_typesupport_c: rosidl_typesupport_fastrtps_c;rosidl_typesupport_introspection_c
[0.861s] -- Found rosidl_adapter: 1.3.0 (/opt/ros/foxy/share/rosidl_adapter/cmake)
[0.977s] -- Found OpenSSL: /usr/lib/x86_64-linux-gnu/libcrypto.so (found version "1.1.1f")  
[1.015s] -- Found FastRTPS: /opt/ros/foxy/include  
[1.105s] -- Using all available rosidl_typesupport_cpp: rosidl_typesupport_fastrtps_cpp;rosidl_typesupport_introspection_cpp
[1.166s] -- Found rmw_implementation_cmake: 1.0.4 (/opt/ros/foxy/share/rmw_implementation_cmake/cmake)
[1.168s] -- Using RMW implementation 'rmw_fastrtps_cpp' as default
[1.169s] -- Looking for pthread.h
[1.268s] -- Looking for pthread.h - found
[1.271s] -- Performing Test CMAKE_HAVE_LIBC_PTHREAD
[1.356s] -- Performing Test CMAKE_HAVE_LIBC_PTHREAD - Failed
[1.357s] -- Looking for pthread_create in pthreads
[1.432s] -- Looking for pthread_create in pthreads - not found
[1.433s] -- Looking for pthread_create in pthread
[1.544s] -- Looking for pthread_create in pthread - found
[1.546s] -- Found Threads: TRUE  
[1.702s] -- Setting build type to Release as none was specified.
[1.705s] -- Found ament_lint_auto: 0.9.8 (/opt/ros/foxy/share/ament_lint_auto/cmake)
[1.819s] -- Found gtest sources under '/opt/ros/foxy/src/gtest_vendor': C++ tests using 'Google Test' will be built
[1.822s] -- Check if compiler accepts -pthread
[1.923s] -- Check if compiler accepts -pthread - yes
[1.933s] -- Added test 'cppcheck' to perform static code analysis on C / C++ code
[1.933s] -- Configured cppcheck include dirs: /home/ik/aws_ws/src/navigation2/nav2_voxel_grid/include
[1.933s] -- Configured cppcheck exclude dirs and/or files: 
[1.935s] -- Added test 'cpplint' to check C / C++ code against the Google style
[1.935s] -- Configured cpplint exclude dirs and/or files: 
[1.936s] -- Added test 'lint_cmake' to check CMake code style
[1.937s] -- Added test 'uncrustify' to check C / C++ code style
[1.937s] -- Configured uncrustify additional arguments: 
[1.938s] -- Added test 'xmllint' to check XML markup files
[1.945s] -- Configuring done
[1.961s] -- Generating done
[1.963s] -- Build files have been written to: /home/ik/aws_ws/build/nav2_voxel_grid
[1.979s] Invoked command in '/home/ik/aws_ws/build/nav2_voxel_grid' returned '0': AMENT_PREFIX_PATH=/home/ik/aws_ws/install/nav2_common:${AMENT_PREFIX_PATH} CMAKE_PREFIX_PATH=/home/ik/aws_ws/install/nav2_common:/home/ik/aws_ws/install/turtlebot3_simulations:/home/ik/aws_ws/install/turtlebot3_gazebo:/home/ik/aws_ws/install/turtlebot3_fake_node:/home/ik/aws_ws/install/slam_toolbox:/home/ik/aws_ws/install/aws_robomaker_small_warehouse_world:/opt/ros/foxy PYTHONPATH=/home/ik/aws_ws/install/nav2_common/lib/python3.8/site-packages:${PYTHONPATH} /usr/bin/cmake /home/ik/aws_ws/src/navigation2/nav2_voxel_grid -DAMENT_CMAKE_SYMLINK_INSTALL=1 -DCMAKE_INSTALL_PREFIX=/home/ik/aws_ws/install/nav2_voxel_grid
[1.983s] Invoking command in '/home/ik/aws_ws/build/nav2_voxel_grid': AMENT_PREFIX_PATH=/home/ik/aws_ws/install/nav2_common:${AMENT_PREFIX_PATH} CMAKE_PREFIX_PATH=/home/ik/aws_ws/install/nav2_common:/home/ik/aws_ws/install/turtlebot3_simulations:/home/ik/aws_ws/install/turtlebot3_gazebo:/home/ik/aws_ws/install/turtlebot3_fake_node:/home/ik/aws_ws/install/slam_toolbox:/home/ik/aws_ws/install/aws_robomaker_small_warehouse_world:/opt/ros/foxy PYTHONPATH=/home/ik/aws_ws/install/nav2_common/lib/python3.8/site-packages:${PYTHONPATH} /usr/bin/cmake --build /home/ik/aws_ws/build/nav2_voxel_grid -- -j8 -l8
[2.057s] [35m[1mScanning dependencies of target gtest_main[0m
[2.073s] [35m[1mScanning dependencies of target voxel_grid[0m
[2.075s] [35m[1mScanning dependencies of target gtest[0m
[2.118s] [ 12%] [32mBuilding CXX object gtest/CMakeFiles/gtest_main.dir/src/gtest_main.cc.o[0m
[2.132s] [ 25%] [32mBuilding CXX object gtest/CMakeFiles/gtest.dir/src/gtest-all.cc.o[0m
[2.179s] [ 37%] [32mBuilding CXX object CMakeFiles/voxel_grid.dir/src/voxel_grid.cpp.o[0m
[3.404s] [ 50%] [32m[1mLinking CXX static library libgtest_main.a[0m
[3.549s] [ 50%] Built target gtest_main
[4.700s] [ 62%] [32m[1mLinking CXX shared library libvoxel_grid.so[0m
[4.842s] [ 62%] Built target voxel_grid
[11.275s] [ 75%] [32m[1mLinking CXX static library libgtest.a[0m
[11.355s] [ 75%] Built target gtest
[11.378s] [35m[1mScanning dependencies of target voxel_grid_tests[0m
[11.429s] [ 87%] [32mBuilding CXX object test/CMakeFiles/voxel_grid_tests.dir/voxel_grid_tests.cpp.o[0m
[14.924s] [100%] [32m[1mLinking CXX executable voxel_grid_tests[0m
[15.085s] [100%] Built target voxel_grid_tests
[15.096s] Invoked command in '/home/ik/aws_ws/build/nav2_voxel_grid' returned '0': AMENT_PREFIX_PATH=/home/ik/aws_ws/install/nav2_common:${AMENT_PREFIX_PATH} CMAKE_PREFIX_PATH=/home/ik/aws_ws/install/nav2_common:/home/ik/aws_ws/install/turtlebot3_simulations:/home/ik/aws_ws/install/turtlebot3_gazebo:/home/ik/aws_ws/install/turtlebot3_fake_node:/home/ik/aws_ws/install/slam_toolbox:/home/ik/aws_ws/install/aws_robomaker_small_warehouse_world:/opt/ros/foxy PYTHONPATH=/home/ik/aws_ws/install/nav2_common/lib/python3.8/site-packages:${PYTHONPATH} /usr/bin/cmake --build /home/ik/aws_ws/build/nav2_voxel_grid -- -j8 -l8
[15.142s] Invoking command in '/home/ik/aws_ws/build/nav2_voxel_grid': AMENT_PREFIX_PATH=/home/ik/aws_ws/install/nav2_common:${AMENT_PREFIX_PATH} CMAKE_PREFIX_PATH=/home/ik/aws_ws/install/nav2_common:/home/ik/aws_ws/install/turtlebot3_simulations:/home/ik/aws_ws/install/turtlebot3_gazebo:/home/ik/aws_ws/install/turtlebot3_fake_node:/home/ik/aws_ws/install/slam_toolbox:/home/ik/aws_ws/install/aws_robomaker_small_warehouse_world:/opt/ros/foxy PYTHONPATH=/home/ik/aws_ws/install/nav2_common/lib/python3.8/site-packages:${PYTHONPATH} /usr/bin/cmake --install /home/ik/aws_ws/build/nav2_voxel_grid
[15.156s] -- Install configuration: "Release"
[15.156s] -- Execute custom install script
[15.156s] -- Symlinking: /home/ik/aws_ws/install/nav2_voxel_grid/lib/libvoxel_grid.so
[15.170s] -- Symlinking: /home/ik/aws_ws/install/nav2_voxel_grid/include/nav2_voxel_grid/voxel_grid.hpp
[15.179s] -- Symlinking: /home/ik/aws_ws/install/nav2_voxel_grid/share/nav2_voxel_grid/environment/library_path.sh
[15.189s] -- Symlinking: /home/ik/aws_ws/install/nav2_voxel_grid/share/nav2_voxel_grid/environment/library_path.dsv
[15.198s] -- Symlinking: /home/ik/aws_ws/install/nav2_voxel_grid/share/ament_index/resource_index/package_run_dependencies/nav2_voxel_grid
[15.211s] -- Symlinking: /home/ik/aws_ws/install/nav2_voxel_grid/share/ament_index/resource_index/parent_prefix_path/nav2_voxel_grid
[15.227s] -- Symlinking: /home/ik/aws_ws/install/nav2_voxel_grid/share/nav2_voxel_grid/environment/ament_prefix_path.sh
[15.240s] -- Symlinking: /home/ik/aws_ws/install/nav2_voxel_grid/share/nav2_voxel_grid/environment/ament_prefix_path.dsv
[15.255s] -- Symlinking: /home/ik/aws_ws/install/nav2_voxel_grid/share/nav2_voxel_grid/environment/path.sh
[15.264s] -- Symlinking: /home/ik/aws_ws/install/nav2_voxel_grid/share/nav2_voxel_grid/environment/path.dsv
[15.278s] -- Symlinking: /home/ik/aws_ws/install/nav2_voxel_grid/share/nav2_voxel_grid/local_setup.bash
[15.287s] -- Symlinking: /home/ik/aws_ws/install/nav2_voxel_grid/share/nav2_voxel_grid/local_setup.sh
[15.296s] -- Symlinking: /home/ik/aws_ws/install/nav2_voxel_grid/share/nav2_voxel_grid/local_setup.zsh
[15.305s] -- Symlinking: /home/ik/aws_ws/install/nav2_voxel_grid/share/nav2_voxel_grid/local_setup.dsv
[15.314s] -- Symlinking: /home/ik/aws_ws/install/nav2_voxel_grid/share/nav2_voxel_grid/package.dsv
[15.323s] -- Symlinking: /home/ik/aws_ws/install/nav2_voxel_grid/share/ament_index/resource_index/packages/nav2_voxel_grid
[15.331s] -- Symlinking: /home/ik/aws_ws/install/nav2_voxel_grid/share/nav2_voxel_grid/cmake/ament_cmake_export_dependencies-extras.cmake
[15.346s] -- Symlinking: /home/ik/aws_ws/install/nav2_voxel_grid/share/nav2_voxel_grid/cmake/ament_cmake_export_include_directories-extras.cmake
[15.362s] -- Symlinking: /home/ik/aws_ws/install/nav2_voxel_grid/share/nav2_voxel_grid/cmake/ament_cmake_export_libraries-extras.cmake
[15.378s] -- Symlinking: /home/ik/aws_ws/install/nav2_voxel_grid/share/nav2_voxel_grid/cmake/nav2_voxel_gridConfig.cmake
[15.395s] -- Symlinking: /home/ik/aws_ws/install/nav2_voxel_grid/share/nav2_voxel_grid/cmake/nav2_voxel_gridConfig-version.cmake
[15.409s] -- Symlinking: /home/ik/aws_ws/install/nav2_voxel_grid/share/nav2_voxel_grid/package.xml
[15.425s] Invoked command in '/home/ik/aws_ws/build/nav2_voxel_grid' returned '0': AMENT_PREFIX_PATH=/home/ik/aws_ws/install/nav2_common:${AMENT_PREFIX_PATH} CMAKE_PREFIX_PATH=/home/ik/aws_ws/install/nav2_common:/home/ik/aws_ws/install/turtlebot3_simulations:/home/ik/aws_ws/install/turtlebot3_gazebo:/home/ik/aws_ws/install/turtlebot3_fake_node:/home/ik/aws_ws/install/slam_toolbox:/home/ik/aws_ws/install/aws_robomaker_small_warehouse_world:/opt/ros/foxy PYTHONPATH=/home/ik/aws_ws/install/nav2_common/lib/python3.8/site-packages:${PYTHONPATH} /usr/bin/cmake --install /home/ik/aws_ws/build/nav2_voxel_grid
