[0.063s] Invoking command in '/home/ik/aws_ws/build/nav2_navfn_planner': AMENT_PREFIX_PATH=/home/ik/aws_ws/install/nav2_core:/home/ik/aws_ws/install/nav2_costmap_2d:/home/ik/aws_ws/install/nav2_util:/home/ik/aws_ws/install/nav2_voxel_grid:/home/ik/aws_ws/install/nav2_msgs:/home/ik/aws_ws/install/nav2_common:${AMENT_PREFIX_PATH} CMAKE_PREFIX_PATH=/home/ik/aws_ws/install/nav2_core:/home/ik/aws_ws/install/nav2_costmap_2d:/home/ik/aws_ws/install/nav2_util:/home/ik/aws_ws/install/nav2_voxel_grid:/home/ik/aws_ws/install/nav2_msgs:/home/ik/aws_ws/install/nav2_common:/opt/ros/foxy LD_LIBRARY_PATH=/home/ik/aws_ws/install/nav2_costmap_2d/lib:/home/ik/aws_ws/install/nav2_util/lib:/home/ik/aws_ws/install/nav2_voxel_grid/lib:/home/ik/aws_ws/install/nav2_msgs/lib:${LD_LIBRARY_PATH} PYTHONPATH=/home/ik/aws_ws/install/nav2_msgs/lib/python3.8/site-packages:/home/ik/aws_ws/install/nav2_common/lib/python3.8/site-packages:${PYTHONPATH} /usr/bin/cmake --build /home/ik/aws_ws/build/nav2_navfn_planner -- -j8 -l8
[0.203s] [100%] Built target nav2_navfn_planner
[0.219s] Invoked command in '/home/ik/aws_ws/build/nav2_navfn_planner' returned '0': AMENT_PREFIX_PATH=/home/ik/aws_ws/install/nav2_core:/home/ik/aws_ws/install/nav2_costmap_2d:/home/ik/aws_ws/install/nav2_util:/home/ik/aws_ws/install/nav2_voxel_grid:/home/ik/aws_ws/install/nav2_msgs:/home/ik/aws_ws/install/nav2_common:${AMENT_PREFIX_PATH} CMAKE_PREFIX_PATH=/home/ik/aws_ws/install/nav2_core:/home/ik/aws_ws/install/nav2_costmap_2d:/home/ik/aws_ws/install/nav2_util:/home/ik/aws_ws/install/nav2_voxel_grid:/home/ik/aws_ws/install/nav2_msgs:/home/ik/aws_ws/install/nav2_common:/opt/ros/foxy LD_LIBRARY_PATH=/home/ik/aws_ws/install/nav2_costmap_2d/lib:/home/ik/aws_ws/install/nav2_util/lib:/home/ik/aws_ws/install/nav2_voxel_grid/lib:/home/ik/aws_ws/install/nav2_msgs/lib:${LD_LIBRARY_PATH} PYTHONPATH=/home/ik/aws_ws/install/nav2_msgs/lib/python3.8/site-packages:/home/ik/aws_ws/install/nav2_common/lib/python3.8/site-packages:${PYTHONPATH} /usr/bin/cmake --build /home/ik/aws_ws/build/nav2_navfn_planner -- -j8 -l8
[0.329s] Invoking command in '/home/ik/aws_ws/build/nav2_navfn_planner': AMENT_PREFIX_PATH=/home/ik/aws_ws/install/nav2_core:/home/ik/aws_ws/install/nav2_costmap_2d:/home/ik/aws_ws/install/nav2_util:/home/ik/aws_ws/install/nav2_voxel_grid:/home/ik/aws_ws/install/nav2_msgs:/home/ik/aws_ws/install/nav2_common:${AMENT_PREFIX_PATH} CMAKE_PREFIX_PATH=/home/ik/aws_ws/install/nav2_core:/home/ik/aws_ws/install/nav2_costmap_2d:/home/ik/aws_ws/install/nav2_util:/home/ik/aws_ws/install/nav2_voxel_grid:/home/ik/aws_ws/install/nav2_msgs:/home/ik/aws_ws/install/nav2_common:/opt/ros/foxy LD_LIBRARY_PATH=/home/ik/aws_ws/install/nav2_costmap_2d/lib:/home/ik/aws_ws/install/nav2_util/lib:/home/ik/aws_ws/install/nav2_voxel_grid/lib:/home/ik/aws_ws/install/nav2_msgs/lib:${LD_LIBRARY_PATH} PYTHONPATH=/home/ik/aws_ws/install/nav2_msgs/lib/python3.8/site-packages:/home/ik/aws_ws/install/nav2_common/lib/python3.8/site-packages:${PYTHONPATH} /usr/bin/cmake --install /home/ik/aws_ws/build/nav2_navfn_planner
[0.340s] -- Install configuration: "Release"
[0.341s] -- Execute custom install script
[0.341s] -- Up-to-date symlink: /home/ik/aws_ws/install/nav2_navfn_planner/share/nav2_navfn_planner//global_planner_plugin.xml
[0.342s] -- Up-to-date symlink: /home/ik/aws_ws/install/nav2_navfn_planner/lib/libnav2_navfn_planner.so
[0.346s] -- Up-to-date symlink: /home/ik/aws_ws/install/nav2_navfn_planner/include//nav2_navfn_planner/navfn.hpp
[0.347s] -- Up-to-date symlink: /home/ik/aws_ws/install/nav2_navfn_planner/include//nav2_navfn_planner/navfn_planner.hpp
[0.347s] -- Up-to-date symlink: /home/ik/aws_ws/install/nav2_navfn_planner/share/nav2_navfn_planner/global_planner_plugin.xml
[0.347s] -- Up-to-date symlink: /home/ik/aws_ws/install/nav2_navfn_planner/share/nav2_navfn_planner/environment/library_path.sh
[0.347s] -- Up-to-date symlink: /home/ik/aws_ws/install/nav2_navfn_planner/share/nav2_navfn_planner/environment/library_path.dsv
[0.347s] -- Up-to-date symlink: /home/ik/aws_ws/install/nav2_navfn_planner/share/ament_index/resource_index/package_run_dependencies/nav2_navfn_planner
[0.347s] -- Up-to-date symlink: /home/ik/aws_ws/install/nav2_navfn_planner/share/ament_index/resource_index/parent_prefix_path/nav2_navfn_planner
[0.347s] -- Up-to-date symlink: /home/ik/aws_ws/install/nav2_navfn_planner/share/nav2_navfn_planner/environment/ament_prefix_path.sh
[0.347s] -- Up-to-date symlink: /home/ik/aws_ws/install/nav2_navfn_planner/share/nav2_navfn_planner/environment/ament_prefix_path.dsv
[0.347s] -- Up-to-date symlink: /home/ik/aws_ws/install/nav2_navfn_planner/share/nav2_navfn_planner/environment/path.sh
[0.347s] -- Up-to-date symlink: /home/ik/aws_ws/install/nav2_navfn_planner/share/nav2_navfn_planner/environment/path.dsv
[0.347s] -- Up-to-date symlink: /home/ik/aws_ws/install/nav2_navfn_planner/share/nav2_navfn_planner/local_setup.bash
[0.347s] -- Up-to-date symlink: /home/ik/aws_ws/install/nav2_navfn_planner/share/nav2_navfn_planner/local_setup.sh
[0.347s] -- Up-to-date symlink: /home/ik/aws_ws/install/nav2_navfn_planner/share/nav2_navfn_planner/local_setup.zsh
[0.347s] -- Up-to-date symlink: /home/ik/aws_ws/install/nav2_navfn_planner/share/nav2_navfn_planner/local_setup.dsv
[0.347s] -- Symlinking: /home/ik/aws_ws/install/nav2_navfn_planner/share/nav2_navfn_planner/package.dsv
[0.367s] -- Up-to-date symlink: /home/ik/aws_ws/install/nav2_navfn_planner/share/ament_index/resource_index/packages/nav2_navfn_planner
[0.368s] -- Up-to-date symlink: /home/ik/aws_ws/install/nav2_navfn_planner/share/ament_index/resource_index/nav2_core__pluginlib__plugin/nav2_navfn_planner
[0.368s] -- Up-to-date symlink: /home/ik/aws_ws/install/nav2_navfn_planner/share/nav2_navfn_planner/cmake/ament_cmake_export_include_directories-extras.cmake
[0.369s] -- Up-to-date symlink: /home/ik/aws_ws/install/nav2_navfn_planner/share/nav2_navfn_planner/cmake/ament_cmake_export_libraries-extras.cmake
[0.369s] -- Up-to-date symlink: /home/ik/aws_ws/install/nav2_navfn_planner/share/nav2_navfn_planner/cmake/ament_cmake_export_dependencies-extras.cmake
[0.369s] -- Up-to-date symlink: /home/ik/aws_ws/install/nav2_navfn_planner/share/nav2_navfn_planner/cmake/ament_cmake_export_definitions-extras.cmake
[0.370s] -- Up-to-date symlink: /home/ik/aws_ws/install/nav2_navfn_planner/share/nav2_navfn_planner/cmake/nav2_navfn_plannerConfig.cmake
[0.370s] -- Up-to-date symlink: /home/ik/aws_ws/install/nav2_navfn_planner/share/nav2_navfn_planner/cmake/nav2_navfn_plannerConfig-version.cmake
[0.370s] -- Up-to-date symlink: /home/ik/aws_ws/install/nav2_navfn_planner/share/nav2_navfn_planner/package.xml
[0.395s] Invoked command in '/home/ik/aws_ws/build/nav2_navfn_planner' returned '0': AMENT_PREFIX_PATH=/home/ik/aws_ws/install/nav2_core:/home/ik/aws_ws/install/nav2_costmap_2d:/home/ik/aws_ws/install/nav2_util:/home/ik/aws_ws/install/nav2_voxel_grid:/home/ik/aws_ws/install/nav2_msgs:/home/ik/aws_ws/install/nav2_common:${AMENT_PREFIX_PATH} CMAKE_PREFIX_PATH=/home/ik/aws_ws/install/nav2_core:/home/ik/aws_ws/install/nav2_costmap_2d:/home/ik/aws_ws/install/nav2_util:/home/ik/aws_ws/install/nav2_voxel_grid:/home/ik/aws_ws/install/nav2_msgs:/home/ik/aws_ws/install/nav2_common:/opt/ros/foxy LD_LIBRARY_PATH=/home/ik/aws_ws/install/nav2_costmap_2d/lib:/home/ik/aws_ws/install/nav2_util/lib:/home/ik/aws_ws/install/nav2_voxel_grid/lib:/home/ik/aws_ws/install/nav2_msgs/lib:${LD_LIBRARY_PATH} PYTHONPATH=/home/ik/aws_ws/install/nav2_msgs/lib/python3.8/site-packages:/home/ik/aws_ws/install/nav2_common/lib/python3.8/site-packages:${PYTHONPATH} /usr/bin/cmake --install /home/ik/aws_ws/build/nav2_navfn_planner
