[0.070s] Invoking command in '/home/ik/aws_ws/build/turtlebot3_fake_node': CMAKE_PREFIX_PATH=/opt/ros/foxy /usr/bin/cmake /home/ik/aws_ws/src/turtlebot3_simulations/turtlebot3_fake_node -DCMAKE_INSTALL_PREFIX=/home/ik/aws_ws/install/turtlebot3_fake_node
[0.087s] -- Found ament_cmake: 0.9.11 (/opt/ros/foxy/share/ament_cmake/cmake)
[0.113s] -- Using PYTHON_EXECUTABLE: /usr/bin/python3
[0.291s] -- Override CMake install command with custom implementation using symlinks instead of copying resources
[0.297s] -- Found geometry_msgs: 2.0.5 (/opt/ros/foxy/share/geometry_msgs/cmake)
[0.318s] -- Using all available rosidl_typesupport_c: rosidl_typesupport_fastrtps_c;rosidl_typesupport_introspection_c
[0.320s] -- Found rosidl_adapter: 1.3.0 (/opt/ros/foxy/share/rosidl_adapter/cmake)
[0.453s] -- Using all available rosidl_typesupport_cpp: rosidl_typesupport_fastrtps_cpp;rosidl_typesupport_introspection_cpp
[0.534s] -- Found nav_msgs: 2.0.5 (/opt/ros/foxy/share/nav_msgs/cmake)
[0.600s] -- Found rclcpp: 2.4.2 (/opt/ros/foxy/share/rclcpp/cmake)
[0.636s] -- Found rmw_implementation_cmake: 1.0.4 (/opt/ros/foxy/share/rmw_implementation_cmake/cmake)
[0.637s] -- Using RMW implementation 'rmw_fastrtps_cpp' as default
[0.771s] -- Found sensor_msgs: 2.0.5 (/opt/ros/foxy/share/sensor_msgs/cmake)
[0.850s] -- Found tf2: 0.13.14 (/opt/ros/foxy/share/tf2/cmake)
[0.856s] -- Found tf2_msgs: 0.13.14 (/opt/ros/foxy/share/tf2_msgs/cmake)
[1.041s] -- Found turtlebot3_msgs: 2.2.1 (/opt/ros/foxy/share/turtlebot3_msgs/cmake)
[1.206s] -- Configuring done
[1.219s] -- Generating done
[1.220s] -- Build files have been written to: /home/ik/aws_ws/build/turtlebot3_fake_node
[1.228s] Invoked command in '/home/ik/aws_ws/build/turtlebot3_fake_node' returned '0': CMAKE_PREFIX_PATH=/opt/ros/foxy /usr/bin/cmake /home/ik/aws_ws/src/turtlebot3_simulations/turtlebot3_fake_node -DCMAKE_INSTALL_PREFIX=/home/ik/aws_ws/install/turtlebot3_fake_node
[1.234s] Invoking command in '/home/ik/aws_ws/build/turtlebot3_fake_node': CMAKE_PREFIX_PATH=/opt/ros/foxy /usr/bin/cmake --build /home/ik/aws_ws/build/turtlebot3_fake_node -- -j8 -l8
[1.321s] [100%] Built target turtlebot3_fake_node
[1.339s] Invoked command in '/home/ik/aws_ws/build/turtlebot3_fake_node' returned '0': CMAKE_PREFIX_PATH=/opt/ros/foxy /usr/bin/cmake --build /home/ik/aws_ws/build/turtlebot3_fake_node -- -j8 -l8
[1.378s] Invoking command in '/home/ik/aws_ws/build/turtlebot3_fake_node': CMAKE_PREFIX_PATH=/opt/ros/foxy /usr/bin/cmake --install /home/ik/aws_ws/build/turtlebot3_fake_node
[1.545s] -- Install configuration: ""
[1.545s] -- Execute custom install script
[1.545s] -- Up-to-date symlink: /home/ik/aws_ws/install/turtlebot3_fake_node/lib/turtlebot3_fake_node/turtlebot3_fake_node
[1.546s] -- Up-to-date symlink: /home/ik/aws_ws/install/turtlebot3_fake_node/share/turtlebot3_fake_node/launch/rviz2.launch.py
[1.546s] -- Up-to-date symlink: /home/ik/aws_ws/install/turtlebot3_fake_node/share/turtlebot3_fake_node/launch/turtlebot3_fake_node.launch.py
[1.546s] -- Up-to-date symlink: /home/ik/aws_ws/install/turtlebot3_fake_node/share/turtlebot3_fake_node/param/burger.yaml
[1.546s] -- Up-to-date symlink: /home/ik/aws_ws/install/turtlebot3_fake_node/share/turtlebot3_fake_node/param/waffle.yaml
[1.546s] -- Up-to-date symlink: /home/ik/aws_ws/install/turtlebot3_fake_node/share/turtlebot3_fake_node/param/waffle_pi.yaml
[1.546s] -- Up-to-date symlink: /home/ik/aws_ws/install/turtlebot3_fake_node/share/turtlebot3_fake_node/rviz/model.rviz
[1.546s] -- Up-to-date symlink: /home/ik/aws_ws/install/turtlebot3_fake_node/include//turtlebot3_fake_node/turtlebot3_fake_node.hpp
[1.546s] -- Up-to-date symlink: /home/ik/aws_ws/install/turtlebot3_fake_node/share/ament_index/resource_index/package_run_dependencies/turtlebot3_fake_node
[1.546s] -- Up-to-date symlink: /home/ik/aws_ws/install/turtlebot3_fake_node/share/ament_index/resource_index/parent_prefix_path/turtlebot3_fake_node
[1.546s] -- Up-to-date symlink: /home/ik/aws_ws/install/turtlebot3_fake_node/share/turtlebot3_fake_node/environment/ament_prefix_path.sh
[1.546s] -- Up-to-date symlink: /home/ik/aws_ws/install/turtlebot3_fake_node/share/turtlebot3_fake_node/environment/ament_prefix_path.dsv
[1.546s] -- Up-to-date symlink: /home/ik/aws_ws/install/turtlebot3_fake_node/share/turtlebot3_fake_node/environment/path.sh
[1.546s] -- Up-to-date symlink: /home/ik/aws_ws/install/turtlebot3_fake_node/share/turtlebot3_fake_node/environment/path.dsv
[1.546s] -- Up-to-date symlink: /home/ik/aws_ws/install/turtlebot3_fake_node/share/turtlebot3_fake_node/local_setup.bash
[1.546s] -- Up-to-date symlink: /home/ik/aws_ws/install/turtlebot3_fake_node/share/turtlebot3_fake_node/local_setup.sh
[1.546s] -- Up-to-date symlink: /home/ik/aws_ws/install/turtlebot3_fake_node/share/turtlebot3_fake_node/local_setup.zsh
[1.547s] -- Up-to-date symlink: /home/ik/aws_ws/install/turtlebot3_fake_node/share/turtlebot3_fake_node/local_setup.dsv
[1.547s] -- Symlinking: /home/ik/aws_ws/install/turtlebot3_fake_node/share/turtlebot3_fake_node/package.dsv
[1.547s] -- Up-to-date symlink: /home/ik/aws_ws/install/turtlebot3_fake_node/share/ament_index/resource_index/packages/turtlebot3_fake_node
[1.547s] -- Up-to-date symlink: /home/ik/aws_ws/install/turtlebot3_fake_node/share/turtlebot3_fake_node/cmake/ament_cmake_export_include_directories-extras.cmake
[1.547s] -- Up-to-date symlink: /home/ik/aws_ws/install/turtlebot3_fake_node/share/turtlebot3_fake_node/cmake/ament_cmake_export_dependencies-extras.cmake
[1.547s] -- Up-to-date symlink: /home/ik/aws_ws/install/turtlebot3_fake_node/share/turtlebot3_fake_node/cmake/turtlebot3_fake_nodeConfig.cmake
[1.547s] -- Up-to-date symlink: /home/ik/aws_ws/install/turtlebot3_fake_node/share/turtlebot3_fake_node/cmake/turtlebot3_fake_nodeConfig-version.cmake
[1.547s] -- Up-to-date symlink: /home/ik/aws_ws/install/turtlebot3_fake_node/share/turtlebot3_fake_node/package.xml
[1.562s] Invoked command in '/home/ik/aws_ws/build/turtlebot3_fake_node' returned '0': CMAKE_PREFIX_PATH=/opt/ros/foxy /usr/bin/cmake --install /home/ik/aws_ws/build/turtlebot3_fake_node
