[0.067s] Invoking command in '/home/ik/aws_ws/build/nav2_recoveries': AMENT_PREFIX_PATH=/home/ik/aws_ws/install/nav2_core:/home/ik/aws_ws/install/nav2_costmap_2d:/home/ik/aws_ws/install/nav2_behavior_tree:/home/ik/aws_ws/install/nav2_util:/home/ik/aws_ws/install/nav2_voxel_grid:/home/ik/aws_ws/install/nav2_msgs:/home/ik/aws_ws/install/nav2_common:${AMENT_PREFIX_PATH} CMAKE_PREFIX_PATH=/home/ik/aws_ws/install/nav2_core:/home/ik/aws_ws/install/nav2_costmap_2d:/home/ik/aws_ws/install/nav2_behavior_tree:/home/ik/aws_ws/install/nav2_util:/home/ik/aws_ws/install/nav2_voxel_grid:/home/ik/aws_ws/install/nav2_msgs:/home/ik/aws_ws/install/nav2_common:/opt/ros/foxy LD_LIBRARY_PATH=/home/ik/aws_ws/install/nav2_costmap_2d/lib:/home/ik/aws_ws/install/nav2_behavior_tree/lib:/home/ik/aws_ws/install/nav2_util/lib:/home/ik/aws_ws/install/nav2_voxel_grid/lib:/home/ik/aws_ws/install/nav2_msgs/lib:${LD_LIBRARY_PATH} PYTHONPATH=/home/ik/aws_ws/install/nav2_msgs/lib/python3.8/site-packages:/home/ik/aws_ws/install/nav2_common/lib/python3.8/site-packages:${PYTHONPATH} /usr/bin/cmake /home/ik/aws_ws/src/navigation2/nav2_recoveries -DCMAKE_INSTALL_PREFIX=/home/ik/aws_ws/install/nav2_recoveries
[0.087s] -- Found ament_cmake: 0.9.11 (/opt/ros/foxy/share/ament_cmake/cmake)
[0.115s] -- Using PYTHON_EXECUTABLE: /usr/bin/python3
[0.321s] -- Override CMake install command with custom implementation using symlinks instead of copying resources
[0.329s] -- Found nav2_common: 0.4.7 (/home/ik/aws_ws/install/nav2_common/share/nav2_common/cmake)
[0.330s] -- Found rclcpp: 2.4.2 (/opt/ros/foxy/share/rclcpp/cmake)
[0.376s] -- Using all available rosidl_typesupport_c: rosidl_typesupport_fastrtps_c;rosidl_typesupport_introspection_c
[0.376s] -- Found rosidl_adapter: 1.3.0 (/opt/ros/foxy/share/rosidl_adapter/cmake)
[0.522s] -- Using all available rosidl_typesupport_cpp: rosidl_typesupport_fastrtps_cpp;rosidl_typesupport_introspection_cpp
[0.583s] -- Found rmw_implementation_cmake: 1.0.4 (/opt/ros/foxy/share/rmw_implementation_cmake/cmake)
[0.585s] -- Using RMW implementation 'rmw_fastrtps_cpp' as default
[0.768s] -- Found rclcpp_action: 2.4.2 (/opt/ros/foxy/share/rclcpp_action/cmake)
[0.861s] -- Found rclcpp_lifecycle: 2.4.2 (/opt/ros/foxy/share/rclcpp_lifecycle/cmake)
[0.895s] -- Found nav2_behavior_tree: 0.4.7 (/home/ik/aws_ws/install/nav2_behavior_tree/share/nav2_behavior_tree/cmake)
[1.919s] -- Found eigen3_cmake_module: 0.1.1 (/opt/ros/foxy/share/eigen3_cmake_module/cmake)
[2.417s] -- Found nav2_costmap_2d: 0.4.7 (/home/ik/aws_ws/install/nav2_costmap_2d/share/nav2_costmap_2d/cmake)
[3.216s] -- Found nav2_core: 0.4.7 (/home/ik/aws_ws/install/nav2_core/share/nav2_core/cmake)
[28.110s] -- Found ament_lint_auto: 0.9.8 (/opt/ros/foxy/share/ament_lint_auto/cmake)
[28.206s] -- Found gtest sources under '/opt/ros/foxy/src/gtest_vendor': C++ tests using 'Google Test' will be built
[31.884s] -- Added test 'copyright' to check source files copyright and LICENSE
[31.886s] -- Added test 'cppcheck' to perform static code analysis on C / C++ code
[31.888s] -- Configured cppcheck include dirs: /home/ik/aws_ws/src/navigation2/nav2_recoveries/include
[31.889s] -- Configured cppcheck exclude dirs and/or files: 
[31.889s] -- Added test 'cpplint' to check C / C++ code against the Google style
[31.890s] -- Configured cpplint exclude dirs and/or files: 
[31.890s] -- Added test 'lint_cmake' to check CMake code style
[31.893s] -- Added test 'uncrustify' to check C / C++ code style
[31.893s] -- Configured uncrustify additional arguments: 
[31.893s] -- Added test 'xmllint' to check XML markup files
[31.903s] -- Configuring done
[32.220s] -- Generating done
[32.224s] -- Build files have been written to: /home/ik/aws_ws/build/nav2_recoveries
[32.241s] Invoked command in '/home/ik/aws_ws/build/nav2_recoveries' returned '0': AMENT_PREFIX_PATH=/home/ik/aws_ws/install/nav2_core:/home/ik/aws_ws/install/nav2_costmap_2d:/home/ik/aws_ws/install/nav2_behavior_tree:/home/ik/aws_ws/install/nav2_util:/home/ik/aws_ws/install/nav2_voxel_grid:/home/ik/aws_ws/install/nav2_msgs:/home/ik/aws_ws/install/nav2_common:${AMENT_PREFIX_PATH} CMAKE_PREFIX_PATH=/home/ik/aws_ws/install/nav2_core:/home/ik/aws_ws/install/nav2_costmap_2d:/home/ik/aws_ws/install/nav2_behavior_tree:/home/ik/aws_ws/install/nav2_util:/home/ik/aws_ws/install/nav2_voxel_grid:/home/ik/aws_ws/install/nav2_msgs:/home/ik/aws_ws/install/nav2_common:/opt/ros/foxy LD_LIBRARY_PATH=/home/ik/aws_ws/install/nav2_costmap_2d/lib:/home/ik/aws_ws/install/nav2_behavior_tree/lib:/home/ik/aws_ws/install/nav2_util/lib:/home/ik/aws_ws/install/nav2_voxel_grid/lib:/home/ik/aws_ws/install/nav2_msgs/lib:${LD_LIBRARY_PATH} PYTHONPATH=/home/ik/aws_ws/install/nav2_msgs/lib/python3.8/site-packages:/home/ik/aws_ws/install/nav2_common/lib/python3.8/site-packages:${PYTHONPATH} /usr/bin/cmake /home/ik/aws_ws/src/navigation2/nav2_recoveries -DCMAKE_INSTALL_PREFIX=/home/ik/aws_ws/install/nav2_recoveries
[32.242s] Invoking command in '/home/ik/aws_ws/build/nav2_recoveries': AMENT_PREFIX_PATH=/home/ik/aws_ws/install/nav2_core:/home/ik/aws_ws/install/nav2_costmap_2d:/home/ik/aws_ws/install/nav2_behavior_tree:/home/ik/aws_ws/install/nav2_util:/home/ik/aws_ws/install/nav2_voxel_grid:/home/ik/aws_ws/install/nav2_msgs:/home/ik/aws_ws/install/nav2_common:${AMENT_PREFIX_PATH} CMAKE_PREFIX_PATH=/home/ik/aws_ws/install/nav2_core:/home/ik/aws_ws/install/nav2_costmap_2d:/home/ik/aws_ws/install/nav2_behavior_tree:/home/ik/aws_ws/install/nav2_util:/home/ik/aws_ws/install/nav2_voxel_grid:/home/ik/aws_ws/install/nav2_msgs:/home/ik/aws_ws/install/nav2_common:/opt/ros/foxy LD_LIBRARY_PATH=/home/ik/aws_ws/install/nav2_costmap_2d/lib:/home/ik/aws_ws/install/nav2_behavior_tree/lib:/home/ik/aws_ws/install/nav2_util/lib:/home/ik/aws_ws/install/nav2_voxel_grid/lib:/home/ik/aws_ws/install/nav2_msgs/lib:${LD_LIBRARY_PATH} PYTHONPATH=/home/ik/aws_ws/install/nav2_msgs/lib/python3.8/site-packages:/home/ik/aws_ws/install/nav2_common/lib/python3.8/site-packages:${PYTHONPATH} /usr/bin/cmake --build /home/ik/aws_ws/build/nav2_recoveries -- -j8 -l8
[32.306s] [35m[1mScanning dependencies of target recoveries_server_core[0m
[32.330s] [  6%] [32mBuilding CXX object CMakeFiles/recoveries_server_core.dir/src/recovery_server.cpp.o[0m
[42.550s] [ 12%] [32m[1mLinking CXX static library librecoveries_server_core.a[0m
[42.605s] [ 12%] Built target recoveries_server_core
[42.639s] [ 25%] Built target gtest_main
[42.662s] [35m[1mScanning dependencies of target recoveries_server[0m
[42.692s] [ 31%] [32mBuilding CXX object CMakeFiles/recoveries_server.dir/src/main.cpp.o[0m
[46.072s] [ 37%] [32m[1mLinking CXX executable recoveries_server[0m
[46.548s] [ 37%] Built target recoveries_server
[46.585s] [ 50%] Built target gtest
[46.610s] [35m[1mScanning dependencies of target nav2_spin_recovery[0m
[46.649s] [ 56%] [32mBuilding CXX object CMakeFiles/nav2_spin_recovery.dir/plugins/spin.cpp.o[0m
[56.120s] [ 62%] [32m[1mLinking CXX shared library libnav2_spin_recovery.so[0m
[56.483s] [ 62%] Built target nav2_spin_recovery
[56.510s] [35m[1mScanning dependencies of target test_recoveries[0m
[56.540s] [ 68%] [32mBuilding CXX object test/CMakeFiles/test_recoveries.dir/test_recoveries.cpp.o[0m
[66.179s] [ 75%] [32m[1mLinking CXX executable test_recoveries[0m
[66.536s] [ 75%] Built target test_recoveries
[66.549s] [35m[1mScanning dependencies of target nav2_backup_recovery[0m
[66.556s] [35m[1mScanning dependencies of target nav2_wait_recovery[0m
[66.582s] [ 81%] [32mBuilding CXX object CMakeFiles/nav2_backup_recovery.dir/plugins/back_up.cpp.o[0m
[66.589s] [ 87%] [32mBuilding CXX object CMakeFiles/nav2_wait_recovery.dir/plugins/wait.cpp.o[0m
[73.543s] [ 93%] [32m[1mLinking CXX shared library libnav2_wait_recovery.so[0m
[73.800s] [100%] [32m[1mLinking CXX shared library libnav2_backup_recovery.so[0m
[73.809s] [100%] Built target nav2_wait_recovery
[74.098s] [100%] Built target nav2_backup_recovery
[74.115s] Invoked command in '/home/ik/aws_ws/build/nav2_recoveries' returned '0': AMENT_PREFIX_PATH=/home/ik/aws_ws/install/nav2_core:/home/ik/aws_ws/install/nav2_costmap_2d:/home/ik/aws_ws/install/nav2_behavior_tree:/home/ik/aws_ws/install/nav2_util:/home/ik/aws_ws/install/nav2_voxel_grid:/home/ik/aws_ws/install/nav2_msgs:/home/ik/aws_ws/install/nav2_common:${AMENT_PREFIX_PATH} CMAKE_PREFIX_PATH=/home/ik/aws_ws/install/nav2_core:/home/ik/aws_ws/install/nav2_costmap_2d:/home/ik/aws_ws/install/nav2_behavior_tree:/home/ik/aws_ws/install/nav2_util:/home/ik/aws_ws/install/nav2_voxel_grid:/home/ik/aws_ws/install/nav2_msgs:/home/ik/aws_ws/install/nav2_common:/opt/ros/foxy LD_LIBRARY_PATH=/home/ik/aws_ws/install/nav2_costmap_2d/lib:/home/ik/aws_ws/install/nav2_behavior_tree/lib:/home/ik/aws_ws/install/nav2_util/lib:/home/ik/aws_ws/install/nav2_voxel_grid/lib:/home/ik/aws_ws/install/nav2_msgs/lib:${LD_LIBRARY_PATH} PYTHONPATH=/home/ik/aws_ws/install/nav2_msgs/lib/python3.8/site-packages:/home/ik/aws_ws/install/nav2_common/lib/python3.8/site-packages:${PYTHONPATH} /usr/bin/cmake --build /home/ik/aws_ws/build/nav2_recoveries -- -j8 -l8
[74.155s] Invoking command in '/home/ik/aws_ws/build/nav2_recoveries': AMENT_PREFIX_PATH=/home/ik/aws_ws/install/nav2_core:/home/ik/aws_ws/install/nav2_costmap_2d:/home/ik/aws_ws/install/nav2_behavior_tree:/home/ik/aws_ws/install/nav2_util:/home/ik/aws_ws/install/nav2_voxel_grid:/home/ik/aws_ws/install/nav2_msgs:/home/ik/aws_ws/install/nav2_common:${AMENT_PREFIX_PATH} CMAKE_PREFIX_PATH=/home/ik/aws_ws/install/nav2_core:/home/ik/aws_ws/install/nav2_costmap_2d:/home/ik/aws_ws/install/nav2_behavior_tree:/home/ik/aws_ws/install/nav2_util:/home/ik/aws_ws/install/nav2_voxel_grid:/home/ik/aws_ws/install/nav2_msgs:/home/ik/aws_ws/install/nav2_common:/opt/ros/foxy LD_LIBRARY_PATH=/home/ik/aws_ws/install/nav2_costmap_2d/lib:/home/ik/aws_ws/install/nav2_behavior_tree/lib:/home/ik/aws_ws/install/nav2_util/lib:/home/ik/aws_ws/install/nav2_voxel_grid/lib:/home/ik/aws_ws/install/nav2_msgs/lib:${LD_LIBRARY_PATH} PYTHONPATH=/home/ik/aws_ws/install/nav2_msgs/lib/python3.8/site-packages:/home/ik/aws_ws/install/nav2_common/lib/python3.8/site-packages:${PYTHONPATH} /usr/bin/cmake --install /home/ik/aws_ws/build/nav2_recoveries
[74.168s] -- Install configuration: "Release"
[74.168s] -- Execute custom install script
[74.169s] -- Up-to-date symlink: /home/ik/aws_ws/install/nav2_recoveries/share/nav2_recoveries//recovery_plugin.xml
[74.170s] -- Up-to-date symlink: /home/ik/aws_ws/install/nav2_recoveries/lib/librecoveries_server_core.a
[74.170s] -- Up-to-date symlink: /home/ik/aws_ws/install/nav2_recoveries/lib/libnav2_backup_recovery.so
[74.170s] -- Up-to-date symlink: /home/ik/aws_ws/install/nav2_recoveries/lib/libnav2_spin_recovery.so
[74.170s] -- Up-to-date symlink: /home/ik/aws_ws/install/nav2_recoveries/lib/libnav2_wait_recovery.so
[74.171s] -- Up-to-date symlink: /home/ik/aws_ws/install/nav2_recoveries/lib/nav2_recoveries/recoveries_server
[74.171s] -- Up-to-date symlink: /home/ik/aws_ws/install/nav2_recoveries/include//nav2_recoveries/recovery.hpp
[74.172s] -- Up-to-date symlink: /home/ik/aws_ws/install/nav2_recoveries/include//nav2_recoveries/recovery_server.hpp
[74.172s] -- Up-to-date symlink: /home/ik/aws_ws/install/nav2_recoveries/share/nav2_recoveries/recovery_plugin.xml
[74.172s] -- Up-to-date symlink: /home/ik/aws_ws/install/nav2_recoveries/share/nav2_recoveries/environment/library_path.sh
[74.173s] -- Up-to-date symlink: /home/ik/aws_ws/install/nav2_recoveries/share/nav2_recoveries/environment/library_path.dsv
[74.173s] -- Up-to-date symlink: /home/ik/aws_ws/install/nav2_recoveries/share/ament_index/resource_index/package_run_dependencies/nav2_recoveries
[74.174s] -- Up-to-date symlink: /home/ik/aws_ws/install/nav2_recoveries/share/ament_index/resource_index/parent_prefix_path/nav2_recoveries
[74.174s] -- Up-to-date symlink: /home/ik/aws_ws/install/nav2_recoveries/share/nav2_recoveries/environment/ament_prefix_path.sh
[74.174s] -- Up-to-date symlink: /home/ik/aws_ws/install/nav2_recoveries/share/nav2_recoveries/environment/ament_prefix_path.dsv
[74.174s] -- Up-to-date symlink: /home/ik/aws_ws/install/nav2_recoveries/share/nav2_recoveries/environment/path.sh
[74.175s] -- Up-to-date symlink: /home/ik/aws_ws/install/nav2_recoveries/share/nav2_recoveries/environment/path.dsv
[74.175s] -- Up-to-date symlink: /home/ik/aws_ws/install/nav2_recoveries/share/nav2_recoveries/local_setup.bash
[74.175s] -- Up-to-date symlink: /home/ik/aws_ws/install/nav2_recoveries/share/nav2_recoveries/local_setup.sh
[74.176s] -- Up-to-date symlink: /home/ik/aws_ws/install/nav2_recoveries/share/nav2_recoveries/local_setup.zsh
[74.176s] -- Up-to-date symlink: /home/ik/aws_ws/install/nav2_recoveries/share/nav2_recoveries/local_setup.dsv
[74.176s] -- Symlinking: /home/ik/aws_ws/install/nav2_recoveries/share/nav2_recoveries/package.dsv
[74.193s] -- Up-to-date symlink: /home/ik/aws_ws/install/nav2_recoveries/share/ament_index/resource_index/packages/nav2_recoveries
[74.193s] -- Up-to-date symlink: /home/ik/aws_ws/install/nav2_recoveries/share/ament_index/resource_index/nav2_core__pluginlib__plugin/nav2_recoveries
[74.194s] -- Up-to-date symlink: /home/ik/aws_ws/install/nav2_recoveries/share/nav2_recoveries/cmake/ament_cmake_export_include_directories-extras.cmake
[74.195s] -- Up-to-date symlink: /home/ik/aws_ws/install/nav2_recoveries/share/nav2_recoveries/cmake/ament_cmake_export_libraries-extras.cmake
[74.195s] -- Up-to-date symlink: /home/ik/aws_ws/install/nav2_recoveries/share/nav2_recoveries/cmake/ament_cmake_export_definitions-extras.cmake
[74.196s] -- Up-to-date symlink: /home/ik/aws_ws/install/nav2_recoveries/share/nav2_recoveries/cmake/nav2_recoveriesConfig.cmake
[74.196s] -- Up-to-date symlink: /home/ik/aws_ws/install/nav2_recoveries/share/nav2_recoveries/cmake/nav2_recoveriesConfig-version.cmake
[74.197s] -- Up-to-date symlink: /home/ik/aws_ws/install/nav2_recoveries/share/nav2_recoveries/package.xml
[74.204s] Invoked command in '/home/ik/aws_ws/build/nav2_recoveries' returned '0': AMENT_PREFIX_PATH=/home/ik/aws_ws/install/nav2_core:/home/ik/aws_ws/install/nav2_costmap_2d:/home/ik/aws_ws/install/nav2_behavior_tree:/home/ik/aws_ws/install/nav2_util:/home/ik/aws_ws/install/nav2_voxel_grid:/home/ik/aws_ws/install/nav2_msgs:/home/ik/aws_ws/install/nav2_common:${AMENT_PREFIX_PATH} CMAKE_PREFIX_PATH=/home/ik/aws_ws/install/nav2_core:/home/ik/aws_ws/install/nav2_costmap_2d:/home/ik/aws_ws/install/nav2_behavior_tree:/home/ik/aws_ws/install/nav2_util:/home/ik/aws_ws/install/nav2_voxel_grid:/home/ik/aws_ws/install/nav2_msgs:/home/ik/aws_ws/install/nav2_common:/opt/ros/foxy LD_LIBRARY_PATH=/home/ik/aws_ws/install/nav2_costmap_2d/lib:/home/ik/aws_ws/install/nav2_behavior_tree/lib:/home/ik/aws_ws/install/nav2_util/lib:/home/ik/aws_ws/install/nav2_voxel_grid/lib:/home/ik/aws_ws/install/nav2_msgs/lib:${LD_LIBRARY_PATH} PYTHONPATH=/home/ik/aws_ws/install/nav2_msgs/lib/python3.8/site-packages:/home/ik/aws_ws/install/nav2_common/lib/python3.8/site-packages:${PYTHONPATH} /usr/bin/cmake --install /home/ik/aws_ws/build/nav2_recoveries
