[0.042s] Invoking command in '/home/ik/aws_ws/build/turtlebot3_simulations': AMENT_PREFIX_PATH=/home/ik/aws_ws/install/turtlebot3_gazebo:/home/ik/aws_ws/install/turtlebot3_fake_node:${AMENT_PREFIX_PATH} CMAKE_PREFIX_PATH=/home/ik/aws_ws/install/turtlebot3_gazebo:/home/ik/aws_ws/install/turtlebot3_fake_node:/opt/ros/foxy /usr/bin/cmake --build /home/ik/aws_ws/build/turtlebot3_simulations -- -j8 -l8
[0.096s] Invoked command in '/home/ik/aws_ws/build/turtlebot3_simulations' returned '0': AMENT_PREFIX_PATH=/home/ik/aws_ws/install/turtlebot3_gazebo:/home/ik/aws_ws/install/turtlebot3_fake_node:${AMENT_PREFIX_PATH} CMAKE_PREFIX_PATH=/home/ik/aws_ws/install/turtlebot3_gazebo:/home/ik/aws_ws/install/turtlebot3_fake_node:/opt/ros/foxy /usr/bin/cmake --build /home/ik/aws_ws/build/turtlebot3_simulations -- -j8 -l8
[0.120s] Invoking command in '/home/ik/aws_ws/build/turtlebot3_simulations': AMENT_PREFIX_PATH=/home/ik/aws_ws/install/turtlebot3_gazebo:/home/ik/aws_ws/install/turtlebot3_fake_node:${AMENT_PREFIX_PATH} CMAKE_PREFIX_PATH=/home/ik/aws_ws/install/turtlebot3_gazebo:/home/ik/aws_ws/install/turtlebot3_fake_node:/opt/ros/foxy /usr/bin/cmake --install /home/ik/aws_ws/build/turtlebot3_simulations
[0.133s] -- Install configuration: ""
[0.133s] -- Execute custom install script
[0.133s] -- Up-to-date symlink: /home/ik/aws_ws/install/turtlebot3_simulations/share/ament_index/resource_index/package_run_dependencies/turtlebot3_simulations
[0.134s] -- Up-to-date symlink: /home/ik/aws_ws/install/turtlebot3_simulations/share/ament_index/resource_index/parent_prefix_path/turtlebot3_simulations
[0.134s] -- Up-to-date symlink: /home/ik/aws_ws/install/turtlebot3_simulations/share/turtlebot3_simulations/environment/ament_prefix_path.sh
[0.134s] -- Up-to-date symlink: /home/ik/aws_ws/install/turtlebot3_simulations/share/turtlebot3_simulations/environment/ament_prefix_path.dsv
[0.134s] -- Up-to-date symlink: /home/ik/aws_ws/install/turtlebot3_simulations/share/turtlebot3_simulations/environment/path.sh
[0.134s] -- Up-to-date symlink: /home/ik/aws_ws/install/turtlebot3_simulations/share/turtlebot3_simulations/environment/path.dsv
[0.134s] -- Up-to-date symlink: /home/ik/aws_ws/install/turtlebot3_simulations/share/turtlebot3_simulations/local_setup.bash
[0.134s] -- Up-to-date symlink: /home/ik/aws_ws/install/turtlebot3_simulations/share/turtlebot3_simulations/local_setup.sh
[0.134s] -- Up-to-date symlink: /home/ik/aws_ws/install/turtlebot3_simulations/share/turtlebot3_simulations/local_setup.zsh
[0.135s] -- Up-to-date symlink: /home/ik/aws_ws/install/turtlebot3_simulations/share/turtlebot3_simulations/local_setup.dsv
[0.136s] -- Symlinking: /home/ik/aws_ws/install/turtlebot3_simulations/share/turtlebot3_simulations/package.dsv
[0.148s] -- Up-to-date symlink: /home/ik/aws_ws/install/turtlebot3_simulations/share/ament_index/resource_index/packages/turtlebot3_simulations
[0.149s] -- Up-to-date symlink: /home/ik/aws_ws/install/turtlebot3_simulations/share/turtlebot3_simulations/cmake/turtlebot3_simulationsConfig.cmake
[0.149s] -- Up-to-date symlink: /home/ik/aws_ws/install/turtlebot3_simulations/share/turtlebot3_simulations/cmake/turtlebot3_simulationsConfig-version.cmake
[0.149s] -- Up-to-date symlink: /home/ik/aws_ws/install/turtlebot3_simulations/share/turtlebot3_simulations/package.xml
[0.156s] Invoked command in '/home/ik/aws_ws/build/turtlebot3_simulations' returned '0': AMENT_PREFIX_PATH=/home/ik/aws_ws/install/turtlebot3_gazebo:/home/ik/aws_ws/install/turtlebot3_fake_node:${AMENT_PREFIX_PATH} CMAKE_PREFIX_PATH=/home/ik/aws_ws/install/turtlebot3_gazebo:/home/ik/aws_ws/install/turtlebot3_fake_node:/opt/ros/foxy /usr/bin/cmake --install /home/ik/aws_ws/build/turtlebot3_simulations
