[0.072s] Invoking command in '/home/ik/aws_ws/build/turtlebot3_gazebo': CMAKE_PREFIX_PATH=/opt/ros/foxy /usr/bin/cmake --build /home/ik/aws_ws/build/turtlebot3_gazebo -- -j8 -l8
[0.331s] -- Found ament_cmake: 0.9.11 (/opt/ros/foxy/share/ament_cmake/cmake)
[0.331s] -- Using PYTHON_EXECUTABLE: /usr/bin/python3
[0.332s] -- Override CMake install command with custom implementation using symlinks instead of copying resources
[0.388s] -- Found DART: /usr/include (Required is at least version "6.6") found components: dart 
[0.453s] -- Found Protobuf: /usr/lib/x86_64-linux-gnu/libprotobuf.so;-lpthread (found version "3.6.1") 
[0.455s] -- Looking for ignition-math6 -- found version 6.14.0
[0.464s] -- Searching for dependencies of ignition-math6
[0.464s] -- Looking for OGRE...
[0.471s] -- Found Ogre Ghadamon (1.9.0)
[0.472s] -- Found OGRE: optimized;/usr/lib/x86_64-linux-gnu/libOgreMain.so;debug;/usr/lib/x86_64-linux-gnu/libOgreMain.so
[0.488s] -- Looking for OGRE_Paging...
[0.488s] -- Found OGRE_Paging: optimized;/usr/lib/x86_64-linux-gnu/libOgrePaging.so;debug;/usr/lib/x86_64-linux-gnu/libOgrePaging.so
[0.488s] -- Looking for OGRE_Terrain...
[0.488s] -- Found OGRE_Terrain: optimized;/usr/lib/x86_64-linux-gnu/libOgreTerrain.so;debug;/usr/lib/x86_64-linux-gnu/libOgreTerrain.so
[0.488s] -- Looking for OGRE_Property...
[0.488s] -- Found OGRE_Property: optimized;/usr/lib/x86_64-linux-gnu/libOgreProperty.so;debug;/usr/lib/x86_64-linux-gnu/libOgreProperty.so
[0.488s] -- Looking for OGRE_RTShaderSystem...
[0.488s] -- Found OGRE_RTShaderSystem: optimized;/usr/lib/x86_64-linux-gnu/libOgreRTShaderSystem.so;debug;/usr/lib/x86_64-linux-gnu/libOgreRTShaderSystem.so
[0.488s] -- Looking for OGRE_Volume...
[0.489s] -- Found OGRE_Volume: optimized;/usr/lib/x86_64-linux-gnu/libOgreVolume.so;debug;/usr/lib/x86_64-linux-gnu/libOgreVolume.so
[0.489s] -- Looking for OGRE_Overlay...
[0.489s] -- Found OGRE_Overlay: optimized;/usr/lib/x86_64-linux-gnu/libOgreOverlay.so;debug;/usr/lib/x86_64-linux-gnu/libOgreOverlay.so
[0.696s] -- Looking for ignition-math6 -- found version 6.14.0
[0.697s] -- Looking for ignition-transport8 -- found version 8.4.0
[0.698s] -- Searching for dependencies of ignition-transport8
[0.719s] -- Found Protobuf: /usr/lib/x86_64-linux-gnu/libprotobuf.so;-lpthread (found suitable version "3.6.1", minimum required is "3") 
[0.732s] -- Config-file not installed for ZeroMQ -- checking for pkg-config
[0.737s] -- Checking for module 'libzmq >= 4'
[0.762s] --   Found libzmq , version 4.3.2
[0.824s] -- Checking for module 'uuid'
[0.854s] --   Found uuid, version 2.34.0
[0.897s] -- Looking for ignition-msgs5 -- found version 5.11.0
[0.897s] -- Searching for dependencies of ignition-msgs5
[0.918s] -- Looking for ignition-math6 -- found version 6.14.0
[0.924s] -- Checking for module 'tinyxml2'
[0.948s] --   Found tinyxml2, version 6.2.0
[1.019s] -- Looking for ignition-msgs5 -- found version 5.11.0
[1.019s] -- Looking for ignition-common3 -- found version 3.15.1
[1.020s] -- Searching for dependencies of ignition-common3
[1.020s] -- Looking for dlfcn.h - found
[1.021s] -- Looking for libdl - found
[1.035s] -- Searching for <ignition-common3> component [graphics]
[1.036s] -- Looking for ignition-common3-graphics -- found version 3.15.1
[1.036s] -- Searching for dependencies of ignition-common3-graphics
[1.036s] -- Looking for ignition-math6 -- found version 6.14.0
[1.038s] -- Looking for ignition-fuel_tools4 -- found version 4.8.3
[1.039s] -- Searching for dependencies of ignition-fuel_tools4
[1.077s] -- Checking for module 'jsoncpp'
[1.098s] --   Found jsoncpp, version 1.7.4
[1.166s] -- Checking for module 'libzip'
[1.189s] --   Found libzip, version 1.5.1
[1.241s] -- Looking for ignition-common3 -- found version 3.15.1
[1.241s] -- Looking for ignition-math6 -- found version 6.14.0
[1.242s] -- Looking for ignition-msgs5 -- found version 5.11.0
[1.245s] -- Found gazebo_ros_pkgs: 3.5.3 (/opt/ros/foxy/share/gazebo_ros_pkgs/cmake)
[1.246s] -- Found geometry_msgs: 2.0.5 (/opt/ros/foxy/share/geometry_msgs/cmake)
[1.263s] -- Using all available rosidl_typesupport_c: rosidl_typesupport_fastrtps_c;rosidl_typesupport_introspection_c
[1.267s] -- Found rosidl_adapter: 1.3.0 (/opt/ros/foxy/share/rosidl_adapter/cmake)
[1.387s] -- Using all available rosidl_typesupport_cpp: rosidl_typesupport_fastrtps_cpp;rosidl_typesupport_introspection_cpp
[1.465s] -- Found nav_msgs: 2.0.5 (/opt/ros/foxy/share/nav_msgs/cmake)
[1.544s] -- Found rclcpp: 2.4.2 (/opt/ros/foxy/share/rclcpp/cmake)
[1.574s] -- Found rmw_implementation_cmake: 1.0.4 (/opt/ros/foxy/share/rmw_implementation_cmake/cmake)
[1.575s] -- Using RMW implementation 'rmw_fastrtps_cpp' as default
[1.694s] -- Found sensor_msgs: 2.0.5 (/opt/ros/foxy/share/sensor_msgs/cmake)
[1.764s] -- Found tf2: 0.13.14 (/opt/ros/foxy/share/tf2/cmake)
[1.846s] -- Configuring done
[1.903s] -- Generating done
[1.905s] -- Build files have been written to: /home/ik/aws_ws/build/turtlebot3_gazebo
[1.952s] [35m[1mScanning dependencies of target obstacles[0m
[1.952s] [35m[1mScanning dependencies of target obstacle2[0m
[1.952s] [35m[1mScanning dependencies of target obstacle1[0m
[1.962s] [ 25%] Built target turtlebot3_drive
[2.016s] [ 37%] [32mBuilding CXX object CMakeFiles/obstacle1.dir/models/turtlebot3_dqn_world/obstacle_plugin/obstacle1.cc.o[0m
[2.017s] [ 50%] [32mBuilding CXX object CMakeFiles/obstacle2.dir/models/turtlebot3_dqn_world/obstacle_plugin/obstacle2.cc.o[0m
[2.020s] [ 62%] [32mBuilding CXX object CMakeFiles/obstacles.dir/models/turtlebot3_dqn_world/obstacle_plugin/obstacles.cc.o[0m
[11.380s] [ 75%] [32m[1mLinking CXX shared library libobstacles.so[0m
[11.642s] [ 87%] [32m[1mLinking CXX shared library libobstacle1.so[0m
[11.647s] [100%] [32m[1mLinking CXX shared library libobstacle2.so[0m
[11.746s] [100%] Built target obstacles
[11.992s] [100%] Built target obstacle1
[12.001s] [100%] Built target obstacle2
[12.020s] Invoked command in '/home/ik/aws_ws/build/turtlebot3_gazebo' returned '0': CMAKE_PREFIX_PATH=/opt/ros/foxy /usr/bin/cmake --build /home/ik/aws_ws/build/turtlebot3_gazebo -- -j8 -l8
[12.065s] Invoking command in '/home/ik/aws_ws/build/turtlebot3_gazebo': CMAKE_PREFIX_PATH=/opt/ros/foxy /usr/bin/cmake --install /home/ik/aws_ws/build/turtlebot3_gazebo
[12.079s] -- Install configuration: ""
[12.080s] -- Execute custom install script
[12.080s] -- Up-to-date symlink: /home/ik/aws_ws/install/turtlebot3_gazebo/lib/turtlebot3_gazebo/turtlebot3_drive
[12.082s] -- Up-to-date symlink: /home/ik/aws_ws/install/turtlebot3_gazebo/share/turtlebot3_gazebo//launch/empty_world.launch.py
[12.082s] -- Up-to-date symlink: /home/ik/aws_ws/install/turtlebot3_gazebo/share/turtlebot3_gazebo//launch/no_roof_small_warehouse.launch.py
[12.083s] -- Up-to-date symlink: /home/ik/aws_ws/install/turtlebot3_gazebo/share/turtlebot3_gazebo//launch/robot_state_publisher.launch.py
[12.083s] -- Up-to-date symlink: /home/ik/aws_ws/install/turtlebot3_gazebo/share/turtlebot3_gazebo//launch/test_sim.launch.py
[12.083s] -- Up-to-date symlink: /home/ik/aws_ws/install/turtlebot3_gazebo/share/turtlebot3_gazebo//launch/turtlebot3_autorace.launch.py
[12.083s] -- Up-to-date symlink: /home/ik/aws_ws/install/turtlebot3_gazebo/share/turtlebot3_gazebo//launch/turtlebot3_dqn_stage1.launch.py
[12.083s] -- Up-to-date symlink: /home/ik/aws_ws/install/turtlebot3_gazebo/share/turtlebot3_gazebo//launch/turtlebot3_dqn_stage2.launch.py
[12.083s] -- Up-to-date symlink: /home/ik/aws_ws/install/turtlebot3_gazebo/share/turtlebot3_gazebo//launch/turtlebot3_dqn_stage3.launch.py
[12.084s] -- Up-to-date symlink: /home/ik/aws_ws/install/turtlebot3_gazebo/share/turtlebot3_gazebo//launch/turtlebot3_dqn_stage4.launch.py
[12.084s] -- Up-to-date symlink: /home/ik/aws_ws/install/turtlebot3_gazebo/share/turtlebot3_gazebo//launch/turtlebot3_house.launch.py
[12.084s] -- Up-to-date symlink: /home/ik/aws_ws/install/turtlebot3_gazebo/share/turtlebot3_gazebo//launch/turtlebot3_world.launch.py
[12.099s] -- Up-to-date symlink: /home/ik/aws_ws/install/turtlebot3_gazebo/share/turtlebot3_gazebo//models/aws_robomaker_warehouse_Bucket_01/.DS_Store
[12.100s] -- Up-to-date symlink: /home/ik/aws_ws/install/turtlebot3_gazebo/share/turtlebot3_gazebo//models/aws_robomaker_warehouse_Bucket_01/materials/.DS_Store
[12.100s] -- Up-to-date symlink: /home/ik/aws_ws/install/turtlebot3_gazebo/share/turtlebot3_gazebo//models/aws_robomaker_warehouse_Bucket_01/materials/textures/aws_robomaker_warehouse_Bucket_01.png
[12.101s] -- Up-to-date symlink: /home/ik/aws_ws/install/turtlebot3_gazebo/share/turtlebot3_gazebo//models/aws_robomaker_warehouse_Bucket_01/meshes/aws_robomaker_warehouse_Bucket_01_collision.DAE
[12.101s] -- Up-to-date symlink: /home/ik/aws_ws/install/turtlebot3_gazebo/share/turtlebot3_gazebo//models/aws_robomaker_warehouse_Bucket_01/meshes/aws_robomaker_warehouse_Bucket_01_visual.DAE
[12.101s] -- Up-to-date symlink: /home/ik/aws_ws/install/turtlebot3_gazebo/share/turtlebot3_gazebo//models/aws_robomaker_warehouse_Bucket_01/model.config
[12.102s] -- Up-to-date symlink: /home/ik/aws_ws/install/turtlebot3_gazebo/share/turtlebot3_gazebo//models/aws_robomaker_warehouse_Bucket_01/model.sdf
[12.102s] -- Up-to-date symlink: /home/ik/aws_ws/install/turtlebot3_gazebo/share/turtlebot3_gazebo//models/aws_robomaker_warehouse_ClutteringA_01/.DS_Store
[12.102s] -- Up-to-date symlink: /home/ik/aws_ws/install/turtlebot3_gazebo/share/turtlebot3_gazebo//models/aws_robomaker_warehouse_ClutteringA_01/materials/.DS_Store
[12.103s] -- Up-to-date symlink: /home/ik/aws_ws/install/turtlebot3_gazebo/share/turtlebot3_gazebo//models/aws_robomaker_warehouse_ClutteringA_01/materials/textures/.DS_Store
[12.103s] -- Up-to-date symlink: /home/ik/aws_ws/install/turtlebot3_gazebo/share/turtlebot3_gazebo//models/aws_robomaker_warehouse_ClutteringA_01/materials/textures/aws_robomaker_warehouse_ClutteringA_01.png
[12.103s] -- Up-to-date symlink: /home/ik/aws_ws/install/turtlebot3_gazebo/share/turtlebot3_gazebo//models/aws_robomaker_warehouse_ClutteringA_01/materials/textures/aws_robomaker_warehouse_ClutteringA_02.png
[12.104s] -- Up-to-date symlink: /home/ik/aws_ws/install/turtlebot3_gazebo/share/turtlebot3_gazebo//models/aws_robomaker_warehouse_ClutteringA_01/materials/textures/aws_robomaker_warehouse_ClutteringA_03.png
[12.104s] -- Up-to-date symlink: /home/ik/aws_ws/install/turtlebot3_gazebo/share/turtlebot3_gazebo//models/aws_robomaker_warehouse_ClutteringA_01/meshes/aws_robomaker_warehouse_ClutteringA_01_collision.DAE
[12.104s] -- Up-to-date symlink: /home/ik/aws_ws/install/turtlebot3_gazebo/share/turtlebot3_gazebo//models/aws_robomaker_warehouse_ClutteringA_01/meshes/aws_robomaker_warehouse_ClutteringA_01_visual.DAE
[12.105s] -- Up-to-date symlink: /home/ik/aws_ws/install/turtlebot3_gazebo/share/turtlebot3_gazebo//models/aws_robomaker_warehouse_ClutteringA_01/model.config
[12.105s] -- Up-to-date symlink: /home/ik/aws_ws/install/turtlebot3_gazebo/share/turtlebot3_gazebo//models/aws_robomaker_warehouse_ClutteringA_01/model.sdf
[12.106s] -- Up-to-date symlink: /home/ik/aws_ws/install/turtlebot3_gazebo/share/turtlebot3_gazebo//models/aws_robomaker_warehouse_ClutteringC_01/materials/textures/aws_robomaker_warehouse_ClutteringC_01.png
[12.106s] -- Up-to-date symlink: /home/ik/aws_ws/install/turtlebot3_gazebo/share/turtlebot3_gazebo//models/aws_robomaker_warehouse_ClutteringC_01/materials/textures/aws_robomaker_warehouse_ClutteringC_02.png
[12.106s] -- Up-to-date symlink: /home/ik/aws_ws/install/turtlebot3_gazebo/share/turtlebot3_gazebo//models/aws_robomaker_warehouse_ClutteringC_01/meshes/aws_robomaker_warehouse_ClutteringC_01_collision.DAE
[12.106s] -- Up-to-date symlink: /home/ik/aws_ws/install/turtlebot3_gazebo/share/turtlebot3_gazebo//models/aws_robomaker_warehouse_ClutteringC_01/meshes/aws_robomaker_warehouse_ClutteringC_01_visual.DAE
[12.106s] -- Up-to-date symlink: /home/ik/aws_ws/install/turtlebot3_gazebo/share/turtlebot3_gazebo//models/aws_robomaker_warehouse_ClutteringC_01/model.config
[12.107s] -- Up-to-date symlink: /home/ik/aws_ws/install/turtlebot3_gazebo/share/turtlebot3_gazebo//models/aws_robomaker_warehouse_ClutteringC_01/model.sdf
[12.107s] -- Up-to-date symlink: /home/ik/aws_ws/install/turtlebot3_gazebo/share/turtlebot3_gazebo//models/aws_robomaker_warehouse_ClutteringD_01/materials/textures/aws_robomaker_warehouse_ClutteringD_01.png
[12.107s] -- Up-to-date symlink: /home/ik/aws_ws/install/turtlebot3_gazebo/share/turtlebot3_gazebo//models/aws_robomaker_warehouse_ClutteringD_01/materials/textures/aws_robomaker_warehouse_ClutteringD_02.png
[12.107s] -- Up-to-date symlink: /home/ik/aws_ws/install/turtlebot3_gazebo/share/turtlebot3_gazebo//models/aws_robomaker_warehouse_ClutteringD_01/meshes/aws_robomaker_warehouse_ClutteringD_01_collision.DAE
[12.107s] -- Up-to-date symlink: /home/ik/aws_ws/install/turtlebot3_gazebo/share/turtlebot3_gazebo//models/aws_robomaker_warehouse_ClutteringD_01/meshes/aws_robomaker_warehouse_ClutteringD_01_visual.DAE
[12.107s] -- Up-to-date symlink: /home/ik/aws_ws/install/turtlebot3_gazebo/share/turtlebot3_gazebo//models/aws_robomaker_warehouse_ClutteringD_01/model.config
[12.108s] -- Up-to-date symlink: /home/ik/aws_ws/install/turtlebot3_gazebo/share/turtlebot3_gazebo//models/aws_robomaker_warehouse_ClutteringD_01/model.sdf
[12.108s] -- Up-to-date symlink: /home/ik/aws_ws/install/turtlebot3_gazebo/share/turtlebot3_gazebo//models/aws_robomaker_warehouse_DeskC_01/materials/.DS_Store
[12.108s] -- Up-to-date symlink: /home/ik/aws_ws/install/turtlebot3_gazebo/share/turtlebot3_gazebo//models/aws_robomaker_warehouse_DeskC_01/materials/textures/aws_robomaker_warehouse_DeskC_01.png
[12.108s] -- Up-to-date symlink: /home/ik/aws_ws/install/turtlebot3_gazebo/share/turtlebot3_gazebo//models/aws_robomaker_warehouse_DeskC_01/materials/textures/aws_robomaker_warehouse_DeskC_02.png
[12.108s] -- Up-to-date symlink: /home/ik/aws_ws/install/turtlebot3_gazebo/share/turtlebot3_gazebo//models/aws_robomaker_warehouse_DeskC_01/materials/textures/aws_robomaker_warehouse_DeskC_03.png
[12.108s] -- Up-to-date symlink: /home/ik/aws_ws/install/turtlebot3_gazebo/share/turtlebot3_gazebo//models/aws_robomaker_warehouse_DeskC_01/materials/textures/aws_robomaker_warehouse_DeskC_03.psd
[12.108s] -- Up-to-date symlink: /home/ik/aws_ws/install/turtlebot3_gazebo/share/turtlebot3_gazebo//models/aws_robomaker_warehouse_DeskC_01/materials/textures/aws_robomaker_warehouse_DeskC_04.png
[12.109s] -- Up-to-date symlink: /home/ik/aws_ws/install/turtlebot3_gazebo/share/turtlebot3_gazebo//models/aws_robomaker_warehouse_DeskC_01/meshes/aws_robomaker_warehouse_DeskC_01_collision.DAE
[12.109s] -- Up-to-date symlink: /home/ik/aws_ws/install/turtlebot3_gazebo/share/turtlebot3_gazebo//models/aws_robomaker_warehouse_DeskC_01/meshes/aws_robomaker_warehouse_DeskC_01_visual.DAE
[12.109s] -- Up-to-date symlink: /home/ik/aws_ws/install/turtlebot3_gazebo/share/turtlebot3_gazebo//models/aws_robomaker_warehouse_DeskC_01/model.config
[12.109s] -- Up-to-date symlink: /home/ik/aws_ws/install/turtlebot3_gazebo/share/turtlebot3_gazebo//models/aws_robomaker_warehouse_DeskC_01/model.sdf
[12.110s] -- Up-to-date symlink: /home/ik/aws_ws/install/turtlebot3_gazebo/share/turtlebot3_gazebo//models/aws_robomaker_warehouse_GroundB_01/materials/textures/aws_robomaker_warehouse_GroundB_01.png
[12.110s] -- Up-to-date symlink: /home/ik/aws_ws/install/turtlebot3_gazebo/share/turtlebot3_gazebo//models/aws_robomaker_warehouse_GroundB_01/materials/textures/aws_robomaker_warehouse_GroundB_02.png
[12.110s] -- Up-to-date symlink: /home/ik/aws_ws/install/turtlebot3_gazebo/share/turtlebot3_gazebo//models/aws_robomaker_warehouse_GroundB_01/meshes/aws_robomaker_warehouse_GroundB_01_collision.DAE
[12.110s] -- Up-to-date symlink: /home/ik/aws_ws/install/turtlebot3_gazebo/share/turtlebot3_gazebo//models/aws_robomaker_warehouse_GroundB_01/meshes/aws_robomaker_warehouse_GroundB_01_visual.DAE
[12.110s] -- Up-to-date symlink: /home/ik/aws_ws/install/turtlebot3_gazebo/share/turtlebot3_gazebo//models/aws_robomaker_warehouse_GroundB_01/model.config
[12.111s] -- Up-to-date symlink: /home/ik/aws_ws/install/turtlebot3_gazebo/share/turtlebot3_gazebo//models/aws_robomaker_warehouse_GroundB_01/model.sdf
[12.111s] -- Up-to-date symlink: /home/ik/aws_ws/install/turtlebot3_gazebo/share/turtlebot3_gazebo//models/aws_robomaker_warehouse_Lamp_01/materials/textures/aws_robomaker_warehouse_Lamp_01.png
[12.111s] -- Up-to-date symlink: /home/ik/aws_ws/install/turtlebot3_gazebo/share/turtlebot3_gazebo//models/aws_robomaker_warehouse_Lamp_01/meshes/aws_robomaker_warehouse_Lamp_01_collision.DAE
[12.111s] -- Up-to-date symlink: /home/ik/aws_ws/install/turtlebot3_gazebo/share/turtlebot3_gazebo//models/aws_robomaker_warehouse_Lamp_01/meshes/aws_robomaker_warehouse_Lamp_01_visual.DAE
[12.111s] -- Up-to-date symlink: /home/ik/aws_ws/install/turtlebot3_gazebo/share/turtlebot3_gazebo//models/aws_robomaker_warehouse_Lamp_01/model.config
[12.111s] -- Up-to-date symlink: /home/ik/aws_ws/install/turtlebot3_gazebo/share/turtlebot3_gazebo//models/aws_robomaker_warehouse_Lamp_01/model.sdf
[12.112s] -- Up-to-date symlink: /home/ik/aws_ws/install/turtlebot3_gazebo/share/turtlebot3_gazebo//models/aws_robomaker_warehouse_PalletJackB_01/.DS_Store
[12.112s] -- Up-to-date symlink: /home/ik/aws_ws/install/turtlebot3_gazebo/share/turtlebot3_gazebo//models/aws_robomaker_warehouse_PalletJackB_01/materials/.DS_Store
[12.112s] -- Up-to-date symlink: /home/ik/aws_ws/install/turtlebot3_gazebo/share/turtlebot3_gazebo//models/aws_robomaker_warehouse_PalletJackB_01/materials/textures/aws_robomaker_warehouse_PalletJackB_01.png
[12.112s] -- Up-to-date symlink: /home/ik/aws_ws/install/turtlebot3_gazebo/share/turtlebot3_gazebo//models/aws_robomaker_warehouse_PalletJackB_01/materials/textures/aws_robomaker_warehouse_PalletJackB_02.png
[12.112s] -- Up-to-date symlink: /home/ik/aws_ws/install/turtlebot3_gazebo/share/turtlebot3_gazebo//models/aws_robomaker_warehouse_PalletJackB_01/meshes/aws_robomaker_warehouse_PalletJackB_01_collision.DAE
[12.112s] -- Up-to-date symlink: /home/ik/aws_ws/install/turtlebot3_gazebo/share/turtlebot3_gazebo//models/aws_robomaker_warehouse_PalletJackB_01/meshes/aws_robomaker_warehouse_PalletJackB_01_visual.DAE
[12.113s] -- Up-to-date symlink: /home/ik/aws_ws/install/turtlebot3_gazebo/share/turtlebot3_gazebo//models/aws_robomaker_warehouse_PalletJackB_01/model.config
[12.113s] -- Up-to-date symlink: /home/ik/aws_ws/install/turtlebot3_gazebo/share/turtlebot3_gazebo//models/aws_robomaker_warehouse_PalletJackB_01/model.sdf
[12.113s] -- Up-to-date symlink: /home/ik/aws_ws/install/turtlebot3_gazebo/share/turtlebot3_gazebo//models/aws_robomaker_warehouse_RoofB_01/materials/textures/aws_robomaker_warehouse_RoofB_01.png
[12.113s] -- Up-to-date symlink: /home/ik/aws_ws/install/turtlebot3_gazebo/share/turtlebot3_gazebo//models/aws_robomaker_warehouse_RoofB_01/meshes/aws_robomaker_warehouse_RoofB_01_collision.DAE
[12.113s] -- Up-to-date symlink: /home/ik/aws_ws/install/turtlebot3_gazebo/share/turtlebot3_gazebo//models/aws_robomaker_warehouse_RoofB_01/meshes/aws_robomaker_warehouse_RoofB_01_visual.DAE
[12.113s] -- Up-to-date symlink: /home/ik/aws_ws/install/turtlebot3_gazebo/share/turtlebot3_gazebo//models/aws_robomaker_warehouse_RoofB_01/model.config
[12.113s] -- Up-to-date symlink: /home/ik/aws_ws/install/turtlebot3_gazebo/share/turtlebot3_gazebo//models/aws_robomaker_warehouse_RoofB_01/model.sdf
[12.114s] -- Up-to-date symlink: /home/ik/aws_ws/install/turtlebot3_gazebo/share/turtlebot3_gazebo//models/aws_robomaker_warehouse_ShelfD_01/materials/textures/aws_robomaker_warehouse_ShelfD_01.png
[12.114s] -- Up-to-date symlink: /home/ik/aws_ws/install/turtlebot3_gazebo/share/turtlebot3_gazebo//models/aws_robomaker_warehouse_ShelfD_01/materials/textures/aws_robomaker_warehouse_ShelfD_02.png
[12.114s] -- Up-to-date symlink: /home/ik/aws_ws/install/turtlebot3_gazebo/share/turtlebot3_gazebo//models/aws_robomaker_warehouse_ShelfD_01/materials/textures/aws_robomaker_warehouse_ShelfD_03.png
[12.115s] -- Up-to-date symlink: /home/ik/aws_ws/install/turtlebot3_gazebo/share/turtlebot3_gazebo//models/aws_robomaker_warehouse_ShelfD_01/materials/textures/aws_robomaker_warehouse_ShelfD_04.png
[12.115s] -- Up-to-date symlink: /home/ik/aws_ws/install/turtlebot3_gazebo/share/turtlebot3_gazebo//models/aws_robomaker_warehouse_ShelfD_01/meshes/aws_robomaker_warehouse_ShelfD_01_collision.DAE
[12.115s] -- Up-to-date symlink: /home/ik/aws_ws/install/turtlebot3_gazebo/share/turtlebot3_gazebo//models/aws_robomaker_warehouse_ShelfD_01/meshes/aws_robomaker_warehouse_ShelfD_01_visual.DAE
[12.116s] -- Up-to-date symlink: /home/ik/aws_ws/install/turtlebot3_gazebo/share/turtlebot3_gazebo//models/aws_robomaker_warehouse_ShelfD_01/model.config
[12.116s] -- Up-to-date symlink: /home/ik/aws_ws/install/turtlebot3_gazebo/share/turtlebot3_gazebo//models/aws_robomaker_warehouse_ShelfD_01/model.sdf
[12.116s] -- Up-to-date symlink: /home/ik/aws_ws/install/turtlebot3_gazebo/share/turtlebot3_gazebo//models/aws_robomaker_warehouse_ShelfE_01/.DS_Store
[12.117s] -- Up-to-date symlink: /home/ik/aws_ws/install/turtlebot3_gazebo/share/turtlebot3_gazebo//models/aws_robomaker_warehouse_ShelfE_01/materials/.DS_Store
[12.117s] -- Up-to-date symlink: /home/ik/aws_ws/install/turtlebot3_gazebo/share/turtlebot3_gazebo//models/aws_robomaker_warehouse_ShelfE_01/materials/textures/aws_robomaker_warehouse_ShelfE_01.png
[12.118s] -- Up-to-date symlink: /home/ik/aws_ws/install/turtlebot3_gazebo/share/turtlebot3_gazebo//models/aws_robomaker_warehouse_ShelfE_01/materials/textures/aws_robomaker_warehouse_ShelfE_02.png
[12.118s] -- Up-to-date symlink: /home/ik/aws_ws/install/turtlebot3_gazebo/share/turtlebot3_gazebo//models/aws_robomaker_warehouse_ShelfE_01/materials/textures/aws_robomaker_warehouse_ShelfE_03.png
[12.118s] -- Up-to-date symlink: /home/ik/aws_ws/install/turtlebot3_gazebo/share/turtlebot3_gazebo//models/aws_robomaker_warehouse_ShelfE_01/materials/textures/aws_robomaker_warehouse_ShelfE_04.png
[12.119s] -- Up-to-date symlink: /home/ik/aws_ws/install/turtlebot3_gazebo/share/turtlebot3_gazebo//models/aws_robomaker_warehouse_ShelfE_01/meshes/aws_robomaker_warehouse_ShelfE_01_collision.DAE
[12.119s] -- Up-to-date symlink: /home/ik/aws_ws/install/turtlebot3_gazebo/share/turtlebot3_gazebo//models/aws_robomaker_warehouse_ShelfE_01/meshes/aws_robomaker_warehouse_ShelfE_01_visual.DAE
[12.119s] -- Up-to-date symlink: /home/ik/aws_ws/install/turtlebot3_gazebo/share/turtlebot3_gazebo//models/aws_robomaker_warehouse_ShelfE_01/model.config
[12.120s] -- Up-to-date symlink: /home/ik/aws_ws/install/turtlebot3_gazebo/share/turtlebot3_gazebo//models/aws_robomaker_warehouse_ShelfE_01/model.sdf
[12.120s] -- Up-to-date symlink: /home/ik/aws_ws/install/turtlebot3_gazebo/share/turtlebot3_gazebo//models/aws_robomaker_warehouse_ShelfF_01/materials/textures/aws_robomaker_warehouse_ShelfF_01.png
[12.120s] -- Up-to-date symlink: /home/ik/aws_ws/install/turtlebot3_gazebo/share/turtlebot3_gazebo//models/aws_robomaker_warehouse_ShelfF_01/materials/textures/aws_robomaker_warehouse_ShelfF_02.png
[12.121s] -- Up-to-date symlink: /home/ik/aws_ws/install/turtlebot3_gazebo/share/turtlebot3_gazebo//models/aws_robomaker_warehouse_ShelfF_01/materials/textures/aws_robomaker_warehouse_ShelfF_03.png
[12.121s] -- Up-to-date symlink: /home/ik/aws_ws/install/turtlebot3_gazebo/share/turtlebot3_gazebo//models/aws_robomaker_warehouse_ShelfF_01/meshes/aws_robomaker_warehouse_ShelfF_01_collision.DAE
[12.121s] -- Up-to-date symlink: /home/ik/aws_ws/install/turtlebot3_gazebo/share/turtlebot3_gazebo//models/aws_robomaker_warehouse_ShelfF_01/meshes/aws_robomaker_warehouse_ShelfF_01_visual.DAE
[12.122s] -- Up-to-date symlink: /home/ik/aws_ws/install/turtlebot3_gazebo/share/turtlebot3_gazebo//models/aws_robomaker_warehouse_ShelfF_01/model.config
[12.122s] -- Up-to-date symlink: /home/ik/aws_ws/install/turtlebot3_gazebo/share/turtlebot3_gazebo//models/aws_robomaker_warehouse_ShelfF_01/model.sdf
[12.122s] -- Up-to-date symlink: /home/ik/aws_ws/install/turtlebot3_gazebo/share/turtlebot3_gazebo//models/aws_robomaker_warehouse_TrashCanC_01/materials/textures/aws_robomaker_warehouse_TrashCanC_01.png
[12.123s] -- Up-to-date symlink: /home/ik/aws_ws/install/turtlebot3_gazebo/share/turtlebot3_gazebo//models/aws_robomaker_warehouse_TrashCanC_01/meshes/aws_robomaker_warehouse_TrashCanC_01_collision.DAE
[12.123s] -- Up-to-date symlink: /home/ik/aws_ws/install/turtlebot3_gazebo/share/turtlebot3_gazebo//models/aws_robomaker_warehouse_TrashCanC_01/meshes/aws_robomaker_warehouse_TrashCanC_01_visual.DAE
[12.123s] -- Up-to-date symlink: /home/ik/aws_ws/install/turtlebot3_gazebo/share/turtlebot3_gazebo//models/aws_robomaker_warehouse_TrashCanC_01/model.config
[12.123s] -- Up-to-date symlink: /home/ik/aws_ws/install/turtlebot3_gazebo/share/turtlebot3_gazebo//models/aws_robomaker_warehouse_TrashCanC_01/model.sdf
[12.123s] -- Up-to-date symlink: /home/ik/aws_ws/install/turtlebot3_gazebo/share/turtlebot3_gazebo//models/aws_robomaker_warehouse_WallB_01/materials/textures/aws_robomaker_warehouse_WallB_01.png
[12.124s] -- Up-to-date symlink: /home/ik/aws_ws/install/turtlebot3_gazebo/share/turtlebot3_gazebo//models/aws_robomaker_warehouse_WallB_01/meshes/aws_robomaker_warehouse_WallB_01_collision.DAE
[12.124s] -- Up-to-date symlink: /home/ik/aws_ws/install/turtlebot3_gazebo/share/turtlebot3_gazebo//models/aws_robomaker_warehouse_WallB_01/meshes/aws_robomaker_warehouse_WallB_01_visual.DAE
[12.124s] -- Up-to-date symlink: /home/ik/aws_ws/install/turtlebot3_gazebo/share/turtlebot3_gazebo//models/aws_robomaker_warehouse_WallB_01/model.config
[12.124s] -- Up-to-date symlink: /home/ik/aws_ws/install/turtlebot3_gazebo/share/turtlebot3_gazebo//models/aws_robomaker_warehouse_WallB_01/model.sdf
[12.124s] -- Up-to-date symlink: /home/ik/aws_ws/install/turtlebot3_gazebo/share/turtlebot3_gazebo//models/my_robot1/model.config
[12.124s] -- Up-to-date symlink: /home/ik/aws_ws/install/turtlebot3_gazebo/share/turtlebot3_gazebo//models/my_robot1/model.sdf
[12.124s] -- Up-to-date symlink: /home/ik/aws_ws/install/turtlebot3_gazebo/share/turtlebot3_gazebo//models/my_robot2/model.config
[12.125s] -- Up-to-date symlink: /home/ik/aws_ws/install/turtlebot3_gazebo/share/turtlebot3_gazebo//models/my_robot2/model.sdf
[12.125s] -- Up-to-date symlink: /home/ik/aws_ws/install/turtlebot3_gazebo/share/turtlebot3_gazebo//models/small_warehouse/small_warehouse.world
[12.125s] -- Up-to-date symlink: /home/ik/aws_ws/install/turtlebot3_gazebo/share/turtlebot3_gazebo//models/test_sim/model.config
[12.125s] -- Up-to-date symlink: /home/ik/aws_ws/install/turtlebot3_gazebo/share/turtlebot3_gazebo//models/test_sim/model.sdf
[12.126s] -- Up-to-date symlink: /home/ik/aws_ws/install/turtlebot3_gazebo/share/turtlebot3_gazebo//models/turtlebot3_autorace/course/materials/scripts/course.material
[12.126s] -- Up-to-date symlink: /home/ik/aws_ws/install/turtlebot3_gazebo/share/turtlebot3_gazebo//models/turtlebot3_autorace/course/materials/textures/course.png
[12.126s] -- Up-to-date symlink: /home/ik/aws_ws/install/turtlebot3_gazebo/share/turtlebot3_gazebo//models/turtlebot3_autorace/course/model.config
[12.126s] -- Up-to-date symlink: /home/ik/aws_ws/install/turtlebot3_gazebo/share/turtlebot3_gazebo//models/turtlebot3_autorace/course/model.sdf
[12.127s] -- Up-to-date symlink: /home/ik/aws_ws/install/turtlebot3_gazebo/share/turtlebot3_gazebo//models/turtlebot3_autorace/ground/model.config
[12.127s] -- Up-to-date symlink: /home/ik/aws_ws/install/turtlebot3_gazebo/share/turtlebot3_gazebo//models/turtlebot3_autorace/ground/model.sdf
[12.127s] -- Up-to-date symlink: /home/ik/aws_ws/install/turtlebot3_gazebo/share/turtlebot3_gazebo//models/turtlebot3_autorace/lights/model.config
[12.127s] -- Up-to-date symlink: /home/ik/aws_ws/install/turtlebot3_gazebo/share/turtlebot3_gazebo//models/turtlebot3_autorace/lights/model.sdf
[12.127s] -- Up-to-date symlink: /home/ik/aws_ws/install/turtlebot3_gazebo/share/turtlebot3_gazebo//models/turtlebot3_autorace/model.config
[12.127s] -- Up-to-date symlink: /home/ik/aws_ws/install/turtlebot3_gazebo/share/turtlebot3_gazebo//models/turtlebot3_autorace/traffic_bar_down/materials/scripts/traffic_bar.material
[12.128s] -- Up-to-date symlink: /home/ik/aws_ws/install/turtlebot3_gazebo/share/turtlebot3_gazebo//models/turtlebot3_autorace/traffic_bar_down/materials/textures/traffic_bar.png
[12.128s] -- Up-to-date symlink: /home/ik/aws_ws/install/turtlebot3_gazebo/share/turtlebot3_gazebo//models/turtlebot3_autorace/traffic_bar_down/model.config
[12.128s] -- Up-to-date symlink: /home/ik/aws_ws/install/turtlebot3_gazebo/share/turtlebot3_gazebo//models/turtlebot3_autorace/traffic_bar_down/model.sdf
[12.128s] -- Up-to-date symlink: /home/ik/aws_ws/install/turtlebot3_gazebo/share/turtlebot3_gazebo//models/turtlebot3_autorace/traffic_bar_up/materials/scripts/traffic_bar.material
[12.128s] -- Up-to-date symlink: /home/ik/aws_ws/install/turtlebot3_gazebo/share/turtlebot3_gazebo//models/turtlebot3_autorace/traffic_bar_up/materials/textures/traffic_bar.png
[12.128s] -- Up-to-date symlink: /home/ik/aws_ws/install/turtlebot3_gazebo/share/turtlebot3_gazebo//models/turtlebot3_autorace/traffic_bar_up/model.config
[12.128s] -- Up-to-date symlink: /home/ik/aws_ws/install/turtlebot3_gazebo/share/turtlebot3_gazebo//models/turtlebot3_autorace/traffic_bar_up/model.sdf
[12.129s] -- Up-to-date symlink: /home/ik/aws_ws/install/turtlebot3_gazebo/share/turtlebot3_gazebo//models/turtlebot3_autorace/traffic_light_green/model.config
[12.129s] -- Up-to-date symlink: /home/ik/aws_ws/install/turtlebot3_gazebo/share/turtlebot3_gazebo//models/turtlebot3_autorace/traffic_light_green/model.sdf
[12.129s] -- Up-to-date symlink: /home/ik/aws_ws/install/turtlebot3_gazebo/share/turtlebot3_gazebo//models/turtlebot3_autorace/traffic_light_red/model.config
[12.129s] -- Up-to-date symlink: /home/ik/aws_ws/install/turtlebot3_gazebo/share/turtlebot3_gazebo//models/turtlebot3_autorace/traffic_light_red/model.sdf
[12.129s] -- Up-to-date symlink: /home/ik/aws_ws/install/turtlebot3_gazebo/share/turtlebot3_gazebo//models/turtlebot3_autorace/traffic_light_yellow/model.config
[12.129s] -- Up-to-date symlink: /home/ik/aws_ws/install/turtlebot3_gazebo/share/turtlebot3_gazebo//models/turtlebot3_autorace/traffic_light_yellow/model.sdf
[12.129s] -- Up-to-date symlink: /home/ik/aws_ws/install/turtlebot3_gazebo/share/turtlebot3_gazebo//models/turtlebot3_autorace/traffic_parking/materials/scripts/traffic_parking.material
[12.130s] -- Up-to-date symlink: /home/ik/aws_ws/install/turtlebot3_gazebo/share/turtlebot3_gazebo//models/turtlebot3_autorace/traffic_parking/materials/textures/traffic_parking.png
[12.130s] -- Up-to-date symlink: /home/ik/aws_ws/install/turtlebot3_gazebo/share/turtlebot3_gazebo//models/turtlebot3_autorace/traffic_parking/model.config
[12.130s] -- Up-to-date symlink: /home/ik/aws_ws/install/turtlebot3_gazebo/share/turtlebot3_gazebo//models/turtlebot3_autorace/traffic_parking/model.sdf
[12.130s] -- Up-to-date symlink: /home/ik/aws_ws/install/turtlebot3_gazebo/share/turtlebot3_gazebo//models/turtlebot3_autorace/traffic_stop/materials/scripts/traffic_stop.material
[12.130s] -- Up-to-date symlink: /home/ik/aws_ws/install/turtlebot3_gazebo/share/turtlebot3_gazebo//models/turtlebot3_autorace/traffic_stop/materials/textures/traffic_stop.png
[12.130s] -- Up-to-date symlink: /home/ik/aws_ws/install/turtlebot3_gazebo/share/turtlebot3_gazebo//models/turtlebot3_autorace/traffic_stop/model.config
[12.130s] -- Up-to-date symlink: /home/ik/aws_ws/install/turtlebot3_gazebo/share/turtlebot3_gazebo//models/turtlebot3_autorace/traffic_stop/model.sdf
[12.131s] -- Up-to-date symlink: /home/ik/aws_ws/install/turtlebot3_gazebo/share/turtlebot3_gazebo//models/turtlebot3_autorace/traffic_tunnel/materials/scripts/tunnel.material
[12.131s] -- Up-to-date symlink: /home/ik/aws_ws/install/turtlebot3_gazebo/share/turtlebot3_gazebo//models/turtlebot3_autorace/traffic_tunnel/materials/textures/tunnel.png
[12.131s] -- Up-to-date symlink: /home/ik/aws_ws/install/turtlebot3_gazebo/share/turtlebot3_gazebo//models/turtlebot3_autorace/traffic_tunnel/model.config
[12.131s] -- Up-to-date symlink: /home/ik/aws_ws/install/turtlebot3_gazebo/share/turtlebot3_gazebo//models/turtlebot3_autorace/traffic_tunnel/model.sdf
[12.131s] -- Up-to-date symlink: /home/ik/aws_ws/install/turtlebot3_gazebo/share/turtlebot3_gazebo//models/turtlebot3_autorace/tunnel_obstacles/model.config
[12.131s] -- Up-to-date symlink: /home/ik/aws_ws/install/turtlebot3_gazebo/share/turtlebot3_gazebo//models/turtlebot3_autorace/tunnel_obstacles/model.sdf
[12.132s] -- Up-to-date symlink: /home/ik/aws_ws/install/turtlebot3_gazebo/share/turtlebot3_gazebo//models/turtlebot3_autorace/tunnel_wall/model.config
[12.132s] -- Up-to-date symlink: /home/ik/aws_ws/install/turtlebot3_gazebo/share/turtlebot3_gazebo//models/turtlebot3_autorace/tunnel_wall/model.sdf
[12.132s] -- Up-to-date symlink: /home/ik/aws_ws/install/turtlebot3_gazebo/share/turtlebot3_gazebo//models/turtlebot3_burger/meshes/burger_base.dae
[12.132s] -- Up-to-date symlink: /home/ik/aws_ws/install/turtlebot3_gazebo/share/turtlebot3_gazebo//models/turtlebot3_burger/meshes/lds.dae
[12.132s] -- Up-to-date symlink: /home/ik/aws_ws/install/turtlebot3_gazebo/share/turtlebot3_gazebo//models/turtlebot3_burger/meshes/tire.dae
[12.132s] -- Up-to-date symlink: /home/ik/aws_ws/install/turtlebot3_gazebo/share/turtlebot3_gazebo//models/turtlebot3_burger/model-1_4.sdf
[12.133s] -- Up-to-date symlink: /home/ik/aws_ws/install/turtlebot3_gazebo/share/turtlebot3_gazebo//models/turtlebot3_burger/model.config
[12.133s] -- Up-to-date symlink: /home/ik/aws_ws/install/turtlebot3_gazebo/share/turtlebot3_gazebo//models/turtlebot3_burger/model.sdf
[12.133s] -- Up-to-date symlink: /home/ik/aws_ws/install/turtlebot3_gazebo/share/turtlebot3_gazebo//models/turtlebot3_dqn_world/goal_box/model.config
[12.134s] -- Up-to-date symlink: /home/ik/aws_ws/install/turtlebot3_gazebo/share/turtlebot3_gazebo//models/turtlebot3_dqn_world/goal_box/model.sdf
[12.134s] -- Up-to-date symlink: /home/ik/aws_ws/install/turtlebot3_gazebo/share/turtlebot3_gazebo//models/turtlebot3_dqn_world/inner_walls/model.config
[12.134s] -- Up-to-date symlink: /home/ik/aws_ws/install/turtlebot3_gazebo/share/turtlebot3_gazebo//models/turtlebot3_dqn_world/inner_walls/model.sdf
[12.134s] -- Up-to-date symlink: /home/ik/aws_ws/install/turtlebot3_gazebo/share/turtlebot3_gazebo//models/turtlebot3_dqn_world/model.config
[12.134s] -- Up-to-date symlink: /home/ik/aws_ws/install/turtlebot3_gazebo/share/turtlebot3_gazebo//models/turtlebot3_dqn_world/model.sdf
[12.135s] -- Up-to-date symlink: /home/ik/aws_ws/install/turtlebot3_gazebo/share/turtlebot3_gazebo//models/turtlebot3_dqn_world/obstacle1/model.config
[12.135s] -- Up-to-date symlink: /home/ik/aws_ws/install/turtlebot3_gazebo/share/turtlebot3_gazebo//models/turtlebot3_dqn_world/obstacle1/model.sdf
[12.135s] -- Up-to-date symlink: /home/ik/aws_ws/install/turtlebot3_gazebo/share/turtlebot3_gazebo//models/turtlebot3_dqn_world/obstacle2/model.config
[12.135s] -- Up-to-date symlink: /home/ik/aws_ws/install/turtlebot3_gazebo/share/turtlebot3_gazebo//models/turtlebot3_dqn_world/obstacle2/model.sdf
[12.136s] -- Up-to-date symlink: /home/ik/aws_ws/install/turtlebot3_gazebo/share/turtlebot3_gazebo//models/turtlebot3_dqn_world/obstacle_plugin/CMakeLists.txt
[12.136s] -- Up-to-date symlink: /home/ik/aws_ws/install/turtlebot3_gazebo/share/turtlebot3_gazebo//models/turtlebot3_dqn_world/obstacle_plugin/obstacle1.cc
[12.136s] -- Up-to-date symlink: /home/ik/aws_ws/install/turtlebot3_gazebo/share/turtlebot3_gazebo//models/turtlebot3_dqn_world/obstacle_plugin/obstacle2.cc
[12.136s] -- Up-to-date symlink: /home/ik/aws_ws/install/turtlebot3_gazebo/share/turtlebot3_gazebo//models/turtlebot3_dqn_world/obstacle_plugin/obstacles.cc
[12.137s] -- Up-to-date symlink: /home/ik/aws_ws/install/turtlebot3_gazebo/share/turtlebot3_gazebo//models/turtlebot3_dqn_world/obstacles/model.config
[12.137s] -- Up-to-date symlink: /home/ik/aws_ws/install/turtlebot3_gazebo/share/turtlebot3_gazebo//models/turtlebot3_dqn_world/obstacles/model.sdf
[12.137s] -- Up-to-date symlink: /home/ik/aws_ws/install/turtlebot3_gazebo/share/turtlebot3_gazebo//models/turtlebot3_house/model.config
[12.137s] -- Up-to-date symlink: /home/ik/aws_ws/install/turtlebot3_gazebo/share/turtlebot3_gazebo//models/turtlebot3_house/model.sdf
[12.138s] -- Up-to-date symlink: /home/ik/aws_ws/install/turtlebot3_gazebo/share/turtlebot3_gazebo//models/turtlebot3_waffle/meshes/lds.dae
[12.138s] -- Up-to-date symlink: /home/ik/aws_ws/install/turtlebot3_gazebo/share/turtlebot3_gazebo//models/turtlebot3_waffle/meshes/r200.dae
[12.138s] -- Up-to-date symlink: /home/ik/aws_ws/install/turtlebot3_gazebo/share/turtlebot3_gazebo//models/turtlebot3_waffle/meshes/tire.dae
[12.138s] -- Up-to-date symlink: /home/ik/aws_ws/install/turtlebot3_gazebo/share/turtlebot3_gazebo//models/turtlebot3_waffle/meshes/waffle_base.dae
[12.138s] -- Up-to-date symlink: /home/ik/aws_ws/install/turtlebot3_gazebo/share/turtlebot3_gazebo//models/turtlebot3_waffle/model-1_4.sdf
[12.138s] -- Up-to-date symlink: /home/ik/aws_ws/install/turtlebot3_gazebo/share/turtlebot3_gazebo//models/turtlebot3_waffle/model.config
[12.139s] -- Up-to-date symlink: /home/ik/aws_ws/install/turtlebot3_gazebo/share/turtlebot3_gazebo//models/turtlebot3_waffle/model.sdf
[12.139s] -- Up-to-date symlink: /home/ik/aws_ws/install/turtlebot3_gazebo/share/turtlebot3_gazebo//models/turtlebot3_waffle_pi/meshes/lds.dae
[12.140s] -- Up-to-date symlink: /home/ik/aws_ws/install/turtlebot3_gazebo/share/turtlebot3_gazebo//models/turtlebot3_waffle_pi/meshes/tire.dae
[12.140s] -- Up-to-date symlink: /home/ik/aws_ws/install/turtlebot3_gazebo/share/turtlebot3_gazebo//models/turtlebot3_waffle_pi/meshes/waffle_pi_base.dae
[12.140s] -- Up-to-date symlink: /home/ik/aws_ws/install/turtlebot3_gazebo/share/turtlebot3_gazebo//models/turtlebot3_waffle_pi/model-1_4_.sdf
[12.140s] -- Up-to-date symlink: /home/ik/aws_ws/install/turtlebot3_gazebo/share/turtlebot3_gazebo//models/turtlebot3_waffle_pi/model.config
[12.141s] -- Up-to-date symlink: /home/ik/aws_ws/install/turtlebot3_gazebo/share/turtlebot3_gazebo//models/turtlebot3_waffle_pi/model.sdf
[12.141s] -- Up-to-date symlink: /home/ik/aws_ws/install/turtlebot3_gazebo/share/turtlebot3_gazebo//models/turtlebot3_world/meshes/hexagon.dae
[12.142s] -- Up-to-date symlink: /home/ik/aws_ws/install/turtlebot3_gazebo/share/turtlebot3_gazebo//models/turtlebot3_world/meshes/wall.dae
[12.142s] -- Up-to-date symlink: /home/ik/aws_ws/install/turtlebot3_gazebo/share/turtlebot3_gazebo//models/turtlebot3_world/model-1_4.sdf
[12.142s] -- Up-to-date symlink: /home/ik/aws_ws/install/turtlebot3_gazebo/share/turtlebot3_gazebo//models/turtlebot3_world/model.config
[12.142s] -- Up-to-date symlink: /home/ik/aws_ws/install/turtlebot3_gazebo/share/turtlebot3_gazebo//models/turtlebot3_world/model.sdf
[12.143s] -- Up-to-date symlink: /home/ik/aws_ws/install/turtlebot3_gazebo/share/turtlebot3_gazebo//rviz/tb3_gazebo.rviz
[12.146s] -- Up-to-date symlink: /home/ik/aws_ws/install/turtlebot3_gazebo/share/turtlebot3_gazebo//worlds/empty_worlds/burger.model
[12.147s] -- Up-to-date symlink: /home/ik/aws_ws/install/turtlebot3_gazebo/share/turtlebot3_gazebo//worlds/empty_worlds/waffle.model
[12.147s] -- Up-to-date symlink: /home/ik/aws_ws/install/turtlebot3_gazebo/share/turtlebot3_gazebo//worlds/empty_worlds/waffle_pi.model
[12.147s] -- Up-to-date symlink: /home/ik/aws_ws/install/turtlebot3_gazebo/share/turtlebot3_gazebo//worlds/no_roof_small_warehouse/no_roof_small_warehouse.world
[12.147s] -- Up-to-date symlink: /home/ik/aws_ws/install/turtlebot3_gazebo/share/turtlebot3_gazebo//worlds/small_warehouse/small_warehouse.world
[12.147s] -- Up-to-date symlink: /home/ik/aws_ws/install/turtlebot3_gazebo/share/turtlebot3_gazebo//worlds/test_sim/test_sim.world
[12.148s] -- Up-to-date symlink: /home/ik/aws_ws/install/turtlebot3_gazebo/share/turtlebot3_gazebo//worlds/turtlebot3_autoraces/burger.model
[12.148s] -- Up-to-date symlink: /home/ik/aws_ws/install/turtlebot3_gazebo/share/turtlebot3_gazebo//worlds/turtlebot3_autoraces/waffle.model
[12.148s] -- Up-to-date symlink: /home/ik/aws_ws/install/turtlebot3_gazebo/share/turtlebot3_gazebo//worlds/turtlebot3_autoraces/waffle_pi.model
[12.148s] -- Up-to-date symlink: /home/ik/aws_ws/install/turtlebot3_gazebo/share/turtlebot3_gazebo//worlds/turtlebot3_dqn_stage1/burger.model
[12.148s] -- Up-to-date symlink: /home/ik/aws_ws/install/turtlebot3_gazebo/share/turtlebot3_gazebo//worlds/turtlebot3_dqn_stage1/waffle.model
[12.149s] -- Up-to-date symlink: /home/ik/aws_ws/install/turtlebot3_gazebo/share/turtlebot3_gazebo//worlds/turtlebot3_dqn_stage1/waffle_pi.model
[12.149s] -- Up-to-date symlink: /home/ik/aws_ws/install/turtlebot3_gazebo/share/turtlebot3_gazebo//worlds/turtlebot3_dqn_stage2/burger.model
[12.149s] -- Up-to-date symlink: /home/ik/aws_ws/install/turtlebot3_gazebo/share/turtlebot3_gazebo//worlds/turtlebot3_dqn_stage2/waffle.model
[12.149s] -- Up-to-date symlink: /home/ik/aws_ws/install/turtlebot3_gazebo/share/turtlebot3_gazebo//worlds/turtlebot3_dqn_stage2/waffle_pi.model
[12.149s] -- Up-to-date symlink: /home/ik/aws_ws/install/turtlebot3_gazebo/share/turtlebot3_gazebo//worlds/turtlebot3_dqn_stage3/burger.model
[12.149s] -- Up-to-date symlink: /home/ik/aws_ws/install/turtlebot3_gazebo/share/turtlebot3_gazebo//worlds/turtlebot3_dqn_stage3/waffle.model
[12.149s] -- Up-to-date symlink: /home/ik/aws_ws/install/turtlebot3_gazebo/share/turtlebot3_gazebo//worlds/turtlebot3_dqn_stage3/waffle_pi.model
[12.150s] -- Up-to-date symlink: /home/ik/aws_ws/install/turtlebot3_gazebo/share/turtlebot3_gazebo//worlds/turtlebot3_dqn_stage4/burger.model
[12.150s] -- Up-to-date symlink: /home/ik/aws_ws/install/turtlebot3_gazebo/share/turtlebot3_gazebo//worlds/turtlebot3_dqn_stage4/waffle.model
[12.150s] -- Up-to-date symlink: /home/ik/aws_ws/install/turtlebot3_gazebo/share/turtlebot3_gazebo//worlds/turtlebot3_dqn_stage4/waffle_pi.model
[12.150s] -- Up-to-date symlink: /home/ik/aws_ws/install/turtlebot3_gazebo/share/turtlebot3_gazebo//worlds/turtlebot3_houses/burger.model
[12.150s] -- Up-to-date symlink: /home/ik/aws_ws/install/turtlebot3_gazebo/share/turtlebot3_gazebo//worlds/turtlebot3_houses/waffle.model
[12.150s] -- Up-to-date symlink: /home/ik/aws_ws/install/turtlebot3_gazebo/share/turtlebot3_gazebo//worlds/turtlebot3_houses/waffle_pi.model
[12.151s] -- Up-to-date symlink: /home/ik/aws_ws/install/turtlebot3_gazebo/share/turtlebot3_gazebo//worlds/turtlebot3_worlds/burger.model
[12.151s] -- Up-to-date symlink: /home/ik/aws_ws/install/turtlebot3_gazebo/share/turtlebot3_gazebo//worlds/turtlebot3_worlds/waffle.model
[12.151s] -- Up-to-date symlink: /home/ik/aws_ws/install/turtlebot3_gazebo/share/turtlebot3_gazebo//worlds/turtlebot3_worlds/waffle_pi.model
[12.151s] -- Up-to-date symlink: /home/ik/aws_ws/install/turtlebot3_gazebo/include//turtlebot3_gazebo/turtlebot3_drive.hpp
[12.152s] -- Up-to-date symlink: /home/ik/aws_ws/install/turtlebot3_gazebo/share/ament_index/resource_index/package_run_dependencies/turtlebot3_gazebo
[12.152s] -- Up-to-date symlink: /home/ik/aws_ws/install/turtlebot3_gazebo/share/ament_index/resource_index/parent_prefix_path/turtlebot3_gazebo
[12.153s] -- Up-to-date symlink: /home/ik/aws_ws/install/turtlebot3_gazebo/share/turtlebot3_gazebo/environment/ament_prefix_path.sh
[12.153s] -- Up-to-date symlink: /home/ik/aws_ws/install/turtlebot3_gazebo/share/turtlebot3_gazebo/environment/ament_prefix_path.dsv
[12.153s] -- Up-to-date symlink: /home/ik/aws_ws/install/turtlebot3_gazebo/share/turtlebot3_gazebo/environment/path.sh
[12.154s] -- Up-to-date symlink: /home/ik/aws_ws/install/turtlebot3_gazebo/share/turtlebot3_gazebo/environment/path.dsv
[12.154s] -- Up-to-date symlink: /home/ik/aws_ws/install/turtlebot3_gazebo/share/turtlebot3_gazebo/local_setup.bash
[12.154s] -- Up-to-date symlink: /home/ik/aws_ws/install/turtlebot3_gazebo/share/turtlebot3_gazebo/local_setup.sh
[12.154s] -- Up-to-date symlink: /home/ik/aws_ws/install/turtlebot3_gazebo/share/turtlebot3_gazebo/local_setup.zsh
[12.155s] -- Up-to-date symlink: /home/ik/aws_ws/install/turtlebot3_gazebo/share/turtlebot3_gazebo/local_setup.dsv
[12.155s] -- Symlinking: /home/ik/aws_ws/install/turtlebot3_gazebo/share/turtlebot3_gazebo/package.dsv
[12.169s] -- Up-to-date symlink: /home/ik/aws_ws/install/turtlebot3_gazebo/share/ament_index/resource_index/packages/turtlebot3_gazebo
[12.169s] -- Up-to-date symlink: /home/ik/aws_ws/install/turtlebot3_gazebo/share/turtlebot3_gazebo/cmake/ament_cmake_export_include_directories-extras.cmake
[12.170s] -- Up-to-date symlink: /home/ik/aws_ws/install/turtlebot3_gazebo/share/turtlebot3_gazebo/cmake/ament_cmake_export_dependencies-extras.cmake
[12.170s] -- Up-to-date symlink: /home/ik/aws_ws/install/turtlebot3_gazebo/share/turtlebot3_gazebo/cmake/turtlebot3_gazeboConfig.cmake
[12.171s] -- Up-to-date symlink: /home/ik/aws_ws/install/turtlebot3_gazebo/share/turtlebot3_gazebo/cmake/turtlebot3_gazeboConfig-version.cmake
[12.171s] -- Up-to-date symlink: /home/ik/aws_ws/install/turtlebot3_gazebo/share/turtlebot3_gazebo/package.xml
[12.179s] Invoked command in '/home/ik/aws_ws/build/turtlebot3_gazebo' returned '0': CMAKE_PREFIX_PATH=/opt/ros/foxy /usr/bin/cmake --install /home/ik/aws_ws/build/turtlebot3_gazebo
