[0.060s] Invoking command in '/home/ik/aws_ws/build/nav2_lifecycle_manager': AMENT_PREFIX_PATH=/home/ik/aws_ws/install/nav2_util:/home/ik/aws_ws/install/nav2_msgs:/home/ik/aws_ws/install/nav2_common:${AMENT_PREFIX_PATH} CMAKE_PREFIX_PATH=/home/ik/aws_ws/install/nav2_util:/home/ik/aws_ws/install/nav2_msgs:/home/ik/aws_ws/install/nav2_common:/opt/ros/foxy LD_LIBRARY_PATH=/home/ik/aws_ws/install/nav2_util/lib:/home/ik/aws_ws/install/nav2_msgs/lib:${LD_LIBRARY_PATH} PYTHONPATH=/home/ik/aws_ws/install/nav2_msgs/lib/python3.8/site-packages:/home/ik/aws_ws/install/nav2_common/lib/python3.8/site-packages:${PYTHONPATH} /usr/bin/cmake --build /home/ik/aws_ws/build/nav2_lifecycle_manager -- -j8 -l8
[0.090s] -- Found ament_cmake: 0.9.11 (/opt/ros/foxy/share/ament_cmake/cmake)
[0.119s] -- Using PYTHON_EXECUTABLE: /usr/bin/python3
[0.306s] -- Override CMake install command with custom implementation using symlinks instead of copying resources
[0.310s] -- Found geometry_msgs: 2.0.5 (/opt/ros/foxy/share/geometry_msgs/cmake)
[0.340s] -- Using all available rosidl_typesupport_c: rosidl_typesupport_fastrtps_c;rosidl_typesupport_introspection_c
[0.343s] -- Found rosidl_adapter: 1.3.0 (/opt/ros/foxy/share/rosidl_adapter/cmake)
[0.473s] -- Using all available rosidl_typesupport_cpp: rosidl_typesupport_fastrtps_cpp;rosidl_typesupport_introspection_cpp
[0.566s] -- Found lifecycle_msgs: 1.0.0 (/opt/ros/foxy/share/lifecycle_msgs/cmake)
[0.576s] -- Found nav2_common: 0.4.7 (/home/ik/aws_ws/install/nav2_common/share/nav2_common/cmake)
[0.577s] -- Found nav2_msgs: 0.4.7 (/home/ik/aws_ws/install/nav2_msgs/share/nav2_msgs/cmake)
[0.923s] -- Found nav2_util: 0.4.7 (/home/ik/aws_ws/install/nav2_util/share/nav2_util/cmake)
[0.991s] -- Found rmw_implementation_cmake: 1.0.4 (/opt/ros/foxy/share/rmw_implementation_cmake/cmake)
[0.993s] -- Using RMW implementation 'rmw_fastrtps_cpp' as default
[1.469s] -- Found eigen3_cmake_module: 0.1.1 (/opt/ros/foxy/share/eigen3_cmake_module/cmake)
[1.641s] -- Found std_srvs: 2.0.5 (/opt/ros/foxy/share/std_srvs/cmake)
[1.951s] -- Found ament_lint_auto: 0.9.8 (/opt/ros/foxy/share/ament_lint_auto/cmake)
[2.030s] -- Found ament_cmake_gtest: 0.9.11 (/opt/ros/foxy/share/ament_cmake_gtest/cmake)
[2.031s] -- Found ament_cmake_pytest: 0.9.11 (/opt/ros/foxy/share/ament_cmake_pytest/cmake)
[2.034s] -- Found gtest sources under '/opt/ros/foxy/src/gtest_vendor': C++ tests using 'Google Test' will be built
[2.221s] -- Added test 'copyright' to check source files copyright and LICENSE
[2.223s] -- Added test 'cppcheck' to perform static code analysis on C / C++ code
[2.223s] -- Configured cppcheck include dirs: /home/ik/aws_ws/src/navigation2/nav2_lifecycle_manager/include
[2.224s] -- Configured cppcheck exclude dirs and/or files: 
[2.225s] -- Added test 'cpplint' to check C / C++ code against the Google style
[2.225s] -- Configured cpplint exclude dirs and/or files: 
[2.226s] -- Added test 'flake8' to check Python code syntax and style conventions
[2.227s] -- Added test 'lint_cmake' to check CMake code style
[2.228s] -- Added test 'pep257' to check Python code against some of the style conventions in PEP 257
[2.230s] -- Added test 'uncrustify' to check C / C++ code style
[2.230s] -- Configured uncrustify additional arguments: 
[2.231s] -- Added test 'xmllint' to check XML markup files
[2.237s] -- Configuring done
[2.341s] -- Generating done
[2.344s] -- Build files have been written to: /home/ik/aws_ws/build/nav2_lifecycle_manager
[2.411s] [ 18%] Built target gtest
[2.421s] [ 36%] Built target gtest_main
[2.431s] [ 45%] [32mBuilding CXX object CMakeFiles/nav2_lifecycle_manager_core.dir/src/lifecycle_manager.cpp.o[0m
[2.441s] [ 54%] [32mBuilding CXX object CMakeFiles/nav2_lifecycle_manager_core.dir/src/lifecycle_manager_client.cpp.o[0m
[6.914s] [ 63%] [32m[1mLinking CXX shared library libnav2_lifecycle_manager_core.so[0m
[7.115s] [ 63%] Built target nav2_lifecycle_manager_core
[7.150s] [ 72%] [32mBuilding CXX object test/CMakeFiles/test_lifecycle_gtest.dir/test_lifecycle_manager.cpp.o[0m
[7.151s] [ 81%] [32mBuilding CXX object CMakeFiles/lifecycle_manager.dir/src/main.cpp.o[0m
[9.260s] [ 90%] [32m[1mLinking CXX executable lifecycle_manager[0m
[9.501s] [ 90%] Built target lifecycle_manager
[10.526s] [100%] [32m[1mLinking CXX executable test_lifecycle_gtest[0m
[10.810s] [100%] Built target test_lifecycle_gtest
[10.832s] Invoked command in '/home/ik/aws_ws/build/nav2_lifecycle_manager' returned '0': AMENT_PREFIX_PATH=/home/ik/aws_ws/install/nav2_util:/home/ik/aws_ws/install/nav2_msgs:/home/ik/aws_ws/install/nav2_common:${AMENT_PREFIX_PATH} CMAKE_PREFIX_PATH=/home/ik/aws_ws/install/nav2_util:/home/ik/aws_ws/install/nav2_msgs:/home/ik/aws_ws/install/nav2_common:/opt/ros/foxy LD_LIBRARY_PATH=/home/ik/aws_ws/install/nav2_util/lib:/home/ik/aws_ws/install/nav2_msgs/lib:${LD_LIBRARY_PATH} PYTHONPATH=/home/ik/aws_ws/install/nav2_msgs/lib/python3.8/site-packages:/home/ik/aws_ws/install/nav2_common/lib/python3.8/site-packages:${PYTHONPATH} /usr/bin/cmake --build /home/ik/aws_ws/build/nav2_lifecycle_manager -- -j8 -l8
[10.874s] Invoking command in '/home/ik/aws_ws/build/nav2_lifecycle_manager': AMENT_PREFIX_PATH=/home/ik/aws_ws/install/nav2_util:/home/ik/aws_ws/install/nav2_msgs:/home/ik/aws_ws/install/nav2_common:${AMENT_PREFIX_PATH} CMAKE_PREFIX_PATH=/home/ik/aws_ws/install/nav2_util:/home/ik/aws_ws/install/nav2_msgs:/home/ik/aws_ws/install/nav2_common:/opt/ros/foxy LD_LIBRARY_PATH=/home/ik/aws_ws/install/nav2_util/lib:/home/ik/aws_ws/install/nav2_msgs/lib:${LD_LIBRARY_PATH} PYTHONPATH=/home/ik/aws_ws/install/nav2_msgs/lib/python3.8/site-packages:/home/ik/aws_ws/install/nav2_common/lib/python3.8/site-packages:${PYTHONPATH} /usr/bin/cmake --install /home/ik/aws_ws/build/nav2_lifecycle_manager
[10.890s] -- Install configuration: "Release"
[10.894s] -- Execute custom install script
[10.895s] -- Up-to-date symlink: /home/ik/aws_ws/install/nav2_lifecycle_manager/lib/libnav2_lifecycle_manager_core.so
[10.895s] -- Up-to-date symlink: /home/ik/aws_ws/install/nav2_lifecycle_manager/lib/nav2_lifecycle_manager/lifecycle_manager
[10.895s] -- Up-to-date symlink: /home/ik/aws_ws/install/nav2_lifecycle_manager/include//nav2_lifecycle_manager/lifecycle_manager.hpp
[10.895s] -- Up-to-date symlink: /home/ik/aws_ws/install/nav2_lifecycle_manager/include//nav2_lifecycle_manager/lifecycle_manager_client.hpp
[10.896s] -- Up-to-date symlink: /home/ik/aws_ws/install/nav2_lifecycle_manager/share/nav2_lifecycle_manager/environment/library_path.sh
[10.896s] -- Up-to-date symlink: /home/ik/aws_ws/install/nav2_lifecycle_manager/share/nav2_lifecycle_manager/environment/library_path.dsv
[10.896s] -- Up-to-date symlink: /home/ik/aws_ws/install/nav2_lifecycle_manager/share/ament_index/resource_index/package_run_dependencies/nav2_lifecycle_manager
[10.896s] -- Up-to-date symlink: /home/ik/aws_ws/install/nav2_lifecycle_manager/share/ament_index/resource_index/parent_prefix_path/nav2_lifecycle_manager
[10.896s] -- Up-to-date symlink: /home/ik/aws_ws/install/nav2_lifecycle_manager/share/nav2_lifecycle_manager/environment/ament_prefix_path.sh
[10.896s] -- Up-to-date symlink: /home/ik/aws_ws/install/nav2_lifecycle_manager/share/nav2_lifecycle_manager/environment/ament_prefix_path.dsv
[10.896s] -- Up-to-date symlink: /home/ik/aws_ws/install/nav2_lifecycle_manager/share/nav2_lifecycle_manager/environment/path.sh
[10.896s] -- Up-to-date symlink: /home/ik/aws_ws/install/nav2_lifecycle_manager/share/nav2_lifecycle_manager/environment/path.dsv
[10.897s] -- Up-to-date symlink: /home/ik/aws_ws/install/nav2_lifecycle_manager/share/nav2_lifecycle_manager/local_setup.bash
[10.897s] -- Up-to-date symlink: /home/ik/aws_ws/install/nav2_lifecycle_manager/share/nav2_lifecycle_manager/local_setup.sh
[10.897s] -- Up-to-date symlink: /home/ik/aws_ws/install/nav2_lifecycle_manager/share/nav2_lifecycle_manager/local_setup.zsh
[10.897s] -- Up-to-date symlink: /home/ik/aws_ws/install/nav2_lifecycle_manager/share/nav2_lifecycle_manager/local_setup.dsv
[10.897s] -- Symlinking: /home/ik/aws_ws/install/nav2_lifecycle_manager/share/nav2_lifecycle_manager/package.dsv
[10.905s] -- Up-to-date symlink: /home/ik/aws_ws/install/nav2_lifecycle_manager/share/ament_index/resource_index/packages/nav2_lifecycle_manager
[10.905s] -- Up-to-date symlink: /home/ik/aws_ws/install/nav2_lifecycle_manager/share/nav2_lifecycle_manager/cmake/ament_cmake_export_include_directories-extras.cmake
[10.905s] -- Up-to-date symlink: /home/ik/aws_ws/install/nav2_lifecycle_manager/share/nav2_lifecycle_manager/cmake/ament_cmake_export_libraries-extras.cmake
[10.906s] -- Up-to-date symlink: /home/ik/aws_ws/install/nav2_lifecycle_manager/share/nav2_lifecycle_manager/cmake/ament_cmake_export_dependencies-extras.cmake
[10.906s] -- Up-to-date symlink: /home/ik/aws_ws/install/nav2_lifecycle_manager/share/nav2_lifecycle_manager/cmake/nav2_lifecycle_managerConfig.cmake
[10.906s] -- Up-to-date symlink: /home/ik/aws_ws/install/nav2_lifecycle_manager/share/nav2_lifecycle_manager/cmake/nav2_lifecycle_managerConfig-version.cmake
[10.906s] -- Up-to-date symlink: /home/ik/aws_ws/install/nav2_lifecycle_manager/share/nav2_lifecycle_manager/package.xml
[10.911s] Invoked command in '/home/ik/aws_ws/build/nav2_lifecycle_manager' returned '0': AMENT_PREFIX_PATH=/home/ik/aws_ws/install/nav2_util:/home/ik/aws_ws/install/nav2_msgs:/home/ik/aws_ws/install/nav2_common:${AMENT_PREFIX_PATH} CMAKE_PREFIX_PATH=/home/ik/aws_ws/install/nav2_util:/home/ik/aws_ws/install/nav2_msgs:/home/ik/aws_ws/install/nav2_common:/opt/ros/foxy LD_LIBRARY_PATH=/home/ik/aws_ws/install/nav2_util/lib:/home/ik/aws_ws/install/nav2_msgs/lib:${LD_LIBRARY_PATH} PYTHONPATH=/home/ik/aws_ws/install/nav2_msgs/lib/python3.8/site-packages:/home/ik/aws_ws/install/nav2_common/lib/python3.8/site-packages:${PYTHONPATH} /usr/bin/cmake --install /home/ik/aws_ws/build/nav2_lifecycle_manager
