[0.027s] Invoking command in '/home/ik/aws_ws/build/dwb_msgs': AMENT_PREFIX_PATH=/home/ik/aws_ws/install/nav_2d_msgs:${AMENT_PREFIX_PATH} CMAKE_PREFIX_PATH=/home/ik/aws_ws/install/nav_2d_msgs:/opt/ros/foxy LD_LIBRARY_PATH=/home/ik/aws_ws/install/nav_2d_msgs/lib:${LD_LIBRARY_PATH} PYTHONPATH=/home/ik/aws_ws/install/nav_2d_msgs/lib/python3.8/site-packages:${PYTHONPATH} /usr/bin/cmake /home/ik/aws_ws/src/navigation2/nav2_dwb_controller/dwb_msgs -DCMAKE_INSTALL_PREFIX=/home/ik/aws_ws/install/dwb_msgs
[0.042s] -- Found builtin_interfaces: 1.0.0 (/opt/ros/foxy/share/builtin_interfaces/cmake)
[0.073s] -- Found PythonInterp: /usr/bin/python3 (found suitable version "3.8.10", minimum required is "3") 
[0.073s] -- Using PYTHON_EXECUTABLE: /usr/bin/python3
[0.217s] -- Override CMake install command with custom implementation using symlinks instead of copying resources
[0.241s] -- Using all available rosidl_typesupport_c: rosidl_typesupport_fastrtps_c;rosidl_typesupport_introspection_c
[0.244s] -- Found rosidl_adapter: 1.3.0 (/opt/ros/foxy/share/rosidl_adapter/cmake)
[0.359s] -- Using all available rosidl_typesupport_cpp: rosidl_typesupport_fastrtps_cpp;rosidl_typesupport_introspection_cpp
[0.380s] -- Found geometry_msgs: 2.0.5 (/opt/ros/foxy/share/geometry_msgs/cmake)
[0.430s] -- Found nav_2d_msgs: 0.4.7 (/home/ik/aws_ws/install/nav_2d_msgs/share/nav_2d_msgs/cmake)
[0.493s] -- Found nav_msgs: 2.0.5 (/opt/ros/foxy/share/nav_msgs/cmake)
[0.554s] -- Found rosidl_default_generators: 1.0.1 (/opt/ros/foxy/share/rosidl_default_generators/cmake)
[0.591s] -- Found PythonInterp: /usr/bin/python3 (found version "3.8.10") 
[0.836s] -- Found ament_cmake_ros: 0.9.2 (/opt/ros/foxy/share/ament_cmake_ros/cmake)
[1.090s] -- Using all available rosidl_typesupport_c: rosidl_typesupport_fastrtps_c;rosidl_typesupport_introspection_c
[1.207s] -- Using all available rosidl_typesupport_cpp: rosidl_typesupport_fastrtps_cpp;rosidl_typesupport_introspection_cpp
[1.242s] -- Found PythonInterp: /usr/bin/python3 (found suitable version "3.8.10", minimum required is "3.5") 
[1.243s] -- Found python_cmake_module: 0.8.1 (/opt/ros/foxy/share/python_cmake_module/cmake)
[1.272s] -- Using PYTHON_EXECUTABLE: /usr/bin/python3
[1.272s] -- Using PYTHON_INCLUDE_DIRS: /usr/include/python3.8
[1.272s] -- Using PYTHON_LIBRARIES: /usr/lib/x86_64-linux-gnu/libpython3.8.so
[1.342s] -- Configuring done
[1.441s] -- Generating done
[1.443s] -- Build files have been written to: /home/ik/aws_ws/build/dwb_msgs
[1.453s] Invoked command in '/home/ik/aws_ws/build/dwb_msgs' returned '0': AMENT_PREFIX_PATH=/home/ik/aws_ws/install/nav_2d_msgs:${AMENT_PREFIX_PATH} CMAKE_PREFIX_PATH=/home/ik/aws_ws/install/nav_2d_msgs:/opt/ros/foxy LD_LIBRARY_PATH=/home/ik/aws_ws/install/nav_2d_msgs/lib:${LD_LIBRARY_PATH} PYTHONPATH=/home/ik/aws_ws/install/nav_2d_msgs/lib/python3.8/site-packages:${PYTHONPATH} /usr/bin/cmake /home/ik/aws_ws/src/navigation2/nav2_dwb_controller/dwb_msgs -DCMAKE_INSTALL_PREFIX=/home/ik/aws_ws/install/dwb_msgs
[1.457s] Invoking command in '/home/ik/aws_ws/build/dwb_msgs': AMENT_PREFIX_PATH=/home/ik/aws_ws/install/nav_2d_msgs:${AMENT_PREFIX_PATH} CMAKE_PREFIX_PATH=/home/ik/aws_ws/install/nav_2d_msgs:/opt/ros/foxy LD_LIBRARY_PATH=/home/ik/aws_ws/install/nav_2d_msgs/lib:${LD_LIBRARY_PATH} PYTHONPATH=/home/ik/aws_ws/install/nav_2d_msgs/lib/python3.8/site-packages:${PYTHONPATH} /usr/bin/cmake --build /home/ik/aws_ws/build/dwb_msgs -- -j8 -l8
[1.531s] [  1%] Built target dwb_msgs__cpp
[1.547s] [ 12%] Built target dwb_msgs__rosidl_generator_c
[1.560s] [ 24%] Built target dwb_msgs__rosidl_typesupport_fastrtps_cpp
[1.561s] [ 35%] Built target dwb_msgs__rosidl_typesupport_cpp
[1.564s] [ 47%] Built target dwb_msgs__rosidl_typesupport_introspection_cpp
[1.573s] [ 58%] Built target dwb_msgs__rosidl_typesupport_c
[1.577s] [ 70%] Built target dwb_msgs__rosidl_typesupport_introspection_c
[1.611s] [ 82%] Built target dwb_msgs__rosidl_typesupport_fastrtps_c
[1.637s] [ 82%] Built target dwb_msgs
[1.666s] [ 83%] Built target dwb_msgs__py
[1.708s] [ 93%] Built target dwb_msgs__python
[1.737s] [ 95%] Built target dwb_msgs__rosidl_typesupport_introspection_c__pyext
[1.747s] [ 97%] Built target dwb_msgs__rosidl_typesupport_fastrtps_c__pyext
[1.747s] [100%] Built target dwb_msgs__rosidl_typesupport_c__pyext
[1.765s] Invoked command in '/home/ik/aws_ws/build/dwb_msgs' returned '0': AMENT_PREFIX_PATH=/home/ik/aws_ws/install/nav_2d_msgs:${AMENT_PREFIX_PATH} CMAKE_PREFIX_PATH=/home/ik/aws_ws/install/nav_2d_msgs:/opt/ros/foxy LD_LIBRARY_PATH=/home/ik/aws_ws/install/nav_2d_msgs/lib:${LD_LIBRARY_PATH} PYTHONPATH=/home/ik/aws_ws/install/nav_2d_msgs/lib/python3.8/site-packages:${PYTHONPATH} /usr/bin/cmake --build /home/ik/aws_ws/build/dwb_msgs -- -j8 -l8
[1.885s] Invoking command in '/home/ik/aws_ws/build/dwb_msgs': AMENT_PREFIX_PATH=/home/ik/aws_ws/install/nav_2d_msgs:${AMENT_PREFIX_PATH} CMAKE_PREFIX_PATH=/home/ik/aws_ws/install/nav_2d_msgs:/opt/ros/foxy LD_LIBRARY_PATH=/home/ik/aws_ws/install/nav_2d_msgs/lib:${LD_LIBRARY_PATH} PYTHONPATH=/home/ik/aws_ws/install/nav_2d_msgs/lib/python3.8/site-packages:${PYTHONPATH} /usr/bin/cmake --install /home/ik/aws_ws/build/dwb_msgs
[1.895s] -- Install configuration: ""
[1.896s] -- Execute custom install script
[1.905s] -- Up-to-date symlink: /home/ik/aws_ws/install/dwb_msgs/share/ament_index/resource_index/rosidl_interfaces/dwb_msgs
[1.907s] -- Up-to-date symlink: /home/ik/aws_ws/install/dwb_msgs/include/dwb_msgs/msg/critic_score.h
[1.908s] -- Up-to-date symlink: /home/ik/aws_ws/install/dwb_msgs/include/dwb_msgs/msg/detail/critic_score__functions.h
[1.908s] -- Up-to-date symlink: /home/ik/aws_ws/install/dwb_msgs/include/dwb_msgs/msg/detail/critic_score__struct.h
[1.908s] -- Up-to-date symlink: /home/ik/aws_ws/install/dwb_msgs/include/dwb_msgs/msg/detail/critic_score__type_support.h
[1.909s] -- Up-to-date symlink: /home/ik/aws_ws/install/dwb_msgs/include/dwb_msgs/msg/detail/local_plan_evaluation__functions.h
[1.909s] -- Up-to-date symlink: /home/ik/aws_ws/install/dwb_msgs/include/dwb_msgs/msg/detail/local_plan_evaluation__struct.h
[1.909s] -- Up-to-date symlink: /home/ik/aws_ws/install/dwb_msgs/include/dwb_msgs/msg/detail/local_plan_evaluation__type_support.h
[1.909s] -- Up-to-date symlink: /home/ik/aws_ws/install/dwb_msgs/include/dwb_msgs/msg/detail/trajectory2_d__functions.h
[1.910s] -- Up-to-date symlink: /home/ik/aws_ws/install/dwb_msgs/include/dwb_msgs/msg/detail/trajectory2_d__struct.h
[1.910s] -- Up-to-date symlink: /home/ik/aws_ws/install/dwb_msgs/include/dwb_msgs/msg/detail/trajectory2_d__type_support.h
[1.910s] -- Up-to-date symlink: /home/ik/aws_ws/install/dwb_msgs/include/dwb_msgs/msg/detail/trajectory_score__functions.h
[1.911s] -- Up-to-date symlink: /home/ik/aws_ws/install/dwb_msgs/include/dwb_msgs/msg/detail/trajectory_score__struct.h
[1.911s] -- Up-to-date symlink: /home/ik/aws_ws/install/dwb_msgs/include/dwb_msgs/msg/detail/trajectory_score__type_support.h
[1.911s] -- Up-to-date symlink: /home/ik/aws_ws/install/dwb_msgs/include/dwb_msgs/msg/local_plan_evaluation.h
[1.911s] -- Up-to-date symlink: /home/ik/aws_ws/install/dwb_msgs/include/dwb_msgs/msg/rosidl_generator_c__visibility_control.h
[1.912s] -- Up-to-date symlink: /home/ik/aws_ws/install/dwb_msgs/include/dwb_msgs/msg/trajectory2_d.h
[1.912s] -- Up-to-date symlink: /home/ik/aws_ws/install/dwb_msgs/include/dwb_msgs/msg/trajectory_score.h
[1.912s] -- Up-to-date symlink: /home/ik/aws_ws/install/dwb_msgs/include/dwb_msgs/srv/debug_local_plan.h
[1.913s] -- Up-to-date symlink: /home/ik/aws_ws/install/dwb_msgs/include/dwb_msgs/srv/detail/debug_local_plan__functions.h
[1.913s] -- Up-to-date symlink: /home/ik/aws_ws/install/dwb_msgs/include/dwb_msgs/srv/detail/debug_local_plan__struct.h
[1.913s] -- Up-to-date symlink: /home/ik/aws_ws/install/dwb_msgs/include/dwb_msgs/srv/detail/debug_local_plan__type_support.h
[1.914s] -- Up-to-date symlink: /home/ik/aws_ws/install/dwb_msgs/include/dwb_msgs/srv/detail/generate_trajectory__functions.h
[1.914s] -- Up-to-date symlink: /home/ik/aws_ws/install/dwb_msgs/include/dwb_msgs/srv/detail/generate_trajectory__struct.h
[1.914s] -- Up-to-date symlink: /home/ik/aws_ws/install/dwb_msgs/include/dwb_msgs/srv/detail/generate_trajectory__type_support.h
[1.914s] -- Up-to-date symlink: /home/ik/aws_ws/install/dwb_msgs/include/dwb_msgs/srv/detail/generate_twists__functions.h
[1.914s] -- Up-to-date symlink: /home/ik/aws_ws/install/dwb_msgs/include/dwb_msgs/srv/detail/generate_twists__struct.h
[1.914s] -- Up-to-date symlink: /home/ik/aws_ws/install/dwb_msgs/include/dwb_msgs/srv/detail/generate_twists__type_support.h
[1.914s] -- Up-to-date symlink: /home/ik/aws_ws/install/dwb_msgs/include/dwb_msgs/srv/detail/get_critic_score__functions.h
[1.915s] -- Up-to-date symlink: /home/ik/aws_ws/install/dwb_msgs/include/dwb_msgs/srv/detail/get_critic_score__struct.h
[1.915s] -- Up-to-date symlink: /home/ik/aws_ws/install/dwb_msgs/include/dwb_msgs/srv/detail/get_critic_score__type_support.h
[1.915s] -- Up-to-date symlink: /home/ik/aws_ws/install/dwb_msgs/include/dwb_msgs/srv/detail/score_trajectory__functions.h
[1.915s] -- Up-to-date symlink: /home/ik/aws_ws/install/dwb_msgs/include/dwb_msgs/srv/detail/score_trajectory__struct.h
[1.915s] -- Up-to-date symlink: /home/ik/aws_ws/install/dwb_msgs/include/dwb_msgs/srv/detail/score_trajectory__type_support.h
[1.915s] -- Up-to-date symlink: /home/ik/aws_ws/install/dwb_msgs/include/dwb_msgs/srv/generate_trajectory.h
[1.915s] -- Up-to-date symlink: /home/ik/aws_ws/install/dwb_msgs/include/dwb_msgs/srv/generate_twists.h
[1.915s] -- Up-to-date symlink: /home/ik/aws_ws/install/dwb_msgs/include/dwb_msgs/srv/get_critic_score.h
[1.916s] -- Up-to-date symlink: /home/ik/aws_ws/install/dwb_msgs/include/dwb_msgs/srv/score_trajectory.h
[1.916s] -- Up-to-date symlink: /home/ik/aws_ws/install/dwb_msgs/share/dwb_msgs/environment/library_path.sh
[1.916s] -- Up-to-date symlink: /home/ik/aws_ws/install/dwb_msgs/share/dwb_msgs/environment/library_path.dsv
[1.917s] -- Up-to-date symlink: /home/ik/aws_ws/install/dwb_msgs/include/dwb_msgs/msg/detail/critic_score__rosidl_typesupport_fastrtps_c.h
[1.917s] -- Up-to-date symlink: /home/ik/aws_ws/install/dwb_msgs/include/dwb_msgs/msg/detail/local_plan_evaluation__rosidl_typesupport_fastrtps_c.h
[1.917s] -- Up-to-date symlink: /home/ik/aws_ws/install/dwb_msgs/include/dwb_msgs/msg/detail/trajectory2_d__rosidl_typesupport_fastrtps_c.h
[1.917s] -- Up-to-date symlink: /home/ik/aws_ws/install/dwb_msgs/include/dwb_msgs/msg/detail/trajectory_score__rosidl_typesupport_fastrtps_c.h
[1.917s] -- Up-to-date symlink: /home/ik/aws_ws/install/dwb_msgs/include/dwb_msgs/msg/rosidl_typesupport_fastrtps_c__visibility_control.h
[1.917s] -- Up-to-date symlink: /home/ik/aws_ws/install/dwb_msgs/include/dwb_msgs/srv/detail/debug_local_plan__rosidl_typesupport_fastrtps_c.h
[1.918s] -- Up-to-date symlink: /home/ik/aws_ws/install/dwb_msgs/include/dwb_msgs/srv/detail/generate_trajectory__rosidl_typesupport_fastrtps_c.h
[1.918s] -- Up-to-date symlink: /home/ik/aws_ws/install/dwb_msgs/include/dwb_msgs/srv/detail/generate_twists__rosidl_typesupport_fastrtps_c.h
[1.918s] -- Up-to-date symlink: /home/ik/aws_ws/install/dwb_msgs/include/dwb_msgs/srv/detail/get_critic_score__rosidl_typesupport_fastrtps_c.h
[1.918s] -- Up-to-date symlink: /home/ik/aws_ws/install/dwb_msgs/include/dwb_msgs/srv/detail/score_trajectory__rosidl_typesupport_fastrtps_c.h
[1.918s] -- Up-to-date symlink: /home/ik/aws_ws/install/dwb_msgs/lib/libdwb_msgs__rosidl_typesupport_fastrtps_c.so
[1.919s] -- Up-to-date symlink: /home/ik/aws_ws/install/dwb_msgs/include/dwb_msgs/msg/detail/critic_score__rosidl_typesupport_fastrtps_cpp.hpp
[1.919s] -- Up-to-date symlink: /home/ik/aws_ws/install/dwb_msgs/include/dwb_msgs/msg/detail/local_plan_evaluation__rosidl_typesupport_fastrtps_cpp.hpp
[1.919s] -- Up-to-date symlink: /home/ik/aws_ws/install/dwb_msgs/include/dwb_msgs/msg/detail/trajectory2_d__rosidl_typesupport_fastrtps_cpp.hpp
[1.919s] -- Up-to-date symlink: /home/ik/aws_ws/install/dwb_msgs/include/dwb_msgs/msg/detail/trajectory_score__rosidl_typesupport_fastrtps_cpp.hpp
[1.919s] -- Up-to-date symlink: /home/ik/aws_ws/install/dwb_msgs/include/dwb_msgs/msg/rosidl_typesupport_fastrtps_cpp__visibility_control.h
[1.920s] -- Up-to-date symlink: /home/ik/aws_ws/install/dwb_msgs/include/dwb_msgs/srv/detail/debug_local_plan__rosidl_typesupport_fastrtps_cpp.hpp
[1.920s] -- Up-to-date symlink: /home/ik/aws_ws/install/dwb_msgs/include/dwb_msgs/srv/detail/generate_trajectory__rosidl_typesupport_fastrtps_cpp.hpp
[1.920s] -- Up-to-date symlink: /home/ik/aws_ws/install/dwb_msgs/include/dwb_msgs/srv/detail/generate_twists__rosidl_typesupport_fastrtps_cpp.hpp
[1.920s] -- Up-to-date symlink: /home/ik/aws_ws/install/dwb_msgs/include/dwb_msgs/srv/detail/get_critic_score__rosidl_typesupport_fastrtps_cpp.hpp
[1.920s] -- Up-to-date symlink: /home/ik/aws_ws/install/dwb_msgs/include/dwb_msgs/srv/detail/score_trajectory__rosidl_typesupport_fastrtps_cpp.hpp
[1.920s] -- Up-to-date symlink: /home/ik/aws_ws/install/dwb_msgs/lib/libdwb_msgs__rosidl_typesupport_fastrtps_cpp.so
[1.921s] -- Up-to-date symlink: /home/ik/aws_ws/install/dwb_msgs/include/dwb_msgs/msg/detail/critic_score__rosidl_typesupport_introspection_c.h
[1.921s] -- Up-to-date symlink: /home/ik/aws_ws/install/dwb_msgs/include/dwb_msgs/msg/detail/local_plan_evaluation__rosidl_typesupport_introspection_c.h
[1.921s] -- Up-to-date symlink: /home/ik/aws_ws/install/dwb_msgs/include/dwb_msgs/msg/detail/trajectory2_d__rosidl_typesupport_introspection_c.h
[1.921s] -- Up-to-date symlink: /home/ik/aws_ws/install/dwb_msgs/include/dwb_msgs/msg/detail/trajectory_score__rosidl_typesupport_introspection_c.h
[1.922s] -- Up-to-date symlink: /home/ik/aws_ws/install/dwb_msgs/include/dwb_msgs/msg/rosidl_typesupport_introspection_c__visibility_control.h
[1.922s] -- Up-to-date symlink: /home/ik/aws_ws/install/dwb_msgs/include/dwb_msgs/srv/detail/debug_local_plan__rosidl_typesupport_introspection_c.h
[1.922s] -- Up-to-date symlink: /home/ik/aws_ws/install/dwb_msgs/include/dwb_msgs/srv/detail/generate_trajectory__rosidl_typesupport_introspection_c.h
[1.922s] -- Up-to-date symlink: /home/ik/aws_ws/install/dwb_msgs/include/dwb_msgs/srv/detail/generate_twists__rosidl_typesupport_introspection_c.h
[1.922s] -- Up-to-date symlink: /home/ik/aws_ws/install/dwb_msgs/include/dwb_msgs/srv/detail/get_critic_score__rosidl_typesupport_introspection_c.h
[1.923s] -- Up-to-date symlink: /home/ik/aws_ws/install/dwb_msgs/include/dwb_msgs/srv/detail/score_trajectory__rosidl_typesupport_introspection_c.h
[1.923s] -- Up-to-date symlink: /home/ik/aws_ws/install/dwb_msgs/include/dwb_msgs/msg/critic_score.hpp
[1.923s] -- Up-to-date symlink: /home/ik/aws_ws/install/dwb_msgs/include/dwb_msgs/msg/detail/critic_score__builder.hpp
[1.923s] -- Up-to-date symlink: /home/ik/aws_ws/install/dwb_msgs/include/dwb_msgs/msg/detail/critic_score__struct.hpp
[1.924s] -- Up-to-date symlink: /home/ik/aws_ws/install/dwb_msgs/include/dwb_msgs/msg/detail/critic_score__traits.hpp
[1.924s] -- Up-to-date symlink: /home/ik/aws_ws/install/dwb_msgs/include/dwb_msgs/msg/detail/local_plan_evaluation__builder.hpp
[1.924s] -- Up-to-date symlink: /home/ik/aws_ws/install/dwb_msgs/include/dwb_msgs/msg/detail/local_plan_evaluation__struct.hpp
[1.924s] -- Up-to-date symlink: /home/ik/aws_ws/install/dwb_msgs/include/dwb_msgs/msg/detail/local_plan_evaluation__traits.hpp
[1.924s] -- Up-to-date symlink: /home/ik/aws_ws/install/dwb_msgs/include/dwb_msgs/msg/detail/trajectory2_d__builder.hpp
[1.924s] -- Up-to-date symlink: /home/ik/aws_ws/install/dwb_msgs/include/dwb_msgs/msg/detail/trajectory2_d__struct.hpp
[1.924s] -- Up-to-date symlink: /home/ik/aws_ws/install/dwb_msgs/include/dwb_msgs/msg/detail/trajectory2_d__traits.hpp
[1.925s] -- Up-to-date symlink: /home/ik/aws_ws/install/dwb_msgs/include/dwb_msgs/msg/detail/trajectory_score__builder.hpp
[1.925s] -- Up-to-date symlink: /home/ik/aws_ws/install/dwb_msgs/include/dwb_msgs/msg/detail/trajectory_score__struct.hpp
[1.925s] -- Up-to-date symlink: /home/ik/aws_ws/install/dwb_msgs/include/dwb_msgs/msg/detail/trajectory_score__traits.hpp
[1.925s] -- Up-to-date symlink: /home/ik/aws_ws/install/dwb_msgs/include/dwb_msgs/msg/local_plan_evaluation.hpp
[1.925s] -- Up-to-date symlink: /home/ik/aws_ws/install/dwb_msgs/include/dwb_msgs/msg/trajectory2_d.hpp
[1.925s] -- Up-to-date symlink: /home/ik/aws_ws/install/dwb_msgs/include/dwb_msgs/msg/trajectory_score.hpp
[1.925s] -- Up-to-date symlink: /home/ik/aws_ws/install/dwb_msgs/include/dwb_msgs/srv/debug_local_plan.hpp
[1.926s] -- Up-to-date symlink: /home/ik/aws_ws/install/dwb_msgs/include/dwb_msgs/srv/detail/debug_local_plan__builder.hpp
[1.926s] -- Up-to-date symlink: /home/ik/aws_ws/install/dwb_msgs/include/dwb_msgs/srv/detail/debug_local_plan__struct.hpp
[1.926s] -- Up-to-date symlink: /home/ik/aws_ws/install/dwb_msgs/include/dwb_msgs/srv/detail/debug_local_plan__traits.hpp
[1.926s] -- Up-to-date symlink: /home/ik/aws_ws/install/dwb_msgs/include/dwb_msgs/srv/detail/generate_trajectory__builder.hpp
[1.926s] -- Up-to-date symlink: /home/ik/aws_ws/install/dwb_msgs/include/dwb_msgs/srv/detail/generate_trajectory__struct.hpp
[1.926s] -- Up-to-date symlink: /home/ik/aws_ws/install/dwb_msgs/include/dwb_msgs/srv/detail/generate_trajectory__traits.hpp
[1.926s] -- Up-to-date symlink: /home/ik/aws_ws/install/dwb_msgs/include/dwb_msgs/srv/detail/generate_twists__builder.hpp
[1.927s] -- Up-to-date symlink: /home/ik/aws_ws/install/dwb_msgs/include/dwb_msgs/srv/detail/generate_twists__struct.hpp
[1.927s] -- Up-to-date symlink: /home/ik/aws_ws/install/dwb_msgs/include/dwb_msgs/srv/detail/generate_twists__traits.hpp
[1.927s] -- Up-to-date symlink: /home/ik/aws_ws/install/dwb_msgs/include/dwb_msgs/srv/detail/get_critic_score__builder.hpp
[1.927s] -- Up-to-date symlink: /home/ik/aws_ws/install/dwb_msgs/include/dwb_msgs/srv/detail/get_critic_score__struct.hpp
[1.927s] -- Up-to-date symlink: /home/ik/aws_ws/install/dwb_msgs/include/dwb_msgs/srv/detail/get_critic_score__traits.hpp
[1.927s] -- Up-to-date symlink: /home/ik/aws_ws/install/dwb_msgs/include/dwb_msgs/srv/detail/score_trajectory__builder.hpp
[1.927s] -- Up-to-date symlink: /home/ik/aws_ws/install/dwb_msgs/include/dwb_msgs/srv/detail/score_trajectory__struct.hpp
[1.927s] -- Up-to-date symlink: /home/ik/aws_ws/install/dwb_msgs/include/dwb_msgs/srv/detail/score_trajectory__traits.hpp
[1.928s] -- Up-to-date symlink: /home/ik/aws_ws/install/dwb_msgs/include/dwb_msgs/srv/generate_trajectory.hpp
[1.928s] -- Up-to-date symlink: /home/ik/aws_ws/install/dwb_msgs/include/dwb_msgs/srv/generate_twists.hpp
[1.928s] -- Up-to-date symlink: /home/ik/aws_ws/install/dwb_msgs/include/dwb_msgs/srv/get_critic_score.hpp
[1.928s] -- Up-to-date symlink: /home/ik/aws_ws/install/dwb_msgs/include/dwb_msgs/srv/score_trajectory.hpp
[1.929s] -- Up-to-date symlink: /home/ik/aws_ws/install/dwb_msgs/include/dwb_msgs/msg/detail/critic_score__rosidl_typesupport_introspection_cpp.hpp
[1.929s] -- Up-to-date symlink: /home/ik/aws_ws/install/dwb_msgs/include/dwb_msgs/msg/detail/local_plan_evaluation__rosidl_typesupport_introspection_cpp.hpp
[1.929s] -- Up-to-date symlink: /home/ik/aws_ws/install/dwb_msgs/include/dwb_msgs/msg/detail/trajectory2_d__rosidl_typesupport_introspection_cpp.hpp
[1.929s] -- Up-to-date symlink: /home/ik/aws_ws/install/dwb_msgs/include/dwb_msgs/msg/detail/trajectory_score__rosidl_typesupport_introspection_cpp.hpp
[1.929s] -- Up-to-date symlink: /home/ik/aws_ws/install/dwb_msgs/include/dwb_msgs/srv/detail/debug_local_plan__rosidl_typesupport_introspection_cpp.hpp
[1.929s] -- Up-to-date symlink: /home/ik/aws_ws/install/dwb_msgs/include/dwb_msgs/srv/detail/generate_trajectory__rosidl_typesupport_introspection_cpp.hpp
[1.929s] -- Up-to-date symlink: /home/ik/aws_ws/install/dwb_msgs/include/dwb_msgs/srv/detail/generate_twists__rosidl_typesupport_introspection_cpp.hpp
[1.930s] -- Up-to-date symlink: /home/ik/aws_ws/install/dwb_msgs/include/dwb_msgs/srv/detail/get_critic_score__rosidl_typesupport_introspection_cpp.hpp
[1.930s] -- Up-to-date symlink: /home/ik/aws_ws/install/dwb_msgs/include/dwb_msgs/srv/detail/score_trajectory__rosidl_typesupport_introspection_cpp.hpp
[1.930s] -- Up-to-date symlink: /home/ik/aws_ws/install/dwb_msgs/share/dwb_msgs/environment/pythonpath.sh
[1.930s] -- Up-to-date symlink: /home/ik/aws_ws/install/dwb_msgs/share/dwb_msgs/environment/pythonpath.dsv
[1.930s] -- Up-to-date symlink: /home/ik/aws_ws/install/dwb_msgs/lib/python3.8/site-packages/dwb_msgs/__init__.py
[1.931s] -- Up-to-date symlink: /home/ik/aws_ws/install/dwb_msgs/lib/python3.8/site-packages/dwb_msgs/msg/__init__.py
[1.931s] -- Up-to-date symlink: /home/ik/aws_ws/install/dwb_msgs/lib/python3.8/site-packages/dwb_msgs/msg/_critic_score.py
[1.931s] -- Up-to-date symlink: /home/ik/aws_ws/install/dwb_msgs/lib/python3.8/site-packages/dwb_msgs/msg/_local_plan_evaluation.py
[1.931s] -- Up-to-date symlink: /home/ik/aws_ws/install/dwb_msgs/lib/python3.8/site-packages/dwb_msgs/msg/_trajectory2_d.py
[1.932s] -- Up-to-date symlink: /home/ik/aws_ws/install/dwb_msgs/lib/python3.8/site-packages/dwb_msgs/msg/_trajectory_score.py
[1.932s] -- Up-to-date symlink: /home/ik/aws_ws/install/dwb_msgs/lib/python3.8/site-packages/dwb_msgs/srv/__init__.py
[1.932s] -- Up-to-date symlink: /home/ik/aws_ws/install/dwb_msgs/lib/python3.8/site-packages/dwb_msgs/srv/_debug_local_plan.py
[1.933s] -- Up-to-date symlink: /home/ik/aws_ws/install/dwb_msgs/lib/python3.8/site-packages/dwb_msgs/srv/_generate_trajectory.py
[1.933s] -- Up-to-date symlink: /home/ik/aws_ws/install/dwb_msgs/lib/python3.8/site-packages/dwb_msgs/srv/_generate_twists.py
[1.933s] -- Up-to-date symlink: /home/ik/aws_ws/install/dwb_msgs/lib/python3.8/site-packages/dwb_msgs/srv/_get_critic_score.py
[1.933s] -- Up-to-date symlink: /home/ik/aws_ws/install/dwb_msgs/lib/python3.8/site-packages/dwb_msgs/srv/_score_trajectory.py
[1.934s] -- Up-to-date symlink: /home/ik/aws_ws/install/dwb_msgs/lib/python3.8/site-packages/dwb_msgs/dwb_msgs_s__rosidl_typesupport_fastrtps_c.cpython-38-x86_64-linux-gnu.so
[1.934s] -- Up-to-date symlink: /home/ik/aws_ws/install/dwb_msgs/lib/python3.8/site-packages/dwb_msgs/dwb_msgs_s__rosidl_typesupport_introspection_c.cpython-38-x86_64-linux-gnu.so
[1.934s] -- Up-to-date symlink: /home/ik/aws_ws/install/dwb_msgs/lib/python3.8/site-packages/dwb_msgs/dwb_msgs_s__rosidl_typesupport_c.cpython-38-x86_64-linux-gnu.so
[1.935s] -- Up-to-date symlink: /home/ik/aws_ws/install/dwb_msgs/lib/libdwb_msgs__python.so
[1.935s] -- Up-to-date symlink: /home/ik/aws_ws/install/dwb_msgs/share/dwb_msgs/msg/CriticScore.idl
[1.935s] -- Up-to-date symlink: /home/ik/aws_ws/install/dwb_msgs/share/dwb_msgs/msg/LocalPlanEvaluation.idl
[1.935s] -- Up-to-date symlink: /home/ik/aws_ws/install/dwb_msgs/share/dwb_msgs/msg/Trajectory2D.idl
[1.935s] -- Up-to-date symlink: /home/ik/aws_ws/install/dwb_msgs/share/dwb_msgs/msg/TrajectoryScore.idl
[1.936s] -- Up-to-date symlink: /home/ik/aws_ws/install/dwb_msgs/share/dwb_msgs/srv/DebugLocalPlan.idl
[1.936s] -- Up-to-date symlink: /home/ik/aws_ws/install/dwb_msgs/share/dwb_msgs/srv/GenerateTrajectory.idl
[1.936s] -- Up-to-date symlink: /home/ik/aws_ws/install/dwb_msgs/share/dwb_msgs/srv/GenerateTwists.idl
[1.936s] -- Up-to-date symlink: /home/ik/aws_ws/install/dwb_msgs/share/dwb_msgs/srv/GetCriticScore.idl
[1.936s] -- Up-to-date symlink: /home/ik/aws_ws/install/dwb_msgs/share/dwb_msgs/srv/ScoreTrajectory.idl
[1.937s] -- Up-to-date symlink: /home/ik/aws_ws/install/dwb_msgs/share/dwb_msgs/msg/CriticScore.msg
[1.937s] -- Up-to-date symlink: /home/ik/aws_ws/install/dwb_msgs/share/dwb_msgs/msg/LocalPlanEvaluation.msg
[1.937s] -- Up-to-date symlink: /home/ik/aws_ws/install/dwb_msgs/share/dwb_msgs/msg/Trajectory2D.msg
[1.937s] -- Up-to-date symlink: /home/ik/aws_ws/install/dwb_msgs/share/dwb_msgs/msg/TrajectoryScore.msg
[1.937s] -- Up-to-date symlink: /home/ik/aws_ws/install/dwb_msgs/share/dwb_msgs/srv/DebugLocalPlan.srv
[1.938s] -- Up-to-date symlink: /home/ik/aws_ws/install/dwb_msgs/share/dwb_msgs/srv/DebugLocalPlan_Request.msg
[1.938s] -- Up-to-date symlink: /home/ik/aws_ws/install/dwb_msgs/share/dwb_msgs/srv/DebugLocalPlan_Response.msg
[1.938s] -- Up-to-date symlink: /home/ik/aws_ws/install/dwb_msgs/share/dwb_msgs/srv/GenerateTrajectory.srv
[1.938s] -- Up-to-date symlink: /home/ik/aws_ws/install/dwb_msgs/share/dwb_msgs/srv/GenerateTrajectory_Request.msg
[1.938s] -- Up-to-date symlink: /home/ik/aws_ws/install/dwb_msgs/share/dwb_msgs/srv/GenerateTrajectory_Response.msg
[1.939s] -- Up-to-date symlink: /home/ik/aws_ws/install/dwb_msgs/share/dwb_msgs/srv/GenerateTwists.srv
[1.939s] -- Up-to-date symlink: /home/ik/aws_ws/install/dwb_msgs/share/dwb_msgs/srv/GenerateTwists_Request.msg
[1.939s] -- Up-to-date symlink: /home/ik/aws_ws/install/dwb_msgs/share/dwb_msgs/srv/GenerateTwists_Response.msg
[1.939s] -- Up-to-date symlink: /home/ik/aws_ws/install/dwb_msgs/share/dwb_msgs/srv/GetCriticScore.srv
[1.939s] -- Up-to-date symlink: /home/ik/aws_ws/install/dwb_msgs/share/dwb_msgs/srv/GetCriticScore_Request.msg
[1.939s] -- Up-to-date symlink: /home/ik/aws_ws/install/dwb_msgs/share/dwb_msgs/srv/GetCriticScore_Response.msg
[1.940s] -- Up-to-date symlink: /home/ik/aws_ws/install/dwb_msgs/share/dwb_msgs/srv/ScoreTrajectory.srv
[1.940s] -- Up-to-date symlink: /home/ik/aws_ws/install/dwb_msgs/share/dwb_msgs/srv/ScoreTrajectory_Request.msg
[1.940s] -- Up-to-date symlink: /home/ik/aws_ws/install/dwb_msgs/share/dwb_msgs/srv/ScoreTrajectory_Response.msg
[1.940s] -- Up-to-date symlink: /home/ik/aws_ws/install/dwb_msgs/share/ament_index/resource_index/package_run_dependencies/dwb_msgs
[1.941s] -- Up-to-date symlink: /home/ik/aws_ws/install/dwb_msgs/share/ament_index/resource_index/parent_prefix_path/dwb_msgs
[1.941s] -- Up-to-date symlink: /home/ik/aws_ws/install/dwb_msgs/share/dwb_msgs/environment/ament_prefix_path.sh
[1.941s] -- Up-to-date symlink: /home/ik/aws_ws/install/dwb_msgs/share/dwb_msgs/environment/ament_prefix_path.dsv
[1.941s] -- Up-to-date symlink: /home/ik/aws_ws/install/dwb_msgs/share/dwb_msgs/environment/path.sh
[1.941s] -- Up-to-date symlink: /home/ik/aws_ws/install/dwb_msgs/share/dwb_msgs/environment/path.dsv
[1.942s] -- Up-to-date symlink: /home/ik/aws_ws/install/dwb_msgs/share/dwb_msgs/local_setup.bash
[1.942s] -- Up-to-date symlink: /home/ik/aws_ws/install/dwb_msgs/share/dwb_msgs/local_setup.sh
[1.942s] -- Up-to-date symlink: /home/ik/aws_ws/install/dwb_msgs/share/dwb_msgs/local_setup.zsh
[1.942s] -- Up-to-date symlink: /home/ik/aws_ws/install/dwb_msgs/share/dwb_msgs/local_setup.dsv
[1.942s] -- Symlinking: /home/ik/aws_ws/install/dwb_msgs/share/dwb_msgs/package.dsv
[1.954s] -- Up-to-date symlink: /home/ik/aws_ws/install/dwb_msgs/share/ament_index/resource_index/packages/dwb_msgs
[1.955s] -- Up-to-date symlink: /home/ik/aws_ws/install/dwb_msgs/share/dwb_msgs/cmake/rosidl_cmake-extras.cmake
[1.955s] -- Up-to-date symlink: /home/ik/aws_ws/install/dwb_msgs/share/dwb_msgs/cmake/ament_cmake_export_dependencies-extras.cmake
[1.956s] -- Up-to-date symlink: /home/ik/aws_ws/install/dwb_msgs/share/dwb_msgs/cmake/ament_cmake_export_libraries-extras.cmake
[1.956s] -- Up-to-date symlink: /home/ik/aws_ws/install/dwb_msgs/share/dwb_msgs/cmake/ament_cmake_export_targets-extras.cmake
[1.957s] -- Up-to-date symlink: /home/ik/aws_ws/install/dwb_msgs/share/dwb_msgs/cmake/ament_cmake_export_include_directories-extras.cmake
[1.957s] -- Up-to-date symlink: /home/ik/aws_ws/install/dwb_msgs/share/dwb_msgs/cmake/rosidl_cmake_export_typesupport_libraries-extras.cmake
[1.958s] -- Up-to-date symlink: /home/ik/aws_ws/install/dwb_msgs/share/dwb_msgs/cmake/rosidl_cmake_export_typesupport_targets-extras.cmake
[1.958s] -- Up-to-date symlink: /home/ik/aws_ws/install/dwb_msgs/share/dwb_msgs/cmake/dwb_msgsConfig.cmake
[1.958s] -- Up-to-date symlink: /home/ik/aws_ws/install/dwb_msgs/share/dwb_msgs/cmake/dwb_msgsConfig-version.cmake
[1.959s] -- Up-to-date symlink: /home/ik/aws_ws/install/dwb_msgs/share/dwb_msgs/package.xml
[1.960s] -- Up-to-date: /home/ik/aws_ws/install/dwb_msgs/lib/libdwb_msgs__rosidl_generator_c.so
[1.961s] -- Up-to-date: /home/ik/aws_ws/install/dwb_msgs/lib/libdwb_msgs__rosidl_typesupport_introspection_c.so
[1.961s] -- Up-to-date: /home/ik/aws_ws/install/dwb_msgs/lib/libdwb_msgs__rosidl_typesupport_c.so
[1.962s] -- Up-to-date: /home/ik/aws_ws/install/dwb_msgs/lib/libdwb_msgs__rosidl_typesupport_introspection_cpp.so
[1.963s] -- Up-to-date: /home/ik/aws_ws/install/dwb_msgs/lib/libdwb_msgs__rosidl_typesupport_cpp.so
[1.991s] Compiling '/home/ik/aws_ws/install/dwb_msgs/lib/python3.8/site-packages/dwb_msgs/__init__.py'...
[1.995s] -- Up-to-date: /home/ik/aws_ws/install/dwb_msgs/share/dwb_msgs/cmake/dwb_msgs__rosidl_generator_cExport.cmake
[1.995s] -- Installing: /home/ik/aws_ws/install/dwb_msgs/share/dwb_msgs/cmake/dwb_msgs__rosidl_generator_cExport-noconfig.cmake
[1.995s] -- Up-to-date: /home/ik/aws_ws/install/dwb_msgs/share/dwb_msgs/cmake/dwb_msgs__rosidl_typesupport_introspection_cExport.cmake
[1.995s] -- Installing: /home/ik/aws_ws/install/dwb_msgs/share/dwb_msgs/cmake/dwb_msgs__rosidl_typesupport_introspection_cExport-noconfig.cmake
[1.996s] -- Up-to-date: /home/ik/aws_ws/install/dwb_msgs/share/dwb_msgs/cmake/dwb_msgs__rosidl_typesupport_cExport.cmake
[1.996s] -- Installing: /home/ik/aws_ws/install/dwb_msgs/share/dwb_msgs/cmake/dwb_msgs__rosidl_typesupport_cExport-noconfig.cmake
[1.997s] -- Up-to-date: /home/ik/aws_ws/install/dwb_msgs/share/dwb_msgs/cmake/dwb_msgs__rosidl_generator_cppExport.cmake
[1.997s] -- Up-to-date: /home/ik/aws_ws/install/dwb_msgs/share/dwb_msgs/cmake/dwb_msgs__rosidl_typesupport_introspection_cppExport.cmake
[1.997s] -- Installing: /home/ik/aws_ws/install/dwb_msgs/share/dwb_msgs/cmake/dwb_msgs__rosidl_typesupport_introspection_cppExport-noconfig.cmake
[1.998s] -- Up-to-date: /home/ik/aws_ws/install/dwb_msgs/share/dwb_msgs/cmake/dwb_msgs__rosidl_typesupport_cppExport.cmake
[1.998s] -- Installing: /home/ik/aws_ws/install/dwb_msgs/share/dwb_msgs/cmake/dwb_msgs__rosidl_typesupport_cppExport-noconfig.cmake
[2.004s] Invoked command in '/home/ik/aws_ws/build/dwb_msgs' returned '0': AMENT_PREFIX_PATH=/home/ik/aws_ws/install/nav_2d_msgs:${AMENT_PREFIX_PATH} CMAKE_PREFIX_PATH=/home/ik/aws_ws/install/nav_2d_msgs:/opt/ros/foxy LD_LIBRARY_PATH=/home/ik/aws_ws/install/nav_2d_msgs/lib:${LD_LIBRARY_PATH} PYTHONPATH=/home/ik/aws_ws/install/nav_2d_msgs/lib/python3.8/site-packages:${PYTHONPATH} /usr/bin/cmake --install /home/ik/aws_ws/build/dwb_msgs
