[0.062s] Invoking command in '/home/ik/aws_ws/build/basic_mobile_robot': CMAKE_PREFIX_PATH=/opt/ros/foxy /usr/bin/cmake --build /home/ik/aws_ws/build/basic_mobile_robot -- -j8 -l8
[0.094s] -- Found ament_cmake: 0.9.11 (/opt/ros/foxy/share/ament_cmake/cmake)
[0.117s] -- Using PYTHON_EXECUTABLE: /usr/bin/python3
[0.274s] -- Found ament_lint_auto: 0.9.8 (/opt/ros/foxy/share/ament_lint_auto/cmake)
[0.357s] -- Added test 'copyright' to check source files copyright and LICENSE
[0.364s] -- Added test 'flake8' to check Python code syntax and style conventions
[0.364s] -- Added test 'lint_cmake' to check CMake code style
[0.364s] -- Added test 'pep257' to check Python code against some of the style conventions in PEP 257
[0.364s] -- Added test 'xmllint' to check XML markup files
[0.365s] -- Configuring done
[0.371s] -- Generating done
[0.371s] -- Build files have been written to: /home/ik/aws_ws/build/basic_mobile_robot
[0.432s] Invoked command in '/home/ik/aws_ws/build/basic_mobile_robot' returned '0': CMAKE_PREFIX_PATH=/opt/ros/foxy /usr/bin/cmake --build /home/ik/aws_ws/build/basic_mobile_robot -- -j8 -l8
[0.501s] Invoking command in '/home/ik/aws_ws/build/basic_mobile_robot': CMAKE_PREFIX_PATH=/opt/ros/foxy /usr/bin/cmake --install /home/ik/aws_ws/build/basic_mobile_robot
[0.553s] -- Install configuration: ""
[0.553s] -- Installing: /home/ik/aws_ws/install/basic_mobile_robot/share/basic_mobile_robot/config
[0.553s] -- Installing: /home/ik/aws_ws/install/basic_mobile_robot/share/basic_mobile_robot/launch
[0.553s] -- Installing: /home/ik/aws_ws/install/basic_mobile_robot/share/basic_mobile_robot/launch/basic_mobile_bot_v1.launch.py
[0.553s] -- Installing: /home/ik/aws_ws/install/basic_mobile_robot/share/basic_mobile_robot/maps
[0.553s] -- Installing: /home/ik/aws_ws/install/basic_mobile_robot/share/basic_mobile_robot/meshes
[0.554s] -- Installing: /home/ik/aws_ws/install/basic_mobile_robot/share/basic_mobile_robot/meshes/wrist.stl
[0.554s] -- Installing: /home/ik/aws_ws/install/basic_mobile_robot/share/basic_mobile_robot/meshes/bicep.stl
[0.554s] -- Installing: /home/ik/aws_ws/install/basic_mobile_robot/share/basic_mobile_robot/meshes/arm_base.stl
[0.554s] -- Installing: /home/ik/aws_ws/install/basic_mobile_robot/share/basic_mobile_robot/meshes/robot_base.stl
[0.554s] -- Installing: /home/ik/aws_ws/install/basic_mobile_robot/share/basic_mobile_robot/meshes/elbow.stl
[0.554s] -- Installing: /home/ik/aws_ws/install/basic_mobile_robot/share/basic_mobile_robot/meshes/wheel.stl
[0.554s] -- Installing: /home/ik/aws_ws/install/basic_mobile_robot/share/basic_mobile_robot/models
[0.554s] -- Installing: /home/ik/aws_ws/install/basic_mobile_robot/share/basic_mobile_robot/models/basic_mobile_bot_v1.urdf
[0.554s] -- Installing: /home/ik/aws_ws/install/basic_mobile_robot/share/basic_mobile_robot/params
[0.555s] -- Installing: /home/ik/aws_ws/install/basic_mobile_robot/share/basic_mobile_robot/rviz
[0.555s] -- Installing: /home/ik/aws_ws/install/basic_mobile_robot/share/basic_mobile_robot/rviz/urdf_config.rviz
[0.555s] -- Installing: /home/ik/aws_ws/install/basic_mobile_robot/share/basic_mobile_robot/src
[0.555s] -- Installing: /home/ik/aws_ws/install/basic_mobile_robot/share/basic_mobile_robot/worlds
[0.555s] -- Installing: /home/ik/aws_ws/install/basic_mobile_robot/share/ament_index/resource_index/package_run_dependencies/basic_mobile_robot
[0.555s] -- Up-to-date: /home/ik/aws_ws/install/basic_mobile_robot/share/ament_index/resource_index/parent_prefix_path/basic_mobile_robot
[0.555s] -- Up-to-date: /home/ik/aws_ws/install/basic_mobile_robot/share/basic_mobile_robot/environment/ament_prefix_path.sh
[0.555s] -- Installing: /home/ik/aws_ws/install/basic_mobile_robot/share/basic_mobile_robot/environment/ament_prefix_path.dsv
[0.556s] -- Up-to-date: /home/ik/aws_ws/install/basic_mobile_robot/share/basic_mobile_robot/environment/path.sh
[0.556s] -- Installing: /home/ik/aws_ws/install/basic_mobile_robot/share/basic_mobile_robot/environment/path.dsv
[0.556s] -- Up-to-date: /home/ik/aws_ws/install/basic_mobile_robot/share/basic_mobile_robot/local_setup.bash
[0.556s] -- Up-to-date: /home/ik/aws_ws/install/basic_mobile_robot/share/basic_mobile_robot/local_setup.sh
[0.556s] -- Up-to-date: /home/ik/aws_ws/install/basic_mobile_robot/share/basic_mobile_robot/local_setup.zsh
[0.556s] -- Installing: /home/ik/aws_ws/install/basic_mobile_robot/share/basic_mobile_robot/local_setup.dsv
[0.556s] -- Installing: /home/ik/aws_ws/install/basic_mobile_robot/share/basic_mobile_robot/package.dsv
[0.556s] -- Up-to-date: /home/ik/aws_ws/install/basic_mobile_robot/share/ament_index/resource_index/packages/basic_mobile_robot
[0.557s] -- Up-to-date: /home/ik/aws_ws/install/basic_mobile_robot/share/basic_mobile_robot/cmake/basic_mobile_robotConfig.cmake
[0.557s] -- Up-to-date: /home/ik/aws_ws/install/basic_mobile_robot/share/basic_mobile_robot/cmake/basic_mobile_robotConfig-version.cmake
[0.557s] -- Installing: /home/ik/aws_ws/install/basic_mobile_robot/share/basic_mobile_robot/package.xml
[0.582s] Invoked command in '/home/ik/aws_ws/build/basic_mobile_robot' returned '0': CMAKE_PREFIX_PATH=/opt/ros/foxy /usr/bin/cmake --install /home/ik/aws_ws/build/basic_mobile_robot
