[0.032s] Invoking command in '/home/ik/aws_ws/build/nav2_core': AMENT_PREFIX_PATH=/home/ik/aws_ws/install/nav2_costmap_2d:/home/ik/aws_ws/install/nav2_util:/home/ik/aws_ws/install/nav2_voxel_grid:/home/ik/aws_ws/install/nav2_msgs:/home/ik/aws_ws/install/nav2_common:${AMENT_PREFIX_PATH} CMAKE_PREFIX_PATH=/home/ik/aws_ws/install/nav2_costmap_2d:/home/ik/aws_ws/install/nav2_util:/home/ik/aws_ws/install/nav2_voxel_grid:/home/ik/aws_ws/install/nav2_msgs:/home/ik/aws_ws/install/nav2_common:/opt/ros/foxy LD_LIBRARY_PATH=/home/ik/aws_ws/install/nav2_costmap_2d/lib:/home/ik/aws_ws/install/nav2_util/lib:/home/ik/aws_ws/install/nav2_voxel_grid/lib:/home/ik/aws_ws/install/nav2_msgs/lib:${LD_LIBRARY_PATH} PYTHONPATH=/home/ik/aws_ws/install/nav2_msgs/lib/python3.8/site-packages:/home/ik/aws_ws/install/nav2_common/lib/python3.8/site-packages:${PYTHONPATH} /usr/bin/cmake --build /home/ik/aws_ws/build/nav2_core -- -j8 -l8
[0.068s] -- Found ament_cmake: 0.9.11 (/opt/ros/foxy/share/ament_cmake/cmake)
[0.096s] -- Using PYTHON_EXECUTABLE: /usr/bin/python3
[0.246s] -- Override CMake install command with custom implementation using symlinks instead of copying resources
[0.260s] -- Found nav2_common: 0.4.7 (/home/ik/aws_ws/install/nav2_common/share/nav2_common/cmake)
[0.260s] -- Found rclcpp: 2.4.2 (/opt/ros/foxy/share/rclcpp/cmake)
[0.289s] -- Using all available rosidl_typesupport_c: rosidl_typesupport_fastrtps_c;rosidl_typesupport_introspection_c
[0.292s] -- Found rosidl_adapter: 1.3.0 (/opt/ros/foxy/share/rosidl_adapter/cmake)
[0.423s] -- Using all available rosidl_typesupport_cpp: rosidl_typesupport_fastrtps_cpp;rosidl_typesupport_introspection_cpp
[0.470s] -- Found rmw_implementation_cmake: 1.0.4 (/opt/ros/foxy/share/rmw_implementation_cmake/cmake)
[0.471s] -- Using RMW implementation 'rmw_fastrtps_cpp' as default
[0.613s] -- Found rclcpp_lifecycle: 2.4.2 (/opt/ros/foxy/share/rclcpp_lifecycle/cmake)
[0.640s] -- Found geometry_msgs: 2.0.5 (/opt/ros/foxy/share/geometry_msgs/cmake)
[0.673s] -- Found nav2_costmap_2d: 0.4.7 (/home/ik/aws_ws/install/nav2_costmap_2d/share/nav2_costmap_2d/cmake)
[2.172s] -- Found ament_lint_auto: 0.9.8 (/opt/ros/foxy/share/ament_lint_auto/cmake)
[2.270s] -- Added test 'cppcheck' to perform static code analysis on C / C++ code
[2.270s] -- Configured cppcheck include dirs: 
[2.270s] -- Configured cppcheck exclude dirs and/or files: 
[2.270s] -- Added test 'cpplint' to check C / C++ code against the Google style
[2.270s] -- Configured cpplint exclude dirs and/or files: 
[2.271s] -- Added test 'lint_cmake' to check CMake code style
[2.271s] -- Added test 'uncrustify' to check C / C++ code style
[2.272s] -- Configured uncrustify additional arguments: 
[2.272s] -- Added test 'xmllint' to check XML markup files
[2.276s] -- Configuring done
[2.279s] -- Generating done
[2.281s] -- Build files have been written to: /home/ik/aws_ws/build/nav2_core
[2.308s] Invoked command in '/home/ik/aws_ws/build/nav2_core' returned '0': AMENT_PREFIX_PATH=/home/ik/aws_ws/install/nav2_costmap_2d:/home/ik/aws_ws/install/nav2_util:/home/ik/aws_ws/install/nav2_voxel_grid:/home/ik/aws_ws/install/nav2_msgs:/home/ik/aws_ws/install/nav2_common:${AMENT_PREFIX_PATH} CMAKE_PREFIX_PATH=/home/ik/aws_ws/install/nav2_costmap_2d:/home/ik/aws_ws/install/nav2_util:/home/ik/aws_ws/install/nav2_voxel_grid:/home/ik/aws_ws/install/nav2_msgs:/home/ik/aws_ws/install/nav2_common:/opt/ros/foxy LD_LIBRARY_PATH=/home/ik/aws_ws/install/nav2_costmap_2d/lib:/home/ik/aws_ws/install/nav2_util/lib:/home/ik/aws_ws/install/nav2_voxel_grid/lib:/home/ik/aws_ws/install/nav2_msgs/lib:${LD_LIBRARY_PATH} PYTHONPATH=/home/ik/aws_ws/install/nav2_msgs/lib/python3.8/site-packages:/home/ik/aws_ws/install/nav2_common/lib/python3.8/site-packages:${PYTHONPATH} /usr/bin/cmake --build /home/ik/aws_ws/build/nav2_core -- -j8 -l8
[2.346s] Invoking command in '/home/ik/aws_ws/build/nav2_core': AMENT_PREFIX_PATH=/home/ik/aws_ws/install/nav2_costmap_2d:/home/ik/aws_ws/install/nav2_util:/home/ik/aws_ws/install/nav2_voxel_grid:/home/ik/aws_ws/install/nav2_msgs:/home/ik/aws_ws/install/nav2_common:${AMENT_PREFIX_PATH} CMAKE_PREFIX_PATH=/home/ik/aws_ws/install/nav2_costmap_2d:/home/ik/aws_ws/install/nav2_util:/home/ik/aws_ws/install/nav2_voxel_grid:/home/ik/aws_ws/install/nav2_msgs:/home/ik/aws_ws/install/nav2_common:/opt/ros/foxy LD_LIBRARY_PATH=/home/ik/aws_ws/install/nav2_costmap_2d/lib:/home/ik/aws_ws/install/nav2_util/lib:/home/ik/aws_ws/install/nav2_voxel_grid/lib:/home/ik/aws_ws/install/nav2_msgs/lib:${LD_LIBRARY_PATH} PYTHONPATH=/home/ik/aws_ws/install/nav2_msgs/lib/python3.8/site-packages:/home/ik/aws_ws/install/nav2_common/lib/python3.8/site-packages:${PYTHONPATH} /usr/bin/cmake --install /home/ik/aws_ws/build/nav2_core
[2.359s] -- Install configuration: "Release"
[2.360s] -- Execute custom install script
[2.360s] -- Up-to-date symlink: /home/ik/aws_ws/install/nav2_core/include//nav2_core/controller.hpp
[2.360s] -- Up-to-date symlink: /home/ik/aws_ws/install/nav2_core/include//nav2_core/exceptions.hpp
[2.361s] -- Up-to-date symlink: /home/ik/aws_ws/install/nav2_core/include//nav2_core/global_planner.hpp
[2.361s] -- Up-to-date symlink: /home/ik/aws_ws/install/nav2_core/include//nav2_core/goal_checker.hpp
[2.361s] -- Up-to-date symlink: /home/ik/aws_ws/install/nav2_core/include//nav2_core/progress_checker.hpp
[2.361s] -- Up-to-date symlink: /home/ik/aws_ws/install/nav2_core/include//nav2_core/recovery.hpp
[2.361s] -- Up-to-date symlink: /home/ik/aws_ws/install/nav2_core/share/ament_index/resource_index/package_run_dependencies/nav2_core
[2.361s] -- Up-to-date symlink: /home/ik/aws_ws/install/nav2_core/share/ament_index/resource_index/parent_prefix_path/nav2_core
[2.361s] -- Up-to-date symlink: /home/ik/aws_ws/install/nav2_core/share/nav2_core/environment/ament_prefix_path.sh
[2.362s] -- Up-to-date symlink: /home/ik/aws_ws/install/nav2_core/share/nav2_core/environment/ament_prefix_path.dsv
[2.362s] -- Up-to-date symlink: /home/ik/aws_ws/install/nav2_core/share/nav2_core/environment/path.sh
[2.362s] -- Up-to-date symlink: /home/ik/aws_ws/install/nav2_core/share/nav2_core/environment/path.dsv
[2.362s] -- Up-to-date symlink: /home/ik/aws_ws/install/nav2_core/share/nav2_core/local_setup.bash
[2.363s] -- Up-to-date symlink: /home/ik/aws_ws/install/nav2_core/share/nav2_core/local_setup.sh
[2.363s] -- Up-to-date symlink: /home/ik/aws_ws/install/nav2_core/share/nav2_core/local_setup.zsh
[2.363s] -- Up-to-date symlink: /home/ik/aws_ws/install/nav2_core/share/nav2_core/local_setup.dsv
[2.363s] -- Symlinking: /home/ik/aws_ws/install/nav2_core/share/nav2_core/package.dsv
[2.379s] -- Up-to-date symlink: /home/ik/aws_ws/install/nav2_core/share/ament_index/resource_index/packages/nav2_core
[2.380s] -- Up-to-date symlink: /home/ik/aws_ws/install/nav2_core/share/nav2_core/cmake/ament_cmake_export_include_directories-extras.cmake
[2.380s] -- Up-to-date symlink: /home/ik/aws_ws/install/nav2_core/share/nav2_core/cmake/ament_cmake_export_dependencies-extras.cmake
[2.380s] -- Up-to-date symlink: /home/ik/aws_ws/install/nav2_core/share/nav2_core/cmake/nav2_coreConfig.cmake
[2.381s] -- Up-to-date symlink: /home/ik/aws_ws/install/nav2_core/share/nav2_core/cmake/nav2_coreConfig-version.cmake
[2.381s] -- Up-to-date symlink: /home/ik/aws_ws/install/nav2_core/share/nav2_core/package.xml
[2.388s] Invoked command in '/home/ik/aws_ws/build/nav2_core' returned '0': AMENT_PREFIX_PATH=/home/ik/aws_ws/install/nav2_costmap_2d:/home/ik/aws_ws/install/nav2_util:/home/ik/aws_ws/install/nav2_voxel_grid:/home/ik/aws_ws/install/nav2_msgs:/home/ik/aws_ws/install/nav2_common:${AMENT_PREFIX_PATH} CMAKE_PREFIX_PATH=/home/ik/aws_ws/install/nav2_costmap_2d:/home/ik/aws_ws/install/nav2_util:/home/ik/aws_ws/install/nav2_voxel_grid:/home/ik/aws_ws/install/nav2_msgs:/home/ik/aws_ws/install/nav2_common:/opt/ros/foxy LD_LIBRARY_PATH=/home/ik/aws_ws/install/nav2_costmap_2d/lib:/home/ik/aws_ws/install/nav2_util/lib:/home/ik/aws_ws/install/nav2_voxel_grid/lib:/home/ik/aws_ws/install/nav2_msgs/lib:${LD_LIBRARY_PATH} PYTHONPATH=/home/ik/aws_ws/install/nav2_msgs/lib/python3.8/site-packages:/home/ik/aws_ws/install/nav2_common/lib/python3.8/site-packages:${PYTHONPATH} /usr/bin/cmake --install /home/ik/aws_ws/build/nav2_core
