[0.081s] Invoking command in '/home/ik/aws_ws/build/dwb_core': AMENT_PREFIX_PATH=/home/ik/aws_ws/install/nav2_core:/home/ik/aws_ws/install/nav2_costmap_2d:/home/ik/aws_ws/install/nav_2d_utils:/home/ik/aws_ws/install/nav2_util:/home/ik/aws_ws/install/nav2_voxel_grid:/home/ik/aws_ws/install/nav2_msgs:/home/ik/aws_ws/install/dwb_msgs:/home/ik/aws_ws/install/nav_2d_msgs:/home/ik/aws_ws/install/nav2_common:${AMENT_PREFIX_PATH} CMAKE_PREFIX_PATH=/home/ik/aws_ws/install/nav2_core:/home/ik/aws_ws/install/nav2_costmap_2d:/home/ik/aws_ws/install/nav_2d_utils:/home/ik/aws_ws/install/nav2_util:/home/ik/aws_ws/install/nav2_voxel_grid:/home/ik/aws_ws/install/nav2_msgs:/home/ik/aws_ws/install/dwb_msgs:/home/ik/aws_ws/install/nav_2d_msgs:/home/ik/aws_ws/install/nav2_common:/opt/ros/foxy LD_LIBRARY_PATH=/home/ik/aws_ws/install/nav2_costmap_2d/lib:/home/ik/aws_ws/install/nav_2d_utils/lib:/home/ik/aws_ws/install/nav2_util/lib:/home/ik/aws_ws/install/nav2_voxel_grid/lib:/home/ik/aws_ws/install/nav2_msgs/lib:/home/ik/aws_ws/install/dwb_msgs/lib:/home/ik/aws_ws/install/nav_2d_msgs/lib:${LD_LIBRARY_PATH} PYTHONPATH=/home/ik/aws_ws/install/nav2_msgs/lib/python3.8/site-packages:/home/ik/aws_ws/install/dwb_msgs/lib/python3.8/site-packages:/home/ik/aws_ws/install/nav_2d_msgs/lib/python3.8/site-packages:/home/ik/aws_ws/install/nav2_common/lib/python3.8/site-packages:${PYTHONPATH} /usr/bin/cmake --build /home/ik/aws_ws/build/dwb_core -- -j8 -l8
[0.184s] [ 18%] Built target gtest
[0.221s] [ 81%] Built target dwb_core
[0.222s] [ 54%] Built target gtest_main
[0.293s] [100%] Built target utils_test
[0.318s] Invoked command in '/home/ik/aws_ws/build/dwb_core' returned '0': AMENT_PREFIX_PATH=/home/ik/aws_ws/install/nav2_core:/home/ik/aws_ws/install/nav2_costmap_2d:/home/ik/aws_ws/install/nav_2d_utils:/home/ik/aws_ws/install/nav2_util:/home/ik/aws_ws/install/nav2_voxel_grid:/home/ik/aws_ws/install/nav2_msgs:/home/ik/aws_ws/install/dwb_msgs:/home/ik/aws_ws/install/nav_2d_msgs:/home/ik/aws_ws/install/nav2_common:${AMENT_PREFIX_PATH} CMAKE_PREFIX_PATH=/home/ik/aws_ws/install/nav2_core:/home/ik/aws_ws/install/nav2_costmap_2d:/home/ik/aws_ws/install/nav_2d_utils:/home/ik/aws_ws/install/nav2_util:/home/ik/aws_ws/install/nav2_voxel_grid:/home/ik/aws_ws/install/nav2_msgs:/home/ik/aws_ws/install/dwb_msgs:/home/ik/aws_ws/install/nav_2d_msgs:/home/ik/aws_ws/install/nav2_common:/opt/ros/foxy LD_LIBRARY_PATH=/home/ik/aws_ws/install/nav2_costmap_2d/lib:/home/ik/aws_ws/install/nav_2d_utils/lib:/home/ik/aws_ws/install/nav2_util/lib:/home/ik/aws_ws/install/nav2_voxel_grid/lib:/home/ik/aws_ws/install/nav2_msgs/lib:/home/ik/aws_ws/install/dwb_msgs/lib:/home/ik/aws_ws/install/nav_2d_msgs/lib:${LD_LIBRARY_PATH} PYTHONPATH=/home/ik/aws_ws/install/nav2_msgs/lib/python3.8/site-packages:/home/ik/aws_ws/install/dwb_msgs/lib/python3.8/site-packages:/home/ik/aws_ws/install/nav_2d_msgs/lib/python3.8/site-packages:/home/ik/aws_ws/install/nav2_common/lib/python3.8/site-packages:${PYTHONPATH} /usr/bin/cmake --build /home/ik/aws_ws/build/dwb_core -- -j8 -l8
[0.377s] Invoking command in '/home/ik/aws_ws/build/dwb_core': AMENT_PREFIX_PATH=/home/ik/aws_ws/install/nav2_core:/home/ik/aws_ws/install/nav2_costmap_2d:/home/ik/aws_ws/install/nav_2d_utils:/home/ik/aws_ws/install/nav2_util:/home/ik/aws_ws/install/nav2_voxel_grid:/home/ik/aws_ws/install/nav2_msgs:/home/ik/aws_ws/install/dwb_msgs:/home/ik/aws_ws/install/nav_2d_msgs:/home/ik/aws_ws/install/nav2_common:${AMENT_PREFIX_PATH} CMAKE_PREFIX_PATH=/home/ik/aws_ws/install/nav2_core:/home/ik/aws_ws/install/nav2_costmap_2d:/home/ik/aws_ws/install/nav_2d_utils:/home/ik/aws_ws/install/nav2_util:/home/ik/aws_ws/install/nav2_voxel_grid:/home/ik/aws_ws/install/nav2_msgs:/home/ik/aws_ws/install/dwb_msgs:/home/ik/aws_ws/install/nav_2d_msgs:/home/ik/aws_ws/install/nav2_common:/opt/ros/foxy LD_LIBRARY_PATH=/home/ik/aws_ws/install/nav2_costmap_2d/lib:/home/ik/aws_ws/install/nav_2d_utils/lib:/home/ik/aws_ws/install/nav2_util/lib:/home/ik/aws_ws/install/nav2_voxel_grid/lib:/home/ik/aws_ws/install/nav2_msgs/lib:/home/ik/aws_ws/install/dwb_msgs/lib:/home/ik/aws_ws/install/nav_2d_msgs/lib:${LD_LIBRARY_PATH} PYTHONPATH=/home/ik/aws_ws/install/nav2_msgs/lib/python3.8/site-packages:/home/ik/aws_ws/install/dwb_msgs/lib/python3.8/site-packages:/home/ik/aws_ws/install/nav_2d_msgs/lib/python3.8/site-packages:/home/ik/aws_ws/install/nav2_common/lib/python3.8/site-packages:${PYTHONPATH} /usr/bin/cmake --install /home/ik/aws_ws/build/dwb_core
[0.392s] -- Install configuration: "Release"
[0.393s] -- Execute custom install script
[0.400s] -- Up-to-date symlink: /home/ik/aws_ws/install/dwb_core/lib/libdwb_core.so
[0.405s] -- Up-to-date symlink: /home/ik/aws_ws/install/dwb_core/include//dwb_core/dwb_local_planner.hpp
[0.405s] -- Up-to-date symlink: /home/ik/aws_ws/install/dwb_core/include//dwb_core/exceptions.hpp
[0.405s] -- Up-to-date symlink: /home/ik/aws_ws/install/dwb_core/include//dwb_core/illegal_trajectory_tracker.hpp
[0.405s] -- Up-to-date symlink: /home/ik/aws_ws/install/dwb_core/include//dwb_core/publisher.hpp
[0.405s] -- Up-to-date symlink: /home/ik/aws_ws/install/dwb_core/include//dwb_core/trajectory_critic.hpp
[0.406s] -- Up-to-date symlink: /home/ik/aws_ws/install/dwb_core/include//dwb_core/trajectory_generator.hpp
[0.406s] -- Up-to-date symlink: /home/ik/aws_ws/install/dwb_core/include//dwb_core/trajectory_utils.hpp
[0.406s] -- Up-to-date symlink: /home/ik/aws_ws/install/dwb_core/share/dwb_core/environment/library_path.sh
[0.406s] -- Up-to-date symlink: /home/ik/aws_ws/install/dwb_core/share/dwb_core/environment/library_path.dsv
[0.406s] -- Up-to-date symlink: /home/ik/aws_ws/install/dwb_core/share/dwb_core//local_planner_plugin.xml
[0.407s] -- Up-to-date symlink: /home/ik/aws_ws/install/dwb_core/share/ament_index/resource_index/package_run_dependencies/dwb_core
[0.407s] -- Up-to-date symlink: /home/ik/aws_ws/install/dwb_core/share/ament_index/resource_index/parent_prefix_path/dwb_core
[0.407s] -- Up-to-date symlink: /home/ik/aws_ws/install/dwb_core/share/dwb_core/environment/ament_prefix_path.sh
[0.407s] -- Up-to-date symlink: /home/ik/aws_ws/install/dwb_core/share/dwb_core/environment/ament_prefix_path.dsv
[0.408s] -- Up-to-date symlink: /home/ik/aws_ws/install/dwb_core/share/dwb_core/environment/path.sh
[0.408s] -- Up-to-date symlink: /home/ik/aws_ws/install/dwb_core/share/dwb_core/environment/path.dsv
[0.408s] -- Up-to-date symlink: /home/ik/aws_ws/install/dwb_core/share/dwb_core/local_setup.bash
[0.408s] -- Up-to-date symlink: /home/ik/aws_ws/install/dwb_core/share/dwb_core/local_setup.sh
[0.408s] -- Up-to-date symlink: /home/ik/aws_ws/install/dwb_core/share/dwb_core/local_setup.zsh
[0.409s] -- Up-to-date symlink: /home/ik/aws_ws/install/dwb_core/share/dwb_core/local_setup.dsv
[0.409s] -- Symlinking: /home/ik/aws_ws/install/dwb_core/share/dwb_core/package.dsv
[0.427s] -- Up-to-date symlink: /home/ik/aws_ws/install/dwb_core/share/ament_index/resource_index/packages/dwb_core
[0.427s] -- Up-to-date symlink: /home/ik/aws_ws/install/dwb_core/share/ament_index/resource_index/nav2_core__pluginlib__plugin/dwb_core
[0.427s] -- Up-to-date symlink: /home/ik/aws_ws/install/dwb_core/share/dwb_core/cmake/ament_cmake_export_include_directories-extras.cmake
[0.428s] -- Up-to-date symlink: /home/ik/aws_ws/install/dwb_core/share/dwb_core/cmake/ament_cmake_export_libraries-extras.cmake
[0.428s] -- Up-to-date symlink: /home/ik/aws_ws/install/dwb_core/share/dwb_core/cmake/ament_cmake_export_dependencies-extras.cmake
[0.428s] -- Up-to-date symlink: /home/ik/aws_ws/install/dwb_core/share/dwb_core/cmake/ament_cmake_export_definitions-extras.cmake
[0.428s] -- Up-to-date symlink: /home/ik/aws_ws/install/dwb_core/share/dwb_core/cmake/dwb_coreConfig.cmake
[0.428s] -- Up-to-date symlink: /home/ik/aws_ws/install/dwb_core/share/dwb_core/cmake/dwb_coreConfig-version.cmake
[0.428s] -- Up-to-date symlink: /home/ik/aws_ws/install/dwb_core/share/dwb_core/package.xml
[0.449s] Invoked command in '/home/ik/aws_ws/build/dwb_core' returned '0': AMENT_PREFIX_PATH=/home/ik/aws_ws/install/nav2_core:/home/ik/aws_ws/install/nav2_costmap_2d:/home/ik/aws_ws/install/nav_2d_utils:/home/ik/aws_ws/install/nav2_util:/home/ik/aws_ws/install/nav2_voxel_grid:/home/ik/aws_ws/install/nav2_msgs:/home/ik/aws_ws/install/dwb_msgs:/home/ik/aws_ws/install/nav_2d_msgs:/home/ik/aws_ws/install/nav2_common:${AMENT_PREFIX_PATH} CMAKE_PREFIX_PATH=/home/ik/aws_ws/install/nav2_core:/home/ik/aws_ws/install/nav2_costmap_2d:/home/ik/aws_ws/install/nav_2d_utils:/home/ik/aws_ws/install/nav2_util:/home/ik/aws_ws/install/nav2_voxel_grid:/home/ik/aws_ws/install/nav2_msgs:/home/ik/aws_ws/install/dwb_msgs:/home/ik/aws_ws/install/nav_2d_msgs:/home/ik/aws_ws/install/nav2_common:/opt/ros/foxy LD_LIBRARY_PATH=/home/ik/aws_ws/install/nav2_costmap_2d/lib:/home/ik/aws_ws/install/nav_2d_utils/lib:/home/ik/aws_ws/install/nav2_util/lib:/home/ik/aws_ws/install/nav2_voxel_grid/lib:/home/ik/aws_ws/install/nav2_msgs/lib:/home/ik/aws_ws/install/dwb_msgs/lib:/home/ik/aws_ws/install/nav_2d_msgs/lib:${LD_LIBRARY_PATH} PYTHONPATH=/home/ik/aws_ws/install/nav2_msgs/lib/python3.8/site-packages:/home/ik/aws_ws/install/dwb_msgs/lib/python3.8/site-packages:/home/ik/aws_ws/install/nav_2d_msgs/lib/python3.8/site-packages:/home/ik/aws_ws/install/nav2_common/lib/python3.8/site-packages:${PYTHONPATH} /usr/bin/cmake --install /home/ik/aws_ws/build/dwb_core
