[0.079s] Invoking command in '/home/ik/aws_ws/build/nav2_common': CMAKE_PREFIX_PATH=/opt/ros/foxy /usr/bin/cmake --build /home/ik/aws_ws/build/nav2_common -- -j8 -l8
[0.361s] Invoked command in '/home/ik/aws_ws/build/nav2_common' returned '0': CMAKE_PREFIX_PATH=/opt/ros/foxy /usr/bin/cmake --build /home/ik/aws_ws/build/nav2_common -- -j8 -l8
[0.401s] Invoking command in '/home/ik/aws_ws/build/nav2_common': CMAKE_PREFIX_PATH=/opt/ros/foxy /usr/bin/cmake --install /home/ik/aws_ws/build/nav2_common
[0.412s] -- Install configuration: ""
[0.413s] -- Execute custom install script
[0.414s] -- Up-to-date symlink: /home/ik/aws_ws/install/nav2_common/share/nav2_common/environment/pythonpath.sh
[0.414s] -- Up-to-date symlink: /home/ik/aws_ws/install/nav2_common/share/nav2_common/environment/pythonpath.dsv
[0.416s] -- Up-to-date symlink: /home/ik/aws_ws/install/nav2_common/lib/python3.8/site-packages/nav2_common/__init__.py
[0.416s] -- Up-to-date symlink: /home/ik/aws_ws/install/nav2_common/lib/python3.8/site-packages/nav2_common/launch/__init__.py
[0.416s] -- Up-to-date symlink: /home/ik/aws_ws/install/nav2_common/lib/python3.8/site-packages/nav2_common/launch/has_node_params.py
[0.417s] -- Up-to-date symlink: /home/ik/aws_ws/install/nav2_common/lib/python3.8/site-packages/nav2_common/launch/replace_string.py
[0.417s] -- Up-to-date symlink: /home/ik/aws_ws/install/nav2_common/lib/python3.8/site-packages/nav2_common/launch/rewritten_yaml.py
[0.417s] -- Up-to-date symlink: /home/ik/aws_ws/install/nav2_common/share/ament_index/resource_index/package_run_dependencies/nav2_common
[0.417s] -- Up-to-date symlink: /home/ik/aws_ws/install/nav2_common/share/ament_index/resource_index/parent_prefix_path/nav2_common
[0.418s] -- Up-to-date symlink: /home/ik/aws_ws/install/nav2_common/share/nav2_common/environment/ament_prefix_path.sh
[0.418s] -- Up-to-date symlink: /home/ik/aws_ws/install/nav2_common/share/nav2_common/environment/ament_prefix_path.dsv
[0.418s] -- Up-to-date symlink: /home/ik/aws_ws/install/nav2_common/share/nav2_common/environment/path.sh
[0.418s] -- Up-to-date symlink: /home/ik/aws_ws/install/nav2_common/share/nav2_common/environment/path.dsv
[0.419s] -- Up-to-date symlink: /home/ik/aws_ws/install/nav2_common/share/nav2_common/local_setup.bash
[0.419s] -- Up-to-date symlink: /home/ik/aws_ws/install/nav2_common/share/nav2_common/local_setup.sh
[0.419s] -- Up-to-date symlink: /home/ik/aws_ws/install/nav2_common/share/nav2_common/local_setup.zsh
[0.419s] -- Up-to-date symlink: /home/ik/aws_ws/install/nav2_common/share/nav2_common/local_setup.dsv
[0.419s] -- Symlinking: /home/ik/aws_ws/install/nav2_common/share/nav2_common/package.dsv
[0.431s] -- Up-to-date symlink: /home/ik/aws_ws/install/nav2_common/share/ament_index/resource_index/packages/nav2_common
[0.431s] -- Up-to-date symlink: /home/ik/aws_ws/install/nav2_common/share/nav2_common/cmake/nav2_common-extras.cmake
[0.432s] -- Up-to-date symlink: /home/ik/aws_ws/install/nav2_common/share/nav2_common/cmake/nav2_commonConfig.cmake
[0.432s] -- Up-to-date symlink: /home/ik/aws_ws/install/nav2_common/share/nav2_common/cmake/nav2_commonConfig-version.cmake
[0.432s] -- Up-to-date symlink: /home/ik/aws_ws/install/nav2_common/share/nav2_common/package.xml
[0.433s] -- Up-to-date symlink: /home/ik/aws_ws/install/nav2_common/share/nav2_common/cmake/nav2_package.cmake
[0.468s] Listing '/home/ik/aws_ws/install/nav2_common/lib/python3.8/site-packages/nav2_common'...
[0.469s] Listing '/home/ik/aws_ws/install/nav2_common/lib/python3.8/site-packages/nav2_common/launch'...
[0.480s] Invoked command in '/home/ik/aws_ws/build/nav2_common' returned '0': CMAKE_PREFIX_PATH=/opt/ros/foxy /usr/bin/cmake --install /home/ik/aws_ws/build/nav2_common
