[0.070s] Invoking command in '/home/ik/aws_ws/build/nav2_behavior_tree': AMENT_PREFIX_PATH=/home/ik/aws_ws/install/nav2_util:/home/ik/aws_ws/install/nav2_msgs:/home/ik/aws_ws/install/nav2_common:${AMENT_PREFIX_PATH} CMAKE_PREFIX_PATH=/home/ik/aws_ws/install/nav2_util:/home/ik/aws_ws/install/nav2_msgs:/home/ik/aws_ws/install/nav2_common:/opt/ros/foxy LD_LIBRARY_PATH=/home/ik/aws_ws/install/nav2_util/lib:/home/ik/aws_ws/install/nav2_msgs/lib:${LD_LIBRARY_PATH} PYTHONPATH=/home/ik/aws_ws/install/nav2_msgs/lib/python3.8/site-packages:/home/ik/aws_ws/install/nav2_common/lib/python3.8/site-packages:${PYTHONPATH} /usr/bin/cmake --build /home/ik/aws_ws/build/nav2_behavior_tree -- -j8 -l8
[0.160s] [  2%] Built target nav2_pipeline_sequence_bt_node
[0.161s] [  4%] Built target nav2_spin_action_bt_node
[0.170s] [  6%] Built target nav2_transform_available_condition_bt_node
[0.174s] [  8%] Built target nav2_wait_action_bt_node
[0.177s] [ 10%] Built target nav2_goal_updated_condition_bt_node
[0.185s] [ 12%] Built target nav2_compute_path_to_pose_action_bt_node
[0.225s] [ 14%] Built target nav2_goal_updater_node_bt_node
[0.243s] [ 16%] Built target nav2_is_stuck_condition_bt_node
[0.258s] [ 18%] Built target nav2_follow_path_action_bt_node
[0.271s] [ 20%] Built target nav2_goal_reached_condition_bt_node
[0.274s] [ 22%] Built target nav2_behavior_tree
[0.276s] [ 24%] Built target nav2_initial_pose_received_condition_bt_node
[0.287s] [ 26%] Built target nav2_time_expired_condition_bt_node
[0.290s] [ 28%] Built target nav2_distance_traveled_condition_bt_node
[0.322s] [ 30%] Built target nav2_reinitialize_global_localization_service_bt_node
[0.331s] [ 32%] Built target nav2_rate_controller_bt_node
[0.340s] [ 34%] Built target nav2_is_battery_low_condition_bt_node
[0.340s] [ 36%] Built target nav2_distance_controller_bt_node
[0.342s] [ 38%] Built target nav2_round_robin_node_bt_node
[0.344s] [ 40%] Built target nav2_clear_costmap_service_bt_node
[0.356s] [ 42%] Built target nav2_speed_controller_bt_node
[0.377s] [ 44%] Built target gtest_main
[0.384s] [ 46%] Built target nav2_navigate_to_pose_action_bt_node
[0.384s] [ 48%] Built target gtest
[0.384s] [ 51%] Built target nav2_back_up_action_bt_node
[0.393s] [ 53%] Built target nav2_truncate_path_action_bt_node
[0.394s] [ 55%] Built target nav2_recovery_node_bt_node
[0.427s] [ 57%] Built target test_bt_conversions
[0.434s] [ 59%] Built target test_condition_time_expired
[0.434s] [ 63%] Built target test_condition_distance_traveled
[0.434s] [ 63%] Built target test_condition_goal_updated
[0.439s] [ 65%] Built target test_condition_transform_available
[0.439s] [ 67%] Built target test_condition_is_stuck
[0.446s] [ 69%] Built target test_condition_is_battery_low
[0.451s] [ 71%] Built target test_condition_initial_pose_received
[0.482s] [ 73%] Built target test_condition_goal_reached
[0.484s] [ 77%] Built target test_goal_updater_node
[0.484s] [ 77%] Built target test_decorator_speed_controller
[0.484s] [ 79%] Built target test_decorator_rate_controller
[0.494s] [ 81%] Built target test_control_round_robin_node
[0.494s] [ 83%] Built target test_decorator_distance_controller
[0.516s] [ 85%] Built target test_control_pipeline_sequence
[0.534s] [ 87%] Built target test_action_navigate_to_pose_action
[0.536s] [ 89%] Built target test_action_compute_path_to_pose_action
[0.536s] [ 91%] Built target test_control_recovery_node
[0.543s] [ 95%] Built target test_truncate_path_action
[0.543s] [ 95%] Built target test_action_reinitialize_global_localization_service
[0.543s] [ 97%] Built target test_action_follow_path_action
[0.549s] [100%] Built target test_action_clear_costmap_service
[0.599s] Invoked command in '/home/ik/aws_ws/build/nav2_behavior_tree' returned '0': AMENT_PREFIX_PATH=/home/ik/aws_ws/install/nav2_util:/home/ik/aws_ws/install/nav2_msgs:/home/ik/aws_ws/install/nav2_common:${AMENT_PREFIX_PATH} CMAKE_PREFIX_PATH=/home/ik/aws_ws/install/nav2_util:/home/ik/aws_ws/install/nav2_msgs:/home/ik/aws_ws/install/nav2_common:/opt/ros/foxy LD_LIBRARY_PATH=/home/ik/aws_ws/install/nav2_util/lib:/home/ik/aws_ws/install/nav2_msgs/lib:${LD_LIBRARY_PATH} PYTHONPATH=/home/ik/aws_ws/install/nav2_msgs/lib/python3.8/site-packages:/home/ik/aws_ws/install/nav2_common/lib/python3.8/site-packages:${PYTHONPATH} /usr/bin/cmake --build /home/ik/aws_ws/build/nav2_behavior_tree -- -j8 -l8
[0.701s] Invoking command in '/home/ik/aws_ws/build/nav2_behavior_tree': AMENT_PREFIX_PATH=/home/ik/aws_ws/install/nav2_util:/home/ik/aws_ws/install/nav2_msgs:/home/ik/aws_ws/install/nav2_common:${AMENT_PREFIX_PATH} CMAKE_PREFIX_PATH=/home/ik/aws_ws/install/nav2_util:/home/ik/aws_ws/install/nav2_msgs:/home/ik/aws_ws/install/nav2_common:/opt/ros/foxy LD_LIBRARY_PATH=/home/ik/aws_ws/install/nav2_util/lib:/home/ik/aws_ws/install/nav2_msgs/lib:${LD_LIBRARY_PATH} PYTHONPATH=/home/ik/aws_ws/install/nav2_msgs/lib/python3.8/site-packages:/home/ik/aws_ws/install/nav2_common/lib/python3.8/site-packages:${PYTHONPATH} /usr/bin/cmake --install /home/ik/aws_ws/build/nav2_behavior_tree
[0.709s] -- Install configuration: "Release"
[0.710s] -- Execute custom install script
[0.710s] -- Up-to-date symlink: /home/ik/aws_ws/install/nav2_behavior_tree/lib/libnav2_behavior_tree.so
[0.710s] -- Up-to-date symlink: /home/ik/aws_ws/install/nav2_behavior_tree/lib/libnav2_compute_path_to_pose_action_bt_node.so
[0.711s] -- Up-to-date symlink: /home/ik/aws_ws/install/nav2_behavior_tree/lib/libnav2_follow_path_action_bt_node.so
[0.711s] -- Up-to-date symlink: /home/ik/aws_ws/install/nav2_behavior_tree/lib/libnav2_back_up_action_bt_node.so
[0.711s] -- Up-to-date symlink: /home/ik/aws_ws/install/nav2_behavior_tree/lib/libnav2_spin_action_bt_node.so
[0.711s] -- Up-to-date symlink: /home/ik/aws_ws/install/nav2_behavior_tree/lib/libnav2_wait_action_bt_node.so
[0.711s] -- Up-to-date symlink: /home/ik/aws_ws/install/nav2_behavior_tree/lib/libnav2_clear_costmap_service_bt_node.so
[0.711s] -- Up-to-date symlink: /home/ik/aws_ws/install/nav2_behavior_tree/lib/libnav2_is_stuck_condition_bt_node.so
[0.712s] -- Up-to-date symlink: /home/ik/aws_ws/install/nav2_behavior_tree/lib/libnav2_transform_available_condition_bt_node.so
[0.712s] -- Up-to-date symlink: /home/ik/aws_ws/install/nav2_behavior_tree/lib/libnav2_goal_reached_condition_bt_node.so
[0.712s] -- Up-to-date symlink: /home/ik/aws_ws/install/nav2_behavior_tree/lib/libnav2_goal_updated_condition_bt_node.so
[0.712s] -- Up-to-date symlink: /home/ik/aws_ws/install/nav2_behavior_tree/lib/libnav2_time_expired_condition_bt_node.so
[0.712s] -- Up-to-date symlink: /home/ik/aws_ws/install/nav2_behavior_tree/lib/libnav2_distance_traveled_condition_bt_node.so
[0.713s] -- Up-to-date symlink: /home/ik/aws_ws/install/nav2_behavior_tree/lib/libnav2_initial_pose_received_condition_bt_node.so
[0.713s] -- Up-to-date symlink: /home/ik/aws_ws/install/nav2_behavior_tree/lib/libnav2_is_battery_low_condition_bt_node.so
[0.713s] -- Up-to-date symlink: /home/ik/aws_ws/install/nav2_behavior_tree/lib/libnav2_reinitialize_global_localization_service_bt_node.so
[0.713s] -- Up-to-date symlink: /home/ik/aws_ws/install/nav2_behavior_tree/lib/libnav2_rate_controller_bt_node.so
[0.713s] -- Up-to-date symlink: /home/ik/aws_ws/install/nav2_behavior_tree/lib/libnav2_distance_controller_bt_node.so
[0.713s] -- Up-to-date symlink: /home/ik/aws_ws/install/nav2_behavior_tree/lib/libnav2_speed_controller_bt_node.so
[0.714s] -- Up-to-date symlink: /home/ik/aws_ws/install/nav2_behavior_tree/lib/libnav2_truncate_path_action_bt_node.so
[0.714s] -- Up-to-date symlink: /home/ik/aws_ws/install/nav2_behavior_tree/lib/libnav2_goal_updater_node_bt_node.so
[0.714s] -- Up-to-date symlink: /home/ik/aws_ws/install/nav2_behavior_tree/lib/libnav2_recovery_node_bt_node.so
[0.714s] -- Up-to-date symlink: /home/ik/aws_ws/install/nav2_behavior_tree/lib/libnav2_navigate_to_pose_action_bt_node.so
[0.714s] -- Up-to-date symlink: /home/ik/aws_ws/install/nav2_behavior_tree/lib/libnav2_pipeline_sequence_bt_node.so
[0.714s] -- Up-to-date symlink: /home/ik/aws_ws/install/nav2_behavior_tree/lib/libnav2_round_robin_node_bt_node.so
[0.715s] -- Up-to-date symlink: /home/ik/aws_ws/install/nav2_behavior_tree/include//nav2_behavior_tree/behavior_tree_engine.hpp
[0.716s] -- Up-to-date symlink: /home/ik/aws_ws/install/nav2_behavior_tree/include//nav2_behavior_tree/bt_action_node.hpp
[0.716s] -- Up-to-date symlink: /home/ik/aws_ws/install/nav2_behavior_tree/include//nav2_behavior_tree/bt_conversions.hpp
[0.716s] -- Up-to-date symlink: /home/ik/aws_ws/install/nav2_behavior_tree/include//nav2_behavior_tree/bt_service_node.hpp
[0.716s] -- Up-to-date symlink: /home/ik/aws_ws/install/nav2_behavior_tree/include//nav2_behavior_tree/plugins/action/back_up_action.hpp
[0.716s] -- Up-to-date symlink: /home/ik/aws_ws/install/nav2_behavior_tree/include//nav2_behavior_tree/plugins/action/clear_costmap_service.hpp
[0.716s] -- Up-to-date symlink: /home/ik/aws_ws/install/nav2_behavior_tree/include//nav2_behavior_tree/plugins/action/compute_path_to_pose_action.hpp
[0.717s] -- Up-to-date symlink: /home/ik/aws_ws/install/nav2_behavior_tree/include//nav2_behavior_tree/plugins/action/follow_path_action.hpp
[0.717s] -- Up-to-date symlink: /home/ik/aws_ws/install/nav2_behavior_tree/include//nav2_behavior_tree/plugins/action/navigate_to_pose_action.hpp
[0.717s] -- Up-to-date symlink: /home/ik/aws_ws/install/nav2_behavior_tree/include//nav2_behavior_tree/plugins/action/reinitialize_global_localization_service.hpp
[0.717s] -- Up-to-date symlink: /home/ik/aws_ws/install/nav2_behavior_tree/include//nav2_behavior_tree/plugins/action/spin_action.hpp
[0.717s] -- Up-to-date symlink: /home/ik/aws_ws/install/nav2_behavior_tree/include//nav2_behavior_tree/plugins/action/truncate_path_action.hpp
[0.717s] -- Up-to-date symlink: /home/ik/aws_ws/install/nav2_behavior_tree/include//nav2_behavior_tree/plugins/action/wait_action.hpp
[0.718s] -- Up-to-date symlink: /home/ik/aws_ws/install/nav2_behavior_tree/include//nav2_behavior_tree/plugins/condition/distance_traveled_condition.hpp
[0.718s] -- Up-to-date symlink: /home/ik/aws_ws/install/nav2_behavior_tree/include//nav2_behavior_tree/plugins/condition/goal_reached_condition.hpp
[0.718s] -- Up-to-date symlink: /home/ik/aws_ws/install/nav2_behavior_tree/include//nav2_behavior_tree/plugins/condition/goal_updated_condition.hpp
[0.718s] -- Up-to-date symlink: /home/ik/aws_ws/install/nav2_behavior_tree/include//nav2_behavior_tree/plugins/condition/initial_pose_received_condition.hpp
[0.718s] -- Up-to-date symlink: /home/ik/aws_ws/install/nav2_behavior_tree/include//nav2_behavior_tree/plugins/condition/is_battery_low_condition.hpp
[0.718s] -- Up-to-date symlink: /home/ik/aws_ws/install/nav2_behavior_tree/include//nav2_behavior_tree/plugins/condition/is_stuck_condition.hpp
[0.718s] -- Up-to-date symlink: /home/ik/aws_ws/install/nav2_behavior_tree/include//nav2_behavior_tree/plugins/condition/time_expired_condition.hpp
[0.718s] -- Up-to-date symlink: /home/ik/aws_ws/install/nav2_behavior_tree/include//nav2_behavior_tree/plugins/condition/transform_available_condition.hpp
[0.719s] -- Up-to-date symlink: /home/ik/aws_ws/install/nav2_behavior_tree/include//nav2_behavior_tree/plugins/control/pipeline_sequence.hpp
[0.719s] -- Up-to-date symlink: /home/ik/aws_ws/install/nav2_behavior_tree/include//nav2_behavior_tree/plugins/control/recovery_node.hpp
[0.719s] -- Up-to-date symlink: /home/ik/aws_ws/install/nav2_behavior_tree/include//nav2_behavior_tree/plugins/control/round_robin_node.hpp
[0.719s] -- Up-to-date symlink: /home/ik/aws_ws/install/nav2_behavior_tree/include//nav2_behavior_tree/plugins/decorator/distance_controller.hpp
[0.719s] -- Up-to-date symlink: /home/ik/aws_ws/install/nav2_behavior_tree/include//nav2_behavior_tree/plugins/decorator/goal_updater_node.hpp
[0.719s] -- Up-to-date symlink: /home/ik/aws_ws/install/nav2_behavior_tree/include//nav2_behavior_tree/plugins/decorator/rate_controller.hpp
[0.719s] -- Up-to-date symlink: /home/ik/aws_ws/install/nav2_behavior_tree/include//nav2_behavior_tree/plugins/decorator/speed_controller.hpp
[0.722s] -- Up-to-date symlink: /home/ik/aws_ws/install/nav2_behavior_tree/share/nav2_behavior_tree/nav2_tree_nodes.xml
[0.722s] -- Up-to-date symlink: /home/ik/aws_ws/install/nav2_behavior_tree/share/nav2_behavior_tree/environment/library_path.sh
[0.722s] -- Up-to-date symlink: /home/ik/aws_ws/install/nav2_behavior_tree/share/nav2_behavior_tree/environment/library_path.dsv
[0.722s] -- Up-to-date symlink: /home/ik/aws_ws/install/nav2_behavior_tree/share/ament_index/resource_index/package_run_dependencies/nav2_behavior_tree
[0.722s] -- Up-to-date symlink: /home/ik/aws_ws/install/nav2_behavior_tree/share/ament_index/resource_index/parent_prefix_path/nav2_behavior_tree
[0.722s] -- Up-to-date symlink: /home/ik/aws_ws/install/nav2_behavior_tree/share/nav2_behavior_tree/environment/ament_prefix_path.sh
[0.723s] -- Up-to-date symlink: /home/ik/aws_ws/install/nav2_behavior_tree/share/nav2_behavior_tree/environment/ament_prefix_path.dsv
[0.723s] -- Up-to-date symlink: /home/ik/aws_ws/install/nav2_behavior_tree/share/nav2_behavior_tree/environment/path.sh
[0.723s] -- Up-to-date symlink: /home/ik/aws_ws/install/nav2_behavior_tree/share/nav2_behavior_tree/environment/path.dsv
[0.723s] -- Up-to-date symlink: /home/ik/aws_ws/install/nav2_behavior_tree/share/nav2_behavior_tree/local_setup.bash
[0.723s] -- Up-to-date symlink: /home/ik/aws_ws/install/nav2_behavior_tree/share/nav2_behavior_tree/local_setup.sh
[0.723s] -- Up-to-date symlink: /home/ik/aws_ws/install/nav2_behavior_tree/share/nav2_behavior_tree/local_setup.zsh
[0.723s] -- Up-to-date symlink: /home/ik/aws_ws/install/nav2_behavior_tree/share/nav2_behavior_tree/local_setup.dsv
[0.723s] -- Symlinking: /home/ik/aws_ws/install/nav2_behavior_tree/share/nav2_behavior_tree/package.dsv
[0.732s] -- Up-to-date symlink: /home/ik/aws_ws/install/nav2_behavior_tree/share/ament_index/resource_index/packages/nav2_behavior_tree
[0.732s] -- Up-to-date symlink: /home/ik/aws_ws/install/nav2_behavior_tree/share/nav2_behavior_tree/cmake/ament_cmake_export_include_directories-extras.cmake
[0.732s] -- Up-to-date symlink: /home/ik/aws_ws/install/nav2_behavior_tree/share/nav2_behavior_tree/cmake/ament_cmake_export_libraries-extras.cmake
[0.732s] -- Up-to-date symlink: /home/ik/aws_ws/install/nav2_behavior_tree/share/nav2_behavior_tree/cmake/ament_cmake_export_dependencies-extras.cmake
[0.732s] -- Up-to-date symlink: /home/ik/aws_ws/install/nav2_behavior_tree/share/nav2_behavior_tree/cmake/nav2_behavior_treeConfig.cmake
[0.732s] -- Up-to-date symlink: /home/ik/aws_ws/install/nav2_behavior_tree/share/nav2_behavior_tree/cmake/nav2_behavior_treeConfig-version.cmake
[0.732s] -- Up-to-date symlink: /home/ik/aws_ws/install/nav2_behavior_tree/share/nav2_behavior_tree/package.xml
[0.738s] Invoked command in '/home/ik/aws_ws/build/nav2_behavior_tree' returned '0': AMENT_PREFIX_PATH=/home/ik/aws_ws/install/nav2_util:/home/ik/aws_ws/install/nav2_msgs:/home/ik/aws_ws/install/nav2_common:${AMENT_PREFIX_PATH} CMAKE_PREFIX_PATH=/home/ik/aws_ws/install/nav2_util:/home/ik/aws_ws/install/nav2_msgs:/home/ik/aws_ws/install/nav2_common:/opt/ros/foxy LD_LIBRARY_PATH=/home/ik/aws_ws/install/nav2_util/lib:/home/ik/aws_ws/install/nav2_msgs/lib:${LD_LIBRARY_PATH} PYTHONPATH=/home/ik/aws_ws/install/nav2_msgs/lib/python3.8/site-packages:/home/ik/aws_ws/install/nav2_common/lib/python3.8/site-packages:${PYTHONPATH} /usr/bin/cmake --install /home/ik/aws_ws/build/nav2_behavior_tree
