[0.051s] Invoking command in '/home/ik/aws_ws/build/nav2_waypoint_follower': AMENT_PREFIX_PATH=/home/ik/aws_ws/install/nav2_util:/home/ik/aws_ws/install/nav2_msgs:/home/ik/aws_ws/install/nav2_common:${AMENT_PREFIX_PATH} CMAKE_PREFIX_PATH=/home/ik/aws_ws/install/nav2_util:/home/ik/aws_ws/install/nav2_msgs:/home/ik/aws_ws/install/nav2_common:/opt/ros/foxy LD_LIBRARY_PATH=/home/ik/aws_ws/install/nav2_util/lib:/home/ik/aws_ws/install/nav2_msgs/lib:${LD_LIBRARY_PATH} PYTHONPATH=/home/ik/aws_ws/install/nav2_msgs/lib/python3.8/site-packages:/home/ik/aws_ws/install/nav2_common/lib/python3.8/site-packages:${PYTHONPATH} /usr/bin/cmake --build /home/ik/aws_ws/build/nav2_waypoint_follower -- -j8 -l8
[0.127s] [ 50%] Built target waypoint_follower_core
[0.190s] [100%] Built target waypoint_follower
[0.209s] Invoked command in '/home/ik/aws_ws/build/nav2_waypoint_follower' returned '0': AMENT_PREFIX_PATH=/home/ik/aws_ws/install/nav2_util:/home/ik/aws_ws/install/nav2_msgs:/home/ik/aws_ws/install/nav2_common:${AMENT_PREFIX_PATH} CMAKE_PREFIX_PATH=/home/ik/aws_ws/install/nav2_util:/home/ik/aws_ws/install/nav2_msgs:/home/ik/aws_ws/install/nav2_common:/opt/ros/foxy LD_LIBRARY_PATH=/home/ik/aws_ws/install/nav2_util/lib:/home/ik/aws_ws/install/nav2_msgs/lib:${LD_LIBRARY_PATH} PYTHONPATH=/home/ik/aws_ws/install/nav2_msgs/lib/python3.8/site-packages:/home/ik/aws_ws/install/nav2_common/lib/python3.8/site-packages:${PYTHONPATH} /usr/bin/cmake --build /home/ik/aws_ws/build/nav2_waypoint_follower -- -j8 -l8
[0.260s] Invoking command in '/home/ik/aws_ws/build/nav2_waypoint_follower': AMENT_PREFIX_PATH=/home/ik/aws_ws/install/nav2_util:/home/ik/aws_ws/install/nav2_msgs:/home/ik/aws_ws/install/nav2_common:${AMENT_PREFIX_PATH} CMAKE_PREFIX_PATH=/home/ik/aws_ws/install/nav2_util:/home/ik/aws_ws/install/nav2_msgs:/home/ik/aws_ws/install/nav2_common:/opt/ros/foxy LD_LIBRARY_PATH=/home/ik/aws_ws/install/nav2_util/lib:/home/ik/aws_ws/install/nav2_msgs/lib:${LD_LIBRARY_PATH} PYTHONPATH=/home/ik/aws_ws/install/nav2_msgs/lib/python3.8/site-packages:/home/ik/aws_ws/install/nav2_common/lib/python3.8/site-packages:${PYTHONPATH} /usr/bin/cmake --install /home/ik/aws_ws/build/nav2_waypoint_follower
[0.281s] -- Install configuration: "Release"
[0.281s] -- Execute custom install script
[0.287s] -- Up-to-date symlink: /home/ik/aws_ws/install/nav2_waypoint_follower/lib/libwaypoint_follower_core.so
[0.287s] -- Up-to-date symlink: /home/ik/aws_ws/install/nav2_waypoint_follower/lib/nav2_waypoint_follower/waypoint_follower
[0.287s] -- Up-to-date symlink: /home/ik/aws_ws/install/nav2_waypoint_follower/include//nav2_waypoint_follower/waypoint_follower.hpp
[0.287s] -- Up-to-date symlink: /home/ik/aws_ws/install/nav2_waypoint_follower/share/ament_index/resource_index/package_run_dependencies/nav2_waypoint_follower
[0.287s] -- Up-to-date symlink: /home/ik/aws_ws/install/nav2_waypoint_follower/share/ament_index/resource_index/parent_prefix_path/nav2_waypoint_follower
[0.287s] -- Up-to-date symlink: /home/ik/aws_ws/install/nav2_waypoint_follower/share/nav2_waypoint_follower/environment/ament_prefix_path.sh
[0.287s] -- Up-to-date symlink: /home/ik/aws_ws/install/nav2_waypoint_follower/share/nav2_waypoint_follower/environment/ament_prefix_path.dsv
[0.287s] -- Up-to-date symlink: /home/ik/aws_ws/install/nav2_waypoint_follower/share/nav2_waypoint_follower/environment/path.sh
[0.287s] -- Up-to-date symlink: /home/ik/aws_ws/install/nav2_waypoint_follower/share/nav2_waypoint_follower/environment/path.dsv
[0.287s] -- Up-to-date symlink: /home/ik/aws_ws/install/nav2_waypoint_follower/share/nav2_waypoint_follower/local_setup.bash
[0.287s] -- Up-to-date symlink: /home/ik/aws_ws/install/nav2_waypoint_follower/share/nav2_waypoint_follower/local_setup.sh
[0.287s] -- Up-to-date symlink: /home/ik/aws_ws/install/nav2_waypoint_follower/share/nav2_waypoint_follower/local_setup.zsh
[0.287s] -- Up-to-date symlink: /home/ik/aws_ws/install/nav2_waypoint_follower/share/nav2_waypoint_follower/local_setup.dsv
[0.287s] -- Symlinking: /home/ik/aws_ws/install/nav2_waypoint_follower/share/nav2_waypoint_follower/package.dsv
[0.300s] -- Up-to-date symlink: /home/ik/aws_ws/install/nav2_waypoint_follower/share/ament_index/resource_index/packages/nav2_waypoint_follower
[0.301s] -- Up-to-date symlink: /home/ik/aws_ws/install/nav2_waypoint_follower/share/nav2_waypoint_follower/cmake/ament_cmake_export_include_directories-extras.cmake
[0.301s] -- Up-to-date symlink: /home/ik/aws_ws/install/nav2_waypoint_follower/share/nav2_waypoint_follower/cmake/nav2_waypoint_followerConfig.cmake
[0.302s] -- Up-to-date symlink: /home/ik/aws_ws/install/nav2_waypoint_follower/share/nav2_waypoint_follower/cmake/nav2_waypoint_followerConfig-version.cmake
[0.302s] -- Up-to-date symlink: /home/ik/aws_ws/install/nav2_waypoint_follower/share/nav2_waypoint_follower/package.xml
[0.326s] Invoked command in '/home/ik/aws_ws/build/nav2_waypoint_follower' returned '0': AMENT_PREFIX_PATH=/home/ik/aws_ws/install/nav2_util:/home/ik/aws_ws/install/nav2_msgs:/home/ik/aws_ws/install/nav2_common:${AMENT_PREFIX_PATH} CMAKE_PREFIX_PATH=/home/ik/aws_ws/install/nav2_util:/home/ik/aws_ws/install/nav2_msgs:/home/ik/aws_ws/install/nav2_common:/opt/ros/foxy LD_LIBRARY_PATH=/home/ik/aws_ws/install/nav2_util/lib:/home/ik/aws_ws/install/nav2_msgs/lib:${LD_LIBRARY_PATH} PYTHONPATH=/home/ik/aws_ws/install/nav2_msgs/lib/python3.8/site-packages:/home/ik/aws_ws/install/nav2_common/lib/python3.8/site-packages:${PYTHONPATH} /usr/bin/cmake --install /home/ik/aws_ws/build/nav2_waypoint_follower
