[0.015s] Invoking command in '/home/ik/aws_ws/build/dwb_msgs': AMENT_PREFIX_PATH=/home/ik/aws_ws/install/nav_2d_msgs:${AMENT_PREFIX_PATH} CMAKE_PREFIX_PATH=/home/ik/aws_ws/install/nav_2d_msgs:/opt/ros/foxy LD_LIBRARY_PATH=/home/ik/aws_ws/install/nav_2d_msgs/lib:${LD_LIBRARY_PATH} PYTHONPATH=/home/ik/aws_ws/install/nav_2d_msgs/lib/python3.8/site-packages:${PYTHONPATH} /usr/bin/cmake /home/ik/aws_ws/src/navigation2/nav2_dwb_controller/dwb_msgs -DAMENT_CMAKE_SYMLINK_INSTALL=1 -DCMAKE_INSTALL_PREFIX=/home/ik/aws_ws/install/dwb_msgs
[0.035s] -- Found builtin_interfaces: 1.0.0 (/opt/ros/foxy/share/builtin_interfaces/cmake)
[0.058s] -- Found PythonInterp: /usr/bin/python3 (found suitable version "3.8.10", minimum required is "3") 
[0.059s] -- Using PYTHON_EXECUTABLE: /usr/bin/python3
[0.216s] -- Override CMake install command with custom implementation using symlinks instead of copying resources
[0.246s] -- Using all available rosidl_typesupport_c: rosidl_typesupport_fastrtps_c;rosidl_typesupport_introspection_c
[0.248s] -- Found rosidl_adapter: 1.3.0 (/opt/ros/foxy/share/rosidl_adapter/cmake)
[0.373s] -- Using all available rosidl_typesupport_cpp: rosidl_typesupport_fastrtps_cpp;rosidl_typesupport_introspection_cpp
[0.390s] -- Found geometry_msgs: 2.0.5 (/opt/ros/foxy/share/geometry_msgs/cmake)
[0.442s] -- Found nav_2d_msgs: 0.4.7 (/home/ik/aws_ws/install/nav_2d_msgs/share/nav_2d_msgs/cmake)
[0.502s] -- Found nav_msgs: 2.0.5 (/opt/ros/foxy/share/nav_msgs/cmake)
[0.566s] -- Found rosidl_default_generators: 1.0.1 (/opt/ros/foxy/share/rosidl_default_generators/cmake)
[0.597s] -- Found PythonInterp: /usr/bin/python3 (found version "3.8.10") 
[0.837s] -- Found ament_cmake_ros: 0.9.2 (/opt/ros/foxy/share/ament_cmake_ros/cmake)
[1.088s] -- Using all available rosidl_typesupport_c: rosidl_typesupport_fastrtps_c;rosidl_typesupport_introspection_c
[1.208s] -- Using all available rosidl_typesupport_cpp: rosidl_typesupport_fastrtps_cpp;rosidl_typesupport_introspection_cpp
[1.241s] -- Found PythonInterp: /usr/bin/python3 (found suitable version "3.8.10", minimum required is "3.5") 
[1.242s] -- Found python_cmake_module: 0.8.1 (/opt/ros/foxy/share/python_cmake_module/cmake)
[1.274s] -- Using PYTHON_EXECUTABLE: /usr/bin/python3
[1.275s] -- Using PYTHON_INCLUDE_DIRS: /usr/include/python3.8
[1.275s] -- Using PYTHON_LIBRARIES: /usr/lib/x86_64-linux-gnu/libpython3.8.so
[1.347s] -- Configuring done
[1.421s] -- Generating done
[1.424s] -- Build files have been written to: /home/ik/aws_ws/build/dwb_msgs
[1.432s] Invoked command in '/home/ik/aws_ws/build/dwb_msgs' returned '0': AMENT_PREFIX_PATH=/home/ik/aws_ws/install/nav_2d_msgs:${AMENT_PREFIX_PATH} CMAKE_PREFIX_PATH=/home/ik/aws_ws/install/nav_2d_msgs:/opt/ros/foxy LD_LIBRARY_PATH=/home/ik/aws_ws/install/nav_2d_msgs/lib:${LD_LIBRARY_PATH} PYTHONPATH=/home/ik/aws_ws/install/nav_2d_msgs/lib/python3.8/site-packages:${PYTHONPATH} /usr/bin/cmake /home/ik/aws_ws/src/navigation2/nav2_dwb_controller/dwb_msgs -DAMENT_CMAKE_SYMLINK_INSTALL=1 -DCMAKE_INSTALL_PREFIX=/home/ik/aws_ws/install/dwb_msgs
[1.436s] Invoking command in '/home/ik/aws_ws/build/dwb_msgs': AMENT_PREFIX_PATH=/home/ik/aws_ws/install/nav_2d_msgs:${AMENT_PREFIX_PATH} CMAKE_PREFIX_PATH=/home/ik/aws_ws/install/nav_2d_msgs:/opt/ros/foxy LD_LIBRARY_PATH=/home/ik/aws_ws/install/nav_2d_msgs/lib:${LD_LIBRARY_PATH} PYTHONPATH=/home/ik/aws_ws/install/nav_2d_msgs/lib/python3.8/site-packages:${PYTHONPATH} /usr/bin/cmake --build /home/ik/aws_ws/build/dwb_msgs -- -j8 -l8
[1.520s] [ 11%] Built target dwb_msgs__rosidl_generator_c
[1.520s] [ 12%] Built target dwb_msgs__cpp
[1.553s] [ 24%] Built target dwb_msgs__rosidl_typesupport_c
[1.562s] [ 35%] Built target dwb_msgs__rosidl_typesupport_introspection_c
[1.582s] [ 47%] Built target dwb_msgs__rosidl_typesupport_cpp
[1.584s] [ 58%] Built target dwb_msgs__rosidl_typesupport_introspection_cpp
[1.593s] [ 70%] Built target dwb_msgs__rosidl_typesupport_fastrtps_cpp
[1.640s] [ 82%] Built target dwb_msgs__rosidl_typesupport_fastrtps_c
[1.666s] [ 82%] Built target dwb_msgs
[1.694s] [ 83%] Built target dwb_msgs__py
[1.745s] [ 93%] Built target dwb_msgs__python
[1.776s] [ 95%] Built target dwb_msgs__rosidl_typesupport_fastrtps_c__pyext
[1.784s] [ 97%] Built target dwb_msgs__rosidl_typesupport_c__pyext
[1.785s] [100%] Built target dwb_msgs__rosidl_typesupport_introspection_c__pyext
[1.802s] Invoked command in '/home/ik/aws_ws/build/dwb_msgs' returned '0': AMENT_PREFIX_PATH=/home/ik/aws_ws/install/nav_2d_msgs:${AMENT_PREFIX_PATH} CMAKE_PREFIX_PATH=/home/ik/aws_ws/install/nav_2d_msgs:/opt/ros/foxy LD_LIBRARY_PATH=/home/ik/aws_ws/install/nav_2d_msgs/lib:${LD_LIBRARY_PATH} PYTHONPATH=/home/ik/aws_ws/install/nav_2d_msgs/lib/python3.8/site-packages:${PYTHONPATH} /usr/bin/cmake --build /home/ik/aws_ws/build/dwb_msgs -- -j8 -l8
[2.021s] Invoking command in '/home/ik/aws_ws/build/dwb_msgs': AMENT_PREFIX_PATH=/home/ik/aws_ws/install/nav_2d_msgs:${AMENT_PREFIX_PATH} CMAKE_PREFIX_PATH=/home/ik/aws_ws/install/nav_2d_msgs:/opt/ros/foxy LD_LIBRARY_PATH=/home/ik/aws_ws/install/nav_2d_msgs/lib:${LD_LIBRARY_PATH} PYTHONPATH=/home/ik/aws_ws/install/nav_2d_msgs/lib/python3.8/site-packages:${PYTHONPATH} /usr/bin/cmake --install /home/ik/aws_ws/build/dwb_msgs
[2.035s] -- Install configuration: ""
[2.035s] -- Execute custom install script
[2.036s] -- Up-to-date symlink: /home/ik/aws_ws/install/dwb_msgs/share/ament_index/resource_index/rosidl_interfaces/dwb_msgs
[2.036s] -- Up-to-date symlink: /home/ik/aws_ws/install/dwb_msgs/include/dwb_msgs/msg/critic_score.h
[2.036s] -- Up-to-date symlink: /home/ik/aws_ws/install/dwb_msgs/include/dwb_msgs/msg/detail/critic_score__functions.h
[2.037s] -- Up-to-date symlink: /home/ik/aws_ws/install/dwb_msgs/include/dwb_msgs/msg/detail/critic_score__struct.h
[2.037s] -- Up-to-date symlink: /home/ik/aws_ws/install/dwb_msgs/include/dwb_msgs/msg/detail/critic_score__type_support.h
[2.037s] -- Up-to-date symlink: /home/ik/aws_ws/install/dwb_msgs/include/dwb_msgs/msg/detail/local_plan_evaluation__functions.h
[2.037s] -- Up-to-date symlink: /home/ik/aws_ws/install/dwb_msgs/include/dwb_msgs/msg/detail/local_plan_evaluation__struct.h
[2.037s] -- Up-to-date symlink: /home/ik/aws_ws/install/dwb_msgs/include/dwb_msgs/msg/detail/local_plan_evaluation__type_support.h
[2.037s] -- Up-to-date symlink: /home/ik/aws_ws/install/dwb_msgs/include/dwb_msgs/msg/detail/trajectory2_d__functions.h
[2.037s] -- Up-to-date symlink: /home/ik/aws_ws/install/dwb_msgs/include/dwb_msgs/msg/detail/trajectory2_d__struct.h
[2.037s] -- Up-to-date symlink: /home/ik/aws_ws/install/dwb_msgs/include/dwb_msgs/msg/detail/trajectory2_d__type_support.h
[2.038s] -- Up-to-date symlink: /home/ik/aws_ws/install/dwb_msgs/include/dwb_msgs/msg/detail/trajectory_score__functions.h
[2.038s] -- Up-to-date symlink: /home/ik/aws_ws/install/dwb_msgs/include/dwb_msgs/msg/detail/trajectory_score__struct.h
[2.038s] -- Up-to-date symlink: /home/ik/aws_ws/install/dwb_msgs/include/dwb_msgs/msg/detail/trajectory_score__type_support.h
[2.038s] -- Up-to-date symlink: /home/ik/aws_ws/install/dwb_msgs/include/dwb_msgs/msg/local_plan_evaluation.h
[2.038s] -- Up-to-date symlink: /home/ik/aws_ws/install/dwb_msgs/include/dwb_msgs/msg/rosidl_generator_c__visibility_control.h
[2.038s] -- Up-to-date symlink: /home/ik/aws_ws/install/dwb_msgs/include/dwb_msgs/msg/trajectory2_d.h
[2.038s] -- Up-to-date symlink: /home/ik/aws_ws/install/dwb_msgs/include/dwb_msgs/msg/trajectory_score.h
[2.038s] -- Up-to-date symlink: /home/ik/aws_ws/install/dwb_msgs/include/dwb_msgs/srv/debug_local_plan.h
[2.038s] -- Up-to-date symlink: /home/ik/aws_ws/install/dwb_msgs/include/dwb_msgs/srv/detail/debug_local_plan__functions.h
[2.039s] -- Up-to-date symlink: /home/ik/aws_ws/install/dwb_msgs/include/dwb_msgs/srv/detail/debug_local_plan__struct.h
[2.039s] -- Up-to-date symlink: /home/ik/aws_ws/install/dwb_msgs/include/dwb_msgs/srv/detail/debug_local_plan__type_support.h
[2.039s] -- Up-to-date symlink: /home/ik/aws_ws/install/dwb_msgs/include/dwb_msgs/srv/detail/generate_trajectory__functions.h
[2.039s] -- Up-to-date symlink: /home/ik/aws_ws/install/dwb_msgs/include/dwb_msgs/srv/detail/generate_trajectory__struct.h
[2.039s] -- Up-to-date symlink: /home/ik/aws_ws/install/dwb_msgs/include/dwb_msgs/srv/detail/generate_trajectory__type_support.h
[2.039s] -- Up-to-date symlink: /home/ik/aws_ws/install/dwb_msgs/include/dwb_msgs/srv/detail/generate_twists__functions.h
[2.039s] -- Up-to-date symlink: /home/ik/aws_ws/install/dwb_msgs/include/dwb_msgs/srv/detail/generate_twists__struct.h
[2.039s] -- Up-to-date symlink: /home/ik/aws_ws/install/dwb_msgs/include/dwb_msgs/srv/detail/generate_twists__type_support.h
[2.040s] -- Up-to-date symlink: /home/ik/aws_ws/install/dwb_msgs/include/dwb_msgs/srv/detail/get_critic_score__functions.h
[2.040s] -- Up-to-date symlink: /home/ik/aws_ws/install/dwb_msgs/include/dwb_msgs/srv/detail/get_critic_score__struct.h
[2.040s] -- Up-to-date symlink: /home/ik/aws_ws/install/dwb_msgs/include/dwb_msgs/srv/detail/get_critic_score__type_support.h
[2.040s] -- Up-to-date symlink: /home/ik/aws_ws/install/dwb_msgs/include/dwb_msgs/srv/detail/score_trajectory__functions.h
[2.040s] -- Up-to-date symlink: /home/ik/aws_ws/install/dwb_msgs/include/dwb_msgs/srv/detail/score_trajectory__struct.h
[2.040s] -- Up-to-date symlink: /home/ik/aws_ws/install/dwb_msgs/include/dwb_msgs/srv/detail/score_trajectory__type_support.h
[2.040s] -- Up-to-date symlink: /home/ik/aws_ws/install/dwb_msgs/include/dwb_msgs/srv/generate_trajectory.h
[2.040s] -- Up-to-date symlink: /home/ik/aws_ws/install/dwb_msgs/include/dwb_msgs/srv/generate_twists.h
[2.041s] -- Up-to-date symlink: /home/ik/aws_ws/install/dwb_msgs/include/dwb_msgs/srv/get_critic_score.h
[2.041s] -- Up-to-date symlink: /home/ik/aws_ws/install/dwb_msgs/include/dwb_msgs/srv/score_trajectory.h
[2.041s] -- Up-to-date symlink: /home/ik/aws_ws/install/dwb_msgs/share/dwb_msgs/environment/library_path.sh
[2.041s] -- Up-to-date symlink: /home/ik/aws_ws/install/dwb_msgs/share/dwb_msgs/environment/library_path.dsv
[2.041s] -- Up-to-date symlink: /home/ik/aws_ws/install/dwb_msgs/include/dwb_msgs/msg/detail/critic_score__rosidl_typesupport_fastrtps_c.h
[2.041s] -- Up-to-date symlink: /home/ik/aws_ws/install/dwb_msgs/include/dwb_msgs/msg/detail/local_plan_evaluation__rosidl_typesupport_fastrtps_c.h
[2.042s] -- Up-to-date symlink: /home/ik/aws_ws/install/dwb_msgs/include/dwb_msgs/msg/detail/trajectory2_d__rosidl_typesupport_fastrtps_c.h
[2.042s] -- Up-to-date symlink: /home/ik/aws_ws/install/dwb_msgs/include/dwb_msgs/msg/detail/trajectory_score__rosidl_typesupport_fastrtps_c.h
[2.042s] -- Up-to-date symlink: /home/ik/aws_ws/install/dwb_msgs/include/dwb_msgs/msg/rosidl_typesupport_fastrtps_c__visibility_control.h
[2.042s] -- Up-to-date symlink: /home/ik/aws_ws/install/dwb_msgs/include/dwb_msgs/srv/detail/debug_local_plan__rosidl_typesupport_fastrtps_c.h
[2.042s] -- Up-to-date symlink: /home/ik/aws_ws/install/dwb_msgs/include/dwb_msgs/srv/detail/generate_trajectory__rosidl_typesupport_fastrtps_c.h
[2.042s] -- Up-to-date symlink: /home/ik/aws_ws/install/dwb_msgs/include/dwb_msgs/srv/detail/generate_twists__rosidl_typesupport_fastrtps_c.h
[2.042s] -- Up-to-date symlink: /home/ik/aws_ws/install/dwb_msgs/include/dwb_msgs/srv/detail/get_critic_score__rosidl_typesupport_fastrtps_c.h
[2.042s] -- Up-to-date symlink: /home/ik/aws_ws/install/dwb_msgs/include/dwb_msgs/srv/detail/score_trajectory__rosidl_typesupport_fastrtps_c.h
[2.043s] -- Up-to-date symlink: /home/ik/aws_ws/install/dwb_msgs/lib/libdwb_msgs__rosidl_typesupport_fastrtps_c.so
[2.043s] -- Up-to-date symlink: /home/ik/aws_ws/install/dwb_msgs/include/dwb_msgs/msg/detail/critic_score__rosidl_typesupport_fastrtps_cpp.hpp
[2.043s] -- Up-to-date symlink: /home/ik/aws_ws/install/dwb_msgs/include/dwb_msgs/msg/detail/local_plan_evaluation__rosidl_typesupport_fastrtps_cpp.hpp
[2.044s] -- Up-to-date symlink: /home/ik/aws_ws/install/dwb_msgs/include/dwb_msgs/msg/detail/trajectory2_d__rosidl_typesupport_fastrtps_cpp.hpp
[2.044s] -- Up-to-date symlink: /home/ik/aws_ws/install/dwb_msgs/include/dwb_msgs/msg/detail/trajectory_score__rosidl_typesupport_fastrtps_cpp.hpp
[2.044s] -- Up-to-date symlink: /home/ik/aws_ws/install/dwb_msgs/include/dwb_msgs/msg/rosidl_typesupport_fastrtps_cpp__visibility_control.h
[2.044s] -- Up-to-date symlink: /home/ik/aws_ws/install/dwb_msgs/include/dwb_msgs/srv/detail/debug_local_plan__rosidl_typesupport_fastrtps_cpp.hpp
[2.044s] -- Up-to-date symlink: /home/ik/aws_ws/install/dwb_msgs/include/dwb_msgs/srv/detail/generate_trajectory__rosidl_typesupport_fastrtps_cpp.hpp
[2.044s] -- Up-to-date symlink: /home/ik/aws_ws/install/dwb_msgs/include/dwb_msgs/srv/detail/generate_twists__rosidl_typesupport_fastrtps_cpp.hpp
[2.044s] -- Up-to-date symlink: /home/ik/aws_ws/install/dwb_msgs/include/dwb_msgs/srv/detail/get_critic_score__rosidl_typesupport_fastrtps_cpp.hpp
[2.044s] -- Up-to-date symlink: /home/ik/aws_ws/install/dwb_msgs/include/dwb_msgs/srv/detail/score_trajectory__rosidl_typesupport_fastrtps_cpp.hpp
[2.045s] -- Up-to-date symlink: /home/ik/aws_ws/install/dwb_msgs/lib/libdwb_msgs__rosidl_typesupport_fastrtps_cpp.so
[2.045s] -- Up-to-date symlink: /home/ik/aws_ws/install/dwb_msgs/include/dwb_msgs/msg/detail/critic_score__rosidl_typesupport_introspection_c.h
[2.045s] -- Up-to-date symlink: /home/ik/aws_ws/install/dwb_msgs/include/dwb_msgs/msg/detail/local_plan_evaluation__rosidl_typesupport_introspection_c.h
[2.045s] -- Up-to-date symlink: /home/ik/aws_ws/install/dwb_msgs/include/dwb_msgs/msg/detail/trajectory2_d__rosidl_typesupport_introspection_c.h
[2.045s] -- Up-to-date symlink: /home/ik/aws_ws/install/dwb_msgs/include/dwb_msgs/msg/detail/trajectory_score__rosidl_typesupport_introspection_c.h
[2.046s] -- Up-to-date symlink: /home/ik/aws_ws/install/dwb_msgs/include/dwb_msgs/msg/rosidl_typesupport_introspection_c__visibility_control.h
[2.046s] -- Up-to-date symlink: /home/ik/aws_ws/install/dwb_msgs/include/dwb_msgs/srv/detail/debug_local_plan__rosidl_typesupport_introspection_c.h
[2.046s] -- Up-to-date symlink: /home/ik/aws_ws/install/dwb_msgs/include/dwb_msgs/srv/detail/generate_trajectory__rosidl_typesupport_introspection_c.h
[2.046s] -- Up-to-date symlink: /home/ik/aws_ws/install/dwb_msgs/include/dwb_msgs/srv/detail/generate_twists__rosidl_typesupport_introspection_c.h
[2.046s] -- Up-to-date symlink: /home/ik/aws_ws/install/dwb_msgs/include/dwb_msgs/srv/detail/get_critic_score__rosidl_typesupport_introspection_c.h
[2.046s] -- Up-to-date symlink: /home/ik/aws_ws/install/dwb_msgs/include/dwb_msgs/srv/detail/score_trajectory__rosidl_typesupport_introspection_c.h
[2.047s] -- Up-to-date symlink: /home/ik/aws_ws/install/dwb_msgs/include/dwb_msgs/msg/critic_score.hpp
[2.047s] -- Up-to-date symlink: /home/ik/aws_ws/install/dwb_msgs/include/dwb_msgs/msg/detail/critic_score__builder.hpp
[2.047s] -- Up-to-date symlink: /home/ik/aws_ws/install/dwb_msgs/include/dwb_msgs/msg/detail/critic_score__struct.hpp
[2.047s] -- Up-to-date symlink: /home/ik/aws_ws/install/dwb_msgs/include/dwb_msgs/msg/detail/critic_score__traits.hpp
[2.047s] -- Up-to-date symlink: /home/ik/aws_ws/install/dwb_msgs/include/dwb_msgs/msg/detail/local_plan_evaluation__builder.hpp
[2.047s] -- Up-to-date symlink: /home/ik/aws_ws/install/dwb_msgs/include/dwb_msgs/msg/detail/local_plan_evaluation__struct.hpp
[2.047s] -- Up-to-date symlink: /home/ik/aws_ws/install/dwb_msgs/include/dwb_msgs/msg/detail/local_plan_evaluation__traits.hpp
[2.048s] -- Up-to-date symlink: /home/ik/aws_ws/install/dwb_msgs/include/dwb_msgs/msg/detail/trajectory2_d__builder.hpp
[2.048s] -- Up-to-date symlink: /home/ik/aws_ws/install/dwb_msgs/include/dwb_msgs/msg/detail/trajectory2_d__struct.hpp
[2.048s] -- Up-to-date symlink: /home/ik/aws_ws/install/dwb_msgs/include/dwb_msgs/msg/detail/trajectory2_d__traits.hpp
[2.048s] -- Up-to-date symlink: /home/ik/aws_ws/install/dwb_msgs/include/dwb_msgs/msg/detail/trajectory_score__builder.hpp
[2.048s] -- Up-to-date symlink: /home/ik/aws_ws/install/dwb_msgs/include/dwb_msgs/msg/detail/trajectory_score__struct.hpp
[2.048s] -- Up-to-date symlink: /home/ik/aws_ws/install/dwb_msgs/include/dwb_msgs/msg/detail/trajectory_score__traits.hpp
[2.048s] -- Up-to-date symlink: /home/ik/aws_ws/install/dwb_msgs/include/dwb_msgs/msg/local_plan_evaluation.hpp
[2.048s] -- Up-to-date symlink: /home/ik/aws_ws/install/dwb_msgs/include/dwb_msgs/msg/trajectory2_d.hpp
[2.048s] -- Up-to-date symlink: /home/ik/aws_ws/install/dwb_msgs/include/dwb_msgs/msg/trajectory_score.hpp
[2.049s] -- Up-to-date symlink: /home/ik/aws_ws/install/dwb_msgs/include/dwb_msgs/srv/debug_local_plan.hpp
[2.049s] -- Up-to-date symlink: /home/ik/aws_ws/install/dwb_msgs/include/dwb_msgs/srv/detail/debug_local_plan__builder.hpp
[2.049s] -- Up-to-date symlink: /home/ik/aws_ws/install/dwb_msgs/include/dwb_msgs/srv/detail/debug_local_plan__struct.hpp
[2.049s] -- Up-to-date symlink: /home/ik/aws_ws/install/dwb_msgs/include/dwb_msgs/srv/detail/debug_local_plan__traits.hpp
[2.049s] -- Up-to-date symlink: /home/ik/aws_ws/install/dwb_msgs/include/dwb_msgs/srv/detail/generate_trajectory__builder.hpp
[2.049s] -- Up-to-date symlink: /home/ik/aws_ws/install/dwb_msgs/include/dwb_msgs/srv/detail/generate_trajectory__struct.hpp
[2.049s] -- Up-to-date symlink: /home/ik/aws_ws/install/dwb_msgs/include/dwb_msgs/srv/detail/generate_trajectory__traits.hpp
[2.049s] -- Up-to-date symlink: /home/ik/aws_ws/install/dwb_msgs/include/dwb_msgs/srv/detail/generate_twists__builder.hpp
[2.050s] -- Up-to-date symlink: /home/ik/aws_ws/install/dwb_msgs/include/dwb_msgs/srv/detail/generate_twists__struct.hpp
[2.050s] -- Up-to-date symlink: /home/ik/aws_ws/install/dwb_msgs/include/dwb_msgs/srv/detail/generate_twists__traits.hpp
[2.050s] -- Up-to-date symlink: /home/ik/aws_ws/install/dwb_msgs/include/dwb_msgs/srv/detail/get_critic_score__builder.hpp
[2.050s] -- Up-to-date symlink: /home/ik/aws_ws/install/dwb_msgs/include/dwb_msgs/srv/detail/get_critic_score__struct.hpp
[2.050s] -- Up-to-date symlink: /home/ik/aws_ws/install/dwb_msgs/include/dwb_msgs/srv/detail/get_critic_score__traits.hpp
[2.050s] -- Up-to-date symlink: /home/ik/aws_ws/install/dwb_msgs/include/dwb_msgs/srv/detail/score_trajectory__builder.hpp
[2.050s] -- Up-to-date symlink: /home/ik/aws_ws/install/dwb_msgs/include/dwb_msgs/srv/detail/score_trajectory__struct.hpp
[2.050s] -- Up-to-date symlink: /home/ik/aws_ws/install/dwb_msgs/include/dwb_msgs/srv/detail/score_trajectory__traits.hpp
[2.050s] -- Up-to-date symlink: /home/ik/aws_ws/install/dwb_msgs/include/dwb_msgs/srv/generate_trajectory.hpp
[2.051s] -- Up-to-date symlink: /home/ik/aws_ws/install/dwb_msgs/include/dwb_msgs/srv/generate_twists.hpp
[2.051s] -- Up-to-date symlink: /home/ik/aws_ws/install/dwb_msgs/include/dwb_msgs/srv/get_critic_score.hpp
[2.051s] -- Up-to-date symlink: /home/ik/aws_ws/install/dwb_msgs/include/dwb_msgs/srv/score_trajectory.hpp
[2.051s] -- Up-to-date symlink: /home/ik/aws_ws/install/dwb_msgs/include/dwb_msgs/msg/detail/critic_score__rosidl_typesupport_introspection_cpp.hpp
[2.051s] -- Up-to-date symlink: /home/ik/aws_ws/install/dwb_msgs/include/dwb_msgs/msg/detail/local_plan_evaluation__rosidl_typesupport_introspection_cpp.hpp
[2.051s] -- Up-to-date symlink: /home/ik/aws_ws/install/dwb_msgs/include/dwb_msgs/msg/detail/trajectory2_d__rosidl_typesupport_introspection_cpp.hpp
[2.052s] -- Up-to-date symlink: /home/ik/aws_ws/install/dwb_msgs/include/dwb_msgs/msg/detail/trajectory_score__rosidl_typesupport_introspection_cpp.hpp
[2.052s] -- Up-to-date symlink: /home/ik/aws_ws/install/dwb_msgs/include/dwb_msgs/srv/detail/debug_local_plan__rosidl_typesupport_introspection_cpp.hpp
[2.052s] -- Up-to-date symlink: /home/ik/aws_ws/install/dwb_msgs/include/dwb_msgs/srv/detail/generate_trajectory__rosidl_typesupport_introspection_cpp.hpp
[2.052s] -- Up-to-date symlink: /home/ik/aws_ws/install/dwb_msgs/include/dwb_msgs/srv/detail/generate_twists__rosidl_typesupport_introspection_cpp.hpp
[2.052s] -- Up-to-date symlink: /home/ik/aws_ws/install/dwb_msgs/include/dwb_msgs/srv/detail/get_critic_score__rosidl_typesupport_introspection_cpp.hpp
[2.052s] -- Up-to-date symlink: /home/ik/aws_ws/install/dwb_msgs/include/dwb_msgs/srv/detail/score_trajectory__rosidl_typesupport_introspection_cpp.hpp
[2.052s] -- Up-to-date symlink: /home/ik/aws_ws/install/dwb_msgs/share/dwb_msgs/environment/pythonpath.sh
[2.053s] -- Up-to-date symlink: /home/ik/aws_ws/install/dwb_msgs/share/dwb_msgs/environment/pythonpath.dsv
[2.053s] -- Up-to-date symlink: /home/ik/aws_ws/install/dwb_msgs/lib/python3.8/site-packages/dwb_msgs/__init__.py
[2.053s] -- Up-to-date symlink: /home/ik/aws_ws/install/dwb_msgs/lib/python3.8/site-packages/dwb_msgs/msg/__init__.py
[2.053s] -- Up-to-date symlink: /home/ik/aws_ws/install/dwb_msgs/lib/python3.8/site-packages/dwb_msgs/msg/_critic_score.py
[2.053s] -- Up-to-date symlink: /home/ik/aws_ws/install/dwb_msgs/lib/python3.8/site-packages/dwb_msgs/msg/_local_plan_evaluation.py
[2.054s] -- Up-to-date symlink: /home/ik/aws_ws/install/dwb_msgs/lib/python3.8/site-packages/dwb_msgs/msg/_trajectory2_d.py
[2.054s] -- Up-to-date symlink: /home/ik/aws_ws/install/dwb_msgs/lib/python3.8/site-packages/dwb_msgs/msg/_trajectory_score.py
[2.054s] -- Up-to-date symlink: /home/ik/aws_ws/install/dwb_msgs/lib/python3.8/site-packages/dwb_msgs/srv/__init__.py
[2.054s] -- Up-to-date symlink: /home/ik/aws_ws/install/dwb_msgs/lib/python3.8/site-packages/dwb_msgs/srv/_debug_local_plan.py
[2.054s] -- Up-to-date symlink: /home/ik/aws_ws/install/dwb_msgs/lib/python3.8/site-packages/dwb_msgs/srv/_generate_trajectory.py
[2.054s] -- Up-to-date symlink: /home/ik/aws_ws/install/dwb_msgs/lib/python3.8/site-packages/dwb_msgs/srv/_generate_twists.py
[2.055s] -- Up-to-date symlink: /home/ik/aws_ws/install/dwb_msgs/lib/python3.8/site-packages/dwb_msgs/srv/_get_critic_score.py
[2.055s] -- Up-to-date symlink: /home/ik/aws_ws/install/dwb_msgs/lib/python3.8/site-packages/dwb_msgs/srv/_score_trajectory.py
[2.055s] -- Up-to-date symlink: /home/ik/aws_ws/install/dwb_msgs/lib/python3.8/site-packages/dwb_msgs/dwb_msgs_s__rosidl_typesupport_fastrtps_c.cpython-38-x86_64-linux-gnu.so
[2.055s] -- Up-to-date symlink: /home/ik/aws_ws/install/dwb_msgs/lib/python3.8/site-packages/dwb_msgs/dwb_msgs_s__rosidl_typesupport_introspection_c.cpython-38-x86_64-linux-gnu.so
[2.056s] -- Up-to-date symlink: /home/ik/aws_ws/install/dwb_msgs/lib/python3.8/site-packages/dwb_msgs/dwb_msgs_s__rosidl_typesupport_c.cpython-38-x86_64-linux-gnu.so
[2.056s] -- Up-to-date symlink: /home/ik/aws_ws/install/dwb_msgs/lib/libdwb_msgs__python.so
[2.056s] -- Up-to-date symlink: /home/ik/aws_ws/install/dwb_msgs/share/dwb_msgs/msg/CriticScore.idl
[2.056s] -- Up-to-date symlink: /home/ik/aws_ws/install/dwb_msgs/share/dwb_msgs/msg/LocalPlanEvaluation.idl
[2.057s] -- Up-to-date symlink: /home/ik/aws_ws/install/dwb_msgs/share/dwb_msgs/msg/Trajectory2D.idl
[2.057s] -- Up-to-date symlink: /home/ik/aws_ws/install/dwb_msgs/share/dwb_msgs/msg/TrajectoryScore.idl
[2.057s] -- Up-to-date symlink: /home/ik/aws_ws/install/dwb_msgs/share/dwb_msgs/srv/DebugLocalPlan.idl
[2.057s] -- Up-to-date symlink: /home/ik/aws_ws/install/dwb_msgs/share/dwb_msgs/srv/GenerateTrajectory.idl
[2.057s] -- Up-to-date symlink: /home/ik/aws_ws/install/dwb_msgs/share/dwb_msgs/srv/GenerateTwists.idl
[2.057s] -- Up-to-date symlink: /home/ik/aws_ws/install/dwb_msgs/share/dwb_msgs/srv/GetCriticScore.idl
[2.058s] -- Up-to-date symlink: /home/ik/aws_ws/install/dwb_msgs/share/dwb_msgs/srv/ScoreTrajectory.idl
[2.058s] -- Up-to-date symlink: /home/ik/aws_ws/install/dwb_msgs/share/dwb_msgs/msg/CriticScore.msg
[2.058s] -- Up-to-date symlink: /home/ik/aws_ws/install/dwb_msgs/share/dwb_msgs/msg/LocalPlanEvaluation.msg
[2.058s] -- Up-to-date symlink: /home/ik/aws_ws/install/dwb_msgs/share/dwb_msgs/msg/Trajectory2D.msg
[2.058s] -- Up-to-date symlink: /home/ik/aws_ws/install/dwb_msgs/share/dwb_msgs/msg/TrajectoryScore.msg
[2.059s] -- Up-to-date symlink: /home/ik/aws_ws/install/dwb_msgs/share/dwb_msgs/srv/DebugLocalPlan.srv
[2.059s] -- Up-to-date symlink: /home/ik/aws_ws/install/dwb_msgs/share/dwb_msgs/srv/DebugLocalPlan_Request.msg
[2.059s] -- Up-to-date symlink: /home/ik/aws_ws/install/dwb_msgs/share/dwb_msgs/srv/DebugLocalPlan_Response.msg
[2.059s] -- Up-to-date symlink: /home/ik/aws_ws/install/dwb_msgs/share/dwb_msgs/srv/GenerateTrajectory.srv
[2.059s] -- Up-to-date symlink: /home/ik/aws_ws/install/dwb_msgs/share/dwb_msgs/srv/GenerateTrajectory_Request.msg
[2.060s] -- Up-to-date symlink: /home/ik/aws_ws/install/dwb_msgs/share/dwb_msgs/srv/GenerateTrajectory_Response.msg
[2.060s] -- Up-to-date symlink: /home/ik/aws_ws/install/dwb_msgs/share/dwb_msgs/srv/GenerateTwists.srv
[2.060s] -- Up-to-date symlink: /home/ik/aws_ws/install/dwb_msgs/share/dwb_msgs/srv/GenerateTwists_Request.msg
[2.060s] -- Up-to-date symlink: /home/ik/aws_ws/install/dwb_msgs/share/dwb_msgs/srv/GenerateTwists_Response.msg
[2.060s] -- Up-to-date symlink: /home/ik/aws_ws/install/dwb_msgs/share/dwb_msgs/srv/GetCriticScore.srv
[2.061s] -- Up-to-date symlink: /home/ik/aws_ws/install/dwb_msgs/share/dwb_msgs/srv/GetCriticScore_Request.msg
[2.061s] -- Up-to-date symlink: /home/ik/aws_ws/install/dwb_msgs/share/dwb_msgs/srv/GetCriticScore_Response.msg
[2.061s] -- Up-to-date symlink: /home/ik/aws_ws/install/dwb_msgs/share/dwb_msgs/srv/ScoreTrajectory.srv
[2.061s] -- Up-to-date symlink: /home/ik/aws_ws/install/dwb_msgs/share/dwb_msgs/srv/ScoreTrajectory_Request.msg
[2.061s] -- Up-to-date symlink: /home/ik/aws_ws/install/dwb_msgs/share/dwb_msgs/srv/ScoreTrajectory_Response.msg
[2.062s] -- Up-to-date symlink: /home/ik/aws_ws/install/dwb_msgs/share/ament_index/resource_index/package_run_dependencies/dwb_msgs
[2.062s] -- Up-to-date symlink: /home/ik/aws_ws/install/dwb_msgs/share/ament_index/resource_index/parent_prefix_path/dwb_msgs
[2.062s] -- Up-to-date symlink: /home/ik/aws_ws/install/dwb_msgs/share/dwb_msgs/environment/ament_prefix_path.sh
[2.062s] -- Up-to-date symlink: /home/ik/aws_ws/install/dwb_msgs/share/dwb_msgs/environment/ament_prefix_path.dsv
[2.062s] -- Up-to-date symlink: /home/ik/aws_ws/install/dwb_msgs/share/dwb_msgs/environment/path.sh
[2.063s] -- Up-to-date symlink: /home/ik/aws_ws/install/dwb_msgs/share/dwb_msgs/environment/path.dsv
[2.063s] -- Up-to-date symlink: /home/ik/aws_ws/install/dwb_msgs/share/dwb_msgs/local_setup.bash
[2.063s] -- Up-to-date symlink: /home/ik/aws_ws/install/dwb_msgs/share/dwb_msgs/local_setup.sh
[2.063s] -- Up-to-date symlink: /home/ik/aws_ws/install/dwb_msgs/share/dwb_msgs/local_setup.zsh
[2.063s] -- Up-to-date symlink: /home/ik/aws_ws/install/dwb_msgs/share/dwb_msgs/local_setup.dsv
[2.063s] -- Symlinking: /home/ik/aws_ws/install/dwb_msgs/share/dwb_msgs/package.dsv
[2.079s] -- Up-to-date symlink: /home/ik/aws_ws/install/dwb_msgs/share/ament_index/resource_index/packages/dwb_msgs
[2.079s] -- Up-to-date symlink: /home/ik/aws_ws/install/dwb_msgs/share/dwb_msgs/cmake/rosidl_cmake-extras.cmake
[2.079s] -- Up-to-date symlink: /home/ik/aws_ws/install/dwb_msgs/share/dwb_msgs/cmake/ament_cmake_export_dependencies-extras.cmake
[2.080s] -- Up-to-date symlink: /home/ik/aws_ws/install/dwb_msgs/share/dwb_msgs/cmake/ament_cmake_export_libraries-extras.cmake
[2.080s] -- Up-to-date symlink: /home/ik/aws_ws/install/dwb_msgs/share/dwb_msgs/cmake/ament_cmake_export_targets-extras.cmake
[2.081s] -- Up-to-date symlink: /home/ik/aws_ws/install/dwb_msgs/share/dwb_msgs/cmake/ament_cmake_export_include_directories-extras.cmake
[2.081s] -- Up-to-date symlink: /home/ik/aws_ws/install/dwb_msgs/share/dwb_msgs/cmake/rosidl_cmake_export_typesupport_libraries-extras.cmake
[2.081s] -- Up-to-date symlink: /home/ik/aws_ws/install/dwb_msgs/share/dwb_msgs/cmake/rosidl_cmake_export_typesupport_targets-extras.cmake
[2.082s] -- Up-to-date symlink: /home/ik/aws_ws/install/dwb_msgs/share/dwb_msgs/cmake/dwb_msgsConfig.cmake
[2.082s] -- Up-to-date symlink: /home/ik/aws_ws/install/dwb_msgs/share/dwb_msgs/cmake/dwb_msgsConfig-version.cmake
[2.083s] -- Up-to-date symlink: /home/ik/aws_ws/install/dwb_msgs/share/dwb_msgs/package.xml
[2.083s] -- Up-to-date: /home/ik/aws_ws/install/dwb_msgs/lib/libdwb_msgs__rosidl_generator_c.so
[2.084s] -- Up-to-date: /home/ik/aws_ws/install/dwb_msgs/lib/libdwb_msgs__rosidl_typesupport_introspection_c.so
[2.084s] -- Up-to-date: /home/ik/aws_ws/install/dwb_msgs/lib/libdwb_msgs__rosidl_typesupport_c.so
[2.085s] -- Up-to-date: /home/ik/aws_ws/install/dwb_msgs/lib/libdwb_msgs__rosidl_typesupport_introspection_cpp.so
[2.085s] -- Up-to-date: /home/ik/aws_ws/install/dwb_msgs/lib/libdwb_msgs__rosidl_typesupport_cpp.so
[2.115s] Compiling '/home/ik/aws_ws/install/dwb_msgs/lib/python3.8/site-packages/dwb_msgs/__init__.py'...
[2.120s] -- Up-to-date: /home/ik/aws_ws/install/dwb_msgs/share/dwb_msgs/cmake/dwb_msgs__rosidl_generator_cExport.cmake
[2.120s] -- Installing: /home/ik/aws_ws/install/dwb_msgs/share/dwb_msgs/cmake/dwb_msgs__rosidl_generator_cExport-noconfig.cmake
[2.120s] -- Up-to-date: /home/ik/aws_ws/install/dwb_msgs/share/dwb_msgs/cmake/dwb_msgs__rosidl_typesupport_introspection_cExport.cmake
[2.120s] -- Installing: /home/ik/aws_ws/install/dwb_msgs/share/dwb_msgs/cmake/dwb_msgs__rosidl_typesupport_introspection_cExport-noconfig.cmake
[2.121s] -- Up-to-date: /home/ik/aws_ws/install/dwb_msgs/share/dwb_msgs/cmake/dwb_msgs__rosidl_typesupport_cExport.cmake
[2.122s] -- Installing: /home/ik/aws_ws/install/dwb_msgs/share/dwb_msgs/cmake/dwb_msgs__rosidl_typesupport_cExport-noconfig.cmake
[2.122s] -- Up-to-date: /home/ik/aws_ws/install/dwb_msgs/share/dwb_msgs/cmake/dwb_msgs__rosidl_generator_cppExport.cmake
[2.122s] -- Up-to-date: /home/ik/aws_ws/install/dwb_msgs/share/dwb_msgs/cmake/dwb_msgs__rosidl_typesupport_introspection_cppExport.cmake
[2.122s] -- Installing: /home/ik/aws_ws/install/dwb_msgs/share/dwb_msgs/cmake/dwb_msgs__rosidl_typesupport_introspection_cppExport-noconfig.cmake
[2.122s] -- Up-to-date: /home/ik/aws_ws/install/dwb_msgs/share/dwb_msgs/cmake/dwb_msgs__rosidl_typesupport_cppExport.cmake
[2.122s] -- Installing: /home/ik/aws_ws/install/dwb_msgs/share/dwb_msgs/cmake/dwb_msgs__rosidl_typesupport_cppExport-noconfig.cmake
[2.131s] Invoked command in '/home/ik/aws_ws/build/dwb_msgs' returned '0': AMENT_PREFIX_PATH=/home/ik/aws_ws/install/nav_2d_msgs:${AMENT_PREFIX_PATH} CMAKE_PREFIX_PATH=/home/ik/aws_ws/install/nav_2d_msgs:/opt/ros/foxy LD_LIBRARY_PATH=/home/ik/aws_ws/install/nav_2d_msgs/lib:${LD_LIBRARY_PATH} PYTHONPATH=/home/ik/aws_ws/install/nav_2d_msgs/lib/python3.8/site-packages:${PYTHONPATH} /usr/bin/cmake --install /home/ik/aws_ws/build/dwb_msgs
