[0.029s] Invoking command in '/home/ik/aws_ws/build/costmap_queue': AMENT_PREFIX_PATH=/home/ik/aws_ws/install/nav2_costmap_2d:/home/ik/aws_ws/install/nav2_util:/home/ik/aws_ws/install/nav2_voxel_grid:/home/ik/aws_ws/install/nav2_msgs:/home/ik/aws_ws/install/nav2_common:${AMENT_PREFIX_PATH} CMAKE_PREFIX_PATH=/home/ik/aws_ws/install/nav2_costmap_2d:/home/ik/aws_ws/install/nav2_util:/home/ik/aws_ws/install/nav2_voxel_grid:/home/ik/aws_ws/install/nav2_msgs:/home/ik/aws_ws/install/nav2_common:/opt/ros/foxy LD_LIBRARY_PATH=/home/ik/aws_ws/install/nav2_costmap_2d/lib:/home/ik/aws_ws/install/nav2_util/lib:/home/ik/aws_ws/install/nav2_voxel_grid/lib:/home/ik/aws_ws/install/nav2_msgs/lib:${LD_LIBRARY_PATH} PYTHONPATH=/home/ik/aws_ws/install/nav2_msgs/lib/python3.8/site-packages:/home/ik/aws_ws/install/nav2_common/lib/python3.8/site-packages:${PYTHONPATH} /usr/bin/cmake --build /home/ik/aws_ws/build/costmap_queue -- -j8 -l8
[0.062s] -- Found ament_cmake: 0.9.11 (/opt/ros/foxy/share/ament_cmake/cmake)
[0.088s] -- Using PYTHON_EXECUTABLE: /usr/bin/python3
[0.235s] -- Override CMake install command with custom implementation using symlinks instead of copying resources
[0.246s] -- Found nav2_common: 0.4.7 (/home/ik/aws_ws/install/nav2_common/share/nav2_common/cmake)
[0.246s] -- Found nav2_costmap_2d: 0.4.7 (/home/ik/aws_ws/install/nav2_costmap_2d/share/nav2_costmap_2d/cmake)
[0.267s] -- Using all available rosidl_typesupport_c: rosidl_typesupport_fastrtps_c;rosidl_typesupport_introspection_c
[0.270s] -- Found rosidl_adapter: 1.3.0 (/opt/ros/foxy/share/rosidl_adapter/cmake)
[0.394s] -- Using all available rosidl_typesupport_cpp: rosidl_typesupport_fastrtps_cpp;rosidl_typesupport_introspection_cpp
[1.215s] -- Found rmw_implementation_cmake: 1.0.4 (/opt/ros/foxy/share/rmw_implementation_cmake/cmake)
[1.217s] -- Using RMW implementation 'rmw_fastrtps_cpp' as default
[2.469s] -- Found ament_lint_auto: 0.9.8 (/opt/ros/foxy/share/ament_lint_auto/cmake)
[2.544s] -- Found gtest sources under '/opt/ros/foxy/src/gtest_vendor': C++ tests using 'Google Test' will be built
[3.728s] -- Added test 'cppcheck' to perform static code analysis on C / C++ code
[3.730s] -- Configured cppcheck include dirs: /home/ik/aws_ws/src/navigation2/nav2_dwb_controller/costmap_queue/include
[3.730s] -- Configured cppcheck exclude dirs and/or files: 
[3.732s] -- Added test 'cpplint' to check C / C++ code against the Google style
[3.733s] -- Configured cpplint exclude dirs and/or files: 
[3.735s] -- Added test 'lint_cmake' to check CMake code style
[3.737s] -- Added test 'uncrustify' to check C / C++ code style
[3.737s] -- Configured uncrustify additional arguments: 
[3.739s] -- Added test 'xmllint' to check XML markup files
[3.751s] -- Configuring done
[3.979s] -- Generating done
[3.984s] -- Build files have been written to: /home/ik/aws_ws/build/costmap_queue
[4.072s] [  9%] [32mBuilding CXX object CMakeFiles/costmap_queue.dir/src/costmap_queue.cpp.o[0m
[4.085s] [ 18%] [32mBuilding CXX object CMakeFiles/costmap_queue.dir/src/limited_costmap_queue.cpp.o[0m
[4.093s] [ 36%] Built target gtest
[4.098s] [ 54%] Built target gtest_main
[4.233s] [ 63%] [32mBuilding CXX object CMakeFiles/mbq_test.dir/test/mbq_test.cpp.o[0m
[5.748s] [ 72%] [32m[1mLinking CXX static library libcostmap_queue.a[0m
[5.844s] [ 72%] Built target costmap_queue
[5.893s] [ 81%] [32mBuilding CXX object CMakeFiles/utest.dir/test/utest.cpp.o[0m
[6.284s] [ 90%] [32m[1mLinking CXX executable mbq_test[0m
[6.565s] [ 90%] Built target mbq_test
[10.030s] [100%] [32m[1mLinking CXX executable utest[0m
[10.507s] [100%] Built target utest
[10.525s] Invoked command in '/home/ik/aws_ws/build/costmap_queue' returned '0': AMENT_PREFIX_PATH=/home/ik/aws_ws/install/nav2_costmap_2d:/home/ik/aws_ws/install/nav2_util:/home/ik/aws_ws/install/nav2_voxel_grid:/home/ik/aws_ws/install/nav2_msgs:/home/ik/aws_ws/install/nav2_common:${AMENT_PREFIX_PATH} CMAKE_PREFIX_PATH=/home/ik/aws_ws/install/nav2_costmap_2d:/home/ik/aws_ws/install/nav2_util:/home/ik/aws_ws/install/nav2_voxel_grid:/home/ik/aws_ws/install/nav2_msgs:/home/ik/aws_ws/install/nav2_common:/opt/ros/foxy LD_LIBRARY_PATH=/home/ik/aws_ws/install/nav2_costmap_2d/lib:/home/ik/aws_ws/install/nav2_util/lib:/home/ik/aws_ws/install/nav2_voxel_grid/lib:/home/ik/aws_ws/install/nav2_msgs/lib:${LD_LIBRARY_PATH} PYTHONPATH=/home/ik/aws_ws/install/nav2_msgs/lib/python3.8/site-packages:/home/ik/aws_ws/install/nav2_common/lib/python3.8/site-packages:${PYTHONPATH} /usr/bin/cmake --build /home/ik/aws_ws/build/costmap_queue -- -j8 -l8
[10.582s] Invoking command in '/home/ik/aws_ws/build/costmap_queue': AMENT_PREFIX_PATH=/home/ik/aws_ws/install/nav2_costmap_2d:/home/ik/aws_ws/install/nav2_util:/home/ik/aws_ws/install/nav2_voxel_grid:/home/ik/aws_ws/install/nav2_msgs:/home/ik/aws_ws/install/nav2_common:${AMENT_PREFIX_PATH} CMAKE_PREFIX_PATH=/home/ik/aws_ws/install/nav2_costmap_2d:/home/ik/aws_ws/install/nav2_util:/home/ik/aws_ws/install/nav2_voxel_grid:/home/ik/aws_ws/install/nav2_msgs:/home/ik/aws_ws/install/nav2_common:/opt/ros/foxy LD_LIBRARY_PATH=/home/ik/aws_ws/install/nav2_costmap_2d/lib:/home/ik/aws_ws/install/nav2_util/lib:/home/ik/aws_ws/install/nav2_voxel_grid/lib:/home/ik/aws_ws/install/nav2_msgs/lib:${LD_LIBRARY_PATH} PYTHONPATH=/home/ik/aws_ws/install/nav2_msgs/lib/python3.8/site-packages:/home/ik/aws_ws/install/nav2_common/lib/python3.8/site-packages:${PYTHONPATH} /usr/bin/cmake --install /home/ik/aws_ws/build/costmap_queue
[15.373s] -- Install configuration: "Release"
[15.377s] -- Execute custom install script
[15.378s] -- Up-to-date symlink: /home/ik/aws_ws/install/costmap_queue/lib/libcostmap_queue.a
[15.379s] -- Up-to-date symlink: /home/ik/aws_ws/install/costmap_queue/include//costmap_queue/costmap_queue.hpp
[15.379s] -- Up-to-date symlink: /home/ik/aws_ws/install/costmap_queue/include//costmap_queue/limited_costmap_queue.hpp
[15.380s] -- Up-to-date symlink: /home/ik/aws_ws/install/costmap_queue/include//costmap_queue/map_based_queue.hpp
[15.380s] -- Up-to-date symlink: /home/ik/aws_ws/install/costmap_queue/share/costmap_queue/environment/library_path.sh
[15.381s] -- Up-to-date symlink: /home/ik/aws_ws/install/costmap_queue/share/costmap_queue/environment/library_path.dsv
[15.381s] -- Up-to-date symlink: /home/ik/aws_ws/install/costmap_queue/share/ament_index/resource_index/package_run_dependencies/costmap_queue
[15.382s] -- Up-to-date symlink: /home/ik/aws_ws/install/costmap_queue/share/ament_index/resource_index/parent_prefix_path/costmap_queue
[15.383s] -- Up-to-date symlink: /home/ik/aws_ws/install/costmap_queue/share/costmap_queue/environment/ament_prefix_path.sh
[15.383s] -- Up-to-date symlink: /home/ik/aws_ws/install/costmap_queue/share/costmap_queue/environment/ament_prefix_path.dsv
[15.384s] -- Up-to-date symlink: /home/ik/aws_ws/install/costmap_queue/share/costmap_queue/environment/path.sh
[15.384s] -- Up-to-date symlink: /home/ik/aws_ws/install/costmap_queue/share/costmap_queue/environment/path.dsv
[15.385s] -- Up-to-date symlink: /home/ik/aws_ws/install/costmap_queue/share/costmap_queue/local_setup.bash
[15.385s] -- Up-to-date symlink: /home/ik/aws_ws/install/costmap_queue/share/costmap_queue/local_setup.sh
[15.386s] -- Up-to-date symlink: /home/ik/aws_ws/install/costmap_queue/share/costmap_queue/local_setup.zsh
[15.387s] -- Up-to-date symlink: /home/ik/aws_ws/install/costmap_queue/share/costmap_queue/local_setup.dsv
[15.387s] -- Symlinking: /home/ik/aws_ws/install/costmap_queue/share/costmap_queue/package.dsv
[15.388s] -- Up-to-date symlink: /home/ik/aws_ws/install/costmap_queue/share/ament_index/resource_index/packages/costmap_queue
[15.388s] -- Up-to-date symlink: /home/ik/aws_ws/install/costmap_queue/share/costmap_queue/cmake/ament_cmake_export_include_directories-extras.cmake
[15.389s] -- Up-to-date symlink: /home/ik/aws_ws/install/costmap_queue/share/costmap_queue/cmake/ament_cmake_export_libraries-extras.cmake
[15.389s] -- Up-to-date symlink: /home/ik/aws_ws/install/costmap_queue/share/costmap_queue/cmake/costmap_queueConfig.cmake
[15.390s] -- Up-to-date symlink: /home/ik/aws_ws/install/costmap_queue/share/costmap_queue/cmake/costmap_queueConfig-version.cmake
[15.390s] -- Up-to-date symlink: /home/ik/aws_ws/install/costmap_queue/share/costmap_queue/package.xml
[15.419s] Invoked command in '/home/ik/aws_ws/build/costmap_queue' returned '0': AMENT_PREFIX_PATH=/home/ik/aws_ws/install/nav2_costmap_2d:/home/ik/aws_ws/install/nav2_util:/home/ik/aws_ws/install/nav2_voxel_grid:/home/ik/aws_ws/install/nav2_msgs:/home/ik/aws_ws/install/nav2_common:${AMENT_PREFIX_PATH} CMAKE_PREFIX_PATH=/home/ik/aws_ws/install/nav2_costmap_2d:/home/ik/aws_ws/install/nav2_util:/home/ik/aws_ws/install/nav2_voxel_grid:/home/ik/aws_ws/install/nav2_msgs:/home/ik/aws_ws/install/nav2_common:/opt/ros/foxy LD_LIBRARY_PATH=/home/ik/aws_ws/install/nav2_costmap_2d/lib:/home/ik/aws_ws/install/nav2_util/lib:/home/ik/aws_ws/install/nav2_voxel_grid/lib:/home/ik/aws_ws/install/nav2_msgs/lib:${LD_LIBRARY_PATH} PYTHONPATH=/home/ik/aws_ws/install/nav2_msgs/lib/python3.8/site-packages:/home/ik/aws_ws/install/nav2_common/lib/python3.8/site-packages:${PYTHONPATH} /usr/bin/cmake --install /home/ik/aws_ws/build/costmap_queue
