[0.055s] Invoking command in '/home/ik/aws_ws/build/basic_mobile_robot': CMAKE_PREFIX_PATH=/opt/ros/foxy /usr/bin/cmake --build /home/ik/aws_ws/build/basic_mobile_robot -- -j8 -l8
[0.268s] Invoked command in '/home/ik/aws_ws/build/basic_mobile_robot' returned '0': CMAKE_PREFIX_PATH=/opt/ros/foxy /usr/bin/cmake --build /home/ik/aws_ws/build/basic_mobile_robot -- -j8 -l8
[0.317s] Invoking command in '/home/ik/aws_ws/build/basic_mobile_robot': CMAKE_PREFIX_PATH=/opt/ros/foxy /usr/bin/cmake --install /home/ik/aws_ws/build/basic_mobile_robot
[0.331s] -- Install configuration: ""
[0.331s] -- Up-to-date: /home/ik/aws_ws/install/basic_mobile_robot/share/basic_mobile_robot/config
[0.337s] -- Up-to-date: /home/ik/aws_ws/install/basic_mobile_robot/share/basic_mobile_robot/config/ekf.yaml
[0.337s] -- Up-to-date: /home/ik/aws_ws/install/basic_mobile_robot/share/basic_mobile_robot/launch
[0.337s] -- Up-to-date: /home/ik/aws_ws/install/basic_mobile_robot/share/basic_mobile_robot/launch/basic_mobile_bot_v1.launch.py
[0.337s] -- Up-to-date: /home/ik/aws_ws/install/basic_mobile_robot/share/basic_mobile_robot/launch/basic_mobile_bot_v3.launch.py
[0.337s] -- Up-to-date: /home/ik/aws_ws/install/basic_mobile_robot/share/basic_mobile_robot/launch/basic_mobile_bot_v5.launch.py
[0.337s] -- Up-to-date: /home/ik/aws_ws/install/basic_mobile_robot/share/basic_mobile_robot/launch/basic_mobile_bot_v2.launch.py
[0.337s] -- Up-to-date: /home/ik/aws_ws/install/basic_mobile_robot/share/basic_mobile_robot/launch/basic_mobile_bot_v4.launch.py
[0.337s] -- Up-to-date: /home/ik/aws_ws/install/basic_mobile_robot/share/basic_mobile_robot/maps
[0.338s] -- Up-to-date: /home/ik/aws_ws/install/basic_mobile_robot/share/basic_mobile_robot/maps/map.pgm
[0.338s] -- Up-to-date: /home/ik/aws_ws/install/basic_mobile_robot/share/basic_mobile_robot/maps/smalltown_world.yaml
[0.338s] -- Up-to-date: /home/ik/aws_ws/install/basic_mobile_robot/share/basic_mobile_robot/maps/map.yaml
[0.338s] -- Up-to-date: /home/ik/aws_ws/install/basic_mobile_robot/share/basic_mobile_robot/maps/smalltown_world.pgm
[0.338s] -- Up-to-date: /home/ik/aws_ws/install/basic_mobile_robot/share/basic_mobile_robot/meshes
[0.339s] -- Up-to-date: /home/ik/aws_ws/install/basic_mobile_robot/share/basic_mobile_robot/meshes/wrist.stl
[0.340s] -- Up-to-date: /home/ik/aws_ws/install/basic_mobile_robot/share/basic_mobile_robot/meshes/bicep.stl
[0.340s] -- Up-to-date: /home/ik/aws_ws/install/basic_mobile_robot/share/basic_mobile_robot/meshes/arm_base.stl
[0.340s] -- Up-to-date: /home/ik/aws_ws/install/basic_mobile_robot/share/basic_mobile_robot/meshes/robot_base.stl
[0.340s] -- Up-to-date: /home/ik/aws_ws/install/basic_mobile_robot/share/basic_mobile_robot/meshes/elbow.stl
[0.340s] -- Up-to-date: /home/ik/aws_ws/install/basic_mobile_robot/share/basic_mobile_robot/meshes/wheel.stl
[0.340s] -- Up-to-date: /home/ik/aws_ws/install/basic_mobile_robot/share/basic_mobile_robot/models
[0.340s] -- Up-to-date: /home/ik/aws_ws/install/basic_mobile_robot/share/basic_mobile_robot/models/basic_mobile_bot_v2.urdf
[0.340s] -- Up-to-date: /home/ik/aws_ws/install/basic_mobile_robot/share/basic_mobile_robot/models/aws_robomaker_warehouse_Bucket_01
[0.341s] -- Up-to-date: /home/ik/aws_ws/install/basic_mobile_robot/share/basic_mobile_robot/models/aws_robomaker_warehouse_Bucket_01/materials
[0.341s] -- Up-to-date: /home/ik/aws_ws/install/basic_mobile_robot/share/basic_mobile_robot/models/aws_robomaker_warehouse_Bucket_01/materials/textures
[0.341s] -- Up-to-date: /home/ik/aws_ws/install/basic_mobile_robot/share/basic_mobile_robot/models/aws_robomaker_warehouse_Bucket_01/materials/textures/aws_robomaker_warehouse_Bucket_01.png
[0.341s] -- Up-to-date: /home/ik/aws_ws/install/basic_mobile_robot/share/basic_mobile_robot/models/aws_robomaker_warehouse_Bucket_01/materials/.DS_Store
[0.341s] -- Up-to-date: /home/ik/aws_ws/install/basic_mobile_robot/share/basic_mobile_robot/models/aws_robomaker_warehouse_Bucket_01/model.sdf
[0.341s] -- Up-to-date: /home/ik/aws_ws/install/basic_mobile_robot/share/basic_mobile_robot/models/aws_robomaker_warehouse_Bucket_01/.DS_Store
[0.341s] -- Up-to-date: /home/ik/aws_ws/install/basic_mobile_robot/share/basic_mobile_robot/models/aws_robomaker_warehouse_Bucket_01/model.config
[0.341s] -- Up-to-date: /home/ik/aws_ws/install/basic_mobile_robot/share/basic_mobile_robot/models/aws_robomaker_warehouse_Bucket_01/meshes
[0.341s] -- Up-to-date: /home/ik/aws_ws/install/basic_mobile_robot/share/basic_mobile_robot/models/aws_robomaker_warehouse_Bucket_01/meshes/aws_robomaker_warehouse_Bucket_01_visual.DAE
[0.341s] -- Up-to-date: /home/ik/aws_ws/install/basic_mobile_robot/share/basic_mobile_robot/models/aws_robomaker_warehouse_Bucket_01/meshes/aws_robomaker_warehouse_Bucket_01_collision.DAE
[0.341s] -- Up-to-date: /home/ik/aws_ws/install/basic_mobile_robot/share/basic_mobile_robot/models/aws_robomaker_warehouse_DeskC_01
[0.341s] -- Up-to-date: /home/ik/aws_ws/install/basic_mobile_robot/share/basic_mobile_robot/models/aws_robomaker_warehouse_DeskC_01/materials
[0.341s] -- Up-to-date: /home/ik/aws_ws/install/basic_mobile_robot/share/basic_mobile_robot/models/aws_robomaker_warehouse_DeskC_01/materials/textures
[0.341s] -- Up-to-date: /home/ik/aws_ws/install/basic_mobile_robot/share/basic_mobile_robot/models/aws_robomaker_warehouse_DeskC_01/materials/textures/aws_robomaker_warehouse_DeskC_03.png
[0.342s] -- Up-to-date: /home/ik/aws_ws/install/basic_mobile_robot/share/basic_mobile_robot/models/aws_robomaker_warehouse_DeskC_01/materials/textures/aws_robomaker_warehouse_DeskC_01.png
[0.342s] -- Up-to-date: /home/ik/aws_ws/install/basic_mobile_robot/share/basic_mobile_robot/models/aws_robomaker_warehouse_DeskC_01/materials/textures/aws_robomaker_warehouse_DeskC_03.psd
[0.342s] -- Up-to-date: /home/ik/aws_ws/install/basic_mobile_robot/share/basic_mobile_robot/models/aws_robomaker_warehouse_DeskC_01/materials/textures/aws_robomaker_warehouse_DeskC_04.png
[0.342s] -- Up-to-date: /home/ik/aws_ws/install/basic_mobile_robot/share/basic_mobile_robot/models/aws_robomaker_warehouse_DeskC_01/materials/textures/aws_robomaker_warehouse_DeskC_02.png
[0.342s] -- Up-to-date: /home/ik/aws_ws/install/basic_mobile_robot/share/basic_mobile_robot/models/aws_robomaker_warehouse_DeskC_01/materials/.DS_Store
[0.342s] -- Up-to-date: /home/ik/aws_ws/install/basic_mobile_robot/share/basic_mobile_robot/models/aws_robomaker_warehouse_DeskC_01/model.sdf
[0.342s] -- Up-to-date: /home/ik/aws_ws/install/basic_mobile_robot/share/basic_mobile_robot/models/aws_robomaker_warehouse_DeskC_01/model.config
[0.342s] -- Up-to-date: /home/ik/aws_ws/install/basic_mobile_robot/share/basic_mobile_robot/models/aws_robomaker_warehouse_DeskC_01/meshes
[0.342s] -- Up-to-date: /home/ik/aws_ws/install/basic_mobile_robot/share/basic_mobile_robot/models/aws_robomaker_warehouse_DeskC_01/meshes/aws_robomaker_warehouse_DeskC_01_visual.DAE
[0.342s] -- Up-to-date: /home/ik/aws_ws/install/basic_mobile_robot/share/basic_mobile_robot/models/aws_robomaker_warehouse_DeskC_01/meshes/aws_robomaker_warehouse_DeskC_01_collision.DAE
[0.342s] -- Up-to-date: /home/ik/aws_ws/install/basic_mobile_robot/share/basic_mobile_robot/models/aws_robomaker_warehouse_ClutteringD_01
[0.342s] -- Up-to-date: /home/ik/aws_ws/install/basic_mobile_robot/share/basic_mobile_robot/models/aws_robomaker_warehouse_ClutteringD_01/materials
[0.342s] -- Up-to-date: /home/ik/aws_ws/install/basic_mobile_robot/share/basic_mobile_robot/models/aws_robomaker_warehouse_ClutteringD_01/materials/textures
[0.342s] -- Up-to-date: /home/ik/aws_ws/install/basic_mobile_robot/share/basic_mobile_robot/models/aws_robomaker_warehouse_ClutteringD_01/materials/textures/aws_robomaker_warehouse_ClutteringD_01.png
[0.342s] -- Up-to-date: /home/ik/aws_ws/install/basic_mobile_robot/share/basic_mobile_robot/models/aws_robomaker_warehouse_ClutteringD_01/materials/textures/aws_robomaker_warehouse_ClutteringD_02.png
[0.345s] -- Up-to-date: /home/ik/aws_ws/install/basic_mobile_robot/share/basic_mobile_robot/models/aws_robomaker_warehouse_ClutteringD_01/model.sdf
[0.346s] -- Up-to-date: /home/ik/aws_ws/install/basic_mobile_robot/share/basic_mobile_robot/models/aws_robomaker_warehouse_ClutteringD_01/model.config
[0.346s] -- Up-to-date: /home/ik/aws_ws/install/basic_mobile_robot/share/basic_mobile_robot/models/aws_robomaker_warehouse_ClutteringD_01/meshes
[0.346s] -- Up-to-date: /home/ik/aws_ws/install/basic_mobile_robot/share/basic_mobile_robot/models/aws_robomaker_warehouse_ClutteringD_01/meshes/aws_robomaker_warehouse_ClutteringD_01_visual.DAE
[0.346s] -- Up-to-date: /home/ik/aws_ws/install/basic_mobile_robot/share/basic_mobile_robot/models/aws_robomaker_warehouse_ClutteringD_01/meshes/aws_robomaker_warehouse_ClutteringD_01_collision.DAE
[0.346s] -- Up-to-date: /home/ik/aws_ws/install/basic_mobile_robot/share/basic_mobile_robot/models/aws_robomaker_warehouse_WallB_01
[0.346s] -- Up-to-date: /home/ik/aws_ws/install/basic_mobile_robot/share/basic_mobile_robot/models/aws_robomaker_warehouse_WallB_01/materials
[0.346s] -- Up-to-date: /home/ik/aws_ws/install/basic_mobile_robot/share/basic_mobile_robot/models/aws_robomaker_warehouse_WallB_01/materials/textures
[0.346s] -- Up-to-date: /home/ik/aws_ws/install/basic_mobile_robot/share/basic_mobile_robot/models/aws_robomaker_warehouse_WallB_01/materials/textures/aws_robomaker_warehouse_WallB_01.png
[0.346s] -- Up-to-date: /home/ik/aws_ws/install/basic_mobile_robot/share/basic_mobile_robot/models/aws_robomaker_warehouse_WallB_01/model.sdf
[0.346s] -- Up-to-date: /home/ik/aws_ws/install/basic_mobile_robot/share/basic_mobile_robot/models/aws_robomaker_warehouse_WallB_01/model.config
[0.346s] -- Up-to-date: /home/ik/aws_ws/install/basic_mobile_robot/share/basic_mobile_robot/models/aws_robomaker_warehouse_WallB_01/meshes
[0.347s] -- Up-to-date: /home/ik/aws_ws/install/basic_mobile_robot/share/basic_mobile_robot/models/aws_robomaker_warehouse_WallB_01/meshes/aws_robomaker_warehouse_WallB_01_visual.DAE
[0.347s] -- Up-to-date: /home/ik/aws_ws/install/basic_mobile_robot/share/basic_mobile_robot/models/aws_robomaker_warehouse_WallB_01/meshes/aws_robomaker_warehouse_WallB_01_collision.DAE
[0.347s] -- Up-to-date: /home/ik/aws_ws/install/basic_mobile_robot/share/basic_mobile_robot/models/aws_robomaker_warehouse_ShelfD_01
[0.347s] -- Up-to-date: /home/ik/aws_ws/install/basic_mobile_robot/share/basic_mobile_robot/models/aws_robomaker_warehouse_ShelfD_01/materials
[0.347s] -- Up-to-date: /home/ik/aws_ws/install/basic_mobile_robot/share/basic_mobile_robot/models/aws_robomaker_warehouse_ShelfD_01/materials/textures
[0.347s] -- Up-to-date: /home/ik/aws_ws/install/basic_mobile_robot/share/basic_mobile_robot/models/aws_robomaker_warehouse_ShelfD_01/materials/textures/aws_robomaker_warehouse_ShelfD_04.png
[0.347s] -- Up-to-date: /home/ik/aws_ws/install/basic_mobile_robot/share/basic_mobile_robot/models/aws_robomaker_warehouse_ShelfD_01/materials/textures/aws_robomaker_warehouse_ShelfD_02.png
[0.347s] -- Up-to-date: /home/ik/aws_ws/install/basic_mobile_robot/share/basic_mobile_robot/models/aws_robomaker_warehouse_ShelfD_01/materials/textures/aws_robomaker_warehouse_ShelfD_03.png
[0.347s] -- Up-to-date: /home/ik/aws_ws/install/basic_mobile_robot/share/basic_mobile_robot/models/aws_robomaker_warehouse_ShelfD_01/materials/textures/aws_robomaker_warehouse_ShelfD_01.png
[0.347s] -- Up-to-date: /home/ik/aws_ws/install/basic_mobile_robot/share/basic_mobile_robot/models/aws_robomaker_warehouse_ShelfD_01/model.sdf
[0.347s] -- Up-to-date: /home/ik/aws_ws/install/basic_mobile_robot/share/basic_mobile_robot/models/aws_robomaker_warehouse_ShelfD_01/model.config
[0.347s] -- Up-to-date: /home/ik/aws_ws/install/basic_mobile_robot/share/basic_mobile_robot/models/aws_robomaker_warehouse_ShelfD_01/meshes
[0.347s] -- Up-to-date: /home/ik/aws_ws/install/basic_mobile_robot/share/basic_mobile_robot/models/aws_robomaker_warehouse_ShelfD_01/meshes/aws_robomaker_warehouse_ShelfD_01_collision.DAE
[0.347s] -- Up-to-date: /home/ik/aws_ws/install/basic_mobile_robot/share/basic_mobile_robot/models/aws_robomaker_warehouse_ShelfD_01/meshes/aws_robomaker_warehouse_ShelfD_01_visual.DAE
[0.347s] -- Up-to-date: /home/ik/aws_ws/install/basic_mobile_robot/share/basic_mobile_robot/models/aws_robomaker_warehouse_ClutteringA_01
[0.347s] -- Up-to-date: /home/ik/aws_ws/install/basic_mobile_robot/share/basic_mobile_robot/models/aws_robomaker_warehouse_ClutteringA_01/materials
[0.348s] -- Up-to-date: /home/ik/aws_ws/install/basic_mobile_robot/share/basic_mobile_robot/models/aws_robomaker_warehouse_ClutteringA_01/materials/textures
[0.348s] -- Up-to-date: /home/ik/aws_ws/install/basic_mobile_robot/share/basic_mobile_robot/models/aws_robomaker_warehouse_ClutteringA_01/materials/textures/aws_robomaker_warehouse_ClutteringA_03.png
[0.348s] -- Up-to-date: /home/ik/aws_ws/install/basic_mobile_robot/share/basic_mobile_robot/models/aws_robomaker_warehouse_ClutteringA_01/materials/textures/.DS_Store
[0.348s] -- Up-to-date: /home/ik/aws_ws/install/basic_mobile_robot/share/basic_mobile_robot/models/aws_robomaker_warehouse_ClutteringA_01/materials/textures/aws_robomaker_warehouse_ClutteringA_01.png
[0.348s] -- Up-to-date: /home/ik/aws_ws/install/basic_mobile_robot/share/basic_mobile_robot/models/aws_robomaker_warehouse_ClutteringA_01/materials/textures/aws_robomaker_warehouse_ClutteringA_02.png
[0.348s] -- Up-to-date: /home/ik/aws_ws/install/basic_mobile_robot/share/basic_mobile_robot/models/aws_robomaker_warehouse_ClutteringA_01/materials/.DS_Store
[0.348s] -- Up-to-date: /home/ik/aws_ws/install/basic_mobile_robot/share/basic_mobile_robot/models/aws_robomaker_warehouse_ClutteringA_01/model.sdf
[0.348s] -- Up-to-date: /home/ik/aws_ws/install/basic_mobile_robot/share/basic_mobile_robot/models/aws_robomaker_warehouse_ClutteringA_01/.DS_Store
[0.348s] -- Up-to-date: /home/ik/aws_ws/install/basic_mobile_robot/share/basic_mobile_robot/models/aws_robomaker_warehouse_ClutteringA_01/model.config
[0.348s] -- Up-to-date: /home/ik/aws_ws/install/basic_mobile_robot/share/basic_mobile_robot/models/aws_robomaker_warehouse_ClutteringA_01/meshes
[0.348s] -- Up-to-date: /home/ik/aws_ws/install/basic_mobile_robot/share/basic_mobile_robot/models/aws_robomaker_warehouse_ClutteringA_01/meshes/aws_robomaker_warehouse_ClutteringA_01_collision.DAE
[0.348s] -- Up-to-date: /home/ik/aws_ws/install/basic_mobile_robot/share/basic_mobile_robot/models/aws_robomaker_warehouse_ClutteringA_01/meshes/aws_robomaker_warehouse_ClutteringA_01_visual.DAE
[0.348s] -- Up-to-date: /home/ik/aws_ws/install/basic_mobile_robot/share/basic_mobile_robot/models/aws_robomaker_warehouse_ShelfE_01
[0.348s] -- Up-to-date: /home/ik/aws_ws/install/basic_mobile_robot/share/basic_mobile_robot/models/aws_robomaker_warehouse_ShelfE_01/materials
[0.349s] -- Up-to-date: /home/ik/aws_ws/install/basic_mobile_robot/share/basic_mobile_robot/models/aws_robomaker_warehouse_ShelfE_01/materials/textures
[0.349s] -- Up-to-date: /home/ik/aws_ws/install/basic_mobile_robot/share/basic_mobile_robot/models/aws_robomaker_warehouse_ShelfE_01/materials/textures/aws_robomaker_warehouse_ShelfE_01.png
[0.349s] -- Up-to-date: /home/ik/aws_ws/install/basic_mobile_robot/share/basic_mobile_robot/models/aws_robomaker_warehouse_ShelfE_01/materials/textures/aws_robomaker_warehouse_ShelfE_02.png
[0.349s] -- Up-to-date: /home/ik/aws_ws/install/basic_mobile_robot/share/basic_mobile_robot/models/aws_robomaker_warehouse_ShelfE_01/materials/textures/aws_robomaker_warehouse_ShelfE_03.png
[0.349s] -- Up-to-date: /home/ik/aws_ws/install/basic_mobile_robot/share/basic_mobile_robot/models/aws_robomaker_warehouse_ShelfE_01/materials/textures/aws_robomaker_warehouse_ShelfE_04.png
[0.349s] -- Up-to-date: /home/ik/aws_ws/install/basic_mobile_robot/share/basic_mobile_robot/models/aws_robomaker_warehouse_ShelfE_01/materials/.DS_Store
[0.349s] -- Up-to-date: /home/ik/aws_ws/install/basic_mobile_robot/share/basic_mobile_robot/models/aws_robomaker_warehouse_ShelfE_01/model.sdf
[0.350s] -- Up-to-date: /home/ik/aws_ws/install/basic_mobile_robot/share/basic_mobile_robot/models/aws_robomaker_warehouse_ShelfE_01/.DS_Store
[0.350s] -- Up-to-date: /home/ik/aws_ws/install/basic_mobile_robot/share/basic_mobile_robot/models/aws_robomaker_warehouse_ShelfE_01/model.config
[0.350s] -- Up-to-date: /home/ik/aws_ws/install/basic_mobile_robot/share/basic_mobile_robot/models/aws_robomaker_warehouse_ShelfE_01/meshes
[0.350s] -- Up-to-date: /home/ik/aws_ws/install/basic_mobile_robot/share/basic_mobile_robot/models/aws_robomaker_warehouse_ShelfE_01/meshes/aws_robomaker_warehouse_ShelfE_01_visual.DAE
[0.350s] -- Up-to-date: /home/ik/aws_ws/install/basic_mobile_robot/share/basic_mobile_robot/models/aws_robomaker_warehouse_ShelfE_01/meshes/aws_robomaker_warehouse_ShelfE_01_collision.DAE
[0.350s] -- Up-to-date: /home/ik/aws_ws/install/basic_mobile_robot/share/basic_mobile_robot/models/aws_robomaker_warehouse_TrashCanC_01
[0.350s] -- Up-to-date: /home/ik/aws_ws/install/basic_mobile_robot/share/basic_mobile_robot/models/aws_robomaker_warehouse_TrashCanC_01/materials
[0.350s] -- Up-to-date: /home/ik/aws_ws/install/basic_mobile_robot/share/basic_mobile_robot/models/aws_robomaker_warehouse_TrashCanC_01/materials/textures
[0.350s] -- Up-to-date: /home/ik/aws_ws/install/basic_mobile_robot/share/basic_mobile_robot/models/aws_robomaker_warehouse_TrashCanC_01/materials/textures/aws_robomaker_warehouse_TrashCanC_01.png
[0.350s] -- Up-to-date: /home/ik/aws_ws/install/basic_mobile_robot/share/basic_mobile_robot/models/aws_robomaker_warehouse_TrashCanC_01/model.sdf
[0.350s] -- Up-to-date: /home/ik/aws_ws/install/basic_mobile_robot/share/basic_mobile_robot/models/aws_robomaker_warehouse_TrashCanC_01/model.config
[0.350s] -- Up-to-date: /home/ik/aws_ws/install/basic_mobile_robot/share/basic_mobile_robot/models/aws_robomaker_warehouse_TrashCanC_01/meshes
[0.350s] -- Up-to-date: /home/ik/aws_ws/install/basic_mobile_robot/share/basic_mobile_robot/models/aws_robomaker_warehouse_TrashCanC_01/meshes/aws_robomaker_warehouse_TrashCanC_01_visual.DAE
[0.350s] -- Up-to-date: /home/ik/aws_ws/install/basic_mobile_robot/share/basic_mobile_robot/models/aws_robomaker_warehouse_TrashCanC_01/meshes/aws_robomaker_warehouse_TrashCanC_01_collision.DAE
[0.351s] -- Up-to-date: /home/ik/aws_ws/install/basic_mobile_robot/share/basic_mobile_robot/models/aws_robomaker_warehouse_ShelfF_01
[0.351s] -- Up-to-date: /home/ik/aws_ws/install/basic_mobile_robot/share/basic_mobile_robot/models/aws_robomaker_warehouse_ShelfF_01/materials
[0.351s] -- Up-to-date: /home/ik/aws_ws/install/basic_mobile_robot/share/basic_mobile_robot/models/aws_robomaker_warehouse_ShelfF_01/materials/textures
[0.351s] -- Up-to-date: /home/ik/aws_ws/install/basic_mobile_robot/share/basic_mobile_robot/models/aws_robomaker_warehouse_ShelfF_01/materials/textures/aws_robomaker_warehouse_ShelfF_02.png
[0.351s] -- Up-to-date: /home/ik/aws_ws/install/basic_mobile_robot/share/basic_mobile_robot/models/aws_robomaker_warehouse_ShelfF_01/materials/textures/aws_robomaker_warehouse_ShelfF_03.png
[0.351s] -- Up-to-date: /home/ik/aws_ws/install/basic_mobile_robot/share/basic_mobile_robot/models/aws_robomaker_warehouse_ShelfF_01/materials/textures/aws_robomaker_warehouse_ShelfF_01.png
[0.351s] -- Up-to-date: /home/ik/aws_ws/install/basic_mobile_robot/share/basic_mobile_robot/models/aws_robomaker_warehouse_ShelfF_01/model.sdf
[0.351s] -- Up-to-date: /home/ik/aws_ws/install/basic_mobile_robot/share/basic_mobile_robot/models/aws_robomaker_warehouse_ShelfF_01/model.config
[0.351s] -- Up-to-date: /home/ik/aws_ws/install/basic_mobile_robot/share/basic_mobile_robot/models/aws_robomaker_warehouse_ShelfF_01/meshes
[0.351s] -- Up-to-date: /home/ik/aws_ws/install/basic_mobile_robot/share/basic_mobile_robot/models/aws_robomaker_warehouse_ShelfF_01/meshes/aws_robomaker_warehouse_ShelfF_01_visual.DAE
[0.351s] -- Up-to-date: /home/ik/aws_ws/install/basic_mobile_robot/share/basic_mobile_robot/models/aws_robomaker_warehouse_ShelfF_01/meshes/aws_robomaker_warehouse_ShelfF_01_collision.DAE
[0.351s] -- Up-to-date: /home/ik/aws_ws/install/basic_mobile_robot/share/basic_mobile_robot/models/aws_robomaker_warehouse_Lamp_01
[0.352s] -- Up-to-date: /home/ik/aws_ws/install/basic_mobile_robot/share/basic_mobile_robot/models/aws_robomaker_warehouse_Lamp_01/materials
[0.352s] -- Up-to-date: /home/ik/aws_ws/install/basic_mobile_robot/share/basic_mobile_robot/models/aws_robomaker_warehouse_Lamp_01/materials/textures
[0.352s] -- Up-to-date: /home/ik/aws_ws/install/basic_mobile_robot/share/basic_mobile_robot/models/aws_robomaker_warehouse_Lamp_01/materials/textures/aws_robomaker_warehouse_Lamp_01.png
[0.352s] -- Up-to-date: /home/ik/aws_ws/install/basic_mobile_robot/share/basic_mobile_robot/models/aws_robomaker_warehouse_Lamp_01/model.sdf
[0.352s] -- Up-to-date: /home/ik/aws_ws/install/basic_mobile_robot/share/basic_mobile_robot/models/aws_robomaker_warehouse_Lamp_01/model.config
[0.352s] -- Up-to-date: /home/ik/aws_ws/install/basic_mobile_robot/share/basic_mobile_robot/models/aws_robomaker_warehouse_Lamp_01/meshes
[0.352s] -- Up-to-date: /home/ik/aws_ws/install/basic_mobile_robot/share/basic_mobile_robot/models/aws_robomaker_warehouse_Lamp_01/meshes/aws_robomaker_warehouse_Lamp_01_visual.DAE
[0.352s] -- Up-to-date: /home/ik/aws_ws/install/basic_mobile_robot/share/basic_mobile_robot/models/aws_robomaker_warehouse_Lamp_01/meshes/aws_robomaker_warehouse_Lamp_01_collision.DAE
[0.352s] -- Up-to-date: /home/ik/aws_ws/install/basic_mobile_robot/share/basic_mobile_robot/models/aws_robomaker_warehouse_GroundB_01
[0.352s] -- Up-to-date: /home/ik/aws_ws/install/basic_mobile_robot/share/basic_mobile_robot/models/aws_robomaker_warehouse_GroundB_01/materials
[0.352s] -- Up-to-date: /home/ik/aws_ws/install/basic_mobile_robot/share/basic_mobile_robot/models/aws_robomaker_warehouse_GroundB_01/materials/textures
[0.352s] -- Up-to-date: /home/ik/aws_ws/install/basic_mobile_robot/share/basic_mobile_robot/models/aws_robomaker_warehouse_GroundB_01/materials/textures/aws_robomaker_warehouse_GroundB_01.png
[0.353s] -- Up-to-date: /home/ik/aws_ws/install/basic_mobile_robot/share/basic_mobile_robot/models/aws_robomaker_warehouse_GroundB_01/materials/textures/aws_robomaker_warehouse_GroundB_02.png
[0.355s] -- Up-to-date: /home/ik/aws_ws/install/basic_mobile_robot/share/basic_mobile_robot/models/aws_robomaker_warehouse_GroundB_01/model.sdf
[0.356s] -- Up-to-date: /home/ik/aws_ws/install/basic_mobile_robot/share/basic_mobile_robot/models/aws_robomaker_warehouse_GroundB_01/model.config
[0.356s] -- Up-to-date: /home/ik/aws_ws/install/basic_mobile_robot/share/basic_mobile_robot/models/aws_robomaker_warehouse_GroundB_01/meshes
[0.356s] -- Up-to-date: /home/ik/aws_ws/install/basic_mobile_robot/share/basic_mobile_robot/models/aws_robomaker_warehouse_GroundB_01/meshes/aws_robomaker_warehouse_GroundB_01_visual.DAE
[0.356s] -- Up-to-date: /home/ik/aws_ws/install/basic_mobile_robot/share/basic_mobile_robot/models/aws_robomaker_warehouse_GroundB_01/meshes/aws_robomaker_warehouse_GroundB_01_collision.DAE
[0.356s] -- Up-to-date: /home/ik/aws_ws/install/basic_mobile_robot/share/basic_mobile_robot/models/aws_robomaker_warehouse_PalletJackB_01
[0.356s] -- Up-to-date: /home/ik/aws_ws/install/basic_mobile_robot/share/basic_mobile_robot/models/aws_robomaker_warehouse_PalletJackB_01/materials
[0.356s] -- Up-to-date: /home/ik/aws_ws/install/basic_mobile_robot/share/basic_mobile_robot/models/aws_robomaker_warehouse_PalletJackB_01/materials/textures
[0.356s] -- Up-to-date: /home/ik/aws_ws/install/basic_mobile_robot/share/basic_mobile_robot/models/aws_robomaker_warehouse_PalletJackB_01/materials/textures/aws_robomaker_warehouse_PalletJackB_02.png
[0.356s] -- Up-to-date: /home/ik/aws_ws/install/basic_mobile_robot/share/basic_mobile_robot/models/aws_robomaker_warehouse_PalletJackB_01/materials/textures/aws_robomaker_warehouse_PalletJackB_01.png
[0.356s] -- Up-to-date: /home/ik/aws_ws/install/basic_mobile_robot/share/basic_mobile_robot/models/aws_robomaker_warehouse_PalletJackB_01/materials/.DS_Store
[0.356s] -- Up-to-date: /home/ik/aws_ws/install/basic_mobile_robot/share/basic_mobile_robot/models/aws_robomaker_warehouse_PalletJackB_01/model.sdf
[0.356s] -- Up-to-date: /home/ik/aws_ws/install/basic_mobile_robot/share/basic_mobile_robot/models/aws_robomaker_warehouse_PalletJackB_01/.DS_Store
[0.356s] -- Up-to-date: /home/ik/aws_ws/install/basic_mobile_robot/share/basic_mobile_robot/models/aws_robomaker_warehouse_PalletJackB_01/model.config
[0.356s] -- Up-to-date: /home/ik/aws_ws/install/basic_mobile_robot/share/basic_mobile_robot/models/aws_robomaker_warehouse_PalletJackB_01/meshes
[0.357s] -- Up-to-date: /home/ik/aws_ws/install/basic_mobile_robot/share/basic_mobile_robot/models/aws_robomaker_warehouse_PalletJackB_01/meshes/aws_robomaker_warehouse_PalletJackB_01_visual.DAE
[0.357s] -- Up-to-date: /home/ik/aws_ws/install/basic_mobile_robot/share/basic_mobile_robot/models/aws_robomaker_warehouse_PalletJackB_01/meshes/aws_robomaker_warehouse_PalletJackB_01_collision.DAE
[0.357s] -- Up-to-date: /home/ik/aws_ws/install/basic_mobile_robot/share/basic_mobile_robot/models/basic_mobile_bot_description
[0.357s] -- Up-to-date: /home/ik/aws_ws/install/basic_mobile_robot/share/basic_mobile_robot/models/basic_mobile_bot_description/model.sdf
[0.357s] -- Up-to-date: /home/ik/aws_ws/install/basic_mobile_robot/share/basic_mobile_robot/models/basic_mobile_bot_description/model.config
[0.357s] -- Up-to-date: /home/ik/aws_ws/install/basic_mobile_robot/share/basic_mobile_robot/models/basic_mobile_bot_description/meshes
[0.357s] -- Up-to-date: /home/ik/aws_ws/install/basic_mobile_robot/share/basic_mobile_robot/models/basic_mobile_bot_description/meshes/wrist.stl
[0.357s] -- Up-to-date: /home/ik/aws_ws/install/basic_mobile_robot/share/basic_mobile_robot/models/basic_mobile_bot_description/meshes/bicep.stl
[0.357s] -- Up-to-date: /home/ik/aws_ws/install/basic_mobile_robot/share/basic_mobile_robot/models/basic_mobile_bot_description/meshes/arm_base.stl
[0.357s] -- Up-to-date: /home/ik/aws_ws/install/basic_mobile_robot/share/basic_mobile_robot/models/basic_mobile_bot_description/meshes/robot_base.stl
[0.357s] -- Up-to-date: /home/ik/aws_ws/install/basic_mobile_robot/share/basic_mobile_robot/models/basic_mobile_bot_description/meshes/elbow.stl
[0.357s] -- Up-to-date: /home/ik/aws_ws/install/basic_mobile_robot/share/basic_mobile_robot/models/basic_mobile_bot_description/meshes/wheel.stl
[0.357s] -- Up-to-date: /home/ik/aws_ws/install/basic_mobile_robot/share/basic_mobile_robot/models/aws_robomaker_warehouse_RoofB_01
[0.357s] -- Up-to-date: /home/ik/aws_ws/install/basic_mobile_robot/share/basic_mobile_robot/models/aws_robomaker_warehouse_RoofB_01/materials
[0.358s] -- Up-to-date: /home/ik/aws_ws/install/basic_mobile_robot/share/basic_mobile_robot/models/aws_robomaker_warehouse_RoofB_01/materials/textures
[0.358s] -- Up-to-date: /home/ik/aws_ws/install/basic_mobile_robot/share/basic_mobile_robot/models/aws_robomaker_warehouse_RoofB_01/materials/textures/aws_robomaker_warehouse_RoofB_01.png
[0.358s] -- Up-to-date: /home/ik/aws_ws/install/basic_mobile_robot/share/basic_mobile_robot/models/aws_robomaker_warehouse_RoofB_01/model.sdf
[0.358s] -- Up-to-date: /home/ik/aws_ws/install/basic_mobile_robot/share/basic_mobile_robot/models/aws_robomaker_warehouse_RoofB_01/model.config
[0.358s] -- Up-to-date: /home/ik/aws_ws/install/basic_mobile_robot/share/basic_mobile_robot/models/aws_robomaker_warehouse_RoofB_01/meshes
[0.358s] -- Up-to-date: /home/ik/aws_ws/install/basic_mobile_robot/share/basic_mobile_robot/models/aws_robomaker_warehouse_RoofB_01/meshes/aws_robomaker_warehouse_RoofB_01_collision.DAE
[0.358s] -- Up-to-date: /home/ik/aws_ws/install/basic_mobile_robot/share/basic_mobile_robot/models/aws_robomaker_warehouse_RoofB_01/meshes/aws_robomaker_warehouse_RoofB_01_visual.DAE
[0.358s] -- Up-to-date: /home/ik/aws_ws/install/basic_mobile_robot/share/basic_mobile_robot/models/aws_robomaker_warehouse_ClutteringC_01
[0.358s] -- Up-to-date: /home/ik/aws_ws/install/basic_mobile_robot/share/basic_mobile_robot/models/aws_robomaker_warehouse_ClutteringC_01/materials
[0.358s] -- Up-to-date: /home/ik/aws_ws/install/basic_mobile_robot/share/basic_mobile_robot/models/aws_robomaker_warehouse_ClutteringC_01/materials/textures
[0.358s] -- Up-to-date: /home/ik/aws_ws/install/basic_mobile_robot/share/basic_mobile_robot/models/aws_robomaker_warehouse_ClutteringC_01/materials/textures/aws_robomaker_warehouse_ClutteringC_01.png
[0.358s] -- Up-to-date: /home/ik/aws_ws/install/basic_mobile_robot/share/basic_mobile_robot/models/aws_robomaker_warehouse_ClutteringC_01/materials/textures/aws_robomaker_warehouse_ClutteringC_02.png
[0.359s] -- Up-to-date: /home/ik/aws_ws/install/basic_mobile_robot/share/basic_mobile_robot/models/aws_robomaker_warehouse_ClutteringC_01/model.sdf
[0.359s] -- Up-to-date: /home/ik/aws_ws/install/basic_mobile_robot/share/basic_mobile_robot/models/aws_robomaker_warehouse_ClutteringC_01/model.config
[0.359s] -- Up-to-date: /home/ik/aws_ws/install/basic_mobile_robot/share/basic_mobile_robot/models/aws_robomaker_warehouse_ClutteringC_01/meshes
[0.359s] -- Up-to-date: /home/ik/aws_ws/install/basic_mobile_robot/share/basic_mobile_robot/models/aws_robomaker_warehouse_ClutteringC_01/meshes/aws_robomaker_warehouse_ClutteringC_01_collision.DAE
[0.359s] -- Up-to-date: /home/ik/aws_ws/install/basic_mobile_robot/share/basic_mobile_robot/models/aws_robomaker_warehouse_ClutteringC_01/meshes/aws_robomaker_warehouse_ClutteringC_01_visual.DAE
[0.359s] -- Up-to-date: /home/ik/aws_ws/install/basic_mobile_robot/share/basic_mobile_robot/models/basic_mobile_bot_v1.urdf
[0.359s] -- Up-to-date: /home/ik/aws_ws/install/basic_mobile_robot/share/basic_mobile_robot/params
[0.363s] -- Up-to-date: /home/ik/aws_ws/install/basic_mobile_robot/share/basic_mobile_robot/params/nav2_params.yaml
[0.365s] -- Up-to-date: /home/ik/aws_ws/install/basic_mobile_robot/share/basic_mobile_robot/rviz
[0.378s] -- Up-to-date: /home/ik/aws_ws/install/basic_mobile_robot/share/basic_mobile_robot/rviz/urdf_config.rviz
[0.380s] -- Up-to-date: /home/ik/aws_ws/install/basic_mobile_robot/share/basic_mobile_robot/rviz/nav2_config.rviz
[0.382s] -- Up-to-date: /home/ik/aws_ws/install/basic_mobile_robot/share/basic_mobile_robot/src
[0.382s] -- Up-to-date: /home/ik/aws_ws/install/basic_mobile_robot/share/basic_mobile_robot/worlds
[0.382s] -- Up-to-date: /home/ik/aws_ws/install/basic_mobile_robot/share/basic_mobile_robot/worlds/no_roof_small_warehouse
[0.382s] -- Installing: /home/ik/aws_ws/install/basic_mobile_robot/share/basic_mobile_robot/worlds/no_roof_small_warehouse/no_roof_small_warehouse.world
[0.382s] -- Up-to-date: /home/ik/aws_ws/install/basic_mobile_robot/share/basic_mobile_robot/worlds/basic_mobile_bot_world
[0.382s] -- Up-to-date: /home/ik/aws_ws/install/basic_mobile_robot/share/basic_mobile_robot/worlds/basic_mobile_bot_world/small_town.world
[0.384s] -- Up-to-date: /home/ik/aws_ws/install/basic_mobile_robot/share/ament_index/resource_index/package_run_dependencies/basic_mobile_robot
[0.384s] -- Up-to-date: /home/ik/aws_ws/install/basic_mobile_robot/share/ament_index/resource_index/parent_prefix_path/basic_mobile_robot
[0.384s] -- Up-to-date: /home/ik/aws_ws/install/basic_mobile_robot/share/basic_mobile_robot/environment/ament_prefix_path.sh
[0.384s] -- Up-to-date: /home/ik/aws_ws/install/basic_mobile_robot/share/basic_mobile_robot/environment/ament_prefix_path.dsv
[0.384s] -- Up-to-date: /home/ik/aws_ws/install/basic_mobile_robot/share/basic_mobile_robot/environment/path.sh
[0.384s] -- Up-to-date: /home/ik/aws_ws/install/basic_mobile_robot/share/basic_mobile_robot/environment/path.dsv
[0.384s] -- Up-to-date: /home/ik/aws_ws/install/basic_mobile_robot/share/basic_mobile_robot/local_setup.bash
[0.384s] -- Up-to-date: /home/ik/aws_ws/install/basic_mobile_robot/share/basic_mobile_robot/local_setup.sh
[0.384s] -- Up-to-date: /home/ik/aws_ws/install/basic_mobile_robot/share/basic_mobile_robot/local_setup.zsh
[0.384s] -- Up-to-date: /home/ik/aws_ws/install/basic_mobile_robot/share/basic_mobile_robot/local_setup.dsv
[0.384s] -- Installing: /home/ik/aws_ws/install/basic_mobile_robot/share/basic_mobile_robot/package.dsv
[0.387s] -- Up-to-date: /home/ik/aws_ws/install/basic_mobile_robot/share/ament_index/resource_index/packages/basic_mobile_robot
[0.387s] -- Up-to-date: /home/ik/aws_ws/install/basic_mobile_robot/share/basic_mobile_robot/cmake/basic_mobile_robotConfig.cmake
[0.387s] -- Up-to-date: /home/ik/aws_ws/install/basic_mobile_robot/share/basic_mobile_robot/cmake/basic_mobile_robotConfig-version.cmake
[0.387s] -- Up-to-date: /home/ik/aws_ws/install/basic_mobile_robot/share/basic_mobile_robot/package.xml
[0.460s] Invoked command in '/home/ik/aws_ws/build/basic_mobile_robot' returned '0': CMAKE_PREFIX_PATH=/opt/ros/foxy /usr/bin/cmake --install /home/ik/aws_ws/build/basic_mobile_robot
