[0.028s] Invoking command in '/home/ik/aws_ws/build/costmap_queue': AMENT_PREFIX_PATH=/home/ik/aws_ws/install/nav2_costmap_2d:/home/ik/aws_ws/install/nav2_util:/home/ik/aws_ws/install/nav2_voxel_grid:/home/ik/aws_ws/install/nav2_msgs:/home/ik/aws_ws/install/nav2_common:${AMENT_PREFIX_PATH} CMAKE_PREFIX_PATH=/home/ik/aws_ws/install/nav2_costmap_2d:/home/ik/aws_ws/install/nav2_util:/home/ik/aws_ws/install/nav2_voxel_grid:/home/ik/aws_ws/install/nav2_msgs:/home/ik/aws_ws/install/nav2_common:/home/ik/aws_ws/install/turtlebot3_simulations:/home/ik/aws_ws/install/turtlebot3_gazebo:/home/ik/aws_ws/install/turtlebot3_fake_node:/home/ik/aws_ws/install/slam_toolbox:/home/ik/aws_ws/install/aws_robomaker_small_warehouse_world:/opt/ros/foxy LD_LIBRARY_PATH=/home/ik/aws_ws/install/nav2_costmap_2d/lib:/home/ik/aws_ws/install/nav2_util/lib:/home/ik/aws_ws/install/nav2_voxel_grid/lib:/home/ik/aws_ws/install/nav2_msgs/lib:/home/ik/aws_ws/install/slam_toolbox/lib:/usr/lib/x86_64-linux-gnu/gazebo-11/plugins:/opt/ros/foxy/opt/yaml_cpp_vendor/lib:/opt/ros/foxy/opt/rviz_ogre_vendor/lib:/opt/ros/foxy/lib/x86_64-linux-gnu:/opt/ros/foxy/lib:/usr/share/gazebo/../../lib/x86_64-linux-gnu/gazebo-11/plugins PYTHONPATH=/home/ik/aws_ws/install/nav2_msgs/lib/python3.8/site-packages:/home/ik/aws_ws/install/nav2_common/lib/python3.8/site-packages:${PYTHONPATH} /usr/bin/cmake /home/ik/aws_ws/src/navigation2/nav2_dwb_controller/costmap_queue -DAMENT_CMAKE_SYMLINK_INSTALL=1 -DCMAKE_INSTALL_PREFIX=/home/ik/aws_ws/install/costmap_queue
[0.110s] -- The C compiler identification is GNU 9.4.0
[0.176s] -- The CXX compiler identification is GNU 9.4.0
[0.183s] -- Check for working C compiler: /usr/bin/cc
[0.276s] -- Check for working C compiler: /usr/bin/cc -- works
[0.278s] -- Detecting C compiler ABI info
[0.375s] -- Detecting C compiler ABI info - done
[0.388s] -- Detecting C compile features
[0.388s] -- Detecting C compile features - done
[0.390s] -- Check for working CXX compiler: /usr/bin/c++
[0.495s] -- Check for working CXX compiler: /usr/bin/c++ -- works
[0.496s] -- Detecting CXX compiler ABI info
[0.588s] -- Detecting CXX compiler ABI info - done
[0.598s] -- Detecting CXX compile features
[0.598s] -- Detecting CXX compile features - done
[0.600s] -- Found ament_cmake: 0.9.11 (/opt/ros/foxy/share/ament_cmake/cmake)
[0.633s] -- Found PythonInterp: /usr/bin/python3 (found suitable version "3.8.10", minimum required is "3") 
[0.633s] -- Using PYTHON_EXECUTABLE: /usr/bin/python3
[0.778s] -- Override CMake install command with custom implementation using symlinks instead of copying resources
[0.815s] -- Found nav2_common: 0.4.7 (/home/ik/aws_ws/install/nav2_common/share/nav2_common/cmake)
[0.816s] -- Found nav2_costmap_2d: 0.4.7 (/home/ik/aws_ws/install/nav2_costmap_2d/share/nav2_costmap_2d/cmake)
[0.856s] -- Using all available rosidl_typesupport_c: rosidl_typesupport_fastrtps_c;rosidl_typesupport_introspection_c
[0.863s] -- Found rosidl_adapter: 1.3.0 (/opt/ros/foxy/share/rosidl_adapter/cmake)
[0.984s] -- Found OpenSSL: /usr/lib/x86_64-linux-gnu/libcrypto.so (found version "1.1.1f")  
[1.014s] -- Found FastRTPS: /opt/ros/foxy/include  
[1.092s] -- Using all available rosidl_typesupport_cpp: rosidl_typesupport_fastrtps_cpp;rosidl_typesupport_introspection_cpp
[1.922s] -- Found rmw_implementation_cmake: 1.0.4 (/opt/ros/foxy/share/rmw_implementation_cmake/cmake)
[1.924s] -- Using RMW implementation 'rmw_fastrtps_cpp' as default
[1.925s] -- Looking for pthread.h
[2.017s] -- Looking for pthread.h - found
[2.017s] -- Performing Test CMAKE_HAVE_LIBC_PTHREAD
[2.127s] -- Performing Test CMAKE_HAVE_LIBC_PTHREAD - Failed
[2.127s] -- Looking for pthread_create in pthreads
[2.213s] -- Looking for pthread_create in pthreads - not found
[2.214s] -- Looking for pthread_create in pthread
[2.320s] -- Looking for pthread_create in pthread - found
[2.322s] -- Found Threads: TRUE  
[2.773s] -- Found Eigen3: TRUE (found version "3.3.7") 
[3.247s] -- Setting build type to Release as none was specified.
[3.578s] -- Found ament_lint_auto: 0.9.8 (/opt/ros/foxy/share/ament_lint_auto/cmake)
[3.658s] -- Found gtest sources under '/opt/ros/foxy/src/gtest_vendor': C++ tests using 'Google Test' will be built
[3.661s] -- Check if compiler accepts -pthread
[3.758s] -- Check if compiler accepts -pthread - yes
[4.613s] -- Added test 'cppcheck' to perform static code analysis on C / C++ code
[4.614s] -- Configured cppcheck include dirs: /home/ik/aws_ws/src/navigation2/nav2_dwb_controller/costmap_queue/include
[4.615s] -- Configured cppcheck exclude dirs and/or files: 
[4.617s] -- Added test 'cpplint' to check C / C++ code against the Google style
[4.617s] -- Configured cpplint exclude dirs and/or files: 
[4.619s] -- Added test 'lint_cmake' to check CMake code style
[4.621s] -- Added test 'uncrustify' to check C / C++ code style
[4.621s] -- Configured uncrustify additional arguments: 
[4.622s] -- Added test 'xmllint' to check XML markup files
[4.632s] -- Configuring done
[4.800s] -- Generating done
[4.805s] -- Build files have been written to: /home/ik/aws_ws/build/costmap_queue
[4.842s] Invoked command in '/home/ik/aws_ws/build/costmap_queue' returned '0': AMENT_PREFIX_PATH=/home/ik/aws_ws/install/nav2_costmap_2d:/home/ik/aws_ws/install/nav2_util:/home/ik/aws_ws/install/nav2_voxel_grid:/home/ik/aws_ws/install/nav2_msgs:/home/ik/aws_ws/install/nav2_common:${AMENT_PREFIX_PATH} CMAKE_PREFIX_PATH=/home/ik/aws_ws/install/nav2_costmap_2d:/home/ik/aws_ws/install/nav2_util:/home/ik/aws_ws/install/nav2_voxel_grid:/home/ik/aws_ws/install/nav2_msgs:/home/ik/aws_ws/install/nav2_common:/home/ik/aws_ws/install/turtlebot3_simulations:/home/ik/aws_ws/install/turtlebot3_gazebo:/home/ik/aws_ws/install/turtlebot3_fake_node:/home/ik/aws_ws/install/slam_toolbox:/home/ik/aws_ws/install/aws_robomaker_small_warehouse_world:/opt/ros/foxy LD_LIBRARY_PATH=/home/ik/aws_ws/install/nav2_costmap_2d/lib:/home/ik/aws_ws/install/nav2_util/lib:/home/ik/aws_ws/install/nav2_voxel_grid/lib:/home/ik/aws_ws/install/nav2_msgs/lib:/home/ik/aws_ws/install/slam_toolbox/lib:/usr/lib/x86_64-linux-gnu/gazebo-11/plugins:/opt/ros/foxy/opt/yaml_cpp_vendor/lib:/opt/ros/foxy/opt/rviz_ogre_vendor/lib:/opt/ros/foxy/lib/x86_64-linux-gnu:/opt/ros/foxy/lib:/usr/share/gazebo/../../lib/x86_64-linux-gnu/gazebo-11/plugins PYTHONPATH=/home/ik/aws_ws/install/nav2_msgs/lib/python3.8/site-packages:/home/ik/aws_ws/install/nav2_common/lib/python3.8/site-packages:${PYTHONPATH} /usr/bin/cmake /home/ik/aws_ws/src/navigation2/nav2_dwb_controller/costmap_queue -DAMENT_CMAKE_SYMLINK_INSTALL=1 -DCMAKE_INSTALL_PREFIX=/home/ik/aws_ws/install/costmap_queue
[4.843s] Invoking command in '/home/ik/aws_ws/build/costmap_queue': AMENT_PREFIX_PATH=/home/ik/aws_ws/install/nav2_costmap_2d:/home/ik/aws_ws/install/nav2_util:/home/ik/aws_ws/install/nav2_voxel_grid:/home/ik/aws_ws/install/nav2_msgs:/home/ik/aws_ws/install/nav2_common:${AMENT_PREFIX_PATH} CMAKE_PREFIX_PATH=/home/ik/aws_ws/install/nav2_costmap_2d:/home/ik/aws_ws/install/nav2_util:/home/ik/aws_ws/install/nav2_voxel_grid:/home/ik/aws_ws/install/nav2_msgs:/home/ik/aws_ws/install/nav2_common:/home/ik/aws_ws/install/turtlebot3_simulations:/home/ik/aws_ws/install/turtlebot3_gazebo:/home/ik/aws_ws/install/turtlebot3_fake_node:/home/ik/aws_ws/install/slam_toolbox:/home/ik/aws_ws/install/aws_robomaker_small_warehouse_world:/opt/ros/foxy LD_LIBRARY_PATH=/home/ik/aws_ws/install/nav2_costmap_2d/lib:/home/ik/aws_ws/install/nav2_util/lib:/home/ik/aws_ws/install/nav2_voxel_grid/lib:/home/ik/aws_ws/install/nav2_msgs/lib:/home/ik/aws_ws/install/slam_toolbox/lib:/usr/lib/x86_64-linux-gnu/gazebo-11/plugins:/opt/ros/foxy/opt/yaml_cpp_vendor/lib:/opt/ros/foxy/opt/rviz_ogre_vendor/lib:/opt/ros/foxy/lib/x86_64-linux-gnu:/opt/ros/foxy/lib:/usr/share/gazebo/../../lib/x86_64-linux-gnu/gazebo-11/plugins PYTHONPATH=/home/ik/aws_ws/install/nav2_msgs/lib/python3.8/site-packages:/home/ik/aws_ws/install/nav2_common/lib/python3.8/site-packages:${PYTHONPATH} /usr/bin/cmake --build /home/ik/aws_ws/build/costmap_queue -- -j8 -l8
[15.294s] [35m[1mScanning dependencies of target gtest[0m
[15.295s] [35m[1mScanning dependencies of target costmap_queue[0m
[15.295s] [35m[1mScanning dependencies of target gtest_main[0m
[15.295s] [  9%] [32mBuilding CXX object CMakeFiles/costmap_queue.dir/src/costmap_queue.cpp.o[0m
[15.295s] [ 18%] [32mBuilding CXX object gtest/CMakeFiles/gtest.dir/src/gtest-all.cc.o[0m
[15.295s] [ 27%] [32mBuilding CXX object gtest/CMakeFiles/gtest_main.dir/src/gtest_main.cc.o[0m
[15.295s] [ 36%] [32mBuilding CXX object CMakeFiles/costmap_queue.dir/src/limited_costmap_queue.cpp.o[0m
[15.295s] [ 45%] [32m[1mLinking CXX static library libgtest_main.a[0m
[15.295s] [ 54%] [32m[1mLinking CXX static library libcostmap_queue.a[0m
[15.296s] [ 54%] Built target gtest_main
[15.296s] [ 54%] Built target costmap_queue
[15.370s] [ 63%] [32m[1mLinking CXX static library libgtest.a[0m
[15.477s] [ 63%] Built target gtest
[15.524s] [35m[1mScanning dependencies of target utest[0m
[15.572s] [35m[1mScanning dependencies of target mbq_test[0m
[15.664s] [ 72%] [32mBuilding CXX object CMakeFiles/mbq_test.dir/test/mbq_test.cpp.o[0m
[15.711s] [ 81%] [32mBuilding CXX object CMakeFiles/utest.dir/test/utest.cpp.o[0m
[18.884s] [ 90%] [32m[1mLinking CXX executable mbq_test[0m
[19.453s] [ 90%] Built target mbq_test
[21.371s] [100%] [32m[1mLinking CXX executable utest[0m
[22.023s] [100%] Built target utest
[22.088s] Invoked command in '/home/ik/aws_ws/build/costmap_queue' returned '0': AMENT_PREFIX_PATH=/home/ik/aws_ws/install/nav2_costmap_2d:/home/ik/aws_ws/install/nav2_util:/home/ik/aws_ws/install/nav2_voxel_grid:/home/ik/aws_ws/install/nav2_msgs:/home/ik/aws_ws/install/nav2_common:${AMENT_PREFIX_PATH} CMAKE_PREFIX_PATH=/home/ik/aws_ws/install/nav2_costmap_2d:/home/ik/aws_ws/install/nav2_util:/home/ik/aws_ws/install/nav2_voxel_grid:/home/ik/aws_ws/install/nav2_msgs:/home/ik/aws_ws/install/nav2_common:/home/ik/aws_ws/install/turtlebot3_simulations:/home/ik/aws_ws/install/turtlebot3_gazebo:/home/ik/aws_ws/install/turtlebot3_fake_node:/home/ik/aws_ws/install/slam_toolbox:/home/ik/aws_ws/install/aws_robomaker_small_warehouse_world:/opt/ros/foxy LD_LIBRARY_PATH=/home/ik/aws_ws/install/nav2_costmap_2d/lib:/home/ik/aws_ws/install/nav2_util/lib:/home/ik/aws_ws/install/nav2_voxel_grid/lib:/home/ik/aws_ws/install/nav2_msgs/lib:/home/ik/aws_ws/install/slam_toolbox/lib:/usr/lib/x86_64-linux-gnu/gazebo-11/plugins:/opt/ros/foxy/opt/yaml_cpp_vendor/lib:/opt/ros/foxy/opt/rviz_ogre_vendor/lib:/opt/ros/foxy/lib/x86_64-linux-gnu:/opt/ros/foxy/lib:/usr/share/gazebo/../../lib/x86_64-linux-gnu/gazebo-11/plugins PYTHONPATH=/home/ik/aws_ws/install/nav2_msgs/lib/python3.8/site-packages:/home/ik/aws_ws/install/nav2_common/lib/python3.8/site-packages:${PYTHONPATH} /usr/bin/cmake --build /home/ik/aws_ws/build/costmap_queue -- -j8 -l8
[22.639s] Invoking command in '/home/ik/aws_ws/build/costmap_queue': AMENT_PREFIX_PATH=/home/ik/aws_ws/install/nav2_costmap_2d:/home/ik/aws_ws/install/nav2_util:/home/ik/aws_ws/install/nav2_voxel_grid:/home/ik/aws_ws/install/nav2_msgs:/home/ik/aws_ws/install/nav2_common:${AMENT_PREFIX_PATH} CMAKE_PREFIX_PATH=/home/ik/aws_ws/install/nav2_costmap_2d:/home/ik/aws_ws/install/nav2_util:/home/ik/aws_ws/install/nav2_voxel_grid:/home/ik/aws_ws/install/nav2_msgs:/home/ik/aws_ws/install/nav2_common:/home/ik/aws_ws/install/turtlebot3_simulations:/home/ik/aws_ws/install/turtlebot3_gazebo:/home/ik/aws_ws/install/turtlebot3_fake_node:/home/ik/aws_ws/install/slam_toolbox:/home/ik/aws_ws/install/aws_robomaker_small_warehouse_world:/opt/ros/foxy LD_LIBRARY_PATH=/home/ik/aws_ws/install/nav2_costmap_2d/lib:/home/ik/aws_ws/install/nav2_util/lib:/home/ik/aws_ws/install/nav2_voxel_grid/lib:/home/ik/aws_ws/install/nav2_msgs/lib:/home/ik/aws_ws/install/slam_toolbox/lib:/usr/lib/x86_64-linux-gnu/gazebo-11/plugins:/opt/ros/foxy/opt/yaml_cpp_vendor/lib:/opt/ros/foxy/opt/rviz_ogre_vendor/lib:/opt/ros/foxy/lib/x86_64-linux-gnu:/opt/ros/foxy/lib:/usr/share/gazebo/../../lib/x86_64-linux-gnu/gazebo-11/plugins PYTHONPATH=/home/ik/aws_ws/install/nav2_msgs/lib/python3.8/site-packages:/home/ik/aws_ws/install/nav2_common/lib/python3.8/site-packages:${PYTHONPATH} /usr/bin/cmake --install /home/ik/aws_ws/build/costmap_queue
[30.950s] -- Install configuration: "Release"
[30.950s] -- Execute custom install script
[30.950s] -- Symlinking: /home/ik/aws_ws/install/costmap_queue/lib/libcostmap_queue.a
[30.950s] -- Symlinking: /home/ik/aws_ws/install/costmap_queue/include//costmap_queue/costmap_queue.hpp
[30.950s] -- Symlinking: /home/ik/aws_ws/install/costmap_queue/include//costmap_queue/limited_costmap_queue.hpp
[30.950s] -- Symlinking: /home/ik/aws_ws/install/costmap_queue/include//costmap_queue/map_based_queue.hpp
[30.950s] -- Symlinking: /home/ik/aws_ws/install/costmap_queue/share/costmap_queue/environment/library_path.sh
[30.950s] -- Symlinking: /home/ik/aws_ws/install/costmap_queue/share/costmap_queue/environment/library_path.dsv
[30.950s] -- Symlinking: /home/ik/aws_ws/install/costmap_queue/share/ament_index/resource_index/package_run_dependencies/costmap_queue
[30.950s] -- Symlinking: /home/ik/aws_ws/install/costmap_queue/share/ament_index/resource_index/parent_prefix_path/costmap_queue
[30.950s] -- Symlinking: /home/ik/aws_ws/install/costmap_queue/share/costmap_queue/environment/ament_prefix_path.sh
[30.951s] -- Symlinking: /home/ik/aws_ws/install/costmap_queue/share/costmap_queue/environment/ament_prefix_path.dsv
[30.951s] -- Symlinking: /home/ik/aws_ws/install/costmap_queue/share/costmap_queue/environment/path.sh
[30.951s] -- Symlinking: /home/ik/aws_ws/install/costmap_queue/share/costmap_queue/environment/path.dsv
[30.951s] -- Symlinking: /home/ik/aws_ws/install/costmap_queue/share/costmap_queue/local_setup.bash
[30.951s] -- Symlinking: /home/ik/aws_ws/install/costmap_queue/share/costmap_queue/local_setup.sh
[30.951s] -- Symlinking: /home/ik/aws_ws/install/costmap_queue/share/costmap_queue/local_setup.zsh
[30.951s] -- Symlinking: /home/ik/aws_ws/install/costmap_queue/share/costmap_queue/local_setup.dsv
[30.951s] -- Symlinking: /home/ik/aws_ws/install/costmap_queue/share/costmap_queue/package.dsv
[30.951s] -- Symlinking: /home/ik/aws_ws/install/costmap_queue/share/ament_index/resource_index/packages/costmap_queue
[30.951s] -- Symlinking: /home/ik/aws_ws/install/costmap_queue/share/costmap_queue/cmake/ament_cmake_export_include_directories-extras.cmake
[30.951s] -- Symlinking: /home/ik/aws_ws/install/costmap_queue/share/costmap_queue/cmake/ament_cmake_export_libraries-extras.cmake
[30.951s] -- Symlinking: /home/ik/aws_ws/install/costmap_queue/share/costmap_queue/cmake/costmap_queueConfig.cmake
[30.952s] -- Symlinking: /home/ik/aws_ws/install/costmap_queue/share/costmap_queue/cmake/costmap_queueConfig-version.cmake
[30.952s] -- Symlinking: /home/ik/aws_ws/install/costmap_queue/share/costmap_queue/package.xml
[30.989s] Invoked command in '/home/ik/aws_ws/build/costmap_queue' returned '0': AMENT_PREFIX_PATH=/home/ik/aws_ws/install/nav2_costmap_2d:/home/ik/aws_ws/install/nav2_util:/home/ik/aws_ws/install/nav2_voxel_grid:/home/ik/aws_ws/install/nav2_msgs:/home/ik/aws_ws/install/nav2_common:${AMENT_PREFIX_PATH} CMAKE_PREFIX_PATH=/home/ik/aws_ws/install/nav2_costmap_2d:/home/ik/aws_ws/install/nav2_util:/home/ik/aws_ws/install/nav2_voxel_grid:/home/ik/aws_ws/install/nav2_msgs:/home/ik/aws_ws/install/nav2_common:/home/ik/aws_ws/install/turtlebot3_simulations:/home/ik/aws_ws/install/turtlebot3_gazebo:/home/ik/aws_ws/install/turtlebot3_fake_node:/home/ik/aws_ws/install/slam_toolbox:/home/ik/aws_ws/install/aws_robomaker_small_warehouse_world:/opt/ros/foxy LD_LIBRARY_PATH=/home/ik/aws_ws/install/nav2_costmap_2d/lib:/home/ik/aws_ws/install/nav2_util/lib:/home/ik/aws_ws/install/nav2_voxel_grid/lib:/home/ik/aws_ws/install/nav2_msgs/lib:/home/ik/aws_ws/install/slam_toolbox/lib:/usr/lib/x86_64-linux-gnu/gazebo-11/plugins:/opt/ros/foxy/opt/yaml_cpp_vendor/lib:/opt/ros/foxy/opt/rviz_ogre_vendor/lib:/opt/ros/foxy/lib/x86_64-linux-gnu:/opt/ros/foxy/lib:/usr/share/gazebo/../../lib/x86_64-linux-gnu/gazebo-11/plugins PYTHONPATH=/home/ik/aws_ws/install/nav2_msgs/lib/python3.8/site-packages:/home/ik/aws_ws/install/nav2_common/lib/python3.8/site-packages:${PYTHONPATH} /usr/bin/cmake --install /home/ik/aws_ws/build/costmap_queue
