-- Found ament_cmake: 0.9.11 (/opt/ros/foxy/share/ament_cmake/cmake)
-- Using PYTHON_EXECUTABLE: /usr/bin/python3
-- Override CMake install command with custom implementation using symlinks instead of copying resources
-- Found nav2_common: 0.4.7 (/home/ik/aws_ws/install/nav2_common/share/nav2_common/cmake)
-- Found angles: 1.12.6 (/opt/ros/foxy/share/angles/cmake)
-- Found nav2_costmap_2d: 0.4.7 (/home/ik/aws_ws/install/nav2_costmap_2d/share/nav2_costmap_2d/cmake)
-- Using all available rosidl_typesupport_c: rosidl_typesupport_fastrtps_c;rosidl_typesupport_introspection_c
-- Found rosidl_adapter: 1.3.0 (/opt/ros/foxy/share/rosidl_adapter/cmake)
-- Using all available rosidl_typesupport_cpp: rosidl_typesupport_fastrtps_cpp;rosidl_typesupport_introspection_cpp
-- Found rmw_implementation_cmake: 1.0.4 (/opt/ros/foxy/share/rmw_implementation_cmake/cmake)
-- Using RMW implementation 'rmw_fastrtps_cpp' as default
-- Found costmap_queue: 0.4.7 (/home/ik/aws_ws/install/costmap_queue/share/costmap_queue/cmake)
-- Found dwb_core: 0.4.7 (/home/ik/aws_ws/install/dwb_core/share/dwb_core/cmake)
-- Found ament_lint_auto: 0.9.8 (/opt/ros/foxy/share/ament_lint_auto/cmake)
-- Added test 'cppcheck' to perform static code analysis on C / C++ code
-- Configured cppcheck include dirs: /home/ik/aws_ws/src/navigation2/nav2_dwb_controller/dwb_critics/include
-- Configured cppcheck exclude dirs and/or files: 
-- Added test 'cpplint' to check C / C++ code against the Google style
-- Configured cpplint exclude dirs and/or files: 
-- Added test 'lint_cmake' to check CMake code style
-- Added test 'uncrustify' to check C / C++ code style
-- Configured uncrustify additional arguments: 
-- Added test 'xmllint' to check XML markup files
-- Configuring done
-- Generating done
-- Build files have been written to: /home/ik/aws_ws/build/dwb_critics
[  7%] [32m[1mLinking CXX shared library libdwb_critics.so[0m
[100%] Built target dwb_critics
-- Install configuration: "Release"
-- Execute custom install script
-- Up-to-date symlink: /home/ik/aws_ws/install/dwb_critics/lib/libdwb_critics.so
-- Up-to-date symlink: /home/ik/aws_ws/install/dwb_critics/include//dwb_critics/alignment_util.hpp
-- Up-to-date symlink: /home/ik/aws_ws/install/dwb_critics/include//dwb_critics/base_obstacle.hpp
-- Up-to-date symlink: /home/ik/aws_ws/install/dwb_critics/include//dwb_critics/goal_align.hpp
-- Up-to-date symlink: /home/ik/aws_ws/install/dwb_critics/include//dwb_critics/goal_dist.hpp
-- Up-to-date symlink: /home/ik/aws_ws/install/dwb_critics/include//dwb_critics/line_iterator.hpp
-- Up-to-date symlink: /home/ik/aws_ws/install/dwb_critics/include//dwb_critics/map_grid.hpp
-- Up-to-date symlink: /home/ik/aws_ws/install/dwb_critics/include//dwb_critics/obstacle_footprint.hpp
-- Up-to-date symlink: /home/ik/aws_ws/install/dwb_critics/include//dwb_critics/oscillation.hpp
-- Up-to-date symlink: /home/ik/aws_ws/install/dwb_critics/include//dwb_critics/path_align.hpp
-- Up-to-date symlink: /home/ik/aws_ws/install/dwb_critics/include//dwb_critics/path_dist.hpp
-- Up-to-date symlink: /home/ik/aws_ws/install/dwb_critics/include//dwb_critics/prefer_forward.hpp
-- Up-to-date symlink: /home/ik/aws_ws/install/dwb_critics/include//dwb_critics/rotate_to_goal.hpp
-- Up-to-date symlink: /home/ik/aws_ws/install/dwb_critics/include//dwb_critics/twirling.hpp
-- Up-to-date symlink: /home/ik/aws_ws/install/dwb_critics/share/dwb_critics/default_critics.xml
-- Up-to-date symlink: /home/ik/aws_ws/install/dwb_critics/share/dwb_critics/environment/library_path.sh
-- Up-to-date symlink: /home/ik/aws_ws/install/dwb_critics/share/dwb_critics/environment/library_path.dsv
-- Up-to-date symlink: /home/ik/aws_ws/install/dwb_critics/share/dwb_critics//default_critics.xml
-- Up-to-date symlink: /home/ik/aws_ws/install/dwb_critics/share/ament_index/resource_index/package_run_dependencies/dwb_critics
-- Up-to-date symlink: /home/ik/aws_ws/install/dwb_critics/share/ament_index/resource_index/parent_prefix_path/dwb_critics
-- Up-to-date symlink: /home/ik/aws_ws/install/dwb_critics/share/dwb_critics/environment/ament_prefix_path.sh
-- Up-to-date symlink: /home/ik/aws_ws/install/dwb_critics/share/dwb_critics/environment/ament_prefix_path.dsv
-- Up-to-date symlink: /home/ik/aws_ws/install/dwb_critics/share/dwb_critics/environment/path.sh
-- Up-to-date symlink: /home/ik/aws_ws/install/dwb_critics/share/dwb_critics/environment/path.dsv
-- Up-to-date symlink: /home/ik/aws_ws/install/dwb_critics/share/dwb_critics/local_setup.bash
-- Up-to-date symlink: /home/ik/aws_ws/install/dwb_critics/share/dwb_critics/local_setup.sh
-- Up-to-date symlink: /home/ik/aws_ws/install/dwb_critics/share/dwb_critics/local_setup.zsh
-- Up-to-date symlink: /home/ik/aws_ws/install/dwb_critics/share/dwb_critics/local_setup.dsv
-- Symlinking: /home/ik/aws_ws/install/dwb_critics/share/dwb_critics/package.dsv
-- Up-to-date symlink: /home/ik/aws_ws/install/dwb_critics/share/ament_index/resource_index/packages/dwb_critics
-- Up-to-date symlink: /home/ik/aws_ws/install/dwb_critics/share/ament_index/resource_index/dwb_core__pluginlib__plugin/dwb_critics
-- Up-to-date symlink: /home/ik/aws_ws/install/dwb_critics/share/dwb_critics/cmake/ament_cmake_export_include_directories-extras.cmake
-- Up-to-date symlink: /home/ik/aws_ws/install/dwb_critics/share/dwb_critics/cmake/ament_cmake_export_libraries-extras.cmake
-- Up-to-date symlink: /home/ik/aws_ws/install/dwb_critics/share/dwb_critics/cmake/ament_cmake_export_dependencies-extras.cmake
-- Up-to-date symlink: /home/ik/aws_ws/install/dwb_critics/share/dwb_critics/cmake/ament_cmake_export_definitions-extras.cmake
-- Up-to-date symlink: /home/ik/aws_ws/install/dwb_critics/share/dwb_critics/cmake/dwb_criticsConfig.cmake
-- Up-to-date symlink: /home/ik/aws_ws/install/dwb_critics/share/dwb_critics/cmake/dwb_criticsConfig-version.cmake
-- Up-to-date symlink: /home/ik/aws_ws/install/dwb_critics/share/dwb_critics/package.xml
