[0.049s] Invoking command in '/home/ik/aws_ws/build/dwb_critics': AMENT_PREFIX_PATH=/home/ik/aws_ws/install/dwb_core:/home/ik/aws_ws/install/nav2_core:/home/ik/aws_ws/install/costmap_queue:/home/ik/aws_ws/install/nav2_costmap_2d:/home/ik/aws_ws/install/nav_2d_utils:/home/ik/aws_ws/install/nav2_util:/home/ik/aws_ws/install/nav2_voxel_grid:/home/ik/aws_ws/install/nav2_msgs:/home/ik/aws_ws/install/dwb_msgs:/home/ik/aws_ws/install/nav_2d_msgs:/home/ik/aws_ws/install/nav2_common:${AMENT_PREFIX_PATH} CMAKE_PREFIX_PATH=/home/ik/aws_ws/install/dwb_core:/home/ik/aws_ws/install/nav2_core:/home/ik/aws_ws/install/costmap_queue:/home/ik/aws_ws/install/nav2_costmap_2d:/home/ik/aws_ws/install/nav_2d_utils:/home/ik/aws_ws/install/nav2_util:/home/ik/aws_ws/install/nav2_voxel_grid:/home/ik/aws_ws/install/nav2_msgs:/home/ik/aws_ws/install/dwb_msgs:/home/ik/aws_ws/install/nav_2d_msgs:/home/ik/aws_ws/install/nav2_common:/opt/ros/foxy LD_LIBRARY_PATH=/home/ik/aws_ws/install/dwb_core/lib:/home/ik/aws_ws/install/costmap_queue/lib:/home/ik/aws_ws/install/nav2_costmap_2d/lib:/home/ik/aws_ws/install/nav_2d_utils/lib:/home/ik/aws_ws/install/nav2_util/lib:/home/ik/aws_ws/install/nav2_voxel_grid/lib:/home/ik/aws_ws/install/nav2_msgs/lib:/home/ik/aws_ws/install/dwb_msgs/lib:/home/ik/aws_ws/install/nav_2d_msgs/lib:${LD_LIBRARY_PATH} PYTHONPATH=/home/ik/aws_ws/install/nav2_msgs/lib/python3.8/site-packages:/home/ik/aws_ws/install/dwb_msgs/lib/python3.8/site-packages:/home/ik/aws_ws/install/nav_2d_msgs/lib/python3.8/site-packages:/home/ik/aws_ws/install/nav2_common/lib/python3.8/site-packages:${PYTHONPATH} /usr/bin/cmake --build /home/ik/aws_ws/build/dwb_critics -- -j8 -l8
[0.090s] -- Found ament_cmake: 0.9.11 (/opt/ros/foxy/share/ament_cmake/cmake)
[0.126s] -- Using PYTHON_EXECUTABLE: /usr/bin/python3
[0.343s] -- Override CMake install command with custom implementation using symlinks instead of copying resources
[0.359s] -- Found nav2_common: 0.4.7 (/home/ik/aws_ws/install/nav2_common/share/nav2_common/cmake)
[0.359s] -- Found angles: 1.12.6 (/opt/ros/foxy/share/angles/cmake)
[0.361s] -- Found nav2_costmap_2d: 0.4.7 (/home/ik/aws_ws/install/nav2_costmap_2d/share/nav2_costmap_2d/cmake)
[0.397s] -- Using all available rosidl_typesupport_c: rosidl_typesupport_fastrtps_c;rosidl_typesupport_introspection_c
[0.402s] -- Found rosidl_adapter: 1.3.0 (/opt/ros/foxy/share/rosidl_adapter/cmake)
[0.594s] -- Using all available rosidl_typesupport_cpp: rosidl_typesupport_fastrtps_cpp;rosidl_typesupport_introspection_cpp
[1.743s] -- Found rmw_implementation_cmake: 1.0.4 (/opt/ros/foxy/share/rmw_implementation_cmake/cmake)
[1.746s] -- Using RMW implementation 'rmw_fastrtps_cpp' as default
[3.129s] -- Found costmap_queue: 0.4.7 (/home/ik/aws_ws/install/costmap_queue/share/costmap_queue/cmake)
[3.132s] -- Found dwb_core: 0.4.7 (/home/ik/aws_ws/install/dwb_core/share/dwb_core/cmake)
[14.830s] -- Found ament_lint_auto: 0.9.8 (/opt/ros/foxy/share/ament_lint_auto/cmake)
[14.959s] -- Added test 'cppcheck' to perform static code analysis on C / C++ code
[14.961s] -- Configured cppcheck include dirs: /home/ik/aws_ws/src/navigation2/nav2_dwb_controller/dwb_critics/include
[14.962s] -- Configured cppcheck exclude dirs and/or files: 
[14.965s] -- Added test 'cpplint' to check C / C++ code against the Google style
[14.966s] -- Configured cpplint exclude dirs and/or files: 
[14.969s] -- Added test 'lint_cmake' to check CMake code style
[14.972s] -- Added test 'uncrustify' to check C / C++ code style
[14.973s] -- Configured uncrustify additional arguments: 
[14.975s] -- Added test 'xmllint' to check XML markup files
[14.992s] -- Configuring done
[15.078s] -- Generating done
[15.090s] -- Build files have been written to: /home/ik/aws_ws/build/dwb_critics
[15.364s] [  7%] [32m[1mLinking CXX shared library libdwb_critics.so[0m
[16.184s] [100%] Built target dwb_critics
[16.267s] Invoked command in '/home/ik/aws_ws/build/dwb_critics' returned '0': AMENT_PREFIX_PATH=/home/ik/aws_ws/install/dwb_core:/home/ik/aws_ws/install/nav2_core:/home/ik/aws_ws/install/costmap_queue:/home/ik/aws_ws/install/nav2_costmap_2d:/home/ik/aws_ws/install/nav_2d_utils:/home/ik/aws_ws/install/nav2_util:/home/ik/aws_ws/install/nav2_voxel_grid:/home/ik/aws_ws/install/nav2_msgs:/home/ik/aws_ws/install/dwb_msgs:/home/ik/aws_ws/install/nav_2d_msgs:/home/ik/aws_ws/install/nav2_common:${AMENT_PREFIX_PATH} CMAKE_PREFIX_PATH=/home/ik/aws_ws/install/dwb_core:/home/ik/aws_ws/install/nav2_core:/home/ik/aws_ws/install/costmap_queue:/home/ik/aws_ws/install/nav2_costmap_2d:/home/ik/aws_ws/install/nav_2d_utils:/home/ik/aws_ws/install/nav2_util:/home/ik/aws_ws/install/nav2_voxel_grid:/home/ik/aws_ws/install/nav2_msgs:/home/ik/aws_ws/install/dwb_msgs:/home/ik/aws_ws/install/nav_2d_msgs:/home/ik/aws_ws/install/nav2_common:/opt/ros/foxy LD_LIBRARY_PATH=/home/ik/aws_ws/install/dwb_core/lib:/home/ik/aws_ws/install/costmap_queue/lib:/home/ik/aws_ws/install/nav2_costmap_2d/lib:/home/ik/aws_ws/install/nav_2d_utils/lib:/home/ik/aws_ws/install/nav2_util/lib:/home/ik/aws_ws/install/nav2_voxel_grid/lib:/home/ik/aws_ws/install/nav2_msgs/lib:/home/ik/aws_ws/install/dwb_msgs/lib:/home/ik/aws_ws/install/nav_2d_msgs/lib:${LD_LIBRARY_PATH} PYTHONPATH=/home/ik/aws_ws/install/nav2_msgs/lib/python3.8/site-packages:/home/ik/aws_ws/install/dwb_msgs/lib/python3.8/site-packages:/home/ik/aws_ws/install/nav_2d_msgs/lib/python3.8/site-packages:/home/ik/aws_ws/install/nav2_common/lib/python3.8/site-packages:${PYTHONPATH} /usr/bin/cmake --build /home/ik/aws_ws/build/dwb_critics -- -j8 -l8
[17.127s] Invoking command in '/home/ik/aws_ws/build/dwb_critics': AMENT_PREFIX_PATH=/home/ik/aws_ws/install/dwb_core:/home/ik/aws_ws/install/nav2_core:/home/ik/aws_ws/install/costmap_queue:/home/ik/aws_ws/install/nav2_costmap_2d:/home/ik/aws_ws/install/nav_2d_utils:/home/ik/aws_ws/install/nav2_util:/home/ik/aws_ws/install/nav2_voxel_grid:/home/ik/aws_ws/install/nav2_msgs:/home/ik/aws_ws/install/dwb_msgs:/home/ik/aws_ws/install/nav_2d_msgs:/home/ik/aws_ws/install/nav2_common:${AMENT_PREFIX_PATH} CMAKE_PREFIX_PATH=/home/ik/aws_ws/install/dwb_core:/home/ik/aws_ws/install/nav2_core:/home/ik/aws_ws/install/costmap_queue:/home/ik/aws_ws/install/nav2_costmap_2d:/home/ik/aws_ws/install/nav_2d_utils:/home/ik/aws_ws/install/nav2_util:/home/ik/aws_ws/install/nav2_voxel_grid:/home/ik/aws_ws/install/nav2_msgs:/home/ik/aws_ws/install/dwb_msgs:/home/ik/aws_ws/install/nav_2d_msgs:/home/ik/aws_ws/install/nav2_common:/opt/ros/foxy LD_LIBRARY_PATH=/home/ik/aws_ws/install/dwb_core/lib:/home/ik/aws_ws/install/costmap_queue/lib:/home/ik/aws_ws/install/nav2_costmap_2d/lib:/home/ik/aws_ws/install/nav_2d_utils/lib:/home/ik/aws_ws/install/nav2_util/lib:/home/ik/aws_ws/install/nav2_voxel_grid/lib:/home/ik/aws_ws/install/nav2_msgs/lib:/home/ik/aws_ws/install/dwb_msgs/lib:/home/ik/aws_ws/install/nav_2d_msgs/lib:${LD_LIBRARY_PATH} PYTHONPATH=/home/ik/aws_ws/install/nav2_msgs/lib/python3.8/site-packages:/home/ik/aws_ws/install/dwb_msgs/lib/python3.8/site-packages:/home/ik/aws_ws/install/nav_2d_msgs/lib/python3.8/site-packages:/home/ik/aws_ws/install/nav2_common/lib/python3.8/site-packages:${PYTHONPATH} /usr/bin/cmake --install /home/ik/aws_ws/build/dwb_critics
[17.142s] -- Install configuration: "Release"
[17.143s] -- Execute custom install script
[17.143s] -- Up-to-date symlink: /home/ik/aws_ws/install/dwb_critics/lib/libdwb_critics.so
[17.144s] -- Up-to-date symlink: /home/ik/aws_ws/install/dwb_critics/include//dwb_critics/alignment_util.hpp
[17.145s] -- Up-to-date symlink: /home/ik/aws_ws/install/dwb_critics/include//dwb_critics/base_obstacle.hpp
[17.146s] -- Up-to-date symlink: /home/ik/aws_ws/install/dwb_critics/include//dwb_critics/goal_align.hpp
[17.147s] -- Up-to-date symlink: /home/ik/aws_ws/install/dwb_critics/include//dwb_critics/goal_dist.hpp
[17.148s] -- Up-to-date symlink: /home/ik/aws_ws/install/dwb_critics/include//dwb_critics/line_iterator.hpp
[17.149s] -- Up-to-date symlink: /home/ik/aws_ws/install/dwb_critics/include//dwb_critics/map_grid.hpp
[17.149s] -- Up-to-date symlink: /home/ik/aws_ws/install/dwb_critics/include//dwb_critics/obstacle_footprint.hpp
[17.150s] -- Up-to-date symlink: /home/ik/aws_ws/install/dwb_critics/include//dwb_critics/oscillation.hpp
[17.151s] -- Up-to-date symlink: /home/ik/aws_ws/install/dwb_critics/include//dwb_critics/path_align.hpp
[17.152s] -- Up-to-date symlink: /home/ik/aws_ws/install/dwb_critics/include//dwb_critics/path_dist.hpp
[17.152s] -- Up-to-date symlink: /home/ik/aws_ws/install/dwb_critics/include//dwb_critics/prefer_forward.hpp
[17.153s] -- Up-to-date symlink: /home/ik/aws_ws/install/dwb_critics/include//dwb_critics/rotate_to_goal.hpp
[17.153s] -- Up-to-date symlink: /home/ik/aws_ws/install/dwb_critics/include//dwb_critics/twirling.hpp
[17.154s] -- Up-to-date symlink: /home/ik/aws_ws/install/dwb_critics/share/dwb_critics/default_critics.xml
[17.155s] -- Up-to-date symlink: /home/ik/aws_ws/install/dwb_critics/share/dwb_critics/environment/library_path.sh
[17.155s] -- Up-to-date symlink: /home/ik/aws_ws/install/dwb_critics/share/dwb_critics/environment/library_path.dsv
[17.155s] -- Up-to-date symlink: /home/ik/aws_ws/install/dwb_critics/share/dwb_critics//default_critics.xml
[17.156s] -- Up-to-date symlink: /home/ik/aws_ws/install/dwb_critics/share/ament_index/resource_index/package_run_dependencies/dwb_critics
[17.156s] -- Up-to-date symlink: /home/ik/aws_ws/install/dwb_critics/share/ament_index/resource_index/parent_prefix_path/dwb_critics
[17.156s] -- Up-to-date symlink: /home/ik/aws_ws/install/dwb_critics/share/dwb_critics/environment/ament_prefix_path.sh
[17.156s] -- Up-to-date symlink: /home/ik/aws_ws/install/dwb_critics/share/dwb_critics/environment/ament_prefix_path.dsv
[17.156s] -- Up-to-date symlink: /home/ik/aws_ws/install/dwb_critics/share/dwb_critics/environment/path.sh
[17.156s] -- Up-to-date symlink: /home/ik/aws_ws/install/dwb_critics/share/dwb_critics/environment/path.dsv
[17.156s] -- Up-to-date symlink: /home/ik/aws_ws/install/dwb_critics/share/dwb_critics/local_setup.bash
[17.156s] -- Up-to-date symlink: /home/ik/aws_ws/install/dwb_critics/share/dwb_critics/local_setup.sh
[17.156s] -- Up-to-date symlink: /home/ik/aws_ws/install/dwb_critics/share/dwb_critics/local_setup.zsh
[17.156s] -- Up-to-date symlink: /home/ik/aws_ws/install/dwb_critics/share/dwb_critics/local_setup.dsv
[17.156s] -- Symlinking: /home/ik/aws_ws/install/dwb_critics/share/dwb_critics/package.dsv
[17.167s] -- Up-to-date symlink: /home/ik/aws_ws/install/dwb_critics/share/ament_index/resource_index/packages/dwb_critics
[17.167s] -- Up-to-date symlink: /home/ik/aws_ws/install/dwb_critics/share/ament_index/resource_index/dwb_core__pluginlib__plugin/dwb_critics
[17.167s] -- Up-to-date symlink: /home/ik/aws_ws/install/dwb_critics/share/dwb_critics/cmake/ament_cmake_export_include_directories-extras.cmake
[17.169s] -- Up-to-date symlink: /home/ik/aws_ws/install/dwb_critics/share/dwb_critics/cmake/ament_cmake_export_libraries-extras.cmake
[17.169s] -- Up-to-date symlink: /home/ik/aws_ws/install/dwb_critics/share/dwb_critics/cmake/ament_cmake_export_dependencies-extras.cmake
[17.169s] -- Up-to-date symlink: /home/ik/aws_ws/install/dwb_critics/share/dwb_critics/cmake/ament_cmake_export_definitions-extras.cmake
[17.170s] -- Up-to-date symlink: /home/ik/aws_ws/install/dwb_critics/share/dwb_critics/cmake/dwb_criticsConfig.cmake
[17.170s] -- Up-to-date symlink: /home/ik/aws_ws/install/dwb_critics/share/dwb_critics/cmake/dwb_criticsConfig-version.cmake
[17.170s] -- Up-to-date symlink: /home/ik/aws_ws/install/dwb_critics/share/dwb_critics/package.xml
[17.185s] Invoked command in '/home/ik/aws_ws/build/dwb_critics' returned '0': AMENT_PREFIX_PATH=/home/ik/aws_ws/install/dwb_core:/home/ik/aws_ws/install/nav2_core:/home/ik/aws_ws/install/costmap_queue:/home/ik/aws_ws/install/nav2_costmap_2d:/home/ik/aws_ws/install/nav_2d_utils:/home/ik/aws_ws/install/nav2_util:/home/ik/aws_ws/install/nav2_voxel_grid:/home/ik/aws_ws/install/nav2_msgs:/home/ik/aws_ws/install/dwb_msgs:/home/ik/aws_ws/install/nav_2d_msgs:/home/ik/aws_ws/install/nav2_common:${AMENT_PREFIX_PATH} CMAKE_PREFIX_PATH=/home/ik/aws_ws/install/dwb_core:/home/ik/aws_ws/install/nav2_core:/home/ik/aws_ws/install/costmap_queue:/home/ik/aws_ws/install/nav2_costmap_2d:/home/ik/aws_ws/install/nav_2d_utils:/home/ik/aws_ws/install/nav2_util:/home/ik/aws_ws/install/nav2_voxel_grid:/home/ik/aws_ws/install/nav2_msgs:/home/ik/aws_ws/install/dwb_msgs:/home/ik/aws_ws/install/nav_2d_msgs:/home/ik/aws_ws/install/nav2_common:/opt/ros/foxy LD_LIBRARY_PATH=/home/ik/aws_ws/install/dwb_core/lib:/home/ik/aws_ws/install/costmap_queue/lib:/home/ik/aws_ws/install/nav2_costmap_2d/lib:/home/ik/aws_ws/install/nav_2d_utils/lib:/home/ik/aws_ws/install/nav2_util/lib:/home/ik/aws_ws/install/nav2_voxel_grid/lib:/home/ik/aws_ws/install/nav2_msgs/lib:/home/ik/aws_ws/install/dwb_msgs/lib:/home/ik/aws_ws/install/nav_2d_msgs/lib:${LD_LIBRARY_PATH} PYTHONPATH=/home/ik/aws_ws/install/nav2_msgs/lib/python3.8/site-packages:/home/ik/aws_ws/install/dwb_msgs/lib/python3.8/site-packages:/home/ik/aws_ws/install/nav_2d_msgs/lib/python3.8/site-packages:/home/ik/aws_ws/install/nav2_common/lib/python3.8/site-packages:${PYTHONPATH} /usr/bin/cmake --install /home/ik/aws_ws/build/dwb_critics
