[0.090s] Invoking command in '/home/ik/aws_ws/build/nav2_common': CMAKE_PREFIX_PATH=${CMAKE_PREFIX_PATH}:/home/ik/aws_ws/install/nav2_gazebo_spawner:/opt/ros/foxy /usr/bin/cmake --build /home/ik/aws_ws/build/nav2_common -- -j8 -l8
[0.378s] Invoked command in '/home/ik/aws_ws/build/nav2_common' returned '0': CMAKE_PREFIX_PATH=${CMAKE_PREFIX_PATH}:/home/ik/aws_ws/install/nav2_gazebo_spawner:/opt/ros/foxy /usr/bin/cmake --build /home/ik/aws_ws/build/nav2_common -- -j8 -l8
[0.529s] Invoking command in '/home/ik/aws_ws/build/nav2_common': CMAKE_PREFIX_PATH=${CMAKE_PREFIX_PATH}:/home/ik/aws_ws/install/nav2_gazebo_spawner:/opt/ros/foxy /usr/bin/cmake --install /home/ik/aws_ws/build/nav2_common
[0.529s] -- Install configuration: ""
[0.530s] -- Execute custom install script
[0.530s] -- Up-to-date symlink: /home/ik/aws_ws/install/nav2_common/share/nav2_common/environment/pythonpath.sh
[0.530s] -- Up-to-date symlink: /home/ik/aws_ws/install/nav2_common/share/nav2_common/environment/pythonpath.dsv
[0.530s] -- Up-to-date symlink: /home/ik/aws_ws/install/nav2_common/lib/python3.8/site-packages/nav2_common/__init__.py
[0.530s] -- Up-to-date symlink: /home/ik/aws_ws/install/nav2_common/lib/python3.8/site-packages/nav2_common/launch/__init__.py
[0.530s] -- Up-to-date symlink: /home/ik/aws_ws/install/nav2_common/lib/python3.8/site-packages/nav2_common/launch/has_node_params.py
[0.530s] -- Up-to-date symlink: /home/ik/aws_ws/install/nav2_common/lib/python3.8/site-packages/nav2_common/launch/replace_string.py
[0.530s] -- Up-to-date symlink: /home/ik/aws_ws/install/nav2_common/lib/python3.8/site-packages/nav2_common/launch/rewritten_yaml.py
[0.530s] -- Up-to-date symlink: /home/ik/aws_ws/install/nav2_common/share/ament_index/resource_index/package_run_dependencies/nav2_common
[0.530s] -- Up-to-date symlink: /home/ik/aws_ws/install/nav2_common/share/ament_index/resource_index/parent_prefix_path/nav2_common
[0.530s] -- Up-to-date symlink: /home/ik/aws_ws/install/nav2_common/share/nav2_common/environment/ament_prefix_path.sh
[0.530s] -- Up-to-date symlink: /home/ik/aws_ws/install/nav2_common/share/nav2_common/environment/ament_prefix_path.dsv
[0.530s] -- Up-to-date symlink: /home/ik/aws_ws/install/nav2_common/share/nav2_common/environment/path.sh
[0.530s] -- Up-to-date symlink: /home/ik/aws_ws/install/nav2_common/share/nav2_common/environment/path.dsv
[0.530s] -- Up-to-date symlink: /home/ik/aws_ws/install/nav2_common/share/nav2_common/local_setup.bash
[0.530s] -- Up-to-date symlink: /home/ik/aws_ws/install/nav2_common/share/nav2_common/local_setup.sh
[0.530s] -- Up-to-date symlink: /home/ik/aws_ws/install/nav2_common/share/nav2_common/local_setup.zsh
[0.530s] -- Up-to-date symlink: /home/ik/aws_ws/install/nav2_common/share/nav2_common/local_setup.dsv
[0.530s] -- Symlinking: /home/ik/aws_ws/install/nav2_common/share/nav2_common/package.dsv
[0.531s] -- Up-to-date symlink: /home/ik/aws_ws/install/nav2_common/share/ament_index/resource_index/packages/nav2_common
[0.531s] -- Up-to-date symlink: /home/ik/aws_ws/install/nav2_common/share/nav2_common/cmake/nav2_common-extras.cmake
[0.532s] -- Up-to-date symlink: /home/ik/aws_ws/install/nav2_common/share/nav2_common/cmake/nav2_commonConfig.cmake
[0.532s] -- Up-to-date symlink: /home/ik/aws_ws/install/nav2_common/share/nav2_common/cmake/nav2_commonConfig-version.cmake
[0.534s] -- Up-to-date symlink: /home/ik/aws_ws/install/nav2_common/share/nav2_common/package.xml
[0.534s] -- Up-to-date symlink: /home/ik/aws_ws/install/nav2_common/share/nav2_common/cmake/nav2_package.cmake
[0.569s] Listing '/home/ik/aws_ws/install/nav2_common/lib/python3.8/site-packages/nav2_common'...
[0.569s] Listing '/home/ik/aws_ws/install/nav2_common/lib/python3.8/site-packages/nav2_common/launch'...
[0.600s] Invoked command in '/home/ik/aws_ws/build/nav2_common' returned '0': CMAKE_PREFIX_PATH=${CMAKE_PREFIX_PATH}:/home/ik/aws_ws/install/nav2_gazebo_spawner:/opt/ros/foxy /usr/bin/cmake --install /home/ik/aws_ws/build/nav2_common
