[0.054s] Invoking command in '/home/ik/aws_ws/build/nav2_amcl': AMENT_PREFIX_PATH=/home/ik/aws_ws/install/nav2_util:/home/ik/aws_ws/install/nav2_msgs:/home/ik/aws_ws/install/nav2_common:${AMENT_PREFIX_PATH} CMAKE_PREFIX_PATH=/home/ik/aws_ws/install/nav2_util:/home/ik/aws_ws/install/nav2_msgs:/home/ik/aws_ws/install/nav2_common:/opt/ros/foxy LD_LIBRARY_PATH=/home/ik/aws_ws/install/nav2_util/lib:/home/ik/aws_ws/install/nav2_msgs/lib:${LD_LIBRARY_PATH} PYTHONPATH=/home/ik/aws_ws/install/nav2_msgs/lib/python3.8/site-packages:/home/ik/aws_ws/install/nav2_common/lib/python3.8/site-packages:${PYTHONPATH} /usr/bin/cmake --build /home/ik/aws_ws/build/nav2_amcl -- -j8 -l8
[0.140s] [ 26%] Built target pf_lib
[0.143s] [ 50%] Built target map_lib
[0.181s] [ 65%] Built target motions_lib
[0.194s] [ 84%] Built target sensors_lib
[0.248s] [ 92%] Built target amcl_core
[0.296s] [100%] Built target amcl
[0.352s] Invoked command in '/home/ik/aws_ws/build/nav2_amcl' returned '0': AMENT_PREFIX_PATH=/home/ik/aws_ws/install/nav2_util:/home/ik/aws_ws/install/nav2_msgs:/home/ik/aws_ws/install/nav2_common:${AMENT_PREFIX_PATH} CMAKE_PREFIX_PATH=/home/ik/aws_ws/install/nav2_util:/home/ik/aws_ws/install/nav2_msgs:/home/ik/aws_ws/install/nav2_common:/opt/ros/foxy LD_LIBRARY_PATH=/home/ik/aws_ws/install/nav2_util/lib:/home/ik/aws_ws/install/nav2_msgs/lib:${LD_LIBRARY_PATH} PYTHONPATH=/home/ik/aws_ws/install/nav2_msgs/lib/python3.8/site-packages:/home/ik/aws_ws/install/nav2_common/lib/python3.8/site-packages:${PYTHONPATH} /usr/bin/cmake --build /home/ik/aws_ws/build/nav2_amcl -- -j8 -l8
[0.426s] Invoking command in '/home/ik/aws_ws/build/nav2_amcl': AMENT_PREFIX_PATH=/home/ik/aws_ws/install/nav2_util:/home/ik/aws_ws/install/nav2_msgs:/home/ik/aws_ws/install/nav2_common:${AMENT_PREFIX_PATH} CMAKE_PREFIX_PATH=/home/ik/aws_ws/install/nav2_util:/home/ik/aws_ws/install/nav2_msgs:/home/ik/aws_ws/install/nav2_common:/opt/ros/foxy LD_LIBRARY_PATH=/home/ik/aws_ws/install/nav2_util/lib:/home/ik/aws_ws/install/nav2_msgs/lib:${LD_LIBRARY_PATH} PYTHONPATH=/home/ik/aws_ws/install/nav2_msgs/lib/python3.8/site-packages:/home/ik/aws_ws/install/nav2_common/lib/python3.8/site-packages:${PYTHONPATH} /usr/bin/cmake --install /home/ik/aws_ws/build/nav2_amcl
[0.441s] -- Install configuration: "Release"
[0.442s] -- Execute custom install script
[0.443s] -- Up-to-date symlink: /home/ik/aws_ws/install/nav2_amcl/lib/libpf_lib.so
[0.443s] -- Up-to-date symlink: /home/ik/aws_ws/install/nav2_amcl/lib/libmap_lib.so
[0.443s] -- Up-to-date symlink: /home/ik/aws_ws/install/nav2_amcl/lib/libmotions_lib.so
[0.443s] -- Up-to-date symlink: /home/ik/aws_ws/install/nav2_amcl/lib/libsensors_lib.so
[0.443s] -- Up-to-date symlink: /home/ik/aws_ws/install/nav2_amcl/lib/libamcl_core.so
[0.443s] -- Up-to-date symlink: /home/ik/aws_ws/install/nav2_amcl/lib/nav2_amcl/amcl
[0.443s] -- Up-to-date symlink: /home/ik/aws_ws/install/nav2_amcl/include//nav2_amcl/amcl_node.hpp
[0.443s] -- Up-to-date symlink: /home/ik/aws_ws/install/nav2_amcl/include//nav2_amcl/angleutils.hpp
[0.443s] -- Up-to-date symlink: /home/ik/aws_ws/install/nav2_amcl/include//nav2_amcl/map/map.hpp
[0.443s] -- Up-to-date symlink: /home/ik/aws_ws/install/nav2_amcl/include//nav2_amcl/motion_model/motion_model.hpp
[0.443s] -- Up-to-date symlink: /home/ik/aws_ws/install/nav2_amcl/include//nav2_amcl/pf/eig3.hpp
[0.443s] -- Up-to-date symlink: /home/ik/aws_ws/install/nav2_amcl/include//nav2_amcl/pf/pf.hpp
[0.443s] -- Up-to-date symlink: /home/ik/aws_ws/install/nav2_amcl/include//nav2_amcl/pf/pf_kdtree.hpp
[0.443s] -- Up-to-date symlink: /home/ik/aws_ws/install/nav2_amcl/include//nav2_amcl/pf/pf_pdf.hpp
[0.443s] -- Up-to-date symlink: /home/ik/aws_ws/install/nav2_amcl/include//nav2_amcl/pf/pf_vector.hpp
[0.443s] -- Up-to-date symlink: /home/ik/aws_ws/install/nav2_amcl/include//nav2_amcl/sensors/laser/laser.hpp
[0.444s] -- Up-to-date symlink: /home/ik/aws_ws/install/nav2_amcl/share/nav2_amcl/environment/library_path.sh
[0.444s] -- Up-to-date symlink: /home/ik/aws_ws/install/nav2_amcl/share/nav2_amcl/environment/library_path.dsv
[0.444s] -- Up-to-date symlink: /home/ik/aws_ws/install/nav2_amcl/share/ament_index/resource_index/package_run_dependencies/nav2_amcl
[0.444s] -- Up-to-date symlink: /home/ik/aws_ws/install/nav2_amcl/share/ament_index/resource_index/parent_prefix_path/nav2_amcl
[0.444s] -- Up-to-date symlink: /home/ik/aws_ws/install/nav2_amcl/share/nav2_amcl/environment/ament_prefix_path.sh
[0.444s] -- Up-to-date symlink: /home/ik/aws_ws/install/nav2_amcl/share/nav2_amcl/environment/ament_prefix_path.dsv
[0.444s] -- Up-to-date symlink: /home/ik/aws_ws/install/nav2_amcl/share/nav2_amcl/environment/path.sh
[0.444s] -- Up-to-date symlink: /home/ik/aws_ws/install/nav2_amcl/share/nav2_amcl/environment/path.dsv
[0.444s] -- Up-to-date symlink: /home/ik/aws_ws/install/nav2_amcl/share/nav2_amcl/local_setup.bash
[0.445s] -- Up-to-date symlink: /home/ik/aws_ws/install/nav2_amcl/share/nav2_amcl/local_setup.sh
[0.445s] -- Up-to-date symlink: /home/ik/aws_ws/install/nav2_amcl/share/nav2_amcl/local_setup.zsh
[0.445s] -- Up-to-date symlink: /home/ik/aws_ws/install/nav2_amcl/share/nav2_amcl/local_setup.dsv
[0.445s] -- Symlinking: /home/ik/aws_ws/install/nav2_amcl/share/nav2_amcl/package.dsv
[0.456s] -- Up-to-date symlink: /home/ik/aws_ws/install/nav2_amcl/share/ament_index/resource_index/packages/nav2_amcl
[0.456s] -- Up-to-date symlink: /home/ik/aws_ws/install/nav2_amcl/share/nav2_amcl/cmake/ament_cmake_export_include_directories-extras.cmake
[0.456s] -- Up-to-date symlink: /home/ik/aws_ws/install/nav2_amcl/share/nav2_amcl/cmake/ament_cmake_export_libraries-extras.cmake
[0.456s] -- Up-to-date symlink: /home/ik/aws_ws/install/nav2_amcl/share/nav2_amcl/cmake/ament_cmake_export_dependencies-extras.cmake
[0.457s] -- Up-to-date symlink: /home/ik/aws_ws/install/nav2_amcl/share/nav2_amcl/cmake/nav2_amclConfig.cmake
[0.457s] -- Up-to-date symlink: /home/ik/aws_ws/install/nav2_amcl/share/nav2_amcl/cmake/nav2_amclConfig-version.cmake
[0.460s] -- Up-to-date symlink: /home/ik/aws_ws/install/nav2_amcl/share/nav2_amcl/package.xml
[0.493s] Invoked command in '/home/ik/aws_ws/build/nav2_amcl' returned '0': AMENT_PREFIX_PATH=/home/ik/aws_ws/install/nav2_util:/home/ik/aws_ws/install/nav2_msgs:/home/ik/aws_ws/install/nav2_common:${AMENT_PREFIX_PATH} CMAKE_PREFIX_PATH=/home/ik/aws_ws/install/nav2_util:/home/ik/aws_ws/install/nav2_msgs:/home/ik/aws_ws/install/nav2_common:/opt/ros/foxy LD_LIBRARY_PATH=/home/ik/aws_ws/install/nav2_util/lib:/home/ik/aws_ws/install/nav2_msgs/lib:${LD_LIBRARY_PATH} PYTHONPATH=/home/ik/aws_ws/install/nav2_msgs/lib/python3.8/site-packages:/home/ik/aws_ws/install/nav2_common/lib/python3.8/site-packages:${PYTHONPATH} /usr/bin/cmake --install /home/ik/aws_ws/build/nav2_amcl
