[0.060s] Invoking command in '/home/ik/aws_ws/build/nav2_map_server': AMENT_PREFIX_PATH=/home/ik/aws_ws/install/nav2_util:/home/ik/aws_ws/install/nav2_msgs:/home/ik/aws_ws/install/nav2_common:${AMENT_PREFIX_PATH} CMAKE_PREFIX_PATH=/home/ik/aws_ws/install/nav2_util:/home/ik/aws_ws/install/nav2_msgs:/home/ik/aws_ws/install/nav2_common:/opt/ros/foxy LD_LIBRARY_PATH=/home/ik/aws_ws/install/nav2_util/lib:/home/ik/aws_ws/install/nav2_msgs/lib:${LD_LIBRARY_PATH} PYTHONPATH=/home/ik/aws_ws/install/nav2_msgs/lib/python3.8/site-packages:/home/ik/aws_ws/install/nav2_common/lib/python3.8/site-packages:${PYTHONPATH} /usr/bin/cmake --build /home/ik/aws_ws/build/nav2_map_server -- -j8 -l8
[0.139s] [  6%] Built target gtest
[0.140s] [ 12%] Built target gtest_main
[0.159s] [ 22%] Built target map_io
[0.210s] [ 32%] Built target test_map_saver_cli
[0.214s] [ 41%] Built target map_server_core
[0.215s] [ 51%] Built target test_map_io
[0.223s] [ 61%] Built target test_map_saver_publisher
[0.262s] [ 67%] Built target map_server
[0.268s] [ 74%] Built target map_saver_cli
[0.271s] [ 83%] Built target test_map_saver_node
[0.273s] [ 90%] Built target map_saver_server
[0.278s] [100%] Built target test_map_server_node
[0.327s] Invoked command in '/home/ik/aws_ws/build/nav2_map_server' returned '0': AMENT_PREFIX_PATH=/home/ik/aws_ws/install/nav2_util:/home/ik/aws_ws/install/nav2_msgs:/home/ik/aws_ws/install/nav2_common:${AMENT_PREFIX_PATH} CMAKE_PREFIX_PATH=/home/ik/aws_ws/install/nav2_util:/home/ik/aws_ws/install/nav2_msgs:/home/ik/aws_ws/install/nav2_common:/opt/ros/foxy LD_LIBRARY_PATH=/home/ik/aws_ws/install/nav2_util/lib:/home/ik/aws_ws/install/nav2_msgs/lib:${LD_LIBRARY_PATH} PYTHONPATH=/home/ik/aws_ws/install/nav2_msgs/lib/python3.8/site-packages:/home/ik/aws_ws/install/nav2_common/lib/python3.8/site-packages:${PYTHONPATH} /usr/bin/cmake --build /home/ik/aws_ws/build/nav2_map_server -- -j8 -l8
[0.405s] Invoking command in '/home/ik/aws_ws/build/nav2_map_server': AMENT_PREFIX_PATH=/home/ik/aws_ws/install/nav2_util:/home/ik/aws_ws/install/nav2_msgs:/home/ik/aws_ws/install/nav2_common:${AMENT_PREFIX_PATH} CMAKE_PREFIX_PATH=/home/ik/aws_ws/install/nav2_util:/home/ik/aws_ws/install/nav2_msgs:/home/ik/aws_ws/install/nav2_common:/opt/ros/foxy LD_LIBRARY_PATH=/home/ik/aws_ws/install/nav2_util/lib:/home/ik/aws_ws/install/nav2_msgs/lib:${LD_LIBRARY_PATH} PYTHONPATH=/home/ik/aws_ws/install/nav2_msgs/lib/python3.8/site-packages:/home/ik/aws_ws/install/nav2_common/lib/python3.8/site-packages:${PYTHONPATH} /usr/bin/cmake --install /home/ik/aws_ws/build/nav2_map_server
[0.423s] -- Install configuration: "Release"
[0.424s] -- Execute custom install script
[0.424s] -- Up-to-date symlink: /home/ik/aws_ws/install/nav2_map_server/lib/libmap_server_core.so
[0.424s] -- Up-to-date symlink: /home/ik/aws_ws/install/nav2_map_server/lib/libmap_io.so
[0.424s] -- Up-to-date symlink: /home/ik/aws_ws/install/nav2_map_server/lib/nav2_map_server/map_server
[0.425s] -- Up-to-date symlink: /home/ik/aws_ws/install/nav2_map_server/lib/nav2_map_server/map_saver_cli
[0.425s] -- Up-to-date symlink: /home/ik/aws_ws/install/nav2_map_server/lib/nav2_map_server/map_saver_server
[0.425s] -- Up-to-date symlink: /home/ik/aws_ws/install/nav2_map_server/include//nav2_map_server/map_io.hpp
[0.426s] -- Up-to-date symlink: /home/ik/aws_ws/install/nav2_map_server/include//nav2_map_server/map_mode.hpp
[0.427s] -- Up-to-date symlink: /home/ik/aws_ws/install/nav2_map_server/include//nav2_map_server/map_saver.hpp
[0.428s] -- Up-to-date symlink: /home/ik/aws_ws/install/nav2_map_server/include//nav2_map_server/map_server.hpp
[0.428s] -- Up-to-date symlink: /home/ik/aws_ws/install/nav2_map_server/share/nav2_map_server/launch/map_saver_server.launch.py
[0.428s] -- Up-to-date symlink: /home/ik/aws_ws/install/nav2_map_server/share/nav2_map_server/environment/library_path.sh
[0.428s] -- Up-to-date symlink: /home/ik/aws_ws/install/nav2_map_server/share/nav2_map_server/environment/library_path.dsv
[0.429s] -- Up-to-date symlink: /home/ik/aws_ws/install/nav2_map_server/share/ament_index/resource_index/package_run_dependencies/nav2_map_server
[0.429s] -- Up-to-date symlink: /home/ik/aws_ws/install/nav2_map_server/share/ament_index/resource_index/parent_prefix_path/nav2_map_server
[0.429s] -- Up-to-date symlink: /home/ik/aws_ws/install/nav2_map_server/share/nav2_map_server/environment/ament_prefix_path.sh
[0.429s] -- Up-to-date symlink: /home/ik/aws_ws/install/nav2_map_server/share/nav2_map_server/environment/ament_prefix_path.dsv
[0.429s] -- Up-to-date symlink: /home/ik/aws_ws/install/nav2_map_server/share/nav2_map_server/environment/path.sh
[0.430s] -- Up-to-date symlink: /home/ik/aws_ws/install/nav2_map_server/share/nav2_map_server/environment/path.dsv
[0.430s] -- Up-to-date symlink: /home/ik/aws_ws/install/nav2_map_server/share/nav2_map_server/local_setup.bash
[0.430s] -- Up-to-date symlink: /home/ik/aws_ws/install/nav2_map_server/share/nav2_map_server/local_setup.sh
[0.433s] -- Up-to-date symlink: /home/ik/aws_ws/install/nav2_map_server/share/nav2_map_server/local_setup.zsh
[0.434s] -- Up-to-date symlink: /home/ik/aws_ws/install/nav2_map_server/share/nav2_map_server/local_setup.dsv
[0.434s] -- Symlinking: /home/ik/aws_ws/install/nav2_map_server/share/nav2_map_server/package.dsv
[0.445s] -- Up-to-date symlink: /home/ik/aws_ws/install/nav2_map_server/share/ament_index/resource_index/packages/nav2_map_server
[0.445s] -- Up-to-date symlink: /home/ik/aws_ws/install/nav2_map_server/share/nav2_map_server/cmake/ament_cmake_export_include_directories-extras.cmake
[0.445s] -- Up-to-date symlink: /home/ik/aws_ws/install/nav2_map_server/share/nav2_map_server/cmake/ament_cmake_export_libraries-extras.cmake
[0.452s] -- Up-to-date symlink: /home/ik/aws_ws/install/nav2_map_server/share/nav2_map_server/cmake/nav2_map_serverConfig.cmake
[0.455s] -- Up-to-date symlink: /home/ik/aws_ws/install/nav2_map_server/share/nav2_map_server/cmake/nav2_map_serverConfig-version.cmake
[0.455s] -- Up-to-date symlink: /home/ik/aws_ws/install/nav2_map_server/share/nav2_map_server/package.xml
[0.486s] Invoked command in '/home/ik/aws_ws/build/nav2_map_server' returned '0': AMENT_PREFIX_PATH=/home/ik/aws_ws/install/nav2_util:/home/ik/aws_ws/install/nav2_msgs:/home/ik/aws_ws/install/nav2_common:${AMENT_PREFIX_PATH} CMAKE_PREFIX_PATH=/home/ik/aws_ws/install/nav2_util:/home/ik/aws_ws/install/nav2_msgs:/home/ik/aws_ws/install/nav2_common:/opt/ros/foxy LD_LIBRARY_PATH=/home/ik/aws_ws/install/nav2_util/lib:/home/ik/aws_ws/install/nav2_msgs/lib:${LD_LIBRARY_PATH} PYTHONPATH=/home/ik/aws_ws/install/nav2_msgs/lib/python3.8/site-packages:/home/ik/aws_ws/install/nav2_common/lib/python3.8/site-packages:${PYTHONPATH} /usr/bin/cmake --install /home/ik/aws_ws/build/nav2_map_server
