[0.077s] Invoking command in '/home/ik/aws_ws/build/nav2_planner': AMENT_PREFIX_PATH=/home/ik/aws_ws/install/nav2_core:/home/ik/aws_ws/install/nav2_costmap_2d:/home/ik/aws_ws/install/nav2_util:/home/ik/aws_ws/install/nav2_voxel_grid:/home/ik/aws_ws/install/nav2_msgs:/home/ik/aws_ws/install/nav2_common:${AMENT_PREFIX_PATH} CMAKE_PREFIX_PATH=/home/ik/aws_ws/install/nav2_core:/home/ik/aws_ws/install/nav2_costmap_2d:/home/ik/aws_ws/install/nav2_util:/home/ik/aws_ws/install/nav2_voxel_grid:/home/ik/aws_ws/install/nav2_msgs:/home/ik/aws_ws/install/nav2_common:/opt/ros/foxy LD_LIBRARY_PATH=/home/ik/aws_ws/install/nav2_costmap_2d/lib:/home/ik/aws_ws/install/nav2_util/lib:/home/ik/aws_ws/install/nav2_voxel_grid/lib:/home/ik/aws_ws/install/nav2_msgs/lib:${LD_LIBRARY_PATH} PYTHONPATH=/home/ik/aws_ws/install/nav2_msgs/lib/python3.8/site-packages:/home/ik/aws_ws/install/nav2_common/lib/python3.8/site-packages:${PYTHONPATH} /usr/bin/cmake --build /home/ik/aws_ws/build/nav2_planner -- -j8 -l8
[0.118s] -- Found ament_cmake: 0.9.11 (/opt/ros/foxy/share/ament_cmake/cmake)
[0.145s] -- Using PYTHON_EXECUTABLE: /usr/bin/python3
[0.407s] -- Override CMake install command with custom implementation using symlinks instead of copying resources
[0.417s] -- Found nav2_common: 0.4.7 (/home/ik/aws_ws/install/nav2_common/share/nav2_common/cmake)
[0.418s] -- Found rclcpp: 2.4.2 (/opt/ros/foxy/share/rclcpp/cmake)
[0.471s] -- Using all available rosidl_typesupport_c: rosidl_typesupport_fastrtps_c;rosidl_typesupport_introspection_c
[0.476s] -- Found rosidl_adapter: 1.3.0 (/opt/ros/foxy/share/rosidl_adapter/cmake)
[0.668s] -- Using all available rosidl_typesupport_cpp: rosidl_typesupport_fastrtps_cpp;rosidl_typesupport_introspection_cpp
[0.748s] -- Found rmw_implementation_cmake: 1.0.4 (/opt/ros/foxy/share/rmw_implementation_cmake/cmake)
[0.752s] -- Using RMW implementation 'rmw_fastrtps_cpp' as default
[1.011s] -- Found rclcpp_action: 2.4.2 (/opt/ros/foxy/share/rclcpp_action/cmake)
[1.144s] -- Found rclcpp_lifecycle: 2.4.2 (/opt/ros/foxy/share/rclcpp_lifecycle/cmake)
[1.192s] -- Found visualization_msgs: 2.0.5 (/opt/ros/foxy/share/visualization_msgs/cmake)
[1.417s] -- Found nav2_util: 0.4.7 (/home/ik/aws_ws/install/nav2_util/share/nav2_util/cmake)
[2.579s] -- Found eigen3_cmake_module: 0.1.1 (/opt/ros/foxy/share/eigen3_cmake_module/cmake)
[2.834s] -- Found nav2_costmap_2d: 0.4.7 (/home/ik/aws_ws/install/nav2_costmap_2d/share/nav2_costmap_2d/cmake)
[4.301s] -- Found nav2_core: 0.4.7 (/home/ik/aws_ws/install/nav2_core/share/nav2_core/cmake)
[11.700s] -- Found ament_lint_auto: 0.9.8 (/opt/ros/foxy/share/ament_lint_auto/cmake)
[11.812s] -- Added test 'copyright' to check source files copyright and LICENSE
[11.813s] -- Added test 'cppcheck' to perform static code analysis on C / C++ code
[11.815s] -- Configured cppcheck include dirs: /home/ik/aws_ws/src/navigation2/nav2_planner/include
[11.815s] -- Configured cppcheck exclude dirs and/or files: 
[11.817s] -- Added test 'cpplint' to check C / C++ code against the Google style
[11.817s] -- Configured cpplint exclude dirs and/or files: 
[11.819s] -- Added test 'lint_cmake' to check CMake code style
[11.820s] -- Added test 'uncrustify' to check C / C++ code style
[11.820s] -- Configured uncrustify additional arguments: 
[11.822s] -- Added test 'xmllint' to check XML markup files
[11.837s] -- Configuring done
[11.961s] -- Generating done
[11.971s] -- Build files have been written to: /home/ik/aws_ws/build/nav2_planner
[12.053s] [ 25%] [32m[1mLinking CXX shared library libplanner_server_core.so[0m
[12.494s] [ 50%] Built target planner_server_core
[12.547s] [ 75%] [32m[1mLinking CXX executable planner_server[0m
[12.872s] [100%] Built target planner_server
[12.940s] Invoked command in '/home/ik/aws_ws/build/nav2_planner' returned '0': AMENT_PREFIX_PATH=/home/ik/aws_ws/install/nav2_core:/home/ik/aws_ws/install/nav2_costmap_2d:/home/ik/aws_ws/install/nav2_util:/home/ik/aws_ws/install/nav2_voxel_grid:/home/ik/aws_ws/install/nav2_msgs:/home/ik/aws_ws/install/nav2_common:${AMENT_PREFIX_PATH} CMAKE_PREFIX_PATH=/home/ik/aws_ws/install/nav2_core:/home/ik/aws_ws/install/nav2_costmap_2d:/home/ik/aws_ws/install/nav2_util:/home/ik/aws_ws/install/nav2_voxel_grid:/home/ik/aws_ws/install/nav2_msgs:/home/ik/aws_ws/install/nav2_common:/opt/ros/foxy LD_LIBRARY_PATH=/home/ik/aws_ws/install/nav2_costmap_2d/lib:/home/ik/aws_ws/install/nav2_util/lib:/home/ik/aws_ws/install/nav2_voxel_grid/lib:/home/ik/aws_ws/install/nav2_msgs/lib:${LD_LIBRARY_PATH} PYTHONPATH=/home/ik/aws_ws/install/nav2_msgs/lib/python3.8/site-packages:/home/ik/aws_ws/install/nav2_common/lib/python3.8/site-packages:${PYTHONPATH} /usr/bin/cmake --build /home/ik/aws_ws/build/nav2_planner -- -j8 -l8
[12.988s] Invoking command in '/home/ik/aws_ws/build/nav2_planner': AMENT_PREFIX_PATH=/home/ik/aws_ws/install/nav2_core:/home/ik/aws_ws/install/nav2_costmap_2d:/home/ik/aws_ws/install/nav2_util:/home/ik/aws_ws/install/nav2_voxel_grid:/home/ik/aws_ws/install/nav2_msgs:/home/ik/aws_ws/install/nav2_common:${AMENT_PREFIX_PATH} CMAKE_PREFIX_PATH=/home/ik/aws_ws/install/nav2_core:/home/ik/aws_ws/install/nav2_costmap_2d:/home/ik/aws_ws/install/nav2_util:/home/ik/aws_ws/install/nav2_voxel_grid:/home/ik/aws_ws/install/nav2_msgs:/home/ik/aws_ws/install/nav2_common:/opt/ros/foxy LD_LIBRARY_PATH=/home/ik/aws_ws/install/nav2_costmap_2d/lib:/home/ik/aws_ws/install/nav2_util/lib:/home/ik/aws_ws/install/nav2_voxel_grid/lib:/home/ik/aws_ws/install/nav2_msgs/lib:${LD_LIBRARY_PATH} PYTHONPATH=/home/ik/aws_ws/install/nav2_msgs/lib/python3.8/site-packages:/home/ik/aws_ws/install/nav2_common/lib/python3.8/site-packages:${PYTHONPATH} /usr/bin/cmake --install /home/ik/aws_ws/build/nav2_planner
[13.004s] -- Install configuration: "Release"
[13.004s] -- Execute custom install script
[13.005s] -- Up-to-date symlink: /home/ik/aws_ws/install/nav2_planner/lib/libplanner_server_core.so
[13.006s] -- Up-to-date symlink: /home/ik/aws_ws/install/nav2_planner/lib/nav2_planner/planner_server
[13.007s] -- Up-to-date symlink: /home/ik/aws_ws/install/nav2_planner/include//nav2_planner/planner_server.hpp
[13.008s] -- Up-to-date symlink: /home/ik/aws_ws/install/nav2_planner/share/nav2_planner/environment/library_path.sh
[13.009s] -- Up-to-date symlink: /home/ik/aws_ws/install/nav2_planner/share/nav2_planner/environment/library_path.dsv
[13.010s] -- Up-to-date symlink: /home/ik/aws_ws/install/nav2_planner/share/ament_index/resource_index/package_run_dependencies/nav2_planner
[13.011s] -- Up-to-date symlink: /home/ik/aws_ws/install/nav2_planner/share/ament_index/resource_index/parent_prefix_path/nav2_planner
[13.011s] -- Up-to-date symlink: /home/ik/aws_ws/install/nav2_planner/share/nav2_planner/environment/ament_prefix_path.sh
[13.012s] -- Up-to-date symlink: /home/ik/aws_ws/install/nav2_planner/share/nav2_planner/environment/ament_prefix_path.dsv
[13.012s] -- Up-to-date symlink: /home/ik/aws_ws/install/nav2_planner/share/nav2_planner/environment/path.sh
[13.013s] -- Up-to-date symlink: /home/ik/aws_ws/install/nav2_planner/share/nav2_planner/environment/path.dsv
[13.013s] -- Up-to-date symlink: /home/ik/aws_ws/install/nav2_planner/share/nav2_planner/local_setup.bash
[13.013s] -- Up-to-date symlink: /home/ik/aws_ws/install/nav2_planner/share/nav2_planner/local_setup.sh
[13.014s] -- Up-to-date symlink: /home/ik/aws_ws/install/nav2_planner/share/nav2_planner/local_setup.zsh
[13.014s] -- Up-to-date symlink: /home/ik/aws_ws/install/nav2_planner/share/nav2_planner/local_setup.dsv
[13.015s] -- Symlinking: /home/ik/aws_ws/install/nav2_planner/share/nav2_planner/package.dsv
[13.036s] -- Up-to-date symlink: /home/ik/aws_ws/install/nav2_planner/share/ament_index/resource_index/packages/nav2_planner
[13.041s] -- Up-to-date symlink: /home/ik/aws_ws/install/nav2_planner/share/nav2_planner/cmake/ament_cmake_export_include_directories-extras.cmake
[13.041s] -- Up-to-date symlink: /home/ik/aws_ws/install/nav2_planner/share/nav2_planner/cmake/ament_cmake_export_libraries-extras.cmake
[13.041s] -- Up-to-date symlink: /home/ik/aws_ws/install/nav2_planner/share/nav2_planner/cmake/ament_cmake_export_dependencies-extras.cmake
[13.041s] -- Up-to-date symlink: /home/ik/aws_ws/install/nav2_planner/share/nav2_planner/cmake/ament_cmake_export_definitions-extras.cmake
[13.041s] -- Up-to-date symlink: /home/ik/aws_ws/install/nav2_planner/share/nav2_planner/cmake/nav2_plannerConfig.cmake
[13.041s] -- Up-to-date symlink: /home/ik/aws_ws/install/nav2_planner/share/nav2_planner/cmake/nav2_plannerConfig-version.cmake
[13.041s] -- Up-to-date symlink: /home/ik/aws_ws/install/nav2_planner/share/nav2_planner/package.xml
[13.053s] Invoked command in '/home/ik/aws_ws/build/nav2_planner' returned '0': AMENT_PREFIX_PATH=/home/ik/aws_ws/install/nav2_core:/home/ik/aws_ws/install/nav2_costmap_2d:/home/ik/aws_ws/install/nav2_util:/home/ik/aws_ws/install/nav2_voxel_grid:/home/ik/aws_ws/install/nav2_msgs:/home/ik/aws_ws/install/nav2_common:${AMENT_PREFIX_PATH} CMAKE_PREFIX_PATH=/home/ik/aws_ws/install/nav2_core:/home/ik/aws_ws/install/nav2_costmap_2d:/home/ik/aws_ws/install/nav2_util:/home/ik/aws_ws/install/nav2_voxel_grid:/home/ik/aws_ws/install/nav2_msgs:/home/ik/aws_ws/install/nav2_common:/opt/ros/foxy LD_LIBRARY_PATH=/home/ik/aws_ws/install/nav2_costmap_2d/lib:/home/ik/aws_ws/install/nav2_util/lib:/home/ik/aws_ws/install/nav2_voxel_grid/lib:/home/ik/aws_ws/install/nav2_msgs/lib:${LD_LIBRARY_PATH} PYTHONPATH=/home/ik/aws_ws/install/nav2_msgs/lib/python3.8/site-packages:/home/ik/aws_ws/install/nav2_common/lib/python3.8/site-packages:${PYTHONPATH} /usr/bin/cmake --install /home/ik/aws_ws/build/nav2_planner
