[0.051s] Invoking command in '/home/ik/aws_ws/build/dwb_plugins': AMENT_PREFIX_PATH=/home/ik/aws_ws/install/dwb_core:/home/ik/aws_ws/install/nav2_core:/home/ik/aws_ws/install/nav2_costmap_2d:/home/ik/aws_ws/install/nav_2d_utils:/home/ik/aws_ws/install/nav2_util:/home/ik/aws_ws/install/nav2_voxel_grid:/home/ik/aws_ws/install/nav2_msgs:/home/ik/aws_ws/install/dwb_msgs:/home/ik/aws_ws/install/nav_2d_msgs:/home/ik/aws_ws/install/nav2_common:${AMENT_PREFIX_PATH} CMAKE_PREFIX_PATH=/home/ik/aws_ws/install/dwb_core:/home/ik/aws_ws/install/nav2_core:/home/ik/aws_ws/install/nav2_costmap_2d:/home/ik/aws_ws/install/nav_2d_utils:/home/ik/aws_ws/install/nav2_util:/home/ik/aws_ws/install/nav2_voxel_grid:/home/ik/aws_ws/install/nav2_msgs:/home/ik/aws_ws/install/dwb_msgs:/home/ik/aws_ws/install/nav_2d_msgs:/home/ik/aws_ws/install/nav2_common:/opt/ros/foxy LD_LIBRARY_PATH=/home/ik/aws_ws/install/dwb_core/lib:/home/ik/aws_ws/install/nav2_costmap_2d/lib:/home/ik/aws_ws/install/nav_2d_utils/lib:/home/ik/aws_ws/install/nav2_util/lib:/home/ik/aws_ws/install/nav2_voxel_grid/lib:/home/ik/aws_ws/install/nav2_msgs/lib:/home/ik/aws_ws/install/dwb_msgs/lib:/home/ik/aws_ws/install/nav_2d_msgs/lib:${LD_LIBRARY_PATH} PYTHONPATH=/home/ik/aws_ws/install/nav2_msgs/lib/python3.8/site-packages:/home/ik/aws_ws/install/dwb_msgs/lib/python3.8/site-packages:/home/ik/aws_ws/install/nav_2d_msgs/lib/python3.8/site-packages:/home/ik/aws_ws/install/nav2_common/lib/python3.8/site-packages:${PYTHONPATH} /usr/bin/cmake --build /home/ik/aws_ws/build/dwb_plugins -- -j8 -l8
[0.104s] -- Found ament_cmake: 0.9.11 (/opt/ros/foxy/share/ament_cmake/cmake)
[0.137s] -- Using PYTHON_EXECUTABLE: /usr/bin/python3
[0.376s] -- Override CMake install command with custom implementation using symlinks instead of copying resources
[0.385s] -- Found nav2_common: 0.4.7 (/home/ik/aws_ws/install/nav2_common/share/nav2_common/cmake)
[0.386s] -- Found angles: 1.12.6 (/opt/ros/foxy/share/angles/cmake)
[0.387s] -- Found dwb_core: 0.4.7 (/home/ik/aws_ws/install/dwb_core/share/dwb_core/cmake)
[0.435s] -- Using all available rosidl_typesupport_c: rosidl_typesupport_fastrtps_c;rosidl_typesupport_introspection_c
[0.439s] -- Found rosidl_adapter: 1.3.0 (/opt/ros/foxy/share/rosidl_adapter/cmake)
[0.631s] -- Using all available rosidl_typesupport_cpp: rosidl_typesupport_fastrtps_cpp;rosidl_typesupport_introspection_cpp
[0.701s] -- Found rmw_implementation_cmake: 1.0.4 (/opt/ros/foxy/share/rmw_implementation_cmake/cmake)
[0.704s] -- Using RMW implementation 'rmw_fastrtps_cpp' as default
[10.468s] -- Found ament_lint_auto: 0.9.8 (/opt/ros/foxy/share/ament_lint_auto/cmake)
[10.569s] -- Found gtest sources under '/opt/ros/foxy/src/gtest_vendor': C++ tests using 'Google Test' will be built
[10.612s] -- Added test 'cppcheck' to perform static code analysis on C / C++ code
[10.614s] -- Configured cppcheck include dirs: /home/ik/aws_ws/src/navigation2/nav2_dwb_controller/dwb_plugins/include
[10.615s] -- Configured cppcheck exclude dirs and/or files: 
[10.620s] -- Added test 'cpplint' to check C / C++ code against the Google style
[10.621s] -- Configured cpplint exclude dirs and/or files: 
[10.622s] -- Added test 'lint_cmake' to check CMake code style
[10.623s] -- Added test 'uncrustify' to check C / C++ code style
[10.624s] -- Configured uncrustify additional arguments: 
[10.625s] -- Added test 'xmllint' to check XML markup files
[10.642s] -- Configuring done
[10.800s] -- Generating done
[10.811s] -- Build files have been written to: /home/ik/aws_ws/build/dwb_plugins
[11.117s] [  7%] [32mBuilding CXX object CMakeFiles/standard_traj_generator.dir/src/standard_traj_generator.cpp.o[0m
[17.150s] [ 15%] [32mBuilding CXX object CMakeFiles/standard_traj_generator.dir/src/xy_theta_iterator.cpp.o[0m
[20.926s] [ 23%] [32mBuilding CXX object CMakeFiles/standard_traj_generator.dir/src/kinematic_parameters.cpp.o[0m
[29.840s] [ 30%] [32mBuilding CXX object CMakeFiles/standard_traj_generator.dir/src/limited_accel_generator.cpp.o[0m
[32.627s] [ 38%] [32m[1mLinking CXX shared library libstandard_traj_generator.so[0m
[32.905s] [ 38%] Built target standard_traj_generator
[32.940s] [ 53%] Built target gtest_main
[32.979s] [ 69%] Built target gtest
[33.032s] [ 76%] [32mBuilding CXX object test/CMakeFiles/twist_gen_test.dir/twist_gen.cpp.o[0m
[38.334s] [ 84%] [32m[1mLinking CXX executable twist_gen_test[0m
[38.716s] [ 84%] Built target twist_gen_test
[38.755s] [ 92%] [32mBuilding CXX object test/CMakeFiles/vtest.dir/velocity_iterator_test.cpp.o[0m
[40.511s] [100%] [32m[1mLinking CXX executable vtest[0m
[40.690s] [100%] Built target vtest
[40.717s] Invoked command in '/home/ik/aws_ws/build/dwb_plugins' returned '0': AMENT_PREFIX_PATH=/home/ik/aws_ws/install/dwb_core:/home/ik/aws_ws/install/nav2_core:/home/ik/aws_ws/install/nav2_costmap_2d:/home/ik/aws_ws/install/nav_2d_utils:/home/ik/aws_ws/install/nav2_util:/home/ik/aws_ws/install/nav2_voxel_grid:/home/ik/aws_ws/install/nav2_msgs:/home/ik/aws_ws/install/dwb_msgs:/home/ik/aws_ws/install/nav_2d_msgs:/home/ik/aws_ws/install/nav2_common:${AMENT_PREFIX_PATH} CMAKE_PREFIX_PATH=/home/ik/aws_ws/install/dwb_core:/home/ik/aws_ws/install/nav2_core:/home/ik/aws_ws/install/nav2_costmap_2d:/home/ik/aws_ws/install/nav_2d_utils:/home/ik/aws_ws/install/nav2_util:/home/ik/aws_ws/install/nav2_voxel_grid:/home/ik/aws_ws/install/nav2_msgs:/home/ik/aws_ws/install/dwb_msgs:/home/ik/aws_ws/install/nav_2d_msgs:/home/ik/aws_ws/install/nav2_common:/opt/ros/foxy LD_LIBRARY_PATH=/home/ik/aws_ws/install/dwb_core/lib:/home/ik/aws_ws/install/nav2_costmap_2d/lib:/home/ik/aws_ws/install/nav_2d_utils/lib:/home/ik/aws_ws/install/nav2_util/lib:/home/ik/aws_ws/install/nav2_voxel_grid/lib:/home/ik/aws_ws/install/nav2_msgs/lib:/home/ik/aws_ws/install/dwb_msgs/lib:/home/ik/aws_ws/install/nav_2d_msgs/lib:${LD_LIBRARY_PATH} PYTHONPATH=/home/ik/aws_ws/install/nav2_msgs/lib/python3.8/site-packages:/home/ik/aws_ws/install/dwb_msgs/lib/python3.8/site-packages:/home/ik/aws_ws/install/nav_2d_msgs/lib/python3.8/site-packages:/home/ik/aws_ws/install/nav2_common/lib/python3.8/site-packages:${PYTHONPATH} /usr/bin/cmake --build /home/ik/aws_ws/build/dwb_plugins -- -j8 -l8
[40.779s] Invoking command in '/home/ik/aws_ws/build/dwb_plugins': AMENT_PREFIX_PATH=/home/ik/aws_ws/install/dwb_core:/home/ik/aws_ws/install/nav2_core:/home/ik/aws_ws/install/nav2_costmap_2d:/home/ik/aws_ws/install/nav_2d_utils:/home/ik/aws_ws/install/nav2_util:/home/ik/aws_ws/install/nav2_voxel_grid:/home/ik/aws_ws/install/nav2_msgs:/home/ik/aws_ws/install/dwb_msgs:/home/ik/aws_ws/install/nav_2d_msgs:/home/ik/aws_ws/install/nav2_common:${AMENT_PREFIX_PATH} CMAKE_PREFIX_PATH=/home/ik/aws_ws/install/dwb_core:/home/ik/aws_ws/install/nav2_core:/home/ik/aws_ws/install/nav2_costmap_2d:/home/ik/aws_ws/install/nav_2d_utils:/home/ik/aws_ws/install/nav2_util:/home/ik/aws_ws/install/nav2_voxel_grid:/home/ik/aws_ws/install/nav2_msgs:/home/ik/aws_ws/install/dwb_msgs:/home/ik/aws_ws/install/nav_2d_msgs:/home/ik/aws_ws/install/nav2_common:/opt/ros/foxy LD_LIBRARY_PATH=/home/ik/aws_ws/install/dwb_core/lib:/home/ik/aws_ws/install/nav2_costmap_2d/lib:/home/ik/aws_ws/install/nav_2d_utils/lib:/home/ik/aws_ws/install/nav2_util/lib:/home/ik/aws_ws/install/nav2_voxel_grid/lib:/home/ik/aws_ws/install/nav2_msgs/lib:/home/ik/aws_ws/install/dwb_msgs/lib:/home/ik/aws_ws/install/nav_2d_msgs/lib:${LD_LIBRARY_PATH} PYTHONPATH=/home/ik/aws_ws/install/nav2_msgs/lib/python3.8/site-packages:/home/ik/aws_ws/install/dwb_msgs/lib/python3.8/site-packages:/home/ik/aws_ws/install/nav_2d_msgs/lib/python3.8/site-packages:/home/ik/aws_ws/install/nav2_common/lib/python3.8/site-packages:${PYTHONPATH} /usr/bin/cmake --install /home/ik/aws_ws/build/dwb_plugins
[40.795s] -- Install configuration: "Release"
[40.796s] -- Execute custom install script
[40.797s] -- Up-to-date symlink: /home/ik/aws_ws/install/dwb_plugins/lib/libstandard_traj_generator.so
[40.798s] -- Up-to-date symlink: /home/ik/aws_ws/install/dwb_plugins/include//dwb_plugins/kinematic_parameters.hpp
[40.798s] -- Up-to-date symlink: /home/ik/aws_ws/install/dwb_plugins/include//dwb_plugins/limited_accel_generator.hpp
[40.799s] -- Up-to-date symlink: /home/ik/aws_ws/install/dwb_plugins/include//dwb_plugins/one_d_velocity_iterator.hpp
[40.799s] -- Up-to-date symlink: /home/ik/aws_ws/install/dwb_plugins/include//dwb_plugins/standard_traj_generator.hpp
[40.800s] -- Up-to-date symlink: /home/ik/aws_ws/install/dwb_plugins/include//dwb_plugins/velocity_iterator.hpp
[40.800s] -- Up-to-date symlink: /home/ik/aws_ws/install/dwb_plugins/include//dwb_plugins/xy_theta_iterator.hpp
[40.800s] -- Up-to-date symlink: /home/ik/aws_ws/install/dwb_plugins/share/dwb_plugins/plugins.xml
[40.800s] -- Up-to-date symlink: /home/ik/aws_ws/install/dwb_plugins/share/dwb_plugins/environment/library_path.sh
[40.801s] -- Up-to-date symlink: /home/ik/aws_ws/install/dwb_plugins/share/dwb_plugins/environment/library_path.dsv
[40.801s] -- Up-to-date symlink: /home/ik/aws_ws/install/dwb_plugins/share/dwb_plugins//plugins.xml
[40.801s] -- Up-to-date symlink: /home/ik/aws_ws/install/dwb_plugins/share/ament_index/resource_index/package_run_dependencies/dwb_plugins
[40.801s] -- Up-to-date symlink: /home/ik/aws_ws/install/dwb_plugins/share/ament_index/resource_index/parent_prefix_path/dwb_plugins
[40.801s] -- Up-to-date symlink: /home/ik/aws_ws/install/dwb_plugins/share/dwb_plugins/environment/ament_prefix_path.sh
[40.802s] -- Up-to-date symlink: /home/ik/aws_ws/install/dwb_plugins/share/dwb_plugins/environment/ament_prefix_path.dsv
[40.802s] -- Up-to-date symlink: /home/ik/aws_ws/install/dwb_plugins/share/dwb_plugins/environment/path.sh
[40.802s] -- Up-to-date symlink: /home/ik/aws_ws/install/dwb_plugins/share/dwb_plugins/environment/path.dsv
[40.802s] -- Up-to-date symlink: /home/ik/aws_ws/install/dwb_plugins/share/dwb_plugins/local_setup.bash
[40.803s] -- Up-to-date symlink: /home/ik/aws_ws/install/dwb_plugins/share/dwb_plugins/local_setup.sh
[40.803s] -- Up-to-date symlink: /home/ik/aws_ws/install/dwb_plugins/share/dwb_plugins/local_setup.zsh
[40.803s] -- Up-to-date symlink: /home/ik/aws_ws/install/dwb_plugins/share/dwb_plugins/local_setup.dsv
[40.803s] -- Symlinking: /home/ik/aws_ws/install/dwb_plugins/share/dwb_plugins/package.dsv
[40.821s] -- Up-to-date symlink: /home/ik/aws_ws/install/dwb_plugins/share/ament_index/resource_index/packages/dwb_plugins
[40.822s] -- Up-to-date symlink: /home/ik/aws_ws/install/dwb_plugins/share/ament_index/resource_index/dwb_core__pluginlib__plugin/dwb_plugins
[40.823s] -- Up-to-date symlink: /home/ik/aws_ws/install/dwb_plugins/share/dwb_plugins/cmake/ament_cmake_export_include_directories-extras.cmake
[40.823s] -- Up-to-date symlink: /home/ik/aws_ws/install/dwb_plugins/share/dwb_plugins/cmake/ament_cmake_export_libraries-extras.cmake
[40.824s] -- Up-to-date symlink: /home/ik/aws_ws/install/dwb_plugins/share/dwb_plugins/cmake/ament_cmake_export_definitions-extras.cmake
[40.824s] -- Up-to-date symlink: /home/ik/aws_ws/install/dwb_plugins/share/dwb_plugins/cmake/dwb_pluginsConfig.cmake
[40.825s] -- Up-to-date symlink: /home/ik/aws_ws/install/dwb_plugins/share/dwb_plugins/cmake/dwb_pluginsConfig-version.cmake
[40.825s] -- Up-to-date symlink: /home/ik/aws_ws/install/dwb_plugins/share/dwb_plugins/package.xml
[40.834s] Invoked command in '/home/ik/aws_ws/build/dwb_plugins' returned '0': AMENT_PREFIX_PATH=/home/ik/aws_ws/install/dwb_core:/home/ik/aws_ws/install/nav2_core:/home/ik/aws_ws/install/nav2_costmap_2d:/home/ik/aws_ws/install/nav_2d_utils:/home/ik/aws_ws/install/nav2_util:/home/ik/aws_ws/install/nav2_voxel_grid:/home/ik/aws_ws/install/nav2_msgs:/home/ik/aws_ws/install/dwb_msgs:/home/ik/aws_ws/install/nav_2d_msgs:/home/ik/aws_ws/install/nav2_common:${AMENT_PREFIX_PATH} CMAKE_PREFIX_PATH=/home/ik/aws_ws/install/dwb_core:/home/ik/aws_ws/install/nav2_core:/home/ik/aws_ws/install/nav2_costmap_2d:/home/ik/aws_ws/install/nav_2d_utils:/home/ik/aws_ws/install/nav2_util:/home/ik/aws_ws/install/nav2_voxel_grid:/home/ik/aws_ws/install/nav2_msgs:/home/ik/aws_ws/install/dwb_msgs:/home/ik/aws_ws/install/nav_2d_msgs:/home/ik/aws_ws/install/nav2_common:/opt/ros/foxy LD_LIBRARY_PATH=/home/ik/aws_ws/install/dwb_core/lib:/home/ik/aws_ws/install/nav2_costmap_2d/lib:/home/ik/aws_ws/install/nav_2d_utils/lib:/home/ik/aws_ws/install/nav2_util/lib:/home/ik/aws_ws/install/nav2_voxel_grid/lib:/home/ik/aws_ws/install/nav2_msgs/lib:/home/ik/aws_ws/install/dwb_msgs/lib:/home/ik/aws_ws/install/nav_2d_msgs/lib:${LD_LIBRARY_PATH} PYTHONPATH=/home/ik/aws_ws/install/nav2_msgs/lib/python3.8/site-packages:/home/ik/aws_ws/install/dwb_msgs/lib/python3.8/site-packages:/home/ik/aws_ws/install/nav_2d_msgs/lib/python3.8/site-packages:/home/ik/aws_ws/install/nav2_common/lib/python3.8/site-packages:${PYTHONPATH} /usr/bin/cmake --install /home/ik/aws_ws/build/dwb_plugins
