[0.029s] Invoking command in '/home/ik/aws_ws/build/nav2_msgs': CMAKE_PREFIX_PATH=/home/ik/aws_ws/install/nav2_common:/home/ik/aws_ws/install/nav2_system_tests:/home/ik/aws_ws/install/nav2_bringup:/home/ik/aws_ws/install/navigation2:/home/ik/aws_ws/install/smac_planner:/home/ik/aws_ws/install/nav2_dwb_controller:/home/ik/aws_ws/install/nav2_controller:/home/ik/aws_ws/install/dwb_plugins:/home/ik/aws_ws/install/dwb_critics:/home/ik/aws_ws/install/dwb_core:/home/ik/aws_ws/install/nav_2d_utils:/home/ik/aws_ws/install/dwb_msgs:/home/ik/aws_ws/install/nav_2d_msgs:/home/ik/aws_ws/install/nav2_waypoint_follower:/home/ik/aws_ws/install/nav2_regulated_pure_pursuit_controller:/home/ik/aws_ws/install/nav2_recoveries:/home/ik/aws_ws/install/nav2_planner:/home/ik/aws_ws/install/nav2_navfn_planner:/home/ik/aws_ws/install/nav2_core:/home/ik/aws_ws/install/costmap_queue:/home/ik/aws_ws/install/nav2_costmap_2d:/home/ik/aws_ws/install/nav2_voxel_grid:/home/ik/aws_ws/install/nav2_rviz_plugins:/home/ik/aws_ws/install/nav2_map_server:/home/ik/aws_ws/install/nav2_lifecycle_manager:/home/ik/aws_ws/install/nav2_bt_navigator:/home/ik/aws_ws/install/nav2_behavior_tree:/home/ik/aws_ws/install/nav2_amcl:/home/ik/aws_ws/install/nav2_util:/home/ik/aws_ws/install/nav2_msgs:/home/ik/aws_ws/install/turtlebot3_simulations:/home/ik/aws_ws/install/turtlebot3_gazebo:/home/ik/aws_ws/install/turtlebot3_fake_node:/home/ik/aws_ws/install/slam_toolbox:/home/ik/aws_ws/install/aws_robomaker_small_warehouse_world:/home/ik/aws_ws/install/nav2_gazebo_spawner:/opt/ros/foxy PYTHONPATH=/home/ik/aws_ws/install/nav2_common/lib/python3.8/site-packages:/home/ik/aws_ws/install/dwb_msgs/lib/python3.8/site-packages:/home/ik/aws_ws/install/nav_2d_msgs/lib/python3.8/site-packages:/home/ik/aws_ws/install/nav2_msgs/lib/python3.8/site-packages:/home/ik/aws_ws/build/nav2_gazebo_spawner:/home/ik/aws_ws/install/nav2_gazebo_spawner/lib/python3.8/site-packages:/home/ik/aws_ws/install/slam_toolbox/lib/python3.8/site-packages:/opt/ros/foxy/lib/python3.8/site-packages /usr/bin/cmake /home/ik/aws_ws/src/navigation2/nav2_msgs -DCMAKE_INSTALL_PREFIX=/home/ik/aws_ws/install/nav2_msgs
[0.056s] -- Found ament_cmake: 0.9.11 (/opt/ros/foxy/share/ament_cmake/cmake)
[0.090s] -- Found PythonInterp: /usr/bin/python3 (found suitable version "3.8.10", minimum required is "3") 
[0.090s] -- Using PYTHON_EXECUTABLE: /usr/bin/python3
[0.291s] -- Override CMake install command with custom implementation using symlinks instead of copying resources
[0.297s] -- Found nav2_common: 0.4.7 (/home/ik/aws_ws/install/nav2_common/share/nav2_common/cmake)
[0.298s] -- Found builtin_interfaces: 1.0.0 (/opt/ros/foxy/share/builtin_interfaces/cmake)
[0.321s] -- Using all available rosidl_typesupport_c: rosidl_typesupport_fastrtps_c;rosidl_typesupport_introspection_c
[0.324s] -- Found rosidl_adapter: 1.3.0 (/opt/ros/foxy/share/rosidl_adapter/cmake)
[0.479s] -- Using all available rosidl_typesupport_cpp: rosidl_typesupport_fastrtps_cpp;rosidl_typesupport_introspection_cpp
[0.503s] -- Found nav_msgs: 2.0.5 (/opt/ros/foxy/share/nav_msgs/cmake)
[0.637s] -- Found rosidl_default_generators: 1.0.1 (/opt/ros/foxy/share/rosidl_default_generators/cmake)
[0.651s] -- Found action_msgs: 1.0.0 (/opt/ros/foxy/share/action_msgs/cmake)
[0.721s] -- Found PythonInterp: /usr/bin/python3 (found version "3.8.10") 
[1.121s] -- Found ament_cmake_ros: 0.9.2 (/opt/ros/foxy/share/ament_cmake_ros/cmake)
[1.439s] -- Using all available rosidl_typesupport_c: rosidl_typesupport_fastrtps_c;rosidl_typesupport_introspection_c
[1.586s] -- Using all available rosidl_typesupport_cpp: rosidl_typesupport_fastrtps_cpp;rosidl_typesupport_introspection_cpp
[1.629s] -- Found PythonInterp: /usr/bin/python3 (found suitable version "3.8.10", minimum required is "3.5") 
[1.630s] -- Found python_cmake_module: 0.8.1 (/opt/ros/foxy/share/python_cmake_module/cmake)
[1.666s] -- Using PYTHON_EXECUTABLE: /usr/bin/python3
[1.666s] -- Using PYTHON_INCLUDE_DIRS: /usr/include/python3.8
[1.667s] -- Using PYTHON_LIBRARIES: /usr/lib/x86_64-linux-gnu/libpython3.8.so
[1.780s] -- Configuring done
[1.891s] -- Generating done
[1.893s] -- Build files have been written to: /home/ik/aws_ws/build/nav2_msgs
[1.907s] Invoked command in '/home/ik/aws_ws/build/nav2_msgs' returned '0': CMAKE_PREFIX_PATH=/home/ik/aws_ws/install/nav2_common:/home/ik/aws_ws/install/nav2_system_tests:/home/ik/aws_ws/install/nav2_bringup:/home/ik/aws_ws/install/navigation2:/home/ik/aws_ws/install/smac_planner:/home/ik/aws_ws/install/nav2_dwb_controller:/home/ik/aws_ws/install/nav2_controller:/home/ik/aws_ws/install/dwb_plugins:/home/ik/aws_ws/install/dwb_critics:/home/ik/aws_ws/install/dwb_core:/home/ik/aws_ws/install/nav_2d_utils:/home/ik/aws_ws/install/dwb_msgs:/home/ik/aws_ws/install/nav_2d_msgs:/home/ik/aws_ws/install/nav2_waypoint_follower:/home/ik/aws_ws/install/nav2_regulated_pure_pursuit_controller:/home/ik/aws_ws/install/nav2_recoveries:/home/ik/aws_ws/install/nav2_planner:/home/ik/aws_ws/install/nav2_navfn_planner:/home/ik/aws_ws/install/nav2_core:/home/ik/aws_ws/install/costmap_queue:/home/ik/aws_ws/install/nav2_costmap_2d:/home/ik/aws_ws/install/nav2_voxel_grid:/home/ik/aws_ws/install/nav2_rviz_plugins:/home/ik/aws_ws/install/nav2_map_server:/home/ik/aws_ws/install/nav2_lifecycle_manager:/home/ik/aws_ws/install/nav2_bt_navigator:/home/ik/aws_ws/install/nav2_behavior_tree:/home/ik/aws_ws/install/nav2_amcl:/home/ik/aws_ws/install/nav2_util:/home/ik/aws_ws/install/nav2_msgs:/home/ik/aws_ws/install/turtlebot3_simulations:/home/ik/aws_ws/install/turtlebot3_gazebo:/home/ik/aws_ws/install/turtlebot3_fake_node:/home/ik/aws_ws/install/slam_toolbox:/home/ik/aws_ws/install/aws_robomaker_small_warehouse_world:/home/ik/aws_ws/install/nav2_gazebo_spawner:/opt/ros/foxy PYTHONPATH=/home/ik/aws_ws/install/nav2_common/lib/python3.8/site-packages:/home/ik/aws_ws/install/dwb_msgs/lib/python3.8/site-packages:/home/ik/aws_ws/install/nav_2d_msgs/lib/python3.8/site-packages:/home/ik/aws_ws/install/nav2_msgs/lib/python3.8/site-packages:/home/ik/aws_ws/build/nav2_gazebo_spawner:/home/ik/aws_ws/install/nav2_gazebo_spawner/lib/python3.8/site-packages:/home/ik/aws_ws/install/slam_toolbox/lib/python3.8/site-packages:/opt/ros/foxy/lib/python3.8/site-packages /usr/bin/cmake /home/ik/aws_ws/src/navigation2/nav2_msgs -DCMAKE_INSTALL_PREFIX=/home/ik/aws_ws/install/nav2_msgs
[1.911s] Invoking command in '/home/ik/aws_ws/build/nav2_msgs': CMAKE_PREFIX_PATH=/home/ik/aws_ws/install/nav2_common:/home/ik/aws_ws/install/nav2_system_tests:/home/ik/aws_ws/install/nav2_bringup:/home/ik/aws_ws/install/navigation2:/home/ik/aws_ws/install/smac_planner:/home/ik/aws_ws/install/nav2_dwb_controller:/home/ik/aws_ws/install/nav2_controller:/home/ik/aws_ws/install/dwb_plugins:/home/ik/aws_ws/install/dwb_critics:/home/ik/aws_ws/install/dwb_core:/home/ik/aws_ws/install/nav_2d_utils:/home/ik/aws_ws/install/dwb_msgs:/home/ik/aws_ws/install/nav_2d_msgs:/home/ik/aws_ws/install/nav2_waypoint_follower:/home/ik/aws_ws/install/nav2_regulated_pure_pursuit_controller:/home/ik/aws_ws/install/nav2_recoveries:/home/ik/aws_ws/install/nav2_planner:/home/ik/aws_ws/install/nav2_navfn_planner:/home/ik/aws_ws/install/nav2_core:/home/ik/aws_ws/install/costmap_queue:/home/ik/aws_ws/install/nav2_costmap_2d:/home/ik/aws_ws/install/nav2_voxel_grid:/home/ik/aws_ws/install/nav2_rviz_plugins:/home/ik/aws_ws/install/nav2_map_server:/home/ik/aws_ws/install/nav2_lifecycle_manager:/home/ik/aws_ws/install/nav2_bt_navigator:/home/ik/aws_ws/install/nav2_behavior_tree:/home/ik/aws_ws/install/nav2_amcl:/home/ik/aws_ws/install/nav2_util:/home/ik/aws_ws/install/nav2_msgs:/home/ik/aws_ws/install/turtlebot3_simulations:/home/ik/aws_ws/install/turtlebot3_gazebo:/home/ik/aws_ws/install/turtlebot3_fake_node:/home/ik/aws_ws/install/slam_toolbox:/home/ik/aws_ws/install/aws_robomaker_small_warehouse_world:/home/ik/aws_ws/install/nav2_gazebo_spawner:/opt/ros/foxy PYTHONPATH=/home/ik/aws_ws/install/nav2_common/lib/python3.8/site-packages:/home/ik/aws_ws/install/dwb_msgs/lib/python3.8/site-packages:/home/ik/aws_ws/install/nav_2d_msgs/lib/python3.8/site-packages:/home/ik/aws_ws/install/nav2_msgs/lib/python3.8/site-packages:/home/ik/aws_ws/build/nav2_gazebo_spawner:/home/ik/aws_ws/install/nav2_gazebo_spawner/lib/python3.8/site-packages:/home/ik/aws_ws/install/slam_toolbox/lib/python3.8/site-packages:/opt/ros/foxy/lib/python3.8/site-packages /usr/bin/cmake --build /home/ik/aws_ws/build/nav2_msgs -- -j8 -l8
[2.022s] [  0%] Built target nav2_msgs__cpp
[2.030s] [ 12%] Built target nav2_msgs__rosidl_generator_c
[2.064s] [ 24%] Built target nav2_msgs__rosidl_typesupport_cpp
[2.071s] [ 37%] Built target nav2_msgs__rosidl_typesupport_introspection_cpp
[2.072s] [ 49%] Built target nav2_msgs__rosidl_typesupport_c
[2.078s] [ 61%] Built target nav2_msgs__rosidl_typesupport_fastrtps_cpp
[2.085s] [ 73%] Built target nav2_msgs__rosidl_typesupport_introspection_c
[2.143s] [ 85%] Built target nav2_msgs__rosidl_typesupport_fastrtps_c
[2.182s] [ 85%] Built target nav2_msgs
[2.219s] [ 86%] Built target nav2_msgs__py
[2.276s] [ 97%] Built target nav2_msgs__python
[2.312s] [ 98%] Built target nav2_msgs__rosidl_typesupport_fastrtps_c__pyext
[2.315s] [ 99%] Built target nav2_msgs__rosidl_typesupport_introspection_c__pyext
[2.317s] [100%] Built target nav2_msgs__rosidl_typesupport_c__pyext
[2.342s] Invoked command in '/home/ik/aws_ws/build/nav2_msgs' returned '0': CMAKE_PREFIX_PATH=/home/ik/aws_ws/install/nav2_common:/home/ik/aws_ws/install/nav2_system_tests:/home/ik/aws_ws/install/nav2_bringup:/home/ik/aws_ws/install/navigation2:/home/ik/aws_ws/install/smac_planner:/home/ik/aws_ws/install/nav2_dwb_controller:/home/ik/aws_ws/install/nav2_controller:/home/ik/aws_ws/install/dwb_plugins:/home/ik/aws_ws/install/dwb_critics:/home/ik/aws_ws/install/dwb_core:/home/ik/aws_ws/install/nav_2d_utils:/home/ik/aws_ws/install/dwb_msgs:/home/ik/aws_ws/install/nav_2d_msgs:/home/ik/aws_ws/install/nav2_waypoint_follower:/home/ik/aws_ws/install/nav2_regulated_pure_pursuit_controller:/home/ik/aws_ws/install/nav2_recoveries:/home/ik/aws_ws/install/nav2_planner:/home/ik/aws_ws/install/nav2_navfn_planner:/home/ik/aws_ws/install/nav2_core:/home/ik/aws_ws/install/costmap_queue:/home/ik/aws_ws/install/nav2_costmap_2d:/home/ik/aws_ws/install/nav2_voxel_grid:/home/ik/aws_ws/install/nav2_rviz_plugins:/home/ik/aws_ws/install/nav2_map_server:/home/ik/aws_ws/install/nav2_lifecycle_manager:/home/ik/aws_ws/install/nav2_bt_navigator:/home/ik/aws_ws/install/nav2_behavior_tree:/home/ik/aws_ws/install/nav2_amcl:/home/ik/aws_ws/install/nav2_util:/home/ik/aws_ws/install/nav2_msgs:/home/ik/aws_ws/install/turtlebot3_simulations:/home/ik/aws_ws/install/turtlebot3_gazebo:/home/ik/aws_ws/install/turtlebot3_fake_node:/home/ik/aws_ws/install/slam_toolbox:/home/ik/aws_ws/install/aws_robomaker_small_warehouse_world:/home/ik/aws_ws/install/nav2_gazebo_spawner:/opt/ros/foxy PYTHONPATH=/home/ik/aws_ws/install/nav2_common/lib/python3.8/site-packages:/home/ik/aws_ws/install/dwb_msgs/lib/python3.8/site-packages:/home/ik/aws_ws/install/nav_2d_msgs/lib/python3.8/site-packages:/home/ik/aws_ws/install/nav2_msgs/lib/python3.8/site-packages:/home/ik/aws_ws/build/nav2_gazebo_spawner:/home/ik/aws_ws/install/nav2_gazebo_spawner/lib/python3.8/site-packages:/home/ik/aws_ws/install/slam_toolbox/lib/python3.8/site-packages:/opt/ros/foxy/lib/python3.8/site-packages /usr/bin/cmake --build /home/ik/aws_ws/build/nav2_msgs -- -j8 -l8
[3.232s] Invoking command in '/home/ik/aws_ws/build/nav2_msgs': CMAKE_PREFIX_PATH=/home/ik/aws_ws/install/nav2_common:/home/ik/aws_ws/install/nav2_system_tests:/home/ik/aws_ws/install/nav2_bringup:/home/ik/aws_ws/install/navigation2:/home/ik/aws_ws/install/smac_planner:/home/ik/aws_ws/install/nav2_dwb_controller:/home/ik/aws_ws/install/nav2_controller:/home/ik/aws_ws/install/dwb_plugins:/home/ik/aws_ws/install/dwb_critics:/home/ik/aws_ws/install/dwb_core:/home/ik/aws_ws/install/nav_2d_utils:/home/ik/aws_ws/install/dwb_msgs:/home/ik/aws_ws/install/nav_2d_msgs:/home/ik/aws_ws/install/nav2_waypoint_follower:/home/ik/aws_ws/install/nav2_regulated_pure_pursuit_controller:/home/ik/aws_ws/install/nav2_recoveries:/home/ik/aws_ws/install/nav2_planner:/home/ik/aws_ws/install/nav2_navfn_planner:/home/ik/aws_ws/install/nav2_core:/home/ik/aws_ws/install/costmap_queue:/home/ik/aws_ws/install/nav2_costmap_2d:/home/ik/aws_ws/install/nav2_voxel_grid:/home/ik/aws_ws/install/nav2_rviz_plugins:/home/ik/aws_ws/install/nav2_map_server:/home/ik/aws_ws/install/nav2_lifecycle_manager:/home/ik/aws_ws/install/nav2_bt_navigator:/home/ik/aws_ws/install/nav2_behavior_tree:/home/ik/aws_ws/install/nav2_amcl:/home/ik/aws_ws/install/nav2_util:/home/ik/aws_ws/install/nav2_msgs:/home/ik/aws_ws/install/turtlebot3_simulations:/home/ik/aws_ws/install/turtlebot3_gazebo:/home/ik/aws_ws/install/turtlebot3_fake_node:/home/ik/aws_ws/install/slam_toolbox:/home/ik/aws_ws/install/aws_robomaker_small_warehouse_world:/home/ik/aws_ws/install/nav2_gazebo_spawner:/opt/ros/foxy PYTHONPATH=/home/ik/aws_ws/install/nav2_common/lib/python3.8/site-packages:/home/ik/aws_ws/install/dwb_msgs/lib/python3.8/site-packages:/home/ik/aws_ws/install/nav_2d_msgs/lib/python3.8/site-packages:/home/ik/aws_ws/install/nav2_msgs/lib/python3.8/site-packages:/home/ik/aws_ws/build/nav2_gazebo_spawner:/home/ik/aws_ws/install/nav2_gazebo_spawner/lib/python3.8/site-packages:/home/ik/aws_ws/install/slam_toolbox/lib/python3.8/site-packages:/opt/ros/foxy/lib/python3.8/site-packages /usr/bin/cmake --install /home/ik/aws_ws/build/nav2_msgs
[3.248s] -- Install configuration: "Release"
[3.248s] -- Execute custom install script
[3.248s] -- Up-to-date symlink: /home/ik/aws_ws/install/nav2_msgs/share/ament_index/resource_index/rosidl_interfaces/nav2_msgs
[3.249s] -- Up-to-date symlink: /home/ik/aws_ws/install/nav2_msgs/include/nav2_msgs/action/back_up.h
[3.250s] -- Up-to-date symlink: /home/ik/aws_ws/install/nav2_msgs/include/nav2_msgs/action/compute_path_to_pose.h
[3.250s] -- Up-to-date symlink: /home/ik/aws_ws/install/nav2_msgs/include/nav2_msgs/action/detail/back_up__functions.h
[3.250s] -- Up-to-date symlink: /home/ik/aws_ws/install/nav2_msgs/include/nav2_msgs/action/detail/back_up__struct.h
[3.250s] -- Up-to-date symlink: /home/ik/aws_ws/install/nav2_msgs/include/nav2_msgs/action/detail/back_up__type_support.h
[3.250s] -- Up-to-date symlink: /home/ik/aws_ws/install/nav2_msgs/include/nav2_msgs/action/detail/compute_path_to_pose__functions.h
[3.250s] -- Up-to-date symlink: /home/ik/aws_ws/install/nav2_msgs/include/nav2_msgs/action/detail/compute_path_to_pose__struct.h
[3.251s] -- Up-to-date symlink: /home/ik/aws_ws/install/nav2_msgs/include/nav2_msgs/action/detail/compute_path_to_pose__type_support.h
[3.251s] -- Up-to-date symlink: /home/ik/aws_ws/install/nav2_msgs/include/nav2_msgs/action/detail/dummy_recovery__functions.h
[3.251s] -- Up-to-date symlink: /home/ik/aws_ws/install/nav2_msgs/include/nav2_msgs/action/detail/dummy_recovery__struct.h
[3.251s] -- Up-to-date symlink: /home/ik/aws_ws/install/nav2_msgs/include/nav2_msgs/action/detail/dummy_recovery__type_support.h
[3.251s] -- Up-to-date symlink: /home/ik/aws_ws/install/nav2_msgs/include/nav2_msgs/action/detail/follow_path__functions.h
[3.251s] -- Up-to-date symlink: /home/ik/aws_ws/install/nav2_msgs/include/nav2_msgs/action/detail/follow_path__struct.h
[3.251s] -- Up-to-date symlink: /home/ik/aws_ws/install/nav2_msgs/include/nav2_msgs/action/detail/follow_path__type_support.h
[3.251s] -- Up-to-date symlink: /home/ik/aws_ws/install/nav2_msgs/include/nav2_msgs/action/detail/follow_waypoints__functions.h
[3.252s] -- Up-to-date symlink: /home/ik/aws_ws/install/nav2_msgs/include/nav2_msgs/action/detail/follow_waypoints__struct.h
[3.252s] -- Up-to-date symlink: /home/ik/aws_ws/install/nav2_msgs/include/nav2_msgs/action/detail/follow_waypoints__type_support.h
[3.252s] -- Up-to-date symlink: /home/ik/aws_ws/install/nav2_msgs/include/nav2_msgs/action/detail/navigate_to_pose__functions.h
[3.252s] -- Up-to-date symlink: /home/ik/aws_ws/install/nav2_msgs/include/nav2_msgs/action/detail/navigate_to_pose__struct.h
[3.252s] -- Up-to-date symlink: /home/ik/aws_ws/install/nav2_msgs/include/nav2_msgs/action/detail/navigate_to_pose__type_support.h
[3.252s] -- Up-to-date symlink: /home/ik/aws_ws/install/nav2_msgs/include/nav2_msgs/action/detail/spin__functions.h
[3.252s] -- Up-to-date symlink: /home/ik/aws_ws/install/nav2_msgs/include/nav2_msgs/action/detail/spin__struct.h
[3.252s] -- Up-to-date symlink: /home/ik/aws_ws/install/nav2_msgs/include/nav2_msgs/action/detail/spin__type_support.h
[3.252s] -- Up-to-date symlink: /home/ik/aws_ws/install/nav2_msgs/include/nav2_msgs/action/detail/wait__functions.h
[3.253s] -- Up-to-date symlink: /home/ik/aws_ws/install/nav2_msgs/include/nav2_msgs/action/detail/wait__struct.h
[3.253s] -- Up-to-date symlink: /home/ik/aws_ws/install/nav2_msgs/include/nav2_msgs/action/detail/wait__type_support.h
[3.253s] -- Up-to-date symlink: /home/ik/aws_ws/install/nav2_msgs/include/nav2_msgs/action/dummy_recovery.h
[3.253s] -- Up-to-date symlink: /home/ik/aws_ws/install/nav2_msgs/include/nav2_msgs/action/follow_path.h
[3.253s] -- Up-to-date symlink: /home/ik/aws_ws/install/nav2_msgs/include/nav2_msgs/action/follow_waypoints.h
[3.253s] -- Up-to-date symlink: /home/ik/aws_ws/install/nav2_msgs/include/nav2_msgs/action/navigate_to_pose.h
[3.253s] -- Up-to-date symlink: /home/ik/aws_ws/install/nav2_msgs/include/nav2_msgs/action/spin.h
[3.253s] -- Up-to-date symlink: /home/ik/aws_ws/install/nav2_msgs/include/nav2_msgs/action/wait.h
[3.254s] -- Up-to-date symlink: /home/ik/aws_ws/install/nav2_msgs/include/nav2_msgs/msg/behavior_tree_log.h
[3.254s] -- Up-to-date symlink: /home/ik/aws_ws/install/nav2_msgs/include/nav2_msgs/msg/behavior_tree_status_change.h
[3.254s] -- Up-to-date symlink: /home/ik/aws_ws/install/nav2_msgs/include/nav2_msgs/msg/costmap.h
[3.254s] -- Up-to-date symlink: /home/ik/aws_ws/install/nav2_msgs/include/nav2_msgs/msg/costmap_meta_data.h
[3.254s] -- Up-to-date symlink: /home/ik/aws_ws/install/nav2_msgs/include/nav2_msgs/msg/detail/behavior_tree_log__functions.h
[3.254s] -- Up-to-date symlink: /home/ik/aws_ws/install/nav2_msgs/include/nav2_msgs/msg/detail/behavior_tree_log__struct.h
[3.254s] -- Up-to-date symlink: /home/ik/aws_ws/install/nav2_msgs/include/nav2_msgs/msg/detail/behavior_tree_log__type_support.h
[3.254s] -- Up-to-date symlink: /home/ik/aws_ws/install/nav2_msgs/include/nav2_msgs/msg/detail/behavior_tree_status_change__functions.h
[3.254s] -- Up-to-date symlink: /home/ik/aws_ws/install/nav2_msgs/include/nav2_msgs/msg/detail/behavior_tree_status_change__struct.h
[3.255s] -- Up-to-date symlink: /home/ik/aws_ws/install/nav2_msgs/include/nav2_msgs/msg/detail/behavior_tree_status_change__type_support.h
[3.255s] -- Up-to-date symlink: /home/ik/aws_ws/install/nav2_msgs/include/nav2_msgs/msg/detail/costmap__functions.h
[3.255s] -- Up-to-date symlink: /home/ik/aws_ws/install/nav2_msgs/include/nav2_msgs/msg/detail/costmap__struct.h
[3.255s] -- Up-to-date symlink: /home/ik/aws_ws/install/nav2_msgs/include/nav2_msgs/msg/detail/costmap__type_support.h
[3.255s] -- Up-to-date symlink: /home/ik/aws_ws/install/nav2_msgs/include/nav2_msgs/msg/detail/costmap_meta_data__functions.h
[3.255s] -- Up-to-date symlink: /home/ik/aws_ws/install/nav2_msgs/include/nav2_msgs/msg/detail/costmap_meta_data__struct.h
[3.255s] -- Up-to-date symlink: /home/ik/aws_ws/install/nav2_msgs/include/nav2_msgs/msg/detail/costmap_meta_data__type_support.h
[3.255s] -- Up-to-date symlink: /home/ik/aws_ws/install/nav2_msgs/include/nav2_msgs/msg/detail/particle__functions.h
[3.256s] -- Up-to-date symlink: /home/ik/aws_ws/install/nav2_msgs/include/nav2_msgs/msg/detail/particle__struct.h
[3.256s] -- Up-to-date symlink: /home/ik/aws_ws/install/nav2_msgs/include/nav2_msgs/msg/detail/particle__type_support.h
[3.256s] -- Up-to-date symlink: /home/ik/aws_ws/install/nav2_msgs/include/nav2_msgs/msg/detail/particle_cloud__functions.h
[3.256s] -- Up-to-date symlink: /home/ik/aws_ws/install/nav2_msgs/include/nav2_msgs/msg/detail/particle_cloud__struct.h
[3.256s] -- Up-to-date symlink: /home/ik/aws_ws/install/nav2_msgs/include/nav2_msgs/msg/detail/particle_cloud__type_support.h
[3.256s] -- Up-to-date symlink: /home/ik/aws_ws/install/nav2_msgs/include/nav2_msgs/msg/detail/voxel_grid__functions.h
[3.256s] -- Up-to-date symlink: /home/ik/aws_ws/install/nav2_msgs/include/nav2_msgs/msg/detail/voxel_grid__struct.h
[3.256s] -- Up-to-date symlink: /home/ik/aws_ws/install/nav2_msgs/include/nav2_msgs/msg/detail/voxel_grid__type_support.h
[3.257s] -- Up-to-date symlink: /home/ik/aws_ws/install/nav2_msgs/include/nav2_msgs/msg/particle.h
[3.257s] -- Up-to-date symlink: /home/ik/aws_ws/install/nav2_msgs/include/nav2_msgs/msg/particle_cloud.h
[3.257s] -- Up-to-date symlink: /home/ik/aws_ws/install/nav2_msgs/include/nav2_msgs/msg/rosidl_generator_c__visibility_control.h
[3.257s] -- Up-to-date symlink: /home/ik/aws_ws/install/nav2_msgs/include/nav2_msgs/msg/voxel_grid.h
[3.257s] -- Up-to-date symlink: /home/ik/aws_ws/install/nav2_msgs/include/nav2_msgs/srv/clear_costmap_around_robot.h
[3.257s] -- Up-to-date symlink: /home/ik/aws_ws/install/nav2_msgs/include/nav2_msgs/srv/clear_costmap_except_region.h
[3.257s] -- Up-to-date symlink: /home/ik/aws_ws/install/nav2_msgs/include/nav2_msgs/srv/clear_entire_costmap.h
[3.257s] -- Up-to-date symlink: /home/ik/aws_ws/install/nav2_msgs/include/nav2_msgs/srv/detail/clear_costmap_around_robot__functions.h
[3.258s] -- Up-to-date symlink: /home/ik/aws_ws/install/nav2_msgs/include/nav2_msgs/srv/detail/clear_costmap_around_robot__struct.h
[3.258s] -- Up-to-date symlink: /home/ik/aws_ws/install/nav2_msgs/include/nav2_msgs/srv/detail/clear_costmap_around_robot__type_support.h
[3.258s] -- Up-to-date symlink: /home/ik/aws_ws/install/nav2_msgs/include/nav2_msgs/srv/detail/clear_costmap_except_region__functions.h
[3.258s] -- Up-to-date symlink: /home/ik/aws_ws/install/nav2_msgs/include/nav2_msgs/srv/detail/clear_costmap_except_region__struct.h
[3.258s] -- Up-to-date symlink: /home/ik/aws_ws/install/nav2_msgs/include/nav2_msgs/srv/detail/clear_costmap_except_region__type_support.h
[3.258s] -- Up-to-date symlink: /home/ik/aws_ws/install/nav2_msgs/include/nav2_msgs/srv/detail/clear_entire_costmap__functions.h
[3.258s] -- Up-to-date symlink: /home/ik/aws_ws/install/nav2_msgs/include/nav2_msgs/srv/detail/clear_entire_costmap__struct.h
[3.258s] -- Up-to-date symlink: /home/ik/aws_ws/install/nav2_msgs/include/nav2_msgs/srv/detail/clear_entire_costmap__type_support.h
[3.259s] -- Up-to-date symlink: /home/ik/aws_ws/install/nav2_msgs/include/nav2_msgs/srv/detail/get_costmap__functions.h
[3.259s] -- Up-to-date symlink: /home/ik/aws_ws/install/nav2_msgs/include/nav2_msgs/srv/detail/get_costmap__struct.h
[3.259s] -- Up-to-date symlink: /home/ik/aws_ws/install/nav2_msgs/include/nav2_msgs/srv/detail/get_costmap__type_support.h
[3.259s] -- Up-to-date symlink: /home/ik/aws_ws/install/nav2_msgs/include/nav2_msgs/srv/detail/load_map__functions.h
[3.259s] -- Up-to-date symlink: /home/ik/aws_ws/install/nav2_msgs/include/nav2_msgs/srv/detail/load_map__struct.h
[3.259s] -- Up-to-date symlink: /home/ik/aws_ws/install/nav2_msgs/include/nav2_msgs/srv/detail/load_map__type_support.h
[3.259s] -- Up-to-date symlink: /home/ik/aws_ws/install/nav2_msgs/include/nav2_msgs/srv/detail/manage_lifecycle_nodes__functions.h
[3.259s] -- Up-to-date symlink: /home/ik/aws_ws/install/nav2_msgs/include/nav2_msgs/srv/detail/manage_lifecycle_nodes__struct.h
[3.259s] -- Up-to-date symlink: /home/ik/aws_ws/install/nav2_msgs/include/nav2_msgs/srv/detail/manage_lifecycle_nodes__type_support.h
[3.259s] -- Up-to-date symlink: /home/ik/aws_ws/install/nav2_msgs/include/nav2_msgs/srv/detail/save_map__functions.h
[3.259s] -- Up-to-date symlink: /home/ik/aws_ws/install/nav2_msgs/include/nav2_msgs/srv/detail/save_map__struct.h
[3.259s] -- Up-to-date symlink: /home/ik/aws_ws/install/nav2_msgs/include/nav2_msgs/srv/detail/save_map__type_support.h
[3.259s] -- Up-to-date symlink: /home/ik/aws_ws/install/nav2_msgs/include/nav2_msgs/srv/get_costmap.h
[3.260s] -- Up-to-date symlink: /home/ik/aws_ws/install/nav2_msgs/include/nav2_msgs/srv/load_map.h
[3.260s] -- Up-to-date symlink: /home/ik/aws_ws/install/nav2_msgs/include/nav2_msgs/srv/manage_lifecycle_nodes.h
[3.260s] -- Up-to-date symlink: /home/ik/aws_ws/install/nav2_msgs/include/nav2_msgs/srv/save_map.h
[3.260s] -- Up-to-date symlink: /home/ik/aws_ws/install/nav2_msgs/share/nav2_msgs/environment/library_path.sh
[3.260s] -- Up-to-date symlink: /home/ik/aws_ws/install/nav2_msgs/share/nav2_msgs/environment/library_path.dsv
[3.260s] -- Up-to-date symlink: /home/ik/aws_ws/install/nav2_msgs/include/nav2_msgs/action/detail/back_up__rosidl_typesupport_fastrtps_c.h
[3.261s] -- Up-to-date symlink: /home/ik/aws_ws/install/nav2_msgs/include/nav2_msgs/action/detail/compute_path_to_pose__rosidl_typesupport_fastrtps_c.h
[3.261s] -- Up-to-date symlink: /home/ik/aws_ws/install/nav2_msgs/include/nav2_msgs/action/detail/dummy_recovery__rosidl_typesupport_fastrtps_c.h
[3.261s] -- Up-to-date symlink: /home/ik/aws_ws/install/nav2_msgs/include/nav2_msgs/action/detail/follow_path__rosidl_typesupport_fastrtps_c.h
[3.261s] -- Up-to-date symlink: /home/ik/aws_ws/install/nav2_msgs/include/nav2_msgs/action/detail/follow_waypoints__rosidl_typesupport_fastrtps_c.h
[3.261s] -- Up-to-date symlink: /home/ik/aws_ws/install/nav2_msgs/include/nav2_msgs/action/detail/navigate_to_pose__rosidl_typesupport_fastrtps_c.h
[3.261s] -- Up-to-date symlink: /home/ik/aws_ws/install/nav2_msgs/include/nav2_msgs/action/detail/spin__rosidl_typesupport_fastrtps_c.h
[3.262s] -- Up-to-date symlink: /home/ik/aws_ws/install/nav2_msgs/include/nav2_msgs/action/detail/wait__rosidl_typesupport_fastrtps_c.h
[3.262s] -- Up-to-date symlink: /home/ik/aws_ws/install/nav2_msgs/include/nav2_msgs/msg/detail/behavior_tree_log__rosidl_typesupport_fastrtps_c.h
[3.262s] -- Up-to-date symlink: /home/ik/aws_ws/install/nav2_msgs/include/nav2_msgs/msg/detail/behavior_tree_status_change__rosidl_typesupport_fastrtps_c.h
[3.262s] -- Up-to-date symlink: /home/ik/aws_ws/install/nav2_msgs/include/nav2_msgs/msg/detail/costmap__rosidl_typesupport_fastrtps_c.h
[3.262s] -- Up-to-date symlink: /home/ik/aws_ws/install/nav2_msgs/include/nav2_msgs/msg/detail/costmap_meta_data__rosidl_typesupport_fastrtps_c.h
[3.262s] -- Up-to-date symlink: /home/ik/aws_ws/install/nav2_msgs/include/nav2_msgs/msg/detail/particle__rosidl_typesupport_fastrtps_c.h
[3.262s] -- Up-to-date symlink: /home/ik/aws_ws/install/nav2_msgs/include/nav2_msgs/msg/detail/particle_cloud__rosidl_typesupport_fastrtps_c.h
[3.262s] -- Up-to-date symlink: /home/ik/aws_ws/install/nav2_msgs/include/nav2_msgs/msg/detail/voxel_grid__rosidl_typesupport_fastrtps_c.h
[3.262s] -- Up-to-date symlink: /home/ik/aws_ws/install/nav2_msgs/include/nav2_msgs/msg/rosidl_typesupport_fastrtps_c__visibility_control.h
[3.263s] -- Up-to-date symlink: /home/ik/aws_ws/install/nav2_msgs/include/nav2_msgs/srv/detail/clear_costmap_around_robot__rosidl_typesupport_fastrtps_c.h
[3.263s] -- Up-to-date symlink: /home/ik/aws_ws/install/nav2_msgs/include/nav2_msgs/srv/detail/clear_costmap_except_region__rosidl_typesupport_fastrtps_c.h
[3.263s] -- Up-to-date symlink: /home/ik/aws_ws/install/nav2_msgs/include/nav2_msgs/srv/detail/clear_entire_costmap__rosidl_typesupport_fastrtps_c.h
[3.263s] -- Up-to-date symlink: /home/ik/aws_ws/install/nav2_msgs/include/nav2_msgs/srv/detail/get_costmap__rosidl_typesupport_fastrtps_c.h
[3.263s] -- Up-to-date symlink: /home/ik/aws_ws/install/nav2_msgs/include/nav2_msgs/srv/detail/load_map__rosidl_typesupport_fastrtps_c.h
[3.263s] -- Up-to-date symlink: /home/ik/aws_ws/install/nav2_msgs/include/nav2_msgs/srv/detail/manage_lifecycle_nodes__rosidl_typesupport_fastrtps_c.h
[3.263s] -- Up-to-date symlink: /home/ik/aws_ws/install/nav2_msgs/include/nav2_msgs/srv/detail/save_map__rosidl_typesupport_fastrtps_c.h
[3.264s] -- Up-to-date symlink: /home/ik/aws_ws/install/nav2_msgs/lib/libnav2_msgs__rosidl_typesupport_fastrtps_c.so
[3.265s] -- Up-to-date symlink: /home/ik/aws_ws/install/nav2_msgs/include/nav2_msgs/action/detail/back_up__rosidl_typesupport_fastrtps_cpp.hpp
[3.265s] -- Up-to-date symlink: /home/ik/aws_ws/install/nav2_msgs/include/nav2_msgs/action/detail/compute_path_to_pose__rosidl_typesupport_fastrtps_cpp.hpp
[3.265s] -- Up-to-date symlink: /home/ik/aws_ws/install/nav2_msgs/include/nav2_msgs/action/detail/dummy_recovery__rosidl_typesupport_fastrtps_cpp.hpp
[3.265s] -- Up-to-date symlink: /home/ik/aws_ws/install/nav2_msgs/include/nav2_msgs/action/detail/follow_path__rosidl_typesupport_fastrtps_cpp.hpp
[3.265s] -- Up-to-date symlink: /home/ik/aws_ws/install/nav2_msgs/include/nav2_msgs/action/detail/follow_waypoints__rosidl_typesupport_fastrtps_cpp.hpp
[3.265s] -- Up-to-date symlink: /home/ik/aws_ws/install/nav2_msgs/include/nav2_msgs/action/detail/navigate_to_pose__rosidl_typesupport_fastrtps_cpp.hpp
[3.265s] -- Up-to-date symlink: /home/ik/aws_ws/install/nav2_msgs/include/nav2_msgs/action/detail/spin__rosidl_typesupport_fastrtps_cpp.hpp
[3.265s] -- Up-to-date symlink: /home/ik/aws_ws/install/nav2_msgs/include/nav2_msgs/action/detail/wait__rosidl_typesupport_fastrtps_cpp.hpp
[3.265s] -- Up-to-date symlink: /home/ik/aws_ws/install/nav2_msgs/include/nav2_msgs/msg/detail/behavior_tree_log__rosidl_typesupport_fastrtps_cpp.hpp
[3.266s] -- Up-to-date symlink: /home/ik/aws_ws/install/nav2_msgs/include/nav2_msgs/msg/detail/behavior_tree_status_change__rosidl_typesupport_fastrtps_cpp.hpp
[3.266s] -- Up-to-date symlink: /home/ik/aws_ws/install/nav2_msgs/include/nav2_msgs/msg/detail/costmap__rosidl_typesupport_fastrtps_cpp.hpp
[3.266s] -- Up-to-date symlink: /home/ik/aws_ws/install/nav2_msgs/include/nav2_msgs/msg/detail/costmap_meta_data__rosidl_typesupport_fastrtps_cpp.hpp
[3.266s] -- Up-to-date symlink: /home/ik/aws_ws/install/nav2_msgs/include/nav2_msgs/msg/detail/particle__rosidl_typesupport_fastrtps_cpp.hpp
[3.266s] -- Up-to-date symlink: /home/ik/aws_ws/install/nav2_msgs/include/nav2_msgs/msg/detail/particle_cloud__rosidl_typesupport_fastrtps_cpp.hpp
[3.266s] -- Up-to-date symlink: /home/ik/aws_ws/install/nav2_msgs/include/nav2_msgs/msg/detail/voxel_grid__rosidl_typesupport_fastrtps_cpp.hpp
[3.266s] -- Up-to-date symlink: /home/ik/aws_ws/install/nav2_msgs/include/nav2_msgs/msg/rosidl_typesupport_fastrtps_cpp__visibility_control.h
[3.267s] -- Up-to-date symlink: /home/ik/aws_ws/install/nav2_msgs/include/nav2_msgs/srv/detail/clear_costmap_around_robot__rosidl_typesupport_fastrtps_cpp.hpp
[3.267s] -- Up-to-date symlink: /home/ik/aws_ws/install/nav2_msgs/include/nav2_msgs/srv/detail/clear_costmap_except_region__rosidl_typesupport_fastrtps_cpp.hpp
[3.267s] -- Up-to-date symlink: /home/ik/aws_ws/install/nav2_msgs/include/nav2_msgs/srv/detail/clear_entire_costmap__rosidl_typesupport_fastrtps_cpp.hpp
[3.267s] -- Up-to-date symlink: /home/ik/aws_ws/install/nav2_msgs/include/nav2_msgs/srv/detail/get_costmap__rosidl_typesupport_fastrtps_cpp.hpp
[3.267s] -- Up-to-date symlink: /home/ik/aws_ws/install/nav2_msgs/include/nav2_msgs/srv/detail/load_map__rosidl_typesupport_fastrtps_cpp.hpp
[3.267s] -- Up-to-date symlink: /home/ik/aws_ws/install/nav2_msgs/include/nav2_msgs/srv/detail/manage_lifecycle_nodes__rosidl_typesupport_fastrtps_cpp.hpp
[3.267s] -- Up-to-date symlink: /home/ik/aws_ws/install/nav2_msgs/include/nav2_msgs/srv/detail/save_map__rosidl_typesupport_fastrtps_cpp.hpp
[3.268s] -- Up-to-date symlink: /home/ik/aws_ws/install/nav2_msgs/lib/libnav2_msgs__rosidl_typesupport_fastrtps_cpp.so
[3.268s] -- Up-to-date symlink: /home/ik/aws_ws/install/nav2_msgs/include/nav2_msgs/action/detail/back_up__rosidl_typesupport_introspection_c.h
[3.268s] -- Up-to-date symlink: /home/ik/aws_ws/install/nav2_msgs/include/nav2_msgs/action/detail/compute_path_to_pose__rosidl_typesupport_introspection_c.h
[3.268s] -- Up-to-date symlink: /home/ik/aws_ws/install/nav2_msgs/include/nav2_msgs/action/detail/dummy_recovery__rosidl_typesupport_introspection_c.h
[3.268s] -- Up-to-date symlink: /home/ik/aws_ws/install/nav2_msgs/include/nav2_msgs/action/detail/follow_path__rosidl_typesupport_introspection_c.h
[3.269s] -- Up-to-date symlink: /home/ik/aws_ws/install/nav2_msgs/include/nav2_msgs/action/detail/follow_waypoints__rosidl_typesupport_introspection_c.h
[3.269s] -- Up-to-date symlink: /home/ik/aws_ws/install/nav2_msgs/include/nav2_msgs/action/detail/navigate_to_pose__rosidl_typesupport_introspection_c.h
[3.269s] -- Up-to-date symlink: /home/ik/aws_ws/install/nav2_msgs/include/nav2_msgs/action/detail/spin__rosidl_typesupport_introspection_c.h
[3.269s] -- Up-to-date symlink: /home/ik/aws_ws/install/nav2_msgs/include/nav2_msgs/action/detail/wait__rosidl_typesupport_introspection_c.h
[3.269s] -- Up-to-date symlink: /home/ik/aws_ws/install/nav2_msgs/include/nav2_msgs/msg/detail/behavior_tree_log__rosidl_typesupport_introspection_c.h
[3.269s] -- Up-to-date symlink: /home/ik/aws_ws/install/nav2_msgs/include/nav2_msgs/msg/detail/behavior_tree_status_change__rosidl_typesupport_introspection_c.h
[3.269s] -- Up-to-date symlink: /home/ik/aws_ws/install/nav2_msgs/include/nav2_msgs/msg/detail/costmap__rosidl_typesupport_introspection_c.h
[3.269s] -- Up-to-date symlink: /home/ik/aws_ws/install/nav2_msgs/include/nav2_msgs/msg/detail/costmap_meta_data__rosidl_typesupport_introspection_c.h
[3.270s] -- Up-to-date symlink: /home/ik/aws_ws/install/nav2_msgs/include/nav2_msgs/msg/detail/particle__rosidl_typesupport_introspection_c.h
[3.270s] -- Up-to-date symlink: /home/ik/aws_ws/install/nav2_msgs/include/nav2_msgs/msg/detail/particle_cloud__rosidl_typesupport_introspection_c.h
[3.270s] -- Up-to-date symlink: /home/ik/aws_ws/install/nav2_msgs/include/nav2_msgs/msg/detail/voxel_grid__rosidl_typesupport_introspection_c.h
[3.270s] -- Up-to-date symlink: /home/ik/aws_ws/install/nav2_msgs/include/nav2_msgs/msg/rosidl_typesupport_introspection_c__visibility_control.h
[3.270s] -- Up-to-date symlink: /home/ik/aws_ws/install/nav2_msgs/include/nav2_msgs/srv/detail/clear_costmap_around_robot__rosidl_typesupport_introspection_c.h
[3.270s] -- Up-to-date symlink: /home/ik/aws_ws/install/nav2_msgs/include/nav2_msgs/srv/detail/clear_costmap_except_region__rosidl_typesupport_introspection_c.h
[3.270s] -- Up-to-date symlink: /home/ik/aws_ws/install/nav2_msgs/include/nav2_msgs/srv/detail/clear_entire_costmap__rosidl_typesupport_introspection_c.h
[3.271s] -- Up-to-date symlink: /home/ik/aws_ws/install/nav2_msgs/include/nav2_msgs/srv/detail/get_costmap__rosidl_typesupport_introspection_c.h
[3.271s] -- Up-to-date symlink: /home/ik/aws_ws/install/nav2_msgs/include/nav2_msgs/srv/detail/load_map__rosidl_typesupport_introspection_c.h
[3.271s] -- Up-to-date symlink: /home/ik/aws_ws/install/nav2_msgs/include/nav2_msgs/srv/detail/manage_lifecycle_nodes__rosidl_typesupport_introspection_c.h
[3.271s] -- Up-to-date symlink: /home/ik/aws_ws/install/nav2_msgs/include/nav2_msgs/srv/detail/save_map__rosidl_typesupport_introspection_c.h
[3.272s] -- Up-to-date symlink: /home/ik/aws_ws/install/nav2_msgs/include/nav2_msgs/action/back_up.hpp
[3.272s] -- Up-to-date symlink: /home/ik/aws_ws/install/nav2_msgs/include/nav2_msgs/action/compute_path_to_pose.hpp
[3.272s] -- Up-to-date symlink: /home/ik/aws_ws/install/nav2_msgs/include/nav2_msgs/action/detail/back_up__builder.hpp
[3.272s] -- Up-to-date symlink: /home/ik/aws_ws/install/nav2_msgs/include/nav2_msgs/action/detail/back_up__struct.hpp
[3.272s] -- Up-to-date symlink: /home/ik/aws_ws/install/nav2_msgs/include/nav2_msgs/action/detail/back_up__traits.hpp
[3.273s] -- Up-to-date symlink: /home/ik/aws_ws/install/nav2_msgs/include/nav2_msgs/action/detail/compute_path_to_pose__builder.hpp
[3.273s] -- Up-to-date symlink: /home/ik/aws_ws/install/nav2_msgs/include/nav2_msgs/action/detail/compute_path_to_pose__struct.hpp
[3.273s] -- Up-to-date symlink: /home/ik/aws_ws/install/nav2_msgs/include/nav2_msgs/action/detail/compute_path_to_pose__traits.hpp
[3.273s] -- Up-to-date symlink: /home/ik/aws_ws/install/nav2_msgs/include/nav2_msgs/action/detail/dummy_recovery__builder.hpp
[3.273s] -- Up-to-date symlink: /home/ik/aws_ws/install/nav2_msgs/include/nav2_msgs/action/detail/dummy_recovery__struct.hpp
[3.273s] -- Up-to-date symlink: /home/ik/aws_ws/install/nav2_msgs/include/nav2_msgs/action/detail/dummy_recovery__traits.hpp
[3.273s] -- Up-to-date symlink: /home/ik/aws_ws/install/nav2_msgs/include/nav2_msgs/action/detail/follow_path__builder.hpp
[3.274s] -- Up-to-date symlink: /home/ik/aws_ws/install/nav2_msgs/include/nav2_msgs/action/detail/follow_path__struct.hpp
[3.274s] -- Up-to-date symlink: /home/ik/aws_ws/install/nav2_msgs/include/nav2_msgs/action/detail/follow_path__traits.hpp
[3.274s] -- Up-to-date symlink: /home/ik/aws_ws/install/nav2_msgs/include/nav2_msgs/action/detail/follow_waypoints__builder.hpp
[3.274s] -- Up-to-date symlink: /home/ik/aws_ws/install/nav2_msgs/include/nav2_msgs/action/detail/follow_waypoints__struct.hpp
[3.274s] -- Up-to-date symlink: /home/ik/aws_ws/install/nav2_msgs/include/nav2_msgs/action/detail/follow_waypoints__traits.hpp
[3.274s] -- Up-to-date symlink: /home/ik/aws_ws/install/nav2_msgs/include/nav2_msgs/action/detail/navigate_to_pose__builder.hpp
[3.274s] -- Up-to-date symlink: /home/ik/aws_ws/install/nav2_msgs/include/nav2_msgs/action/detail/navigate_to_pose__struct.hpp
[3.275s] -- Up-to-date symlink: /home/ik/aws_ws/install/nav2_msgs/include/nav2_msgs/action/detail/navigate_to_pose__traits.hpp
[3.275s] -- Up-to-date symlink: /home/ik/aws_ws/install/nav2_msgs/include/nav2_msgs/action/detail/spin__builder.hpp
[3.275s] -- Up-to-date symlink: /home/ik/aws_ws/install/nav2_msgs/include/nav2_msgs/action/detail/spin__struct.hpp
[3.275s] -- Up-to-date symlink: /home/ik/aws_ws/install/nav2_msgs/include/nav2_msgs/action/detail/spin__traits.hpp
[3.275s] -- Up-to-date symlink: /home/ik/aws_ws/install/nav2_msgs/include/nav2_msgs/action/detail/wait__builder.hpp
[3.275s] -- Up-to-date symlink: /home/ik/aws_ws/install/nav2_msgs/include/nav2_msgs/action/detail/wait__struct.hpp
[3.275s] -- Up-to-date symlink: /home/ik/aws_ws/install/nav2_msgs/include/nav2_msgs/action/detail/wait__traits.hpp
[3.276s] -- Up-to-date symlink: /home/ik/aws_ws/install/nav2_msgs/include/nav2_msgs/action/dummy_recovery.hpp
[3.276s] -- Up-to-date symlink: /home/ik/aws_ws/install/nav2_msgs/include/nav2_msgs/action/follow_path.hpp
[3.276s] -- Up-to-date symlink: /home/ik/aws_ws/install/nav2_msgs/include/nav2_msgs/action/follow_waypoints.hpp
[3.276s] -- Up-to-date symlink: /home/ik/aws_ws/install/nav2_msgs/include/nav2_msgs/action/navigate_to_pose.hpp
[3.276s] -- Up-to-date symlink: /home/ik/aws_ws/install/nav2_msgs/include/nav2_msgs/action/spin.hpp
[3.276s] -- Up-to-date symlink: /home/ik/aws_ws/install/nav2_msgs/include/nav2_msgs/action/wait.hpp
[3.276s] -- Up-to-date symlink: /home/ik/aws_ws/install/nav2_msgs/include/nav2_msgs/msg/behavior_tree_log.hpp
[3.277s] -- Up-to-date symlink: /home/ik/aws_ws/install/nav2_msgs/include/nav2_msgs/msg/behavior_tree_status_change.hpp
[3.277s] -- Up-to-date symlink: /home/ik/aws_ws/install/nav2_msgs/include/nav2_msgs/msg/costmap.hpp
[3.277s] -- Up-to-date symlink: /home/ik/aws_ws/install/nav2_msgs/include/nav2_msgs/msg/costmap_meta_data.hpp
[3.277s] -- Up-to-date symlink: /home/ik/aws_ws/install/nav2_msgs/include/nav2_msgs/msg/detail/behavior_tree_log__builder.hpp
[3.277s] -- Up-to-date symlink: /home/ik/aws_ws/install/nav2_msgs/include/nav2_msgs/msg/detail/behavior_tree_log__struct.hpp
[3.277s] -- Up-to-date symlink: /home/ik/aws_ws/install/nav2_msgs/include/nav2_msgs/msg/detail/behavior_tree_log__traits.hpp
[3.278s] -- Up-to-date symlink: /home/ik/aws_ws/install/nav2_msgs/include/nav2_msgs/msg/detail/behavior_tree_status_change__builder.hpp
[3.278s] -- Up-to-date symlink: /home/ik/aws_ws/install/nav2_msgs/include/nav2_msgs/msg/detail/behavior_tree_status_change__struct.hpp
[3.278s] -- Up-to-date symlink: /home/ik/aws_ws/install/nav2_msgs/include/nav2_msgs/msg/detail/behavior_tree_status_change__traits.hpp
[3.278s] -- Up-to-date symlink: /home/ik/aws_ws/install/nav2_msgs/include/nav2_msgs/msg/detail/costmap__builder.hpp
[3.278s] -- Up-to-date symlink: /home/ik/aws_ws/install/nav2_msgs/include/nav2_msgs/msg/detail/costmap__struct.hpp
[3.278s] -- Up-to-date symlink: /home/ik/aws_ws/install/nav2_msgs/include/nav2_msgs/msg/detail/costmap__traits.hpp
[3.278s] -- Up-to-date symlink: /home/ik/aws_ws/install/nav2_msgs/include/nav2_msgs/msg/detail/costmap_meta_data__builder.hpp
[3.278s] -- Up-to-date symlink: /home/ik/aws_ws/install/nav2_msgs/include/nav2_msgs/msg/detail/costmap_meta_data__struct.hpp
[3.279s] -- Up-to-date symlink: /home/ik/aws_ws/install/nav2_msgs/include/nav2_msgs/msg/detail/costmap_meta_data__traits.hpp
[3.279s] -- Up-to-date symlink: /home/ik/aws_ws/install/nav2_msgs/include/nav2_msgs/msg/detail/particle__builder.hpp
[3.279s] -- Up-to-date symlink: /home/ik/aws_ws/install/nav2_msgs/include/nav2_msgs/msg/detail/particle__struct.hpp
[3.279s] -- Up-to-date symlink: /home/ik/aws_ws/install/nav2_msgs/include/nav2_msgs/msg/detail/particle__traits.hpp
[3.279s] -- Up-to-date symlink: /home/ik/aws_ws/install/nav2_msgs/include/nav2_msgs/msg/detail/particle_cloud__builder.hpp
[3.279s] -- Up-to-date symlink: /home/ik/aws_ws/install/nav2_msgs/include/nav2_msgs/msg/detail/particle_cloud__struct.hpp
[3.279s] -- Up-to-date symlink: /home/ik/aws_ws/install/nav2_msgs/include/nav2_msgs/msg/detail/particle_cloud__traits.hpp
[3.280s] -- Up-to-date symlink: /home/ik/aws_ws/install/nav2_msgs/include/nav2_msgs/msg/detail/voxel_grid__builder.hpp
[3.280s] -- Up-to-date symlink: /home/ik/aws_ws/install/nav2_msgs/include/nav2_msgs/msg/detail/voxel_grid__struct.hpp
[3.280s] -- Up-to-date symlink: /home/ik/aws_ws/install/nav2_msgs/include/nav2_msgs/msg/detail/voxel_grid__traits.hpp
[3.280s] -- Up-to-date symlink: /home/ik/aws_ws/install/nav2_msgs/include/nav2_msgs/msg/particle.hpp
[3.280s] -- Up-to-date symlink: /home/ik/aws_ws/install/nav2_msgs/include/nav2_msgs/msg/particle_cloud.hpp
[3.280s] -- Up-to-date symlink: /home/ik/aws_ws/install/nav2_msgs/include/nav2_msgs/msg/voxel_grid.hpp
[3.280s] -- Up-to-date symlink: /home/ik/aws_ws/install/nav2_msgs/include/nav2_msgs/srv/clear_costmap_around_robot.hpp
[3.280s] -- Up-to-date symlink: /home/ik/aws_ws/install/nav2_msgs/include/nav2_msgs/srv/clear_costmap_except_region.hpp
[3.281s] -- Up-to-date symlink: /home/ik/aws_ws/install/nav2_msgs/include/nav2_msgs/srv/clear_entire_costmap.hpp
[3.281s] -- Up-to-date symlink: /home/ik/aws_ws/install/nav2_msgs/include/nav2_msgs/srv/detail/clear_costmap_around_robot__builder.hpp
[3.281s] -- Up-to-date symlink: /home/ik/aws_ws/install/nav2_msgs/include/nav2_msgs/srv/detail/clear_costmap_around_robot__struct.hpp
[3.281s] -- Up-to-date symlink: /home/ik/aws_ws/install/nav2_msgs/include/nav2_msgs/srv/detail/clear_costmap_around_robot__traits.hpp
[3.281s] -- Up-to-date symlink: /home/ik/aws_ws/install/nav2_msgs/include/nav2_msgs/srv/detail/clear_costmap_except_region__builder.hpp
[3.281s] -- Up-to-date symlink: /home/ik/aws_ws/install/nav2_msgs/include/nav2_msgs/srv/detail/clear_costmap_except_region__struct.hpp
[3.281s] -- Up-to-date symlink: /home/ik/aws_ws/install/nav2_msgs/include/nav2_msgs/srv/detail/clear_costmap_except_region__traits.hpp
[3.281s] -- Up-to-date symlink: /home/ik/aws_ws/install/nav2_msgs/include/nav2_msgs/srv/detail/clear_entire_costmap__builder.hpp
[3.282s] -- Up-to-date symlink: /home/ik/aws_ws/install/nav2_msgs/include/nav2_msgs/srv/detail/clear_entire_costmap__struct.hpp
[3.282s] -- Up-to-date symlink: /home/ik/aws_ws/install/nav2_msgs/include/nav2_msgs/srv/detail/clear_entire_costmap__traits.hpp
[3.282s] -- Up-to-date symlink: /home/ik/aws_ws/install/nav2_msgs/include/nav2_msgs/srv/detail/get_costmap__builder.hpp
[3.282s] -- Up-to-date symlink: /home/ik/aws_ws/install/nav2_msgs/include/nav2_msgs/srv/detail/get_costmap__struct.hpp
[3.282s] -- Up-to-date symlink: /home/ik/aws_ws/install/nav2_msgs/include/nav2_msgs/srv/detail/get_costmap__traits.hpp
[3.282s] -- Up-to-date symlink: /home/ik/aws_ws/install/nav2_msgs/include/nav2_msgs/srv/detail/load_map__builder.hpp
[3.282s] -- Up-to-date symlink: /home/ik/aws_ws/install/nav2_msgs/include/nav2_msgs/srv/detail/load_map__struct.hpp
[3.282s] -- Up-to-date symlink: /home/ik/aws_ws/install/nav2_msgs/include/nav2_msgs/srv/detail/load_map__traits.hpp
[3.282s] -- Up-to-date symlink: /home/ik/aws_ws/install/nav2_msgs/include/nav2_msgs/srv/detail/manage_lifecycle_nodes__builder.hpp
[3.283s] -- Up-to-date symlink: /home/ik/aws_ws/install/nav2_msgs/include/nav2_msgs/srv/detail/manage_lifecycle_nodes__struct.hpp
[3.283s] -- Up-to-date symlink: /home/ik/aws_ws/install/nav2_msgs/include/nav2_msgs/srv/detail/manage_lifecycle_nodes__traits.hpp
[3.283s] -- Up-to-date symlink: /home/ik/aws_ws/install/nav2_msgs/include/nav2_msgs/srv/detail/save_map__builder.hpp
[3.283s] -- Up-to-date symlink: /home/ik/aws_ws/install/nav2_msgs/include/nav2_msgs/srv/detail/save_map__struct.hpp
[3.283s] -- Up-to-date symlink: /home/ik/aws_ws/install/nav2_msgs/include/nav2_msgs/srv/detail/save_map__traits.hpp
[3.283s] -- Up-to-date symlink: /home/ik/aws_ws/install/nav2_msgs/include/nav2_msgs/srv/get_costmap.hpp
[3.283s] -- Up-to-date symlink: /home/ik/aws_ws/install/nav2_msgs/include/nav2_msgs/srv/load_map.hpp
[3.284s] -- Up-to-date symlink: /home/ik/aws_ws/install/nav2_msgs/include/nav2_msgs/srv/manage_lifecycle_nodes.hpp
[3.284s] -- Up-to-date symlink: /home/ik/aws_ws/install/nav2_msgs/include/nav2_msgs/srv/save_map.hpp
[3.284s] -- Up-to-date symlink: /home/ik/aws_ws/install/nav2_msgs/include/nav2_msgs/action/detail/back_up__rosidl_typesupport_introspection_cpp.hpp
[3.284s] -- Up-to-date symlink: /home/ik/aws_ws/install/nav2_msgs/include/nav2_msgs/action/detail/compute_path_to_pose__rosidl_typesupport_introspection_cpp.hpp
[3.284s] -- Up-to-date symlink: /home/ik/aws_ws/install/nav2_msgs/include/nav2_msgs/action/detail/dummy_recovery__rosidl_typesupport_introspection_cpp.hpp
[3.284s] -- Up-to-date symlink: /home/ik/aws_ws/install/nav2_msgs/include/nav2_msgs/action/detail/follow_path__rosidl_typesupport_introspection_cpp.hpp
[3.284s] -- Up-to-date symlink: /home/ik/aws_ws/install/nav2_msgs/include/nav2_msgs/action/detail/follow_waypoints__rosidl_typesupport_introspection_cpp.hpp
[3.284s] -- Up-to-date symlink: /home/ik/aws_ws/install/nav2_msgs/include/nav2_msgs/action/detail/navigate_to_pose__rosidl_typesupport_introspection_cpp.hpp
[3.284s] -- Up-to-date symlink: /home/ik/aws_ws/install/nav2_msgs/include/nav2_msgs/action/detail/spin__rosidl_typesupport_introspection_cpp.hpp
[3.284s] -- Up-to-date symlink: /home/ik/aws_ws/install/nav2_msgs/include/nav2_msgs/action/detail/wait__rosidl_typesupport_introspection_cpp.hpp
[3.284s] -- Up-to-date symlink: /home/ik/aws_ws/install/nav2_msgs/include/nav2_msgs/msg/detail/behavior_tree_log__rosidl_typesupport_introspection_cpp.hpp
[3.284s] -- Up-to-date symlink: /home/ik/aws_ws/install/nav2_msgs/include/nav2_msgs/msg/detail/behavior_tree_status_change__rosidl_typesupport_introspection_cpp.hpp
[3.284s] -- Up-to-date symlink: /home/ik/aws_ws/install/nav2_msgs/include/nav2_msgs/msg/detail/costmap__rosidl_typesupport_introspection_cpp.hpp
[3.284s] -- Up-to-date symlink: /home/ik/aws_ws/install/nav2_msgs/include/nav2_msgs/msg/detail/costmap_meta_data__rosidl_typesupport_introspection_cpp.hpp
[3.285s] -- Up-to-date symlink: /home/ik/aws_ws/install/nav2_msgs/include/nav2_msgs/msg/detail/particle__rosidl_typesupport_introspection_cpp.hpp
[3.285s] -- Up-to-date symlink: /home/ik/aws_ws/install/nav2_msgs/include/nav2_msgs/msg/detail/particle_cloud__rosidl_typesupport_introspection_cpp.hpp
[3.285s] -- Up-to-date symlink: /home/ik/aws_ws/install/nav2_msgs/include/nav2_msgs/msg/detail/voxel_grid__rosidl_typesupport_introspection_cpp.hpp
[3.285s] -- Up-to-date symlink: /home/ik/aws_ws/install/nav2_msgs/include/nav2_msgs/srv/detail/clear_costmap_around_robot__rosidl_typesupport_introspection_cpp.hpp
[3.285s] -- Up-to-date symlink: /home/ik/aws_ws/install/nav2_msgs/include/nav2_msgs/srv/detail/clear_costmap_except_region__rosidl_typesupport_introspection_cpp.hpp
[3.285s] -- Up-to-date symlink: /home/ik/aws_ws/install/nav2_msgs/include/nav2_msgs/srv/detail/clear_entire_costmap__rosidl_typesupport_introspection_cpp.hpp
[3.285s] -- Up-to-date symlink: /home/ik/aws_ws/install/nav2_msgs/include/nav2_msgs/srv/detail/get_costmap__rosidl_typesupport_introspection_cpp.hpp
[3.285s] -- Up-to-date symlink: /home/ik/aws_ws/install/nav2_msgs/include/nav2_msgs/srv/detail/load_map__rosidl_typesupport_introspection_cpp.hpp
[3.285s] -- Up-to-date symlink: /home/ik/aws_ws/install/nav2_msgs/include/nav2_msgs/srv/detail/manage_lifecycle_nodes__rosidl_typesupport_introspection_cpp.hpp
[3.285s] -- Up-to-date symlink: /home/ik/aws_ws/install/nav2_msgs/include/nav2_msgs/srv/detail/save_map__rosidl_typesupport_introspection_cpp.hpp
[3.285s] -- Up-to-date symlink: /home/ik/aws_ws/install/nav2_msgs/share/nav2_msgs/environment/pythonpath.sh
[3.285s] -- Up-to-date symlink: /home/ik/aws_ws/install/nav2_msgs/share/nav2_msgs/environment/pythonpath.dsv
[3.286s] -- Up-to-date symlink: /home/ik/aws_ws/install/nav2_msgs/lib/python3.8/site-packages/nav2_msgs/__init__.py
[3.286s] -- Up-to-date symlink: /home/ik/aws_ws/install/nav2_msgs/lib/python3.8/site-packages/nav2_msgs/msg/__init__.py
[3.286s] -- Up-to-date symlink: /home/ik/aws_ws/install/nav2_msgs/lib/python3.8/site-packages/nav2_msgs/msg/_behavior_tree_log.py
[3.286s] -- Up-to-date symlink: /home/ik/aws_ws/install/nav2_msgs/lib/python3.8/site-packages/nav2_msgs/msg/_behavior_tree_status_change.py
[3.286s] -- Up-to-date symlink: /home/ik/aws_ws/install/nav2_msgs/lib/python3.8/site-packages/nav2_msgs/msg/_costmap.py
[3.287s] -- Up-to-date symlink: /home/ik/aws_ws/install/nav2_msgs/lib/python3.8/site-packages/nav2_msgs/msg/_costmap_meta_data.py
[3.287s] -- Up-to-date symlink: /home/ik/aws_ws/install/nav2_msgs/lib/python3.8/site-packages/nav2_msgs/msg/_particle.py
[3.287s] -- Up-to-date symlink: /home/ik/aws_ws/install/nav2_msgs/lib/python3.8/site-packages/nav2_msgs/msg/_particle_cloud.py
[3.287s] -- Up-to-date symlink: /home/ik/aws_ws/install/nav2_msgs/lib/python3.8/site-packages/nav2_msgs/msg/_voxel_grid.py
[3.287s] -- Up-to-date symlink: /home/ik/aws_ws/install/nav2_msgs/lib/python3.8/site-packages/nav2_msgs/srv/__init__.py
[3.287s] -- Up-to-date symlink: /home/ik/aws_ws/install/nav2_msgs/lib/python3.8/site-packages/nav2_msgs/srv/_clear_costmap_around_robot.py
[3.288s] -- Up-to-date symlink: /home/ik/aws_ws/install/nav2_msgs/lib/python3.8/site-packages/nav2_msgs/srv/_clear_costmap_except_region.py
[3.288s] -- Up-to-date symlink: /home/ik/aws_ws/install/nav2_msgs/lib/python3.8/site-packages/nav2_msgs/srv/_clear_entire_costmap.py
[3.288s] -- Up-to-date symlink: /home/ik/aws_ws/install/nav2_msgs/lib/python3.8/site-packages/nav2_msgs/srv/_get_costmap.py
[3.288s] -- Up-to-date symlink: /home/ik/aws_ws/install/nav2_msgs/lib/python3.8/site-packages/nav2_msgs/srv/_load_map.py
[3.288s] -- Up-to-date symlink: /home/ik/aws_ws/install/nav2_msgs/lib/python3.8/site-packages/nav2_msgs/srv/_manage_lifecycle_nodes.py
[3.288s] -- Up-to-date symlink: /home/ik/aws_ws/install/nav2_msgs/lib/python3.8/site-packages/nav2_msgs/srv/_save_map.py
[3.288s] -- Up-to-date symlink: /home/ik/aws_ws/install/nav2_msgs/lib/python3.8/site-packages/nav2_msgs/action/__init__.py
[3.289s] -- Up-to-date symlink: /home/ik/aws_ws/install/nav2_msgs/lib/python3.8/site-packages/nav2_msgs/action/_back_up.py
[3.289s] -- Up-to-date symlink: /home/ik/aws_ws/install/nav2_msgs/lib/python3.8/site-packages/nav2_msgs/action/_compute_path_to_pose.py
[3.289s] -- Up-to-date symlink: /home/ik/aws_ws/install/nav2_msgs/lib/python3.8/site-packages/nav2_msgs/action/_dummy_recovery.py
[3.289s] -- Up-to-date symlink: /home/ik/aws_ws/install/nav2_msgs/lib/python3.8/site-packages/nav2_msgs/action/_follow_path.py
[3.289s] -- Up-to-date symlink: /home/ik/aws_ws/install/nav2_msgs/lib/python3.8/site-packages/nav2_msgs/action/_follow_waypoints.py
[3.289s] -- Up-to-date symlink: /home/ik/aws_ws/install/nav2_msgs/lib/python3.8/site-packages/nav2_msgs/action/_navigate_to_pose.py
[3.289s] -- Up-to-date symlink: /home/ik/aws_ws/install/nav2_msgs/lib/python3.8/site-packages/nav2_msgs/action/_spin.py
[3.289s] -- Up-to-date symlink: /home/ik/aws_ws/install/nav2_msgs/lib/python3.8/site-packages/nav2_msgs/action/_wait.py
[3.290s] -- Up-to-date symlink: /home/ik/aws_ws/install/nav2_msgs/lib/python3.8/site-packages/nav2_msgs/nav2_msgs_s__rosidl_typesupport_fastrtps_c.cpython-38-x86_64-linux-gnu.so
[3.290s] -- Up-to-date symlink: /home/ik/aws_ws/install/nav2_msgs/lib/python3.8/site-packages/nav2_msgs/nav2_msgs_s__rosidl_typesupport_introspection_c.cpython-38-x86_64-linux-gnu.so
[3.290s] -- Up-to-date symlink: /home/ik/aws_ws/install/nav2_msgs/lib/python3.8/site-packages/nav2_msgs/nav2_msgs_s__rosidl_typesupport_c.cpython-38-x86_64-linux-gnu.so
[3.291s] -- Up-to-date symlink: /home/ik/aws_ws/install/nav2_msgs/lib/libnav2_msgs__python.so
[3.291s] -- Up-to-date symlink: /home/ik/aws_ws/install/nav2_msgs/share/nav2_msgs/msg/Costmap.idl
[3.291s] -- Up-to-date symlink: /home/ik/aws_ws/install/nav2_msgs/share/nav2_msgs/msg/CostmapMetaData.idl
[3.291s] -- Up-to-date symlink: /home/ik/aws_ws/install/nav2_msgs/share/nav2_msgs/msg/VoxelGrid.idl
[3.291s] -- Up-to-date symlink: /home/ik/aws_ws/install/nav2_msgs/share/nav2_msgs/msg/BehaviorTreeStatusChange.idl
[3.292s] -- Up-to-date symlink: /home/ik/aws_ws/install/nav2_msgs/share/nav2_msgs/msg/BehaviorTreeLog.idl
[3.292s] -- Up-to-date symlink: /home/ik/aws_ws/install/nav2_msgs/share/nav2_msgs/msg/Particle.idl
[3.292s] -- Up-to-date symlink: /home/ik/aws_ws/install/nav2_msgs/share/nav2_msgs/msg/ParticleCloud.idl
[3.292s] -- Up-to-date symlink: /home/ik/aws_ws/install/nav2_msgs/share/nav2_msgs/srv/GetCostmap.idl
[3.292s] -- Up-to-date symlink: /home/ik/aws_ws/install/nav2_msgs/share/nav2_msgs/srv/ClearCostmapExceptRegion.idl
[3.292s] -- Up-to-date symlink: /home/ik/aws_ws/install/nav2_msgs/share/nav2_msgs/srv/ClearCostmapAroundRobot.idl
[3.293s] -- Up-to-date symlink: /home/ik/aws_ws/install/nav2_msgs/share/nav2_msgs/srv/ClearEntireCostmap.idl
[3.293s] -- Up-to-date symlink: /home/ik/aws_ws/install/nav2_msgs/share/nav2_msgs/srv/ManageLifecycleNodes.idl
[3.293s] -- Up-to-date symlink: /home/ik/aws_ws/install/nav2_msgs/share/nav2_msgs/srv/LoadMap.idl
[3.293s] -- Up-to-date symlink: /home/ik/aws_ws/install/nav2_msgs/share/nav2_msgs/srv/SaveMap.idl
[3.293s] -- Up-to-date symlink: /home/ik/aws_ws/install/nav2_msgs/share/nav2_msgs/action/BackUp.idl
[3.294s] -- Up-to-date symlink: /home/ik/aws_ws/install/nav2_msgs/share/nav2_msgs/action/ComputePathToPose.idl
[3.294s] -- Up-to-date symlink: /home/ik/aws_ws/install/nav2_msgs/share/nav2_msgs/action/FollowPath.idl
[3.294s] -- Up-to-date symlink: /home/ik/aws_ws/install/nav2_msgs/share/nav2_msgs/action/NavigateToPose.idl
[3.294s] -- Up-to-date symlink: /home/ik/aws_ws/install/nav2_msgs/share/nav2_msgs/action/Wait.idl
[3.294s] -- Up-to-date symlink: /home/ik/aws_ws/install/nav2_msgs/share/nav2_msgs/action/Spin.idl
[3.294s] -- Up-to-date symlink: /home/ik/aws_ws/install/nav2_msgs/share/nav2_msgs/action/DummyRecovery.idl
[3.295s] -- Up-to-date symlink: /home/ik/aws_ws/install/nav2_msgs/share/nav2_msgs/action/FollowWaypoints.idl
[3.295s] -- Up-to-date symlink: /home/ik/aws_ws/install/nav2_msgs/share/nav2_msgs/msg/Costmap.msg
[3.295s] -- Up-to-date symlink: /home/ik/aws_ws/install/nav2_msgs/share/nav2_msgs/msg/CostmapMetaData.msg
[3.295s] -- Up-to-date symlink: /home/ik/aws_ws/install/nav2_msgs/share/nav2_msgs/msg/VoxelGrid.msg
[3.295s] -- Up-to-date symlink: /home/ik/aws_ws/install/nav2_msgs/share/nav2_msgs/msg/BehaviorTreeStatusChange.msg
[3.295s] -- Up-to-date symlink: /home/ik/aws_ws/install/nav2_msgs/share/nav2_msgs/msg/BehaviorTreeLog.msg
[3.296s] -- Up-to-date symlink: /home/ik/aws_ws/install/nav2_msgs/share/nav2_msgs/msg/Particle.msg
[3.296s] -- Up-to-date symlink: /home/ik/aws_ws/install/nav2_msgs/share/nav2_msgs/msg/ParticleCloud.msg
[3.296s] -- Up-to-date symlink: /home/ik/aws_ws/install/nav2_msgs/share/nav2_msgs/srv/GetCostmap.srv
[3.296s] -- Up-to-date symlink: /home/ik/aws_ws/install/nav2_msgs/share/nav2_msgs/srv/GetCostmap_Request.msg
[3.296s] -- Up-to-date symlink: /home/ik/aws_ws/install/nav2_msgs/share/nav2_msgs/srv/GetCostmap_Response.msg
[3.296s] -- Up-to-date symlink: /home/ik/aws_ws/install/nav2_msgs/share/nav2_msgs/srv/ClearCostmapExceptRegion.srv
[3.297s] -- Up-to-date symlink: /home/ik/aws_ws/install/nav2_msgs/share/nav2_msgs/srv/ClearCostmapExceptRegion_Request.msg
[3.297s] -- Up-to-date symlink: /home/ik/aws_ws/install/nav2_msgs/share/nav2_msgs/srv/ClearCostmapExceptRegion_Response.msg
[3.297s] -- Up-to-date symlink: /home/ik/aws_ws/install/nav2_msgs/share/nav2_msgs/srv/ClearCostmapAroundRobot.srv
[3.297s] -- Up-to-date symlink: /home/ik/aws_ws/install/nav2_msgs/share/nav2_msgs/srv/ClearCostmapAroundRobot_Request.msg
[3.297s] -- Up-to-date symlink: /home/ik/aws_ws/install/nav2_msgs/share/nav2_msgs/srv/ClearCostmapAroundRobot_Response.msg
[3.297s] -- Up-to-date symlink: /home/ik/aws_ws/install/nav2_msgs/share/nav2_msgs/srv/ClearEntireCostmap.srv
[3.298s] -- Up-to-date symlink: /home/ik/aws_ws/install/nav2_msgs/share/nav2_msgs/srv/ClearEntireCostmap_Request.msg
[3.298s] -- Up-to-date symlink: /home/ik/aws_ws/install/nav2_msgs/share/nav2_msgs/srv/ClearEntireCostmap_Response.msg
[3.298s] -- Up-to-date symlink: /home/ik/aws_ws/install/nav2_msgs/share/nav2_msgs/srv/ManageLifecycleNodes.srv
[3.298s] -- Up-to-date symlink: /home/ik/aws_ws/install/nav2_msgs/share/nav2_msgs/srv/ManageLifecycleNodes_Request.msg
[3.298s] -- Up-to-date symlink: /home/ik/aws_ws/install/nav2_msgs/share/nav2_msgs/srv/ManageLifecycleNodes_Response.msg
[3.299s] -- Up-to-date symlink: /home/ik/aws_ws/install/nav2_msgs/share/nav2_msgs/srv/LoadMap.srv
[3.299s] -- Up-to-date symlink: /home/ik/aws_ws/install/nav2_msgs/share/nav2_msgs/srv/LoadMap_Request.msg
[3.299s] -- Up-to-date symlink: /home/ik/aws_ws/install/nav2_msgs/share/nav2_msgs/srv/LoadMap_Response.msg
[3.299s] -- Up-to-date symlink: /home/ik/aws_ws/install/nav2_msgs/share/nav2_msgs/srv/SaveMap.srv
[3.299s] -- Up-to-date symlink: /home/ik/aws_ws/install/nav2_msgs/share/nav2_msgs/srv/SaveMap_Request.msg
[3.300s] -- Up-to-date symlink: /home/ik/aws_ws/install/nav2_msgs/share/nav2_msgs/srv/SaveMap_Response.msg
[3.300s] -- Up-to-date symlink: /home/ik/aws_ws/install/nav2_msgs/share/nav2_msgs/action/BackUp.action
[3.300s] -- Up-to-date symlink: /home/ik/aws_ws/install/nav2_msgs/share/nav2_msgs/action/ComputePathToPose.action
[3.300s] -- Up-to-date symlink: /home/ik/aws_ws/install/nav2_msgs/share/nav2_msgs/action/FollowPath.action
[3.300s] -- Up-to-date symlink: /home/ik/aws_ws/install/nav2_msgs/share/nav2_msgs/action/NavigateToPose.action
[3.300s] -- Up-to-date symlink: /home/ik/aws_ws/install/nav2_msgs/share/nav2_msgs/action/Wait.action
[3.300s] -- Up-to-date symlink: /home/ik/aws_ws/install/nav2_msgs/share/nav2_msgs/action/Spin.action
[3.301s] -- Up-to-date symlink: /home/ik/aws_ws/install/nav2_msgs/share/nav2_msgs/action/DummyRecovery.action
[3.301s] -- Up-to-date symlink: /home/ik/aws_ws/install/nav2_msgs/share/nav2_msgs/action/FollowWaypoints.action
[3.301s] -- Up-to-date symlink: /home/ik/aws_ws/install/nav2_msgs/share/ament_index/resource_index/package_run_dependencies/nav2_msgs
[3.301s] -- Up-to-date symlink: /home/ik/aws_ws/install/nav2_msgs/share/ament_index/resource_index/parent_prefix_path/nav2_msgs
[3.301s] -- Up-to-date symlink: /home/ik/aws_ws/install/nav2_msgs/share/nav2_msgs/environment/ament_prefix_path.sh
[3.302s] -- Up-to-date symlink: /home/ik/aws_ws/install/nav2_msgs/share/nav2_msgs/environment/ament_prefix_path.dsv
[3.302s] -- Up-to-date symlink: /home/ik/aws_ws/install/nav2_msgs/share/nav2_msgs/environment/path.sh
[3.302s] -- Up-to-date symlink: /home/ik/aws_ws/install/nav2_msgs/share/nav2_msgs/environment/path.dsv
[3.302s] -- Up-to-date symlink: /home/ik/aws_ws/install/nav2_msgs/share/nav2_msgs/local_setup.bash
[3.302s] -- Up-to-date symlink: /home/ik/aws_ws/install/nav2_msgs/share/nav2_msgs/local_setup.sh
[3.302s] -- Up-to-date symlink: /home/ik/aws_ws/install/nav2_msgs/share/nav2_msgs/local_setup.zsh
[3.303s] -- Up-to-date symlink: /home/ik/aws_ws/install/nav2_msgs/share/nav2_msgs/local_setup.dsv
[3.303s] -- Symlinking: /home/ik/aws_ws/install/nav2_msgs/share/nav2_msgs/package.dsv
[3.322s] -- Up-to-date symlink: /home/ik/aws_ws/install/nav2_msgs/share/ament_index/resource_index/packages/nav2_msgs
[3.323s] -- Up-to-date symlink: /home/ik/aws_ws/install/nav2_msgs/share/nav2_msgs/cmake/rosidl_cmake-extras.cmake
[3.324s] -- Up-to-date symlink: /home/ik/aws_ws/install/nav2_msgs/share/nav2_msgs/cmake/ament_cmake_export_dependencies-extras.cmake
[3.324s] -- Up-to-date symlink: /home/ik/aws_ws/install/nav2_msgs/share/nav2_msgs/cmake/ament_cmake_export_libraries-extras.cmake
[3.324s] -- Up-to-date symlink: /home/ik/aws_ws/install/nav2_msgs/share/nav2_msgs/cmake/ament_cmake_export_targets-extras.cmake
[3.324s] -- Up-to-date symlink: /home/ik/aws_ws/install/nav2_msgs/share/nav2_msgs/cmake/ament_cmake_export_include_directories-extras.cmake
[3.325s] -- Up-to-date symlink: /home/ik/aws_ws/install/nav2_msgs/share/nav2_msgs/cmake/rosidl_cmake_export_typesupport_libraries-extras.cmake
[3.325s] -- Up-to-date symlink: /home/ik/aws_ws/install/nav2_msgs/share/nav2_msgs/cmake/rosidl_cmake_export_typesupport_targets-extras.cmake
[3.326s] -- Up-to-date symlink: /home/ik/aws_ws/install/nav2_msgs/share/nav2_msgs/cmake/nav2_msgsConfig.cmake
[3.326s] -- Up-to-date symlink: /home/ik/aws_ws/install/nav2_msgs/share/nav2_msgs/cmake/nav2_msgsConfig-version.cmake
[3.327s] -- Up-to-date symlink: /home/ik/aws_ws/install/nav2_msgs/share/nav2_msgs/package.xml
[3.327s] -- Up-to-date: /home/ik/aws_ws/install/nav2_msgs/lib/libnav2_msgs__rosidl_generator_c.so
[3.328s] -- Up-to-date: /home/ik/aws_ws/install/nav2_msgs/lib/libnav2_msgs__rosidl_typesupport_introspection_c.so
[3.328s] -- Up-to-date: /home/ik/aws_ws/install/nav2_msgs/lib/libnav2_msgs__rosidl_typesupport_c.so
[3.329s] -- Up-to-date: /home/ik/aws_ws/install/nav2_msgs/lib/libnav2_msgs__rosidl_typesupport_introspection_cpp.so
[3.330s] -- Up-to-date: /home/ik/aws_ws/install/nav2_msgs/lib/libnav2_msgs__rosidl_typesupport_cpp.so
[3.361s] Compiling '/home/ik/aws_ws/install/nav2_msgs/lib/python3.8/site-packages/nav2_msgs/__init__.py'...
[3.366s] -- Up-to-date: /home/ik/aws_ws/install/nav2_msgs/share/nav2_msgs/cmake/nav2_msgs__rosidl_generator_cExport.cmake
[3.366s] -- Installing: /home/ik/aws_ws/install/nav2_msgs/share/nav2_msgs/cmake/nav2_msgs__rosidl_generator_cExport-release.cmake
[3.366s] -- Up-to-date: /home/ik/aws_ws/install/nav2_msgs/share/nav2_msgs/cmake/nav2_msgs__rosidl_typesupport_introspection_cExport.cmake
[3.366s] -- Installing: /home/ik/aws_ws/install/nav2_msgs/share/nav2_msgs/cmake/nav2_msgs__rosidl_typesupport_introspection_cExport-release.cmake
[3.366s] -- Up-to-date: /home/ik/aws_ws/install/nav2_msgs/share/nav2_msgs/cmake/nav2_msgs__rosidl_typesupport_cExport.cmake
[3.367s] -- Installing: /home/ik/aws_ws/install/nav2_msgs/share/nav2_msgs/cmake/nav2_msgs__rosidl_typesupport_cExport-release.cmake
[3.367s] -- Up-to-date: /home/ik/aws_ws/install/nav2_msgs/share/nav2_msgs/cmake/nav2_msgs__rosidl_generator_cppExport.cmake
[3.367s] -- Up-to-date: /home/ik/aws_ws/install/nav2_msgs/share/nav2_msgs/cmake/nav2_msgs__rosidl_typesupport_introspection_cppExport.cmake
[3.367s] -- Installing: /home/ik/aws_ws/install/nav2_msgs/share/nav2_msgs/cmake/nav2_msgs__rosidl_typesupport_introspection_cppExport-release.cmake
[3.367s] -- Up-to-date: /home/ik/aws_ws/install/nav2_msgs/share/nav2_msgs/cmake/nav2_msgs__rosidl_typesupport_cppExport.cmake
[3.368s] -- Installing: /home/ik/aws_ws/install/nav2_msgs/share/nav2_msgs/cmake/nav2_msgs__rosidl_typesupport_cppExport-release.cmake
[3.376s] Invoked command in '/home/ik/aws_ws/build/nav2_msgs' returned '0': CMAKE_PREFIX_PATH=/home/ik/aws_ws/install/nav2_common:/home/ik/aws_ws/install/nav2_system_tests:/home/ik/aws_ws/install/nav2_bringup:/home/ik/aws_ws/install/navigation2:/home/ik/aws_ws/install/smac_planner:/home/ik/aws_ws/install/nav2_dwb_controller:/home/ik/aws_ws/install/nav2_controller:/home/ik/aws_ws/install/dwb_plugins:/home/ik/aws_ws/install/dwb_critics:/home/ik/aws_ws/install/dwb_core:/home/ik/aws_ws/install/nav_2d_utils:/home/ik/aws_ws/install/dwb_msgs:/home/ik/aws_ws/install/nav_2d_msgs:/home/ik/aws_ws/install/nav2_waypoint_follower:/home/ik/aws_ws/install/nav2_regulated_pure_pursuit_controller:/home/ik/aws_ws/install/nav2_recoveries:/home/ik/aws_ws/install/nav2_planner:/home/ik/aws_ws/install/nav2_navfn_planner:/home/ik/aws_ws/install/nav2_core:/home/ik/aws_ws/install/costmap_queue:/home/ik/aws_ws/install/nav2_costmap_2d:/home/ik/aws_ws/install/nav2_voxel_grid:/home/ik/aws_ws/install/nav2_rviz_plugins:/home/ik/aws_ws/install/nav2_map_server:/home/ik/aws_ws/install/nav2_lifecycle_manager:/home/ik/aws_ws/install/nav2_bt_navigator:/home/ik/aws_ws/install/nav2_behavior_tree:/home/ik/aws_ws/install/nav2_amcl:/home/ik/aws_ws/install/nav2_util:/home/ik/aws_ws/install/nav2_msgs:/home/ik/aws_ws/install/turtlebot3_simulations:/home/ik/aws_ws/install/turtlebot3_gazebo:/home/ik/aws_ws/install/turtlebot3_fake_node:/home/ik/aws_ws/install/slam_toolbox:/home/ik/aws_ws/install/aws_robomaker_small_warehouse_world:/home/ik/aws_ws/install/nav2_gazebo_spawner:/opt/ros/foxy PYTHONPATH=/home/ik/aws_ws/install/nav2_common/lib/python3.8/site-packages:/home/ik/aws_ws/install/dwb_msgs/lib/python3.8/site-packages:/home/ik/aws_ws/install/nav_2d_msgs/lib/python3.8/site-packages:/home/ik/aws_ws/install/nav2_msgs/lib/python3.8/site-packages:/home/ik/aws_ws/build/nav2_gazebo_spawner:/home/ik/aws_ws/install/nav2_gazebo_spawner/lib/python3.8/site-packages:/home/ik/aws_ws/install/slam_toolbox/lib/python3.8/site-packages:/opt/ros/foxy/lib/python3.8/site-packages /usr/bin/cmake --install /home/ik/aws_ws/build/nav2_msgs
