[0.036s] Invoking command in '/home/ik/aws_ws/build/nav2_msgs': AMENT_PREFIX_PATH=/home/ik/aws_ws/install/nav2_common:${AMENT_PREFIX_PATH} CMAKE_PREFIX_PATH=/home/ik/aws_ws/install/nav2_common:/opt/ros/foxy PYTHONPATH=/home/ik/aws_ws/install/nav2_common/lib/python3.8/site-packages:${PYTHONPATH} /usr/bin/cmake /home/ik/aws_ws/src/navigation2/nav2_msgs -DCMAKE_INSTALL_PREFIX=/home/ik/aws_ws/install/nav2_msgs
[0.050s] -- Found ament_cmake: 0.9.11 (/opt/ros/foxy/share/ament_cmake/cmake)
[0.090s] -- Found PythonInterp: /usr/bin/python3 (found suitable version "3.8.10", minimum required is "3") 
[0.090s] -- Using PYTHON_EXECUTABLE: /usr/bin/python3
[0.269s] -- Override CMake install command with custom implementation using symlinks instead of copying resources
[0.277s] -- Found nav2_common: 0.4.7 (/home/ik/aws_ws/install/nav2_common/share/nav2_common/cmake)
[0.278s] -- Found builtin_interfaces: 1.0.0 (/opt/ros/foxy/share/builtin_interfaces/cmake)
[0.297s] -- Using all available rosidl_typesupport_c: rosidl_typesupport_fastrtps_c;rosidl_typesupport_introspection_c
[0.300s] -- Found rosidl_adapter: 1.3.0 (/opt/ros/foxy/share/rosidl_adapter/cmake)
[0.435s] -- Using all available rosidl_typesupport_cpp: rosidl_typesupport_fastrtps_cpp;rosidl_typesupport_introspection_cpp
[0.466s] -- Found nav_msgs: 2.0.5 (/opt/ros/foxy/share/nav_msgs/cmake)
[0.612s] -- Found rosidl_default_generators: 1.0.1 (/opt/ros/foxy/share/rosidl_default_generators/cmake)
[0.620s] -- Found action_msgs: 1.0.0 (/opt/ros/foxy/share/action_msgs/cmake)
[0.678s] -- Found PythonInterp: /usr/bin/python3 (found version "3.8.10") 
[1.055s] -- Found ament_cmake_ros: 0.9.2 (/opt/ros/foxy/share/ament_cmake_ros/cmake)
[1.341s] -- Using all available rosidl_typesupport_c: rosidl_typesupport_fastrtps_c;rosidl_typesupport_introspection_c
[1.469s] -- Using all available rosidl_typesupport_cpp: rosidl_typesupport_fastrtps_cpp;rosidl_typesupport_introspection_cpp
[1.498s] -- Found PythonInterp: /usr/bin/python3 (found suitable version "3.8.10", minimum required is "3.5") 
[1.498s] -- Found python_cmake_module: 0.8.1 (/opt/ros/foxy/share/python_cmake_module/cmake)
[1.537s] -- Using PYTHON_EXECUTABLE: /usr/bin/python3
[1.537s] -- Using PYTHON_INCLUDE_DIRS: /usr/include/python3.8
[1.537s] -- Using PYTHON_LIBRARIES: /usr/lib/x86_64-linux-gnu/libpython3.8.so
[1.610s] -- Configuring done
[1.732s] -- Generating done
[1.736s] -- Build files have been written to: /home/ik/aws_ws/build/nav2_msgs
[1.750s] Invoked command in '/home/ik/aws_ws/build/nav2_msgs' returned '0': AMENT_PREFIX_PATH=/home/ik/aws_ws/install/nav2_common:${AMENT_PREFIX_PATH} CMAKE_PREFIX_PATH=/home/ik/aws_ws/install/nav2_common:/opt/ros/foxy PYTHONPATH=/home/ik/aws_ws/install/nav2_common/lib/python3.8/site-packages:${PYTHONPATH} /usr/bin/cmake /home/ik/aws_ws/src/navigation2/nav2_msgs -DCMAKE_INSTALL_PREFIX=/home/ik/aws_ws/install/nav2_msgs
[1.755s] Invoking command in '/home/ik/aws_ws/build/nav2_msgs': AMENT_PREFIX_PATH=/home/ik/aws_ws/install/nav2_common:${AMENT_PREFIX_PATH} CMAKE_PREFIX_PATH=/home/ik/aws_ws/install/nav2_common:/opt/ros/foxy PYTHONPATH=/home/ik/aws_ws/install/nav2_common/lib/python3.8/site-packages:${PYTHONPATH} /usr/bin/cmake --build /home/ik/aws_ws/build/nav2_msgs -- -j8 -l8
[1.843s] [  0%] Built target nav2_msgs__cpp
[1.852s] [ 12%] Built target nav2_msgs__rosidl_generator_c
[1.882s] [ 25%] Built target nav2_msgs__rosidl_typesupport_introspection_cpp
[1.883s] [ 37%] Built target nav2_msgs__rosidl_typesupport_cpp
[1.886s] [ 49%] Built target nav2_msgs__rosidl_typesupport_introspection_c
[1.888s] [ 61%] Built target nav2_msgs__rosidl_typesupport_c
[1.892s] [ 73%] Built target nav2_msgs__rosidl_typesupport_fastrtps_cpp
[1.946s] [ 85%] Built target nav2_msgs__rosidl_typesupport_fastrtps_c
[1.974s] [ 85%] Built target nav2_msgs
[2.004s] [ 86%] Built target nav2_msgs__py
[2.054s] [ 97%] Built target nav2_msgs__python
[2.079s] [ 98%] Built target nav2_msgs__rosidl_typesupport_c__pyext
[2.094s] [ 99%] Built target nav2_msgs__rosidl_typesupport_fastrtps_c__pyext
[2.097s] [100%] Built target nav2_msgs__rosidl_typesupport_introspection_c__pyext
[2.112s] Invoked command in '/home/ik/aws_ws/build/nav2_msgs' returned '0': AMENT_PREFIX_PATH=/home/ik/aws_ws/install/nav2_common:${AMENT_PREFIX_PATH} CMAKE_PREFIX_PATH=/home/ik/aws_ws/install/nav2_common:/opt/ros/foxy PYTHONPATH=/home/ik/aws_ws/install/nav2_common/lib/python3.8/site-packages:${PYTHONPATH} /usr/bin/cmake --build /home/ik/aws_ws/build/nav2_msgs -- -j8 -l8
[2.427s] Invoking command in '/home/ik/aws_ws/build/nav2_msgs': AMENT_PREFIX_PATH=/home/ik/aws_ws/install/nav2_common:${AMENT_PREFIX_PATH} CMAKE_PREFIX_PATH=/home/ik/aws_ws/install/nav2_common:/opt/ros/foxy PYTHONPATH=/home/ik/aws_ws/install/nav2_common/lib/python3.8/site-packages:${PYTHONPATH} /usr/bin/cmake --install /home/ik/aws_ws/build/nav2_msgs
[2.440s] -- Install configuration: "Release"
[2.441s] -- Execute custom install script
[2.442s] -- Up-to-date symlink: /home/ik/aws_ws/install/nav2_msgs/share/ament_index/resource_index/rosidl_interfaces/nav2_msgs
[2.444s] -- Up-to-date symlink: /home/ik/aws_ws/install/nav2_msgs/include/nav2_msgs/action/back_up.h
[2.445s] -- Up-to-date symlink: /home/ik/aws_ws/install/nav2_msgs/include/nav2_msgs/action/compute_path_to_pose.h
[2.445s] -- Up-to-date symlink: /home/ik/aws_ws/install/nav2_msgs/include/nav2_msgs/action/detail/back_up__functions.h
[2.445s] -- Up-to-date symlink: /home/ik/aws_ws/install/nav2_msgs/include/nav2_msgs/action/detail/back_up__struct.h
[2.445s] -- Up-to-date symlink: /home/ik/aws_ws/install/nav2_msgs/include/nav2_msgs/action/detail/back_up__type_support.h
[2.445s] -- Up-to-date symlink: /home/ik/aws_ws/install/nav2_msgs/include/nav2_msgs/action/detail/compute_path_to_pose__functions.h
[2.445s] -- Up-to-date symlink: /home/ik/aws_ws/install/nav2_msgs/include/nav2_msgs/action/detail/compute_path_to_pose__struct.h
[2.445s] -- Up-to-date symlink: /home/ik/aws_ws/install/nav2_msgs/include/nav2_msgs/action/detail/compute_path_to_pose__type_support.h
[2.445s] -- Up-to-date symlink: /home/ik/aws_ws/install/nav2_msgs/include/nav2_msgs/action/detail/dummy_recovery__functions.h
[2.446s] -- Up-to-date symlink: /home/ik/aws_ws/install/nav2_msgs/include/nav2_msgs/action/detail/dummy_recovery__struct.h
[2.446s] -- Up-to-date symlink: /home/ik/aws_ws/install/nav2_msgs/include/nav2_msgs/action/detail/dummy_recovery__type_support.h
[2.446s] -- Up-to-date symlink: /home/ik/aws_ws/install/nav2_msgs/include/nav2_msgs/action/detail/follow_path__functions.h
[2.446s] -- Up-to-date symlink: /home/ik/aws_ws/install/nav2_msgs/include/nav2_msgs/action/detail/follow_path__struct.h
[2.446s] -- Up-to-date symlink: /home/ik/aws_ws/install/nav2_msgs/include/nav2_msgs/action/detail/follow_path__type_support.h
[2.446s] -- Up-to-date symlink: /home/ik/aws_ws/install/nav2_msgs/include/nav2_msgs/action/detail/follow_waypoints__functions.h
[2.446s] -- Up-to-date symlink: /home/ik/aws_ws/install/nav2_msgs/include/nav2_msgs/action/detail/follow_waypoints__struct.h
[2.446s] -- Up-to-date symlink: /home/ik/aws_ws/install/nav2_msgs/include/nav2_msgs/action/detail/follow_waypoints__type_support.h
[2.446s] -- Up-to-date symlink: /home/ik/aws_ws/install/nav2_msgs/include/nav2_msgs/action/detail/navigate_to_pose__functions.h
[2.447s] -- Up-to-date symlink: /home/ik/aws_ws/install/nav2_msgs/include/nav2_msgs/action/detail/navigate_to_pose__struct.h
[2.447s] -- Up-to-date symlink: /home/ik/aws_ws/install/nav2_msgs/include/nav2_msgs/action/detail/navigate_to_pose__type_support.h
[2.447s] -- Up-to-date symlink: /home/ik/aws_ws/install/nav2_msgs/include/nav2_msgs/action/detail/spin__functions.h
[2.447s] -- Up-to-date symlink: /home/ik/aws_ws/install/nav2_msgs/include/nav2_msgs/action/detail/spin__struct.h
[2.447s] -- Up-to-date symlink: /home/ik/aws_ws/install/nav2_msgs/include/nav2_msgs/action/detail/spin__type_support.h
[2.447s] -- Up-to-date symlink: /home/ik/aws_ws/install/nav2_msgs/include/nav2_msgs/action/detail/wait__functions.h
[2.447s] -- Up-to-date symlink: /home/ik/aws_ws/install/nav2_msgs/include/nav2_msgs/action/detail/wait__struct.h
[2.447s] -- Up-to-date symlink: /home/ik/aws_ws/install/nav2_msgs/include/nav2_msgs/action/detail/wait__type_support.h
[2.448s] -- Up-to-date symlink: /home/ik/aws_ws/install/nav2_msgs/include/nav2_msgs/action/dummy_recovery.h
[2.448s] -- Up-to-date symlink: /home/ik/aws_ws/install/nav2_msgs/include/nav2_msgs/action/follow_path.h
[2.448s] -- Up-to-date symlink: /home/ik/aws_ws/install/nav2_msgs/include/nav2_msgs/action/follow_waypoints.h
[2.448s] -- Up-to-date symlink: /home/ik/aws_ws/install/nav2_msgs/include/nav2_msgs/action/navigate_to_pose.h
[2.448s] -- Up-to-date symlink: /home/ik/aws_ws/install/nav2_msgs/include/nav2_msgs/action/spin.h
[2.448s] -- Up-to-date symlink: /home/ik/aws_ws/install/nav2_msgs/include/nav2_msgs/action/wait.h
[2.448s] -- Up-to-date symlink: /home/ik/aws_ws/install/nav2_msgs/include/nav2_msgs/msg/behavior_tree_log.h
[2.448s] -- Up-to-date symlink: /home/ik/aws_ws/install/nav2_msgs/include/nav2_msgs/msg/behavior_tree_status_change.h
[2.448s] -- Up-to-date symlink: /home/ik/aws_ws/install/nav2_msgs/include/nav2_msgs/msg/costmap.h
[2.449s] -- Up-to-date symlink: /home/ik/aws_ws/install/nav2_msgs/include/nav2_msgs/msg/costmap_meta_data.h
[2.449s] -- Up-to-date symlink: /home/ik/aws_ws/install/nav2_msgs/include/nav2_msgs/msg/detail/behavior_tree_log__functions.h
[2.449s] -- Up-to-date symlink: /home/ik/aws_ws/install/nav2_msgs/include/nav2_msgs/msg/detail/behavior_tree_log__struct.h
[2.449s] -- Up-to-date symlink: /home/ik/aws_ws/install/nav2_msgs/include/nav2_msgs/msg/detail/behavior_tree_log__type_support.h
[2.449s] -- Up-to-date symlink: /home/ik/aws_ws/install/nav2_msgs/include/nav2_msgs/msg/detail/behavior_tree_status_change__functions.h
[2.449s] -- Up-to-date symlink: /home/ik/aws_ws/install/nav2_msgs/include/nav2_msgs/msg/detail/behavior_tree_status_change__struct.h
[2.449s] -- Up-to-date symlink: /home/ik/aws_ws/install/nav2_msgs/include/nav2_msgs/msg/detail/behavior_tree_status_change__type_support.h
[2.449s] -- Up-to-date symlink: /home/ik/aws_ws/install/nav2_msgs/include/nav2_msgs/msg/detail/costmap__functions.h
[2.450s] -- Up-to-date symlink: /home/ik/aws_ws/install/nav2_msgs/include/nav2_msgs/msg/detail/costmap__struct.h
[2.450s] -- Up-to-date symlink: /home/ik/aws_ws/install/nav2_msgs/include/nav2_msgs/msg/detail/costmap__type_support.h
[2.450s] -- Up-to-date symlink: /home/ik/aws_ws/install/nav2_msgs/include/nav2_msgs/msg/detail/costmap_meta_data__functions.h
[2.450s] -- Up-to-date symlink: /home/ik/aws_ws/install/nav2_msgs/include/nav2_msgs/msg/detail/costmap_meta_data__struct.h
[2.450s] -- Up-to-date symlink: /home/ik/aws_ws/install/nav2_msgs/include/nav2_msgs/msg/detail/costmap_meta_data__type_support.h
[2.450s] -- Up-to-date symlink: /home/ik/aws_ws/install/nav2_msgs/include/nav2_msgs/msg/detail/particle__functions.h
[2.450s] -- Up-to-date symlink: /home/ik/aws_ws/install/nav2_msgs/include/nav2_msgs/msg/detail/particle__struct.h
[2.450s] -- Up-to-date symlink: /home/ik/aws_ws/install/nav2_msgs/include/nav2_msgs/msg/detail/particle__type_support.h
[2.451s] -- Up-to-date symlink: /home/ik/aws_ws/install/nav2_msgs/include/nav2_msgs/msg/detail/particle_cloud__functions.h
[2.451s] -- Up-to-date symlink: /home/ik/aws_ws/install/nav2_msgs/include/nav2_msgs/msg/detail/particle_cloud__struct.h
[2.451s] -- Up-to-date symlink: /home/ik/aws_ws/install/nav2_msgs/include/nav2_msgs/msg/detail/particle_cloud__type_support.h
[2.451s] -- Up-to-date symlink: /home/ik/aws_ws/install/nav2_msgs/include/nav2_msgs/msg/detail/voxel_grid__functions.h
[2.451s] -- Up-to-date symlink: /home/ik/aws_ws/install/nav2_msgs/include/nav2_msgs/msg/detail/voxel_grid__struct.h
[2.451s] -- Up-to-date symlink: /home/ik/aws_ws/install/nav2_msgs/include/nav2_msgs/msg/detail/voxel_grid__type_support.h
[2.451s] -- Up-to-date symlink: /home/ik/aws_ws/install/nav2_msgs/include/nav2_msgs/msg/particle.h
[2.451s] -- Up-to-date symlink: /home/ik/aws_ws/install/nav2_msgs/include/nav2_msgs/msg/particle_cloud.h
[2.452s] -- Up-to-date symlink: /home/ik/aws_ws/install/nav2_msgs/include/nav2_msgs/msg/rosidl_generator_c__visibility_control.h
[2.452s] -- Up-to-date symlink: /home/ik/aws_ws/install/nav2_msgs/include/nav2_msgs/msg/voxel_grid.h
[2.452s] -- Up-to-date symlink: /home/ik/aws_ws/install/nav2_msgs/include/nav2_msgs/srv/clear_costmap_around_robot.h
[2.452s] -- Up-to-date symlink: /home/ik/aws_ws/install/nav2_msgs/include/nav2_msgs/srv/clear_costmap_except_region.h
[2.452s] -- Up-to-date symlink: /home/ik/aws_ws/install/nav2_msgs/include/nav2_msgs/srv/clear_entire_costmap.h
[2.452s] -- Up-to-date symlink: /home/ik/aws_ws/install/nav2_msgs/include/nav2_msgs/srv/detail/clear_costmap_around_robot__functions.h
[2.452s] -- Up-to-date symlink: /home/ik/aws_ws/install/nav2_msgs/include/nav2_msgs/srv/detail/clear_costmap_around_robot__struct.h
[2.452s] -- Up-to-date symlink: /home/ik/aws_ws/install/nav2_msgs/include/nav2_msgs/srv/detail/clear_costmap_around_robot__type_support.h
[2.453s] -- Up-to-date symlink: /home/ik/aws_ws/install/nav2_msgs/include/nav2_msgs/srv/detail/clear_costmap_except_region__functions.h
[2.453s] -- Up-to-date symlink: /home/ik/aws_ws/install/nav2_msgs/include/nav2_msgs/srv/detail/clear_costmap_except_region__struct.h
[2.453s] -- Up-to-date symlink: /home/ik/aws_ws/install/nav2_msgs/include/nav2_msgs/srv/detail/clear_costmap_except_region__type_support.h
[2.453s] -- Up-to-date symlink: /home/ik/aws_ws/install/nav2_msgs/include/nav2_msgs/srv/detail/clear_entire_costmap__functions.h
[2.453s] -- Up-to-date symlink: /home/ik/aws_ws/install/nav2_msgs/include/nav2_msgs/srv/detail/clear_entire_costmap__struct.h
[2.453s] -- Up-to-date symlink: /home/ik/aws_ws/install/nav2_msgs/include/nav2_msgs/srv/detail/clear_entire_costmap__type_support.h
[2.453s] -- Up-to-date symlink: /home/ik/aws_ws/install/nav2_msgs/include/nav2_msgs/srv/detail/get_costmap__functions.h
[2.453s] -- Up-to-date symlink: /home/ik/aws_ws/install/nav2_msgs/include/nav2_msgs/srv/detail/get_costmap__struct.h
[2.453s] -- Up-to-date symlink: /home/ik/aws_ws/install/nav2_msgs/include/nav2_msgs/srv/detail/get_costmap__type_support.h
[2.454s] -- Up-to-date symlink: /home/ik/aws_ws/install/nav2_msgs/include/nav2_msgs/srv/detail/load_map__functions.h
[2.454s] -- Up-to-date symlink: /home/ik/aws_ws/install/nav2_msgs/include/nav2_msgs/srv/detail/load_map__struct.h
[2.454s] -- Up-to-date symlink: /home/ik/aws_ws/install/nav2_msgs/include/nav2_msgs/srv/detail/load_map__type_support.h
[2.454s] -- Up-to-date symlink: /home/ik/aws_ws/install/nav2_msgs/include/nav2_msgs/srv/detail/manage_lifecycle_nodes__functions.h
[2.454s] -- Up-to-date symlink: /home/ik/aws_ws/install/nav2_msgs/include/nav2_msgs/srv/detail/manage_lifecycle_nodes__struct.h
[2.454s] -- Up-to-date symlink: /home/ik/aws_ws/install/nav2_msgs/include/nav2_msgs/srv/detail/manage_lifecycle_nodes__type_support.h
[2.454s] -- Up-to-date symlink: /home/ik/aws_ws/install/nav2_msgs/include/nav2_msgs/srv/detail/save_map__functions.h
[2.454s] -- Up-to-date symlink: /home/ik/aws_ws/install/nav2_msgs/include/nav2_msgs/srv/detail/save_map__struct.h
[2.455s] -- Up-to-date symlink: /home/ik/aws_ws/install/nav2_msgs/include/nav2_msgs/srv/detail/save_map__type_support.h
[2.455s] -- Up-to-date symlink: /home/ik/aws_ws/install/nav2_msgs/include/nav2_msgs/srv/get_costmap.h
[2.455s] -- Up-to-date symlink: /home/ik/aws_ws/install/nav2_msgs/include/nav2_msgs/srv/load_map.h
[2.455s] -- Up-to-date symlink: /home/ik/aws_ws/install/nav2_msgs/include/nav2_msgs/srv/manage_lifecycle_nodes.h
[2.455s] -- Up-to-date symlink: /home/ik/aws_ws/install/nav2_msgs/include/nav2_msgs/srv/save_map.h
[2.455s] -- Up-to-date symlink: /home/ik/aws_ws/install/nav2_msgs/share/nav2_msgs/environment/library_path.sh
[2.455s] -- Up-to-date symlink: /home/ik/aws_ws/install/nav2_msgs/share/nav2_msgs/environment/library_path.dsv
[2.456s] -- Up-to-date symlink: /home/ik/aws_ws/install/nav2_msgs/include/nav2_msgs/action/detail/back_up__rosidl_typesupport_fastrtps_c.h
[2.456s] -- Up-to-date symlink: /home/ik/aws_ws/install/nav2_msgs/include/nav2_msgs/action/detail/compute_path_to_pose__rosidl_typesupport_fastrtps_c.h
[2.456s] -- Up-to-date symlink: /home/ik/aws_ws/install/nav2_msgs/include/nav2_msgs/action/detail/dummy_recovery__rosidl_typesupport_fastrtps_c.h
[2.456s] -- Up-to-date symlink: /home/ik/aws_ws/install/nav2_msgs/include/nav2_msgs/action/detail/follow_path__rosidl_typesupport_fastrtps_c.h
[2.456s] -- Up-to-date symlink: /home/ik/aws_ws/install/nav2_msgs/include/nav2_msgs/action/detail/follow_waypoints__rosidl_typesupport_fastrtps_c.h
[2.456s] -- Up-to-date symlink: /home/ik/aws_ws/install/nav2_msgs/include/nav2_msgs/action/detail/navigate_to_pose__rosidl_typesupport_fastrtps_c.h
[2.456s] -- Up-to-date symlink: /home/ik/aws_ws/install/nav2_msgs/include/nav2_msgs/action/detail/spin__rosidl_typesupport_fastrtps_c.h
[2.457s] -- Up-to-date symlink: /home/ik/aws_ws/install/nav2_msgs/include/nav2_msgs/action/detail/wait__rosidl_typesupport_fastrtps_c.h
[2.457s] -- Up-to-date symlink: /home/ik/aws_ws/install/nav2_msgs/include/nav2_msgs/msg/detail/behavior_tree_log__rosidl_typesupport_fastrtps_c.h
[2.457s] -- Up-to-date symlink: /home/ik/aws_ws/install/nav2_msgs/include/nav2_msgs/msg/detail/behavior_tree_status_change__rosidl_typesupport_fastrtps_c.h
[2.457s] -- Up-to-date symlink: /home/ik/aws_ws/install/nav2_msgs/include/nav2_msgs/msg/detail/costmap__rosidl_typesupport_fastrtps_c.h
[2.457s] -- Up-to-date symlink: /home/ik/aws_ws/install/nav2_msgs/include/nav2_msgs/msg/detail/costmap_meta_data__rosidl_typesupport_fastrtps_c.h
[2.457s] -- Up-to-date symlink: /home/ik/aws_ws/install/nav2_msgs/include/nav2_msgs/msg/detail/particle__rosidl_typesupport_fastrtps_c.h
[2.457s] -- Up-to-date symlink: /home/ik/aws_ws/install/nav2_msgs/include/nav2_msgs/msg/detail/particle_cloud__rosidl_typesupport_fastrtps_c.h
[2.457s] -- Up-to-date symlink: /home/ik/aws_ws/install/nav2_msgs/include/nav2_msgs/msg/detail/voxel_grid__rosidl_typesupport_fastrtps_c.h
[2.458s] -- Up-to-date symlink: /home/ik/aws_ws/install/nav2_msgs/include/nav2_msgs/msg/rosidl_typesupport_fastrtps_c__visibility_control.h
[2.458s] -- Up-to-date symlink: /home/ik/aws_ws/install/nav2_msgs/include/nav2_msgs/srv/detail/clear_costmap_around_robot__rosidl_typesupport_fastrtps_c.h
[2.458s] -- Up-to-date symlink: /home/ik/aws_ws/install/nav2_msgs/include/nav2_msgs/srv/detail/clear_costmap_except_region__rosidl_typesupport_fastrtps_c.h
[2.458s] -- Up-to-date symlink: /home/ik/aws_ws/install/nav2_msgs/include/nav2_msgs/srv/detail/clear_entire_costmap__rosidl_typesupport_fastrtps_c.h
[2.458s] -- Up-to-date symlink: /home/ik/aws_ws/install/nav2_msgs/include/nav2_msgs/srv/detail/get_costmap__rosidl_typesupport_fastrtps_c.h
[2.458s] -- Up-to-date symlink: /home/ik/aws_ws/install/nav2_msgs/include/nav2_msgs/srv/detail/load_map__rosidl_typesupport_fastrtps_c.h
[2.458s] -- Up-to-date symlink: /home/ik/aws_ws/install/nav2_msgs/include/nav2_msgs/srv/detail/manage_lifecycle_nodes__rosidl_typesupport_fastrtps_c.h
[2.458s] -- Up-to-date symlink: /home/ik/aws_ws/install/nav2_msgs/include/nav2_msgs/srv/detail/save_map__rosidl_typesupport_fastrtps_c.h
[2.459s] -- Up-to-date symlink: /home/ik/aws_ws/install/nav2_msgs/lib/libnav2_msgs__rosidl_typesupport_fastrtps_c.so
[2.460s] -- Up-to-date symlink: /home/ik/aws_ws/install/nav2_msgs/include/nav2_msgs/action/detail/back_up__rosidl_typesupport_fastrtps_cpp.hpp
[2.460s] -- Up-to-date symlink: /home/ik/aws_ws/install/nav2_msgs/include/nav2_msgs/action/detail/compute_path_to_pose__rosidl_typesupport_fastrtps_cpp.hpp
[2.460s] -- Up-to-date symlink: /home/ik/aws_ws/install/nav2_msgs/include/nav2_msgs/action/detail/dummy_recovery__rosidl_typesupport_fastrtps_cpp.hpp
[2.460s] -- Up-to-date symlink: /home/ik/aws_ws/install/nav2_msgs/include/nav2_msgs/action/detail/follow_path__rosidl_typesupport_fastrtps_cpp.hpp
[2.460s] -- Up-to-date symlink: /home/ik/aws_ws/install/nav2_msgs/include/nav2_msgs/action/detail/follow_waypoints__rosidl_typesupport_fastrtps_cpp.hpp
[2.460s] -- Up-to-date symlink: /home/ik/aws_ws/install/nav2_msgs/include/nav2_msgs/action/detail/navigate_to_pose__rosidl_typesupport_fastrtps_cpp.hpp
[2.460s] -- Up-to-date symlink: /home/ik/aws_ws/install/nav2_msgs/include/nav2_msgs/action/detail/spin__rosidl_typesupport_fastrtps_cpp.hpp
[2.461s] -- Up-to-date symlink: /home/ik/aws_ws/install/nav2_msgs/include/nav2_msgs/action/detail/wait__rosidl_typesupport_fastrtps_cpp.hpp
[2.461s] -- Up-to-date symlink: /home/ik/aws_ws/install/nav2_msgs/include/nav2_msgs/msg/detail/behavior_tree_log__rosidl_typesupport_fastrtps_cpp.hpp
[2.461s] -- Up-to-date symlink: /home/ik/aws_ws/install/nav2_msgs/include/nav2_msgs/msg/detail/behavior_tree_status_change__rosidl_typesupport_fastrtps_cpp.hpp
[2.461s] -- Up-to-date symlink: /home/ik/aws_ws/install/nav2_msgs/include/nav2_msgs/msg/detail/costmap__rosidl_typesupport_fastrtps_cpp.hpp
[2.461s] -- Up-to-date symlink: /home/ik/aws_ws/install/nav2_msgs/include/nav2_msgs/msg/detail/costmap_meta_data__rosidl_typesupport_fastrtps_cpp.hpp
[2.461s] -- Up-to-date symlink: /home/ik/aws_ws/install/nav2_msgs/include/nav2_msgs/msg/detail/particle__rosidl_typesupport_fastrtps_cpp.hpp
[2.461s] -- Up-to-date symlink: /home/ik/aws_ws/install/nav2_msgs/include/nav2_msgs/msg/detail/particle_cloud__rosidl_typesupport_fastrtps_cpp.hpp
[2.461s] -- Up-to-date symlink: /home/ik/aws_ws/install/nav2_msgs/include/nav2_msgs/msg/detail/voxel_grid__rosidl_typesupport_fastrtps_cpp.hpp
[2.462s] -- Up-to-date symlink: /home/ik/aws_ws/install/nav2_msgs/include/nav2_msgs/msg/rosidl_typesupport_fastrtps_cpp__visibility_control.h
[2.462s] -- Up-to-date symlink: /home/ik/aws_ws/install/nav2_msgs/include/nav2_msgs/srv/detail/clear_costmap_around_robot__rosidl_typesupport_fastrtps_cpp.hpp
[2.462s] -- Up-to-date symlink: /home/ik/aws_ws/install/nav2_msgs/include/nav2_msgs/srv/detail/clear_costmap_except_region__rosidl_typesupport_fastrtps_cpp.hpp
[2.462s] -- Up-to-date symlink: /home/ik/aws_ws/install/nav2_msgs/include/nav2_msgs/srv/detail/clear_entire_costmap__rosidl_typesupport_fastrtps_cpp.hpp
[2.462s] -- Up-to-date symlink: /home/ik/aws_ws/install/nav2_msgs/include/nav2_msgs/srv/detail/get_costmap__rosidl_typesupport_fastrtps_cpp.hpp
[2.462s] -- Up-to-date symlink: /home/ik/aws_ws/install/nav2_msgs/include/nav2_msgs/srv/detail/load_map__rosidl_typesupport_fastrtps_cpp.hpp
[2.462s] -- Up-to-date symlink: /home/ik/aws_ws/install/nav2_msgs/include/nav2_msgs/srv/detail/manage_lifecycle_nodes__rosidl_typesupport_fastrtps_cpp.hpp
[2.462s] -- Up-to-date symlink: /home/ik/aws_ws/install/nav2_msgs/include/nav2_msgs/srv/detail/save_map__rosidl_typesupport_fastrtps_cpp.hpp
[2.463s] -- Up-to-date symlink: /home/ik/aws_ws/install/nav2_msgs/lib/libnav2_msgs__rosidl_typesupport_fastrtps_cpp.so
[2.463s] -- Up-to-date symlink: /home/ik/aws_ws/install/nav2_msgs/include/nav2_msgs/action/detail/back_up__rosidl_typesupport_introspection_c.h
[2.463s] -- Up-to-date symlink: /home/ik/aws_ws/install/nav2_msgs/include/nav2_msgs/action/detail/compute_path_to_pose__rosidl_typesupport_introspection_c.h
[2.464s] -- Up-to-date symlink: /home/ik/aws_ws/install/nav2_msgs/include/nav2_msgs/action/detail/dummy_recovery__rosidl_typesupport_introspection_c.h
[2.464s] -- Up-to-date symlink: /home/ik/aws_ws/install/nav2_msgs/include/nav2_msgs/action/detail/follow_path__rosidl_typesupport_introspection_c.h
[2.464s] -- Up-to-date symlink: /home/ik/aws_ws/install/nav2_msgs/include/nav2_msgs/action/detail/follow_waypoints__rosidl_typesupport_introspection_c.h
[2.464s] -- Up-to-date symlink: /home/ik/aws_ws/install/nav2_msgs/include/nav2_msgs/action/detail/navigate_to_pose__rosidl_typesupport_introspection_c.h
[2.464s] -- Up-to-date symlink: /home/ik/aws_ws/install/nav2_msgs/include/nav2_msgs/action/detail/spin__rosidl_typesupport_introspection_c.h
[2.464s] -- Up-to-date symlink: /home/ik/aws_ws/install/nav2_msgs/include/nav2_msgs/action/detail/wait__rosidl_typesupport_introspection_c.h
[2.464s] -- Up-to-date symlink: /home/ik/aws_ws/install/nav2_msgs/include/nav2_msgs/msg/detail/behavior_tree_log__rosidl_typesupport_introspection_c.h
[2.465s] -- Up-to-date symlink: /home/ik/aws_ws/install/nav2_msgs/include/nav2_msgs/msg/detail/behavior_tree_status_change__rosidl_typesupport_introspection_c.h
[2.465s] -- Up-to-date symlink: /home/ik/aws_ws/install/nav2_msgs/include/nav2_msgs/msg/detail/costmap__rosidl_typesupport_introspection_c.h
[2.465s] -- Up-to-date symlink: /home/ik/aws_ws/install/nav2_msgs/include/nav2_msgs/msg/detail/costmap_meta_data__rosidl_typesupport_introspection_c.h
[2.465s] -- Up-to-date symlink: /home/ik/aws_ws/install/nav2_msgs/include/nav2_msgs/msg/detail/particle__rosidl_typesupport_introspection_c.h
[2.465s] -- Up-to-date symlink: /home/ik/aws_ws/install/nav2_msgs/include/nav2_msgs/msg/detail/particle_cloud__rosidl_typesupport_introspection_c.h
[2.465s] -- Up-to-date symlink: /home/ik/aws_ws/install/nav2_msgs/include/nav2_msgs/msg/detail/voxel_grid__rosidl_typesupport_introspection_c.h
[2.465s] -- Up-to-date symlink: /home/ik/aws_ws/install/nav2_msgs/include/nav2_msgs/msg/rosidl_typesupport_introspection_c__visibility_control.h
[2.465s] -- Up-to-date symlink: /home/ik/aws_ws/install/nav2_msgs/include/nav2_msgs/srv/detail/clear_costmap_around_robot__rosidl_typesupport_introspection_c.h
[2.466s] -- Up-to-date symlink: /home/ik/aws_ws/install/nav2_msgs/include/nav2_msgs/srv/detail/clear_costmap_except_region__rosidl_typesupport_introspection_c.h
[2.466s] -- Up-to-date symlink: /home/ik/aws_ws/install/nav2_msgs/include/nav2_msgs/srv/detail/clear_entire_costmap__rosidl_typesupport_introspection_c.h
[2.466s] -- Up-to-date symlink: /home/ik/aws_ws/install/nav2_msgs/include/nav2_msgs/srv/detail/get_costmap__rosidl_typesupport_introspection_c.h
[2.466s] -- Up-to-date symlink: /home/ik/aws_ws/install/nav2_msgs/include/nav2_msgs/srv/detail/load_map__rosidl_typesupport_introspection_c.h
[2.466s] -- Up-to-date symlink: /home/ik/aws_ws/install/nav2_msgs/include/nav2_msgs/srv/detail/manage_lifecycle_nodes__rosidl_typesupport_introspection_c.h
[2.466s] -- Up-to-date symlink: /home/ik/aws_ws/install/nav2_msgs/include/nav2_msgs/srv/detail/save_map__rosidl_typesupport_introspection_c.h
[2.467s] -- Up-to-date symlink: /home/ik/aws_ws/install/nav2_msgs/include/nav2_msgs/action/back_up.hpp
[2.467s] -- Up-to-date symlink: /home/ik/aws_ws/install/nav2_msgs/include/nav2_msgs/action/compute_path_to_pose.hpp
[2.468s] -- Up-to-date symlink: /home/ik/aws_ws/install/nav2_msgs/include/nav2_msgs/action/detail/back_up__builder.hpp
[2.468s] -- Up-to-date symlink: /home/ik/aws_ws/install/nav2_msgs/include/nav2_msgs/action/detail/back_up__struct.hpp
[2.468s] -- Up-to-date symlink: /home/ik/aws_ws/install/nav2_msgs/include/nav2_msgs/action/detail/back_up__traits.hpp
[2.468s] -- Up-to-date symlink: /home/ik/aws_ws/install/nav2_msgs/include/nav2_msgs/action/detail/compute_path_to_pose__builder.hpp
[2.468s] -- Up-to-date symlink: /home/ik/aws_ws/install/nav2_msgs/include/nav2_msgs/action/detail/compute_path_to_pose__struct.hpp
[2.468s] -- Up-to-date symlink: /home/ik/aws_ws/install/nav2_msgs/include/nav2_msgs/action/detail/compute_path_to_pose__traits.hpp
[2.468s] -- Up-to-date symlink: /home/ik/aws_ws/install/nav2_msgs/include/nav2_msgs/action/detail/dummy_recovery__builder.hpp
[2.468s] -- Up-to-date symlink: /home/ik/aws_ws/install/nav2_msgs/include/nav2_msgs/action/detail/dummy_recovery__struct.hpp
[2.469s] -- Up-to-date symlink: /home/ik/aws_ws/install/nav2_msgs/include/nav2_msgs/action/detail/dummy_recovery__traits.hpp
[2.469s] -- Up-to-date symlink: /home/ik/aws_ws/install/nav2_msgs/include/nav2_msgs/action/detail/follow_path__builder.hpp
[2.469s] -- Up-to-date symlink: /home/ik/aws_ws/install/nav2_msgs/include/nav2_msgs/action/detail/follow_path__struct.hpp
[2.469s] -- Up-to-date symlink: /home/ik/aws_ws/install/nav2_msgs/include/nav2_msgs/action/detail/follow_path__traits.hpp
[2.469s] -- Up-to-date symlink: /home/ik/aws_ws/install/nav2_msgs/include/nav2_msgs/action/detail/follow_waypoints__builder.hpp
[2.469s] -- Up-to-date symlink: /home/ik/aws_ws/install/nav2_msgs/include/nav2_msgs/action/detail/follow_waypoints__struct.hpp
[2.469s] -- Up-to-date symlink: /home/ik/aws_ws/install/nav2_msgs/include/nav2_msgs/action/detail/follow_waypoints__traits.hpp
[2.469s] -- Up-to-date symlink: /home/ik/aws_ws/install/nav2_msgs/include/nav2_msgs/action/detail/navigate_to_pose__builder.hpp
[2.470s] -- Up-to-date symlink: /home/ik/aws_ws/install/nav2_msgs/include/nav2_msgs/action/detail/navigate_to_pose__struct.hpp
[2.470s] -- Up-to-date symlink: /home/ik/aws_ws/install/nav2_msgs/include/nav2_msgs/action/detail/navigate_to_pose__traits.hpp
[2.470s] -- Up-to-date symlink: /home/ik/aws_ws/install/nav2_msgs/include/nav2_msgs/action/detail/spin__builder.hpp
[2.470s] -- Up-to-date symlink: /home/ik/aws_ws/install/nav2_msgs/include/nav2_msgs/action/detail/spin__struct.hpp
[2.470s] -- Up-to-date symlink: /home/ik/aws_ws/install/nav2_msgs/include/nav2_msgs/action/detail/spin__traits.hpp
[2.470s] -- Up-to-date symlink: /home/ik/aws_ws/install/nav2_msgs/include/nav2_msgs/action/detail/wait__builder.hpp
[2.470s] -- Up-to-date symlink: /home/ik/aws_ws/install/nav2_msgs/include/nav2_msgs/action/detail/wait__struct.hpp
[2.470s] -- Up-to-date symlink: /home/ik/aws_ws/install/nav2_msgs/include/nav2_msgs/action/detail/wait__traits.hpp
[2.470s] -- Up-to-date symlink: /home/ik/aws_ws/install/nav2_msgs/include/nav2_msgs/action/dummy_recovery.hpp
[2.471s] -- Up-to-date symlink: /home/ik/aws_ws/install/nav2_msgs/include/nav2_msgs/action/follow_path.hpp
[2.471s] -- Up-to-date symlink: /home/ik/aws_ws/install/nav2_msgs/include/nav2_msgs/action/follow_waypoints.hpp
[2.471s] -- Up-to-date symlink: /home/ik/aws_ws/install/nav2_msgs/include/nav2_msgs/action/navigate_to_pose.hpp
[2.471s] -- Up-to-date symlink: /home/ik/aws_ws/install/nav2_msgs/include/nav2_msgs/action/spin.hpp
[2.471s] -- Up-to-date symlink: /home/ik/aws_ws/install/nav2_msgs/include/nav2_msgs/action/wait.hpp
[2.471s] -- Up-to-date symlink: /home/ik/aws_ws/install/nav2_msgs/include/nav2_msgs/msg/behavior_tree_log.hpp
[2.472s] -- Up-to-date symlink: /home/ik/aws_ws/install/nav2_msgs/include/nav2_msgs/msg/behavior_tree_status_change.hpp
[2.472s] -- Up-to-date symlink: /home/ik/aws_ws/install/nav2_msgs/include/nav2_msgs/msg/costmap.hpp
[2.472s] -- Up-to-date symlink: /home/ik/aws_ws/install/nav2_msgs/include/nav2_msgs/msg/costmap_meta_data.hpp
[2.472s] -- Up-to-date symlink: /home/ik/aws_ws/install/nav2_msgs/include/nav2_msgs/msg/detail/behavior_tree_log__builder.hpp
[2.472s] -- Up-to-date symlink: /home/ik/aws_ws/install/nav2_msgs/include/nav2_msgs/msg/detail/behavior_tree_log__struct.hpp
[2.472s] -- Up-to-date symlink: /home/ik/aws_ws/install/nav2_msgs/include/nav2_msgs/msg/detail/behavior_tree_log__traits.hpp
[2.472s] -- Up-to-date symlink: /home/ik/aws_ws/install/nav2_msgs/include/nav2_msgs/msg/detail/behavior_tree_status_change__builder.hpp
[2.472s] -- Up-to-date symlink: /home/ik/aws_ws/install/nav2_msgs/include/nav2_msgs/msg/detail/behavior_tree_status_change__struct.hpp
[2.473s] -- Up-to-date symlink: /home/ik/aws_ws/install/nav2_msgs/include/nav2_msgs/msg/detail/behavior_tree_status_change__traits.hpp
[2.473s] -- Up-to-date symlink: /home/ik/aws_ws/install/nav2_msgs/include/nav2_msgs/msg/detail/costmap__builder.hpp
[2.473s] -- Up-to-date symlink: /home/ik/aws_ws/install/nav2_msgs/include/nav2_msgs/msg/detail/costmap__struct.hpp
[2.473s] -- Up-to-date symlink: /home/ik/aws_ws/install/nav2_msgs/include/nav2_msgs/msg/detail/costmap__traits.hpp
[2.473s] -- Up-to-date symlink: /home/ik/aws_ws/install/nav2_msgs/include/nav2_msgs/msg/detail/costmap_meta_data__builder.hpp
[2.473s] -- Up-to-date symlink: /home/ik/aws_ws/install/nav2_msgs/include/nav2_msgs/msg/detail/costmap_meta_data__struct.hpp
[2.473s] -- Up-to-date symlink: /home/ik/aws_ws/install/nav2_msgs/include/nav2_msgs/msg/detail/costmap_meta_data__traits.hpp
[2.473s] -- Up-to-date symlink: /home/ik/aws_ws/install/nav2_msgs/include/nav2_msgs/msg/detail/particle__builder.hpp
[2.473s] -- Up-to-date symlink: /home/ik/aws_ws/install/nav2_msgs/include/nav2_msgs/msg/detail/particle__struct.hpp
[2.473s] -- Up-to-date symlink: /home/ik/aws_ws/install/nav2_msgs/include/nav2_msgs/msg/detail/particle__traits.hpp
[2.474s] -- Up-to-date symlink: /home/ik/aws_ws/install/nav2_msgs/include/nav2_msgs/msg/detail/particle_cloud__builder.hpp
[2.474s] -- Up-to-date symlink: /home/ik/aws_ws/install/nav2_msgs/include/nav2_msgs/msg/detail/particle_cloud__struct.hpp
[2.474s] -- Up-to-date symlink: /home/ik/aws_ws/install/nav2_msgs/include/nav2_msgs/msg/detail/particle_cloud__traits.hpp
[2.474s] -- Up-to-date symlink: /home/ik/aws_ws/install/nav2_msgs/include/nav2_msgs/msg/detail/voxel_grid__builder.hpp
[2.474s] -- Up-to-date symlink: /home/ik/aws_ws/install/nav2_msgs/include/nav2_msgs/msg/detail/voxel_grid__struct.hpp
[2.474s] -- Up-to-date symlink: /home/ik/aws_ws/install/nav2_msgs/include/nav2_msgs/msg/detail/voxel_grid__traits.hpp
[2.474s] -- Up-to-date symlink: /home/ik/aws_ws/install/nav2_msgs/include/nav2_msgs/msg/particle.hpp
[2.474s] -- Up-to-date symlink: /home/ik/aws_ws/install/nav2_msgs/include/nav2_msgs/msg/particle_cloud.hpp
[2.474s] -- Up-to-date symlink: /home/ik/aws_ws/install/nav2_msgs/include/nav2_msgs/msg/voxel_grid.hpp
[2.475s] -- Up-to-date symlink: /home/ik/aws_ws/install/nav2_msgs/include/nav2_msgs/srv/clear_costmap_around_robot.hpp
[2.475s] -- Up-to-date symlink: /home/ik/aws_ws/install/nav2_msgs/include/nav2_msgs/srv/clear_costmap_except_region.hpp
[2.475s] -- Up-to-date symlink: /home/ik/aws_ws/install/nav2_msgs/include/nav2_msgs/srv/clear_entire_costmap.hpp
[2.475s] -- Up-to-date symlink: /home/ik/aws_ws/install/nav2_msgs/include/nav2_msgs/srv/detail/clear_costmap_around_robot__builder.hpp
[2.475s] -- Up-to-date symlink: /home/ik/aws_ws/install/nav2_msgs/include/nav2_msgs/srv/detail/clear_costmap_around_robot__struct.hpp
[2.475s] -- Up-to-date symlink: /home/ik/aws_ws/install/nav2_msgs/include/nav2_msgs/srv/detail/clear_costmap_around_robot__traits.hpp
[2.475s] -- Up-to-date symlink: /home/ik/aws_ws/install/nav2_msgs/include/nav2_msgs/srv/detail/clear_costmap_except_region__builder.hpp
[2.475s] -- Up-to-date symlink: /home/ik/aws_ws/install/nav2_msgs/include/nav2_msgs/srv/detail/clear_costmap_except_region__struct.hpp
[2.476s] -- Up-to-date symlink: /home/ik/aws_ws/install/nav2_msgs/include/nav2_msgs/srv/detail/clear_costmap_except_region__traits.hpp
[2.476s] -- Up-to-date symlink: /home/ik/aws_ws/install/nav2_msgs/include/nav2_msgs/srv/detail/clear_entire_costmap__builder.hpp
[2.476s] -- Up-to-date symlink: /home/ik/aws_ws/install/nav2_msgs/include/nav2_msgs/srv/detail/clear_entire_costmap__struct.hpp
[2.476s] -- Up-to-date symlink: /home/ik/aws_ws/install/nav2_msgs/include/nav2_msgs/srv/detail/clear_entire_costmap__traits.hpp
[2.476s] -- Up-to-date symlink: /home/ik/aws_ws/install/nav2_msgs/include/nav2_msgs/srv/detail/get_costmap__builder.hpp
[2.476s] -- Up-to-date symlink: /home/ik/aws_ws/install/nav2_msgs/include/nav2_msgs/srv/detail/get_costmap__struct.hpp
[2.476s] -- Up-to-date symlink: /home/ik/aws_ws/install/nav2_msgs/include/nav2_msgs/srv/detail/get_costmap__traits.hpp
[2.476s] -- Up-to-date symlink: /home/ik/aws_ws/install/nav2_msgs/include/nav2_msgs/srv/detail/load_map__builder.hpp
[2.477s] -- Up-to-date symlink: /home/ik/aws_ws/install/nav2_msgs/include/nav2_msgs/srv/detail/load_map__struct.hpp
[2.477s] -- Up-to-date symlink: /home/ik/aws_ws/install/nav2_msgs/include/nav2_msgs/srv/detail/load_map__traits.hpp
[2.477s] -- Up-to-date symlink: /home/ik/aws_ws/install/nav2_msgs/include/nav2_msgs/srv/detail/manage_lifecycle_nodes__builder.hpp
[2.477s] -- Up-to-date symlink: /home/ik/aws_ws/install/nav2_msgs/include/nav2_msgs/srv/detail/manage_lifecycle_nodes__struct.hpp
[2.477s] -- Up-to-date symlink: /home/ik/aws_ws/install/nav2_msgs/include/nav2_msgs/srv/detail/manage_lifecycle_nodes__traits.hpp
[2.477s] -- Up-to-date symlink: /home/ik/aws_ws/install/nav2_msgs/include/nav2_msgs/srv/detail/save_map__builder.hpp
[2.477s] -- Up-to-date symlink: /home/ik/aws_ws/install/nav2_msgs/include/nav2_msgs/srv/detail/save_map__struct.hpp
[2.477s] -- Up-to-date symlink: /home/ik/aws_ws/install/nav2_msgs/include/nav2_msgs/srv/detail/save_map__traits.hpp
[2.478s] -- Up-to-date symlink: /home/ik/aws_ws/install/nav2_msgs/include/nav2_msgs/srv/get_costmap.hpp
[2.478s] -- Up-to-date symlink: /home/ik/aws_ws/install/nav2_msgs/include/nav2_msgs/srv/load_map.hpp
[2.478s] -- Up-to-date symlink: /home/ik/aws_ws/install/nav2_msgs/include/nav2_msgs/srv/manage_lifecycle_nodes.hpp
[2.478s] -- Up-to-date symlink: /home/ik/aws_ws/install/nav2_msgs/include/nav2_msgs/srv/save_map.hpp
[2.479s] -- Up-to-date symlink: /home/ik/aws_ws/install/nav2_msgs/include/nav2_msgs/action/detail/back_up__rosidl_typesupport_introspection_cpp.hpp
[2.479s] -- Up-to-date symlink: /home/ik/aws_ws/install/nav2_msgs/include/nav2_msgs/action/detail/compute_path_to_pose__rosidl_typesupport_introspection_cpp.hpp
[2.479s] -- Up-to-date symlink: /home/ik/aws_ws/install/nav2_msgs/include/nav2_msgs/action/detail/dummy_recovery__rosidl_typesupport_introspection_cpp.hpp
[2.479s] -- Up-to-date symlink: /home/ik/aws_ws/install/nav2_msgs/include/nav2_msgs/action/detail/follow_path__rosidl_typesupport_introspection_cpp.hpp
[2.479s] -- Up-to-date symlink: /home/ik/aws_ws/install/nav2_msgs/include/nav2_msgs/action/detail/follow_waypoints__rosidl_typesupport_introspection_cpp.hpp
[2.479s] -- Up-to-date symlink: /home/ik/aws_ws/install/nav2_msgs/include/nav2_msgs/action/detail/navigate_to_pose__rosidl_typesupport_introspection_cpp.hpp
[2.479s] -- Up-to-date symlink: /home/ik/aws_ws/install/nav2_msgs/include/nav2_msgs/action/detail/spin__rosidl_typesupport_introspection_cpp.hpp
[2.480s] -- Up-to-date symlink: /home/ik/aws_ws/install/nav2_msgs/include/nav2_msgs/action/detail/wait__rosidl_typesupport_introspection_cpp.hpp
[2.480s] -- Up-to-date symlink: /home/ik/aws_ws/install/nav2_msgs/include/nav2_msgs/msg/detail/behavior_tree_log__rosidl_typesupport_introspection_cpp.hpp
[2.480s] -- Up-to-date symlink: /home/ik/aws_ws/install/nav2_msgs/include/nav2_msgs/msg/detail/behavior_tree_status_change__rosidl_typesupport_introspection_cpp.hpp
[2.480s] -- Up-to-date symlink: /home/ik/aws_ws/install/nav2_msgs/include/nav2_msgs/msg/detail/costmap__rosidl_typesupport_introspection_cpp.hpp
[2.480s] -- Up-to-date symlink: /home/ik/aws_ws/install/nav2_msgs/include/nav2_msgs/msg/detail/costmap_meta_data__rosidl_typesupport_introspection_cpp.hpp
[2.480s] -- Up-to-date symlink: /home/ik/aws_ws/install/nav2_msgs/include/nav2_msgs/msg/detail/particle__rosidl_typesupport_introspection_cpp.hpp
[2.480s] -- Up-to-date symlink: /home/ik/aws_ws/install/nav2_msgs/include/nav2_msgs/msg/detail/particle_cloud__rosidl_typesupport_introspection_cpp.hpp
[2.480s] -- Up-to-date symlink: /home/ik/aws_ws/install/nav2_msgs/include/nav2_msgs/msg/detail/voxel_grid__rosidl_typesupport_introspection_cpp.hpp
[2.481s] -- Up-to-date symlink: /home/ik/aws_ws/install/nav2_msgs/include/nav2_msgs/srv/detail/clear_costmap_around_robot__rosidl_typesupport_introspection_cpp.hpp
[2.481s] -- Up-to-date symlink: /home/ik/aws_ws/install/nav2_msgs/include/nav2_msgs/srv/detail/clear_costmap_except_region__rosidl_typesupport_introspection_cpp.hpp
[2.481s] -- Up-to-date symlink: /home/ik/aws_ws/install/nav2_msgs/include/nav2_msgs/srv/detail/clear_entire_costmap__rosidl_typesupport_introspection_cpp.hpp
[2.481s] -- Up-to-date symlink: /home/ik/aws_ws/install/nav2_msgs/include/nav2_msgs/srv/detail/get_costmap__rosidl_typesupport_introspection_cpp.hpp
[2.481s] -- Up-to-date symlink: /home/ik/aws_ws/install/nav2_msgs/include/nav2_msgs/srv/detail/load_map__rosidl_typesupport_introspection_cpp.hpp
[2.481s] -- Up-to-date symlink: /home/ik/aws_ws/install/nav2_msgs/include/nav2_msgs/srv/detail/manage_lifecycle_nodes__rosidl_typesupport_introspection_cpp.hpp
[2.481s] -- Up-to-date symlink: /home/ik/aws_ws/install/nav2_msgs/include/nav2_msgs/srv/detail/save_map__rosidl_typesupport_introspection_cpp.hpp
[2.481s] -- Up-to-date symlink: /home/ik/aws_ws/install/nav2_msgs/share/nav2_msgs/environment/pythonpath.sh
[2.482s] -- Up-to-date symlink: /home/ik/aws_ws/install/nav2_msgs/share/nav2_msgs/environment/pythonpath.dsv
[2.482s] -- Up-to-date symlink: /home/ik/aws_ws/install/nav2_msgs/lib/python3.8/site-packages/nav2_msgs/__init__.py
[2.482s] -- Up-to-date symlink: /home/ik/aws_ws/install/nav2_msgs/lib/python3.8/site-packages/nav2_msgs/msg/__init__.py
[2.482s] -- Up-to-date symlink: /home/ik/aws_ws/install/nav2_msgs/lib/python3.8/site-packages/nav2_msgs/msg/_behavior_tree_log.py
[2.483s] -- Up-to-date symlink: /home/ik/aws_ws/install/nav2_msgs/lib/python3.8/site-packages/nav2_msgs/msg/_behavior_tree_status_change.py
[2.483s] -- Up-to-date symlink: /home/ik/aws_ws/install/nav2_msgs/lib/python3.8/site-packages/nav2_msgs/msg/_costmap.py
[2.483s] -- Up-to-date symlink: /home/ik/aws_ws/install/nav2_msgs/lib/python3.8/site-packages/nav2_msgs/msg/_costmap_meta_data.py
[2.483s] -- Up-to-date symlink: /home/ik/aws_ws/install/nav2_msgs/lib/python3.8/site-packages/nav2_msgs/msg/_particle.py
[2.483s] -- Up-to-date symlink: /home/ik/aws_ws/install/nav2_msgs/lib/python3.8/site-packages/nav2_msgs/msg/_particle_cloud.py
[2.483s] -- Up-to-date symlink: /home/ik/aws_ws/install/nav2_msgs/lib/python3.8/site-packages/nav2_msgs/msg/_voxel_grid.py
[2.484s] -- Up-to-date symlink: /home/ik/aws_ws/install/nav2_msgs/lib/python3.8/site-packages/nav2_msgs/srv/__init__.py
[2.484s] -- Up-to-date symlink: /home/ik/aws_ws/install/nav2_msgs/lib/python3.8/site-packages/nav2_msgs/srv/_clear_costmap_around_robot.py
[2.484s] -- Up-to-date symlink: /home/ik/aws_ws/install/nav2_msgs/lib/python3.8/site-packages/nav2_msgs/srv/_clear_costmap_except_region.py
[2.484s] -- Up-to-date symlink: /home/ik/aws_ws/install/nav2_msgs/lib/python3.8/site-packages/nav2_msgs/srv/_clear_entire_costmap.py
[2.484s] -- Up-to-date symlink: /home/ik/aws_ws/install/nav2_msgs/lib/python3.8/site-packages/nav2_msgs/srv/_get_costmap.py
[2.484s] -- Up-to-date symlink: /home/ik/aws_ws/install/nav2_msgs/lib/python3.8/site-packages/nav2_msgs/srv/_load_map.py
[2.484s] -- Up-to-date symlink: /home/ik/aws_ws/install/nav2_msgs/lib/python3.8/site-packages/nav2_msgs/srv/_manage_lifecycle_nodes.py
[2.485s] -- Up-to-date symlink: /home/ik/aws_ws/install/nav2_msgs/lib/python3.8/site-packages/nav2_msgs/srv/_save_map.py
[2.485s] -- Up-to-date symlink: /home/ik/aws_ws/install/nav2_msgs/lib/python3.8/site-packages/nav2_msgs/action/__init__.py
[2.485s] -- Up-to-date symlink: /home/ik/aws_ws/install/nav2_msgs/lib/python3.8/site-packages/nav2_msgs/action/_back_up.py
[2.485s] -- Up-to-date symlink: /home/ik/aws_ws/install/nav2_msgs/lib/python3.8/site-packages/nav2_msgs/action/_compute_path_to_pose.py
[2.485s] -- Up-to-date symlink: /home/ik/aws_ws/install/nav2_msgs/lib/python3.8/site-packages/nav2_msgs/action/_dummy_recovery.py
[2.485s] -- Up-to-date symlink: /home/ik/aws_ws/install/nav2_msgs/lib/python3.8/site-packages/nav2_msgs/action/_follow_path.py
[2.486s] -- Up-to-date symlink: /home/ik/aws_ws/install/nav2_msgs/lib/python3.8/site-packages/nav2_msgs/action/_follow_waypoints.py
[2.486s] -- Up-to-date symlink: /home/ik/aws_ws/install/nav2_msgs/lib/python3.8/site-packages/nav2_msgs/action/_navigate_to_pose.py
[2.486s] -- Up-to-date symlink: /home/ik/aws_ws/install/nav2_msgs/lib/python3.8/site-packages/nav2_msgs/action/_spin.py
[2.486s] -- Up-to-date symlink: /home/ik/aws_ws/install/nav2_msgs/lib/python3.8/site-packages/nav2_msgs/action/_wait.py
[2.486s] -- Up-to-date symlink: /home/ik/aws_ws/install/nav2_msgs/lib/python3.8/site-packages/nav2_msgs/nav2_msgs_s__rosidl_typesupport_fastrtps_c.cpython-38-x86_64-linux-gnu.so
[2.486s] -- Up-to-date symlink: /home/ik/aws_ws/install/nav2_msgs/lib/python3.8/site-packages/nav2_msgs/nav2_msgs_s__rosidl_typesupport_introspection_c.cpython-38-x86_64-linux-gnu.so
[2.487s] -- Up-to-date symlink: /home/ik/aws_ws/install/nav2_msgs/lib/python3.8/site-packages/nav2_msgs/nav2_msgs_s__rosidl_typesupport_c.cpython-38-x86_64-linux-gnu.so
[2.487s] -- Up-to-date symlink: /home/ik/aws_ws/install/nav2_msgs/lib/libnav2_msgs__python.so
[2.487s] -- Up-to-date symlink: /home/ik/aws_ws/install/nav2_msgs/share/nav2_msgs/msg/Costmap.idl
[2.487s] -- Up-to-date symlink: /home/ik/aws_ws/install/nav2_msgs/share/nav2_msgs/msg/CostmapMetaData.idl
[2.488s] -- Up-to-date symlink: /home/ik/aws_ws/install/nav2_msgs/share/nav2_msgs/msg/VoxelGrid.idl
[2.488s] -- Up-to-date symlink: /home/ik/aws_ws/install/nav2_msgs/share/nav2_msgs/msg/BehaviorTreeStatusChange.idl
[2.488s] -- Up-to-date symlink: /home/ik/aws_ws/install/nav2_msgs/share/nav2_msgs/msg/BehaviorTreeLog.idl
[2.488s] -- Up-to-date symlink: /home/ik/aws_ws/install/nav2_msgs/share/nav2_msgs/msg/Particle.idl
[2.488s] -- Up-to-date symlink: /home/ik/aws_ws/install/nav2_msgs/share/nav2_msgs/msg/ParticleCloud.idl
[2.489s] -- Up-to-date symlink: /home/ik/aws_ws/install/nav2_msgs/share/nav2_msgs/srv/GetCostmap.idl
[2.489s] -- Up-to-date symlink: /home/ik/aws_ws/install/nav2_msgs/share/nav2_msgs/srv/ClearCostmapExceptRegion.idl
[2.489s] -- Up-to-date symlink: /home/ik/aws_ws/install/nav2_msgs/share/nav2_msgs/srv/ClearCostmapAroundRobot.idl
[2.489s] -- Up-to-date symlink: /home/ik/aws_ws/install/nav2_msgs/share/nav2_msgs/srv/ClearEntireCostmap.idl
[2.489s] -- Up-to-date symlink: /home/ik/aws_ws/install/nav2_msgs/share/nav2_msgs/srv/ManageLifecycleNodes.idl
[2.490s] -- Up-to-date symlink: /home/ik/aws_ws/install/nav2_msgs/share/nav2_msgs/srv/LoadMap.idl
[2.490s] -- Up-to-date symlink: /home/ik/aws_ws/install/nav2_msgs/share/nav2_msgs/srv/SaveMap.idl
[2.490s] -- Up-to-date symlink: /home/ik/aws_ws/install/nav2_msgs/share/nav2_msgs/action/BackUp.idl
[2.490s] -- Up-to-date symlink: /home/ik/aws_ws/install/nav2_msgs/share/nav2_msgs/action/ComputePathToPose.idl
[2.490s] -- Up-to-date symlink: /home/ik/aws_ws/install/nav2_msgs/share/nav2_msgs/action/FollowPath.idl
[2.490s] -- Up-to-date symlink: /home/ik/aws_ws/install/nav2_msgs/share/nav2_msgs/action/NavigateToPose.idl
[2.491s] -- Up-to-date symlink: /home/ik/aws_ws/install/nav2_msgs/share/nav2_msgs/action/Wait.idl
[2.491s] -- Up-to-date symlink: /home/ik/aws_ws/install/nav2_msgs/share/nav2_msgs/action/Spin.idl
[2.491s] -- Up-to-date symlink: /home/ik/aws_ws/install/nav2_msgs/share/nav2_msgs/action/DummyRecovery.idl
[2.491s] -- Up-to-date symlink: /home/ik/aws_ws/install/nav2_msgs/share/nav2_msgs/action/FollowWaypoints.idl
[2.491s] -- Up-to-date symlink: /home/ik/aws_ws/install/nav2_msgs/share/nav2_msgs/msg/Costmap.msg
[2.492s] -- Up-to-date symlink: /home/ik/aws_ws/install/nav2_msgs/share/nav2_msgs/msg/CostmapMetaData.msg
[2.492s] -- Up-to-date symlink: /home/ik/aws_ws/install/nav2_msgs/share/nav2_msgs/msg/VoxelGrid.msg
[2.492s] -- Up-to-date symlink: /home/ik/aws_ws/install/nav2_msgs/share/nav2_msgs/msg/BehaviorTreeStatusChange.msg
[2.492s] -- Up-to-date symlink: /home/ik/aws_ws/install/nav2_msgs/share/nav2_msgs/msg/BehaviorTreeLog.msg
[2.492s] -- Up-to-date symlink: /home/ik/aws_ws/install/nav2_msgs/share/nav2_msgs/msg/Particle.msg
[2.493s] -- Up-to-date symlink: /home/ik/aws_ws/install/nav2_msgs/share/nav2_msgs/msg/ParticleCloud.msg
[2.493s] -- Up-to-date symlink: /home/ik/aws_ws/install/nav2_msgs/share/nav2_msgs/srv/GetCostmap.srv
[2.493s] -- Up-to-date symlink: /home/ik/aws_ws/install/nav2_msgs/share/nav2_msgs/srv/GetCostmap_Request.msg
[2.493s] -- Up-to-date symlink: /home/ik/aws_ws/install/nav2_msgs/share/nav2_msgs/srv/GetCostmap_Response.msg
[2.493s] -- Up-to-date symlink: /home/ik/aws_ws/install/nav2_msgs/share/nav2_msgs/srv/ClearCostmapExceptRegion.srv
[2.493s] -- Up-to-date symlink: /home/ik/aws_ws/install/nav2_msgs/share/nav2_msgs/srv/ClearCostmapExceptRegion_Request.msg
[2.494s] -- Up-to-date symlink: /home/ik/aws_ws/install/nav2_msgs/share/nav2_msgs/srv/ClearCostmapExceptRegion_Response.msg
[2.494s] -- Up-to-date symlink: /home/ik/aws_ws/install/nav2_msgs/share/nav2_msgs/srv/ClearCostmapAroundRobot.srv
[2.494s] -- Up-to-date symlink: /home/ik/aws_ws/install/nav2_msgs/share/nav2_msgs/srv/ClearCostmapAroundRobot_Request.msg
[2.494s] -- Up-to-date symlink: /home/ik/aws_ws/install/nav2_msgs/share/nav2_msgs/srv/ClearCostmapAroundRobot_Response.msg
[2.494s] -- Up-to-date symlink: /home/ik/aws_ws/install/nav2_msgs/share/nav2_msgs/srv/ClearEntireCostmap.srv
[2.495s] -- Up-to-date symlink: /home/ik/aws_ws/install/nav2_msgs/share/nav2_msgs/srv/ClearEntireCostmap_Request.msg
[2.495s] -- Up-to-date symlink: /home/ik/aws_ws/install/nav2_msgs/share/nav2_msgs/srv/ClearEntireCostmap_Response.msg
[2.495s] -- Up-to-date symlink: /home/ik/aws_ws/install/nav2_msgs/share/nav2_msgs/srv/ManageLifecycleNodes.srv
[2.495s] -- Up-to-date symlink: /home/ik/aws_ws/install/nav2_msgs/share/nav2_msgs/srv/ManageLifecycleNodes_Request.msg
[2.495s] -- Up-to-date symlink: /home/ik/aws_ws/install/nav2_msgs/share/nav2_msgs/srv/ManageLifecycleNodes_Response.msg
[2.495s] -- Up-to-date symlink: /home/ik/aws_ws/install/nav2_msgs/share/nav2_msgs/srv/LoadMap.srv
[2.496s] -- Up-to-date symlink: /home/ik/aws_ws/install/nav2_msgs/share/nav2_msgs/srv/LoadMap_Request.msg
[2.496s] -- Up-to-date symlink: /home/ik/aws_ws/install/nav2_msgs/share/nav2_msgs/srv/LoadMap_Response.msg
[2.496s] -- Up-to-date symlink: /home/ik/aws_ws/install/nav2_msgs/share/nav2_msgs/srv/SaveMap.srv
[2.496s] -- Up-to-date symlink: /home/ik/aws_ws/install/nav2_msgs/share/nav2_msgs/srv/SaveMap_Request.msg
[2.496s] -- Up-to-date symlink: /home/ik/aws_ws/install/nav2_msgs/share/nav2_msgs/srv/SaveMap_Response.msg
[2.497s] -- Up-to-date symlink: /home/ik/aws_ws/install/nav2_msgs/share/nav2_msgs/action/BackUp.action
[2.497s] -- Up-to-date symlink: /home/ik/aws_ws/install/nav2_msgs/share/nav2_msgs/action/ComputePathToPose.action
[2.497s] -- Up-to-date symlink: /home/ik/aws_ws/install/nav2_msgs/share/nav2_msgs/action/FollowPath.action
[2.497s] -- Up-to-date symlink: /home/ik/aws_ws/install/nav2_msgs/share/nav2_msgs/action/NavigateToPose.action
[2.497s] -- Up-to-date symlink: /home/ik/aws_ws/install/nav2_msgs/share/nav2_msgs/action/Wait.action
[2.498s] -- Up-to-date symlink: /home/ik/aws_ws/install/nav2_msgs/share/nav2_msgs/action/Spin.action
[2.498s] -- Up-to-date symlink: /home/ik/aws_ws/install/nav2_msgs/share/nav2_msgs/action/DummyRecovery.action
[2.498s] -- Up-to-date symlink: /home/ik/aws_ws/install/nav2_msgs/share/nav2_msgs/action/FollowWaypoints.action
[2.498s] -- Up-to-date symlink: /home/ik/aws_ws/install/nav2_msgs/share/ament_index/resource_index/package_run_dependencies/nav2_msgs
[2.498s] -- Up-to-date symlink: /home/ik/aws_ws/install/nav2_msgs/share/ament_index/resource_index/parent_prefix_path/nav2_msgs
[2.498s] -- Up-to-date symlink: /home/ik/aws_ws/install/nav2_msgs/share/nav2_msgs/environment/ament_prefix_path.sh
[2.499s] -- Up-to-date symlink: /home/ik/aws_ws/install/nav2_msgs/share/nav2_msgs/environment/ament_prefix_path.dsv
[2.499s] -- Up-to-date symlink: /home/ik/aws_ws/install/nav2_msgs/share/nav2_msgs/environment/path.sh
[2.499s] -- Up-to-date symlink: /home/ik/aws_ws/install/nav2_msgs/share/nav2_msgs/environment/path.dsv
[2.499s] -- Up-to-date symlink: /home/ik/aws_ws/install/nav2_msgs/share/nav2_msgs/local_setup.bash
[2.499s] -- Up-to-date symlink: /home/ik/aws_ws/install/nav2_msgs/share/nav2_msgs/local_setup.sh
[2.500s] -- Up-to-date symlink: /home/ik/aws_ws/install/nav2_msgs/share/nav2_msgs/local_setup.zsh
[2.500s] -- Up-to-date symlink: /home/ik/aws_ws/install/nav2_msgs/share/nav2_msgs/local_setup.dsv
[2.500s] -- Symlinking: /home/ik/aws_ws/install/nav2_msgs/share/nav2_msgs/package.dsv
[2.514s] -- Up-to-date symlink: /home/ik/aws_ws/install/nav2_msgs/share/ament_index/resource_index/packages/nav2_msgs
[2.514s] -- Up-to-date symlink: /home/ik/aws_ws/install/nav2_msgs/share/nav2_msgs/cmake/rosidl_cmake-extras.cmake
[2.514s] -- Up-to-date symlink: /home/ik/aws_ws/install/nav2_msgs/share/nav2_msgs/cmake/ament_cmake_export_dependencies-extras.cmake
[2.515s] -- Up-to-date symlink: /home/ik/aws_ws/install/nav2_msgs/share/nav2_msgs/cmake/ament_cmake_export_libraries-extras.cmake
[2.515s] -- Up-to-date symlink: /home/ik/aws_ws/install/nav2_msgs/share/nav2_msgs/cmake/ament_cmake_export_targets-extras.cmake
[2.515s] -- Up-to-date symlink: /home/ik/aws_ws/install/nav2_msgs/share/nav2_msgs/cmake/ament_cmake_export_include_directories-extras.cmake
[2.516s] -- Up-to-date symlink: /home/ik/aws_ws/install/nav2_msgs/share/nav2_msgs/cmake/rosidl_cmake_export_typesupport_libraries-extras.cmake
[2.516s] -- Up-to-date symlink: /home/ik/aws_ws/install/nav2_msgs/share/nav2_msgs/cmake/rosidl_cmake_export_typesupport_targets-extras.cmake
[2.517s] -- Up-to-date symlink: /home/ik/aws_ws/install/nav2_msgs/share/nav2_msgs/cmake/nav2_msgsConfig.cmake
[2.517s] -- Up-to-date symlink: /home/ik/aws_ws/install/nav2_msgs/share/nav2_msgs/cmake/nav2_msgsConfig-version.cmake
[2.517s] -- Up-to-date symlink: /home/ik/aws_ws/install/nav2_msgs/share/nav2_msgs/package.xml
[2.518s] -- Up-to-date: /home/ik/aws_ws/install/nav2_msgs/lib/libnav2_msgs__rosidl_generator_c.so
[2.518s] -- Up-to-date: /home/ik/aws_ws/install/nav2_msgs/lib/libnav2_msgs__rosidl_typesupport_introspection_c.so
[2.519s] -- Up-to-date: /home/ik/aws_ws/install/nav2_msgs/lib/libnav2_msgs__rosidl_typesupport_c.so
[2.520s] -- Up-to-date: /home/ik/aws_ws/install/nav2_msgs/lib/libnav2_msgs__rosidl_typesupport_introspection_cpp.so
[2.520s] -- Up-to-date: /home/ik/aws_ws/install/nav2_msgs/lib/libnav2_msgs__rosidl_typesupport_cpp.so
[2.552s] Compiling '/home/ik/aws_ws/install/nav2_msgs/lib/python3.8/site-packages/nav2_msgs/__init__.py'...
[2.557s] -- Up-to-date: /home/ik/aws_ws/install/nav2_msgs/share/nav2_msgs/cmake/nav2_msgs__rosidl_generator_cExport.cmake
[2.557s] -- Installing: /home/ik/aws_ws/install/nav2_msgs/share/nav2_msgs/cmake/nav2_msgs__rosidl_generator_cExport-release.cmake
[2.557s] -- Up-to-date: /home/ik/aws_ws/install/nav2_msgs/share/nav2_msgs/cmake/nav2_msgs__rosidl_typesupport_introspection_cExport.cmake
[2.558s] -- Installing: /home/ik/aws_ws/install/nav2_msgs/share/nav2_msgs/cmake/nav2_msgs__rosidl_typesupport_introspection_cExport-release.cmake
[2.558s] -- Up-to-date: /home/ik/aws_ws/install/nav2_msgs/share/nav2_msgs/cmake/nav2_msgs__rosidl_typesupport_cExport.cmake
[2.558s] -- Installing: /home/ik/aws_ws/install/nav2_msgs/share/nav2_msgs/cmake/nav2_msgs__rosidl_typesupport_cExport-release.cmake
[2.558s] -- Up-to-date: /home/ik/aws_ws/install/nav2_msgs/share/nav2_msgs/cmake/nav2_msgs__rosidl_generator_cppExport.cmake
[2.559s] -- Up-to-date: /home/ik/aws_ws/install/nav2_msgs/share/nav2_msgs/cmake/nav2_msgs__rosidl_typesupport_introspection_cppExport.cmake
[2.559s] -- Installing: /home/ik/aws_ws/install/nav2_msgs/share/nav2_msgs/cmake/nav2_msgs__rosidl_typesupport_introspection_cppExport-release.cmake
[2.559s] -- Up-to-date: /home/ik/aws_ws/install/nav2_msgs/share/nav2_msgs/cmake/nav2_msgs__rosidl_typesupport_cppExport.cmake
[2.559s] -- Installing: /home/ik/aws_ws/install/nav2_msgs/share/nav2_msgs/cmake/nav2_msgs__rosidl_typesupport_cppExport-release.cmake
[2.566s] Invoked command in '/home/ik/aws_ws/build/nav2_msgs' returned '0': AMENT_PREFIX_PATH=/home/ik/aws_ws/install/nav2_common:${AMENT_PREFIX_PATH} CMAKE_PREFIX_PATH=/home/ik/aws_ws/install/nav2_common:/opt/ros/foxy PYTHONPATH=/home/ik/aws_ws/install/nav2_common/lib/python3.8/site-packages:${PYTHONPATH} /usr/bin/cmake --install /home/ik/aws_ws/build/nav2_msgs
