[0.703s] Invoking command in '/home/ik/aws_ws/build/nav2_gazebo_spawner': PYTHONPATH=/home/ik/aws_ws/build/nav2_gazebo_spawner/prefix_override:/home/ik/aws_ws/install/nav2_gazebo_spawner/lib/python3.8/site-packages:${PYTHONPATH} /usr/bin/python3 setup.py develop --uninstall --editable --build-directory /home/ik/aws_ws/build/nav2_gazebo_spawner/build
[0.912s] running develop
[1.044s] Invoked command in '/home/ik/aws_ws/build/nav2_gazebo_spawner' returned '0': PYTHONPATH=/home/ik/aws_ws/build/nav2_gazebo_spawner/prefix_override:/home/ik/aws_ws/install/nav2_gazebo_spawner/lib/python3.8/site-packages:${PYTHONPATH} /usr/bin/python3 setup.py develop --uninstall --editable --build-directory /home/ik/aws_ws/build/nav2_gazebo_spawner/build
[1.049s] Invoking command in '/home/ik/aws_ws/src/navigation2/nav2_bringup/nav2_gazebo_spawner': PYTHONPATH=/home/ik/aws_ws/build/nav2_gazebo_spawner/prefix_override:/home/ik/aws_ws/install/nav2_gazebo_spawner/lib/python3.8/site-packages:${PYTHONPATH} /usr/bin/python3 setup.py egg_info --egg-base ../../../../build/nav2_gazebo_spawner build --build-base /home/ik/aws_ws/build/nav2_gazebo_spawner/build install --record /home/ik/aws_ws/build/nav2_gazebo_spawner/install.log --install-scripts $base/lib/nav2_gazebo_spawner --single-version-externally-managed
[1.226s] running egg_info
[1.227s] writing ../../../../build/nav2_gazebo_spawner/nav2_gazebo_spawner.egg-info/PKG-INFO
[1.227s] writing dependency_links to ../../../../build/nav2_gazebo_spawner/nav2_gazebo_spawner.egg-info/dependency_links.txt
[1.227s] writing entry points to ../../../../build/nav2_gazebo_spawner/nav2_gazebo_spawner.egg-info/entry_points.txt
[1.227s] writing requirements to ../../../../build/nav2_gazebo_spawner/nav2_gazebo_spawner.egg-info/requires.txt
[1.228s] writing top-level names to ../../../../build/nav2_gazebo_spawner/nav2_gazebo_spawner.egg-info/top_level.txt
[1.256s] reading manifest file '../../../../build/nav2_gazebo_spawner/nav2_gazebo_spawner.egg-info/SOURCES.txt'
[1.256s] writing manifest file '../../../../build/nav2_gazebo_spawner/nav2_gazebo_spawner.egg-info/SOURCES.txt'
[1.256s] running build
[1.257s] running build_py
[1.257s] running install
[1.257s] running install_lib
[1.259s] running install_data
[1.259s] running install_egg_info
[1.260s] removing '/home/ik/aws_ws/install/nav2_gazebo_spawner/lib/python3.8/site-packages/nav2_gazebo_spawner-0.3.0-py3.8.egg-info' (and everything under it)
[1.260s] Copying ../../../../build/nav2_gazebo_spawner/nav2_gazebo_spawner.egg-info to /home/ik/aws_ws/install/nav2_gazebo_spawner/lib/python3.8/site-packages/nav2_gazebo_spawner-0.3.0-py3.8.egg-info
[1.261s] running install_scripts
[1.276s] Installing nav2_gazebo_spawner script to /home/ik/aws_ws/install/nav2_gazebo_spawner/lib/nav2_gazebo_spawner
[1.276s] writing list of installed files to '/home/ik/aws_ws/build/nav2_gazebo_spawner/install.log'
[1.307s] Invoked command in '/home/ik/aws_ws/src/navigation2/nav2_bringup/nav2_gazebo_spawner' returned '0': PYTHONPATH=/home/ik/aws_ws/build/nav2_gazebo_spawner/prefix_override:/home/ik/aws_ws/install/nav2_gazebo_spawner/lib/python3.8/site-packages:${PYTHONPATH} /usr/bin/python3 setup.py egg_info --egg-base ../../../../build/nav2_gazebo_spawner build --build-base /home/ik/aws_ws/build/nav2_gazebo_spawner/build install --record /home/ik/aws_ws/build/nav2_gazebo_spawner/install.log --install-scripts $base/lib/nav2_gazebo_spawner --single-version-externally-managed
