[0.036s] Invoking command in '/home/ik/aws_ws/build/turtlebot3_fake_node': CMAKE_PREFIX_PATH=${CMAKE_PREFIX_PATH}:/opt/ros/foxy /usr/bin/cmake /home/ik/aws_ws/src/turtlebot3_simulations/turtlebot3_fake_node -DCMAKE_INSTALL_PREFIX=/home/ik/aws_ws/install/turtlebot3_fake_node
[0.114s] -- The C compiler identification is GNU 9.4.0
[0.178s] -- The CXX compiler identification is GNU 9.4.0
[0.184s] -- Check for working C compiler: /usr/bin/cc
[0.267s] -- Check for working C compiler: /usr/bin/cc -- works
[0.268s] -- Detecting C compiler ABI info
[0.360s] -- Detecting C compiler ABI info - done
[0.378s] -- Detecting C compile features
[0.378s] -- Detecting C compile features - done
[0.380s] -- Check for working CXX compiler: /usr/bin/c++
[0.475s] -- Check for working CXX compiler: /usr/bin/c++ -- works
[0.477s] -- Detecting CXX compiler ABI info
[0.571s] -- Detecting CXX compiler ABI info - done
[0.591s] -- Detecting CXX compile features
[0.592s] -- Detecting CXX compile features - done
[0.593s] -- Found ament_cmake: 0.9.11 (/opt/ros/foxy/share/ament_cmake/cmake)
[0.624s] -- Found PythonInterp: /usr/bin/python3 (found suitable version "3.8.10", minimum required is "3") 
[0.624s] -- Using PYTHON_EXECUTABLE: /usr/bin/python3
[0.796s] -- Found geometry_msgs: 2.0.5 (/opt/ros/foxy/share/geometry_msgs/cmake)
[0.826s] -- Using all available rosidl_typesupport_c: rosidl_typesupport_fastrtps_c;rosidl_typesupport_introspection_c
[0.831s] -- Found rosidl_adapter: 1.3.0 (/opt/ros/foxy/share/rosidl_adapter/cmake)
[0.946s] -- Found OpenSSL: /usr/lib/x86_64-linux-gnu/libcrypto.so (found version "1.1.1f")  
[0.971s] -- Found FastRTPS: /opt/ros/foxy/include  
[1.036s] -- Using all available rosidl_typesupport_cpp: rosidl_typesupport_fastrtps_cpp;rosidl_typesupport_introspection_cpp
[1.121s] -- Found nav_msgs: 2.0.5 (/opt/ros/foxy/share/nav_msgs/cmake)
[1.193s] -- Found rclcpp: 2.4.2 (/opt/ros/foxy/share/rclcpp/cmake)
[1.229s] -- Found rmw_implementation_cmake: 1.0.4 (/opt/ros/foxy/share/rmw_implementation_cmake/cmake)
[1.229s] -- Using RMW implementation 'rmw_fastrtps_cpp' as default
[1.230s] -- Looking for pthread.h
[1.320s] -- Looking for pthread.h - found
[1.320s] -- Performing Test CMAKE_HAVE_LIBC_PTHREAD
[1.407s] -- Performing Test CMAKE_HAVE_LIBC_PTHREAD - Failed
[1.407s] -- Looking for pthread_create in pthreads
[1.489s] -- Looking for pthread_create in pthreads - not found
[1.490s] -- Looking for pthread_create in pthread
[1.580s] -- Looking for pthread_create in pthread - found
[1.582s] -- Found Threads: TRUE  
[1.712s] -- Found sensor_msgs: 2.0.5 (/opt/ros/foxy/share/sensor_msgs/cmake)
[1.787s] -- Found tf2: 0.13.14 (/opt/ros/foxy/share/tf2/cmake)
[1.798s] -- Found tf2_msgs: 0.13.14 (/opt/ros/foxy/share/tf2_msgs/cmake)
[1.977s] -- Found turtlebot3_msgs: 2.2.1 (/opt/ros/foxy/share/turtlebot3_msgs/cmake)
[2.122s] -- Configuring done
[2.134s] -- Generating done
[2.135s] -- Build files have been written to: /home/ik/aws_ws/build/turtlebot3_fake_node
[2.143s] Invoked command in '/home/ik/aws_ws/build/turtlebot3_fake_node' returned '0': CMAKE_PREFIX_PATH=${CMAKE_PREFIX_PATH}:/opt/ros/foxy /usr/bin/cmake /home/ik/aws_ws/src/turtlebot3_simulations/turtlebot3_fake_node -DCMAKE_INSTALL_PREFIX=/home/ik/aws_ws/install/turtlebot3_fake_node
[2.148s] Invoking command in '/home/ik/aws_ws/build/turtlebot3_fake_node': CMAKE_PREFIX_PATH=${CMAKE_PREFIX_PATH}:/opt/ros/foxy /usr/bin/cmake --build /home/ik/aws_ws/build/turtlebot3_fake_node -- -j8 -l8
[2.209s] [35m[1mScanning dependencies of target turtlebot3_fake_node[0m
[2.320s] [ 50%] [32mBuilding CXX object CMakeFiles/turtlebot3_fake_node.dir/src/turtlebot3_fake_node.cpp.o[0m
[8.631s] [100%] [32m[1mLinking CXX executable turtlebot3_fake_node[0m
[9.097s] [100%] Built target turtlebot3_fake_node
[9.114s] Invoked command in '/home/ik/aws_ws/build/turtlebot3_fake_node' returned '0': CMAKE_PREFIX_PATH=${CMAKE_PREFIX_PATH}:/opt/ros/foxy /usr/bin/cmake --build /home/ik/aws_ws/build/turtlebot3_fake_node -- -j8 -l8
[9.148s] Invoking command in '/home/ik/aws_ws/build/turtlebot3_fake_node': CMAKE_PREFIX_PATH=${CMAKE_PREFIX_PATH}:/opt/ros/foxy /usr/bin/cmake --install /home/ik/aws_ws/build/turtlebot3_fake_node
[9.161s] -- Install configuration: ""
[9.161s] -- Installing: /home/ik/aws_ws/install/turtlebot3_fake_node/lib/turtlebot3_fake_node/turtlebot3_fake_node
[9.163s] -- Set runtime path of "/home/ik/aws_ws/install/turtlebot3_fake_node/lib/turtlebot3_fake_node/turtlebot3_fake_node" to ""
[9.163s] -- Installing: /home/ik/aws_ws/install/turtlebot3_fake_node/share/turtlebot3_fake_node/launch
[9.163s] -- Installing: /home/ik/aws_ws/install/turtlebot3_fake_node/share/turtlebot3_fake_node/launch/rviz2.launch.py
[9.163s] -- Installing: /home/ik/aws_ws/install/turtlebot3_fake_node/share/turtlebot3_fake_node/launch/turtlebot3_fake_node.launch.py
[9.163s] -- Installing: /home/ik/aws_ws/install/turtlebot3_fake_node/share/turtlebot3_fake_node/param
[9.164s] -- Installing: /home/ik/aws_ws/install/turtlebot3_fake_node/share/turtlebot3_fake_node/param/waffle.yaml
[9.164s] -- Installing: /home/ik/aws_ws/install/turtlebot3_fake_node/share/turtlebot3_fake_node/param/burger.yaml
[9.164s] -- Installing: /home/ik/aws_ws/install/turtlebot3_fake_node/share/turtlebot3_fake_node/param/waffle_pi.yaml
[9.164s] -- Installing: /home/ik/aws_ws/install/turtlebot3_fake_node/share/turtlebot3_fake_node/rviz
[9.164s] -- Installing: /home/ik/aws_ws/install/turtlebot3_fake_node/share/turtlebot3_fake_node/rviz/model.rviz
[9.164s] -- Installing: /home/ik/aws_ws/install/turtlebot3_fake_node/include/
[9.165s] -- Installing: /home/ik/aws_ws/install/turtlebot3_fake_node/include//turtlebot3_fake_node
[9.165s] -- Installing: /home/ik/aws_ws/install/turtlebot3_fake_node/include//turtlebot3_fake_node/turtlebot3_fake_node.hpp
[9.165s] -- Installing: /home/ik/aws_ws/install/turtlebot3_fake_node/share/ament_index/resource_index/package_run_dependencies/turtlebot3_fake_node
[9.165s] -- Installing: /home/ik/aws_ws/install/turtlebot3_fake_node/share/ament_index/resource_index/parent_prefix_path/turtlebot3_fake_node
[9.165s] -- Installing: /home/ik/aws_ws/install/turtlebot3_fake_node/share/turtlebot3_fake_node/environment/ament_prefix_path.sh
[9.165s] -- Installing: /home/ik/aws_ws/install/turtlebot3_fake_node/share/turtlebot3_fake_node/environment/ament_prefix_path.dsv
[9.165s] -- Installing: /home/ik/aws_ws/install/turtlebot3_fake_node/share/turtlebot3_fake_node/environment/path.sh
[9.165s] -- Installing: /home/ik/aws_ws/install/turtlebot3_fake_node/share/turtlebot3_fake_node/environment/path.dsv
[9.166s] -- Installing: /home/ik/aws_ws/install/turtlebot3_fake_node/share/turtlebot3_fake_node/local_setup.bash
[9.166s] -- Installing: /home/ik/aws_ws/install/turtlebot3_fake_node/share/turtlebot3_fake_node/local_setup.sh
[9.166s] -- Installing: /home/ik/aws_ws/install/turtlebot3_fake_node/share/turtlebot3_fake_node/local_setup.zsh
[9.166s] -- Installing: /home/ik/aws_ws/install/turtlebot3_fake_node/share/turtlebot3_fake_node/local_setup.dsv
[9.166s] -- Installing: /home/ik/aws_ws/install/turtlebot3_fake_node/share/turtlebot3_fake_node/package.dsv
[9.166s] -- Installing: /home/ik/aws_ws/install/turtlebot3_fake_node/share/ament_index/resource_index/packages/turtlebot3_fake_node
[9.166s] -- Installing: /home/ik/aws_ws/install/turtlebot3_fake_node/share/turtlebot3_fake_node/cmake/ament_cmake_export_include_directories-extras.cmake
[9.166s] -- Installing: /home/ik/aws_ws/install/turtlebot3_fake_node/share/turtlebot3_fake_node/cmake/ament_cmake_export_dependencies-extras.cmake
[9.166s] -- Installing: /home/ik/aws_ws/install/turtlebot3_fake_node/share/turtlebot3_fake_node/cmake/turtlebot3_fake_nodeConfig.cmake
[9.167s] -- Installing: /home/ik/aws_ws/install/turtlebot3_fake_node/share/turtlebot3_fake_node/cmake/turtlebot3_fake_nodeConfig-version.cmake
[9.167s] -- Installing: /home/ik/aws_ws/install/turtlebot3_fake_node/share/turtlebot3_fake_node/package.xml
[9.172s] Invoked command in '/home/ik/aws_ws/build/turtlebot3_fake_node' returned '0': CMAKE_PREFIX_PATH=${CMAKE_PREFIX_PATH}:/opt/ros/foxy /usr/bin/cmake --install /home/ik/aws_ws/build/turtlebot3_fake_node
