[0.057s] Invoking command in '/home/ik/aws_ws/build/turtlebot3_fake_node': CMAKE_PREFIX_PATH=${CMAKE_PREFIX_PATH}:/home/ik/aws_ws/install/nav2_gazebo_spawner:/opt/ros/foxy /usr/bin/cmake /home/ik/aws_ws/src/turtlebot3_simulations/turtlebot3_fake_node -DAMENT_CMAKE_SYMLINK_INSTALL=1 -DCMAKE_INSTALL_PREFIX=/home/ik/aws_ws/install/turtlebot3_fake_node
[0.131s] -- The C compiler identification is GNU 9.4.0
[0.194s] -- The CXX compiler identification is GNU 9.4.0
[0.207s] -- Check for working C compiler: /usr/bin/cc
[0.283s] -- Check for working C compiler: /usr/bin/cc -- works
[0.285s] -- Detecting C compiler ABI info
[0.393s] -- Detecting C compiler ABI info - done
[0.398s] -- Detecting C compile features
[0.399s] -- Detecting C compile features - done
[0.402s] -- Check for working CXX compiler: /usr/bin/c++
[0.495s] -- Check for working CXX compiler: /usr/bin/c++ -- works
[0.495s] -- Detecting CXX compiler ABI info
[0.590s] -- Detecting CXX compiler ABI info - done
[0.602s] -- Detecting CXX compile features
[0.603s] -- Detecting CXX compile features - done
[0.604s] -- Found ament_cmake: 0.9.11 (/opt/ros/foxy/share/ament_cmake/cmake)
[0.628s] -- Found PythonInterp: /usr/bin/python3 (found suitable version "3.8.10", minimum required is "3") 
[0.628s] -- Using PYTHON_EXECUTABLE: /usr/bin/python3
[0.797s] -- Override CMake install command with custom implementation using symlinks instead of copying resources
[0.835s] -- Found geometry_msgs: 2.0.5 (/opt/ros/foxy/share/geometry_msgs/cmake)
[0.869s] -- Using all available rosidl_typesupport_c: rosidl_typesupport_fastrtps_c;rosidl_typesupport_introspection_c
[0.876s] -- Found rosidl_adapter: 1.3.0 (/opt/ros/foxy/share/rosidl_adapter/cmake)
[1.003s] -- Found OpenSSL: /usr/lib/x86_64-linux-gnu/libcrypto.so (found version "1.1.1f")  
[1.041s] -- Found FastRTPS: /opt/ros/foxy/include  
[1.129s] -- Using all available rosidl_typesupport_cpp: rosidl_typesupport_fastrtps_cpp;rosidl_typesupport_introspection_cpp
[1.218s] -- Found nav_msgs: 2.0.5 (/opt/ros/foxy/share/nav_msgs/cmake)
[1.289s] -- Found rclcpp: 2.4.2 (/opt/ros/foxy/share/rclcpp/cmake)
[1.334s] -- Found rmw_implementation_cmake: 1.0.4 (/opt/ros/foxy/share/rmw_implementation_cmake/cmake)
[1.337s] -- Using RMW implementation 'rmw_fastrtps_cpp' as default
[1.337s] -- Looking for pthread.h
[1.427s] -- Looking for pthread.h - found
[1.427s] -- Performing Test CMAKE_HAVE_LIBC_PTHREAD
[1.507s] -- Performing Test CMAKE_HAVE_LIBC_PTHREAD - Failed
[1.507s] -- Looking for pthread_create in pthreads
[1.581s] -- Looking for pthread_create in pthreads - not found
[1.581s] -- Looking for pthread_create in pthread
[1.688s] -- Looking for pthread_create in pthread - found
[1.690s] -- Found Threads: TRUE  
[1.829s] -- Found sensor_msgs: 2.0.5 (/opt/ros/foxy/share/sensor_msgs/cmake)
[1.898s] -- Found tf2: 0.13.14 (/opt/ros/foxy/share/tf2/cmake)
[1.910s] -- Found tf2_msgs: 0.13.14 (/opt/ros/foxy/share/tf2_msgs/cmake)
[2.092s] -- Found turtlebot3_msgs: 2.2.1 (/opt/ros/foxy/share/turtlebot3_msgs/cmake)
[2.257s] -- Configuring done
[2.271s] -- Generating done
[2.273s] -- Build files have been written to: /home/ik/aws_ws/build/turtlebot3_fake_node
[2.290s] Invoked command in '/home/ik/aws_ws/build/turtlebot3_fake_node' returned '0': CMAKE_PREFIX_PATH=${CMAKE_PREFIX_PATH}:/home/ik/aws_ws/install/nav2_gazebo_spawner:/opt/ros/foxy /usr/bin/cmake /home/ik/aws_ws/src/turtlebot3_simulations/turtlebot3_fake_node -DAMENT_CMAKE_SYMLINK_INSTALL=1 -DCMAKE_INSTALL_PREFIX=/home/ik/aws_ws/install/turtlebot3_fake_node
[2.291s] Invoking command in '/home/ik/aws_ws/build/turtlebot3_fake_node': CMAKE_PREFIX_PATH=${CMAKE_PREFIX_PATH}:/home/ik/aws_ws/install/nav2_gazebo_spawner:/opt/ros/foxy /usr/bin/cmake --build /home/ik/aws_ws/build/turtlebot3_fake_node
[2.345s] [35m[1mScanning dependencies of target turtlebot3_fake_node[0m
[2.406s] [ 50%] [32mBuilding CXX object CMakeFiles/turtlebot3_fake_node.dir/src/turtlebot3_fake_node.cpp.o[0m
[12.770s] [100%] [32m[1mLinking CXX executable turtlebot3_fake_node[0m
[13.676s] [100%] Built target turtlebot3_fake_node
[13.754s] Invoked command in '/home/ik/aws_ws/build/turtlebot3_fake_node' returned '0': CMAKE_PREFIX_PATH=${CMAKE_PREFIX_PATH}:/home/ik/aws_ws/install/nav2_gazebo_spawner:/opt/ros/foxy /usr/bin/cmake --build /home/ik/aws_ws/build/turtlebot3_fake_node
[13.970s] Invoking command in '/home/ik/aws_ws/build/turtlebot3_fake_node': CMAKE_PREFIX_PATH=${CMAKE_PREFIX_PATH}:/home/ik/aws_ws/install/nav2_gazebo_spawner:/opt/ros/foxy /usr/bin/cmake --install /home/ik/aws_ws/build/turtlebot3_fake_node
[13.996s] -- Install configuration: ""
[13.997s] -- Execute custom install script
[14.009s] -- Symlinking: /home/ik/aws_ws/install/turtlebot3_fake_node/lib/turtlebot3_fake_node/turtlebot3_fake_node
[14.025s] -- Symlinking: /home/ik/aws_ws/install/turtlebot3_fake_node/share/turtlebot3_fake_node/launch/rviz2.launch.py
[14.050s] -- Symlinking: /home/ik/aws_ws/install/turtlebot3_fake_node/share/turtlebot3_fake_node/launch/turtlebot3_fake_node.launch.py
[14.081s] -- Symlinking: /home/ik/aws_ws/install/turtlebot3_fake_node/share/turtlebot3_fake_node/param/burger.yaml
[14.114s] -- Symlinking: /home/ik/aws_ws/install/turtlebot3_fake_node/share/turtlebot3_fake_node/param/waffle.yaml
[14.139s] -- Symlinking: /home/ik/aws_ws/install/turtlebot3_fake_node/share/turtlebot3_fake_node/param/waffle_pi.yaml
[14.167s] -- Symlinking: /home/ik/aws_ws/install/turtlebot3_fake_node/share/turtlebot3_fake_node/rviz/model.rviz
[14.211s] -- Symlinking: /home/ik/aws_ws/install/turtlebot3_fake_node/include//turtlebot3_fake_node/turtlebot3_fake_node.hpp
[14.248s] -- Symlinking: /home/ik/aws_ws/install/turtlebot3_fake_node/share/ament_index/resource_index/package_run_dependencies/turtlebot3_fake_node
[14.280s] -- Symlinking: /home/ik/aws_ws/install/turtlebot3_fake_node/share/ament_index/resource_index/parent_prefix_path/turtlebot3_fake_node
[14.315s] -- Symlinking: /home/ik/aws_ws/install/turtlebot3_fake_node/share/turtlebot3_fake_node/environment/ament_prefix_path.sh
[14.353s] -- Symlinking: /home/ik/aws_ws/install/turtlebot3_fake_node/share/turtlebot3_fake_node/environment/ament_prefix_path.dsv
[14.387s] -- Symlinking: /home/ik/aws_ws/install/turtlebot3_fake_node/share/turtlebot3_fake_node/environment/path.sh
[14.415s] -- Symlinking: /home/ik/aws_ws/install/turtlebot3_fake_node/share/turtlebot3_fake_node/environment/path.dsv
[14.438s] -- Symlinking: /home/ik/aws_ws/install/turtlebot3_fake_node/share/turtlebot3_fake_node/local_setup.bash
[14.477s] -- Symlinking: /home/ik/aws_ws/install/turtlebot3_fake_node/share/turtlebot3_fake_node/local_setup.sh
[14.510s] -- Symlinking: /home/ik/aws_ws/install/turtlebot3_fake_node/share/turtlebot3_fake_node/local_setup.zsh
[14.548s] -- Symlinking: /home/ik/aws_ws/install/turtlebot3_fake_node/share/turtlebot3_fake_node/local_setup.dsv
[14.584s] -- Symlinking: /home/ik/aws_ws/install/turtlebot3_fake_node/share/turtlebot3_fake_node/package.dsv
[14.621s] -- Symlinking: /home/ik/aws_ws/install/turtlebot3_fake_node/share/ament_index/resource_index/packages/turtlebot3_fake_node
[14.644s] -- Symlinking: /home/ik/aws_ws/install/turtlebot3_fake_node/share/turtlebot3_fake_node/cmake/ament_cmake_export_include_directories-extras.cmake
[14.664s] -- Symlinking: /home/ik/aws_ws/install/turtlebot3_fake_node/share/turtlebot3_fake_node/cmake/ament_cmake_export_dependencies-extras.cmake
[14.697s] -- Symlinking: /home/ik/aws_ws/install/turtlebot3_fake_node/share/turtlebot3_fake_node/cmake/turtlebot3_fake_nodeConfig.cmake
[14.725s] -- Symlinking: /home/ik/aws_ws/install/turtlebot3_fake_node/share/turtlebot3_fake_node/cmake/turtlebot3_fake_nodeConfig-version.cmake
[14.769s] -- Symlinking: /home/ik/aws_ws/install/turtlebot3_fake_node/share/turtlebot3_fake_node/package.xml
[14.801s] Invoked command in '/home/ik/aws_ws/build/turtlebot3_fake_node' returned '0': CMAKE_PREFIX_PATH=${CMAKE_PREFIX_PATH}:/home/ik/aws_ws/install/nav2_gazebo_spawner:/opt/ros/foxy /usr/bin/cmake --install /home/ik/aws_ws/build/turtlebot3_fake_node
