[0.079s] Invoking command in '/home/ik/aws_ws/build/smac_planner': CMAKE_PREFIX_PATH=/home/ik/aws_ws/install/nav2_core:/home/ik/aws_ws/install/nav2_costmap_2d:/home/ik/aws_ws/install/nav2_util:/home/ik/aws_ws/install/nav2_voxel_grid:/home/ik/aws_ws/install/nav2_msgs:/home/ik/aws_ws/install/nav2_common:/home/ik/aws_ws/install/nav2_system_tests:/home/ik/aws_ws/install/nav2_bringup:/home/ik/aws_ws/install/navigation2:/home/ik/aws_ws/install/smac_planner:/home/ik/aws_ws/install/nav2_dwb_controller:/home/ik/aws_ws/install/nav2_controller:/home/ik/aws_ws/install/dwb_plugins:/home/ik/aws_ws/install/dwb_critics:/home/ik/aws_ws/install/dwb_core:/home/ik/aws_ws/install/nav_2d_utils:/home/ik/aws_ws/install/dwb_msgs:/home/ik/aws_ws/install/nav_2d_msgs:/home/ik/aws_ws/install/nav2_waypoint_follower:/home/ik/aws_ws/install/nav2_regulated_pure_pursuit_controller:/home/ik/aws_ws/install/nav2_recoveries:/home/ik/aws_ws/install/nav2_planner:/home/ik/aws_ws/install/nav2_navfn_planner:/home/ik/aws_ws/install/costmap_queue:/home/ik/aws_ws/install/nav2_rviz_plugins:/home/ik/aws_ws/install/nav2_map_server:/home/ik/aws_ws/install/nav2_lifecycle_manager:/home/ik/aws_ws/install/nav2_bt_navigator:/home/ik/aws_ws/install/nav2_behavior_tree:/home/ik/aws_ws/install/nav2_amcl:/home/ik/aws_ws/install/turtlebot3_simulations:/home/ik/aws_ws/install/turtlebot3_gazebo:/home/ik/aws_ws/install/turtlebot3_fake_node:/home/ik/aws_ws/install/slam_toolbox:/home/ik/aws_ws/install/aws_robomaker_small_warehouse_world:/home/ik/aws_ws/install/nav2_gazebo_spawner:/opt/ros/foxy LD_LIBRARY_PATH=/home/ik/aws_ws/install/nav2_costmap_2d/lib:/home/ik/aws_ws/install/nav2_util/lib:/home/ik/aws_ws/install/nav2_voxel_grid/lib:/home/ik/aws_ws/install/nav2_msgs/lib:/home/ik/aws_ws/install/smac_planner/lib:/home/ik/aws_ws/install/nav2_controller/lib:/home/ik/aws_ws/install/dwb_plugins/lib:/home/ik/aws_ws/install/dwb_critics/lib:/home/ik/aws_ws/install/dwb_core/lib:/home/ik/aws_ws/install/nav_2d_utils/lib:/home/ik/aws_ws/install/dwb_msgs/lib:/home/ik/aws_ws/install/nav_2d_msgs/lib:/home/ik/aws_ws/install/nav2_waypoint_follower/lib:/home/ik/aws_ws/install/nav2_regulated_pure_pursuit_controller/lib:/home/ik/aws_ws/install/nav2_recoveries/lib:/home/ik/aws_ws/install/nav2_planner/lib:/home/ik/aws_ws/install/nav2_navfn_planner/lib:/home/ik/aws_ws/install/costmap_queue/lib:/home/ik/aws_ws/install/nav2_rviz_plugins/lib:/home/ik/aws_ws/install/nav2_map_server/lib:/home/ik/aws_ws/install/nav2_lifecycle_manager/lib:/home/ik/aws_ws/install/nav2_bt_navigator/lib:/home/ik/aws_ws/install/nav2_behavior_tree/lib:/home/ik/aws_ws/install/nav2_amcl/lib:/home/ik/aws_ws/install/slam_toolbox/lib:/usr/lib/x86_64-linux-gnu/gazebo-11/plugins:/opt/ros/foxy/opt/yaml_cpp_vendor/lib:/opt/ros/foxy/opt/rviz_ogre_vendor/lib:/opt/ros/foxy/lib/x86_64-linux-gnu:/opt/ros/foxy/lib:/usr/share/gazebo/../../lib/x86_64-linux-gnu/gazebo-11/plugins:/usr/share/gazebo/../../lib/x86_64-linux-gnu/gazebo-11/plugins:/usr/share/gazebo/../../lib/x86_64-linux-gnu/gazebo-11/plugins PYTHONPATH=/home/ik/aws_ws/install/nav2_msgs/lib/python3.8/site-packages:/home/ik/aws_ws/install/nav2_common/lib/python3.8/site-packages:/home/ik/aws_ws/install/dwb_msgs/lib/python3.8/site-packages:/home/ik/aws_ws/install/nav_2d_msgs/lib/python3.8/site-packages:/home/ik/aws_ws/build/nav2_gazebo_spawner:/home/ik/aws_ws/install/nav2_gazebo_spawner/lib/python3.8/site-packages:/home/ik/aws_ws/install/slam_toolbox/lib/python3.8/site-packages:/opt/ros/foxy/lib/python3.8/site-packages /usr/bin/cmake /home/ik/aws_ws/src/navigation2/smac_planner -DCMAKE_INSTALL_PREFIX=/home/ik/aws_ws/install/smac_planner
[7.023s] -- Found ament_cmake: 0.9.11 (/opt/ros/foxy/share/ament_cmake/cmake)
[7.023s] -- Using PYTHON_EXECUTABLE: /usr/bin/python3
[7.023s] -- Override CMake install command with custom implementation using symlinks instead of copying resources
[7.023s] -- Found nav2_common: 0.4.7 (/home/ik/aws_ws/install/nav2_common/share/nav2_common/cmake)
[7.023s] -- Found rclcpp: 2.4.2 (/opt/ros/foxy/share/rclcpp/cmake)
[7.023s] -- Using all available rosidl_typesupport_c: rosidl_typesupport_fastrtps_c;rosidl_typesupport_introspection_c
[7.023s] -- Found rosidl_adapter: 1.3.0 (/opt/ros/foxy/share/rosidl_adapter/cmake)
[7.023s] -- Using all available rosidl_typesupport_cpp: rosidl_typesupport_fastrtps_cpp;rosidl_typesupport_introspection_cpp
[7.024s] -- Found rmw_implementation_cmake: 1.0.4 (/opt/ros/foxy/share/rmw_implementation_cmake/cmake)
[7.024s] -- Using RMW implementation 'rmw_fastrtps_cpp' as default
[7.024s] -- Found rclcpp_action: 2.4.2 (/opt/ros/foxy/share/rclcpp_action/cmake)
[7.024s] -- Found rclcpp_lifecycle: 2.4.2 (/opt/ros/foxy/share/rclcpp_lifecycle/cmake)
[7.024s] -- Found visualization_msgs: 2.0.5 (/opt/ros/foxy/share/visualization_msgs/cmake)
[7.024s] -- Found nav2_util: 0.4.7 (/home/ik/aws_ws/install/nav2_util/share/nav2_util/cmake)
[7.024s] -- Found eigen3_cmake_module: 0.1.1 (/opt/ros/foxy/share/eigen3_cmake_module/cmake)
[7.024s] -- Found nav2_core: 0.4.7 (/home/ik/aws_ws/install/nav2_core/share/nav2_core/cmake)
[7.024s] -- Found installed version of Eigen: /usr/lib/cmake/eigen3
[7.024s] -- Found required Ceres dependency: Eigen version 3.3.7 in /usr/include/eigen3
[7.024s] -- Found required Ceres dependency: glog
[7.024s] -- Found installed version of gflags: /usr/lib/x86_64-linux-gnu/cmake/gflags
[7.024s] -- Detected gflags version: 2.2.2
[7.025s] -- Found required Ceres dependency: gflags
[7.025s] -- Found Ceres version: 1.14.0 installed in: /usr with components: [EigenSparse, SparseLinearAlgebraLibrary, LAPACK, SuiteSparse, CXSparse, SchurSpecializations, OpenMP, Multithreading]
[10.150s] -- Found ament_lint_auto: 0.9.8 (/opt/ros/foxy/share/ament_lint_auto/cmake)
[10.283s] -- Found ament_cmake_gtest: 0.9.11 (/opt/ros/foxy/share/ament_cmake_gtest/cmake)
[10.287s] -- Found gtest sources under '/opt/ros/foxy/src/gtest_vendor': C++ tests using 'Google Test' will be built
[37.196s] -- Added test 'copyright' to check source files copyright and LICENSE
[37.198s] -- Added test 'cppcheck' to perform static code analysis on C / C++ code
[37.199s] -- Configured cppcheck include dirs: /home/ik/aws_ws/src/navigation2/smac_planner/include
[37.199s] -- Configured cppcheck exclude dirs and/or files: 
[37.202s] -- Added test 'cpplint' to check C / C++ code against the Google style
[37.202s] -- Configured cpplint exclude dirs and/or files: 
[37.204s] -- Added test 'lint_cmake' to check CMake code style
[37.206s] -- Added test 'uncrustify' to check C / C++ code style
[37.206s] -- Configured uncrustify additional arguments: 
[37.207s] -- Added test 'xmllint' to check XML markup files
[37.222s] -- Configuring done
[38.017s] -- Generating done
[38.034s] -- Build files have been written to: /home/ik/aws_ws/build/smac_planner
[38.059s] Invoked command in '/home/ik/aws_ws/build/smac_planner' returned '0': CMAKE_PREFIX_PATH=/home/ik/aws_ws/install/nav2_core:/home/ik/aws_ws/install/nav2_costmap_2d:/home/ik/aws_ws/install/nav2_util:/home/ik/aws_ws/install/nav2_voxel_grid:/home/ik/aws_ws/install/nav2_msgs:/home/ik/aws_ws/install/nav2_common:/home/ik/aws_ws/install/nav2_system_tests:/home/ik/aws_ws/install/nav2_bringup:/home/ik/aws_ws/install/navigation2:/home/ik/aws_ws/install/smac_planner:/home/ik/aws_ws/install/nav2_dwb_controller:/home/ik/aws_ws/install/nav2_controller:/home/ik/aws_ws/install/dwb_plugins:/home/ik/aws_ws/install/dwb_critics:/home/ik/aws_ws/install/dwb_core:/home/ik/aws_ws/install/nav_2d_utils:/home/ik/aws_ws/install/dwb_msgs:/home/ik/aws_ws/install/nav_2d_msgs:/home/ik/aws_ws/install/nav2_waypoint_follower:/home/ik/aws_ws/install/nav2_regulated_pure_pursuit_controller:/home/ik/aws_ws/install/nav2_recoveries:/home/ik/aws_ws/install/nav2_planner:/home/ik/aws_ws/install/nav2_navfn_planner:/home/ik/aws_ws/install/costmap_queue:/home/ik/aws_ws/install/nav2_rviz_plugins:/home/ik/aws_ws/install/nav2_map_server:/home/ik/aws_ws/install/nav2_lifecycle_manager:/home/ik/aws_ws/install/nav2_bt_navigator:/home/ik/aws_ws/install/nav2_behavior_tree:/home/ik/aws_ws/install/nav2_amcl:/home/ik/aws_ws/install/turtlebot3_simulations:/home/ik/aws_ws/install/turtlebot3_gazebo:/home/ik/aws_ws/install/turtlebot3_fake_node:/home/ik/aws_ws/install/slam_toolbox:/home/ik/aws_ws/install/aws_robomaker_small_warehouse_world:/home/ik/aws_ws/install/nav2_gazebo_spawner:/opt/ros/foxy LD_LIBRARY_PATH=/home/ik/aws_ws/install/nav2_costmap_2d/lib:/home/ik/aws_ws/install/nav2_util/lib:/home/ik/aws_ws/install/nav2_voxel_grid/lib:/home/ik/aws_ws/install/nav2_msgs/lib:/home/ik/aws_ws/install/smac_planner/lib:/home/ik/aws_ws/install/nav2_controller/lib:/home/ik/aws_ws/install/dwb_plugins/lib:/home/ik/aws_ws/install/dwb_critics/lib:/home/ik/aws_ws/install/dwb_core/lib:/home/ik/aws_ws/install/nav_2d_utils/lib:/home/ik/aws_ws/install/dwb_msgs/lib:/home/ik/aws_ws/install/nav_2d_msgs/lib:/home/ik/aws_ws/install/nav2_waypoint_follower/lib:/home/ik/aws_ws/install/nav2_regulated_pure_pursuit_controller/lib:/home/ik/aws_ws/install/nav2_recoveries/lib:/home/ik/aws_ws/install/nav2_planner/lib:/home/ik/aws_ws/install/nav2_navfn_planner/lib:/home/ik/aws_ws/install/costmap_queue/lib:/home/ik/aws_ws/install/nav2_rviz_plugins/lib:/home/ik/aws_ws/install/nav2_map_server/lib:/home/ik/aws_ws/install/nav2_lifecycle_manager/lib:/home/ik/aws_ws/install/nav2_bt_navigator/lib:/home/ik/aws_ws/install/nav2_behavior_tree/lib:/home/ik/aws_ws/install/nav2_amcl/lib:/home/ik/aws_ws/install/slam_toolbox/lib:/usr/lib/x86_64-linux-gnu/gazebo-11/plugins:/opt/ros/foxy/opt/yaml_cpp_vendor/lib:/opt/ros/foxy/opt/rviz_ogre_vendor/lib:/opt/ros/foxy/lib/x86_64-linux-gnu:/opt/ros/foxy/lib:/usr/share/gazebo/../../lib/x86_64-linux-gnu/gazebo-11/plugins:/usr/share/gazebo/../../lib/x86_64-linux-gnu/gazebo-11/plugins:/usr/share/gazebo/../../lib/x86_64-linux-gnu/gazebo-11/plugins PYTHONPATH=/home/ik/aws_ws/install/nav2_msgs/lib/python3.8/site-packages:/home/ik/aws_ws/install/nav2_common/lib/python3.8/site-packages:/home/ik/aws_ws/install/dwb_msgs/lib/python3.8/site-packages:/home/ik/aws_ws/install/nav_2d_msgs/lib/python3.8/site-packages:/home/ik/aws_ws/build/nav2_gazebo_spawner:/home/ik/aws_ws/install/nav2_gazebo_spawner/lib/python3.8/site-packages:/home/ik/aws_ws/install/slam_toolbox/lib/python3.8/site-packages:/opt/ros/foxy/lib/python3.8/site-packages /usr/bin/cmake /home/ik/aws_ws/src/navigation2/smac_planner -DCMAKE_INSTALL_PREFIX=/home/ik/aws_ws/install/smac_planner
[38.060s] Invoking command in '/home/ik/aws_ws/build/smac_planner': CMAKE_PREFIX_PATH=/home/ik/aws_ws/install/nav2_core:/home/ik/aws_ws/install/nav2_costmap_2d:/home/ik/aws_ws/install/nav2_util:/home/ik/aws_ws/install/nav2_voxel_grid:/home/ik/aws_ws/install/nav2_msgs:/home/ik/aws_ws/install/nav2_common:/home/ik/aws_ws/install/nav2_system_tests:/home/ik/aws_ws/install/nav2_bringup:/home/ik/aws_ws/install/navigation2:/home/ik/aws_ws/install/smac_planner:/home/ik/aws_ws/install/nav2_dwb_controller:/home/ik/aws_ws/install/nav2_controller:/home/ik/aws_ws/install/dwb_plugins:/home/ik/aws_ws/install/dwb_critics:/home/ik/aws_ws/install/dwb_core:/home/ik/aws_ws/install/nav_2d_utils:/home/ik/aws_ws/install/dwb_msgs:/home/ik/aws_ws/install/nav_2d_msgs:/home/ik/aws_ws/install/nav2_waypoint_follower:/home/ik/aws_ws/install/nav2_regulated_pure_pursuit_controller:/home/ik/aws_ws/install/nav2_recoveries:/home/ik/aws_ws/install/nav2_planner:/home/ik/aws_ws/install/nav2_navfn_planner:/home/ik/aws_ws/install/costmap_queue:/home/ik/aws_ws/install/nav2_rviz_plugins:/home/ik/aws_ws/install/nav2_map_server:/home/ik/aws_ws/install/nav2_lifecycle_manager:/home/ik/aws_ws/install/nav2_bt_navigator:/home/ik/aws_ws/install/nav2_behavior_tree:/home/ik/aws_ws/install/nav2_amcl:/home/ik/aws_ws/install/turtlebot3_simulations:/home/ik/aws_ws/install/turtlebot3_gazebo:/home/ik/aws_ws/install/turtlebot3_fake_node:/home/ik/aws_ws/install/slam_toolbox:/home/ik/aws_ws/install/aws_robomaker_small_warehouse_world:/home/ik/aws_ws/install/nav2_gazebo_spawner:/opt/ros/foxy LD_LIBRARY_PATH=/home/ik/aws_ws/install/nav2_costmap_2d/lib:/home/ik/aws_ws/install/nav2_util/lib:/home/ik/aws_ws/install/nav2_voxel_grid/lib:/home/ik/aws_ws/install/nav2_msgs/lib:/home/ik/aws_ws/install/smac_planner/lib:/home/ik/aws_ws/install/nav2_controller/lib:/home/ik/aws_ws/install/dwb_plugins/lib:/home/ik/aws_ws/install/dwb_critics/lib:/home/ik/aws_ws/install/dwb_core/lib:/home/ik/aws_ws/install/nav_2d_utils/lib:/home/ik/aws_ws/install/dwb_msgs/lib:/home/ik/aws_ws/install/nav_2d_msgs/lib:/home/ik/aws_ws/install/nav2_waypoint_follower/lib:/home/ik/aws_ws/install/nav2_regulated_pure_pursuit_controller/lib:/home/ik/aws_ws/install/nav2_recoveries/lib:/home/ik/aws_ws/install/nav2_planner/lib:/home/ik/aws_ws/install/nav2_navfn_planner/lib:/home/ik/aws_ws/install/costmap_queue/lib:/home/ik/aws_ws/install/nav2_rviz_plugins/lib:/home/ik/aws_ws/install/nav2_map_server/lib:/home/ik/aws_ws/install/nav2_lifecycle_manager/lib:/home/ik/aws_ws/install/nav2_bt_navigator/lib:/home/ik/aws_ws/install/nav2_behavior_tree/lib:/home/ik/aws_ws/install/nav2_amcl/lib:/home/ik/aws_ws/install/slam_toolbox/lib:/usr/lib/x86_64-linux-gnu/gazebo-11/plugins:/opt/ros/foxy/opt/yaml_cpp_vendor/lib:/opt/ros/foxy/opt/rviz_ogre_vendor/lib:/opt/ros/foxy/lib/x86_64-linux-gnu:/opt/ros/foxy/lib:/usr/share/gazebo/../../lib/x86_64-linux-gnu/gazebo-11/plugins:/usr/share/gazebo/../../lib/x86_64-linux-gnu/gazebo-11/plugins:/usr/share/gazebo/../../lib/x86_64-linux-gnu/gazebo-11/plugins PYTHONPATH=/home/ik/aws_ws/install/nav2_msgs/lib/python3.8/site-packages:/home/ik/aws_ws/install/nav2_common/lib/python3.8/site-packages:/home/ik/aws_ws/install/dwb_msgs/lib/python3.8/site-packages:/home/ik/aws_ws/install/nav_2d_msgs/lib/python3.8/site-packages:/home/ik/aws_ws/build/nav2_gazebo_spawner:/home/ik/aws_ws/install/nav2_gazebo_spawner/lib/python3.8/site-packages:/home/ik/aws_ws/install/slam_toolbox/lib/python3.8/site-packages:/opt/ros/foxy/lib/python3.8/site-packages /usr/bin/cmake --build /home/ik/aws_ws/build/smac_planner -- -j8 -l8
[38.291s] [35m[1mScanning dependencies of target smac_planner_2d[0m
[38.310s] [35m[1mScanning dependencies of target smac_planner[0m
[38.367s] [  5%] Built target gtest_main
[38.382s] [ 11%] Built target gtest
[38.442s] [ 14%] [32mBuilding CXX object CMakeFiles/smac_planner.dir/src/smac_planner.cpp.o[0m
[38.463s] [ 17%] [32mBuilding CXX object CMakeFiles/smac_planner_2d.dir/src/smac_planner_2d.cpp.o[0m
[38.464s] [ 20%] [32mBuilding CXX object CMakeFiles/smac_planner_2d.dir/src/a_star.cpp.o[0m
[38.466s] [ 23%] [32mBuilding CXX object CMakeFiles/smac_planner.dir/src/a_star.cpp.o[0m
[38.467s] [ 26%] [32mBuilding CXX object CMakeFiles/smac_planner.dir/src/node_se2.cpp.o[0m
[38.497s] [ 29%] [32mBuilding CXX object CMakeFiles/smac_planner.dir/src/costmap_downsampler.cpp.o[0m
[38.504s] [ 32%] [32mBuilding CXX object CMakeFiles/smac_planner.dir/src/node_2d.cpp.o[0m
[38.508s] [ 35%] [32mBuilding CXX object CMakeFiles/smac_planner_2d.dir/src/node_se2.cpp.o[0m
[45.189s] [ 38%] [32mBuilding CXX object CMakeFiles/smac_planner_2d.dir/src/costmap_downsampler.cpp.o[0m
[55.285s] [ 41%] [32mBuilding CXX object CMakeFiles/smac_planner_2d.dir/src/node_2d.cpp.o[0m
[56.033s] [ 44%] [32m[1mLinking CXX shared library libsmac_planner.so[0m
[57.192s] [ 44%] Built target smac_planner
[57.643s] [ 47%] [32m[1mLinking CXX shared library libsmac_planner_2d.so[0m
[58.671s] [ 47%] Built target smac_planner_2d
[58.692s] [35m[1mScanning dependencies of target test_collision_checker[0m
[58.699s] [35m[1mScanning dependencies of target test_nodebasic[0m
[58.728s] [ 50%] [32mBuilding CXX object test/CMakeFiles/test_collision_checker.dir/test_collision_checker.cpp.o[0m
[58.741s] [ 52%] [32mBuilding CXX object test/CMakeFiles/test_nodebasic.dir/test_nodebasic.cpp.o[0m
[59.738s] [35m[1mScanning dependencies of target test_smac_2d[0m
[59.790s] [ 55%] [32mBuilding CXX object test/CMakeFiles/test_smac_2d.dir/test_smac_2d.cpp.o[0m
[60.819s] [35m[1mScanning dependencies of target test_smac_se2[0m
[60.959s] [35m[1mScanning dependencies of target test_nodese2[0m
[60.983s] [ 58%] [32mBuilding CXX object test/CMakeFiles/test_smac_se2.dir/test_smac_se2.cpp.o[0m
[61.045s] [ 61%] [32mBuilding CXX object test/CMakeFiles/test_nodese2.dir/test_nodese2.cpp.o[0m
[62.048s] [35m[1mScanning dependencies of target test_node2d[0m
[62.190s] [ 64%] [32mBuilding CXX object test/CMakeFiles/test_node2d.dir/test_node2d.cpp.o[0m
[62.990s] [ 67%] [32m[1mLinking CXX executable test_collision_checker[0m
[63.966s] [ 67%] Built target test_collision_checker
[64.626s] [ 70%] [32m[1mLinking CXX executable test_nodebasic[0m
[65.222s] [ 70%] Built target test_nodebasic
[66.971s] [ 73%] [32m[1mLinking CXX executable test_nodese2[0m
[67.251s] [ 76%] [32m[1mLinking CXX executable test_node2d[0m
[67.556s] [ 76%] Built target test_nodese2
[67.831s] [ 76%] Built target test_node2d
[68.136s] [ 79%] [32m[1mLinking CXX executable test_smac_2d[0m
[68.574s] [ 79%] Built target test_smac_2d
[69.063s] [ 82%] [32m[1mLinking CXX executable test_smac_se2[0m
[69.487s] [ 82%] Built target test_smac_se2
[69.513s] [35m[1mScanning dependencies of target test_smoother[0m
[69.548s] [ 85%] [32mBuilding CXX object test/CMakeFiles/test_smoother.dir/test_smoother.cpp.o[0m
[74.583s] [ 88%] [32m[1mLinking CXX executable test_smoother[0m
[75.069s] [ 88%] Built target test_smoother
[75.091s] [35m[1mScanning dependencies of target test_costmap_downsampler[0m
[75.091s] [35m[1mScanning dependencies of target test_a_star[0m
[75.124s] [ 91%] [32mBuilding CXX object test/CMakeFiles/test_a_star.dir/test_a_star.cpp.o[0m
[75.127s] [ 94%] [32mBuilding CXX object test/CMakeFiles/test_costmap_downsampler.dir/test_costmap_downsampler.cpp.o[0m
[78.934s] [ 97%] [32m[1mLinking CXX executable test_costmap_downsampler[0m
[79.100s] [100%] [32m[1mLinking CXX executable test_a_star[0m
[79.401s] [100%] Built target test_costmap_downsampler
[79.531s] [100%] Built target test_a_star
[79.545s] Invoked command in '/home/ik/aws_ws/build/smac_planner' returned '0': CMAKE_PREFIX_PATH=/home/ik/aws_ws/install/nav2_core:/home/ik/aws_ws/install/nav2_costmap_2d:/home/ik/aws_ws/install/nav2_util:/home/ik/aws_ws/install/nav2_voxel_grid:/home/ik/aws_ws/install/nav2_msgs:/home/ik/aws_ws/install/nav2_common:/home/ik/aws_ws/install/nav2_system_tests:/home/ik/aws_ws/install/nav2_bringup:/home/ik/aws_ws/install/navigation2:/home/ik/aws_ws/install/smac_planner:/home/ik/aws_ws/install/nav2_dwb_controller:/home/ik/aws_ws/install/nav2_controller:/home/ik/aws_ws/install/dwb_plugins:/home/ik/aws_ws/install/dwb_critics:/home/ik/aws_ws/install/dwb_core:/home/ik/aws_ws/install/nav_2d_utils:/home/ik/aws_ws/install/dwb_msgs:/home/ik/aws_ws/install/nav_2d_msgs:/home/ik/aws_ws/install/nav2_waypoint_follower:/home/ik/aws_ws/install/nav2_regulated_pure_pursuit_controller:/home/ik/aws_ws/install/nav2_recoveries:/home/ik/aws_ws/install/nav2_planner:/home/ik/aws_ws/install/nav2_navfn_planner:/home/ik/aws_ws/install/costmap_queue:/home/ik/aws_ws/install/nav2_rviz_plugins:/home/ik/aws_ws/install/nav2_map_server:/home/ik/aws_ws/install/nav2_lifecycle_manager:/home/ik/aws_ws/install/nav2_bt_navigator:/home/ik/aws_ws/install/nav2_behavior_tree:/home/ik/aws_ws/install/nav2_amcl:/home/ik/aws_ws/install/turtlebot3_simulations:/home/ik/aws_ws/install/turtlebot3_gazebo:/home/ik/aws_ws/install/turtlebot3_fake_node:/home/ik/aws_ws/install/slam_toolbox:/home/ik/aws_ws/install/aws_robomaker_small_warehouse_world:/home/ik/aws_ws/install/nav2_gazebo_spawner:/opt/ros/foxy LD_LIBRARY_PATH=/home/ik/aws_ws/install/nav2_costmap_2d/lib:/home/ik/aws_ws/install/nav2_util/lib:/home/ik/aws_ws/install/nav2_voxel_grid/lib:/home/ik/aws_ws/install/nav2_msgs/lib:/home/ik/aws_ws/install/smac_planner/lib:/home/ik/aws_ws/install/nav2_controller/lib:/home/ik/aws_ws/install/dwb_plugins/lib:/home/ik/aws_ws/install/dwb_critics/lib:/home/ik/aws_ws/install/dwb_core/lib:/home/ik/aws_ws/install/nav_2d_utils/lib:/home/ik/aws_ws/install/dwb_msgs/lib:/home/ik/aws_ws/install/nav_2d_msgs/lib:/home/ik/aws_ws/install/nav2_waypoint_follower/lib:/home/ik/aws_ws/install/nav2_regulated_pure_pursuit_controller/lib:/home/ik/aws_ws/install/nav2_recoveries/lib:/home/ik/aws_ws/install/nav2_planner/lib:/home/ik/aws_ws/install/nav2_navfn_planner/lib:/home/ik/aws_ws/install/costmap_queue/lib:/home/ik/aws_ws/install/nav2_rviz_plugins/lib:/home/ik/aws_ws/install/nav2_map_server/lib:/home/ik/aws_ws/install/nav2_lifecycle_manager/lib:/home/ik/aws_ws/install/nav2_bt_navigator/lib:/home/ik/aws_ws/install/nav2_behavior_tree/lib:/home/ik/aws_ws/install/nav2_amcl/lib:/home/ik/aws_ws/install/slam_toolbox/lib:/usr/lib/x86_64-linux-gnu/gazebo-11/plugins:/opt/ros/foxy/opt/yaml_cpp_vendor/lib:/opt/ros/foxy/opt/rviz_ogre_vendor/lib:/opt/ros/foxy/lib/x86_64-linux-gnu:/opt/ros/foxy/lib:/usr/share/gazebo/../../lib/x86_64-linux-gnu/gazebo-11/plugins:/usr/share/gazebo/../../lib/x86_64-linux-gnu/gazebo-11/plugins:/usr/share/gazebo/../../lib/x86_64-linux-gnu/gazebo-11/plugins PYTHONPATH=/home/ik/aws_ws/install/nav2_msgs/lib/python3.8/site-packages:/home/ik/aws_ws/install/nav2_common/lib/python3.8/site-packages:/home/ik/aws_ws/install/dwb_msgs/lib/python3.8/site-packages:/home/ik/aws_ws/install/nav_2d_msgs/lib/python3.8/site-packages:/home/ik/aws_ws/build/nav2_gazebo_spawner:/home/ik/aws_ws/install/nav2_gazebo_spawner/lib/python3.8/site-packages:/home/ik/aws_ws/install/slam_toolbox/lib/python3.8/site-packages:/opt/ros/foxy/lib/python3.8/site-packages /usr/bin/cmake --build /home/ik/aws_ws/build/smac_planner -- -j8 -l8
[79.656s] Invoking command in '/home/ik/aws_ws/build/smac_planner': CMAKE_PREFIX_PATH=/home/ik/aws_ws/install/nav2_core:/home/ik/aws_ws/install/nav2_costmap_2d:/home/ik/aws_ws/install/nav2_util:/home/ik/aws_ws/install/nav2_voxel_grid:/home/ik/aws_ws/install/nav2_msgs:/home/ik/aws_ws/install/nav2_common:/home/ik/aws_ws/install/nav2_system_tests:/home/ik/aws_ws/install/nav2_bringup:/home/ik/aws_ws/install/navigation2:/home/ik/aws_ws/install/smac_planner:/home/ik/aws_ws/install/nav2_dwb_controller:/home/ik/aws_ws/install/nav2_controller:/home/ik/aws_ws/install/dwb_plugins:/home/ik/aws_ws/install/dwb_critics:/home/ik/aws_ws/install/dwb_core:/home/ik/aws_ws/install/nav_2d_utils:/home/ik/aws_ws/install/dwb_msgs:/home/ik/aws_ws/install/nav_2d_msgs:/home/ik/aws_ws/install/nav2_waypoint_follower:/home/ik/aws_ws/install/nav2_regulated_pure_pursuit_controller:/home/ik/aws_ws/install/nav2_recoveries:/home/ik/aws_ws/install/nav2_planner:/home/ik/aws_ws/install/nav2_navfn_planner:/home/ik/aws_ws/install/costmap_queue:/home/ik/aws_ws/install/nav2_rviz_plugins:/home/ik/aws_ws/install/nav2_map_server:/home/ik/aws_ws/install/nav2_lifecycle_manager:/home/ik/aws_ws/install/nav2_bt_navigator:/home/ik/aws_ws/install/nav2_behavior_tree:/home/ik/aws_ws/install/nav2_amcl:/home/ik/aws_ws/install/turtlebot3_simulations:/home/ik/aws_ws/install/turtlebot3_gazebo:/home/ik/aws_ws/install/turtlebot3_fake_node:/home/ik/aws_ws/install/slam_toolbox:/home/ik/aws_ws/install/aws_robomaker_small_warehouse_world:/home/ik/aws_ws/install/nav2_gazebo_spawner:/opt/ros/foxy LD_LIBRARY_PATH=/home/ik/aws_ws/install/nav2_costmap_2d/lib:/home/ik/aws_ws/install/nav2_util/lib:/home/ik/aws_ws/install/nav2_voxel_grid/lib:/home/ik/aws_ws/install/nav2_msgs/lib:/home/ik/aws_ws/install/smac_planner/lib:/home/ik/aws_ws/install/nav2_controller/lib:/home/ik/aws_ws/install/dwb_plugins/lib:/home/ik/aws_ws/install/dwb_critics/lib:/home/ik/aws_ws/install/dwb_core/lib:/home/ik/aws_ws/install/nav_2d_utils/lib:/home/ik/aws_ws/install/dwb_msgs/lib:/home/ik/aws_ws/install/nav_2d_msgs/lib:/home/ik/aws_ws/install/nav2_waypoint_follower/lib:/home/ik/aws_ws/install/nav2_regulated_pure_pursuit_controller/lib:/home/ik/aws_ws/install/nav2_recoveries/lib:/home/ik/aws_ws/install/nav2_planner/lib:/home/ik/aws_ws/install/nav2_navfn_planner/lib:/home/ik/aws_ws/install/costmap_queue/lib:/home/ik/aws_ws/install/nav2_rviz_plugins/lib:/home/ik/aws_ws/install/nav2_map_server/lib:/home/ik/aws_ws/install/nav2_lifecycle_manager/lib:/home/ik/aws_ws/install/nav2_bt_navigator/lib:/home/ik/aws_ws/install/nav2_behavior_tree/lib:/home/ik/aws_ws/install/nav2_amcl/lib:/home/ik/aws_ws/install/slam_toolbox/lib:/usr/lib/x86_64-linux-gnu/gazebo-11/plugins:/opt/ros/foxy/opt/yaml_cpp_vendor/lib:/opt/ros/foxy/opt/rviz_ogre_vendor/lib:/opt/ros/foxy/lib/x86_64-linux-gnu:/opt/ros/foxy/lib:/usr/share/gazebo/../../lib/x86_64-linux-gnu/gazebo-11/plugins:/usr/share/gazebo/../../lib/x86_64-linux-gnu/gazebo-11/plugins:/usr/share/gazebo/../../lib/x86_64-linux-gnu/gazebo-11/plugins PYTHONPATH=/home/ik/aws_ws/install/nav2_msgs/lib/python3.8/site-packages:/home/ik/aws_ws/install/nav2_common/lib/python3.8/site-packages:/home/ik/aws_ws/install/dwb_msgs/lib/python3.8/site-packages:/home/ik/aws_ws/install/nav_2d_msgs/lib/python3.8/site-packages:/home/ik/aws_ws/build/nav2_gazebo_spawner:/home/ik/aws_ws/install/nav2_gazebo_spawner/lib/python3.8/site-packages:/home/ik/aws_ws/install/slam_toolbox/lib/python3.8/site-packages:/opt/ros/foxy/lib/python3.8/site-packages /usr/bin/cmake --install /home/ik/aws_ws/build/smac_planner
[79.669s] -- Install configuration: "Release"
[79.669s] -- Execute custom install script
[79.669s] -- Up-to-date symlink: /home/ik/aws_ws/install/smac_planner/share/smac_planner//smac_plugin.xml
[79.670s] -- Up-to-date symlink: /home/ik/aws_ws/install/smac_planner/share/smac_planner//smac_plugin_2d.xml
[79.670s] -- Up-to-date symlink: /home/ik/aws_ws/install/smac_planner/lib/libsmac_planner.so
[79.670s] -- Up-to-date symlink: /home/ik/aws_ws/install/smac_planner/lib/libsmac_planner_2d.so
[79.670s] -- Up-to-date symlink: /home/ik/aws_ws/install/smac_planner/include//smac_planner/a_star.hpp
[79.670s] -- Up-to-date symlink: /home/ik/aws_ws/install/smac_planner/include//smac_planner/collision_checker.hpp
[79.671s] -- Up-to-date symlink: /home/ik/aws_ws/install/smac_planner/include//smac_planner/constants.hpp
[79.671s] -- Up-to-date symlink: /home/ik/aws_ws/install/smac_planner/include//smac_planner/costmap_downsampler.hpp
[79.671s] -- Up-to-date symlink: /home/ik/aws_ws/install/smac_planner/include//smac_planner/node_2d.hpp
[79.671s] -- Up-to-date symlink: /home/ik/aws_ws/install/smac_planner/include//smac_planner/node_basic.hpp
[79.671s] -- Up-to-date symlink: /home/ik/aws_ws/install/smac_planner/include//smac_planner/node_se2.hpp
[79.671s] -- Up-to-date symlink: /home/ik/aws_ws/install/smac_planner/include//smac_planner/options.hpp
[79.672s] -- Up-to-date symlink: /home/ik/aws_ws/install/smac_planner/include//smac_planner/smac_planner.hpp
[79.672s] -- Up-to-date symlink: /home/ik/aws_ws/install/smac_planner/include//smac_planner/smac_planner_2d.hpp
[79.672s] -- Up-to-date symlink: /home/ik/aws_ws/install/smac_planner/include//smac_planner/smoother.hpp
[79.672s] -- Up-to-date symlink: /home/ik/aws_ws/install/smac_planner/include//smac_planner/smoother_cost_function.hpp
[79.672s] -- Up-to-date symlink: /home/ik/aws_ws/install/smac_planner/include//smac_planner/types.hpp
[79.672s] -- Up-to-date symlink: /home/ik/aws_ws/install/smac_planner/share/smac_planner/environment/library_path.sh
[79.672s] -- Up-to-date symlink: /home/ik/aws_ws/install/smac_planner/share/smac_planner/environment/library_path.dsv
[79.673s] -- Up-to-date symlink: /home/ik/aws_ws/install/smac_planner/share/ament_index/resource_index/package_run_dependencies/smac_planner
[79.673s] -- Up-to-date symlink: /home/ik/aws_ws/install/smac_planner/share/ament_index/resource_index/parent_prefix_path/smac_planner
[79.673s] -- Up-to-date symlink: /home/ik/aws_ws/install/smac_planner/share/smac_planner/environment/ament_prefix_path.sh
[79.673s] -- Up-to-date symlink: /home/ik/aws_ws/install/smac_planner/share/smac_planner/environment/ament_prefix_path.dsv
[79.673s] -- Up-to-date symlink: /home/ik/aws_ws/install/smac_planner/share/smac_planner/environment/path.sh
[79.674s] -- Up-to-date symlink: /home/ik/aws_ws/install/smac_planner/share/smac_planner/environment/path.dsv
[79.674s] -- Up-to-date symlink: /home/ik/aws_ws/install/smac_planner/share/smac_planner/local_setup.bash
[79.674s] -- Up-to-date symlink: /home/ik/aws_ws/install/smac_planner/share/smac_planner/local_setup.sh
[79.674s] -- Up-to-date symlink: /home/ik/aws_ws/install/smac_planner/share/smac_planner/local_setup.zsh
[79.674s] -- Up-to-date symlink: /home/ik/aws_ws/install/smac_planner/share/smac_planner/local_setup.dsv
[79.674s] -- Symlinking: /home/ik/aws_ws/install/smac_planner/share/smac_planner/package.dsv
[79.689s] -- Up-to-date symlink: /home/ik/aws_ws/install/smac_planner/share/ament_index/resource_index/packages/smac_planner
[79.689s] -- Up-to-date symlink: /home/ik/aws_ws/install/smac_planner/share/ament_index/resource_index/nav2_core__pluginlib__plugin/smac_planner
[79.689s] -- Up-to-date symlink: /home/ik/aws_ws/install/smac_planner/share/smac_planner/cmake/ament_cmake_export_include_directories-extras.cmake
[79.689s] -- Up-to-date symlink: /home/ik/aws_ws/install/smac_planner/share/smac_planner/cmake/ament_cmake_export_libraries-extras.cmake
[79.689s] -- Up-to-date symlink: /home/ik/aws_ws/install/smac_planner/share/smac_planner/cmake/ament_cmake_export_dependencies-extras.cmake
[79.689s] -- Up-to-date symlink: /home/ik/aws_ws/install/smac_planner/share/smac_planner/cmake/ament_cmake_export_definitions-extras.cmake
[79.690s] -- Up-to-date symlink: /home/ik/aws_ws/install/smac_planner/share/smac_planner/cmake/smac_plannerConfig.cmake
[79.690s] -- Up-to-date symlink: /home/ik/aws_ws/install/smac_planner/share/smac_planner/cmake/smac_plannerConfig-version.cmake
[79.690s] -- Up-to-date symlink: /home/ik/aws_ws/install/smac_planner/share/smac_planner/package.xml
[79.696s] Invoked command in '/home/ik/aws_ws/build/smac_planner' returned '0': CMAKE_PREFIX_PATH=/home/ik/aws_ws/install/nav2_core:/home/ik/aws_ws/install/nav2_costmap_2d:/home/ik/aws_ws/install/nav2_util:/home/ik/aws_ws/install/nav2_voxel_grid:/home/ik/aws_ws/install/nav2_msgs:/home/ik/aws_ws/install/nav2_common:/home/ik/aws_ws/install/nav2_system_tests:/home/ik/aws_ws/install/nav2_bringup:/home/ik/aws_ws/install/navigation2:/home/ik/aws_ws/install/smac_planner:/home/ik/aws_ws/install/nav2_dwb_controller:/home/ik/aws_ws/install/nav2_controller:/home/ik/aws_ws/install/dwb_plugins:/home/ik/aws_ws/install/dwb_critics:/home/ik/aws_ws/install/dwb_core:/home/ik/aws_ws/install/nav_2d_utils:/home/ik/aws_ws/install/dwb_msgs:/home/ik/aws_ws/install/nav_2d_msgs:/home/ik/aws_ws/install/nav2_waypoint_follower:/home/ik/aws_ws/install/nav2_regulated_pure_pursuit_controller:/home/ik/aws_ws/install/nav2_recoveries:/home/ik/aws_ws/install/nav2_planner:/home/ik/aws_ws/install/nav2_navfn_planner:/home/ik/aws_ws/install/costmap_queue:/home/ik/aws_ws/install/nav2_rviz_plugins:/home/ik/aws_ws/install/nav2_map_server:/home/ik/aws_ws/install/nav2_lifecycle_manager:/home/ik/aws_ws/install/nav2_bt_navigator:/home/ik/aws_ws/install/nav2_behavior_tree:/home/ik/aws_ws/install/nav2_amcl:/home/ik/aws_ws/install/turtlebot3_simulations:/home/ik/aws_ws/install/turtlebot3_gazebo:/home/ik/aws_ws/install/turtlebot3_fake_node:/home/ik/aws_ws/install/slam_toolbox:/home/ik/aws_ws/install/aws_robomaker_small_warehouse_world:/home/ik/aws_ws/install/nav2_gazebo_spawner:/opt/ros/foxy LD_LIBRARY_PATH=/home/ik/aws_ws/install/nav2_costmap_2d/lib:/home/ik/aws_ws/install/nav2_util/lib:/home/ik/aws_ws/install/nav2_voxel_grid/lib:/home/ik/aws_ws/install/nav2_msgs/lib:/home/ik/aws_ws/install/smac_planner/lib:/home/ik/aws_ws/install/nav2_controller/lib:/home/ik/aws_ws/install/dwb_plugins/lib:/home/ik/aws_ws/install/dwb_critics/lib:/home/ik/aws_ws/install/dwb_core/lib:/home/ik/aws_ws/install/nav_2d_utils/lib:/home/ik/aws_ws/install/dwb_msgs/lib:/home/ik/aws_ws/install/nav_2d_msgs/lib:/home/ik/aws_ws/install/nav2_waypoint_follower/lib:/home/ik/aws_ws/install/nav2_regulated_pure_pursuit_controller/lib:/home/ik/aws_ws/install/nav2_recoveries/lib:/home/ik/aws_ws/install/nav2_planner/lib:/home/ik/aws_ws/install/nav2_navfn_planner/lib:/home/ik/aws_ws/install/costmap_queue/lib:/home/ik/aws_ws/install/nav2_rviz_plugins/lib:/home/ik/aws_ws/install/nav2_map_server/lib:/home/ik/aws_ws/install/nav2_lifecycle_manager/lib:/home/ik/aws_ws/install/nav2_bt_navigator/lib:/home/ik/aws_ws/install/nav2_behavior_tree/lib:/home/ik/aws_ws/install/nav2_amcl/lib:/home/ik/aws_ws/install/slam_toolbox/lib:/usr/lib/x86_64-linux-gnu/gazebo-11/plugins:/opt/ros/foxy/opt/yaml_cpp_vendor/lib:/opt/ros/foxy/opt/rviz_ogre_vendor/lib:/opt/ros/foxy/lib/x86_64-linux-gnu:/opt/ros/foxy/lib:/usr/share/gazebo/../../lib/x86_64-linux-gnu/gazebo-11/plugins:/usr/share/gazebo/../../lib/x86_64-linux-gnu/gazebo-11/plugins:/usr/share/gazebo/../../lib/x86_64-linux-gnu/gazebo-11/plugins PYTHONPATH=/home/ik/aws_ws/install/nav2_msgs/lib/python3.8/site-packages:/home/ik/aws_ws/install/nav2_common/lib/python3.8/site-packages:/home/ik/aws_ws/install/dwb_msgs/lib/python3.8/site-packages:/home/ik/aws_ws/install/nav_2d_msgs/lib/python3.8/site-packages:/home/ik/aws_ws/build/nav2_gazebo_spawner:/home/ik/aws_ws/install/nav2_gazebo_spawner/lib/python3.8/site-packages:/home/ik/aws_ws/install/slam_toolbox/lib/python3.8/site-packages:/opt/ros/foxy/lib/python3.8/site-packages /usr/bin/cmake --install /home/ik/aws_ws/build/smac_planner
