[0.058s] Invoking command in '/home/ik/aws_ws/build/nav_2d_msgs': CMAKE_PREFIX_PATH=/opt/ros/foxy /usr/bin/cmake /home/ik/aws_ws/src/navigation2/nav2_dwb_controller/nav_2d_msgs -DAMENT_CMAKE_SYMLINK_INSTALL=1 -DCMAKE_INSTALL_PREFIX=/home/ik/aws_ws/install/nav_2d_msgs
[0.086s] -- Found geometry_msgs: 2.0.5 (/opt/ros/foxy/share/geometry_msgs/cmake)
[0.098s] -- Found PythonInterp: /usr/bin/python3 (found suitable version "3.8.10", minimum required is "3") 
[0.098s] -- Using PYTHON_EXECUTABLE: /usr/bin/python3
[0.273s] -- Override CMake install command with custom implementation using symlinks instead of copying resources
[0.300s] -- Using all available rosidl_typesupport_c: rosidl_typesupport_fastrtps_c;rosidl_typesupport_introspection_c
[0.303s] -- Found rosidl_adapter: 1.3.0 (/opt/ros/foxy/share/rosidl_adapter/cmake)
[0.430s] -- Using all available rosidl_typesupport_cpp: rosidl_typesupport_fastrtps_cpp;rosidl_typesupport_introspection_cpp
[0.523s] -- Found rosidl_default_generators: 1.0.1 (/opt/ros/foxy/share/rosidl_default_generators/cmake)
[0.558s] -- Found PythonInterp: /usr/bin/python3 (found version "3.8.10") 
[0.797s] -- Found ament_cmake_ros: 0.9.2 (/opt/ros/foxy/share/ament_cmake_ros/cmake)
[1.068s] -- Using all available rosidl_typesupport_c: rosidl_typesupport_fastrtps_c;rosidl_typesupport_introspection_c
[1.186s] -- Using all available rosidl_typesupport_cpp: rosidl_typesupport_fastrtps_cpp;rosidl_typesupport_introspection_cpp
[1.208s] -- Found PythonInterp: /usr/bin/python3 (found suitable version "3.8.10", minimum required is "3.5") 
[1.208s] -- Found python_cmake_module: 0.8.1 (/opt/ros/foxy/share/python_cmake_module/cmake)
[1.237s] -- Using PYTHON_EXECUTABLE: /usr/bin/python3
[1.237s] -- Using PYTHON_INCLUDE_DIRS: /usr/include/python3.8
[1.237s] -- Using PYTHON_LIBRARIES: /usr/lib/x86_64-linux-gnu/libpython3.8.so
[1.304s] -- Configuring done
[1.367s] -- Generating done
[1.370s] -- Build files have been written to: /home/ik/aws_ws/build/nav_2d_msgs
[1.381s] Invoked command in '/home/ik/aws_ws/build/nav_2d_msgs' returned '0': CMAKE_PREFIX_PATH=/opt/ros/foxy /usr/bin/cmake /home/ik/aws_ws/src/navigation2/nav2_dwb_controller/nav_2d_msgs -DAMENT_CMAKE_SYMLINK_INSTALL=1 -DCMAKE_INSTALL_PREFIX=/home/ik/aws_ws/install/nav_2d_msgs
[1.385s] Invoking command in '/home/ik/aws_ws/build/nav_2d_msgs': CMAKE_PREFIX_PATH=/opt/ros/foxy /usr/bin/cmake --build /home/ik/aws_ws/build/nav_2d_msgs -- -j8 -l8
[1.450s] [  1%] Built target nav_2d_msgs__cpp
[1.470s] [ 12%] Built target nav_2d_msgs__rosidl_generator_c
[1.479s] [ 23%] Built target nav_2d_msgs__rosidl_typesupport_cpp
[1.494s] [ 35%] Built target nav_2d_msgs__rosidl_typesupport_introspection_cpp
[1.495s] [ 46%] Built target nav_2d_msgs__rosidl_typesupport_fastrtps_cpp
[1.506s] [ 57%] Built target nav_2d_msgs__rosidl_typesupport_c
[1.510s] [ 69%] Built target nav_2d_msgs__rosidl_typesupport_introspection_c
[1.530s] [ 80%] Built target nav_2d_msgs__rosidl_typesupport_fastrtps_c
[1.560s] [ 80%] Built target nav_2d_msgs
[1.586s] [ 81%] Built target nav_2d_msgs__py
[1.624s] [ 91%] Built target nav_2d_msgs__python
[1.653s] [ 94%] Built target nav_2d_msgs__rosidl_typesupport_introspection_c__pyext
[1.659s] [ 97%] Built target nav_2d_msgs__rosidl_typesupport_fastrtps_c__pyext
[1.663s] [100%] Built target nav_2d_msgs__rosidl_typesupport_c__pyext
[1.680s] Invoked command in '/home/ik/aws_ws/build/nav_2d_msgs' returned '0': CMAKE_PREFIX_PATH=/opt/ros/foxy /usr/bin/cmake --build /home/ik/aws_ws/build/nav_2d_msgs -- -j8 -l8
[1.819s] Invoking command in '/home/ik/aws_ws/build/nav_2d_msgs': CMAKE_PREFIX_PATH=/opt/ros/foxy /usr/bin/cmake --install /home/ik/aws_ws/build/nav_2d_msgs
[1.833s] -- Install configuration: ""
[1.834s] -- Execute custom install script
[1.835s] -- Up-to-date symlink: /home/ik/aws_ws/install/nav_2d_msgs/share/ament_index/resource_index/rosidl_interfaces/nav_2d_msgs
[1.835s] -- Up-to-date symlink: /home/ik/aws_ws/install/nav_2d_msgs/include/nav_2d_msgs/msg/detail/path2_d__functions.h
[1.835s] -- Up-to-date symlink: /home/ik/aws_ws/install/nav_2d_msgs/include/nav_2d_msgs/msg/detail/path2_d__struct.h
[1.835s] -- Up-to-date symlink: /home/ik/aws_ws/install/nav_2d_msgs/include/nav_2d_msgs/msg/detail/path2_d__type_support.h
[1.836s] -- Up-to-date symlink: /home/ik/aws_ws/install/nav_2d_msgs/include/nav_2d_msgs/msg/detail/pose2_d32__functions.h
[1.836s] -- Up-to-date symlink: /home/ik/aws_ws/install/nav_2d_msgs/include/nav_2d_msgs/msg/detail/pose2_d32__struct.h
[1.836s] -- Up-to-date symlink: /home/ik/aws_ws/install/nav_2d_msgs/include/nav_2d_msgs/msg/detail/pose2_d32__type_support.h
[1.836s] -- Up-to-date symlink: /home/ik/aws_ws/install/nav_2d_msgs/include/nav_2d_msgs/msg/detail/pose2_d_stamped__functions.h
[1.836s] -- Up-to-date symlink: /home/ik/aws_ws/install/nav_2d_msgs/include/nav_2d_msgs/msg/detail/pose2_d_stamped__struct.h
[1.836s] -- Up-to-date symlink: /home/ik/aws_ws/install/nav_2d_msgs/include/nav_2d_msgs/msg/detail/pose2_d_stamped__type_support.h
[1.837s] -- Up-to-date symlink: /home/ik/aws_ws/install/nav_2d_msgs/include/nav_2d_msgs/msg/detail/twist2_d32__functions.h
[1.837s] -- Up-to-date symlink: /home/ik/aws_ws/install/nav_2d_msgs/include/nav_2d_msgs/msg/detail/twist2_d32__struct.h
[1.837s] -- Up-to-date symlink: /home/ik/aws_ws/install/nav_2d_msgs/include/nav_2d_msgs/msg/detail/twist2_d32__type_support.h
[1.837s] -- Up-to-date symlink: /home/ik/aws_ws/install/nav_2d_msgs/include/nav_2d_msgs/msg/detail/twist2_d__functions.h
[1.837s] -- Up-to-date symlink: /home/ik/aws_ws/install/nav_2d_msgs/include/nav_2d_msgs/msg/detail/twist2_d__struct.h
[1.837s] -- Up-to-date symlink: /home/ik/aws_ws/install/nav_2d_msgs/include/nav_2d_msgs/msg/detail/twist2_d__type_support.h
[1.837s] -- Up-to-date symlink: /home/ik/aws_ws/install/nav_2d_msgs/include/nav_2d_msgs/msg/detail/twist2_d_stamped__functions.h
[1.837s] -- Up-to-date symlink: /home/ik/aws_ws/install/nav_2d_msgs/include/nav_2d_msgs/msg/detail/twist2_d_stamped__struct.h
[1.837s] -- Up-to-date symlink: /home/ik/aws_ws/install/nav_2d_msgs/include/nav_2d_msgs/msg/detail/twist2_d_stamped__type_support.h
[1.837s] -- Up-to-date symlink: /home/ik/aws_ws/install/nav_2d_msgs/include/nav_2d_msgs/msg/path2_d.h
[1.838s] -- Up-to-date symlink: /home/ik/aws_ws/install/nav_2d_msgs/include/nav_2d_msgs/msg/pose2_d32.h
[1.838s] -- Up-to-date symlink: /home/ik/aws_ws/install/nav_2d_msgs/include/nav_2d_msgs/msg/pose2_d_stamped.h
[1.838s] -- Up-to-date symlink: /home/ik/aws_ws/install/nav_2d_msgs/include/nav_2d_msgs/msg/rosidl_generator_c__visibility_control.h
[1.838s] -- Up-to-date symlink: /home/ik/aws_ws/install/nav_2d_msgs/include/nav_2d_msgs/msg/twist2_d.h
[1.838s] -- Up-to-date symlink: /home/ik/aws_ws/install/nav_2d_msgs/include/nav_2d_msgs/msg/twist2_d32.h
[1.839s] -- Up-to-date symlink: /home/ik/aws_ws/install/nav_2d_msgs/include/nav_2d_msgs/msg/twist2_d_stamped.h
[1.839s] -- Up-to-date symlink: /home/ik/aws_ws/install/nav_2d_msgs/share/nav_2d_msgs/environment/library_path.sh
[1.839s] -- Up-to-date symlink: /home/ik/aws_ws/install/nav_2d_msgs/share/nav_2d_msgs/environment/library_path.dsv
[1.839s] -- Up-to-date symlink: /home/ik/aws_ws/install/nav_2d_msgs/include/nav_2d_msgs/msg/detail/path2_d__rosidl_typesupport_fastrtps_c.h
[1.839s] -- Up-to-date symlink: /home/ik/aws_ws/install/nav_2d_msgs/include/nav_2d_msgs/msg/detail/pose2_d32__rosidl_typesupport_fastrtps_c.h
[1.840s] -- Up-to-date symlink: /home/ik/aws_ws/install/nav_2d_msgs/include/nav_2d_msgs/msg/detail/pose2_d_stamped__rosidl_typesupport_fastrtps_c.h
[1.840s] -- Up-to-date symlink: /home/ik/aws_ws/install/nav_2d_msgs/include/nav_2d_msgs/msg/detail/twist2_d32__rosidl_typesupport_fastrtps_c.h
[1.840s] -- Up-to-date symlink: /home/ik/aws_ws/install/nav_2d_msgs/include/nav_2d_msgs/msg/detail/twist2_d__rosidl_typesupport_fastrtps_c.h
[1.840s] -- Up-to-date symlink: /home/ik/aws_ws/install/nav_2d_msgs/include/nav_2d_msgs/msg/detail/twist2_d_stamped__rosidl_typesupport_fastrtps_c.h
[1.840s] -- Up-to-date symlink: /home/ik/aws_ws/install/nav_2d_msgs/include/nav_2d_msgs/msg/rosidl_typesupport_fastrtps_c__visibility_control.h
[1.840s] -- Up-to-date symlink: /home/ik/aws_ws/install/nav_2d_msgs/lib/libnav_2d_msgs__rosidl_typesupport_fastrtps_c.so
[1.841s] -- Up-to-date symlink: /home/ik/aws_ws/install/nav_2d_msgs/include/nav_2d_msgs/msg/detail/path2_d__rosidl_typesupport_fastrtps_cpp.hpp
[1.841s] -- Up-to-date symlink: /home/ik/aws_ws/install/nav_2d_msgs/include/nav_2d_msgs/msg/detail/pose2_d32__rosidl_typesupport_fastrtps_cpp.hpp
[1.841s] -- Up-to-date symlink: /home/ik/aws_ws/install/nav_2d_msgs/include/nav_2d_msgs/msg/detail/pose2_d_stamped__rosidl_typesupport_fastrtps_cpp.hpp
[1.841s] -- Up-to-date symlink: /home/ik/aws_ws/install/nav_2d_msgs/include/nav_2d_msgs/msg/detail/twist2_d32__rosidl_typesupport_fastrtps_cpp.hpp
[1.842s] -- Up-to-date symlink: /home/ik/aws_ws/install/nav_2d_msgs/include/nav_2d_msgs/msg/detail/twist2_d__rosidl_typesupport_fastrtps_cpp.hpp
[1.842s] -- Up-to-date symlink: /home/ik/aws_ws/install/nav_2d_msgs/include/nav_2d_msgs/msg/detail/twist2_d_stamped__rosidl_typesupport_fastrtps_cpp.hpp
[1.842s] -- Up-to-date symlink: /home/ik/aws_ws/install/nav_2d_msgs/include/nav_2d_msgs/msg/rosidl_typesupport_fastrtps_cpp__visibility_control.h
[1.842s] -- Up-to-date symlink: /home/ik/aws_ws/install/nav_2d_msgs/lib/libnav_2d_msgs__rosidl_typesupport_fastrtps_cpp.so
[1.843s] -- Up-to-date symlink: /home/ik/aws_ws/install/nav_2d_msgs/include/nav_2d_msgs/msg/detail/path2_d__rosidl_typesupport_introspection_c.h
[1.843s] -- Up-to-date symlink: /home/ik/aws_ws/install/nav_2d_msgs/include/nav_2d_msgs/msg/detail/pose2_d32__rosidl_typesupport_introspection_c.h
[1.843s] -- Up-to-date symlink: /home/ik/aws_ws/install/nav_2d_msgs/include/nav_2d_msgs/msg/detail/pose2_d_stamped__rosidl_typesupport_introspection_c.h
[1.843s] -- Up-to-date symlink: /home/ik/aws_ws/install/nav_2d_msgs/include/nav_2d_msgs/msg/detail/twist2_d32__rosidl_typesupport_introspection_c.h
[1.843s] -- Up-to-date symlink: /home/ik/aws_ws/install/nav_2d_msgs/include/nav_2d_msgs/msg/detail/twist2_d__rosidl_typesupport_introspection_c.h
[1.843s] -- Up-to-date symlink: /home/ik/aws_ws/install/nav_2d_msgs/include/nav_2d_msgs/msg/detail/twist2_d_stamped__rosidl_typesupport_introspection_c.h
[1.844s] -- Up-to-date symlink: /home/ik/aws_ws/install/nav_2d_msgs/include/nav_2d_msgs/msg/rosidl_typesupport_introspection_c__visibility_control.h
[1.844s] -- Up-to-date symlink: /home/ik/aws_ws/install/nav_2d_msgs/include/nav_2d_msgs/msg/detail/path2_d__builder.hpp
[1.844s] -- Up-to-date symlink: /home/ik/aws_ws/install/nav_2d_msgs/include/nav_2d_msgs/msg/detail/path2_d__struct.hpp
[1.844s] -- Up-to-date symlink: /home/ik/aws_ws/install/nav_2d_msgs/include/nav_2d_msgs/msg/detail/path2_d__traits.hpp
[1.844s] -- Up-to-date symlink: /home/ik/aws_ws/install/nav_2d_msgs/include/nav_2d_msgs/msg/detail/pose2_d32__builder.hpp
[1.844s] -- Up-to-date symlink: /home/ik/aws_ws/install/nav_2d_msgs/include/nav_2d_msgs/msg/detail/pose2_d32__struct.hpp
[1.845s] -- Up-to-date symlink: /home/ik/aws_ws/install/nav_2d_msgs/include/nav_2d_msgs/msg/detail/pose2_d32__traits.hpp
[1.845s] -- Up-to-date symlink: /home/ik/aws_ws/install/nav_2d_msgs/include/nav_2d_msgs/msg/detail/pose2_d_stamped__builder.hpp
[1.847s] -- Up-to-date symlink: /home/ik/aws_ws/install/nav_2d_msgs/include/nav_2d_msgs/msg/detail/pose2_d_stamped__struct.hpp
[1.849s] -- Up-to-date symlink: /home/ik/aws_ws/install/nav_2d_msgs/include/nav_2d_msgs/msg/detail/pose2_d_stamped__traits.hpp
[1.849s] -- Up-to-date symlink: /home/ik/aws_ws/install/nav_2d_msgs/include/nav_2d_msgs/msg/detail/twist2_d32__builder.hpp
[1.850s] -- Up-to-date symlink: /home/ik/aws_ws/install/nav_2d_msgs/include/nav_2d_msgs/msg/detail/twist2_d32__struct.hpp
[1.850s] -- Up-to-date symlink: /home/ik/aws_ws/install/nav_2d_msgs/include/nav_2d_msgs/msg/detail/twist2_d32__traits.hpp
[1.850s] -- Up-to-date symlink: /home/ik/aws_ws/install/nav_2d_msgs/include/nav_2d_msgs/msg/detail/twist2_d__builder.hpp
[1.850s] -- Up-to-date symlink: /home/ik/aws_ws/install/nav_2d_msgs/include/nav_2d_msgs/msg/detail/twist2_d__struct.hpp
[1.850s] -- Up-to-date symlink: /home/ik/aws_ws/install/nav_2d_msgs/include/nav_2d_msgs/msg/detail/twist2_d__traits.hpp
[1.850s] -- Up-to-date symlink: /home/ik/aws_ws/install/nav_2d_msgs/include/nav_2d_msgs/msg/detail/twist2_d_stamped__builder.hpp
[1.850s] -- Up-to-date symlink: /home/ik/aws_ws/install/nav_2d_msgs/include/nav_2d_msgs/msg/detail/twist2_d_stamped__struct.hpp
[1.850s] -- Up-to-date symlink: /home/ik/aws_ws/install/nav_2d_msgs/include/nav_2d_msgs/msg/detail/twist2_d_stamped__traits.hpp
[1.851s] -- Up-to-date symlink: /home/ik/aws_ws/install/nav_2d_msgs/include/nav_2d_msgs/msg/path2_d.hpp
[1.851s] -- Up-to-date symlink: /home/ik/aws_ws/install/nav_2d_msgs/include/nav_2d_msgs/msg/pose2_d32.hpp
[1.851s] -- Up-to-date symlink: /home/ik/aws_ws/install/nav_2d_msgs/include/nav_2d_msgs/msg/pose2_d_stamped.hpp
[1.851s] -- Up-to-date symlink: /home/ik/aws_ws/install/nav_2d_msgs/include/nav_2d_msgs/msg/twist2_d.hpp
[1.851s] -- Up-to-date symlink: /home/ik/aws_ws/install/nav_2d_msgs/include/nav_2d_msgs/msg/twist2_d32.hpp
[1.851s] -- Up-to-date symlink: /home/ik/aws_ws/install/nav_2d_msgs/include/nav_2d_msgs/msg/twist2_d_stamped.hpp
[1.851s] -- Up-to-date symlink: /home/ik/aws_ws/install/nav_2d_msgs/include/nav_2d_msgs/msg/detail/path2_d__rosidl_typesupport_introspection_cpp.hpp
[1.851s] -- Up-to-date symlink: /home/ik/aws_ws/install/nav_2d_msgs/include/nav_2d_msgs/msg/detail/pose2_d32__rosidl_typesupport_introspection_cpp.hpp
[1.851s] -- Up-to-date symlink: /home/ik/aws_ws/install/nav_2d_msgs/include/nav_2d_msgs/msg/detail/pose2_d_stamped__rosidl_typesupport_introspection_cpp.hpp
[1.851s] -- Up-to-date symlink: /home/ik/aws_ws/install/nav_2d_msgs/include/nav_2d_msgs/msg/detail/twist2_d32__rosidl_typesupport_introspection_cpp.hpp
[1.851s] -- Up-to-date symlink: /home/ik/aws_ws/install/nav_2d_msgs/include/nav_2d_msgs/msg/detail/twist2_d__rosidl_typesupport_introspection_cpp.hpp
[1.851s] -- Up-to-date symlink: /home/ik/aws_ws/install/nav_2d_msgs/include/nav_2d_msgs/msg/detail/twist2_d_stamped__rosidl_typesupport_introspection_cpp.hpp
[1.852s] -- Up-to-date symlink: /home/ik/aws_ws/install/nav_2d_msgs/share/nav_2d_msgs/environment/pythonpath.sh
[1.852s] -- Up-to-date symlink: /home/ik/aws_ws/install/nav_2d_msgs/share/nav_2d_msgs/environment/pythonpath.dsv
[1.852s] -- Up-to-date symlink: /home/ik/aws_ws/install/nav_2d_msgs/lib/python3.8/site-packages/nav_2d_msgs/__init__.py
[1.852s] -- Up-to-date symlink: /home/ik/aws_ws/install/nav_2d_msgs/lib/python3.8/site-packages/nav_2d_msgs/msg/__init__.py
[1.852s] -- Up-to-date symlink: /home/ik/aws_ws/install/nav_2d_msgs/lib/python3.8/site-packages/nav_2d_msgs/msg/_path2_d.py
[1.852s] -- Up-to-date symlink: /home/ik/aws_ws/install/nav_2d_msgs/lib/python3.8/site-packages/nav_2d_msgs/msg/_pose2_d32.py
[1.852s] -- Up-to-date symlink: /home/ik/aws_ws/install/nav_2d_msgs/lib/python3.8/site-packages/nav_2d_msgs/msg/_pose2_d_stamped.py
[1.852s] -- Up-to-date symlink: /home/ik/aws_ws/install/nav_2d_msgs/lib/python3.8/site-packages/nav_2d_msgs/msg/_twist2_d.py
[1.852s] -- Up-to-date symlink: /home/ik/aws_ws/install/nav_2d_msgs/lib/python3.8/site-packages/nav_2d_msgs/msg/_twist2_d32.py
[1.853s] -- Up-to-date symlink: /home/ik/aws_ws/install/nav_2d_msgs/lib/python3.8/site-packages/nav_2d_msgs/msg/_twist2_d_stamped.py
[1.853s] -- Up-to-date symlink: /home/ik/aws_ws/install/nav_2d_msgs/lib/python3.8/site-packages/nav_2d_msgs/nav_2d_msgs_s__rosidl_typesupport_fastrtps_c.cpython-38-x86_64-linux-gnu.so
[1.853s] -- Up-to-date symlink: /home/ik/aws_ws/install/nav_2d_msgs/lib/python3.8/site-packages/nav_2d_msgs/nav_2d_msgs_s__rosidl_typesupport_introspection_c.cpython-38-x86_64-linux-gnu.so
[1.853s] -- Up-to-date symlink: /home/ik/aws_ws/install/nav_2d_msgs/lib/python3.8/site-packages/nav_2d_msgs/nav_2d_msgs_s__rosidl_typesupport_c.cpython-38-x86_64-linux-gnu.so
[1.853s] -- Up-to-date symlink: /home/ik/aws_ws/install/nav_2d_msgs/lib/libnav_2d_msgs__python.so
[1.854s] -- Up-to-date symlink: /home/ik/aws_ws/install/nav_2d_msgs/share/nav_2d_msgs/msg/Path2D.idl
[1.854s] -- Up-to-date symlink: /home/ik/aws_ws/install/nav_2d_msgs/share/nav_2d_msgs/msg/Pose2D32.idl
[1.854s] -- Up-to-date symlink: /home/ik/aws_ws/install/nav_2d_msgs/share/nav_2d_msgs/msg/Pose2DStamped.idl
[1.854s] -- Up-to-date symlink: /home/ik/aws_ws/install/nav_2d_msgs/share/nav_2d_msgs/msg/Twist2D.idl
[1.854s] -- Up-to-date symlink: /home/ik/aws_ws/install/nav_2d_msgs/share/nav_2d_msgs/msg/Twist2D32.idl
[1.855s] -- Up-to-date symlink: /home/ik/aws_ws/install/nav_2d_msgs/share/nav_2d_msgs/msg/Twist2DStamped.idl
[1.855s] -- Up-to-date symlink: /home/ik/aws_ws/install/nav_2d_msgs/share/nav_2d_msgs/msg/Path2D.msg
[1.855s] -- Up-to-date symlink: /home/ik/aws_ws/install/nav_2d_msgs/share/nav_2d_msgs/msg/Pose2D32.msg
[1.855s] -- Up-to-date symlink: /home/ik/aws_ws/install/nav_2d_msgs/share/nav_2d_msgs/msg/Pose2DStamped.msg
[1.856s] -- Up-to-date symlink: /home/ik/aws_ws/install/nav_2d_msgs/share/nav_2d_msgs/msg/Twist2D.msg
[1.856s] -- Up-to-date symlink: /home/ik/aws_ws/install/nav_2d_msgs/share/nav_2d_msgs/msg/Twist2D32.msg
[1.856s] -- Up-to-date symlink: /home/ik/aws_ws/install/nav_2d_msgs/share/nav_2d_msgs/msg/Twist2DStamped.msg
[1.856s] -- Up-to-date symlink: /home/ik/aws_ws/install/nav_2d_msgs/share/ament_index/resource_index/package_run_dependencies/nav_2d_msgs
[1.856s] -- Up-to-date symlink: /home/ik/aws_ws/install/nav_2d_msgs/share/ament_index/resource_index/parent_prefix_path/nav_2d_msgs
[1.857s] -- Up-to-date symlink: /home/ik/aws_ws/install/nav_2d_msgs/share/nav_2d_msgs/environment/ament_prefix_path.sh
[1.857s] -- Up-to-date symlink: /home/ik/aws_ws/install/nav_2d_msgs/share/nav_2d_msgs/environment/ament_prefix_path.dsv
[1.857s] -- Up-to-date symlink: /home/ik/aws_ws/install/nav_2d_msgs/share/nav_2d_msgs/environment/path.sh
[1.857s] -- Up-to-date symlink: /home/ik/aws_ws/install/nav_2d_msgs/share/nav_2d_msgs/environment/path.dsv
[1.857s] -- Up-to-date symlink: /home/ik/aws_ws/install/nav_2d_msgs/share/nav_2d_msgs/local_setup.bash
[1.858s] -- Up-to-date symlink: /home/ik/aws_ws/install/nav_2d_msgs/share/nav_2d_msgs/local_setup.sh
[1.858s] -- Up-to-date symlink: /home/ik/aws_ws/install/nav_2d_msgs/share/nav_2d_msgs/local_setup.zsh
[1.858s] -- Up-to-date symlink: /home/ik/aws_ws/install/nav_2d_msgs/share/nav_2d_msgs/local_setup.dsv
[1.858s] -- Symlinking: /home/ik/aws_ws/install/nav_2d_msgs/share/nav_2d_msgs/package.dsv
[1.876s] -- Up-to-date symlink: /home/ik/aws_ws/install/nav_2d_msgs/share/ament_index/resource_index/packages/nav_2d_msgs
[1.877s] -- Up-to-date symlink: /home/ik/aws_ws/install/nav_2d_msgs/share/nav_2d_msgs/cmake/rosidl_cmake-extras.cmake
[1.877s] -- Up-to-date symlink: /home/ik/aws_ws/install/nav_2d_msgs/share/nav_2d_msgs/cmake/ament_cmake_export_dependencies-extras.cmake
[1.877s] -- Up-to-date symlink: /home/ik/aws_ws/install/nav_2d_msgs/share/nav_2d_msgs/cmake/ament_cmake_export_libraries-extras.cmake
[1.877s] -- Up-to-date symlink: /home/ik/aws_ws/install/nav_2d_msgs/share/nav_2d_msgs/cmake/ament_cmake_export_targets-extras.cmake
[1.877s] -- Up-to-date symlink: /home/ik/aws_ws/install/nav_2d_msgs/share/nav_2d_msgs/cmake/ament_cmake_export_include_directories-extras.cmake
[1.877s] -- Up-to-date symlink: /home/ik/aws_ws/install/nav_2d_msgs/share/nav_2d_msgs/cmake/rosidl_cmake_export_typesupport_libraries-extras.cmake
[1.877s] -- Up-to-date symlink: /home/ik/aws_ws/install/nav_2d_msgs/share/nav_2d_msgs/cmake/rosidl_cmake_export_typesupport_targets-extras.cmake
[1.877s] -- Up-to-date symlink: /home/ik/aws_ws/install/nav_2d_msgs/share/nav_2d_msgs/cmake/nav_2d_msgsConfig.cmake
[1.878s] -- Up-to-date symlink: /home/ik/aws_ws/install/nav_2d_msgs/share/nav_2d_msgs/cmake/nav_2d_msgsConfig-version.cmake
[1.878s] -- Up-to-date symlink: /home/ik/aws_ws/install/nav_2d_msgs/share/nav_2d_msgs/package.xml
[1.878s] -- Up-to-date: /home/ik/aws_ws/install/nav_2d_msgs/lib/libnav_2d_msgs__rosidl_generator_c.so
[1.878s] -- Up-to-date: /home/ik/aws_ws/install/nav_2d_msgs/lib/libnav_2d_msgs__rosidl_typesupport_introspection_c.so
[1.878s] -- Up-to-date: /home/ik/aws_ws/install/nav_2d_msgs/lib/libnav_2d_msgs__rosidl_typesupport_c.so
[1.879s] -- Up-to-date: /home/ik/aws_ws/install/nav_2d_msgs/lib/libnav_2d_msgs__rosidl_typesupport_introspection_cpp.so
[1.879s] -- Up-to-date: /home/ik/aws_ws/install/nav_2d_msgs/lib/libnav_2d_msgs__rosidl_typesupport_cpp.so
[1.913s] Compiling '/home/ik/aws_ws/install/nav_2d_msgs/lib/python3.8/site-packages/nav_2d_msgs/__init__.py'...
[1.917s] -- Up-to-date: /home/ik/aws_ws/install/nav_2d_msgs/share/nav_2d_msgs/cmake/nav_2d_msgs__rosidl_generator_cExport.cmake
[1.917s] -- Installing: /home/ik/aws_ws/install/nav_2d_msgs/share/nav_2d_msgs/cmake/nav_2d_msgs__rosidl_generator_cExport-noconfig.cmake
[1.918s] -- Up-to-date: /home/ik/aws_ws/install/nav_2d_msgs/share/nav_2d_msgs/cmake/nav_2d_msgs__rosidl_typesupport_introspection_cExport.cmake
[1.918s] -- Installing: /home/ik/aws_ws/install/nav_2d_msgs/share/nav_2d_msgs/cmake/nav_2d_msgs__rosidl_typesupport_introspection_cExport-noconfig.cmake
[1.919s] -- Up-to-date: /home/ik/aws_ws/install/nav_2d_msgs/share/nav_2d_msgs/cmake/nav_2d_msgs__rosidl_typesupport_cExport.cmake
[1.919s] -- Installing: /home/ik/aws_ws/install/nav_2d_msgs/share/nav_2d_msgs/cmake/nav_2d_msgs__rosidl_typesupport_cExport-noconfig.cmake
[1.919s] -- Up-to-date: /home/ik/aws_ws/install/nav_2d_msgs/share/nav_2d_msgs/cmake/nav_2d_msgs__rosidl_generator_cppExport.cmake
[1.919s] -- Up-to-date: /home/ik/aws_ws/install/nav_2d_msgs/share/nav_2d_msgs/cmake/nav_2d_msgs__rosidl_typesupport_introspection_cppExport.cmake
[1.919s] -- Installing: /home/ik/aws_ws/install/nav_2d_msgs/share/nav_2d_msgs/cmake/nav_2d_msgs__rosidl_typesupport_introspection_cppExport-noconfig.cmake
[1.920s] -- Up-to-date: /home/ik/aws_ws/install/nav_2d_msgs/share/nav_2d_msgs/cmake/nav_2d_msgs__rosidl_typesupport_cppExport.cmake
[1.920s] -- Installing: /home/ik/aws_ws/install/nav_2d_msgs/share/nav_2d_msgs/cmake/nav_2d_msgs__rosidl_typesupport_cppExport-noconfig.cmake
[1.930s] Invoked command in '/home/ik/aws_ws/build/nav_2d_msgs' returned '0': CMAKE_PREFIX_PATH=/opt/ros/foxy /usr/bin/cmake --install /home/ik/aws_ws/build/nav_2d_msgs
