[0.033s] Invoking command in '/home/ik/aws_ws/build/costmap_queue': AMENT_PREFIX_PATH=/home/ik/aws_ws/install/nav2_costmap_2d:/home/ik/aws_ws/install/nav2_util:/home/ik/aws_ws/install/nav2_voxel_grid:/home/ik/aws_ws/install/nav2_msgs:/home/ik/aws_ws/install/nav2_common:${AMENT_PREFIX_PATH} CMAKE_PREFIX_PATH=/home/ik/aws_ws/install/nav2_costmap_2d:/home/ik/aws_ws/install/nav2_util:/home/ik/aws_ws/install/nav2_voxel_grid:/home/ik/aws_ws/install/nav2_msgs:/home/ik/aws_ws/install/nav2_common:/opt/ros/foxy LD_LIBRARY_PATH=/home/ik/aws_ws/install/nav2_costmap_2d/lib:/home/ik/aws_ws/install/nav2_util/lib:/home/ik/aws_ws/install/nav2_voxel_grid/lib:/home/ik/aws_ws/install/nav2_msgs/lib:${LD_LIBRARY_PATH} PYTHONPATH=/home/ik/aws_ws/install/nav2_msgs/lib/python3.8/site-packages:/home/ik/aws_ws/install/nav2_common/lib/python3.8/site-packages:${PYTHONPATH} /usr/bin/cmake --build /home/ik/aws_ws/build/costmap_queue -- -j8 -l8
[0.114s] [ 27%] Built target gtest_main
[0.114s] [ 45%] Built target costmap_queue
[0.115s] [ 63%] Built target gtest
[0.147s] [ 81%] Built target mbq_test
[0.152s] [100%] Built target utest
[0.189s] Invoked command in '/home/ik/aws_ws/build/costmap_queue' returned '0': AMENT_PREFIX_PATH=/home/ik/aws_ws/install/nav2_costmap_2d:/home/ik/aws_ws/install/nav2_util:/home/ik/aws_ws/install/nav2_voxel_grid:/home/ik/aws_ws/install/nav2_msgs:/home/ik/aws_ws/install/nav2_common:${AMENT_PREFIX_PATH} CMAKE_PREFIX_PATH=/home/ik/aws_ws/install/nav2_costmap_2d:/home/ik/aws_ws/install/nav2_util:/home/ik/aws_ws/install/nav2_voxel_grid:/home/ik/aws_ws/install/nav2_msgs:/home/ik/aws_ws/install/nav2_common:/opt/ros/foxy LD_LIBRARY_PATH=/home/ik/aws_ws/install/nav2_costmap_2d/lib:/home/ik/aws_ws/install/nav2_util/lib:/home/ik/aws_ws/install/nav2_voxel_grid/lib:/home/ik/aws_ws/install/nav2_msgs/lib:${LD_LIBRARY_PATH} PYTHONPATH=/home/ik/aws_ws/install/nav2_msgs/lib/python3.8/site-packages:/home/ik/aws_ws/install/nav2_common/lib/python3.8/site-packages:${PYTHONPATH} /usr/bin/cmake --build /home/ik/aws_ws/build/costmap_queue -- -j8 -l8
[0.312s] Invoking command in '/home/ik/aws_ws/build/costmap_queue': AMENT_PREFIX_PATH=/home/ik/aws_ws/install/nav2_costmap_2d:/home/ik/aws_ws/install/nav2_util:/home/ik/aws_ws/install/nav2_voxel_grid:/home/ik/aws_ws/install/nav2_msgs:/home/ik/aws_ws/install/nav2_common:${AMENT_PREFIX_PATH} CMAKE_PREFIX_PATH=/home/ik/aws_ws/install/nav2_costmap_2d:/home/ik/aws_ws/install/nav2_util:/home/ik/aws_ws/install/nav2_voxel_grid:/home/ik/aws_ws/install/nav2_msgs:/home/ik/aws_ws/install/nav2_common:/opt/ros/foxy LD_LIBRARY_PATH=/home/ik/aws_ws/install/nav2_costmap_2d/lib:/home/ik/aws_ws/install/nav2_util/lib:/home/ik/aws_ws/install/nav2_voxel_grid/lib:/home/ik/aws_ws/install/nav2_msgs/lib:${LD_LIBRARY_PATH} PYTHONPATH=/home/ik/aws_ws/install/nav2_msgs/lib/python3.8/site-packages:/home/ik/aws_ws/install/nav2_common/lib/python3.8/site-packages:${PYTHONPATH} /usr/bin/cmake --install /home/ik/aws_ws/build/costmap_queue
[0.332s] -- Install configuration: "Release"
[0.332s] -- Execute custom install script
[0.332s] -- Up-to-date symlink: /home/ik/aws_ws/install/costmap_queue/lib/libcostmap_queue.a
[0.332s] -- Up-to-date symlink: /home/ik/aws_ws/install/costmap_queue/include//costmap_queue/costmap_queue.hpp
[0.332s] -- Up-to-date symlink: /home/ik/aws_ws/install/costmap_queue/include//costmap_queue/limited_costmap_queue.hpp
[0.332s] -- Up-to-date symlink: /home/ik/aws_ws/install/costmap_queue/include//costmap_queue/map_based_queue.hpp
[0.332s] -- Up-to-date symlink: /home/ik/aws_ws/install/costmap_queue/share/costmap_queue/environment/library_path.sh
[0.332s] -- Up-to-date symlink: /home/ik/aws_ws/install/costmap_queue/share/costmap_queue/environment/library_path.dsv
[0.332s] -- Up-to-date symlink: /home/ik/aws_ws/install/costmap_queue/share/ament_index/resource_index/package_run_dependencies/costmap_queue
[0.332s] -- Up-to-date symlink: /home/ik/aws_ws/install/costmap_queue/share/ament_index/resource_index/parent_prefix_path/costmap_queue
[0.332s] -- Up-to-date symlink: /home/ik/aws_ws/install/costmap_queue/share/costmap_queue/environment/ament_prefix_path.sh
[0.332s] -- Up-to-date symlink: /home/ik/aws_ws/install/costmap_queue/share/costmap_queue/environment/ament_prefix_path.dsv
[0.332s] -- Up-to-date symlink: /home/ik/aws_ws/install/costmap_queue/share/costmap_queue/environment/path.sh
[0.333s] -- Up-to-date symlink: /home/ik/aws_ws/install/costmap_queue/share/costmap_queue/environment/path.dsv
[0.333s] -- Up-to-date symlink: /home/ik/aws_ws/install/costmap_queue/share/costmap_queue/local_setup.bash
[0.333s] -- Up-to-date symlink: /home/ik/aws_ws/install/costmap_queue/share/costmap_queue/local_setup.sh
[0.333s] -- Up-to-date symlink: /home/ik/aws_ws/install/costmap_queue/share/costmap_queue/local_setup.zsh
[0.333s] -- Up-to-date symlink: /home/ik/aws_ws/install/costmap_queue/share/costmap_queue/local_setup.dsv
[0.333s] -- Symlinking: /home/ik/aws_ws/install/costmap_queue/share/costmap_queue/package.dsv
[0.341s] -- Up-to-date symlink: /home/ik/aws_ws/install/costmap_queue/share/ament_index/resource_index/packages/costmap_queue
[0.342s] -- Up-to-date symlink: /home/ik/aws_ws/install/costmap_queue/share/costmap_queue/cmake/ament_cmake_export_include_directories-extras.cmake
[0.342s] -- Up-to-date symlink: /home/ik/aws_ws/install/costmap_queue/share/costmap_queue/cmake/ament_cmake_export_libraries-extras.cmake
[0.342s] -- Up-to-date symlink: /home/ik/aws_ws/install/costmap_queue/share/costmap_queue/cmake/costmap_queueConfig.cmake
[0.342s] -- Up-to-date symlink: /home/ik/aws_ws/install/costmap_queue/share/costmap_queue/cmake/costmap_queueConfig-version.cmake
[0.342s] -- Up-to-date symlink: /home/ik/aws_ws/install/costmap_queue/share/costmap_queue/package.xml
[0.369s] Invoked command in '/home/ik/aws_ws/build/costmap_queue' returned '0': AMENT_PREFIX_PATH=/home/ik/aws_ws/install/nav2_costmap_2d:/home/ik/aws_ws/install/nav2_util:/home/ik/aws_ws/install/nav2_voxel_grid:/home/ik/aws_ws/install/nav2_msgs:/home/ik/aws_ws/install/nav2_common:${AMENT_PREFIX_PATH} CMAKE_PREFIX_PATH=/home/ik/aws_ws/install/nav2_costmap_2d:/home/ik/aws_ws/install/nav2_util:/home/ik/aws_ws/install/nav2_voxel_grid:/home/ik/aws_ws/install/nav2_msgs:/home/ik/aws_ws/install/nav2_common:/opt/ros/foxy LD_LIBRARY_PATH=/home/ik/aws_ws/install/nav2_costmap_2d/lib:/home/ik/aws_ws/install/nav2_util/lib:/home/ik/aws_ws/install/nav2_voxel_grid/lib:/home/ik/aws_ws/install/nav2_msgs/lib:${LD_LIBRARY_PATH} PYTHONPATH=/home/ik/aws_ws/install/nav2_msgs/lib/python3.8/site-packages:/home/ik/aws_ws/install/nav2_common/lib/python3.8/site-packages:${PYTHONPATH} /usr/bin/cmake --install /home/ik/aws_ws/build/costmap_queue
