[0.066s] Invoking command in '/home/ik/aws_ws/build/nav2_navfn_planner': AMENT_PREFIX_PATH=/home/ik/aws_ws/install/nav2_core:/home/ik/aws_ws/install/nav2_costmap_2d:/home/ik/aws_ws/install/nav2_util:/home/ik/aws_ws/install/nav2_voxel_grid:/home/ik/aws_ws/install/nav2_msgs:/home/ik/aws_ws/install/nav2_common:${AMENT_PREFIX_PATH} CMAKE_PREFIX_PATH=/home/ik/aws_ws/install/nav2_core:/home/ik/aws_ws/install/nav2_costmap_2d:/home/ik/aws_ws/install/nav2_util:/home/ik/aws_ws/install/nav2_voxel_grid:/home/ik/aws_ws/install/nav2_msgs:/home/ik/aws_ws/install/nav2_common:/opt/ros/foxy LD_LIBRARY_PATH=/home/ik/aws_ws/install/nav2_costmap_2d/lib:/home/ik/aws_ws/install/nav2_util/lib:/home/ik/aws_ws/install/nav2_voxel_grid/lib:/home/ik/aws_ws/install/nav2_msgs/lib:${LD_LIBRARY_PATH} PYTHONPATH=/home/ik/aws_ws/install/nav2_msgs/lib/python3.8/site-packages:/home/ik/aws_ws/install/nav2_common/lib/python3.8/site-packages:${PYTHONPATH} /usr/bin/cmake /home/ik/aws_ws/src/navigation2/nav2_navfn_planner -DCMAKE_INSTALL_PREFIX=/home/ik/aws_ws/install/nav2_navfn_planner
[0.101s] -- Found ament_cmake: 0.9.11 (/opt/ros/foxy/share/ament_cmake/cmake)
[0.114s] -- Using PYTHON_EXECUTABLE: /usr/bin/python3
[0.308s] -- Override CMake install command with custom implementation using symlinks instead of copying resources
[0.318s] -- Found nav2_common: 0.4.7 (/home/ik/aws_ws/install/nav2_common/share/nav2_common/cmake)
[0.318s] -- Found rclcpp: 2.4.2 (/opt/ros/foxy/share/rclcpp/cmake)
[0.363s] -- Using all available rosidl_typesupport_c: rosidl_typesupport_fastrtps_c;rosidl_typesupport_introspection_c
[0.367s] -- Found rosidl_adapter: 1.3.0 (/opt/ros/foxy/share/rosidl_adapter/cmake)
[0.533s] -- Using all available rosidl_typesupport_cpp: rosidl_typesupport_fastrtps_cpp;rosidl_typesupport_introspection_cpp
[0.595s] -- Found rmw_implementation_cmake: 1.0.4 (/opt/ros/foxy/share/rmw_implementation_cmake/cmake)
[0.597s] -- Using RMW implementation 'rmw_fastrtps_cpp' as default
[0.781s] -- Found rclcpp_action: 2.4.2 (/opt/ros/foxy/share/rclcpp_action/cmake)
[0.875s] -- Found rclcpp_lifecycle: 2.4.2 (/opt/ros/foxy/share/rclcpp_lifecycle/cmake)
[0.912s] -- Found visualization_msgs: 2.0.5 (/opt/ros/foxy/share/visualization_msgs/cmake)
[1.060s] -- Found nav2_util: 0.4.7 (/home/ik/aws_ws/install/nav2_util/share/nav2_util/cmake)
[1.982s] -- Found eigen3_cmake_module: 0.1.1 (/opt/ros/foxy/share/eigen3_cmake_module/cmake)
[2.163s] -- Found nav2_core: 0.4.7 (/home/ik/aws_ws/install/nav2_core/share/nav2_core/cmake)
[6.429s] -- Found ament_lint_auto: 0.9.8 (/opt/ros/foxy/share/ament_lint_auto/cmake)
[6.530s] -- Added test 'copyright' to check source files copyright and LICENSE
[6.531s] -- Added test 'cppcheck' to perform static code analysis on C / C++ code
[6.531s] -- Configured cppcheck include dirs: /home/ik/aws_ws/src/navigation2/nav2_navfn_planner/include
[6.532s] -- Configured cppcheck exclude dirs and/or files: 
[6.533s] -- Added test 'cpplint' to check C / C++ code against the Google style
[6.533s] -- Configured cpplint exclude dirs and/or files: 
[6.534s] -- Added test 'lint_cmake' to check CMake code style
[6.535s] -- Added test 'uncrustify' to check C / C++ code style
[6.535s] -- Configured uncrustify additional arguments: 
[6.536s] -- Added test 'xmllint' to check XML markup files
[6.545s] -- Configuring done
[6.595s] -- Generating done
[6.598s] -- Build files have been written to: /home/ik/aws_ws/build/nav2_navfn_planner
[6.614s] Invoked command in '/home/ik/aws_ws/build/nav2_navfn_planner' returned '0': AMENT_PREFIX_PATH=/home/ik/aws_ws/install/nav2_core:/home/ik/aws_ws/install/nav2_costmap_2d:/home/ik/aws_ws/install/nav2_util:/home/ik/aws_ws/install/nav2_voxel_grid:/home/ik/aws_ws/install/nav2_msgs:/home/ik/aws_ws/install/nav2_common:${AMENT_PREFIX_PATH} CMAKE_PREFIX_PATH=/home/ik/aws_ws/install/nav2_core:/home/ik/aws_ws/install/nav2_costmap_2d:/home/ik/aws_ws/install/nav2_util:/home/ik/aws_ws/install/nav2_voxel_grid:/home/ik/aws_ws/install/nav2_msgs:/home/ik/aws_ws/install/nav2_common:/opt/ros/foxy LD_LIBRARY_PATH=/home/ik/aws_ws/install/nav2_costmap_2d/lib:/home/ik/aws_ws/install/nav2_util/lib:/home/ik/aws_ws/install/nav2_voxel_grid/lib:/home/ik/aws_ws/install/nav2_msgs/lib:${LD_LIBRARY_PATH} PYTHONPATH=/home/ik/aws_ws/install/nav2_msgs/lib/python3.8/site-packages:/home/ik/aws_ws/install/nav2_common/lib/python3.8/site-packages:${PYTHONPATH} /usr/bin/cmake /home/ik/aws_ws/src/navigation2/nav2_navfn_planner -DCMAKE_INSTALL_PREFIX=/home/ik/aws_ws/install/nav2_navfn_planner
[6.619s] Invoking command in '/home/ik/aws_ws/build/nav2_navfn_planner': AMENT_PREFIX_PATH=/home/ik/aws_ws/install/nav2_core:/home/ik/aws_ws/install/nav2_costmap_2d:/home/ik/aws_ws/install/nav2_util:/home/ik/aws_ws/install/nav2_voxel_grid:/home/ik/aws_ws/install/nav2_msgs:/home/ik/aws_ws/install/nav2_common:${AMENT_PREFIX_PATH} CMAKE_PREFIX_PATH=/home/ik/aws_ws/install/nav2_core:/home/ik/aws_ws/install/nav2_costmap_2d:/home/ik/aws_ws/install/nav2_util:/home/ik/aws_ws/install/nav2_voxel_grid:/home/ik/aws_ws/install/nav2_msgs:/home/ik/aws_ws/install/nav2_common:/opt/ros/foxy LD_LIBRARY_PATH=/home/ik/aws_ws/install/nav2_costmap_2d/lib:/home/ik/aws_ws/install/nav2_util/lib:/home/ik/aws_ws/install/nav2_voxel_grid/lib:/home/ik/aws_ws/install/nav2_msgs/lib:${LD_LIBRARY_PATH} PYTHONPATH=/home/ik/aws_ws/install/nav2_msgs/lib/python3.8/site-packages:/home/ik/aws_ws/install/nav2_common/lib/python3.8/site-packages:${PYTHONPATH} /usr/bin/cmake --build /home/ik/aws_ws/build/nav2_navfn_planner -- -j8 -l8
[7.631s] [35m[1mScanning dependencies of target nav2_navfn_planner[0m
[7.632s] [ 33%] [32mBuilding CXX object CMakeFiles/nav2_navfn_planner.dir/src/navfn.cpp.o[0m
[7.632s] [ 66%] [32mBuilding CXX object CMakeFiles/nav2_navfn_planner.dir/src/navfn_planner.cpp.o[0m
[21.970s] [100%] [32m[1mLinking CXX shared library libnav2_navfn_planner.so[0m
[22.699s] [100%] Built target nav2_navfn_planner
[22.732s] Invoked command in '/home/ik/aws_ws/build/nav2_navfn_planner' returned '0': AMENT_PREFIX_PATH=/home/ik/aws_ws/install/nav2_core:/home/ik/aws_ws/install/nav2_costmap_2d:/home/ik/aws_ws/install/nav2_util:/home/ik/aws_ws/install/nav2_voxel_grid:/home/ik/aws_ws/install/nav2_msgs:/home/ik/aws_ws/install/nav2_common:${AMENT_PREFIX_PATH} CMAKE_PREFIX_PATH=/home/ik/aws_ws/install/nav2_core:/home/ik/aws_ws/install/nav2_costmap_2d:/home/ik/aws_ws/install/nav2_util:/home/ik/aws_ws/install/nav2_voxel_grid:/home/ik/aws_ws/install/nav2_msgs:/home/ik/aws_ws/install/nav2_common:/opt/ros/foxy LD_LIBRARY_PATH=/home/ik/aws_ws/install/nav2_costmap_2d/lib:/home/ik/aws_ws/install/nav2_util/lib:/home/ik/aws_ws/install/nav2_voxel_grid/lib:/home/ik/aws_ws/install/nav2_msgs/lib:${LD_LIBRARY_PATH} PYTHONPATH=/home/ik/aws_ws/install/nav2_msgs/lib/python3.8/site-packages:/home/ik/aws_ws/install/nav2_common/lib/python3.8/site-packages:${PYTHONPATH} /usr/bin/cmake --build /home/ik/aws_ws/build/nav2_navfn_planner -- -j8 -l8
[23.057s] Invoking command in '/home/ik/aws_ws/build/nav2_navfn_planner': AMENT_PREFIX_PATH=/home/ik/aws_ws/install/nav2_core:/home/ik/aws_ws/install/nav2_costmap_2d:/home/ik/aws_ws/install/nav2_util:/home/ik/aws_ws/install/nav2_voxel_grid:/home/ik/aws_ws/install/nav2_msgs:/home/ik/aws_ws/install/nav2_common:${AMENT_PREFIX_PATH} CMAKE_PREFIX_PATH=/home/ik/aws_ws/install/nav2_core:/home/ik/aws_ws/install/nav2_costmap_2d:/home/ik/aws_ws/install/nav2_util:/home/ik/aws_ws/install/nav2_voxel_grid:/home/ik/aws_ws/install/nav2_msgs:/home/ik/aws_ws/install/nav2_common:/opt/ros/foxy LD_LIBRARY_PATH=/home/ik/aws_ws/install/nav2_costmap_2d/lib:/home/ik/aws_ws/install/nav2_util/lib:/home/ik/aws_ws/install/nav2_voxel_grid/lib:/home/ik/aws_ws/install/nav2_msgs/lib:${LD_LIBRARY_PATH} PYTHONPATH=/home/ik/aws_ws/install/nav2_msgs/lib/python3.8/site-packages:/home/ik/aws_ws/install/nav2_common/lib/python3.8/site-packages:${PYTHONPATH} /usr/bin/cmake --install /home/ik/aws_ws/build/nav2_navfn_planner
[29.863s] -- Install configuration: "Release"
[29.864s] -- Execute custom install script
[29.864s] -- Up-to-date symlink: /home/ik/aws_ws/install/nav2_navfn_planner/share/nav2_navfn_planner//global_planner_plugin.xml
[29.864s] -- Up-to-date symlink: /home/ik/aws_ws/install/nav2_navfn_planner/lib/libnav2_navfn_planner.so
[29.864s] -- Up-to-date symlink: /home/ik/aws_ws/install/nav2_navfn_planner/include//nav2_navfn_planner/navfn.hpp
[29.864s] -- Up-to-date symlink: /home/ik/aws_ws/install/nav2_navfn_planner/include//nav2_navfn_planner/navfn_planner.hpp
[29.864s] -- Up-to-date symlink: /home/ik/aws_ws/install/nav2_navfn_planner/share/nav2_navfn_planner/global_planner_plugin.xml
[29.864s] -- Up-to-date symlink: /home/ik/aws_ws/install/nav2_navfn_planner/share/nav2_navfn_planner/environment/library_path.sh
[29.864s] -- Up-to-date symlink: /home/ik/aws_ws/install/nav2_navfn_planner/share/nav2_navfn_planner/environment/library_path.dsv
[29.864s] -- Up-to-date symlink: /home/ik/aws_ws/install/nav2_navfn_planner/share/ament_index/resource_index/package_run_dependencies/nav2_navfn_planner
[29.864s] -- Up-to-date symlink: /home/ik/aws_ws/install/nav2_navfn_planner/share/ament_index/resource_index/parent_prefix_path/nav2_navfn_planner
[29.864s] -- Up-to-date symlink: /home/ik/aws_ws/install/nav2_navfn_planner/share/nav2_navfn_planner/environment/ament_prefix_path.sh
[29.864s] -- Up-to-date symlink: /home/ik/aws_ws/install/nav2_navfn_planner/share/nav2_navfn_planner/environment/ament_prefix_path.dsv
[29.864s] -- Up-to-date symlink: /home/ik/aws_ws/install/nav2_navfn_planner/share/nav2_navfn_planner/environment/path.sh
[29.864s] -- Up-to-date symlink: /home/ik/aws_ws/install/nav2_navfn_planner/share/nav2_navfn_planner/environment/path.dsv
[29.864s] -- Up-to-date symlink: /home/ik/aws_ws/install/nav2_navfn_planner/share/nav2_navfn_planner/local_setup.bash
[29.864s] -- Up-to-date symlink: /home/ik/aws_ws/install/nav2_navfn_planner/share/nav2_navfn_planner/local_setup.sh
[29.865s] -- Up-to-date symlink: /home/ik/aws_ws/install/nav2_navfn_planner/share/nav2_navfn_planner/local_setup.zsh
[29.865s] -- Up-to-date symlink: /home/ik/aws_ws/install/nav2_navfn_planner/share/nav2_navfn_planner/local_setup.dsv
[29.865s] -- Symlinking: /home/ik/aws_ws/install/nav2_navfn_planner/share/nav2_navfn_planner/package.dsv
[29.865s] -- Up-to-date symlink: /home/ik/aws_ws/install/nav2_navfn_planner/share/ament_index/resource_index/packages/nav2_navfn_planner
[29.865s] -- Up-to-date symlink: /home/ik/aws_ws/install/nav2_navfn_planner/share/ament_index/resource_index/nav2_core__pluginlib__plugin/nav2_navfn_planner
[29.865s] -- Up-to-date symlink: /home/ik/aws_ws/install/nav2_navfn_planner/share/nav2_navfn_planner/cmake/ament_cmake_export_include_directories-extras.cmake
[29.865s] -- Up-to-date symlink: /home/ik/aws_ws/install/nav2_navfn_planner/share/nav2_navfn_planner/cmake/ament_cmake_export_libraries-extras.cmake
[29.865s] -- Up-to-date symlink: /home/ik/aws_ws/install/nav2_navfn_planner/share/nav2_navfn_planner/cmake/ament_cmake_export_dependencies-extras.cmake
[29.865s] -- Up-to-date symlink: /home/ik/aws_ws/install/nav2_navfn_planner/share/nav2_navfn_planner/cmake/ament_cmake_export_definitions-extras.cmake
[29.865s] -- Up-to-date symlink: /home/ik/aws_ws/install/nav2_navfn_planner/share/nav2_navfn_planner/cmake/nav2_navfn_plannerConfig.cmake
[29.865s] -- Up-to-date symlink: /home/ik/aws_ws/install/nav2_navfn_planner/share/nav2_navfn_planner/cmake/nav2_navfn_plannerConfig-version.cmake
[29.866s] -- Up-to-date symlink: /home/ik/aws_ws/install/nav2_navfn_planner/share/nav2_navfn_planner/package.xml
[29.876s] Invoked command in '/home/ik/aws_ws/build/nav2_navfn_planner' returned '0': AMENT_PREFIX_PATH=/home/ik/aws_ws/install/nav2_core:/home/ik/aws_ws/install/nav2_costmap_2d:/home/ik/aws_ws/install/nav2_util:/home/ik/aws_ws/install/nav2_voxel_grid:/home/ik/aws_ws/install/nav2_msgs:/home/ik/aws_ws/install/nav2_common:${AMENT_PREFIX_PATH} CMAKE_PREFIX_PATH=/home/ik/aws_ws/install/nav2_core:/home/ik/aws_ws/install/nav2_costmap_2d:/home/ik/aws_ws/install/nav2_util:/home/ik/aws_ws/install/nav2_voxel_grid:/home/ik/aws_ws/install/nav2_msgs:/home/ik/aws_ws/install/nav2_common:/opt/ros/foxy LD_LIBRARY_PATH=/home/ik/aws_ws/install/nav2_costmap_2d/lib:/home/ik/aws_ws/install/nav2_util/lib:/home/ik/aws_ws/install/nav2_voxel_grid/lib:/home/ik/aws_ws/install/nav2_msgs/lib:${LD_LIBRARY_PATH} PYTHONPATH=/home/ik/aws_ws/install/nav2_msgs/lib/python3.8/site-packages:/home/ik/aws_ws/install/nav2_common/lib/python3.8/site-packages:${PYTHONPATH} /usr/bin/cmake --install /home/ik/aws_ws/build/nav2_navfn_planner
