[0.061s] Invoking command in '/home/ik/aws_ws/build/turtlebot3_fake_node': CMAKE_PREFIX_PATH=${CMAKE_PREFIX_PATH}:/opt/ros/foxy /usr/bin/cmake /home/ik/aws_ws/src/turtlebot3_simulations/turtlebot3_fake_node -DAMENT_CMAKE_SYMLINK_INSTALL=1 -DCMAKE_INSTALL_PREFIX=/home/ik/aws_ws/install/turtlebot3_fake_node
[0.307s] -- Found ament_cmake: 0.9.11 (/opt/ros/foxy/share/ament_cmake/cmake)
[0.309s] -- Using PYTHON_EXECUTABLE: /usr/bin/python3
[0.309s] -- Override CMake install command with custom implementation using symlinks instead of copying resources
[0.309s] -- Found geometry_msgs: 2.0.5 (/opt/ros/foxy/share/geometry_msgs/cmake)
[0.320s] -- Using all available rosidl_typesupport_c: rosidl_typesupport_fastrtps_c;rosidl_typesupport_introspection_c
[0.324s] -- Found rosidl_adapter: 1.3.0 (/opt/ros/foxy/share/rosidl_adapter/cmake)
[0.466s] -- Using all available rosidl_typesupport_cpp: rosidl_typesupport_fastrtps_cpp;rosidl_typesupport_introspection_cpp
[0.549s] -- Found nav_msgs: 2.0.5 (/opt/ros/foxy/share/nav_msgs/cmake)
[0.619s] -- Found rclcpp: 2.4.2 (/opt/ros/foxy/share/rclcpp/cmake)
[0.653s] -- Found rmw_implementation_cmake: 1.0.4 (/opt/ros/foxy/share/rmw_implementation_cmake/cmake)
[0.654s] -- Using RMW implementation 'rmw_fastrtps_cpp' as default
[0.783s] -- Found sensor_msgs: 2.0.5 (/opt/ros/foxy/share/sensor_msgs/cmake)
[0.857s] -- Found tf2: 0.13.14 (/opt/ros/foxy/share/tf2/cmake)
[0.868s] -- Found tf2_msgs: 0.13.14 (/opt/ros/foxy/share/tf2_msgs/cmake)
[1.058s] -- Found turtlebot3_msgs: 2.2.1 (/opt/ros/foxy/share/turtlebot3_msgs/cmake)
[1.223s] -- Configuring done
[1.236s] -- Generating done
[1.237s] -- Build files have been written to: /home/ik/aws_ws/build/turtlebot3_fake_node
[1.248s] Invoked command in '/home/ik/aws_ws/build/turtlebot3_fake_node' returned '0': CMAKE_PREFIX_PATH=${CMAKE_PREFIX_PATH}:/opt/ros/foxy /usr/bin/cmake /home/ik/aws_ws/src/turtlebot3_simulations/turtlebot3_fake_node -DAMENT_CMAKE_SYMLINK_INSTALL=1 -DCMAKE_INSTALL_PREFIX=/home/ik/aws_ws/install/turtlebot3_fake_node
[1.253s] Invoking command in '/home/ik/aws_ws/build/turtlebot3_fake_node': CMAKE_PREFIX_PATH=${CMAKE_PREFIX_PATH}:/opt/ros/foxy /usr/bin/cmake --build /home/ik/aws_ws/build/turtlebot3_fake_node -- -j8 -l8
[1.349s] [ 50%] [32m[1mLinking CXX executable turtlebot3_fake_node[0m
[1.781s] [100%] Built target turtlebot3_fake_node
[1.801s] Invoked command in '/home/ik/aws_ws/build/turtlebot3_fake_node' returned '0': CMAKE_PREFIX_PATH=${CMAKE_PREFIX_PATH}:/opt/ros/foxy /usr/bin/cmake --build /home/ik/aws_ws/build/turtlebot3_fake_node -- -j8 -l8
[1.830s] Invoking command in '/home/ik/aws_ws/build/turtlebot3_fake_node': CMAKE_PREFIX_PATH=${CMAKE_PREFIX_PATH}:/opt/ros/foxy /usr/bin/cmake --install /home/ik/aws_ws/build/turtlebot3_fake_node
[1.838s] -- Install configuration: ""
[1.838s] -- Execute custom install script
[1.839s] -- Symlinking: /home/ik/aws_ws/install/turtlebot3_fake_node/lib/turtlebot3_fake_node/turtlebot3_fake_node
[1.851s] -- Symlinking: /home/ik/aws_ws/install/turtlebot3_fake_node/share/turtlebot3_fake_node/launch/rviz2.launch.py
[1.860s] -- Symlinking: /home/ik/aws_ws/install/turtlebot3_fake_node/share/turtlebot3_fake_node/launch/turtlebot3_fake_node.launch.py
[1.873s] -- Symlinking: /home/ik/aws_ws/install/turtlebot3_fake_node/share/turtlebot3_fake_node/param/burger.yaml
[1.888s] -- Symlinking: /home/ik/aws_ws/install/turtlebot3_fake_node/share/turtlebot3_fake_node/param/waffle.yaml
[1.901s] -- Symlinking: /home/ik/aws_ws/install/turtlebot3_fake_node/share/turtlebot3_fake_node/param/waffle_pi.yaml
[1.910s] -- Symlinking: /home/ik/aws_ws/install/turtlebot3_fake_node/share/turtlebot3_fake_node/rviz/model.rviz
[1.924s] -- Symlinking: /home/ik/aws_ws/install/turtlebot3_fake_node/include//turtlebot3_fake_node/turtlebot3_fake_node.hpp
[1.939s] -- Symlinking: /home/ik/aws_ws/install/turtlebot3_fake_node/share/ament_index/resource_index/package_run_dependencies/turtlebot3_fake_node
[1.955s] -- Symlinking: /home/ik/aws_ws/install/turtlebot3_fake_node/share/ament_index/resource_index/parent_prefix_path/turtlebot3_fake_node
[1.965s] -- Symlinking: /home/ik/aws_ws/install/turtlebot3_fake_node/share/turtlebot3_fake_node/environment/ament_prefix_path.sh
[1.975s] -- Symlinking: /home/ik/aws_ws/install/turtlebot3_fake_node/share/turtlebot3_fake_node/environment/ament_prefix_path.dsv
[1.985s] -- Symlinking: /home/ik/aws_ws/install/turtlebot3_fake_node/share/turtlebot3_fake_node/environment/path.sh
[1.996s] -- Symlinking: /home/ik/aws_ws/install/turtlebot3_fake_node/share/turtlebot3_fake_node/environment/path.dsv
[2.006s] -- Symlinking: /home/ik/aws_ws/install/turtlebot3_fake_node/share/turtlebot3_fake_node/local_setup.bash
[2.016s] -- Symlinking: /home/ik/aws_ws/install/turtlebot3_fake_node/share/turtlebot3_fake_node/local_setup.sh
[2.026s] -- Symlinking: /home/ik/aws_ws/install/turtlebot3_fake_node/share/turtlebot3_fake_node/local_setup.zsh
[2.038s] -- Symlinking: /home/ik/aws_ws/install/turtlebot3_fake_node/share/turtlebot3_fake_node/local_setup.dsv
[2.049s] -- Symlinking: /home/ik/aws_ws/install/turtlebot3_fake_node/share/turtlebot3_fake_node/package.dsv
[2.058s] -- Symlinking: /home/ik/aws_ws/install/turtlebot3_fake_node/share/ament_index/resource_index/packages/turtlebot3_fake_node
[2.069s] -- Symlinking: /home/ik/aws_ws/install/turtlebot3_fake_node/share/turtlebot3_fake_node/cmake/ament_cmake_export_include_directories-extras.cmake
[2.080s] -- Symlinking: /home/ik/aws_ws/install/turtlebot3_fake_node/share/turtlebot3_fake_node/cmake/ament_cmake_export_dependencies-extras.cmake
[2.091s] -- Symlinking: /home/ik/aws_ws/install/turtlebot3_fake_node/share/turtlebot3_fake_node/cmake/turtlebot3_fake_nodeConfig.cmake
[2.107s] -- Symlinking: /home/ik/aws_ws/install/turtlebot3_fake_node/share/turtlebot3_fake_node/cmake/turtlebot3_fake_nodeConfig-version.cmake
[2.117s] -- Symlinking: /home/ik/aws_ws/install/turtlebot3_fake_node/share/turtlebot3_fake_node/package.xml
[2.131s] Invoked command in '/home/ik/aws_ws/build/turtlebot3_fake_node' returned '0': CMAKE_PREFIX_PATH=${CMAKE_PREFIX_PATH}:/opt/ros/foxy /usr/bin/cmake --install /home/ik/aws_ws/build/turtlebot3_fake_node
