-- Found ament_cmake: 0.9.11 (/opt/ros/foxy/share/ament_cmake/cmake)
-- Using PYTHON_EXECUTABLE: /usr/bin/python3
-- Override CMake install command with custom implementation using symlinks instead of copying resources
-- Found nav2_common: 0.4.7 (/home/ik/aws_ws/install/nav2_common/share/nav2_common/cmake)
-- Found rclcpp: 2.4.2 (/opt/ros/foxy/share/rclcpp/cmake)
-- Using all available rosidl_typesupport_c: rosidl_typesupport_fastrtps_c;rosidl_typesupport_introspection_c
-- Found rosidl_adapter: 1.3.0 (/opt/ros/foxy/share/rosidl_adapter/cmake)
-- Using all available rosidl_typesupport_cpp: rosidl_typesupport_fastrtps_cpp;rosidl_typesupport_introspection_cpp
-- Found rmw_implementation_cmake: 1.0.4 (/opt/ros/foxy/share/rmw_implementation_cmake/cmake)
-- Using RMW implementation 'rmw_fastrtps_cpp' as default
-- Found rclcpp_action: 2.4.2 (/opt/ros/foxy/share/rclcpp_action/cmake)
-- Found rclcpp_lifecycle: 2.4.2 (/opt/ros/foxy/share/rclcpp_lifecycle/cmake)
-- Found nav2_behavior_tree: 0.4.7 (/home/ik/aws_ws/install/nav2_behavior_tree/share/nav2_behavior_tree/cmake)
-- Found eigen3_cmake_module: 0.1.1 (/opt/ros/foxy/share/eigen3_cmake_module/cmake)
-- Found nav2_costmap_2d: 0.4.7 (/home/ik/aws_ws/install/nav2_costmap_2d/share/nav2_costmap_2d/cmake)
-- Found nav2_core: 0.4.7 (/home/ik/aws_ws/install/nav2_core/share/nav2_core/cmake)
-- Found ament_lint_auto: 0.9.8 (/opt/ros/foxy/share/ament_lint_auto/cmake)
-- Found gtest sources under '/opt/ros/foxy/src/gtest_vendor': C++ tests using 'Google Test' will be built
-- Added test 'copyright' to check source files copyright and LICENSE
-- Added test 'cppcheck' to perform static code analysis on C / C++ code
-- Configured cppcheck include dirs: /home/ik/aws_ws/src/navigation2/nav2_recoveries/include
-- Configured cppcheck exclude dirs and/or files: 
-- Added test 'cpplint' to check C / C++ code against the Google style
-- Configured cpplint exclude dirs and/or files: 
-- Added test 'lint_cmake' to check CMake code style
-- Added test 'uncrustify' to check C / C++ code style
-- Configured uncrustify additional arguments: 
-- Added test 'xmllint' to check XML markup files
-- Configuring done
-- Generating done
-- Build files have been written to: /home/ik/aws_ws/build/nav2_recoveries
[  6%] [32mBuilding CXX object CMakeFiles/nav2_wait_recovery.dir/plugins/wait.cpp.o[0m
[ 12%] [32mBuilding CXX object CMakeFiles/nav2_backup_recovery.dir/plugins/back_up.cpp.o[0m
[ 18%] [32mBuilding CXX object CMakeFiles/recoveries_server_core.dir/src/recovery_server.cpp.o[0m
[ 25%] [32m[1mLinking CXX shared library libnav2_backup_recovery.so[0m
[ 31%] [32m[1mLinking CXX shared library libnav2_wait_recovery.so[0m
[ 31%] Built target nav2_backup_recovery
[ 31%] Built target nav2_wait_recovery
[ 37%] [32m[1mLinking CXX static library librecoveries_server_core.a[0m
[ 37%] Built target recoveries_server_core
[ 50%] Built target gtest_main
[ 56%] [32mBuilding CXX object CMakeFiles/recoveries_server.dir/src/main.cpp.o[0m
[ 62%] [32m[1mLinking CXX executable recoveries_server[0m
[ 62%] Built target recoveries_server
[ 75%] Built target gtest
[ 81%] [32mBuilding CXX object CMakeFiles/nav2_spin_recovery.dir/plugins/spin.cpp.o[0m
[ 87%] [32m[1mLinking CXX shared library libnav2_spin_recovery.so[0m
[ 87%] Built target nav2_spin_recovery
[ 93%] [32mBuilding CXX object test/CMakeFiles/test_recoveries.dir/test_recoveries.cpp.o[0m
[100%] [32m[1mLinking CXX executable test_recoveries[0m
[100%] Built target test_recoveries
-- Install configuration: "Release"
-- Execute custom install script
-- Up-to-date symlink: /home/ik/aws_ws/install/nav2_recoveries/share/nav2_recoveries//recovery_plugin.xml
-- Up-to-date symlink: /home/ik/aws_ws/install/nav2_recoveries/lib/librecoveries_server_core.a
-- Up-to-date symlink: /home/ik/aws_ws/install/nav2_recoveries/lib/libnav2_backup_recovery.so
-- Up-to-date symlink: /home/ik/aws_ws/install/nav2_recoveries/lib/libnav2_spin_recovery.so
-- Up-to-date symlink: /home/ik/aws_ws/install/nav2_recoveries/lib/libnav2_wait_recovery.so
-- Up-to-date symlink: /home/ik/aws_ws/install/nav2_recoveries/lib/nav2_recoveries/recoveries_server
-- Up-to-date symlink: /home/ik/aws_ws/install/nav2_recoveries/include//nav2_recoveries/recovery.hpp
-- Up-to-date symlink: /home/ik/aws_ws/install/nav2_recoveries/include//nav2_recoveries/recovery_server.hpp
-- Up-to-date symlink: /home/ik/aws_ws/install/nav2_recoveries/share/nav2_recoveries/recovery_plugin.xml
-- Up-to-date symlink: /home/ik/aws_ws/install/nav2_recoveries/share/nav2_recoveries/environment/library_path.sh
-- Up-to-date symlink: /home/ik/aws_ws/install/nav2_recoveries/share/nav2_recoveries/environment/library_path.dsv
-- Up-to-date symlink: /home/ik/aws_ws/install/nav2_recoveries/share/ament_index/resource_index/package_run_dependencies/nav2_recoveries
-- Up-to-date symlink: /home/ik/aws_ws/install/nav2_recoveries/share/ament_index/resource_index/parent_prefix_path/nav2_recoveries
-- Up-to-date symlink: /home/ik/aws_ws/install/nav2_recoveries/share/nav2_recoveries/environment/ament_prefix_path.sh
-- Up-to-date symlink: /home/ik/aws_ws/install/nav2_recoveries/share/nav2_recoveries/environment/ament_prefix_path.dsv
-- Up-to-date symlink: /home/ik/aws_ws/install/nav2_recoveries/share/nav2_recoveries/environment/path.sh
-- Up-to-date symlink: /home/ik/aws_ws/install/nav2_recoveries/share/nav2_recoveries/environment/path.dsv
-- Up-to-date symlink: /home/ik/aws_ws/install/nav2_recoveries/share/nav2_recoveries/local_setup.bash
-- Up-to-date symlink: /home/ik/aws_ws/install/nav2_recoveries/share/nav2_recoveries/local_setup.sh
-- Up-to-date symlink: /home/ik/aws_ws/install/nav2_recoveries/share/nav2_recoveries/local_setup.zsh
-- Up-to-date symlink: /home/ik/aws_ws/install/nav2_recoveries/share/nav2_recoveries/local_setup.dsv
-- Symlinking: /home/ik/aws_ws/install/nav2_recoveries/share/nav2_recoveries/package.dsv
-- Up-to-date symlink: /home/ik/aws_ws/install/nav2_recoveries/share/ament_index/resource_index/packages/nav2_recoveries
-- Up-to-date symlink: /home/ik/aws_ws/install/nav2_recoveries/share/ament_index/resource_index/nav2_core__pluginlib__plugin/nav2_recoveries
-- Up-to-date symlink: /home/ik/aws_ws/install/nav2_recoveries/share/nav2_recoveries/cmake/ament_cmake_export_include_directories-extras.cmake
-- Up-to-date symlink: /home/ik/aws_ws/install/nav2_recoveries/share/nav2_recoveries/cmake/ament_cmake_export_libraries-extras.cmake
-- Up-to-date symlink: /home/ik/aws_ws/install/nav2_recoveries/share/nav2_recoveries/cmake/ament_cmake_export_definitions-extras.cmake
-- Up-to-date symlink: /home/ik/aws_ws/install/nav2_recoveries/share/nav2_recoveries/cmake/nav2_recoveriesConfig.cmake
-- Up-to-date symlink: /home/ik/aws_ws/install/nav2_recoveries/share/nav2_recoveries/cmake/nav2_recoveriesConfig-version.cmake
-- Up-to-date symlink: /home/ik/aws_ws/install/nav2_recoveries/share/nav2_recoveries/package.xml
