[0.060s] Invoking command in '/home/ik/aws_ws/build/nav2_voxel_grid': AMENT_PREFIX_PATH=/home/ik/aws_ws/install/nav2_common:${AMENT_PREFIX_PATH} CMAKE_PREFIX_PATH=/home/ik/aws_ws/install/nav2_common:/opt/ros/foxy PYTHONPATH=/home/ik/aws_ws/install/nav2_common/lib/python3.8/site-packages:${PYTHONPATH} /usr/bin/cmake --build /home/ik/aws_ws/build/nav2_voxel_grid -- -j8 -l8
[0.120s] [ 25%] Built target gtest_main
[0.122s] [ 50%] Built target gtest
[0.127s] [ 75%] Built target voxel_grid
[0.159s] [100%] Built target voxel_grid_tests
[0.173s] Invoked command in '/home/ik/aws_ws/build/nav2_voxel_grid' returned '0': AMENT_PREFIX_PATH=/home/ik/aws_ws/install/nav2_common:${AMENT_PREFIX_PATH} CMAKE_PREFIX_PATH=/home/ik/aws_ws/install/nav2_common:/opt/ros/foxy PYTHONPATH=/home/ik/aws_ws/install/nav2_common/lib/python3.8/site-packages:${PYTHONPATH} /usr/bin/cmake --build /home/ik/aws_ws/build/nav2_voxel_grid -- -j8 -l8
[0.201s] Invoking command in '/home/ik/aws_ws/build/nav2_voxel_grid': AMENT_PREFIX_PATH=/home/ik/aws_ws/install/nav2_common:${AMENT_PREFIX_PATH} CMAKE_PREFIX_PATH=/home/ik/aws_ws/install/nav2_common:/opt/ros/foxy PYTHONPATH=/home/ik/aws_ws/install/nav2_common/lib/python3.8/site-packages:${PYTHONPATH} /usr/bin/cmake --install /home/ik/aws_ws/build/nav2_voxel_grid
[0.216s] -- Install configuration: "Release"
[0.221s] -- Execute custom install script
[0.221s] -- Up-to-date symlink: /home/ik/aws_ws/install/nav2_voxel_grid/lib/libvoxel_grid.so
[0.221s] -- Up-to-date symlink: /home/ik/aws_ws/install/nav2_voxel_grid/include/nav2_voxel_grid/voxel_grid.hpp
[0.221s] -- Up-to-date symlink: /home/ik/aws_ws/install/nav2_voxel_grid/share/nav2_voxel_grid/environment/library_path.sh
[0.221s] -- Up-to-date symlink: /home/ik/aws_ws/install/nav2_voxel_grid/share/nav2_voxel_grid/environment/library_path.dsv
[0.222s] -- Up-to-date symlink: /home/ik/aws_ws/install/nav2_voxel_grid/share/ament_index/resource_index/package_run_dependencies/nav2_voxel_grid
[0.222s] -- Up-to-date symlink: /home/ik/aws_ws/install/nav2_voxel_grid/share/ament_index/resource_index/parent_prefix_path/nav2_voxel_grid
[0.222s] -- Up-to-date symlink: /home/ik/aws_ws/install/nav2_voxel_grid/share/nav2_voxel_grid/environment/ament_prefix_path.sh
[0.222s] -- Up-to-date symlink: /home/ik/aws_ws/install/nav2_voxel_grid/share/nav2_voxel_grid/environment/ament_prefix_path.dsv
[0.222s] -- Up-to-date symlink: /home/ik/aws_ws/install/nav2_voxel_grid/share/nav2_voxel_grid/environment/path.sh
[0.223s] -- Up-to-date symlink: /home/ik/aws_ws/install/nav2_voxel_grid/share/nav2_voxel_grid/environment/path.dsv
[0.223s] -- Up-to-date symlink: /home/ik/aws_ws/install/nav2_voxel_grid/share/nav2_voxel_grid/local_setup.bash
[0.223s] -- Up-to-date symlink: /home/ik/aws_ws/install/nav2_voxel_grid/share/nav2_voxel_grid/local_setup.sh
[0.225s] -- Up-to-date symlink: /home/ik/aws_ws/install/nav2_voxel_grid/share/nav2_voxel_grid/local_setup.zsh
[0.226s] -- Up-to-date symlink: /home/ik/aws_ws/install/nav2_voxel_grid/share/nav2_voxel_grid/local_setup.dsv
[0.226s] -- Symlinking: /home/ik/aws_ws/install/nav2_voxel_grid/share/nav2_voxel_grid/package.dsv
[0.238s] -- Up-to-date symlink: /home/ik/aws_ws/install/nav2_voxel_grid/share/ament_index/resource_index/packages/nav2_voxel_grid
[0.239s] -- Up-to-date symlink: /home/ik/aws_ws/install/nav2_voxel_grid/share/nav2_voxel_grid/cmake/ament_cmake_export_dependencies-extras.cmake
[0.241s] -- Up-to-date symlink: /home/ik/aws_ws/install/nav2_voxel_grid/share/nav2_voxel_grid/cmake/ament_cmake_export_include_directories-extras.cmake
[0.241s] -- Up-to-date symlink: /home/ik/aws_ws/install/nav2_voxel_grid/share/nav2_voxel_grid/cmake/ament_cmake_export_libraries-extras.cmake
[0.241s] -- Up-to-date symlink: /home/ik/aws_ws/install/nav2_voxel_grid/share/nav2_voxel_grid/cmake/nav2_voxel_gridConfig.cmake
[0.241s] -- Up-to-date symlink: /home/ik/aws_ws/install/nav2_voxel_grid/share/nav2_voxel_grid/cmake/nav2_voxel_gridConfig-version.cmake
[0.242s] -- Up-to-date symlink: /home/ik/aws_ws/install/nav2_voxel_grid/share/nav2_voxel_grid/package.xml
[0.260s] Invoked command in '/home/ik/aws_ws/build/nav2_voxel_grid' returned '0': AMENT_PREFIX_PATH=/home/ik/aws_ws/install/nav2_common:${AMENT_PREFIX_PATH} CMAKE_PREFIX_PATH=/home/ik/aws_ws/install/nav2_common:/opt/ros/foxy PYTHONPATH=/home/ik/aws_ws/install/nav2_common/lib/python3.8/site-packages:${PYTHONPATH} /usr/bin/cmake --install /home/ik/aws_ws/build/nav2_voxel_grid
