[0.041s] Invoking command in '/home/ik/aws_ws/build/dwb_msgs': CMAKE_PREFIX_PATH=/home/ik/aws_ws/install/nav_2d_msgs:/home/ik/aws_ws/install/nav2_system_tests:/home/ik/aws_ws/install/nav2_bringup:/home/ik/aws_ws/install/navigation2:/home/ik/aws_ws/install/smac_planner:/home/ik/aws_ws/install/nav2_dwb_controller:/home/ik/aws_ws/install/nav2_controller:/home/ik/aws_ws/install/dwb_plugins:/home/ik/aws_ws/install/dwb_critics:/home/ik/aws_ws/install/dwb_core:/home/ik/aws_ws/install/nav_2d_utils:/home/ik/aws_ws/install/dwb_msgs:/home/ik/aws_ws/install/nav2_waypoint_follower:/home/ik/aws_ws/install/nav2_regulated_pure_pursuit_controller:/home/ik/aws_ws/install/nav2_recoveries:/home/ik/aws_ws/install/nav2_planner:/home/ik/aws_ws/install/nav2_navfn_planner:/home/ik/aws_ws/install/nav2_core:/home/ik/aws_ws/install/costmap_queue:/home/ik/aws_ws/install/nav2_costmap_2d:/home/ik/aws_ws/install/nav2_voxel_grid:/home/ik/aws_ws/install/nav2_rviz_plugins:/home/ik/aws_ws/install/nav2_map_server:/home/ik/aws_ws/install/nav2_lifecycle_manager:/home/ik/aws_ws/install/nav2_bt_navigator:/home/ik/aws_ws/install/nav2_behavior_tree:/home/ik/aws_ws/install/nav2_amcl:/home/ik/aws_ws/install/nav2_util:/home/ik/aws_ws/install/nav2_msgs:/home/ik/aws_ws/install/nav2_common:/home/ik/aws_ws/install/turtlebot3_simulations:/home/ik/aws_ws/install/turtlebot3_gazebo:/home/ik/aws_ws/install/turtlebot3_fake_node:/home/ik/aws_ws/install/slam_toolbox:/home/ik/aws_ws/install/aws_robomaker_small_warehouse_world:/home/ik/aws_ws/install/nav2_gazebo_spawner:/opt/ros/foxy LD_LIBRARY_PATH=/home/ik/aws_ws/install/nav_2d_msgs/lib:/home/ik/aws_ws/install/smac_planner/lib:/home/ik/aws_ws/install/nav2_controller/lib:/home/ik/aws_ws/install/dwb_plugins/lib:/home/ik/aws_ws/install/dwb_critics/lib:/home/ik/aws_ws/install/dwb_core/lib:/home/ik/aws_ws/install/nav_2d_utils/lib:/home/ik/aws_ws/install/dwb_msgs/lib:/home/ik/aws_ws/install/nav2_waypoint_follower/lib:/home/ik/aws_ws/install/nav2_regulated_pure_pursuit_controller/lib:/home/ik/aws_ws/install/nav2_recoveries/lib:/home/ik/aws_ws/install/nav2_planner/lib:/home/ik/aws_ws/install/nav2_navfn_planner/lib:/home/ik/aws_ws/install/costmap_queue/lib:/home/ik/aws_ws/install/nav2_costmap_2d/lib:/home/ik/aws_ws/install/nav2_voxel_grid/lib:/home/ik/aws_ws/install/nav2_rviz_plugins/lib:/home/ik/aws_ws/install/nav2_map_server/lib:/home/ik/aws_ws/install/nav2_lifecycle_manager/lib:/home/ik/aws_ws/install/nav2_bt_navigator/lib:/home/ik/aws_ws/install/nav2_behavior_tree/lib:/home/ik/aws_ws/install/nav2_amcl/lib:/home/ik/aws_ws/install/nav2_util/lib:/home/ik/aws_ws/install/nav2_msgs/lib:/home/ik/aws_ws/install/slam_toolbox/lib:/usr/lib/x86_64-linux-gnu/gazebo-11/plugins:/opt/ros/foxy/opt/yaml_cpp_vendor/lib:/opt/ros/foxy/opt/rviz_ogre_vendor/lib:/opt/ros/foxy/lib/x86_64-linux-gnu:/opt/ros/foxy/lib:/usr/share/gazebo/../../lib/x86_64-linux-gnu/gazebo-11/plugins:/usr/share/gazebo/../../lib/x86_64-linux-gnu/gazebo-11/plugins:/usr/share/gazebo/../../lib/x86_64-linux-gnu/gazebo-11/plugins PYTHONPATH=/home/ik/aws_ws/install/nav_2d_msgs/lib/python3.8/site-packages:/home/ik/aws_ws/install/dwb_msgs/lib/python3.8/site-packages:/home/ik/aws_ws/install/nav2_msgs/lib/python3.8/site-packages:/home/ik/aws_ws/build/nav2_gazebo_spawner:/home/ik/aws_ws/install/nav2_gazebo_spawner/lib/python3.8/site-packages:/home/ik/aws_ws/install/nav2_common/lib/python3.8/site-packages:/home/ik/aws_ws/install/slam_toolbox/lib/python3.8/site-packages:/opt/ros/foxy/lib/python3.8/site-packages /usr/bin/cmake /home/ik/aws_ws/src/navigation2/nav2_dwb_controller/dwb_msgs -DCMAKE_INSTALL_PREFIX=/home/ik/aws_ws/install/dwb_msgs
[0.062s] -- Found builtin_interfaces: 1.0.0 (/opt/ros/foxy/share/builtin_interfaces/cmake)
[0.094s] -- Found PythonInterp: /usr/bin/python3 (found suitable version "3.8.10", minimum required is "3") 
[0.094s] -- Using PYTHON_EXECUTABLE: /usr/bin/python3
[0.253s] -- Override CMake install command with custom implementation using symlinks instead of copying resources
[0.279s] -- Using all available rosidl_typesupport_c: rosidl_typesupport_fastrtps_c;rosidl_typesupport_introspection_c
[0.282s] -- Found rosidl_adapter: 1.3.0 (/opt/ros/foxy/share/rosidl_adapter/cmake)
[0.418s] -- Using all available rosidl_typesupport_cpp: rosidl_typesupport_fastrtps_cpp;rosidl_typesupport_introspection_cpp
[0.435s] -- Found geometry_msgs: 2.0.5 (/opt/ros/foxy/share/geometry_msgs/cmake)
[0.484s] -- Found nav_2d_msgs: 0.4.7 (/home/ik/aws_ws/install/nav_2d_msgs/share/nav_2d_msgs/cmake)
[0.544s] -- Found nav_msgs: 2.0.5 (/opt/ros/foxy/share/nav_msgs/cmake)
[0.605s] -- Found rosidl_default_generators: 1.0.1 (/opt/ros/foxy/share/rosidl_default_generators/cmake)
[0.646s] -- Found PythonInterp: /usr/bin/python3 (found version "3.8.10") 
[0.898s] -- Found ament_cmake_ros: 0.9.2 (/opt/ros/foxy/share/ament_cmake_ros/cmake)
[1.190s] -- Using all available rosidl_typesupport_c: rosidl_typesupport_fastrtps_c;rosidl_typesupport_introspection_c
[1.319s] -- Using all available rosidl_typesupport_cpp: rosidl_typesupport_fastrtps_cpp;rosidl_typesupport_introspection_cpp
[1.359s] -- Found PythonInterp: /usr/bin/python3 (found suitable version "3.8.10", minimum required is "3.5") 
[1.359s] -- Found python_cmake_module: 0.8.1 (/opt/ros/foxy/share/python_cmake_module/cmake)
[1.386s] -- Using PYTHON_EXECUTABLE: /usr/bin/python3
[1.386s] -- Using PYTHON_INCLUDE_DIRS: /usr/include/python3.8
[1.386s] -- Using PYTHON_LIBRARIES: /usr/lib/x86_64-linux-gnu/libpython3.8.so
[1.480s] -- Configuring done
[1.553s] -- Generating done
[1.560s] -- Build files have been written to: /home/ik/aws_ws/build/dwb_msgs
[1.581s] Invoked command in '/home/ik/aws_ws/build/dwb_msgs' returned '0': CMAKE_PREFIX_PATH=/home/ik/aws_ws/install/nav_2d_msgs:/home/ik/aws_ws/install/nav2_system_tests:/home/ik/aws_ws/install/nav2_bringup:/home/ik/aws_ws/install/navigation2:/home/ik/aws_ws/install/smac_planner:/home/ik/aws_ws/install/nav2_dwb_controller:/home/ik/aws_ws/install/nav2_controller:/home/ik/aws_ws/install/dwb_plugins:/home/ik/aws_ws/install/dwb_critics:/home/ik/aws_ws/install/dwb_core:/home/ik/aws_ws/install/nav_2d_utils:/home/ik/aws_ws/install/dwb_msgs:/home/ik/aws_ws/install/nav2_waypoint_follower:/home/ik/aws_ws/install/nav2_regulated_pure_pursuit_controller:/home/ik/aws_ws/install/nav2_recoveries:/home/ik/aws_ws/install/nav2_planner:/home/ik/aws_ws/install/nav2_navfn_planner:/home/ik/aws_ws/install/nav2_core:/home/ik/aws_ws/install/costmap_queue:/home/ik/aws_ws/install/nav2_costmap_2d:/home/ik/aws_ws/install/nav2_voxel_grid:/home/ik/aws_ws/install/nav2_rviz_plugins:/home/ik/aws_ws/install/nav2_map_server:/home/ik/aws_ws/install/nav2_lifecycle_manager:/home/ik/aws_ws/install/nav2_bt_navigator:/home/ik/aws_ws/install/nav2_behavior_tree:/home/ik/aws_ws/install/nav2_amcl:/home/ik/aws_ws/install/nav2_util:/home/ik/aws_ws/install/nav2_msgs:/home/ik/aws_ws/install/nav2_common:/home/ik/aws_ws/install/turtlebot3_simulations:/home/ik/aws_ws/install/turtlebot3_gazebo:/home/ik/aws_ws/install/turtlebot3_fake_node:/home/ik/aws_ws/install/slam_toolbox:/home/ik/aws_ws/install/aws_robomaker_small_warehouse_world:/home/ik/aws_ws/install/nav2_gazebo_spawner:/opt/ros/foxy LD_LIBRARY_PATH=/home/ik/aws_ws/install/nav_2d_msgs/lib:/home/ik/aws_ws/install/smac_planner/lib:/home/ik/aws_ws/install/nav2_controller/lib:/home/ik/aws_ws/install/dwb_plugins/lib:/home/ik/aws_ws/install/dwb_critics/lib:/home/ik/aws_ws/install/dwb_core/lib:/home/ik/aws_ws/install/nav_2d_utils/lib:/home/ik/aws_ws/install/dwb_msgs/lib:/home/ik/aws_ws/install/nav2_waypoint_follower/lib:/home/ik/aws_ws/install/nav2_regulated_pure_pursuit_controller/lib:/home/ik/aws_ws/install/nav2_recoveries/lib:/home/ik/aws_ws/install/nav2_planner/lib:/home/ik/aws_ws/install/nav2_navfn_planner/lib:/home/ik/aws_ws/install/costmap_queue/lib:/home/ik/aws_ws/install/nav2_costmap_2d/lib:/home/ik/aws_ws/install/nav2_voxel_grid/lib:/home/ik/aws_ws/install/nav2_rviz_plugins/lib:/home/ik/aws_ws/install/nav2_map_server/lib:/home/ik/aws_ws/install/nav2_lifecycle_manager/lib:/home/ik/aws_ws/install/nav2_bt_navigator/lib:/home/ik/aws_ws/install/nav2_behavior_tree/lib:/home/ik/aws_ws/install/nav2_amcl/lib:/home/ik/aws_ws/install/nav2_util/lib:/home/ik/aws_ws/install/nav2_msgs/lib:/home/ik/aws_ws/install/slam_toolbox/lib:/usr/lib/x86_64-linux-gnu/gazebo-11/plugins:/opt/ros/foxy/opt/yaml_cpp_vendor/lib:/opt/ros/foxy/opt/rviz_ogre_vendor/lib:/opt/ros/foxy/lib/x86_64-linux-gnu:/opt/ros/foxy/lib:/usr/share/gazebo/../../lib/x86_64-linux-gnu/gazebo-11/plugins:/usr/share/gazebo/../../lib/x86_64-linux-gnu/gazebo-11/plugins:/usr/share/gazebo/../../lib/x86_64-linux-gnu/gazebo-11/plugins PYTHONPATH=/home/ik/aws_ws/install/nav_2d_msgs/lib/python3.8/site-packages:/home/ik/aws_ws/install/dwb_msgs/lib/python3.8/site-packages:/home/ik/aws_ws/install/nav2_msgs/lib/python3.8/site-packages:/home/ik/aws_ws/build/nav2_gazebo_spawner:/home/ik/aws_ws/install/nav2_gazebo_spawner/lib/python3.8/site-packages:/home/ik/aws_ws/install/nav2_common/lib/python3.8/site-packages:/home/ik/aws_ws/install/slam_toolbox/lib/python3.8/site-packages:/opt/ros/foxy/lib/python3.8/site-packages /usr/bin/cmake /home/ik/aws_ws/src/navigation2/nav2_dwb_controller/dwb_msgs -DCMAKE_INSTALL_PREFIX=/home/ik/aws_ws/install/dwb_msgs
[1.584s] Invoking command in '/home/ik/aws_ws/build/dwb_msgs': CMAKE_PREFIX_PATH=/home/ik/aws_ws/install/nav_2d_msgs:/home/ik/aws_ws/install/nav2_system_tests:/home/ik/aws_ws/install/nav2_bringup:/home/ik/aws_ws/install/navigation2:/home/ik/aws_ws/install/smac_planner:/home/ik/aws_ws/install/nav2_dwb_controller:/home/ik/aws_ws/install/nav2_controller:/home/ik/aws_ws/install/dwb_plugins:/home/ik/aws_ws/install/dwb_critics:/home/ik/aws_ws/install/dwb_core:/home/ik/aws_ws/install/nav_2d_utils:/home/ik/aws_ws/install/dwb_msgs:/home/ik/aws_ws/install/nav2_waypoint_follower:/home/ik/aws_ws/install/nav2_regulated_pure_pursuit_controller:/home/ik/aws_ws/install/nav2_recoveries:/home/ik/aws_ws/install/nav2_planner:/home/ik/aws_ws/install/nav2_navfn_planner:/home/ik/aws_ws/install/nav2_core:/home/ik/aws_ws/install/costmap_queue:/home/ik/aws_ws/install/nav2_costmap_2d:/home/ik/aws_ws/install/nav2_voxel_grid:/home/ik/aws_ws/install/nav2_rviz_plugins:/home/ik/aws_ws/install/nav2_map_server:/home/ik/aws_ws/install/nav2_lifecycle_manager:/home/ik/aws_ws/install/nav2_bt_navigator:/home/ik/aws_ws/install/nav2_behavior_tree:/home/ik/aws_ws/install/nav2_amcl:/home/ik/aws_ws/install/nav2_util:/home/ik/aws_ws/install/nav2_msgs:/home/ik/aws_ws/install/nav2_common:/home/ik/aws_ws/install/turtlebot3_simulations:/home/ik/aws_ws/install/turtlebot3_gazebo:/home/ik/aws_ws/install/turtlebot3_fake_node:/home/ik/aws_ws/install/slam_toolbox:/home/ik/aws_ws/install/aws_robomaker_small_warehouse_world:/home/ik/aws_ws/install/nav2_gazebo_spawner:/opt/ros/foxy LD_LIBRARY_PATH=/home/ik/aws_ws/install/nav_2d_msgs/lib:/home/ik/aws_ws/install/smac_planner/lib:/home/ik/aws_ws/install/nav2_controller/lib:/home/ik/aws_ws/install/dwb_plugins/lib:/home/ik/aws_ws/install/dwb_critics/lib:/home/ik/aws_ws/install/dwb_core/lib:/home/ik/aws_ws/install/nav_2d_utils/lib:/home/ik/aws_ws/install/dwb_msgs/lib:/home/ik/aws_ws/install/nav2_waypoint_follower/lib:/home/ik/aws_ws/install/nav2_regulated_pure_pursuit_controller/lib:/home/ik/aws_ws/install/nav2_recoveries/lib:/home/ik/aws_ws/install/nav2_planner/lib:/home/ik/aws_ws/install/nav2_navfn_planner/lib:/home/ik/aws_ws/install/costmap_queue/lib:/home/ik/aws_ws/install/nav2_costmap_2d/lib:/home/ik/aws_ws/install/nav2_voxel_grid/lib:/home/ik/aws_ws/install/nav2_rviz_plugins/lib:/home/ik/aws_ws/install/nav2_map_server/lib:/home/ik/aws_ws/install/nav2_lifecycle_manager/lib:/home/ik/aws_ws/install/nav2_bt_navigator/lib:/home/ik/aws_ws/install/nav2_behavior_tree/lib:/home/ik/aws_ws/install/nav2_amcl/lib:/home/ik/aws_ws/install/nav2_util/lib:/home/ik/aws_ws/install/nav2_msgs/lib:/home/ik/aws_ws/install/slam_toolbox/lib:/usr/lib/x86_64-linux-gnu/gazebo-11/plugins:/opt/ros/foxy/opt/yaml_cpp_vendor/lib:/opt/ros/foxy/opt/rviz_ogre_vendor/lib:/opt/ros/foxy/lib/x86_64-linux-gnu:/opt/ros/foxy/lib:/usr/share/gazebo/../../lib/x86_64-linux-gnu/gazebo-11/plugins:/usr/share/gazebo/../../lib/x86_64-linux-gnu/gazebo-11/plugins:/usr/share/gazebo/../../lib/x86_64-linux-gnu/gazebo-11/plugins PYTHONPATH=/home/ik/aws_ws/install/nav_2d_msgs/lib/python3.8/site-packages:/home/ik/aws_ws/install/dwb_msgs/lib/python3.8/site-packages:/home/ik/aws_ws/install/nav2_msgs/lib/python3.8/site-packages:/home/ik/aws_ws/build/nav2_gazebo_spawner:/home/ik/aws_ws/install/nav2_gazebo_spawner/lib/python3.8/site-packages:/home/ik/aws_ws/install/nav2_common/lib/python3.8/site-packages:/home/ik/aws_ws/install/slam_toolbox/lib/python3.8/site-packages:/opt/ros/foxy/lib/python3.8/site-packages /usr/bin/cmake --build /home/ik/aws_ws/build/dwb_msgs -- -j8 -l8
[1.675s] [  1%] Built target dwb_msgs__cpp
[1.690s] [ 12%] Built target dwb_msgs__rosidl_generator_c
[1.714s] [ 24%] Built target dwb_msgs__rosidl_typesupport_introspection_cpp
[1.722s] [ 35%] Built target dwb_msgs__rosidl_typesupport_cpp
[1.722s] [ 47%] Built target dwb_msgs__rosidl_typesupport_fastrtps_cpp
[1.728s] [ 58%] Built target dwb_msgs__rosidl_typesupport_c
[1.734s] [ 70%] Built target dwb_msgs__rosidl_typesupport_introspection_c
[1.774s] [ 82%] Built target dwb_msgs__rosidl_typesupport_fastrtps_c
[1.815s] [ 82%] Built target dwb_msgs
[1.862s] [ 83%] Built target dwb_msgs__py
[1.923s] [ 93%] Built target dwb_msgs__python
[1.964s] [ 95%] Built target dwb_msgs__rosidl_typesupport_introspection_c__pyext
[1.970s] [ 97%] Built target dwb_msgs__rosidl_typesupport_fastrtps_c__pyext
[1.971s] [100%] Built target dwb_msgs__rosidl_typesupport_c__pyext
[1.990s] Invoked command in '/home/ik/aws_ws/build/dwb_msgs' returned '0': CMAKE_PREFIX_PATH=/home/ik/aws_ws/install/nav_2d_msgs:/home/ik/aws_ws/install/nav2_system_tests:/home/ik/aws_ws/install/nav2_bringup:/home/ik/aws_ws/install/navigation2:/home/ik/aws_ws/install/smac_planner:/home/ik/aws_ws/install/nav2_dwb_controller:/home/ik/aws_ws/install/nav2_controller:/home/ik/aws_ws/install/dwb_plugins:/home/ik/aws_ws/install/dwb_critics:/home/ik/aws_ws/install/dwb_core:/home/ik/aws_ws/install/nav_2d_utils:/home/ik/aws_ws/install/dwb_msgs:/home/ik/aws_ws/install/nav2_waypoint_follower:/home/ik/aws_ws/install/nav2_regulated_pure_pursuit_controller:/home/ik/aws_ws/install/nav2_recoveries:/home/ik/aws_ws/install/nav2_planner:/home/ik/aws_ws/install/nav2_navfn_planner:/home/ik/aws_ws/install/nav2_core:/home/ik/aws_ws/install/costmap_queue:/home/ik/aws_ws/install/nav2_costmap_2d:/home/ik/aws_ws/install/nav2_voxel_grid:/home/ik/aws_ws/install/nav2_rviz_plugins:/home/ik/aws_ws/install/nav2_map_server:/home/ik/aws_ws/install/nav2_lifecycle_manager:/home/ik/aws_ws/install/nav2_bt_navigator:/home/ik/aws_ws/install/nav2_behavior_tree:/home/ik/aws_ws/install/nav2_amcl:/home/ik/aws_ws/install/nav2_util:/home/ik/aws_ws/install/nav2_msgs:/home/ik/aws_ws/install/nav2_common:/home/ik/aws_ws/install/turtlebot3_simulations:/home/ik/aws_ws/install/turtlebot3_gazebo:/home/ik/aws_ws/install/turtlebot3_fake_node:/home/ik/aws_ws/install/slam_toolbox:/home/ik/aws_ws/install/aws_robomaker_small_warehouse_world:/home/ik/aws_ws/install/nav2_gazebo_spawner:/opt/ros/foxy LD_LIBRARY_PATH=/home/ik/aws_ws/install/nav_2d_msgs/lib:/home/ik/aws_ws/install/smac_planner/lib:/home/ik/aws_ws/install/nav2_controller/lib:/home/ik/aws_ws/install/dwb_plugins/lib:/home/ik/aws_ws/install/dwb_critics/lib:/home/ik/aws_ws/install/dwb_core/lib:/home/ik/aws_ws/install/nav_2d_utils/lib:/home/ik/aws_ws/install/dwb_msgs/lib:/home/ik/aws_ws/install/nav2_waypoint_follower/lib:/home/ik/aws_ws/install/nav2_regulated_pure_pursuit_controller/lib:/home/ik/aws_ws/install/nav2_recoveries/lib:/home/ik/aws_ws/install/nav2_planner/lib:/home/ik/aws_ws/install/nav2_navfn_planner/lib:/home/ik/aws_ws/install/costmap_queue/lib:/home/ik/aws_ws/install/nav2_costmap_2d/lib:/home/ik/aws_ws/install/nav2_voxel_grid/lib:/home/ik/aws_ws/install/nav2_rviz_plugins/lib:/home/ik/aws_ws/install/nav2_map_server/lib:/home/ik/aws_ws/install/nav2_lifecycle_manager/lib:/home/ik/aws_ws/install/nav2_bt_navigator/lib:/home/ik/aws_ws/install/nav2_behavior_tree/lib:/home/ik/aws_ws/install/nav2_amcl/lib:/home/ik/aws_ws/install/nav2_util/lib:/home/ik/aws_ws/install/nav2_msgs/lib:/home/ik/aws_ws/install/slam_toolbox/lib:/usr/lib/x86_64-linux-gnu/gazebo-11/plugins:/opt/ros/foxy/opt/yaml_cpp_vendor/lib:/opt/ros/foxy/opt/rviz_ogre_vendor/lib:/opt/ros/foxy/lib/x86_64-linux-gnu:/opt/ros/foxy/lib:/usr/share/gazebo/../../lib/x86_64-linux-gnu/gazebo-11/plugins:/usr/share/gazebo/../../lib/x86_64-linux-gnu/gazebo-11/plugins:/usr/share/gazebo/../../lib/x86_64-linux-gnu/gazebo-11/plugins PYTHONPATH=/home/ik/aws_ws/install/nav_2d_msgs/lib/python3.8/site-packages:/home/ik/aws_ws/install/dwb_msgs/lib/python3.8/site-packages:/home/ik/aws_ws/install/nav2_msgs/lib/python3.8/site-packages:/home/ik/aws_ws/build/nav2_gazebo_spawner:/home/ik/aws_ws/install/nav2_gazebo_spawner/lib/python3.8/site-packages:/home/ik/aws_ws/install/nav2_common/lib/python3.8/site-packages:/home/ik/aws_ws/install/slam_toolbox/lib/python3.8/site-packages:/opt/ros/foxy/lib/python3.8/site-packages /usr/bin/cmake --build /home/ik/aws_ws/build/dwb_msgs -- -j8 -l8
[2.343s] Invoking command in '/home/ik/aws_ws/build/dwb_msgs': CMAKE_PREFIX_PATH=/home/ik/aws_ws/install/nav_2d_msgs:/home/ik/aws_ws/install/nav2_system_tests:/home/ik/aws_ws/install/nav2_bringup:/home/ik/aws_ws/install/navigation2:/home/ik/aws_ws/install/smac_planner:/home/ik/aws_ws/install/nav2_dwb_controller:/home/ik/aws_ws/install/nav2_controller:/home/ik/aws_ws/install/dwb_plugins:/home/ik/aws_ws/install/dwb_critics:/home/ik/aws_ws/install/dwb_core:/home/ik/aws_ws/install/nav_2d_utils:/home/ik/aws_ws/install/dwb_msgs:/home/ik/aws_ws/install/nav2_waypoint_follower:/home/ik/aws_ws/install/nav2_regulated_pure_pursuit_controller:/home/ik/aws_ws/install/nav2_recoveries:/home/ik/aws_ws/install/nav2_planner:/home/ik/aws_ws/install/nav2_navfn_planner:/home/ik/aws_ws/install/nav2_core:/home/ik/aws_ws/install/costmap_queue:/home/ik/aws_ws/install/nav2_costmap_2d:/home/ik/aws_ws/install/nav2_voxel_grid:/home/ik/aws_ws/install/nav2_rviz_plugins:/home/ik/aws_ws/install/nav2_map_server:/home/ik/aws_ws/install/nav2_lifecycle_manager:/home/ik/aws_ws/install/nav2_bt_navigator:/home/ik/aws_ws/install/nav2_behavior_tree:/home/ik/aws_ws/install/nav2_amcl:/home/ik/aws_ws/install/nav2_util:/home/ik/aws_ws/install/nav2_msgs:/home/ik/aws_ws/install/nav2_common:/home/ik/aws_ws/install/turtlebot3_simulations:/home/ik/aws_ws/install/turtlebot3_gazebo:/home/ik/aws_ws/install/turtlebot3_fake_node:/home/ik/aws_ws/install/slam_toolbox:/home/ik/aws_ws/install/aws_robomaker_small_warehouse_world:/home/ik/aws_ws/install/nav2_gazebo_spawner:/opt/ros/foxy LD_LIBRARY_PATH=/home/ik/aws_ws/install/nav_2d_msgs/lib:/home/ik/aws_ws/install/smac_planner/lib:/home/ik/aws_ws/install/nav2_controller/lib:/home/ik/aws_ws/install/dwb_plugins/lib:/home/ik/aws_ws/install/dwb_critics/lib:/home/ik/aws_ws/install/dwb_core/lib:/home/ik/aws_ws/install/nav_2d_utils/lib:/home/ik/aws_ws/install/dwb_msgs/lib:/home/ik/aws_ws/install/nav2_waypoint_follower/lib:/home/ik/aws_ws/install/nav2_regulated_pure_pursuit_controller/lib:/home/ik/aws_ws/install/nav2_recoveries/lib:/home/ik/aws_ws/install/nav2_planner/lib:/home/ik/aws_ws/install/nav2_navfn_planner/lib:/home/ik/aws_ws/install/costmap_queue/lib:/home/ik/aws_ws/install/nav2_costmap_2d/lib:/home/ik/aws_ws/install/nav2_voxel_grid/lib:/home/ik/aws_ws/install/nav2_rviz_plugins/lib:/home/ik/aws_ws/install/nav2_map_server/lib:/home/ik/aws_ws/install/nav2_lifecycle_manager/lib:/home/ik/aws_ws/install/nav2_bt_navigator/lib:/home/ik/aws_ws/install/nav2_behavior_tree/lib:/home/ik/aws_ws/install/nav2_amcl/lib:/home/ik/aws_ws/install/nav2_util/lib:/home/ik/aws_ws/install/nav2_msgs/lib:/home/ik/aws_ws/install/slam_toolbox/lib:/usr/lib/x86_64-linux-gnu/gazebo-11/plugins:/opt/ros/foxy/opt/yaml_cpp_vendor/lib:/opt/ros/foxy/opt/rviz_ogre_vendor/lib:/opt/ros/foxy/lib/x86_64-linux-gnu:/opt/ros/foxy/lib:/usr/share/gazebo/../../lib/x86_64-linux-gnu/gazebo-11/plugins:/usr/share/gazebo/../../lib/x86_64-linux-gnu/gazebo-11/plugins:/usr/share/gazebo/../../lib/x86_64-linux-gnu/gazebo-11/plugins PYTHONPATH=/home/ik/aws_ws/install/nav_2d_msgs/lib/python3.8/site-packages:/home/ik/aws_ws/install/dwb_msgs/lib/python3.8/site-packages:/home/ik/aws_ws/install/nav2_msgs/lib/python3.8/site-packages:/home/ik/aws_ws/build/nav2_gazebo_spawner:/home/ik/aws_ws/install/nav2_gazebo_spawner/lib/python3.8/site-packages:/home/ik/aws_ws/install/nav2_common/lib/python3.8/site-packages:/home/ik/aws_ws/install/slam_toolbox/lib/python3.8/site-packages:/opt/ros/foxy/lib/python3.8/site-packages /usr/bin/cmake --install /home/ik/aws_ws/build/dwb_msgs
[2.354s] -- Install configuration: ""
[2.354s] -- Execute custom install script
[2.355s] -- Up-to-date symlink: /home/ik/aws_ws/install/dwb_msgs/share/ament_index/resource_index/rosidl_interfaces/dwb_msgs
[2.355s] -- Up-to-date symlink: /home/ik/aws_ws/install/dwb_msgs/include/dwb_msgs/msg/critic_score.h
[2.355s] -- Up-to-date symlink: /home/ik/aws_ws/install/dwb_msgs/include/dwb_msgs/msg/detail/critic_score__functions.h
[2.355s] -- Up-to-date symlink: /home/ik/aws_ws/install/dwb_msgs/include/dwb_msgs/msg/detail/critic_score__struct.h
[2.355s] -- Up-to-date symlink: /home/ik/aws_ws/install/dwb_msgs/include/dwb_msgs/msg/detail/critic_score__type_support.h
[2.355s] -- Up-to-date symlink: /home/ik/aws_ws/install/dwb_msgs/include/dwb_msgs/msg/detail/local_plan_evaluation__functions.h
[2.356s] -- Up-to-date symlink: /home/ik/aws_ws/install/dwb_msgs/include/dwb_msgs/msg/detail/local_plan_evaluation__struct.h
[2.356s] -- Up-to-date symlink: /home/ik/aws_ws/install/dwb_msgs/include/dwb_msgs/msg/detail/local_plan_evaluation__type_support.h
[2.356s] -- Up-to-date symlink: /home/ik/aws_ws/install/dwb_msgs/include/dwb_msgs/msg/detail/trajectory2_d__functions.h
[2.356s] -- Up-to-date symlink: /home/ik/aws_ws/install/dwb_msgs/include/dwb_msgs/msg/detail/trajectory2_d__struct.h
[2.356s] -- Up-to-date symlink: /home/ik/aws_ws/install/dwb_msgs/include/dwb_msgs/msg/detail/trajectory2_d__type_support.h
[2.356s] -- Up-to-date symlink: /home/ik/aws_ws/install/dwb_msgs/include/dwb_msgs/msg/detail/trajectory_score__functions.h
[2.356s] -- Up-to-date symlink: /home/ik/aws_ws/install/dwb_msgs/include/dwb_msgs/msg/detail/trajectory_score__struct.h
[2.356s] -- Up-to-date symlink: /home/ik/aws_ws/install/dwb_msgs/include/dwb_msgs/msg/detail/trajectory_score__type_support.h
[2.357s] -- Up-to-date symlink: /home/ik/aws_ws/install/dwb_msgs/include/dwb_msgs/msg/local_plan_evaluation.h
[2.357s] -- Up-to-date symlink: /home/ik/aws_ws/install/dwb_msgs/include/dwb_msgs/msg/rosidl_generator_c__visibility_control.h
[2.357s] -- Up-to-date symlink: /home/ik/aws_ws/install/dwb_msgs/include/dwb_msgs/msg/trajectory2_d.h
[2.357s] -- Up-to-date symlink: /home/ik/aws_ws/install/dwb_msgs/include/dwb_msgs/msg/trajectory_score.h
[2.357s] -- Up-to-date symlink: /home/ik/aws_ws/install/dwb_msgs/include/dwb_msgs/srv/debug_local_plan.h
[2.357s] -- Up-to-date symlink: /home/ik/aws_ws/install/dwb_msgs/include/dwb_msgs/srv/detail/debug_local_plan__functions.h
[2.357s] -- Up-to-date symlink: /home/ik/aws_ws/install/dwb_msgs/include/dwb_msgs/srv/detail/debug_local_plan__struct.h
[2.357s] -- Up-to-date symlink: /home/ik/aws_ws/install/dwb_msgs/include/dwb_msgs/srv/detail/debug_local_plan__type_support.h
[2.358s] -- Up-to-date symlink: /home/ik/aws_ws/install/dwb_msgs/include/dwb_msgs/srv/detail/generate_trajectory__functions.h
[2.358s] -- Up-to-date symlink: /home/ik/aws_ws/install/dwb_msgs/include/dwb_msgs/srv/detail/generate_trajectory__struct.h
[2.358s] -- Up-to-date symlink: /home/ik/aws_ws/install/dwb_msgs/include/dwb_msgs/srv/detail/generate_trajectory__type_support.h
[2.358s] -- Up-to-date symlink: /home/ik/aws_ws/install/dwb_msgs/include/dwb_msgs/srv/detail/generate_twists__functions.h
[2.358s] -- Up-to-date symlink: /home/ik/aws_ws/install/dwb_msgs/include/dwb_msgs/srv/detail/generate_twists__struct.h
[2.358s] -- Up-to-date symlink: /home/ik/aws_ws/install/dwb_msgs/include/dwb_msgs/srv/detail/generate_twists__type_support.h
[2.358s] -- Up-to-date symlink: /home/ik/aws_ws/install/dwb_msgs/include/dwb_msgs/srv/detail/get_critic_score__functions.h
[2.358s] -- Up-to-date symlink: /home/ik/aws_ws/install/dwb_msgs/include/dwb_msgs/srv/detail/get_critic_score__struct.h
[2.358s] -- Up-to-date symlink: /home/ik/aws_ws/install/dwb_msgs/include/dwb_msgs/srv/detail/get_critic_score__type_support.h
[2.359s] -- Up-to-date symlink: /home/ik/aws_ws/install/dwb_msgs/include/dwb_msgs/srv/detail/score_trajectory__functions.h
[2.359s] -- Up-to-date symlink: /home/ik/aws_ws/install/dwb_msgs/include/dwb_msgs/srv/detail/score_trajectory__struct.h
[2.359s] -- Up-to-date symlink: /home/ik/aws_ws/install/dwb_msgs/include/dwb_msgs/srv/detail/score_trajectory__type_support.h
[2.359s] -- Up-to-date symlink: /home/ik/aws_ws/install/dwb_msgs/include/dwb_msgs/srv/generate_trajectory.h
[2.359s] -- Up-to-date symlink: /home/ik/aws_ws/install/dwb_msgs/include/dwb_msgs/srv/generate_twists.h
[2.359s] -- Up-to-date symlink: /home/ik/aws_ws/install/dwb_msgs/include/dwb_msgs/srv/get_critic_score.h
[2.359s] -- Up-to-date symlink: /home/ik/aws_ws/install/dwb_msgs/include/dwb_msgs/srv/score_trajectory.h
[2.359s] -- Up-to-date symlink: /home/ik/aws_ws/install/dwb_msgs/share/dwb_msgs/environment/library_path.sh
[2.359s] -- Up-to-date symlink: /home/ik/aws_ws/install/dwb_msgs/share/dwb_msgs/environment/library_path.dsv
[2.360s] -- Up-to-date symlink: /home/ik/aws_ws/install/dwb_msgs/include/dwb_msgs/msg/detail/critic_score__rosidl_typesupport_fastrtps_c.h
[2.360s] -- Up-to-date symlink: /home/ik/aws_ws/install/dwb_msgs/include/dwb_msgs/msg/detail/local_plan_evaluation__rosidl_typesupport_fastrtps_c.h
[2.360s] -- Up-to-date symlink: /home/ik/aws_ws/install/dwb_msgs/include/dwb_msgs/msg/detail/trajectory2_d__rosidl_typesupport_fastrtps_c.h
[2.360s] -- Up-to-date symlink: /home/ik/aws_ws/install/dwb_msgs/include/dwb_msgs/msg/detail/trajectory_score__rosidl_typesupport_fastrtps_c.h
[2.360s] -- Up-to-date symlink: /home/ik/aws_ws/install/dwb_msgs/include/dwb_msgs/msg/rosidl_typesupport_fastrtps_c__visibility_control.h
[2.360s] -- Up-to-date symlink: /home/ik/aws_ws/install/dwb_msgs/include/dwb_msgs/srv/detail/debug_local_plan__rosidl_typesupport_fastrtps_c.h
[2.360s] -- Up-to-date symlink: /home/ik/aws_ws/install/dwb_msgs/include/dwb_msgs/srv/detail/generate_trajectory__rosidl_typesupport_fastrtps_c.h
[2.360s] -- Up-to-date symlink: /home/ik/aws_ws/install/dwb_msgs/include/dwb_msgs/srv/detail/generate_twists__rosidl_typesupport_fastrtps_c.h
[2.360s] -- Up-to-date symlink: /home/ik/aws_ws/install/dwb_msgs/include/dwb_msgs/srv/detail/get_critic_score__rosidl_typesupport_fastrtps_c.h
[2.361s] -- Up-to-date symlink: /home/ik/aws_ws/install/dwb_msgs/include/dwb_msgs/srv/detail/score_trajectory__rosidl_typesupport_fastrtps_c.h
[2.361s] -- Up-to-date symlink: /home/ik/aws_ws/install/dwb_msgs/lib/libdwb_msgs__rosidl_typesupport_fastrtps_c.so
[2.361s] -- Up-to-date symlink: /home/ik/aws_ws/install/dwb_msgs/include/dwb_msgs/msg/detail/critic_score__rosidl_typesupport_fastrtps_cpp.hpp
[2.362s] -- Up-to-date symlink: /home/ik/aws_ws/install/dwb_msgs/include/dwb_msgs/msg/detail/local_plan_evaluation__rosidl_typesupport_fastrtps_cpp.hpp
[2.362s] -- Up-to-date symlink: /home/ik/aws_ws/install/dwb_msgs/include/dwb_msgs/msg/detail/trajectory2_d__rosidl_typesupport_fastrtps_cpp.hpp
[2.362s] -- Up-to-date symlink: /home/ik/aws_ws/install/dwb_msgs/include/dwb_msgs/msg/detail/trajectory_score__rosidl_typesupport_fastrtps_cpp.hpp
[2.362s] -- Up-to-date symlink: /home/ik/aws_ws/install/dwb_msgs/include/dwb_msgs/msg/rosidl_typesupport_fastrtps_cpp__visibility_control.h
[2.362s] -- Up-to-date symlink: /home/ik/aws_ws/install/dwb_msgs/include/dwb_msgs/srv/detail/debug_local_plan__rosidl_typesupport_fastrtps_cpp.hpp
[2.363s] -- Up-to-date symlink: /home/ik/aws_ws/install/dwb_msgs/include/dwb_msgs/srv/detail/generate_trajectory__rosidl_typesupport_fastrtps_cpp.hpp
[2.363s] -- Up-to-date symlink: /home/ik/aws_ws/install/dwb_msgs/include/dwb_msgs/srv/detail/generate_twists__rosidl_typesupport_fastrtps_cpp.hpp
[2.363s] -- Up-to-date symlink: /home/ik/aws_ws/install/dwb_msgs/include/dwb_msgs/srv/detail/get_critic_score__rosidl_typesupport_fastrtps_cpp.hpp
[2.363s] -- Up-to-date symlink: /home/ik/aws_ws/install/dwb_msgs/include/dwb_msgs/srv/detail/score_trajectory__rosidl_typesupport_fastrtps_cpp.hpp
[2.363s] -- Up-to-date symlink: /home/ik/aws_ws/install/dwb_msgs/lib/libdwb_msgs__rosidl_typesupport_fastrtps_cpp.so
[2.363s] -- Up-to-date symlink: /home/ik/aws_ws/install/dwb_msgs/include/dwb_msgs/msg/detail/critic_score__rosidl_typesupport_introspection_c.h
[2.363s] -- Up-to-date symlink: /home/ik/aws_ws/install/dwb_msgs/include/dwb_msgs/msg/detail/local_plan_evaluation__rosidl_typesupport_introspection_c.h
[2.364s] -- Up-to-date symlink: /home/ik/aws_ws/install/dwb_msgs/include/dwb_msgs/msg/detail/trajectory2_d__rosidl_typesupport_introspection_c.h
[2.364s] -- Up-to-date symlink: /home/ik/aws_ws/install/dwb_msgs/include/dwb_msgs/msg/detail/trajectory_score__rosidl_typesupport_introspection_c.h
[2.364s] -- Up-to-date symlink: /home/ik/aws_ws/install/dwb_msgs/include/dwb_msgs/msg/rosidl_typesupport_introspection_c__visibility_control.h
[2.364s] -- Up-to-date symlink: /home/ik/aws_ws/install/dwb_msgs/include/dwb_msgs/srv/detail/debug_local_plan__rosidl_typesupport_introspection_c.h
[2.364s] -- Up-to-date symlink: /home/ik/aws_ws/install/dwb_msgs/include/dwb_msgs/srv/detail/generate_trajectory__rosidl_typesupport_introspection_c.h
[2.364s] -- Up-to-date symlink: /home/ik/aws_ws/install/dwb_msgs/include/dwb_msgs/srv/detail/generate_twists__rosidl_typesupport_introspection_c.h
[2.365s] -- Up-to-date symlink: /home/ik/aws_ws/install/dwb_msgs/include/dwb_msgs/srv/detail/get_critic_score__rosidl_typesupport_introspection_c.h
[2.365s] -- Up-to-date symlink: /home/ik/aws_ws/install/dwb_msgs/include/dwb_msgs/srv/detail/score_trajectory__rosidl_typesupport_introspection_c.h
[2.365s] -- Up-to-date symlink: /home/ik/aws_ws/install/dwb_msgs/include/dwb_msgs/msg/critic_score.hpp
[2.365s] -- Up-to-date symlink: /home/ik/aws_ws/install/dwb_msgs/include/dwb_msgs/msg/detail/critic_score__builder.hpp
[2.365s] -- Up-to-date symlink: /home/ik/aws_ws/install/dwb_msgs/include/dwb_msgs/msg/detail/critic_score__struct.hpp
[2.365s] -- Up-to-date symlink: /home/ik/aws_ws/install/dwb_msgs/include/dwb_msgs/msg/detail/critic_score__traits.hpp
[2.365s] -- Up-to-date symlink: /home/ik/aws_ws/install/dwb_msgs/include/dwb_msgs/msg/detail/local_plan_evaluation__builder.hpp
[2.365s] -- Up-to-date symlink: /home/ik/aws_ws/install/dwb_msgs/include/dwb_msgs/msg/detail/local_plan_evaluation__struct.hpp
[2.365s] -- Up-to-date symlink: /home/ik/aws_ws/install/dwb_msgs/include/dwb_msgs/msg/detail/local_plan_evaluation__traits.hpp
[2.366s] -- Up-to-date symlink: /home/ik/aws_ws/install/dwb_msgs/include/dwb_msgs/msg/detail/trajectory2_d__builder.hpp
[2.366s] -- Up-to-date symlink: /home/ik/aws_ws/install/dwb_msgs/include/dwb_msgs/msg/detail/trajectory2_d__struct.hpp
[2.366s] -- Up-to-date symlink: /home/ik/aws_ws/install/dwb_msgs/include/dwb_msgs/msg/detail/trajectory2_d__traits.hpp
[2.366s] -- Up-to-date symlink: /home/ik/aws_ws/install/dwb_msgs/include/dwb_msgs/msg/detail/trajectory_score__builder.hpp
[2.366s] -- Up-to-date symlink: /home/ik/aws_ws/install/dwb_msgs/include/dwb_msgs/msg/detail/trajectory_score__struct.hpp
[2.366s] -- Up-to-date symlink: /home/ik/aws_ws/install/dwb_msgs/include/dwb_msgs/msg/detail/trajectory_score__traits.hpp
[2.366s] -- Up-to-date symlink: /home/ik/aws_ws/install/dwb_msgs/include/dwb_msgs/msg/local_plan_evaluation.hpp
[2.366s] -- Up-to-date symlink: /home/ik/aws_ws/install/dwb_msgs/include/dwb_msgs/msg/trajectory2_d.hpp
[2.367s] -- Up-to-date symlink: /home/ik/aws_ws/install/dwb_msgs/include/dwb_msgs/msg/trajectory_score.hpp
[2.367s] -- Up-to-date symlink: /home/ik/aws_ws/install/dwb_msgs/include/dwb_msgs/srv/debug_local_plan.hpp
[2.367s] -- Up-to-date symlink: /home/ik/aws_ws/install/dwb_msgs/include/dwb_msgs/srv/detail/debug_local_plan__builder.hpp
[2.367s] -- Up-to-date symlink: /home/ik/aws_ws/install/dwb_msgs/include/dwb_msgs/srv/detail/debug_local_plan__struct.hpp
[2.367s] -- Up-to-date symlink: /home/ik/aws_ws/install/dwb_msgs/include/dwb_msgs/srv/detail/debug_local_plan__traits.hpp
[2.367s] -- Up-to-date symlink: /home/ik/aws_ws/install/dwb_msgs/include/dwb_msgs/srv/detail/generate_trajectory__builder.hpp
[2.367s] -- Up-to-date symlink: /home/ik/aws_ws/install/dwb_msgs/include/dwb_msgs/srv/detail/generate_trajectory__struct.hpp
[2.367s] -- Up-to-date symlink: /home/ik/aws_ws/install/dwb_msgs/include/dwb_msgs/srv/detail/generate_trajectory__traits.hpp
[2.367s] -- Up-to-date symlink: /home/ik/aws_ws/install/dwb_msgs/include/dwb_msgs/srv/detail/generate_twists__builder.hpp
[2.370s] -- Up-to-date symlink: /home/ik/aws_ws/install/dwb_msgs/include/dwb_msgs/srv/detail/generate_twists__struct.hpp
[2.370s] -- Up-to-date symlink: /home/ik/aws_ws/install/dwb_msgs/include/dwb_msgs/srv/detail/generate_twists__traits.hpp
[2.370s] -- Up-to-date symlink: /home/ik/aws_ws/install/dwb_msgs/include/dwb_msgs/srv/detail/get_critic_score__builder.hpp
[2.370s] -- Up-to-date symlink: /home/ik/aws_ws/install/dwb_msgs/include/dwb_msgs/srv/detail/get_critic_score__struct.hpp
[2.370s] -- Up-to-date symlink: /home/ik/aws_ws/install/dwb_msgs/include/dwb_msgs/srv/detail/get_critic_score__traits.hpp
[2.370s] -- Up-to-date symlink: /home/ik/aws_ws/install/dwb_msgs/include/dwb_msgs/srv/detail/score_trajectory__builder.hpp
[2.370s] -- Up-to-date symlink: /home/ik/aws_ws/install/dwb_msgs/include/dwb_msgs/srv/detail/score_trajectory__struct.hpp
[2.371s] -- Up-to-date symlink: /home/ik/aws_ws/install/dwb_msgs/include/dwb_msgs/srv/detail/score_trajectory__traits.hpp
[2.371s] -- Up-to-date symlink: /home/ik/aws_ws/install/dwb_msgs/include/dwb_msgs/srv/generate_trajectory.hpp
[2.371s] -- Up-to-date symlink: /home/ik/aws_ws/install/dwb_msgs/include/dwb_msgs/srv/generate_twists.hpp
[2.371s] -- Up-to-date symlink: /home/ik/aws_ws/install/dwb_msgs/include/dwb_msgs/srv/get_critic_score.hpp
[2.371s] -- Up-to-date symlink: /home/ik/aws_ws/install/dwb_msgs/include/dwb_msgs/srv/score_trajectory.hpp
[2.371s] -- Up-to-date symlink: /home/ik/aws_ws/install/dwb_msgs/include/dwb_msgs/msg/detail/critic_score__rosidl_typesupport_introspection_cpp.hpp
[2.371s] -- Up-to-date symlink: /home/ik/aws_ws/install/dwb_msgs/include/dwb_msgs/msg/detail/local_plan_evaluation__rosidl_typesupport_introspection_cpp.hpp
[2.371s] -- Up-to-date symlink: /home/ik/aws_ws/install/dwb_msgs/include/dwb_msgs/msg/detail/trajectory2_d__rosidl_typesupport_introspection_cpp.hpp
[2.372s] -- Up-to-date symlink: /home/ik/aws_ws/install/dwb_msgs/include/dwb_msgs/msg/detail/trajectory_score__rosidl_typesupport_introspection_cpp.hpp
[2.372s] -- Up-to-date symlink: /home/ik/aws_ws/install/dwb_msgs/include/dwb_msgs/srv/detail/debug_local_plan__rosidl_typesupport_introspection_cpp.hpp
[2.372s] -- Up-to-date symlink: /home/ik/aws_ws/install/dwb_msgs/include/dwb_msgs/srv/detail/generate_trajectory__rosidl_typesupport_introspection_cpp.hpp
[2.372s] -- Up-to-date symlink: /home/ik/aws_ws/install/dwb_msgs/include/dwb_msgs/srv/detail/generate_twists__rosidl_typesupport_introspection_cpp.hpp
[2.372s] -- Up-to-date symlink: /home/ik/aws_ws/install/dwb_msgs/include/dwb_msgs/srv/detail/get_critic_score__rosidl_typesupport_introspection_cpp.hpp
[2.372s] -- Up-to-date symlink: /home/ik/aws_ws/install/dwb_msgs/include/dwb_msgs/srv/detail/score_trajectory__rosidl_typesupport_introspection_cpp.hpp
[2.372s] -- Up-to-date symlink: /home/ik/aws_ws/install/dwb_msgs/share/dwb_msgs/environment/pythonpath.sh
[2.372s] -- Up-to-date symlink: /home/ik/aws_ws/install/dwb_msgs/share/dwb_msgs/environment/pythonpath.dsv
[2.372s] -- Up-to-date symlink: /home/ik/aws_ws/install/dwb_msgs/lib/python3.8/site-packages/dwb_msgs/__init__.py
[2.372s] -- Up-to-date symlink: /home/ik/aws_ws/install/dwb_msgs/lib/python3.8/site-packages/dwb_msgs/msg/__init__.py
[2.372s] -- Up-to-date symlink: /home/ik/aws_ws/install/dwb_msgs/lib/python3.8/site-packages/dwb_msgs/msg/_critic_score.py
[2.372s] -- Up-to-date symlink: /home/ik/aws_ws/install/dwb_msgs/lib/python3.8/site-packages/dwb_msgs/msg/_local_plan_evaluation.py
[2.372s] -- Up-to-date symlink: /home/ik/aws_ws/install/dwb_msgs/lib/python3.8/site-packages/dwb_msgs/msg/_trajectory2_d.py
[2.372s] -- Up-to-date symlink: /home/ik/aws_ws/install/dwb_msgs/lib/python3.8/site-packages/dwb_msgs/msg/_trajectory_score.py
[2.373s] -- Up-to-date symlink: /home/ik/aws_ws/install/dwb_msgs/lib/python3.8/site-packages/dwb_msgs/srv/__init__.py
[2.373s] -- Up-to-date symlink: /home/ik/aws_ws/install/dwb_msgs/lib/python3.8/site-packages/dwb_msgs/srv/_debug_local_plan.py
[2.373s] -- Up-to-date symlink: /home/ik/aws_ws/install/dwb_msgs/lib/python3.8/site-packages/dwb_msgs/srv/_generate_trajectory.py
[2.373s] -- Up-to-date symlink: /home/ik/aws_ws/install/dwb_msgs/lib/python3.8/site-packages/dwb_msgs/srv/_generate_twists.py
[2.373s] -- Up-to-date symlink: /home/ik/aws_ws/install/dwb_msgs/lib/python3.8/site-packages/dwb_msgs/srv/_get_critic_score.py
[2.373s] -- Up-to-date symlink: /home/ik/aws_ws/install/dwb_msgs/lib/python3.8/site-packages/dwb_msgs/srv/_score_trajectory.py
[2.373s] -- Up-to-date symlink: /home/ik/aws_ws/install/dwb_msgs/lib/python3.8/site-packages/dwb_msgs/dwb_msgs_s__rosidl_typesupport_fastrtps_c.cpython-38-x86_64-linux-gnu.so
[2.373s] -- Up-to-date symlink: /home/ik/aws_ws/install/dwb_msgs/lib/python3.8/site-packages/dwb_msgs/dwb_msgs_s__rosidl_typesupport_introspection_c.cpython-38-x86_64-linux-gnu.so
[2.373s] -- Up-to-date symlink: /home/ik/aws_ws/install/dwb_msgs/lib/python3.8/site-packages/dwb_msgs/dwb_msgs_s__rosidl_typesupport_c.cpython-38-x86_64-linux-gnu.so
[2.373s] -- Up-to-date symlink: /home/ik/aws_ws/install/dwb_msgs/lib/libdwb_msgs__python.so
[2.373s] -- Up-to-date symlink: /home/ik/aws_ws/install/dwb_msgs/share/dwb_msgs/msg/CriticScore.idl
[2.373s] -- Up-to-date symlink: /home/ik/aws_ws/install/dwb_msgs/share/dwb_msgs/msg/LocalPlanEvaluation.idl
[2.373s] -- Up-to-date symlink: /home/ik/aws_ws/install/dwb_msgs/share/dwb_msgs/msg/Trajectory2D.idl
[2.373s] -- Up-to-date symlink: /home/ik/aws_ws/install/dwb_msgs/share/dwb_msgs/msg/TrajectoryScore.idl
[2.373s] -- Up-to-date symlink: /home/ik/aws_ws/install/dwb_msgs/share/dwb_msgs/srv/DebugLocalPlan.idl
[2.373s] -- Up-to-date symlink: /home/ik/aws_ws/install/dwb_msgs/share/dwb_msgs/srv/GenerateTrajectory.idl
[2.374s] -- Up-to-date symlink: /home/ik/aws_ws/install/dwb_msgs/share/dwb_msgs/srv/GenerateTwists.idl
[2.374s] -- Up-to-date symlink: /home/ik/aws_ws/install/dwb_msgs/share/dwb_msgs/srv/GetCriticScore.idl
[2.374s] -- Up-to-date symlink: /home/ik/aws_ws/install/dwb_msgs/share/dwb_msgs/srv/ScoreTrajectory.idl
[2.374s] -- Up-to-date symlink: /home/ik/aws_ws/install/dwb_msgs/share/dwb_msgs/msg/CriticScore.msg
[2.374s] -- Up-to-date symlink: /home/ik/aws_ws/install/dwb_msgs/share/dwb_msgs/msg/LocalPlanEvaluation.msg
[2.374s] -- Up-to-date symlink: /home/ik/aws_ws/install/dwb_msgs/share/dwb_msgs/msg/Trajectory2D.msg
[2.374s] -- Up-to-date symlink: /home/ik/aws_ws/install/dwb_msgs/share/dwb_msgs/msg/TrajectoryScore.msg
[2.375s] -- Up-to-date symlink: /home/ik/aws_ws/install/dwb_msgs/share/dwb_msgs/srv/DebugLocalPlan.srv
[2.375s] -- Up-to-date symlink: /home/ik/aws_ws/install/dwb_msgs/share/dwb_msgs/srv/DebugLocalPlan_Request.msg
[2.375s] -- Up-to-date symlink: /home/ik/aws_ws/install/dwb_msgs/share/dwb_msgs/srv/DebugLocalPlan_Response.msg
[2.375s] -- Up-to-date symlink: /home/ik/aws_ws/install/dwb_msgs/share/dwb_msgs/srv/GenerateTrajectory.srv
[2.375s] -- Up-to-date symlink: /home/ik/aws_ws/install/dwb_msgs/share/dwb_msgs/srv/GenerateTrajectory_Request.msg
[2.376s] -- Up-to-date symlink: /home/ik/aws_ws/install/dwb_msgs/share/dwb_msgs/srv/GenerateTrajectory_Response.msg
[2.376s] -- Up-to-date symlink: /home/ik/aws_ws/install/dwb_msgs/share/dwb_msgs/srv/GenerateTwists.srv
[2.376s] -- Up-to-date symlink: /home/ik/aws_ws/install/dwb_msgs/share/dwb_msgs/srv/GenerateTwists_Request.msg
[2.376s] -- Up-to-date symlink: /home/ik/aws_ws/install/dwb_msgs/share/dwb_msgs/srv/GenerateTwists_Response.msg
[2.376s] -- Up-to-date symlink: /home/ik/aws_ws/install/dwb_msgs/share/dwb_msgs/srv/GetCriticScore.srv
[2.376s] -- Up-to-date symlink: /home/ik/aws_ws/install/dwb_msgs/share/dwb_msgs/srv/GetCriticScore_Request.msg
[2.377s] -- Up-to-date symlink: /home/ik/aws_ws/install/dwb_msgs/share/dwb_msgs/srv/GetCriticScore_Response.msg
[2.377s] -- Up-to-date symlink: /home/ik/aws_ws/install/dwb_msgs/share/dwb_msgs/srv/ScoreTrajectory.srv
[2.377s] -- Up-to-date symlink: /home/ik/aws_ws/install/dwb_msgs/share/dwb_msgs/srv/ScoreTrajectory_Request.msg
[2.377s] -- Up-to-date symlink: /home/ik/aws_ws/install/dwb_msgs/share/dwb_msgs/srv/ScoreTrajectory_Response.msg
[2.377s] -- Up-to-date symlink: /home/ik/aws_ws/install/dwb_msgs/share/ament_index/resource_index/package_run_dependencies/dwb_msgs
[2.378s] -- Up-to-date symlink: /home/ik/aws_ws/install/dwb_msgs/share/ament_index/resource_index/parent_prefix_path/dwb_msgs
[2.378s] -- Up-to-date symlink: /home/ik/aws_ws/install/dwb_msgs/share/dwb_msgs/environment/ament_prefix_path.sh
[2.378s] -- Up-to-date symlink: /home/ik/aws_ws/install/dwb_msgs/share/dwb_msgs/environment/ament_prefix_path.dsv
[2.378s] -- Up-to-date symlink: /home/ik/aws_ws/install/dwb_msgs/share/dwb_msgs/environment/path.sh
[2.378s] -- Up-to-date symlink: /home/ik/aws_ws/install/dwb_msgs/share/dwb_msgs/environment/path.dsv
[2.378s] -- Up-to-date symlink: /home/ik/aws_ws/install/dwb_msgs/share/dwb_msgs/local_setup.bash
[2.379s] -- Up-to-date symlink: /home/ik/aws_ws/install/dwb_msgs/share/dwb_msgs/local_setup.sh
[2.379s] -- Up-to-date symlink: /home/ik/aws_ws/install/dwb_msgs/share/dwb_msgs/local_setup.zsh
[2.379s] -- Up-to-date symlink: /home/ik/aws_ws/install/dwb_msgs/share/dwb_msgs/local_setup.dsv
[2.379s] -- Symlinking: /home/ik/aws_ws/install/dwb_msgs/share/dwb_msgs/package.dsv
[2.395s] -- Up-to-date symlink: /home/ik/aws_ws/install/dwb_msgs/share/ament_index/resource_index/packages/dwb_msgs
[2.395s] -- Up-to-date symlink: /home/ik/aws_ws/install/dwb_msgs/share/dwb_msgs/cmake/rosidl_cmake-extras.cmake
[2.395s] -- Up-to-date symlink: /home/ik/aws_ws/install/dwb_msgs/share/dwb_msgs/cmake/ament_cmake_export_dependencies-extras.cmake
[2.396s] -- Up-to-date symlink: /home/ik/aws_ws/install/dwb_msgs/share/dwb_msgs/cmake/ament_cmake_export_libraries-extras.cmake
[2.396s] -- Up-to-date symlink: /home/ik/aws_ws/install/dwb_msgs/share/dwb_msgs/cmake/ament_cmake_export_targets-extras.cmake
[2.396s] -- Up-to-date symlink: /home/ik/aws_ws/install/dwb_msgs/share/dwb_msgs/cmake/ament_cmake_export_include_directories-extras.cmake
[2.397s] -- Up-to-date symlink: /home/ik/aws_ws/install/dwb_msgs/share/dwb_msgs/cmake/rosidl_cmake_export_typesupport_libraries-extras.cmake
[2.397s] -- Up-to-date symlink: /home/ik/aws_ws/install/dwb_msgs/share/dwb_msgs/cmake/rosidl_cmake_export_typesupport_targets-extras.cmake
[2.397s] -- Up-to-date symlink: /home/ik/aws_ws/install/dwb_msgs/share/dwb_msgs/cmake/dwb_msgsConfig.cmake
[2.398s] -- Up-to-date symlink: /home/ik/aws_ws/install/dwb_msgs/share/dwb_msgs/cmake/dwb_msgsConfig-version.cmake
[2.398s] -- Up-to-date symlink: /home/ik/aws_ws/install/dwb_msgs/share/dwb_msgs/package.xml
[2.399s] -- Up-to-date: /home/ik/aws_ws/install/dwb_msgs/lib/libdwb_msgs__rosidl_generator_c.so
[2.399s] -- Up-to-date: /home/ik/aws_ws/install/dwb_msgs/lib/libdwb_msgs__rosidl_typesupport_introspection_c.so
[2.400s] -- Up-to-date: /home/ik/aws_ws/install/dwb_msgs/lib/libdwb_msgs__rosidl_typesupport_c.so
[2.400s] -- Up-to-date: /home/ik/aws_ws/install/dwb_msgs/lib/libdwb_msgs__rosidl_typesupport_introspection_cpp.so
[2.401s] -- Up-to-date: /home/ik/aws_ws/install/dwb_msgs/lib/libdwb_msgs__rosidl_typesupport_cpp.so
[2.436s] Compiling '/home/ik/aws_ws/install/dwb_msgs/lib/python3.8/site-packages/dwb_msgs/__init__.py'...
[2.441s] -- Up-to-date: /home/ik/aws_ws/install/dwb_msgs/share/dwb_msgs/cmake/dwb_msgs__rosidl_generator_cExport.cmake
[2.441s] -- Installing: /home/ik/aws_ws/install/dwb_msgs/share/dwb_msgs/cmake/dwb_msgs__rosidl_generator_cExport-noconfig.cmake
[2.441s] -- Up-to-date: /home/ik/aws_ws/install/dwb_msgs/share/dwb_msgs/cmake/dwb_msgs__rosidl_typesupport_introspection_cExport.cmake
[2.441s] -- Installing: /home/ik/aws_ws/install/dwb_msgs/share/dwb_msgs/cmake/dwb_msgs__rosidl_typesupport_introspection_cExport-noconfig.cmake
[2.441s] -- Up-to-date: /home/ik/aws_ws/install/dwb_msgs/share/dwb_msgs/cmake/dwb_msgs__rosidl_typesupport_cExport.cmake
[2.442s] -- Installing: /home/ik/aws_ws/install/dwb_msgs/share/dwb_msgs/cmake/dwb_msgs__rosidl_typesupport_cExport-noconfig.cmake
[2.442s] -- Up-to-date: /home/ik/aws_ws/install/dwb_msgs/share/dwb_msgs/cmake/dwb_msgs__rosidl_generator_cppExport.cmake
[2.442s] -- Up-to-date: /home/ik/aws_ws/install/dwb_msgs/share/dwb_msgs/cmake/dwb_msgs__rosidl_typesupport_introspection_cppExport.cmake
[2.442s] -- Installing: /home/ik/aws_ws/install/dwb_msgs/share/dwb_msgs/cmake/dwb_msgs__rosidl_typesupport_introspection_cppExport-noconfig.cmake
[2.443s] -- Up-to-date: /home/ik/aws_ws/install/dwb_msgs/share/dwb_msgs/cmake/dwb_msgs__rosidl_typesupport_cppExport.cmake
[2.443s] -- Installing: /home/ik/aws_ws/install/dwb_msgs/share/dwb_msgs/cmake/dwb_msgs__rosidl_typesupport_cppExport-noconfig.cmake
[2.451s] Invoked command in '/home/ik/aws_ws/build/dwb_msgs' returned '0': CMAKE_PREFIX_PATH=/home/ik/aws_ws/install/nav_2d_msgs:/home/ik/aws_ws/install/nav2_system_tests:/home/ik/aws_ws/install/nav2_bringup:/home/ik/aws_ws/install/navigation2:/home/ik/aws_ws/install/smac_planner:/home/ik/aws_ws/install/nav2_dwb_controller:/home/ik/aws_ws/install/nav2_controller:/home/ik/aws_ws/install/dwb_plugins:/home/ik/aws_ws/install/dwb_critics:/home/ik/aws_ws/install/dwb_core:/home/ik/aws_ws/install/nav_2d_utils:/home/ik/aws_ws/install/dwb_msgs:/home/ik/aws_ws/install/nav2_waypoint_follower:/home/ik/aws_ws/install/nav2_regulated_pure_pursuit_controller:/home/ik/aws_ws/install/nav2_recoveries:/home/ik/aws_ws/install/nav2_planner:/home/ik/aws_ws/install/nav2_navfn_planner:/home/ik/aws_ws/install/nav2_core:/home/ik/aws_ws/install/costmap_queue:/home/ik/aws_ws/install/nav2_costmap_2d:/home/ik/aws_ws/install/nav2_voxel_grid:/home/ik/aws_ws/install/nav2_rviz_plugins:/home/ik/aws_ws/install/nav2_map_server:/home/ik/aws_ws/install/nav2_lifecycle_manager:/home/ik/aws_ws/install/nav2_bt_navigator:/home/ik/aws_ws/install/nav2_behavior_tree:/home/ik/aws_ws/install/nav2_amcl:/home/ik/aws_ws/install/nav2_util:/home/ik/aws_ws/install/nav2_msgs:/home/ik/aws_ws/install/nav2_common:/home/ik/aws_ws/install/turtlebot3_simulations:/home/ik/aws_ws/install/turtlebot3_gazebo:/home/ik/aws_ws/install/turtlebot3_fake_node:/home/ik/aws_ws/install/slam_toolbox:/home/ik/aws_ws/install/aws_robomaker_small_warehouse_world:/home/ik/aws_ws/install/nav2_gazebo_spawner:/opt/ros/foxy LD_LIBRARY_PATH=/home/ik/aws_ws/install/nav_2d_msgs/lib:/home/ik/aws_ws/install/smac_planner/lib:/home/ik/aws_ws/install/nav2_controller/lib:/home/ik/aws_ws/install/dwb_plugins/lib:/home/ik/aws_ws/install/dwb_critics/lib:/home/ik/aws_ws/install/dwb_core/lib:/home/ik/aws_ws/install/nav_2d_utils/lib:/home/ik/aws_ws/install/dwb_msgs/lib:/home/ik/aws_ws/install/nav2_waypoint_follower/lib:/home/ik/aws_ws/install/nav2_regulated_pure_pursuit_controller/lib:/home/ik/aws_ws/install/nav2_recoveries/lib:/home/ik/aws_ws/install/nav2_planner/lib:/home/ik/aws_ws/install/nav2_navfn_planner/lib:/home/ik/aws_ws/install/costmap_queue/lib:/home/ik/aws_ws/install/nav2_costmap_2d/lib:/home/ik/aws_ws/install/nav2_voxel_grid/lib:/home/ik/aws_ws/install/nav2_rviz_plugins/lib:/home/ik/aws_ws/install/nav2_map_server/lib:/home/ik/aws_ws/install/nav2_lifecycle_manager/lib:/home/ik/aws_ws/install/nav2_bt_navigator/lib:/home/ik/aws_ws/install/nav2_behavior_tree/lib:/home/ik/aws_ws/install/nav2_amcl/lib:/home/ik/aws_ws/install/nav2_util/lib:/home/ik/aws_ws/install/nav2_msgs/lib:/home/ik/aws_ws/install/slam_toolbox/lib:/usr/lib/x86_64-linux-gnu/gazebo-11/plugins:/opt/ros/foxy/opt/yaml_cpp_vendor/lib:/opt/ros/foxy/opt/rviz_ogre_vendor/lib:/opt/ros/foxy/lib/x86_64-linux-gnu:/opt/ros/foxy/lib:/usr/share/gazebo/../../lib/x86_64-linux-gnu/gazebo-11/plugins:/usr/share/gazebo/../../lib/x86_64-linux-gnu/gazebo-11/plugins:/usr/share/gazebo/../../lib/x86_64-linux-gnu/gazebo-11/plugins PYTHONPATH=/home/ik/aws_ws/install/nav_2d_msgs/lib/python3.8/site-packages:/home/ik/aws_ws/install/dwb_msgs/lib/python3.8/site-packages:/home/ik/aws_ws/install/nav2_msgs/lib/python3.8/site-packages:/home/ik/aws_ws/build/nav2_gazebo_spawner:/home/ik/aws_ws/install/nav2_gazebo_spawner/lib/python3.8/site-packages:/home/ik/aws_ws/install/nav2_common/lib/python3.8/site-packages:/home/ik/aws_ws/install/slam_toolbox/lib/python3.8/site-packages:/opt/ros/foxy/lib/python3.8/site-packages /usr/bin/cmake --install /home/ik/aws_ws/build/dwb_msgs
