[0.682s] Invoking command in '/home/ik/aws_ws/build/nav2_gazebo_spawner': PYTHONPATH=/home/ik/aws_ws/build/nav2_gazebo_spawner/prefix_override:/home/ik/aws_ws/install/nav2_gazebo_spawner/lib/python3.8/site-packages:${PYTHONPATH} /usr/bin/python3 setup.py develop --editable --build-directory /home/ik/aws_ws/build/nav2_gazebo_spawner/build --no-deps install_data
[0.894s] running develop
[1.009s] running egg_info
[1.012s] creating nav2_gazebo_spawner.egg-info
[1.012s] writing nav2_gazebo_spawner.egg-info/PKG-INFO
[1.012s] writing dependency_links to nav2_gazebo_spawner.egg-info/dependency_links.txt
[1.012s] writing entry points to nav2_gazebo_spawner.egg-info/entry_points.txt
[1.012s] writing requirements to nav2_gazebo_spawner.egg-info/requires.txt
[1.012s] writing top-level names to nav2_gazebo_spawner.egg-info/top_level.txt
[1.012s] writing manifest file 'nav2_gazebo_spawner.egg-info/SOURCES.txt'
[1.041s] reading manifest file 'nav2_gazebo_spawner.egg-info/SOURCES.txt'
[1.042s] writing manifest file 'nav2_gazebo_spawner.egg-info/SOURCES.txt'
[1.076s] running build_ext
[1.076s] Creating /home/ik/aws_ws/install/nav2_gazebo_spawner/lib/python3.8/site-packages/site.py
[1.078s] Creating /home/ik/aws_ws/install/nav2_gazebo_spawner/lib/python3.8/site-packages/nav2-gazebo-spawner.egg-link (link to .)
[1.079s] Installing nav2_gazebo_spawner script to /home/ik/aws_ws/install/nav2_gazebo_spawner/lib/nav2_gazebo_spawner
[1.080s] 
[1.080s] Installed /home/ik/aws_ws/build/nav2_gazebo_spawner
[1.080s] running install_data
[1.080s] creating /home/ik/aws_ws/install/nav2_gazebo_spawner/share/ament_index
[1.080s] creating /home/ik/aws_ws/install/nav2_gazebo_spawner/share/ament_index/resource_index
[1.081s] creating /home/ik/aws_ws/install/nav2_gazebo_spawner/share/ament_index/resource_index/packages
[1.081s] copying resource/nav2_gazebo_spawner -> /home/ik/aws_ws/install/nav2_gazebo_spawner/share/ament_index/resource_index/packages
[1.081s] copying package.xml -> /home/ik/aws_ws/install/nav2_gazebo_spawner/share/nav2_gazebo_spawner
[1.133s] Invoked command in '/home/ik/aws_ws/build/nav2_gazebo_spawner' returned '0': PYTHONPATH=/home/ik/aws_ws/build/nav2_gazebo_spawner/prefix_override:/home/ik/aws_ws/install/nav2_gazebo_spawner/lib/python3.8/site-packages:${PYTHONPATH} /usr/bin/python3 setup.py develop --editable --build-directory /home/ik/aws_ws/build/nav2_gazebo_spawner/build --no-deps install_data
