[0.023s] Invoking command in '/home/ik/aws_ws/build/dwb_msgs': AMENT_PREFIX_PATH=/home/ik/aws_ws/install/nav_2d_msgs:${AMENT_PREFIX_PATH} CMAKE_PREFIX_PATH=/home/ik/aws_ws/install/nav_2d_msgs:/opt/ros/foxy LD_LIBRARY_PATH=/home/ik/aws_ws/install/nav_2d_msgs/lib:${LD_LIBRARY_PATH} PYTHONPATH=/home/ik/aws_ws/install/nav_2d_msgs/lib/python3.8/site-packages:${PYTHONPATH} /usr/bin/cmake /home/ik/aws_ws/src/navigation2/nav2_dwb_controller/dwb_msgs -DCMAKE_INSTALL_PREFIX=/home/ik/aws_ws/install/dwb_msgs
[0.044s] -- Found builtin_interfaces: 1.0.0 (/opt/ros/foxy/share/builtin_interfaces/cmake)
[0.063s] -- Found PythonInterp: /usr/bin/python3 (found suitable version "3.8.10", minimum required is "3") 
[0.063s] -- Using PYTHON_EXECUTABLE: /usr/bin/python3
[0.225s] -- Override CMake install command with custom implementation using symlinks instead of copying resources
[0.255s] -- Using all available rosidl_typesupport_c: rosidl_typesupport_fastrtps_c;rosidl_typesupport_introspection_c
[0.257s] -- Found rosidl_adapter: 1.3.0 (/opt/ros/foxy/share/rosidl_adapter/cmake)
[0.388s] -- Using all available rosidl_typesupport_cpp: rosidl_typesupport_fastrtps_cpp;rosidl_typesupport_introspection_cpp
[0.411s] -- Found geometry_msgs: 2.0.5 (/opt/ros/foxy/share/geometry_msgs/cmake)
[0.457s] -- Found nav_2d_msgs: 0.4.7 (/home/ik/aws_ws/install/nav_2d_msgs/share/nav_2d_msgs/cmake)
[0.520s] -- Found nav_msgs: 2.0.5 (/opt/ros/foxy/share/nav_msgs/cmake)
[0.582s] -- Found rosidl_default_generators: 1.0.1 (/opt/ros/foxy/share/rosidl_default_generators/cmake)
[0.616s] -- Found PythonInterp: /usr/bin/python3 (found version "3.8.10") 
[0.855s] -- Found ament_cmake_ros: 0.9.2 (/opt/ros/foxy/share/ament_cmake_ros/cmake)
[1.107s] -- Using all available rosidl_typesupport_c: rosidl_typesupport_fastrtps_c;rosidl_typesupport_introspection_c
[1.224s] -- Using all available rosidl_typesupport_cpp: rosidl_typesupport_fastrtps_cpp;rosidl_typesupport_introspection_cpp
[1.254s] -- Found PythonInterp: /usr/bin/python3 (found suitable version "3.8.10", minimum required is "3.5") 
[1.254s] -- Found python_cmake_module: 0.8.1 (/opt/ros/foxy/share/python_cmake_module/cmake)
[1.276s] -- Using PYTHON_EXECUTABLE: /usr/bin/python3
[1.276s] -- Using PYTHON_INCLUDE_DIRS: /usr/include/python3.8
[1.276s] -- Using PYTHON_LIBRARIES: /usr/lib/x86_64-linux-gnu/libpython3.8.so
[1.349s] -- Configuring done
[1.424s] -- Generating done
[1.426s] -- Build files have been written to: /home/ik/aws_ws/build/dwb_msgs
[1.437s] Invoked command in '/home/ik/aws_ws/build/dwb_msgs' returned '0': AMENT_PREFIX_PATH=/home/ik/aws_ws/install/nav_2d_msgs:${AMENT_PREFIX_PATH} CMAKE_PREFIX_PATH=/home/ik/aws_ws/install/nav_2d_msgs:/opt/ros/foxy LD_LIBRARY_PATH=/home/ik/aws_ws/install/nav_2d_msgs/lib:${LD_LIBRARY_PATH} PYTHONPATH=/home/ik/aws_ws/install/nav_2d_msgs/lib/python3.8/site-packages:${PYTHONPATH} /usr/bin/cmake /home/ik/aws_ws/src/navigation2/nav2_dwb_controller/dwb_msgs -DCMAKE_INSTALL_PREFIX=/home/ik/aws_ws/install/dwb_msgs
[1.441s] Invoking command in '/home/ik/aws_ws/build/dwb_msgs': AMENT_PREFIX_PATH=/home/ik/aws_ws/install/nav_2d_msgs:${AMENT_PREFIX_PATH} CMAKE_PREFIX_PATH=/home/ik/aws_ws/install/nav_2d_msgs:/opt/ros/foxy LD_LIBRARY_PATH=/home/ik/aws_ws/install/nav_2d_msgs/lib:${LD_LIBRARY_PATH} PYTHONPATH=/home/ik/aws_ws/install/nav_2d_msgs/lib/python3.8/site-packages:${PYTHONPATH} /usr/bin/cmake --build /home/ik/aws_ws/build/dwb_msgs -- -j8 -l8
[1.512s] [  1%] Built target dwb_msgs__cpp
[1.519s] [ 12%] Built target dwb_msgs__rosidl_generator_c
[1.543s] [ 30%] Built target dwb_msgs__rosidl_typesupport_introspection_cpp
[1.543s] [ 44%] Built target dwb_msgs__rosidl_typesupport_c
[1.545s] [ 47%] Built target dwb_msgs__rosidl_typesupport_cpp
[1.550s] [ 58%] Built target dwb_msgs__rosidl_typesupport_fastrtps_cpp
[1.552s] [ 70%] Built target dwb_msgs__rosidl_typesupport_introspection_c
[1.604s] [ 82%] Built target dwb_msgs__rosidl_typesupport_fastrtps_c
[1.633s] [ 82%] Built target dwb_msgs
[1.666s] [ 83%] Built target dwb_msgs__py
[1.707s] [ 93%] Built target dwb_msgs__python
[1.740s] [ 95%] Built target dwb_msgs__rosidl_typesupport_introspection_c__pyext
[1.742s] [ 97%] Built target dwb_msgs__rosidl_typesupport_fastrtps_c__pyext
[1.744s] [100%] Built target dwb_msgs__rosidl_typesupport_c__pyext
[1.759s] Invoked command in '/home/ik/aws_ws/build/dwb_msgs' returned '0': AMENT_PREFIX_PATH=/home/ik/aws_ws/install/nav_2d_msgs:${AMENT_PREFIX_PATH} CMAKE_PREFIX_PATH=/home/ik/aws_ws/install/nav_2d_msgs:/opt/ros/foxy LD_LIBRARY_PATH=/home/ik/aws_ws/install/nav_2d_msgs/lib:${LD_LIBRARY_PATH} PYTHONPATH=/home/ik/aws_ws/install/nav_2d_msgs/lib/python3.8/site-packages:${PYTHONPATH} /usr/bin/cmake --build /home/ik/aws_ws/build/dwb_msgs -- -j8 -l8
[1.871s] Invoking command in '/home/ik/aws_ws/build/dwb_msgs': AMENT_PREFIX_PATH=/home/ik/aws_ws/install/nav_2d_msgs:${AMENT_PREFIX_PATH} CMAKE_PREFIX_PATH=/home/ik/aws_ws/install/nav_2d_msgs:/opt/ros/foxy LD_LIBRARY_PATH=/home/ik/aws_ws/install/nav_2d_msgs/lib:${LD_LIBRARY_PATH} PYTHONPATH=/home/ik/aws_ws/install/nav_2d_msgs/lib/python3.8/site-packages:${PYTHONPATH} /usr/bin/cmake --install /home/ik/aws_ws/build/dwb_msgs
[1.886s] -- Install configuration: ""
[1.887s] -- Execute custom install script
[1.887s] -- Up-to-date symlink: /home/ik/aws_ws/install/dwb_msgs/share/ament_index/resource_index/rosidl_interfaces/dwb_msgs
[1.888s] -- Up-to-date symlink: /home/ik/aws_ws/install/dwb_msgs/include/dwb_msgs/msg/critic_score.h
[1.888s] -- Up-to-date symlink: /home/ik/aws_ws/install/dwb_msgs/include/dwb_msgs/msg/detail/critic_score__functions.h
[1.888s] -- Up-to-date symlink: /home/ik/aws_ws/install/dwb_msgs/include/dwb_msgs/msg/detail/critic_score__struct.h
[1.888s] -- Up-to-date symlink: /home/ik/aws_ws/install/dwb_msgs/include/dwb_msgs/msg/detail/critic_score__type_support.h
[1.888s] -- Up-to-date symlink: /home/ik/aws_ws/install/dwb_msgs/include/dwb_msgs/msg/detail/local_plan_evaluation__functions.h
[1.888s] -- Up-to-date symlink: /home/ik/aws_ws/install/dwb_msgs/include/dwb_msgs/msg/detail/local_plan_evaluation__struct.h
[1.888s] -- Up-to-date symlink: /home/ik/aws_ws/install/dwb_msgs/include/dwb_msgs/msg/detail/local_plan_evaluation__type_support.h
[1.889s] -- Up-to-date symlink: /home/ik/aws_ws/install/dwb_msgs/include/dwb_msgs/msg/detail/trajectory2_d__functions.h
[1.889s] -- Up-to-date symlink: /home/ik/aws_ws/install/dwb_msgs/include/dwb_msgs/msg/detail/trajectory2_d__struct.h
[1.889s] -- Up-to-date symlink: /home/ik/aws_ws/install/dwb_msgs/include/dwb_msgs/msg/detail/trajectory2_d__type_support.h
[1.889s] -- Up-to-date symlink: /home/ik/aws_ws/install/dwb_msgs/include/dwb_msgs/msg/detail/trajectory_score__functions.h
[1.889s] -- Up-to-date symlink: /home/ik/aws_ws/install/dwb_msgs/include/dwb_msgs/msg/detail/trajectory_score__struct.h
[1.889s] -- Up-to-date symlink: /home/ik/aws_ws/install/dwb_msgs/include/dwb_msgs/msg/detail/trajectory_score__type_support.h
[1.889s] -- Up-to-date symlink: /home/ik/aws_ws/install/dwb_msgs/include/dwb_msgs/msg/local_plan_evaluation.h
[1.889s] -- Up-to-date symlink: /home/ik/aws_ws/install/dwb_msgs/include/dwb_msgs/msg/rosidl_generator_c__visibility_control.h
[1.890s] -- Up-to-date symlink: /home/ik/aws_ws/install/dwb_msgs/include/dwb_msgs/msg/trajectory2_d.h
[1.890s] -- Up-to-date symlink: /home/ik/aws_ws/install/dwb_msgs/include/dwb_msgs/msg/trajectory_score.h
[1.890s] -- Up-to-date symlink: /home/ik/aws_ws/install/dwb_msgs/include/dwb_msgs/srv/debug_local_plan.h
[1.890s] -- Up-to-date symlink: /home/ik/aws_ws/install/dwb_msgs/include/dwb_msgs/srv/detail/debug_local_plan__functions.h
[1.890s] -- Up-to-date symlink: /home/ik/aws_ws/install/dwb_msgs/include/dwb_msgs/srv/detail/debug_local_plan__struct.h
[1.890s] -- Up-to-date symlink: /home/ik/aws_ws/install/dwb_msgs/include/dwb_msgs/srv/detail/debug_local_plan__type_support.h
[1.890s] -- Up-to-date symlink: /home/ik/aws_ws/install/dwb_msgs/include/dwb_msgs/srv/detail/generate_trajectory__functions.h
[1.890s] -- Up-to-date symlink: /home/ik/aws_ws/install/dwb_msgs/include/dwb_msgs/srv/detail/generate_trajectory__struct.h
[1.891s] -- Up-to-date symlink: /home/ik/aws_ws/install/dwb_msgs/include/dwb_msgs/srv/detail/generate_trajectory__type_support.h
[1.891s] -- Up-to-date symlink: /home/ik/aws_ws/install/dwb_msgs/include/dwb_msgs/srv/detail/generate_twists__functions.h
[1.891s] -- Up-to-date symlink: /home/ik/aws_ws/install/dwb_msgs/include/dwb_msgs/srv/detail/generate_twists__struct.h
[1.891s] -- Up-to-date symlink: /home/ik/aws_ws/install/dwb_msgs/include/dwb_msgs/srv/detail/generate_twists__type_support.h
[1.891s] -- Up-to-date symlink: /home/ik/aws_ws/install/dwb_msgs/include/dwb_msgs/srv/detail/get_critic_score__functions.h
[1.891s] -- Up-to-date symlink: /home/ik/aws_ws/install/dwb_msgs/include/dwb_msgs/srv/detail/get_critic_score__struct.h
[1.891s] -- Up-to-date symlink: /home/ik/aws_ws/install/dwb_msgs/include/dwb_msgs/srv/detail/get_critic_score__type_support.h
[1.891s] -- Up-to-date symlink: /home/ik/aws_ws/install/dwb_msgs/include/dwb_msgs/srv/detail/score_trajectory__functions.h
[1.892s] -- Up-to-date symlink: /home/ik/aws_ws/install/dwb_msgs/include/dwb_msgs/srv/detail/score_trajectory__struct.h
[1.892s] -- Up-to-date symlink: /home/ik/aws_ws/install/dwb_msgs/include/dwb_msgs/srv/detail/score_trajectory__type_support.h
[1.892s] -- Up-to-date symlink: /home/ik/aws_ws/install/dwb_msgs/include/dwb_msgs/srv/generate_trajectory.h
[1.892s] -- Up-to-date symlink: /home/ik/aws_ws/install/dwb_msgs/include/dwb_msgs/srv/generate_twists.h
[1.892s] -- Up-to-date symlink: /home/ik/aws_ws/install/dwb_msgs/include/dwb_msgs/srv/get_critic_score.h
[1.892s] -- Up-to-date symlink: /home/ik/aws_ws/install/dwb_msgs/include/dwb_msgs/srv/score_trajectory.h
[1.892s] -- Up-to-date symlink: /home/ik/aws_ws/install/dwb_msgs/share/dwb_msgs/environment/library_path.sh
[1.893s] -- Up-to-date symlink: /home/ik/aws_ws/install/dwb_msgs/share/dwb_msgs/environment/library_path.dsv
[1.893s] -- Up-to-date symlink: /home/ik/aws_ws/install/dwb_msgs/include/dwb_msgs/msg/detail/critic_score__rosidl_typesupport_fastrtps_c.h
[1.893s] -- Up-to-date symlink: /home/ik/aws_ws/install/dwb_msgs/include/dwb_msgs/msg/detail/local_plan_evaluation__rosidl_typesupport_fastrtps_c.h
[1.893s] -- Up-to-date symlink: /home/ik/aws_ws/install/dwb_msgs/include/dwb_msgs/msg/detail/trajectory2_d__rosidl_typesupport_fastrtps_c.h
[1.893s] -- Up-to-date symlink: /home/ik/aws_ws/install/dwb_msgs/include/dwb_msgs/msg/detail/trajectory_score__rosidl_typesupport_fastrtps_c.h
[1.893s] -- Up-to-date symlink: /home/ik/aws_ws/install/dwb_msgs/include/dwb_msgs/msg/rosidl_typesupport_fastrtps_c__visibility_control.h
[1.893s] -- Up-to-date symlink: /home/ik/aws_ws/install/dwb_msgs/include/dwb_msgs/srv/detail/debug_local_plan__rosidl_typesupport_fastrtps_c.h
[1.894s] -- Up-to-date symlink: /home/ik/aws_ws/install/dwb_msgs/include/dwb_msgs/srv/detail/generate_trajectory__rosidl_typesupport_fastrtps_c.h
[1.894s] -- Up-to-date symlink: /home/ik/aws_ws/install/dwb_msgs/include/dwb_msgs/srv/detail/generate_twists__rosidl_typesupport_fastrtps_c.h
[1.894s] -- Up-to-date symlink: /home/ik/aws_ws/install/dwb_msgs/include/dwb_msgs/srv/detail/get_critic_score__rosidl_typesupport_fastrtps_c.h
[1.894s] -- Up-to-date symlink: /home/ik/aws_ws/install/dwb_msgs/include/dwb_msgs/srv/detail/score_trajectory__rosidl_typesupport_fastrtps_c.h
[1.894s] -- Up-to-date symlink: /home/ik/aws_ws/install/dwb_msgs/lib/libdwb_msgs__rosidl_typesupport_fastrtps_c.so
[1.895s] -- Up-to-date symlink: /home/ik/aws_ws/install/dwb_msgs/include/dwb_msgs/msg/detail/critic_score__rosidl_typesupport_fastrtps_cpp.hpp
[1.895s] -- Up-to-date symlink: /home/ik/aws_ws/install/dwb_msgs/include/dwb_msgs/msg/detail/local_plan_evaluation__rosidl_typesupport_fastrtps_cpp.hpp
[1.895s] -- Up-to-date symlink: /home/ik/aws_ws/install/dwb_msgs/include/dwb_msgs/msg/detail/trajectory2_d__rosidl_typesupport_fastrtps_cpp.hpp
[1.895s] -- Up-to-date symlink: /home/ik/aws_ws/install/dwb_msgs/include/dwb_msgs/msg/detail/trajectory_score__rosidl_typesupport_fastrtps_cpp.hpp
[1.895s] -- Up-to-date symlink: /home/ik/aws_ws/install/dwb_msgs/include/dwb_msgs/msg/rosidl_typesupport_fastrtps_cpp__visibility_control.h
[1.895s] -- Up-to-date symlink: /home/ik/aws_ws/install/dwb_msgs/include/dwb_msgs/srv/detail/debug_local_plan__rosidl_typesupport_fastrtps_cpp.hpp
[1.895s] -- Up-to-date symlink: /home/ik/aws_ws/install/dwb_msgs/include/dwb_msgs/srv/detail/generate_trajectory__rosidl_typesupport_fastrtps_cpp.hpp
[1.896s] -- Up-to-date symlink: /home/ik/aws_ws/install/dwb_msgs/include/dwb_msgs/srv/detail/generate_twists__rosidl_typesupport_fastrtps_cpp.hpp
[1.896s] -- Up-to-date symlink: /home/ik/aws_ws/install/dwb_msgs/include/dwb_msgs/srv/detail/get_critic_score__rosidl_typesupport_fastrtps_cpp.hpp
[1.896s] -- Up-to-date symlink: /home/ik/aws_ws/install/dwb_msgs/include/dwb_msgs/srv/detail/score_trajectory__rosidl_typesupport_fastrtps_cpp.hpp
[1.896s] -- Up-to-date symlink: /home/ik/aws_ws/install/dwb_msgs/lib/libdwb_msgs__rosidl_typesupport_fastrtps_cpp.so
[1.896s] -- Up-to-date symlink: /home/ik/aws_ws/install/dwb_msgs/include/dwb_msgs/msg/detail/critic_score__rosidl_typesupport_introspection_c.h
[1.896s] -- Up-to-date symlink: /home/ik/aws_ws/install/dwb_msgs/include/dwb_msgs/msg/detail/local_plan_evaluation__rosidl_typesupport_introspection_c.h
[1.897s] -- Up-to-date symlink: /home/ik/aws_ws/install/dwb_msgs/include/dwb_msgs/msg/detail/trajectory2_d__rosidl_typesupport_introspection_c.h
[1.897s] -- Up-to-date symlink: /home/ik/aws_ws/install/dwb_msgs/include/dwb_msgs/msg/detail/trajectory_score__rosidl_typesupport_introspection_c.h
[1.897s] -- Up-to-date symlink: /home/ik/aws_ws/install/dwb_msgs/include/dwb_msgs/msg/rosidl_typesupport_introspection_c__visibility_control.h
[1.897s] -- Up-to-date symlink: /home/ik/aws_ws/install/dwb_msgs/include/dwb_msgs/srv/detail/debug_local_plan__rosidl_typesupport_introspection_c.h
[1.897s] -- Up-to-date symlink: /home/ik/aws_ws/install/dwb_msgs/include/dwb_msgs/srv/detail/generate_trajectory__rosidl_typesupport_introspection_c.h
[1.897s] -- Up-to-date symlink: /home/ik/aws_ws/install/dwb_msgs/include/dwb_msgs/srv/detail/generate_twists__rosidl_typesupport_introspection_c.h
[1.897s] -- Up-to-date symlink: /home/ik/aws_ws/install/dwb_msgs/include/dwb_msgs/srv/detail/get_critic_score__rosidl_typesupport_introspection_c.h
[1.897s] -- Up-to-date symlink: /home/ik/aws_ws/install/dwb_msgs/include/dwb_msgs/srv/detail/score_trajectory__rosidl_typesupport_introspection_c.h
[1.898s] -- Up-to-date symlink: /home/ik/aws_ws/install/dwb_msgs/include/dwb_msgs/msg/critic_score.hpp
[1.898s] -- Up-to-date symlink: /home/ik/aws_ws/install/dwb_msgs/include/dwb_msgs/msg/detail/critic_score__builder.hpp
[1.898s] -- Up-to-date symlink: /home/ik/aws_ws/install/dwb_msgs/include/dwb_msgs/msg/detail/critic_score__struct.hpp
[1.898s] -- Up-to-date symlink: /home/ik/aws_ws/install/dwb_msgs/include/dwb_msgs/msg/detail/critic_score__traits.hpp
[1.898s] -- Up-to-date symlink: /home/ik/aws_ws/install/dwb_msgs/include/dwb_msgs/msg/detail/local_plan_evaluation__builder.hpp
[1.899s] -- Up-to-date symlink: /home/ik/aws_ws/install/dwb_msgs/include/dwb_msgs/msg/detail/local_plan_evaluation__struct.hpp
[1.899s] -- Up-to-date symlink: /home/ik/aws_ws/install/dwb_msgs/include/dwb_msgs/msg/detail/local_plan_evaluation__traits.hpp
[1.899s] -- Up-to-date symlink: /home/ik/aws_ws/install/dwb_msgs/include/dwb_msgs/msg/detail/trajectory2_d__builder.hpp
[1.899s] -- Up-to-date symlink: /home/ik/aws_ws/install/dwb_msgs/include/dwb_msgs/msg/detail/trajectory2_d__struct.hpp
[1.899s] -- Up-to-date symlink: /home/ik/aws_ws/install/dwb_msgs/include/dwb_msgs/msg/detail/trajectory2_d__traits.hpp
[1.899s] -- Up-to-date symlink: /home/ik/aws_ws/install/dwb_msgs/include/dwb_msgs/msg/detail/trajectory_score__builder.hpp
[1.899s] -- Up-to-date symlink: /home/ik/aws_ws/install/dwb_msgs/include/dwb_msgs/msg/detail/trajectory_score__struct.hpp
[1.899s] -- Up-to-date symlink: /home/ik/aws_ws/install/dwb_msgs/include/dwb_msgs/msg/detail/trajectory_score__traits.hpp
[1.900s] -- Up-to-date symlink: /home/ik/aws_ws/install/dwb_msgs/include/dwb_msgs/msg/local_plan_evaluation.hpp
[1.900s] -- Up-to-date symlink: /home/ik/aws_ws/install/dwb_msgs/include/dwb_msgs/msg/trajectory2_d.hpp
[1.900s] -- Up-to-date symlink: /home/ik/aws_ws/install/dwb_msgs/include/dwb_msgs/msg/trajectory_score.hpp
[1.900s] -- Up-to-date symlink: /home/ik/aws_ws/install/dwb_msgs/include/dwb_msgs/srv/debug_local_plan.hpp
[1.900s] -- Up-to-date symlink: /home/ik/aws_ws/install/dwb_msgs/include/dwb_msgs/srv/detail/debug_local_plan__builder.hpp
[1.900s] -- Up-to-date symlink: /home/ik/aws_ws/install/dwb_msgs/include/dwb_msgs/srv/detail/debug_local_plan__struct.hpp
[1.900s] -- Up-to-date symlink: /home/ik/aws_ws/install/dwb_msgs/include/dwb_msgs/srv/detail/debug_local_plan__traits.hpp
[1.900s] -- Up-to-date symlink: /home/ik/aws_ws/install/dwb_msgs/include/dwb_msgs/srv/detail/generate_trajectory__builder.hpp
[1.901s] -- Up-to-date symlink: /home/ik/aws_ws/install/dwb_msgs/include/dwb_msgs/srv/detail/generate_trajectory__struct.hpp
[1.901s] -- Up-to-date symlink: /home/ik/aws_ws/install/dwb_msgs/include/dwb_msgs/srv/detail/generate_trajectory__traits.hpp
[1.901s] -- Up-to-date symlink: /home/ik/aws_ws/install/dwb_msgs/include/dwb_msgs/srv/detail/generate_twists__builder.hpp
[1.901s] -- Up-to-date symlink: /home/ik/aws_ws/install/dwb_msgs/include/dwb_msgs/srv/detail/generate_twists__struct.hpp
[1.901s] -- Up-to-date symlink: /home/ik/aws_ws/install/dwb_msgs/include/dwb_msgs/srv/detail/generate_twists__traits.hpp
[1.901s] -- Up-to-date symlink: /home/ik/aws_ws/install/dwb_msgs/include/dwb_msgs/srv/detail/get_critic_score__builder.hpp
[1.901s] -- Up-to-date symlink: /home/ik/aws_ws/install/dwb_msgs/include/dwb_msgs/srv/detail/get_critic_score__struct.hpp
[1.902s] -- Up-to-date symlink: /home/ik/aws_ws/install/dwb_msgs/include/dwb_msgs/srv/detail/get_critic_score__traits.hpp
[1.902s] -- Up-to-date symlink: /home/ik/aws_ws/install/dwb_msgs/include/dwb_msgs/srv/detail/score_trajectory__builder.hpp
[1.902s] -- Up-to-date symlink: /home/ik/aws_ws/install/dwb_msgs/include/dwb_msgs/srv/detail/score_trajectory__struct.hpp
[1.902s] -- Up-to-date symlink: /home/ik/aws_ws/install/dwb_msgs/include/dwb_msgs/srv/detail/score_trajectory__traits.hpp
[1.902s] -- Up-to-date symlink: /home/ik/aws_ws/install/dwb_msgs/include/dwb_msgs/srv/generate_trajectory.hpp
[1.902s] -- Up-to-date symlink: /home/ik/aws_ws/install/dwb_msgs/include/dwb_msgs/srv/generate_twists.hpp
[1.902s] -- Up-to-date symlink: /home/ik/aws_ws/install/dwb_msgs/include/dwb_msgs/srv/get_critic_score.hpp
[1.902s] -- Up-to-date symlink: /home/ik/aws_ws/install/dwb_msgs/include/dwb_msgs/srv/score_trajectory.hpp
[1.903s] -- Up-to-date symlink: /home/ik/aws_ws/install/dwb_msgs/include/dwb_msgs/msg/detail/critic_score__rosidl_typesupport_introspection_cpp.hpp
[1.903s] -- Up-to-date symlink: /home/ik/aws_ws/install/dwb_msgs/include/dwb_msgs/msg/detail/local_plan_evaluation__rosidl_typesupport_introspection_cpp.hpp
[1.903s] -- Up-to-date symlink: /home/ik/aws_ws/install/dwb_msgs/include/dwb_msgs/msg/detail/trajectory2_d__rosidl_typesupport_introspection_cpp.hpp
[1.903s] -- Up-to-date symlink: /home/ik/aws_ws/install/dwb_msgs/include/dwb_msgs/msg/detail/trajectory_score__rosidl_typesupport_introspection_cpp.hpp
[1.903s] -- Up-to-date symlink: /home/ik/aws_ws/install/dwb_msgs/include/dwb_msgs/srv/detail/debug_local_plan__rosidl_typesupport_introspection_cpp.hpp
[1.903s] -- Up-to-date symlink: /home/ik/aws_ws/install/dwb_msgs/include/dwb_msgs/srv/detail/generate_trajectory__rosidl_typesupport_introspection_cpp.hpp
[1.904s] -- Up-to-date symlink: /home/ik/aws_ws/install/dwb_msgs/include/dwb_msgs/srv/detail/generate_twists__rosidl_typesupport_introspection_cpp.hpp
[1.904s] -- Up-to-date symlink: /home/ik/aws_ws/install/dwb_msgs/include/dwb_msgs/srv/detail/get_critic_score__rosidl_typesupport_introspection_cpp.hpp
[1.904s] -- Up-to-date symlink: /home/ik/aws_ws/install/dwb_msgs/include/dwb_msgs/srv/detail/score_trajectory__rosidl_typesupport_introspection_cpp.hpp
[1.904s] -- Up-to-date symlink: /home/ik/aws_ws/install/dwb_msgs/share/dwb_msgs/environment/pythonpath.sh
[1.904s] -- Up-to-date symlink: /home/ik/aws_ws/install/dwb_msgs/share/dwb_msgs/environment/pythonpath.dsv
[1.904s] -- Up-to-date symlink: /home/ik/aws_ws/install/dwb_msgs/lib/python3.8/site-packages/dwb_msgs/__init__.py
[1.904s] -- Up-to-date symlink: /home/ik/aws_ws/install/dwb_msgs/lib/python3.8/site-packages/dwb_msgs/msg/__init__.py
[1.904s] -- Up-to-date symlink: /home/ik/aws_ws/install/dwb_msgs/lib/python3.8/site-packages/dwb_msgs/msg/_critic_score.py
[1.905s] -- Up-to-date symlink: /home/ik/aws_ws/install/dwb_msgs/lib/python3.8/site-packages/dwb_msgs/msg/_local_plan_evaluation.py
[1.905s] -- Up-to-date symlink: /home/ik/aws_ws/install/dwb_msgs/lib/python3.8/site-packages/dwb_msgs/msg/_trajectory2_d.py
[1.905s] -- Up-to-date symlink: /home/ik/aws_ws/install/dwb_msgs/lib/python3.8/site-packages/dwb_msgs/msg/_trajectory_score.py
[1.905s] -- Up-to-date symlink: /home/ik/aws_ws/install/dwb_msgs/lib/python3.8/site-packages/dwb_msgs/srv/__init__.py
[1.905s] -- Up-to-date symlink: /home/ik/aws_ws/install/dwb_msgs/lib/python3.8/site-packages/dwb_msgs/srv/_debug_local_plan.py
[1.905s] -- Up-to-date symlink: /home/ik/aws_ws/install/dwb_msgs/lib/python3.8/site-packages/dwb_msgs/srv/_generate_trajectory.py
[1.905s] -- Up-to-date symlink: /home/ik/aws_ws/install/dwb_msgs/lib/python3.8/site-packages/dwb_msgs/srv/_generate_twists.py
[1.906s] -- Up-to-date symlink: /home/ik/aws_ws/install/dwb_msgs/lib/python3.8/site-packages/dwb_msgs/srv/_get_critic_score.py
[1.906s] -- Up-to-date symlink: /home/ik/aws_ws/install/dwb_msgs/lib/python3.8/site-packages/dwb_msgs/srv/_score_trajectory.py
[1.906s] -- Up-to-date symlink: /home/ik/aws_ws/install/dwb_msgs/lib/python3.8/site-packages/dwb_msgs/dwb_msgs_s__rosidl_typesupport_fastrtps_c.cpython-38-x86_64-linux-gnu.so
[1.906s] -- Up-to-date symlink: /home/ik/aws_ws/install/dwb_msgs/lib/python3.8/site-packages/dwb_msgs/dwb_msgs_s__rosidl_typesupport_introspection_c.cpython-38-x86_64-linux-gnu.so
[1.907s] -- Up-to-date symlink: /home/ik/aws_ws/install/dwb_msgs/lib/python3.8/site-packages/dwb_msgs/dwb_msgs_s__rosidl_typesupport_c.cpython-38-x86_64-linux-gnu.so
[1.907s] -- Up-to-date symlink: /home/ik/aws_ws/install/dwb_msgs/lib/libdwb_msgs__python.so
[1.907s] -- Up-to-date symlink: /home/ik/aws_ws/install/dwb_msgs/share/dwb_msgs/msg/CriticScore.idl
[1.907s] -- Up-to-date symlink: /home/ik/aws_ws/install/dwb_msgs/share/dwb_msgs/msg/LocalPlanEvaluation.idl
[1.907s] -- Up-to-date symlink: /home/ik/aws_ws/install/dwb_msgs/share/dwb_msgs/msg/Trajectory2D.idl
[1.907s] -- Up-to-date symlink: /home/ik/aws_ws/install/dwb_msgs/share/dwb_msgs/msg/TrajectoryScore.idl
[1.908s] -- Up-to-date symlink: /home/ik/aws_ws/install/dwb_msgs/share/dwb_msgs/srv/DebugLocalPlan.idl
[1.908s] -- Up-to-date symlink: /home/ik/aws_ws/install/dwb_msgs/share/dwb_msgs/srv/GenerateTrajectory.idl
[1.908s] -- Up-to-date symlink: /home/ik/aws_ws/install/dwb_msgs/share/dwb_msgs/srv/GenerateTwists.idl
[1.908s] -- Up-to-date symlink: /home/ik/aws_ws/install/dwb_msgs/share/dwb_msgs/srv/GetCriticScore.idl
[1.908s] -- Up-to-date symlink: /home/ik/aws_ws/install/dwb_msgs/share/dwb_msgs/srv/ScoreTrajectory.idl
[1.909s] -- Up-to-date symlink: /home/ik/aws_ws/install/dwb_msgs/share/dwb_msgs/msg/CriticScore.msg
[1.909s] -- Up-to-date symlink: /home/ik/aws_ws/install/dwb_msgs/share/dwb_msgs/msg/LocalPlanEvaluation.msg
[1.909s] -- Up-to-date symlink: /home/ik/aws_ws/install/dwb_msgs/share/dwb_msgs/msg/Trajectory2D.msg
[1.909s] -- Up-to-date symlink: /home/ik/aws_ws/install/dwb_msgs/share/dwb_msgs/msg/TrajectoryScore.msg
[1.909s] -- Up-to-date symlink: /home/ik/aws_ws/install/dwb_msgs/share/dwb_msgs/srv/DebugLocalPlan.srv
[1.909s] -- Up-to-date symlink: /home/ik/aws_ws/install/dwb_msgs/share/dwb_msgs/srv/DebugLocalPlan_Request.msg
[1.910s] -- Up-to-date symlink: /home/ik/aws_ws/install/dwb_msgs/share/dwb_msgs/srv/DebugLocalPlan_Response.msg
[1.910s] -- Up-to-date symlink: /home/ik/aws_ws/install/dwb_msgs/share/dwb_msgs/srv/GenerateTrajectory.srv
[1.910s] -- Up-to-date symlink: /home/ik/aws_ws/install/dwb_msgs/share/dwb_msgs/srv/GenerateTrajectory_Request.msg
[1.910s] -- Up-to-date symlink: /home/ik/aws_ws/install/dwb_msgs/share/dwb_msgs/srv/GenerateTrajectory_Response.msg
[1.910s] -- Up-to-date symlink: /home/ik/aws_ws/install/dwb_msgs/share/dwb_msgs/srv/GenerateTwists.srv
[1.910s] -- Up-to-date symlink: /home/ik/aws_ws/install/dwb_msgs/share/dwb_msgs/srv/GenerateTwists_Request.msg
[1.911s] -- Up-to-date symlink: /home/ik/aws_ws/install/dwb_msgs/share/dwb_msgs/srv/GenerateTwists_Response.msg
[1.911s] -- Up-to-date symlink: /home/ik/aws_ws/install/dwb_msgs/share/dwb_msgs/srv/GetCriticScore.srv
[1.911s] -- Up-to-date symlink: /home/ik/aws_ws/install/dwb_msgs/share/dwb_msgs/srv/GetCriticScore_Request.msg
[1.911s] -- Up-to-date symlink: /home/ik/aws_ws/install/dwb_msgs/share/dwb_msgs/srv/GetCriticScore_Response.msg
[1.911s] -- Up-to-date symlink: /home/ik/aws_ws/install/dwb_msgs/share/dwb_msgs/srv/ScoreTrajectory.srv
[1.912s] -- Up-to-date symlink: /home/ik/aws_ws/install/dwb_msgs/share/dwb_msgs/srv/ScoreTrajectory_Request.msg
[1.912s] -- Up-to-date symlink: /home/ik/aws_ws/install/dwb_msgs/share/dwb_msgs/srv/ScoreTrajectory_Response.msg
[1.912s] -- Up-to-date symlink: /home/ik/aws_ws/install/dwb_msgs/share/ament_index/resource_index/package_run_dependencies/dwb_msgs
[1.912s] -- Up-to-date symlink: /home/ik/aws_ws/install/dwb_msgs/share/ament_index/resource_index/parent_prefix_path/dwb_msgs
[1.912s] -- Up-to-date symlink: /home/ik/aws_ws/install/dwb_msgs/share/dwb_msgs/environment/ament_prefix_path.sh
[1.912s] -- Up-to-date symlink: /home/ik/aws_ws/install/dwb_msgs/share/dwb_msgs/environment/ament_prefix_path.dsv
[1.913s] -- Up-to-date symlink: /home/ik/aws_ws/install/dwb_msgs/share/dwb_msgs/environment/path.sh
[1.913s] -- Up-to-date symlink: /home/ik/aws_ws/install/dwb_msgs/share/dwb_msgs/environment/path.dsv
[1.913s] -- Up-to-date symlink: /home/ik/aws_ws/install/dwb_msgs/share/dwb_msgs/local_setup.bash
[1.913s] -- Up-to-date symlink: /home/ik/aws_ws/install/dwb_msgs/share/dwb_msgs/local_setup.sh
[1.913s] -- Up-to-date symlink: /home/ik/aws_ws/install/dwb_msgs/share/dwb_msgs/local_setup.zsh
[1.914s] -- Up-to-date symlink: /home/ik/aws_ws/install/dwb_msgs/share/dwb_msgs/local_setup.dsv
[1.914s] -- Symlinking: /home/ik/aws_ws/install/dwb_msgs/share/dwb_msgs/package.dsv
[1.927s] -- Up-to-date symlink: /home/ik/aws_ws/install/dwb_msgs/share/ament_index/resource_index/packages/dwb_msgs
[1.927s] -- Up-to-date symlink: /home/ik/aws_ws/install/dwb_msgs/share/dwb_msgs/cmake/rosidl_cmake-extras.cmake
[1.928s] -- Up-to-date symlink: /home/ik/aws_ws/install/dwb_msgs/share/dwb_msgs/cmake/ament_cmake_export_dependencies-extras.cmake
[1.928s] -- Up-to-date symlink: /home/ik/aws_ws/install/dwb_msgs/share/dwb_msgs/cmake/ament_cmake_export_libraries-extras.cmake
[1.929s] -- Up-to-date symlink: /home/ik/aws_ws/install/dwb_msgs/share/dwb_msgs/cmake/ament_cmake_export_targets-extras.cmake
[1.929s] -- Up-to-date symlink: /home/ik/aws_ws/install/dwb_msgs/share/dwb_msgs/cmake/ament_cmake_export_include_directories-extras.cmake
[1.929s] -- Up-to-date symlink: /home/ik/aws_ws/install/dwb_msgs/share/dwb_msgs/cmake/rosidl_cmake_export_typesupport_libraries-extras.cmake
[1.930s] -- Up-to-date symlink: /home/ik/aws_ws/install/dwb_msgs/share/dwb_msgs/cmake/rosidl_cmake_export_typesupport_targets-extras.cmake
[1.930s] -- Up-to-date symlink: /home/ik/aws_ws/install/dwb_msgs/share/dwb_msgs/cmake/dwb_msgsConfig.cmake
[1.930s] -- Up-to-date symlink: /home/ik/aws_ws/install/dwb_msgs/share/dwb_msgs/cmake/dwb_msgsConfig-version.cmake
[1.931s] -- Up-to-date symlink: /home/ik/aws_ws/install/dwb_msgs/share/dwb_msgs/package.xml
[1.932s] -- Up-to-date: /home/ik/aws_ws/install/dwb_msgs/lib/libdwb_msgs__rosidl_generator_c.so
[1.932s] -- Up-to-date: /home/ik/aws_ws/install/dwb_msgs/lib/libdwb_msgs__rosidl_typesupport_introspection_c.so
[1.932s] -- Up-to-date: /home/ik/aws_ws/install/dwb_msgs/lib/libdwb_msgs__rosidl_typesupport_c.so
[1.934s] -- Up-to-date: /home/ik/aws_ws/install/dwb_msgs/lib/libdwb_msgs__rosidl_typesupport_introspection_cpp.so
[1.934s] -- Up-to-date: /home/ik/aws_ws/install/dwb_msgs/lib/libdwb_msgs__rosidl_typesupport_cpp.so
[1.961s] Compiling '/home/ik/aws_ws/install/dwb_msgs/lib/python3.8/site-packages/dwb_msgs/__init__.py'...
[1.965s] -- Up-to-date: /home/ik/aws_ws/install/dwb_msgs/share/dwb_msgs/cmake/dwb_msgs__rosidl_generator_cExport.cmake
[1.966s] -- Installing: /home/ik/aws_ws/install/dwb_msgs/share/dwb_msgs/cmake/dwb_msgs__rosidl_generator_cExport-noconfig.cmake
[1.966s] -- Up-to-date: /home/ik/aws_ws/install/dwb_msgs/share/dwb_msgs/cmake/dwb_msgs__rosidl_typesupport_introspection_cExport.cmake
[1.966s] -- Installing: /home/ik/aws_ws/install/dwb_msgs/share/dwb_msgs/cmake/dwb_msgs__rosidl_typesupport_introspection_cExport-noconfig.cmake
[1.966s] -- Up-to-date: /home/ik/aws_ws/install/dwb_msgs/share/dwb_msgs/cmake/dwb_msgs__rosidl_typesupport_cExport.cmake
[1.966s] -- Installing: /home/ik/aws_ws/install/dwb_msgs/share/dwb_msgs/cmake/dwb_msgs__rosidl_typesupport_cExport-noconfig.cmake
[1.967s] -- Up-to-date: /home/ik/aws_ws/install/dwb_msgs/share/dwb_msgs/cmake/dwb_msgs__rosidl_generator_cppExport.cmake
[1.967s] -- Up-to-date: /home/ik/aws_ws/install/dwb_msgs/share/dwb_msgs/cmake/dwb_msgs__rosidl_typesupport_introspection_cppExport.cmake
[1.967s] -- Installing: /home/ik/aws_ws/install/dwb_msgs/share/dwb_msgs/cmake/dwb_msgs__rosidl_typesupport_introspection_cppExport-noconfig.cmake
[1.967s] -- Up-to-date: /home/ik/aws_ws/install/dwb_msgs/share/dwb_msgs/cmake/dwb_msgs__rosidl_typesupport_cppExport.cmake
[1.967s] -- Installing: /home/ik/aws_ws/install/dwb_msgs/share/dwb_msgs/cmake/dwb_msgs__rosidl_typesupport_cppExport-noconfig.cmake
[1.973s] Invoked command in '/home/ik/aws_ws/build/dwb_msgs' returned '0': AMENT_PREFIX_PATH=/home/ik/aws_ws/install/nav_2d_msgs:${AMENT_PREFIX_PATH} CMAKE_PREFIX_PATH=/home/ik/aws_ws/install/nav_2d_msgs:/opt/ros/foxy LD_LIBRARY_PATH=/home/ik/aws_ws/install/nav_2d_msgs/lib:${LD_LIBRARY_PATH} PYTHONPATH=/home/ik/aws_ws/install/nav_2d_msgs/lib/python3.8/site-packages:${PYTHONPATH} /usr/bin/cmake --install /home/ik/aws_ws/build/dwb_msgs
