[0.093s] Invoking command in '/home/ik/aws_ws/build/dwb_core': AMENT_PREFIX_PATH=/home/ik/aws_ws/install/nav2_core:/home/ik/aws_ws/install/nav2_costmap_2d:/home/ik/aws_ws/install/nav_2d_utils:/home/ik/aws_ws/install/nav2_util:/home/ik/aws_ws/install/nav2_voxel_grid:/home/ik/aws_ws/install/nav2_msgs:/home/ik/aws_ws/install/dwb_msgs:/home/ik/aws_ws/install/nav_2d_msgs:/home/ik/aws_ws/install/nav2_common:${AMENT_PREFIX_PATH} CMAKE_PREFIX_PATH=/home/ik/aws_ws/install/nav2_core:/home/ik/aws_ws/install/nav2_costmap_2d:/home/ik/aws_ws/install/nav_2d_utils:/home/ik/aws_ws/install/nav2_util:/home/ik/aws_ws/install/nav2_voxel_grid:/home/ik/aws_ws/install/nav2_msgs:/home/ik/aws_ws/install/dwb_msgs:/home/ik/aws_ws/install/nav_2d_msgs:/home/ik/aws_ws/install/nav2_common:/opt/ros/foxy LD_LIBRARY_PATH=/home/ik/aws_ws/install/nav2_costmap_2d/lib:/home/ik/aws_ws/install/nav_2d_utils/lib:/home/ik/aws_ws/install/nav2_util/lib:/home/ik/aws_ws/install/nav2_voxel_grid/lib:/home/ik/aws_ws/install/nav2_msgs/lib:/home/ik/aws_ws/install/dwb_msgs/lib:/home/ik/aws_ws/install/nav_2d_msgs/lib:${LD_LIBRARY_PATH} PYTHONPATH=/home/ik/aws_ws/install/nav2_msgs/lib/python3.8/site-packages:/home/ik/aws_ws/install/dwb_msgs/lib/python3.8/site-packages:/home/ik/aws_ws/install/nav_2d_msgs/lib/python3.8/site-packages:/home/ik/aws_ws/install/nav2_common/lib/python3.8/site-packages:${PYTHONPATH} /usr/bin/cmake --build /home/ik/aws_ws/build/dwb_core -- -j8 -l8
[0.155s] [ 18%] Built target gtest_main
[0.176s] [ 36%] Built target gtest
[0.189s] [ 81%] Built target dwb_core
[0.253s] [100%] Built target utils_test
[0.291s] Invoked command in '/home/ik/aws_ws/build/dwb_core' returned '0': AMENT_PREFIX_PATH=/home/ik/aws_ws/install/nav2_core:/home/ik/aws_ws/install/nav2_costmap_2d:/home/ik/aws_ws/install/nav_2d_utils:/home/ik/aws_ws/install/nav2_util:/home/ik/aws_ws/install/nav2_voxel_grid:/home/ik/aws_ws/install/nav2_msgs:/home/ik/aws_ws/install/dwb_msgs:/home/ik/aws_ws/install/nav_2d_msgs:/home/ik/aws_ws/install/nav2_common:${AMENT_PREFIX_PATH} CMAKE_PREFIX_PATH=/home/ik/aws_ws/install/nav2_core:/home/ik/aws_ws/install/nav2_costmap_2d:/home/ik/aws_ws/install/nav_2d_utils:/home/ik/aws_ws/install/nav2_util:/home/ik/aws_ws/install/nav2_voxel_grid:/home/ik/aws_ws/install/nav2_msgs:/home/ik/aws_ws/install/dwb_msgs:/home/ik/aws_ws/install/nav_2d_msgs:/home/ik/aws_ws/install/nav2_common:/opt/ros/foxy LD_LIBRARY_PATH=/home/ik/aws_ws/install/nav2_costmap_2d/lib:/home/ik/aws_ws/install/nav_2d_utils/lib:/home/ik/aws_ws/install/nav2_util/lib:/home/ik/aws_ws/install/nav2_voxel_grid/lib:/home/ik/aws_ws/install/nav2_msgs/lib:/home/ik/aws_ws/install/dwb_msgs/lib:/home/ik/aws_ws/install/nav_2d_msgs/lib:${LD_LIBRARY_PATH} PYTHONPATH=/home/ik/aws_ws/install/nav2_msgs/lib/python3.8/site-packages:/home/ik/aws_ws/install/dwb_msgs/lib/python3.8/site-packages:/home/ik/aws_ws/install/nav_2d_msgs/lib/python3.8/site-packages:/home/ik/aws_ws/install/nav2_common/lib/python3.8/site-packages:${PYTHONPATH} /usr/bin/cmake --build /home/ik/aws_ws/build/dwb_core -- -j8 -l8
[0.339s] Invoking command in '/home/ik/aws_ws/build/dwb_core': AMENT_PREFIX_PATH=/home/ik/aws_ws/install/nav2_core:/home/ik/aws_ws/install/nav2_costmap_2d:/home/ik/aws_ws/install/nav_2d_utils:/home/ik/aws_ws/install/nav2_util:/home/ik/aws_ws/install/nav2_voxel_grid:/home/ik/aws_ws/install/nav2_msgs:/home/ik/aws_ws/install/dwb_msgs:/home/ik/aws_ws/install/nav_2d_msgs:/home/ik/aws_ws/install/nav2_common:${AMENT_PREFIX_PATH} CMAKE_PREFIX_PATH=/home/ik/aws_ws/install/nav2_core:/home/ik/aws_ws/install/nav2_costmap_2d:/home/ik/aws_ws/install/nav_2d_utils:/home/ik/aws_ws/install/nav2_util:/home/ik/aws_ws/install/nav2_voxel_grid:/home/ik/aws_ws/install/nav2_msgs:/home/ik/aws_ws/install/dwb_msgs:/home/ik/aws_ws/install/nav_2d_msgs:/home/ik/aws_ws/install/nav2_common:/opt/ros/foxy LD_LIBRARY_PATH=/home/ik/aws_ws/install/nav2_costmap_2d/lib:/home/ik/aws_ws/install/nav_2d_utils/lib:/home/ik/aws_ws/install/nav2_util/lib:/home/ik/aws_ws/install/nav2_voxel_grid/lib:/home/ik/aws_ws/install/nav2_msgs/lib:/home/ik/aws_ws/install/dwb_msgs/lib:/home/ik/aws_ws/install/nav_2d_msgs/lib:${LD_LIBRARY_PATH} PYTHONPATH=/home/ik/aws_ws/install/nav2_msgs/lib/python3.8/site-packages:/home/ik/aws_ws/install/dwb_msgs/lib/python3.8/site-packages:/home/ik/aws_ws/install/nav_2d_msgs/lib/python3.8/site-packages:/home/ik/aws_ws/install/nav2_common/lib/python3.8/site-packages:${PYTHONPATH} /usr/bin/cmake --install /home/ik/aws_ws/build/dwb_core
[0.352s] -- Install configuration: "Release"
[0.352s] -- Execute custom install script
[0.353s] -- Up-to-date symlink: /home/ik/aws_ws/install/dwb_core/lib/libdwb_core.so
[0.353s] -- Up-to-date symlink: /home/ik/aws_ws/install/dwb_core/include//dwb_core/dwb_local_planner.hpp
[0.353s] -- Up-to-date symlink: /home/ik/aws_ws/install/dwb_core/include//dwb_core/exceptions.hpp
[0.354s] -- Up-to-date symlink: /home/ik/aws_ws/install/dwb_core/include//dwb_core/illegal_trajectory_tracker.hpp
[0.354s] -- Up-to-date symlink: /home/ik/aws_ws/install/dwb_core/include//dwb_core/publisher.hpp
[0.354s] -- Up-to-date symlink: /home/ik/aws_ws/install/dwb_core/include//dwb_core/trajectory_critic.hpp
[0.354s] -- Up-to-date symlink: /home/ik/aws_ws/install/dwb_core/include//dwb_core/trajectory_generator.hpp
[0.355s] -- Up-to-date symlink: /home/ik/aws_ws/install/dwb_core/include//dwb_core/trajectory_utils.hpp
[0.355s] -- Up-to-date symlink: /home/ik/aws_ws/install/dwb_core/share/dwb_core/environment/library_path.sh
[0.355s] -- Up-to-date symlink: /home/ik/aws_ws/install/dwb_core/share/dwb_core/environment/library_path.dsv
[0.357s] -- Up-to-date symlink: /home/ik/aws_ws/install/dwb_core/share/dwb_core//local_planner_plugin.xml
[0.357s] -- Up-to-date symlink: /home/ik/aws_ws/install/dwb_core/share/ament_index/resource_index/package_run_dependencies/dwb_core
[0.360s] -- Up-to-date symlink: /home/ik/aws_ws/install/dwb_core/share/ament_index/resource_index/parent_prefix_path/dwb_core
[0.360s] -- Up-to-date symlink: /home/ik/aws_ws/install/dwb_core/share/dwb_core/environment/ament_prefix_path.sh
[0.360s] -- Up-to-date symlink: /home/ik/aws_ws/install/dwb_core/share/dwb_core/environment/ament_prefix_path.dsv
[0.360s] -- Up-to-date symlink: /home/ik/aws_ws/install/dwb_core/share/dwb_core/environment/path.sh
[0.360s] -- Up-to-date symlink: /home/ik/aws_ws/install/dwb_core/share/dwb_core/environment/path.dsv
[0.360s] -- Up-to-date symlink: /home/ik/aws_ws/install/dwb_core/share/dwb_core/local_setup.bash
[0.360s] -- Up-to-date symlink: /home/ik/aws_ws/install/dwb_core/share/dwb_core/local_setup.sh
[0.360s] -- Up-to-date symlink: /home/ik/aws_ws/install/dwb_core/share/dwb_core/local_setup.zsh
[0.361s] -- Up-to-date symlink: /home/ik/aws_ws/install/dwb_core/share/dwb_core/local_setup.dsv
[0.361s] -- Symlinking: /home/ik/aws_ws/install/dwb_core/share/dwb_core/package.dsv
[0.374s] -- Up-to-date symlink: /home/ik/aws_ws/install/dwb_core/share/ament_index/resource_index/packages/dwb_core
[0.375s] -- Up-to-date symlink: /home/ik/aws_ws/install/dwb_core/share/ament_index/resource_index/nav2_core__pluginlib__plugin/dwb_core
[0.379s] -- Up-to-date symlink: /home/ik/aws_ws/install/dwb_core/share/dwb_core/cmake/ament_cmake_export_include_directories-extras.cmake
[0.379s] -- Up-to-date symlink: /home/ik/aws_ws/install/dwb_core/share/dwb_core/cmake/ament_cmake_export_libraries-extras.cmake
[0.379s] -- Up-to-date symlink: /home/ik/aws_ws/install/dwb_core/share/dwb_core/cmake/ament_cmake_export_dependencies-extras.cmake
[0.379s] -- Up-to-date symlink: /home/ik/aws_ws/install/dwb_core/share/dwb_core/cmake/ament_cmake_export_definitions-extras.cmake
[0.379s] -- Up-to-date symlink: /home/ik/aws_ws/install/dwb_core/share/dwb_core/cmake/dwb_coreConfig.cmake
[0.379s] -- Up-to-date symlink: /home/ik/aws_ws/install/dwb_core/share/dwb_core/cmake/dwb_coreConfig-version.cmake
[0.379s] -- Up-to-date symlink: /home/ik/aws_ws/install/dwb_core/share/dwb_core/package.xml
[0.435s] Invoked command in '/home/ik/aws_ws/build/dwb_core' returned '0': AMENT_PREFIX_PATH=/home/ik/aws_ws/install/nav2_core:/home/ik/aws_ws/install/nav2_costmap_2d:/home/ik/aws_ws/install/nav_2d_utils:/home/ik/aws_ws/install/nav2_util:/home/ik/aws_ws/install/nav2_voxel_grid:/home/ik/aws_ws/install/nav2_msgs:/home/ik/aws_ws/install/dwb_msgs:/home/ik/aws_ws/install/nav_2d_msgs:/home/ik/aws_ws/install/nav2_common:${AMENT_PREFIX_PATH} CMAKE_PREFIX_PATH=/home/ik/aws_ws/install/nav2_core:/home/ik/aws_ws/install/nav2_costmap_2d:/home/ik/aws_ws/install/nav_2d_utils:/home/ik/aws_ws/install/nav2_util:/home/ik/aws_ws/install/nav2_voxel_grid:/home/ik/aws_ws/install/nav2_msgs:/home/ik/aws_ws/install/dwb_msgs:/home/ik/aws_ws/install/nav_2d_msgs:/home/ik/aws_ws/install/nav2_common:/opt/ros/foxy LD_LIBRARY_PATH=/home/ik/aws_ws/install/nav2_costmap_2d/lib:/home/ik/aws_ws/install/nav_2d_utils/lib:/home/ik/aws_ws/install/nav2_util/lib:/home/ik/aws_ws/install/nav2_voxel_grid/lib:/home/ik/aws_ws/install/nav2_msgs/lib:/home/ik/aws_ws/install/dwb_msgs/lib:/home/ik/aws_ws/install/nav_2d_msgs/lib:${LD_LIBRARY_PATH} PYTHONPATH=/home/ik/aws_ws/install/nav2_msgs/lib/python3.8/site-packages:/home/ik/aws_ws/install/dwb_msgs/lib/python3.8/site-packages:/home/ik/aws_ws/install/nav_2d_msgs/lib/python3.8/site-packages:/home/ik/aws_ws/install/nav2_common/lib/python3.8/site-packages:${PYTHONPATH} /usr/bin/cmake --install /home/ik/aws_ws/build/dwb_core
