[0.074s] Invoking command in '/home/ik/aws_ws/build/aws_robomaker_small_warehouse_world': CMAKE_PREFIX_PATH=${CMAKE_PREFIX_PATH}:/home/ik/aws_ws/install/nav2_gazebo_spawner:/opt/ros/foxy /usr/bin/cmake --build /home/ik/aws_ws/build/aws_robomaker_small_warehouse_world -- -j8 -l8
[0.324s] Invoked command in '/home/ik/aws_ws/build/aws_robomaker_small_warehouse_world' returned '0': CMAKE_PREFIX_PATH=${CMAKE_PREFIX_PATH}:/home/ik/aws_ws/install/nav2_gazebo_spawner:/opt/ros/foxy /usr/bin/cmake --build /home/ik/aws_ws/build/aws_robomaker_small_warehouse_world -- -j8 -l8
[0.392s] Invoking command in '/home/ik/aws_ws/build/aws_robomaker_small_warehouse_world': CMAKE_PREFIX_PATH=${CMAKE_PREFIX_PATH}:/home/ik/aws_ws/install/nav2_gazebo_spawner:/opt/ros/foxy /usr/bin/cmake --install /home/ik/aws_ws/build/aws_robomaker_small_warehouse_world
[0.411s] -- Install configuration: ""
[0.411s] -- Execute custom install script
[0.412s] -- Up-to-date symlink: /home/ik/aws_ws/install/aws_robomaker_small_warehouse_world/share/aws_robomaker_small_warehouse_world/launch/no_roof_small_warehouse_launch.py
[0.412s] -- Up-to-date symlink: /home/ik/aws_ws/install/aws_robomaker_small_warehouse_world/share/aws_robomaker_small_warehouse_world/launch/small_warehouse_launch.py
[0.412s] -- Up-to-date symlink: /home/ik/aws_ws/install/aws_robomaker_small_warehouse_world/share/aws_robomaker_small_warehouse_world/models/.DS_Store
[0.412s] -- Up-to-date symlink: /home/ik/aws_ws/install/aws_robomaker_small_warehouse_world/share/aws_robomaker_small_warehouse_world/models/aws_robomaker_warehouse_Bucket_01/.DS_Store
[0.412s] -- Up-to-date symlink: /home/ik/aws_ws/install/aws_robomaker_small_warehouse_world/share/aws_robomaker_small_warehouse_world/models/aws_robomaker_warehouse_Bucket_01/materials/.DS_Store
[0.412s] -- Up-to-date symlink: /home/ik/aws_ws/install/aws_robomaker_small_warehouse_world/share/aws_robomaker_small_warehouse_world/models/aws_robomaker_warehouse_Bucket_01/materials/textures/aws_robomaker_warehouse_Bucket_01.png
[0.412s] -- Up-to-date symlink: /home/ik/aws_ws/install/aws_robomaker_small_warehouse_world/share/aws_robomaker_small_warehouse_world/models/aws_robomaker_warehouse_Bucket_01/meshes/aws_robomaker_warehouse_Bucket_01_collision.DAE
[0.412s] -- Up-to-date symlink: /home/ik/aws_ws/install/aws_robomaker_small_warehouse_world/share/aws_robomaker_small_warehouse_world/models/aws_robomaker_warehouse_Bucket_01/meshes/aws_robomaker_warehouse_Bucket_01_visual.DAE
[0.412s] -- Up-to-date symlink: /home/ik/aws_ws/install/aws_robomaker_small_warehouse_world/share/aws_robomaker_small_warehouse_world/models/aws_robomaker_warehouse_Bucket_01/model.config
[0.412s] -- Up-to-date symlink: /home/ik/aws_ws/install/aws_robomaker_small_warehouse_world/share/aws_robomaker_small_warehouse_world/models/aws_robomaker_warehouse_Bucket_01/model.sdf
[0.412s] -- Up-to-date symlink: /home/ik/aws_ws/install/aws_robomaker_small_warehouse_world/share/aws_robomaker_small_warehouse_world/models/aws_robomaker_warehouse_ClutteringA_01/.DS_Store
[0.412s] -- Up-to-date symlink: /home/ik/aws_ws/install/aws_robomaker_small_warehouse_world/share/aws_robomaker_small_warehouse_world/models/aws_robomaker_warehouse_ClutteringA_01/materials/.DS_Store
[0.412s] -- Up-to-date symlink: /home/ik/aws_ws/install/aws_robomaker_small_warehouse_world/share/aws_robomaker_small_warehouse_world/models/aws_robomaker_warehouse_ClutteringA_01/materials/textures/.DS_Store
[0.412s] -- Up-to-date symlink: /home/ik/aws_ws/install/aws_robomaker_small_warehouse_world/share/aws_robomaker_small_warehouse_world/models/aws_robomaker_warehouse_ClutteringA_01/materials/textures/aws_robomaker_warehouse_ClutteringA_01.png
[0.412s] -- Up-to-date symlink: /home/ik/aws_ws/install/aws_robomaker_small_warehouse_world/share/aws_robomaker_small_warehouse_world/models/aws_robomaker_warehouse_ClutteringA_01/materials/textures/aws_robomaker_warehouse_ClutteringA_02.png
[0.412s] -- Up-to-date symlink: /home/ik/aws_ws/install/aws_robomaker_small_warehouse_world/share/aws_robomaker_small_warehouse_world/models/aws_robomaker_warehouse_ClutteringA_01/materials/textures/aws_robomaker_warehouse_ClutteringA_03.png
[0.413s] -- Up-to-date symlink: /home/ik/aws_ws/install/aws_robomaker_small_warehouse_world/share/aws_robomaker_small_warehouse_world/models/aws_robomaker_warehouse_ClutteringA_01/meshes/aws_robomaker_warehouse_ClutteringA_01_collision.DAE
[0.413s] -- Up-to-date symlink: /home/ik/aws_ws/install/aws_robomaker_small_warehouse_world/share/aws_robomaker_small_warehouse_world/models/aws_robomaker_warehouse_ClutteringA_01/meshes/aws_robomaker_warehouse_ClutteringA_01_visual.DAE
[0.413s] -- Up-to-date symlink: /home/ik/aws_ws/install/aws_robomaker_small_warehouse_world/share/aws_robomaker_small_warehouse_world/models/aws_robomaker_warehouse_ClutteringA_01/model.config
[0.413s] -- Up-to-date symlink: /home/ik/aws_ws/install/aws_robomaker_small_warehouse_world/share/aws_robomaker_small_warehouse_world/models/aws_robomaker_warehouse_ClutteringA_01/model.sdf
[0.414s] -- Up-to-date symlink: /home/ik/aws_ws/install/aws_robomaker_small_warehouse_world/share/aws_robomaker_small_warehouse_world/models/aws_robomaker_warehouse_ClutteringC_01/materials/textures/aws_robomaker_warehouse_ClutteringC_01.png
[0.415s] -- Up-to-date symlink: /home/ik/aws_ws/install/aws_robomaker_small_warehouse_world/share/aws_robomaker_small_warehouse_world/models/aws_robomaker_warehouse_ClutteringC_01/materials/textures/aws_robomaker_warehouse_ClutteringC_02.png
[0.416s] -- Up-to-date symlink: /home/ik/aws_ws/install/aws_robomaker_small_warehouse_world/share/aws_robomaker_small_warehouse_world/models/aws_robomaker_warehouse_ClutteringC_01/meshes/aws_robomaker_warehouse_ClutteringC_01_collision.DAE
[0.416s] -- Up-to-date symlink: /home/ik/aws_ws/install/aws_robomaker_small_warehouse_world/share/aws_robomaker_small_warehouse_world/models/aws_robomaker_warehouse_ClutteringC_01/meshes/aws_robomaker_warehouse_ClutteringC_01_visual.DAE
[0.416s] -- Up-to-date symlink: /home/ik/aws_ws/install/aws_robomaker_small_warehouse_world/share/aws_robomaker_small_warehouse_world/models/aws_robomaker_warehouse_ClutteringC_01/model.config
[0.416s] -- Up-to-date symlink: /home/ik/aws_ws/install/aws_robomaker_small_warehouse_world/share/aws_robomaker_small_warehouse_world/models/aws_robomaker_warehouse_ClutteringC_01/model.sdf
[0.416s] -- Up-to-date symlink: /home/ik/aws_ws/install/aws_robomaker_small_warehouse_world/share/aws_robomaker_small_warehouse_world/models/aws_robomaker_warehouse_ClutteringD_01/materials/textures/aws_robomaker_warehouse_ClutteringD_01.png
[0.417s] -- Up-to-date symlink: /home/ik/aws_ws/install/aws_robomaker_small_warehouse_world/share/aws_robomaker_small_warehouse_world/models/aws_robomaker_warehouse_ClutteringD_01/materials/textures/aws_robomaker_warehouse_ClutteringD_02.png
[0.417s] -- Up-to-date symlink: /home/ik/aws_ws/install/aws_robomaker_small_warehouse_world/share/aws_robomaker_small_warehouse_world/models/aws_robomaker_warehouse_ClutteringD_01/meshes/aws_robomaker_warehouse_ClutteringD_01_collision.DAE
[0.417s] -- Up-to-date symlink: /home/ik/aws_ws/install/aws_robomaker_small_warehouse_world/share/aws_robomaker_small_warehouse_world/models/aws_robomaker_warehouse_ClutteringD_01/meshes/aws_robomaker_warehouse_ClutteringD_01_visual.DAE
[0.417s] -- Up-to-date symlink: /home/ik/aws_ws/install/aws_robomaker_small_warehouse_world/share/aws_robomaker_small_warehouse_world/models/aws_robomaker_warehouse_ClutteringD_01/model.config
[0.417s] -- Up-to-date symlink: /home/ik/aws_ws/install/aws_robomaker_small_warehouse_world/share/aws_robomaker_small_warehouse_world/models/aws_robomaker_warehouse_ClutteringD_01/model.sdf
[0.417s] -- Up-to-date symlink: /home/ik/aws_ws/install/aws_robomaker_small_warehouse_world/share/aws_robomaker_small_warehouse_world/models/aws_robomaker_warehouse_DeskC_01/materials/.DS_Store
[0.417s] -- Up-to-date symlink: /home/ik/aws_ws/install/aws_robomaker_small_warehouse_world/share/aws_robomaker_small_warehouse_world/models/aws_robomaker_warehouse_DeskC_01/materials/textures/aws_robomaker_warehouse_DeskC_01.png
[0.418s] -- Up-to-date symlink: /home/ik/aws_ws/install/aws_robomaker_small_warehouse_world/share/aws_robomaker_small_warehouse_world/models/aws_robomaker_warehouse_DeskC_01/materials/textures/aws_robomaker_warehouse_DeskC_02.png
[0.418s] -- Up-to-date symlink: /home/ik/aws_ws/install/aws_robomaker_small_warehouse_world/share/aws_robomaker_small_warehouse_world/models/aws_robomaker_warehouse_DeskC_01/materials/textures/aws_robomaker_warehouse_DeskC_03.png
[0.418s] -- Up-to-date symlink: /home/ik/aws_ws/install/aws_robomaker_small_warehouse_world/share/aws_robomaker_small_warehouse_world/models/aws_robomaker_warehouse_DeskC_01/materials/textures/aws_robomaker_warehouse_DeskC_03.psd
[0.418s] -- Up-to-date symlink: /home/ik/aws_ws/install/aws_robomaker_small_warehouse_world/share/aws_robomaker_small_warehouse_world/models/aws_robomaker_warehouse_DeskC_01/materials/textures/aws_robomaker_warehouse_DeskC_04.png
[0.418s] -- Up-to-date symlink: /home/ik/aws_ws/install/aws_robomaker_small_warehouse_world/share/aws_robomaker_small_warehouse_world/models/aws_robomaker_warehouse_DeskC_01/meshes/aws_robomaker_warehouse_DeskC_01_collision.DAE
[0.418s] -- Up-to-date symlink: /home/ik/aws_ws/install/aws_robomaker_small_warehouse_world/share/aws_robomaker_small_warehouse_world/models/aws_robomaker_warehouse_DeskC_01/meshes/aws_robomaker_warehouse_DeskC_01_visual.DAE
[0.419s] -- Up-to-date symlink: /home/ik/aws_ws/install/aws_robomaker_small_warehouse_world/share/aws_robomaker_small_warehouse_world/models/aws_robomaker_warehouse_DeskC_01/model.config
[0.419s] -- Up-to-date symlink: /home/ik/aws_ws/install/aws_robomaker_small_warehouse_world/share/aws_robomaker_small_warehouse_world/models/aws_robomaker_warehouse_DeskC_01/model.sdf
[0.428s] -- Up-to-date symlink: /home/ik/aws_ws/install/aws_robomaker_small_warehouse_world/share/aws_robomaker_small_warehouse_world/models/aws_robomaker_warehouse_GroundB_01/materials/textures/aws_robomaker_warehouse_GroundB_01.png
[0.428s] -- Up-to-date symlink: /home/ik/aws_ws/install/aws_robomaker_small_warehouse_world/share/aws_robomaker_small_warehouse_world/models/aws_robomaker_warehouse_GroundB_01/materials/textures/aws_robomaker_warehouse_GroundB_02.png
[0.429s] -- Up-to-date symlink: /home/ik/aws_ws/install/aws_robomaker_small_warehouse_world/share/aws_robomaker_small_warehouse_world/models/aws_robomaker_warehouse_GroundB_01/meshes/aws_robomaker_warehouse_GroundB_01_collision.DAE
[0.432s] -- Up-to-date symlink: /home/ik/aws_ws/install/aws_robomaker_small_warehouse_world/share/aws_robomaker_small_warehouse_world/models/aws_robomaker_warehouse_GroundB_01/meshes/aws_robomaker_warehouse_GroundB_01_visual.DAE
[0.432s] -- Up-to-date symlink: /home/ik/aws_ws/install/aws_robomaker_small_warehouse_world/share/aws_robomaker_small_warehouse_world/models/aws_robomaker_warehouse_GroundB_01/model.config
[0.434s] -- Up-to-date symlink: /home/ik/aws_ws/install/aws_robomaker_small_warehouse_world/share/aws_robomaker_small_warehouse_world/models/aws_robomaker_warehouse_GroundB_01/model.sdf
[0.434s] -- Up-to-date symlink: /home/ik/aws_ws/install/aws_robomaker_small_warehouse_world/share/aws_robomaker_small_warehouse_world/models/aws_robomaker_warehouse_Lamp_01/materials/textures/aws_robomaker_warehouse_Lamp_01.png
[0.435s] -- Up-to-date symlink: /home/ik/aws_ws/install/aws_robomaker_small_warehouse_world/share/aws_robomaker_small_warehouse_world/models/aws_robomaker_warehouse_Lamp_01/meshes/aws_robomaker_warehouse_Lamp_01_collision.DAE
[0.436s] -- Up-to-date symlink: /home/ik/aws_ws/install/aws_robomaker_small_warehouse_world/share/aws_robomaker_small_warehouse_world/models/aws_robomaker_warehouse_Lamp_01/meshes/aws_robomaker_warehouse_Lamp_01_visual.DAE
[0.436s] -- Up-to-date symlink: /home/ik/aws_ws/install/aws_robomaker_small_warehouse_world/share/aws_robomaker_small_warehouse_world/models/aws_robomaker_warehouse_Lamp_01/model.config
[0.436s] -- Up-to-date symlink: /home/ik/aws_ws/install/aws_robomaker_small_warehouse_world/share/aws_robomaker_small_warehouse_world/models/aws_robomaker_warehouse_Lamp_01/model.sdf
[0.437s] -- Up-to-date symlink: /home/ik/aws_ws/install/aws_robomaker_small_warehouse_world/share/aws_robomaker_small_warehouse_world/models/aws_robomaker_warehouse_PalletJackB_01/.DS_Store
[0.439s] -- Up-to-date symlink: /home/ik/aws_ws/install/aws_robomaker_small_warehouse_world/share/aws_robomaker_small_warehouse_world/models/aws_robomaker_warehouse_PalletJackB_01/materials/.DS_Store
[0.440s] -- Up-to-date symlink: /home/ik/aws_ws/install/aws_robomaker_small_warehouse_world/share/aws_robomaker_small_warehouse_world/models/aws_robomaker_warehouse_PalletJackB_01/materials/textures/aws_robomaker_warehouse_PalletJackB_01.png
[0.450s] -- Up-to-date symlink: /home/ik/aws_ws/install/aws_robomaker_small_warehouse_world/share/aws_robomaker_small_warehouse_world/models/aws_robomaker_warehouse_PalletJackB_01/materials/textures/aws_robomaker_warehouse_PalletJackB_02.png
[0.452s] -- Up-to-date symlink: /home/ik/aws_ws/install/aws_robomaker_small_warehouse_world/share/aws_robomaker_small_warehouse_world/models/aws_robomaker_warehouse_PalletJackB_01/meshes/aws_robomaker_warehouse_PalletJackB_01_collision.DAE
[0.454s] -- Up-to-date symlink: /home/ik/aws_ws/install/aws_robomaker_small_warehouse_world/share/aws_robomaker_small_warehouse_world/models/aws_robomaker_warehouse_PalletJackB_01/meshes/aws_robomaker_warehouse_PalletJackB_01_visual.DAE
[0.463s] -- Up-to-date symlink: /home/ik/aws_ws/install/aws_robomaker_small_warehouse_world/share/aws_robomaker_small_warehouse_world/models/aws_robomaker_warehouse_PalletJackB_01/model.config
[0.466s] -- Up-to-date symlink: /home/ik/aws_ws/install/aws_robomaker_small_warehouse_world/share/aws_robomaker_small_warehouse_world/models/aws_robomaker_warehouse_PalletJackB_01/model.sdf
[0.471s] -- Up-to-date symlink: /home/ik/aws_ws/install/aws_robomaker_small_warehouse_world/share/aws_robomaker_small_warehouse_world/models/aws_robomaker_warehouse_RoofB_01/materials/textures/aws_robomaker_warehouse_RoofB_01.png
[0.471s] -- Up-to-date symlink: /home/ik/aws_ws/install/aws_robomaker_small_warehouse_world/share/aws_robomaker_small_warehouse_world/models/aws_robomaker_warehouse_RoofB_01/meshes/aws_robomaker_warehouse_RoofB_01_collision.DAE
[0.479s] -- Up-to-date symlink: /home/ik/aws_ws/install/aws_robomaker_small_warehouse_world/share/aws_robomaker_small_warehouse_world/models/aws_robomaker_warehouse_RoofB_01/meshes/aws_robomaker_warehouse_RoofB_01_visual.DAE
[0.484s] -- Up-to-date symlink: /home/ik/aws_ws/install/aws_robomaker_small_warehouse_world/share/aws_robomaker_small_warehouse_world/models/aws_robomaker_warehouse_RoofB_01/model.config
[0.484s] -- Up-to-date symlink: /home/ik/aws_ws/install/aws_robomaker_small_warehouse_world/share/aws_robomaker_small_warehouse_world/models/aws_robomaker_warehouse_RoofB_01/model.sdf
[0.484s] -- Up-to-date symlink: /home/ik/aws_ws/install/aws_robomaker_small_warehouse_world/share/aws_robomaker_small_warehouse_world/models/aws_robomaker_warehouse_ShelfD_01/materials/textures/aws_robomaker_warehouse_ShelfD_01.png
[0.485s] -- Up-to-date symlink: /home/ik/aws_ws/install/aws_robomaker_small_warehouse_world/share/aws_robomaker_small_warehouse_world/models/aws_robomaker_warehouse_ShelfD_01/materials/textures/aws_robomaker_warehouse_ShelfD_02.png
[0.485s] -- Up-to-date symlink: /home/ik/aws_ws/install/aws_robomaker_small_warehouse_world/share/aws_robomaker_small_warehouse_world/models/aws_robomaker_warehouse_ShelfD_01/materials/textures/aws_robomaker_warehouse_ShelfD_03.png
[0.485s] -- Up-to-date symlink: /home/ik/aws_ws/install/aws_robomaker_small_warehouse_world/share/aws_robomaker_small_warehouse_world/models/aws_robomaker_warehouse_ShelfD_01/materials/textures/aws_robomaker_warehouse_ShelfD_04.png
[0.485s] -- Up-to-date symlink: /home/ik/aws_ws/install/aws_robomaker_small_warehouse_world/share/aws_robomaker_small_warehouse_world/models/aws_robomaker_warehouse_ShelfD_01/meshes/aws_robomaker_warehouse_ShelfD_01_collision.DAE
[0.486s] -- Up-to-date symlink: /home/ik/aws_ws/install/aws_robomaker_small_warehouse_world/share/aws_robomaker_small_warehouse_world/models/aws_robomaker_warehouse_ShelfD_01/meshes/aws_robomaker_warehouse_ShelfD_01_visual.DAE
[0.486s] -- Up-to-date symlink: /home/ik/aws_ws/install/aws_robomaker_small_warehouse_world/share/aws_robomaker_small_warehouse_world/models/aws_robomaker_warehouse_ShelfD_01/model.config
[0.486s] -- Up-to-date symlink: /home/ik/aws_ws/install/aws_robomaker_small_warehouse_world/share/aws_robomaker_small_warehouse_world/models/aws_robomaker_warehouse_ShelfD_01/model.sdf
[0.486s] -- Up-to-date symlink: /home/ik/aws_ws/install/aws_robomaker_small_warehouse_world/share/aws_robomaker_small_warehouse_world/models/aws_robomaker_warehouse_ShelfE_01/.DS_Store
[0.486s] -- Up-to-date symlink: /home/ik/aws_ws/install/aws_robomaker_small_warehouse_world/share/aws_robomaker_small_warehouse_world/models/aws_robomaker_warehouse_ShelfE_01/materials/.DS_Store
[0.486s] -- Up-to-date symlink: /home/ik/aws_ws/install/aws_robomaker_small_warehouse_world/share/aws_robomaker_small_warehouse_world/models/aws_robomaker_warehouse_ShelfE_01/materials/textures/aws_robomaker_warehouse_ShelfE_01.png
[0.486s] -- Up-to-date symlink: /home/ik/aws_ws/install/aws_robomaker_small_warehouse_world/share/aws_robomaker_small_warehouse_world/models/aws_robomaker_warehouse_ShelfE_01/materials/textures/aws_robomaker_warehouse_ShelfE_02.png
[0.486s] -- Up-to-date symlink: /home/ik/aws_ws/install/aws_robomaker_small_warehouse_world/share/aws_robomaker_small_warehouse_world/models/aws_robomaker_warehouse_ShelfE_01/materials/textures/aws_robomaker_warehouse_ShelfE_03.png
[0.487s] -- Up-to-date symlink: /home/ik/aws_ws/install/aws_robomaker_small_warehouse_world/share/aws_robomaker_small_warehouse_world/models/aws_robomaker_warehouse_ShelfE_01/materials/textures/aws_robomaker_warehouse_ShelfE_04.png
[0.487s] -- Up-to-date symlink: /home/ik/aws_ws/install/aws_robomaker_small_warehouse_world/share/aws_robomaker_small_warehouse_world/models/aws_robomaker_warehouse_ShelfE_01/meshes/aws_robomaker_warehouse_ShelfE_01_collision.DAE
[0.487s] -- Up-to-date symlink: /home/ik/aws_ws/install/aws_robomaker_small_warehouse_world/share/aws_robomaker_small_warehouse_world/models/aws_robomaker_warehouse_ShelfE_01/meshes/aws_robomaker_warehouse_ShelfE_01_visual.DAE
[0.487s] -- Up-to-date symlink: /home/ik/aws_ws/install/aws_robomaker_small_warehouse_world/share/aws_robomaker_small_warehouse_world/models/aws_robomaker_warehouse_ShelfE_01/model.config
[0.487s] -- Up-to-date symlink: /home/ik/aws_ws/install/aws_robomaker_small_warehouse_world/share/aws_robomaker_small_warehouse_world/models/aws_robomaker_warehouse_ShelfE_01/model.sdf
[0.487s] -- Up-to-date symlink: /home/ik/aws_ws/install/aws_robomaker_small_warehouse_world/share/aws_robomaker_small_warehouse_world/models/aws_robomaker_warehouse_ShelfF_01/materials/textures/aws_robomaker_warehouse_ShelfF_01.png
[0.487s] -- Up-to-date symlink: /home/ik/aws_ws/install/aws_robomaker_small_warehouse_world/share/aws_robomaker_small_warehouse_world/models/aws_robomaker_warehouse_ShelfF_01/materials/textures/aws_robomaker_warehouse_ShelfF_02.png
[0.487s] -- Up-to-date symlink: /home/ik/aws_ws/install/aws_robomaker_small_warehouse_world/share/aws_robomaker_small_warehouse_world/models/aws_robomaker_warehouse_ShelfF_01/materials/textures/aws_robomaker_warehouse_ShelfF_03.png
[0.487s] -- Up-to-date symlink: /home/ik/aws_ws/install/aws_robomaker_small_warehouse_world/share/aws_robomaker_small_warehouse_world/models/aws_robomaker_warehouse_ShelfF_01/meshes/aws_robomaker_warehouse_ShelfF_01_collision.DAE
[0.487s] -- Up-to-date symlink: /home/ik/aws_ws/install/aws_robomaker_small_warehouse_world/share/aws_robomaker_small_warehouse_world/models/aws_robomaker_warehouse_ShelfF_01/meshes/aws_robomaker_warehouse_ShelfF_01_visual.DAE
[0.487s] -- Up-to-date symlink: /home/ik/aws_ws/install/aws_robomaker_small_warehouse_world/share/aws_robomaker_small_warehouse_world/models/aws_robomaker_warehouse_ShelfF_01/model.config
[0.487s] -- Up-to-date symlink: /home/ik/aws_ws/install/aws_robomaker_small_warehouse_world/share/aws_robomaker_small_warehouse_world/models/aws_robomaker_warehouse_ShelfF_01/model.sdf
[0.487s] -- Up-to-date symlink: /home/ik/aws_ws/install/aws_robomaker_small_warehouse_world/share/aws_robomaker_small_warehouse_world/models/aws_robomaker_warehouse_TrashCanC_01/materials/textures/aws_robomaker_warehouse_TrashCanC_01.png
[0.487s] -- Up-to-date symlink: /home/ik/aws_ws/install/aws_robomaker_small_warehouse_world/share/aws_robomaker_small_warehouse_world/models/aws_robomaker_warehouse_TrashCanC_01/meshes/aws_robomaker_warehouse_TrashCanC_01_collision.DAE
[0.488s] -- Up-to-date symlink: /home/ik/aws_ws/install/aws_robomaker_small_warehouse_world/share/aws_robomaker_small_warehouse_world/models/aws_robomaker_warehouse_TrashCanC_01/meshes/aws_robomaker_warehouse_TrashCanC_01_visual.DAE
[0.490s] -- Up-to-date symlink: /home/ik/aws_ws/install/aws_robomaker_small_warehouse_world/share/aws_robomaker_small_warehouse_world/models/aws_robomaker_warehouse_TrashCanC_01/model.config
[0.490s] -- Up-to-date symlink: /home/ik/aws_ws/install/aws_robomaker_small_warehouse_world/share/aws_robomaker_small_warehouse_world/models/aws_robomaker_warehouse_TrashCanC_01/model.sdf
[0.490s] -- Up-to-date symlink: /home/ik/aws_ws/install/aws_robomaker_small_warehouse_world/share/aws_robomaker_small_warehouse_world/models/aws_robomaker_warehouse_WallB_01/materials/textures/aws_robomaker_warehouse_WallB_01.png
[0.490s] -- Up-to-date symlink: /home/ik/aws_ws/install/aws_robomaker_small_warehouse_world/share/aws_robomaker_small_warehouse_world/models/aws_robomaker_warehouse_WallB_01/meshes/aws_robomaker_warehouse_WallB_01_collision.DAE
[0.490s] -- Up-to-date symlink: /home/ik/aws_ws/install/aws_robomaker_small_warehouse_world/share/aws_robomaker_small_warehouse_world/models/aws_robomaker_warehouse_WallB_01/meshes/aws_robomaker_warehouse_WallB_01_visual.DAE
[0.490s] -- Up-to-date symlink: /home/ik/aws_ws/install/aws_robomaker_small_warehouse_world/share/aws_robomaker_small_warehouse_world/models/aws_robomaker_warehouse_WallB_01/model.config
[0.491s] -- Up-to-date symlink: /home/ik/aws_ws/install/aws_robomaker_small_warehouse_world/share/aws_robomaker_small_warehouse_world/models/aws_robomaker_warehouse_WallB_01/model.sdf
[0.491s] -- Up-to-date symlink: /home/ik/aws_ws/install/aws_robomaker_small_warehouse_world/share/aws_robomaker_small_warehouse_world/worlds/no_roof_small_warehouse/no_roof_small_warehouse.world
[0.491s] -- Up-to-date symlink: /home/ik/aws_ws/install/aws_robomaker_small_warehouse_world/share/aws_robomaker_small_warehouse_world/worlds/small_warehouse/small_warehouse.world
[0.491s] -- Up-to-date symlink: /home/ik/aws_ws/install/aws_robomaker_small_warehouse_world/share/aws_robomaker_small_warehouse_world/maps/.DS_Store
[0.491s] -- Up-to-date symlink: /home/ik/aws_ws/install/aws_robomaker_small_warehouse_world/share/aws_robomaker_small_warehouse_world/maps/002/map.pgm
[0.492s] -- Up-to-date symlink: /home/ik/aws_ws/install/aws_robomaker_small_warehouse_world/share/aws_robomaker_small_warehouse_world/maps/002/map.yaml
[0.492s] -- Up-to-date symlink: /home/ik/aws_ws/install/aws_robomaker_small_warehouse_world/share/aws_robomaker_small_warehouse_world/maps/005/map.pgm
[0.492s] -- Up-to-date symlink: /home/ik/aws_ws/install/aws_robomaker_small_warehouse_world/share/aws_robomaker_small_warehouse_world/maps/005/map.yaml
[0.492s] -- Up-to-date symlink: /home/ik/aws_ws/install/aws_robomaker_small_warehouse_world/share/aws_robomaker_small_warehouse_world/maps/005/map_rotated.pgm
[0.494s] -- Up-to-date symlink: /home/ik/aws_ws/install/aws_robomaker_small_warehouse_world/share/aws_robomaker_small_warehouse_world/maps/005/map_rotated.png
[0.494s] -- Up-to-date symlink: /home/ik/aws_ws/install/aws_robomaker_small_warehouse_world/share/aws_robomaker_small_warehouse_world/rviz/basic_data.rviz
[0.494s] -- Up-to-date symlink: /home/ik/aws_ws/install/aws_robomaker_small_warehouse_world/share/aws_robomaker_small_warehouse_world/environment/aws_robomaker_small_warehouse_world.dsv
[0.495s] -- Up-to-date symlink: /home/ik/aws_ws/install/aws_robomaker_small_warehouse_world/share/ament_index/resource_index/package_run_dependencies/aws_robomaker_small_warehouse_world
[0.495s] -- Up-to-date symlink: /home/ik/aws_ws/install/aws_robomaker_small_warehouse_world/share/ament_index/resource_index/parent_prefix_path/aws_robomaker_small_warehouse_world
[0.495s] -- Up-to-date symlink: /home/ik/aws_ws/install/aws_robomaker_small_warehouse_world/share/aws_robomaker_small_warehouse_world/environment/ament_prefix_path.sh
[0.495s] -- Up-to-date symlink: /home/ik/aws_ws/install/aws_robomaker_small_warehouse_world/share/aws_robomaker_small_warehouse_world/environment/ament_prefix_path.dsv
[0.495s] -- Up-to-date symlink: /home/ik/aws_ws/install/aws_robomaker_small_warehouse_world/share/aws_robomaker_small_warehouse_world/environment/path.sh
[0.495s] -- Up-to-date symlink: /home/ik/aws_ws/install/aws_robomaker_small_warehouse_world/share/aws_robomaker_small_warehouse_world/environment/path.dsv
[0.496s] -- Up-to-date symlink: /home/ik/aws_ws/install/aws_robomaker_small_warehouse_world/share/aws_robomaker_small_warehouse_world/local_setup.bash
[0.496s] -- Up-to-date symlink: /home/ik/aws_ws/install/aws_robomaker_small_warehouse_world/share/aws_robomaker_small_warehouse_world/local_setup.sh
[0.496s] -- Up-to-date symlink: /home/ik/aws_ws/install/aws_robomaker_small_warehouse_world/share/aws_robomaker_small_warehouse_world/local_setup.zsh
[0.496s] -- Up-to-date symlink: /home/ik/aws_ws/install/aws_robomaker_small_warehouse_world/share/aws_robomaker_small_warehouse_world/local_setup.dsv
[0.497s] -- Symlinking: /home/ik/aws_ws/install/aws_robomaker_small_warehouse_world/share/aws_robomaker_small_warehouse_world/package.dsv
[0.508s] -- Up-to-date symlink: /home/ik/aws_ws/install/aws_robomaker_small_warehouse_world/share/ament_index/resource_index/packages/aws_robomaker_small_warehouse_world
[0.508s] -- Up-to-date symlink: /home/ik/aws_ws/install/aws_robomaker_small_warehouse_world/share/aws_robomaker_small_warehouse_world/cmake/ament_cmake_export_dependencies-extras.cmake
[0.508s] -- Up-to-date symlink: /home/ik/aws_ws/install/aws_robomaker_small_warehouse_world/share/aws_robomaker_small_warehouse_world/cmake/aws_robomaker_small_warehouse_worldConfig.cmake
[0.509s] -- Up-to-date symlink: /home/ik/aws_ws/install/aws_robomaker_small_warehouse_world/share/aws_robomaker_small_warehouse_world/cmake/aws_robomaker_small_warehouse_worldConfig-version.cmake
[0.510s] -- Up-to-date symlink: /home/ik/aws_ws/install/aws_robomaker_small_warehouse_world/share/aws_robomaker_small_warehouse_world/package.xml
[0.535s] Invoked command in '/home/ik/aws_ws/build/aws_robomaker_small_warehouse_world' returned '0': CMAKE_PREFIX_PATH=${CMAKE_PREFIX_PATH}:/home/ik/aws_ws/install/nav2_gazebo_spawner:/opt/ros/foxy /usr/bin/cmake --install /home/ik/aws_ws/build/aws_robomaker_small_warehouse_world
