[0.058s] Invoking command in '/home/ik/aws_ws/build/nav_2d_utils': AMENT_PREFIX_PATH=/home/ik/aws_ws/install/nav2_util:/home/ik/aws_ws/install/nav2_msgs:/home/ik/aws_ws/install/nav_2d_msgs:/home/ik/aws_ws/install/nav2_common:${AMENT_PREFIX_PATH} CMAKE_PREFIX_PATH=/home/ik/aws_ws/install/nav2_util:/home/ik/aws_ws/install/nav2_msgs:/home/ik/aws_ws/install/nav_2d_msgs:/home/ik/aws_ws/install/nav2_common:/opt/ros/foxy LD_LIBRARY_PATH=/home/ik/aws_ws/install/nav2_util/lib:/home/ik/aws_ws/install/nav2_msgs/lib:/home/ik/aws_ws/install/nav_2d_msgs/lib:${LD_LIBRARY_PATH} PYTHONPATH=/home/ik/aws_ws/install/nav2_msgs/lib/python3.8/site-packages:/home/ik/aws_ws/install/nav_2d_msgs/lib/python3.8/site-packages:/home/ik/aws_ws/install/nav2_common/lib/python3.8/site-packages:${PYTHONPATH} /usr/bin/cmake --build /home/ik/aws_ws/build/nav_2d_utils -- -j8 -l8
[0.130s] [ 33%] Built target path_ops
[0.140s] [ 66%] Built target conversions
[0.179s] [100%] Built target tf_help
[0.194s] Invoked command in '/home/ik/aws_ws/build/nav_2d_utils' returned '0': AMENT_PREFIX_PATH=/home/ik/aws_ws/install/nav2_util:/home/ik/aws_ws/install/nav2_msgs:/home/ik/aws_ws/install/nav_2d_msgs:/home/ik/aws_ws/install/nav2_common:${AMENT_PREFIX_PATH} CMAKE_PREFIX_PATH=/home/ik/aws_ws/install/nav2_util:/home/ik/aws_ws/install/nav2_msgs:/home/ik/aws_ws/install/nav_2d_msgs:/home/ik/aws_ws/install/nav2_common:/opt/ros/foxy LD_LIBRARY_PATH=/home/ik/aws_ws/install/nav2_util/lib:/home/ik/aws_ws/install/nav2_msgs/lib:/home/ik/aws_ws/install/nav_2d_msgs/lib:${LD_LIBRARY_PATH} PYTHONPATH=/home/ik/aws_ws/install/nav2_msgs/lib/python3.8/site-packages:/home/ik/aws_ws/install/nav_2d_msgs/lib/python3.8/site-packages:/home/ik/aws_ws/install/nav2_common/lib/python3.8/site-packages:${PYTHONPATH} /usr/bin/cmake --build /home/ik/aws_ws/build/nav_2d_utils -- -j8 -l8
[0.279s] Invoking command in '/home/ik/aws_ws/build/nav_2d_utils': AMENT_PREFIX_PATH=/home/ik/aws_ws/install/nav2_util:/home/ik/aws_ws/install/nav2_msgs:/home/ik/aws_ws/install/nav_2d_msgs:/home/ik/aws_ws/install/nav2_common:${AMENT_PREFIX_PATH} CMAKE_PREFIX_PATH=/home/ik/aws_ws/install/nav2_util:/home/ik/aws_ws/install/nav2_msgs:/home/ik/aws_ws/install/nav_2d_msgs:/home/ik/aws_ws/install/nav2_common:/opt/ros/foxy LD_LIBRARY_PATH=/home/ik/aws_ws/install/nav2_util/lib:/home/ik/aws_ws/install/nav2_msgs/lib:/home/ik/aws_ws/install/nav_2d_msgs/lib:${LD_LIBRARY_PATH} PYTHONPATH=/home/ik/aws_ws/install/nav2_msgs/lib/python3.8/site-packages:/home/ik/aws_ws/install/nav_2d_msgs/lib/python3.8/site-packages:/home/ik/aws_ws/install/nav2_common/lib/python3.8/site-packages:${PYTHONPATH} /usr/bin/cmake --install /home/ik/aws_ws/build/nav_2d_utils
[0.293s] -- Install configuration: "Release"
[0.294s] -- Execute custom install script
[0.294s] -- Up-to-date symlink: /home/ik/aws_ws/install/nav_2d_utils/lib/libconversions.so
[0.294s] -- Up-to-date symlink: /home/ik/aws_ws/install/nav_2d_utils/lib/libpath_ops.so
[0.294s] -- Up-to-date symlink: /home/ik/aws_ws/install/nav_2d_utils/lib/libtf_help.so
[0.295s] -- Up-to-date symlink: /home/ik/aws_ws/install/nav_2d_utils/include//nav_2d_utils/conversions.hpp
[0.295s] -- Up-to-date symlink: /home/ik/aws_ws/install/nav_2d_utils/include//nav_2d_utils/odom_subscriber.hpp
[0.295s] -- Up-to-date symlink: /home/ik/aws_ws/install/nav_2d_utils/include//nav_2d_utils/parameters.hpp
[0.295s] -- Up-to-date symlink: /home/ik/aws_ws/install/nav_2d_utils/include//nav_2d_utils/path_ops.hpp
[0.295s] -- Up-to-date symlink: /home/ik/aws_ws/install/nav_2d_utils/include//nav_2d_utils/tf_help.hpp
[0.296s] -- Up-to-date symlink: /home/ik/aws_ws/install/nav_2d_utils/share/nav_2d_utils/environment/library_path.sh
[0.296s] -- Up-to-date symlink: /home/ik/aws_ws/install/nav_2d_utils/share/nav_2d_utils/environment/library_path.dsv
[0.296s] -- Up-to-date symlink: /home/ik/aws_ws/install/nav_2d_utils/share/ament_index/resource_index/package_run_dependencies/nav_2d_utils
[0.296s] -- Up-to-date symlink: /home/ik/aws_ws/install/nav_2d_utils/share/ament_index/resource_index/parent_prefix_path/nav_2d_utils
[0.297s] -- Up-to-date symlink: /home/ik/aws_ws/install/nav_2d_utils/share/nav_2d_utils/environment/ament_prefix_path.sh
[0.297s] -- Up-to-date symlink: /home/ik/aws_ws/install/nav_2d_utils/share/nav_2d_utils/environment/ament_prefix_path.dsv
[0.297s] -- Up-to-date symlink: /home/ik/aws_ws/install/nav_2d_utils/share/nav_2d_utils/environment/path.sh
[0.297s] -- Up-to-date symlink: /home/ik/aws_ws/install/nav_2d_utils/share/nav_2d_utils/environment/path.dsv
[0.298s] -- Up-to-date symlink: /home/ik/aws_ws/install/nav_2d_utils/share/nav_2d_utils/local_setup.bash
[0.298s] -- Up-to-date symlink: /home/ik/aws_ws/install/nav_2d_utils/share/nav_2d_utils/local_setup.sh
[0.298s] -- Up-to-date symlink: /home/ik/aws_ws/install/nav_2d_utils/share/nav_2d_utils/local_setup.zsh
[0.298s] -- Up-to-date symlink: /home/ik/aws_ws/install/nav_2d_utils/share/nav_2d_utils/local_setup.dsv
[0.298s] -- Symlinking: /home/ik/aws_ws/install/nav_2d_utils/share/nav_2d_utils/package.dsv
[0.308s] -- Up-to-date symlink: /home/ik/aws_ws/install/nav_2d_utils/share/ament_index/resource_index/packages/nav_2d_utils
[0.308s] -- Up-to-date symlink: /home/ik/aws_ws/install/nav_2d_utils/share/nav_2d_utils/cmake/ament_cmake_export_include_directories-extras.cmake
[0.309s] -- Up-to-date symlink: /home/ik/aws_ws/install/nav_2d_utils/share/nav_2d_utils/cmake/ament_cmake_export_libraries-extras.cmake
[0.309s] -- Up-to-date symlink: /home/ik/aws_ws/install/nav_2d_utils/share/nav_2d_utils/cmake/ament_cmake_export_dependencies-extras.cmake
[0.309s] -- Up-to-date symlink: /home/ik/aws_ws/install/nav_2d_utils/share/nav_2d_utils/cmake/nav_2d_utilsConfig.cmake
[0.309s] -- Up-to-date symlink: /home/ik/aws_ws/install/nav_2d_utils/share/nav_2d_utils/cmake/nav_2d_utilsConfig-version.cmake
[0.309s] -- Up-to-date symlink: /home/ik/aws_ws/install/nav_2d_utils/share/nav_2d_utils/package.xml
[0.326s] Invoked command in '/home/ik/aws_ws/build/nav_2d_utils' returned '0': AMENT_PREFIX_PATH=/home/ik/aws_ws/install/nav2_util:/home/ik/aws_ws/install/nav2_msgs:/home/ik/aws_ws/install/nav_2d_msgs:/home/ik/aws_ws/install/nav2_common:${AMENT_PREFIX_PATH} CMAKE_PREFIX_PATH=/home/ik/aws_ws/install/nav2_util:/home/ik/aws_ws/install/nav2_msgs:/home/ik/aws_ws/install/nav_2d_msgs:/home/ik/aws_ws/install/nav2_common:/opt/ros/foxy LD_LIBRARY_PATH=/home/ik/aws_ws/install/nav2_util/lib:/home/ik/aws_ws/install/nav2_msgs/lib:/home/ik/aws_ws/install/nav_2d_msgs/lib:${LD_LIBRARY_PATH} PYTHONPATH=/home/ik/aws_ws/install/nav2_msgs/lib/python3.8/site-packages:/home/ik/aws_ws/install/nav_2d_msgs/lib/python3.8/site-packages:/home/ik/aws_ws/install/nav2_common/lib/python3.8/site-packages:${PYTHONPATH} /usr/bin/cmake --install /home/ik/aws_ws/build/nav_2d_utils
