[0.076s] Invoking command in '/home/ik/aws_ws/build/nav2_common': CMAKE_PREFIX_PATH=/opt/ros/foxy /usr/bin/cmake --build /home/ik/aws_ws/build/nav2_common -- -j8 -l8
[0.356s] Invoked command in '/home/ik/aws_ws/build/nav2_common' returned '0': CMAKE_PREFIX_PATH=/opt/ros/foxy /usr/bin/cmake --build /home/ik/aws_ws/build/nav2_common -- -j8 -l8
[0.409s] Invoking command in '/home/ik/aws_ws/build/nav2_common': CMAKE_PREFIX_PATH=/opt/ros/foxy /usr/bin/cmake --install /home/ik/aws_ws/build/nav2_common
[0.447s] -- Install configuration: ""
[0.447s] -- Execute custom install script
[0.447s] -- Up-to-date symlink: /home/ik/aws_ws/install/nav2_common/share/nav2_common/environment/pythonpath.sh
[0.447s] -- Up-to-date symlink: /home/ik/aws_ws/install/nav2_common/share/nav2_common/environment/pythonpath.dsv
[0.447s] -- Up-to-date symlink: /home/ik/aws_ws/install/nav2_common/lib/python3.8/site-packages/nav2_common/__init__.py
[0.447s] -- Up-to-date symlink: /home/ik/aws_ws/install/nav2_common/lib/python3.8/site-packages/nav2_common/launch/__init__.py
[0.448s] -- Up-to-date symlink: /home/ik/aws_ws/install/nav2_common/lib/python3.8/site-packages/nav2_common/launch/has_node_params.py
[0.448s] -- Up-to-date symlink: /home/ik/aws_ws/install/nav2_common/lib/python3.8/site-packages/nav2_common/launch/replace_string.py
[0.448s] -- Up-to-date symlink: /home/ik/aws_ws/install/nav2_common/lib/python3.8/site-packages/nav2_common/launch/rewritten_yaml.py
[0.448s] -- Up-to-date symlink: /home/ik/aws_ws/install/nav2_common/share/ament_index/resource_index/package_run_dependencies/nav2_common
[0.448s] -- Up-to-date symlink: /home/ik/aws_ws/install/nav2_common/share/ament_index/resource_index/parent_prefix_path/nav2_common
[0.448s] -- Up-to-date symlink: /home/ik/aws_ws/install/nav2_common/share/nav2_common/environment/ament_prefix_path.sh
[0.448s] -- Up-to-date symlink: /home/ik/aws_ws/install/nav2_common/share/nav2_common/environment/ament_prefix_path.dsv
[0.450s] -- Up-to-date symlink: /home/ik/aws_ws/install/nav2_common/share/nav2_common/environment/path.sh
[0.450s] -- Up-to-date symlink: /home/ik/aws_ws/install/nav2_common/share/nav2_common/environment/path.dsv
[0.450s] -- Up-to-date symlink: /home/ik/aws_ws/install/nav2_common/share/nav2_common/local_setup.bash
[0.450s] -- Up-to-date symlink: /home/ik/aws_ws/install/nav2_common/share/nav2_common/local_setup.sh
[0.450s] -- Up-to-date symlink: /home/ik/aws_ws/install/nav2_common/share/nav2_common/local_setup.zsh
[0.450s] -- Up-to-date symlink: /home/ik/aws_ws/install/nav2_common/share/nav2_common/local_setup.dsv
[0.450s] -- Symlinking: /home/ik/aws_ws/install/nav2_common/share/nav2_common/package.dsv
[0.450s] -- Up-to-date symlink: /home/ik/aws_ws/install/nav2_common/share/ament_index/resource_index/packages/nav2_common
[0.450s] -- Up-to-date symlink: /home/ik/aws_ws/install/nav2_common/share/nav2_common/cmake/nav2_common-extras.cmake
[0.451s] -- Up-to-date symlink: /home/ik/aws_ws/install/nav2_common/share/nav2_common/cmake/nav2_commonConfig.cmake
[0.451s] -- Up-to-date symlink: /home/ik/aws_ws/install/nav2_common/share/nav2_common/cmake/nav2_commonConfig-version.cmake
[0.451s] -- Up-to-date symlink: /home/ik/aws_ws/install/nav2_common/share/nav2_common/package.xml
[0.451s] -- Up-to-date symlink: /home/ik/aws_ws/install/nav2_common/share/nav2_common/cmake/nav2_package.cmake
[0.497s] Listing '/home/ik/aws_ws/install/nav2_common/lib/python3.8/site-packages/nav2_common'...
[0.497s] Listing '/home/ik/aws_ws/install/nav2_common/lib/python3.8/site-packages/nav2_common/launch'...
[0.556s] Invoked command in '/home/ik/aws_ws/build/nav2_common' returned '0': CMAKE_PREFIX_PATH=/opt/ros/foxy /usr/bin/cmake --install /home/ik/aws_ws/build/nav2_common
