[0.042s] Invoking command in '/home/ik/aws_ws/build/slam_toolbox': CMAKE_PREFIX_PATH=${CMAKE_PREFIX_PATH}:/opt/ros/foxy /usr/bin/cmake /home/ik/aws_ws/src/slam_toolbox -DCMAKE_INSTALL_PREFIX=/home/ik/aws_ws/install/slam_toolbox
[0.111s] -- The C compiler identification is GNU 9.4.0
[0.176s] -- The CXX compiler identification is GNU 9.4.0
[0.184s] -- Check for working C compiler: /usr/bin/cc
[0.276s] -- Check for working C compiler: /usr/bin/cc -- works
[0.276s] -- Detecting C compiler ABI info
[0.339s] -- Detecting C compiler ABI info - done
[0.358s] -- Detecting C compile features
[0.358s] -- Detecting C compile features - done
[0.361s] -- Check for working CXX compiler: /usr/bin/c++
[0.452s] -- Check for working CXX compiler: /usr/bin/c++ -- works
[0.453s] -- Detecting CXX compiler ABI info
[0.550s] -- Detecting CXX compiler ABI info - done
[0.560s] -- Detecting CXX compile features
[0.560s] -- Detecting CXX compile features - done
[0.562s] -- Found ament_cmake: 0.9.11 (/opt/ros/foxy/share/ament_cmake/cmake)
[0.586s] -- Found PythonInterp: /usr/bin/python3 (found suitable version "3.8.10", minimum required is "3") 
[0.587s] -- Using PYTHON_EXECUTABLE: /usr/bin/python3
[0.753s] -- Found message_filters: 3.2.5 (/opt/ros/foxy/share/message_filters/cmake)
[0.756s] -- Found nav_msgs: 2.0.5 (/opt/ros/foxy/share/nav_msgs/cmake)
[0.779s] -- Using all available rosidl_typesupport_c: rosidl_typesupport_fastrtps_c;rosidl_typesupport_introspection_c
[0.785s] -- Found rosidl_adapter: 1.3.0 (/opt/ros/foxy/share/rosidl_adapter/cmake)
[0.924s] -- Found OpenSSL: /usr/lib/x86_64-linux-gnu/libcrypto.so (found version "1.1.1f")  
[0.955s] -- Found FastRTPS: /opt/ros/foxy/include  
[1.040s] -- Using all available rosidl_typesupport_cpp: rosidl_typesupport_fastrtps_cpp;rosidl_typesupport_introspection_cpp
[1.179s] -- Found rclcpp: 2.4.2 (/opt/ros/foxy/share/rclcpp/cmake)
[1.215s] -- Found rmw_implementation_cmake: 1.0.4 (/opt/ros/foxy/share/rmw_implementation_cmake/cmake)
[1.216s] -- Using RMW implementation 'rmw_fastrtps_cpp' as default
[1.217s] -- Looking for pthread.h
[1.315s] -- Looking for pthread.h - found
[1.316s] -- Performing Test CMAKE_HAVE_LIBC_PTHREAD
[1.428s] -- Performing Test CMAKE_HAVE_LIBC_PTHREAD - Failed
[1.429s] -- Looking for pthread_create in pthreads
[1.516s] -- Looking for pthread_create in pthreads - not found
[1.516s] -- Looking for pthread_create in pthread
[1.608s] -- Looking for pthread_create in pthread - found
[1.610s] -- Found Threads: TRUE  
[1.730s] -- Found sensor_msgs: 2.0.5 (/opt/ros/foxy/share/sensor_msgs/cmake)
[1.791s] -- Found tf2: 0.13.14 (/opt/ros/foxy/share/tf2/cmake)
[1.801s] -- Found tf2_ros: 0.13.14 (/opt/ros/foxy/share/tf2_ros/cmake)
[2.080s] -- Found visualization_msgs: 2.0.5 (/opt/ros/foxy/share/visualization_msgs/cmake)
[2.141s] -- Found pluginlib: 2.5.4 (/opt/ros/foxy/share/pluginlib/cmake)
[2.158s] -- Found tf2_geometry_msgs: 0.13.14 (/opt/ros/foxy/share/tf2_geometry_msgs/cmake)
[2.165s] -- Found eigen3_cmake_module: 0.1.1 (/opt/ros/foxy/share/eigen3_cmake_module/cmake)
[2.167s] -- Found Eigen3: TRUE (found version "3.3.7") 
[2.190s] -- Found tf2_sensor_msgs: 0.13.14 (/opt/ros/foxy/share/tf2_sensor_msgs/cmake)
[2.204s] -- Found std_srvs: 2.0.5 (/opt/ros/foxy/share/std_srvs/cmake)
[2.213s] -- Found rosidl_default_generators: 1.0.1 (/opt/ros/foxy/share/rosidl_default_generators/cmake)
[2.223s] -- Found nav2_map_server: 0.4.7 (/opt/ros/foxy/share/nav2_map_server/cmake)
[2.225s] -- Found rviz_common: 8.2.8 (/opt/ros/foxy/share/rviz_common/cmake)
[2.237s] -- Setting OGRE_DIR to: '/opt/ros/foxy/share/rviz_ogre_vendor/cmake/../../../opt/rviz_ogre_vendor/lib/OGRE/cmake'
[2.239s] -- Found OGRE
[2.239s] --   static     : OFF
[2.239s] --   components : HLMS;MeshLodGenerator;Overlay;Paging;Property;RTShaderSystem;Terrain;Volume
[2.239s] --   plugins    : Plugin_BSPSceneManager;Plugin_OctreeSceneManager;Plugin_PCZSceneManager;Plugin_ParticleFX;RenderSystem_GL;RenderSystem_GL3Plus;Codec_STBI
[2.239s] --   media      : /opt/ros/foxy/opt/rviz_ogre_vendor/share/OGRE/Media
[2.239s] -- OGRE_LIBRARIES: OgreHLMS;OgreMeshLodGenerator;OgreOverlay;OgrePaging;OgreProperty;OgreRTShaderSystem;OgreTerrain;OgreVolume;OgreMain
[2.240s] -- OGRE_LIBRARY_DIRS: /opt/ros/foxy/opt/rviz_ogre_vendor/lib
[2.240s] -- OGRE_PLUGINS: Plugin_BSPSceneManager;Plugin_OctreeSceneManager;Plugin_PCZSceneManager;Plugin_ParticleFX;RenderSystem_GL;RenderSystem_GL3Plus;Codec_STBI
[2.240s] -- OGRE_PLUGIN_DIR: /opt/ros/foxy/opt/rviz_ogre_vendor/lib/OGRE
[2.240s] -- rviz_ogre_vendor::OgreOverlay for IMPORTED_LOCATION_RELEASE: /opt/ros/foxy/opt/rviz_ogre_vendor/lib/libOgreOverlay.so
[2.240s] -- rviz_ogre_vendor::OgreOverlay for IMPORTED_LOCATION_DEBUG: /opt/ros/foxy/opt/rviz_ogre_vendor/lib/libOgreOverlay.so
[2.240s] -- rviz_ogre_vendor::OgreMain for IMPORTED_LOCATION_RELEASE: /opt/ros/foxy/opt/rviz_ogre_vendor/lib/libOgreMain.so
[2.240s] -- rviz_ogre_vendor::OgreMain for IMPORTED_LOCATION_DEBUG: /opt/ros/foxy/opt/rviz_ogre_vendor/lib/libOgreMain.so
[2.257s] -- Found ZLIB: /usr/lib/x86_64-linux-gnu/libz.so (found version "1.2.11") 
[2.261s] -- Found OpenGL: /usr/lib/x86_64-linux-gnu/libOpenGL.so   
[2.411s] -- Found X11: /usr/include   
[2.412s] -- Looking for XOpenDisplay in /usr/lib/x86_64-linux-gnu/libX11.so;/usr/lib/x86_64-linux-gnu/libXext.so
[2.509s] -- Looking for XOpenDisplay in /usr/lib/x86_64-linux-gnu/libX11.so;/usr/lib/x86_64-linux-gnu/libXext.so - found
[2.509s] -- Looking for gethostbyname
[2.614s] -- Looking for gethostbyname - found
[2.614s] -- Looking for connect
[2.711s] -- Looking for connect - found
[2.711s] -- Looking for remove
[2.814s] -- Looking for remove - found
[2.814s] -- Looking for shmat
[2.923s] -- Looking for shmat - found
[2.923s] -- Looking for IceConnectionNumber in ICE
[3.026s] -- Looking for IceConnectionNumber in ICE - found
[3.031s] -- rviz_ogre_vendor::RenderSystem_GL for IMPORTED_LOCATION_RELEASE: _render_system_gl_static_library_abs-NOTFOUND
[3.032s] -- rviz_ogre_vendor::RenderSystem_GL for IMPORTED_LOCATION_DEBUG: _render_system_gl_static_library_abs-NOTFOUND
[3.040s] -- library: libassimp.so.5
[3.192s] -- library: /usr/lib/x86_64-linux-gnu/libcurl.so
[3.258s] -- Setting yaml-cpp_DIR to: '/opt/ros/foxy/share/yaml_cpp_vendor/cmake/../../../opt/yaml_cpp_vendor/lib/cmake/yaml-cpp'
[3.261s] -- Found rviz_default_plugins: 8.2.8 (/opt/ros/foxy/share/rviz_default_plugins/cmake)
[3.559s] -- Found Boost: /usr/lib/x86_64-linux-gnu/cmake/Boost-1.71.0/BoostConfig.cmake (found version "1.71.0") found components: system serialization filesystem thread 
[3.642s] -- Found PkgConfig: /usr/bin/pkg-config (found version "0.29.1") 
[3.651s] -- Found CSPARSE: /usr/include/suitesparse  
[3.687s] -- Found CHOLMOD: /usr/include/suitesparse  
[3.689s] -- Looking for sgemm_
[3.767s] -- Looking for sgemm_ - not found
[3.802s] -- Looking for sgemm_
[3.909s] -- Looking for sgemm_ - found
[3.909s] -- Found BLAS: /usr/lib/x86_64-linux-gnu/libblas.so  
[3.915s] -- Looking for cheev_
[4.021s] -- Looking for cheev_ - not found
[4.039s] -- Looking for cheev_
[4.154s] -- Looking for cheev_ - found
[4.154s] -- A library with LAPACK API found.
[4.160s] -- Found installed version of Eigen: /usr/lib/cmake/eigen3
[4.163s] -- Found required Ceres dependency: Eigen version 3.3.7 in /usr/include/eigen3
[4.166s] -- Found required Ceres dependency: glog
[4.168s] -- Found installed version of gflags: /usr/lib/x86_64-linux-gnu/cmake/gflags
[4.168s] -- Detected gflags version: 2.2.2
[4.168s] -- Found required Ceres dependency: gflags
[4.169s] -- Found Ceres version: 1.14.0 installed in: /usr with components: [EigenSparse, SparseLinearAlgebraLibrary, LAPACK, SuiteSparse, CXSparse, SchurSpecializations, OpenMP, Multithreading]
[4.203s] -- Found PythonInterp: /usr/bin/python3 (found version "3.8.10") 
[4.454s] -- Found ament_cmake_ros: 0.9.2 (/opt/ros/foxy/share/ament_cmake_ros/cmake)
[4.738s] -- Using all available rosidl_typesupport_c: rosidl_typesupport_fastrtps_c;rosidl_typesupport_introspection_c
[4.858s] -- Using all available rosidl_typesupport_cpp: rosidl_typesupport_fastrtps_cpp;rosidl_typesupport_introspection_cpp
[4.889s] -- Found PythonInterp: /usr/bin/python3 (found suitable version "3.8.10", minimum required is "3.5") 
[4.892s] -- Found python_cmake_module: 0.8.1 (/opt/ros/foxy/share/python_cmake_module/cmake)
[4.925s] -- Found PythonLibs: /usr/lib/x86_64-linux-gnu/libpython3.8.so (found suitable version "3.8.10", minimum required is "3.5") 
[4.926s] -- Using PYTHON_EXECUTABLE: /usr/bin/python3
[4.926s] -- Using PYTHON_INCLUDE_DIRS: /usr/include/python3.8
[4.926s] -- Using PYTHON_LIBRARIES: /usr/lib/x86_64-linux-gnu/libpython3.8.so
[4.947s] -- Found PythonExtra: .so  
[5.096s] -- Configuring done
[5.355s] -- Generating done
[5.359s] -- Build files have been written to: /home/ik/aws_ws/build/slam_toolbox
[5.380s] Invoked command in '/home/ik/aws_ws/build/slam_toolbox' returned '0': CMAKE_PREFIX_PATH=${CMAKE_PREFIX_PATH}:/opt/ros/foxy /usr/bin/cmake /home/ik/aws_ws/src/slam_toolbox -DCMAKE_INSTALL_PREFIX=/home/ik/aws_ws/install/slam_toolbox
[5.385s] Invoking command in '/home/ik/aws_ws/build/slam_toolbox': CMAKE_PREFIX_PATH=${CMAKE_PREFIX_PATH}:/opt/ros/foxy /usr/bin/cmake --build /home/ik/aws_ws/build/slam_toolbox -- -j8 -l8
[5.456s] [35m[1mScanning dependencies of target slam_toolbox__cpp[0m
[5.458s] [35m[1mScanning dependencies of target kartoSlamToolbox[0m
[5.460s] [  1%] [34m[1mGenerating C code for ROS interfaces[0m
[5.475s] [  2%] [34m[1mGenerating C++ code for ROS interfaces[0m
[5.503s] [  3%] [32mBuilding CXX object lib/karto_sdk/CMakeFiles/kartoSlamToolbox.dir/src/Karto.cpp.o[0m
[5.511s] [  3%] [32mBuilding CXX object lib/karto_sdk/CMakeFiles/kartoSlamToolbox.dir/src/Mapper.cpp.o[0m
[6.190s] [  3%] Built target slam_toolbox__cpp
[6.207s] [  4%] [34m[1mGenerating C++ type support for eProsima Fast-RTPS[0m
[6.208s] [  5%] [34m[1mGenerating C++ type support dispatch for ROS interfaces[0m
[6.209s] [  6%] [34m[1mGenerating C++ introspection for ROS interfaces[0m
[6.409s] [35m[1mScanning dependencies of target slam_toolbox__rosidl_generator_c[0m
[6.432s] [  7%] [32mBuilding C object CMakeFiles/slam_toolbox__rosidl_generator_c.dir/rosidl_generator_c/slam_toolbox/srv/detail/toggle_interactive__functions.c.o[0m
[6.434s] [  7%] [32mBuilding C object CMakeFiles/slam_toolbox__rosidl_generator_c.dir/rosidl_generator_c/slam_toolbox/srv/detail/pause__functions.c.o[0m
[6.437s] [  8%] [32mBuilding C object CMakeFiles/slam_toolbox__rosidl_generator_c.dir/rosidl_generator_c/slam_toolbox/srv/detail/clear_queue__functions.c.o[0m
[6.567s] [  9%] [32mBuilding C object CMakeFiles/slam_toolbox__rosidl_generator_c.dir/rosidl_generator_c/slam_toolbox/srv/detail/clear__functions.c.o[0m
[6.581s] [ 10%] [32mBuilding C object CMakeFiles/slam_toolbox__rosidl_generator_c.dir/rosidl_generator_c/slam_toolbox/srv/detail/save_map__functions.c.o[0m
[6.581s] [ 10%] [32mBuilding C object CMakeFiles/slam_toolbox__rosidl_generator_c.dir/rosidl_generator_c/slam_toolbox/srv/detail/loop_closure__functions.c.o[0m
[6.704s] [ 11%] [32mBuilding C object CMakeFiles/slam_toolbox__rosidl_generator_c.dir/rosidl_generator_c/slam_toolbox/srv/detail/merge_maps__functions.c.o[0m
[6.720s] [ 12%] [32mBuilding C object CMakeFiles/slam_toolbox__rosidl_generator_c.dir/rosidl_generator_c/slam_toolbox/srv/detail/add_submap__functions.c.o[0m
[6.724s] [ 12%] [32mBuilding C object CMakeFiles/slam_toolbox__rosidl_generator_c.dir/rosidl_generator_c/slam_toolbox/srv/detail/deserialize_pose_graph__functions.c.o[0m
[6.814s] [35m[1mScanning dependencies of target slam_toolbox__rosidl_typesupport_cpp[0m
[6.834s] [ 13%] [32mBuilding CXX object CMakeFiles/slam_toolbox__rosidl_typesupport_cpp.dir/rosidl_typesupport_cpp/slam_toolbox/srv/pause__type_support.cpp.o[0m
[6.837s] [ 14%] [32mBuilding C object CMakeFiles/slam_toolbox__rosidl_generator_c.dir/rosidl_generator_c/slam_toolbox/srv/detail/serialize_pose_graph__functions.c.o[0m
[6.856s] [ 14%] [32mBuilding CXX object CMakeFiles/slam_toolbox__rosidl_typesupport_cpp.dir/rosidl_typesupport_cpp/slam_toolbox/srv/clear_queue__type_support.cpp.o[0m
[6.954s] [ 15%] [32mBuilding CXX object CMakeFiles/slam_toolbox__rosidl_typesupport_cpp.dir/rosidl_typesupport_cpp/slam_toolbox/srv/toggle_interactive__type_support.cpp.o[0m
[6.958s] [35m[1mScanning dependencies of target slam_toolbox__rosidl_typesupport_introspection_cpp[0m
[6.977s] [ 16%] [32mBuilding CXX object CMakeFiles/slam_toolbox__rosidl_typesupport_introspection_cpp.dir/rosidl_typesupport_introspection_cpp/slam_toolbox/srv/detail/pause__type_support.cpp.o[0m
[6.977s] [ 17%] [32m[1mLinking C shared library libslam_toolbox__rosidl_generator_c.so[0m
[7.031s] [ 17%] Built target slam_toolbox__rosidl_generator_c
[7.046s] [ 18%] [32mBuilding CXX object CMakeFiles/slam_toolbox__rosidl_typesupport_cpp.dir/rosidl_typesupport_cpp/slam_toolbox/srv/clear__type_support.cpp.o[0m
[7.142s] [ 19%] [32mBuilding CXX object CMakeFiles/slam_toolbox__rosidl_typesupport_cpp.dir/rosidl_typesupport_cpp/slam_toolbox/srv/save_map__type_support.cpp.o[0m
[7.150s] [35m[1mScanning dependencies of target slam_toolbox__rosidl_typesupport_fastrtps_cpp[0m
[7.153s] [ 19%] [32mBuilding CXX object CMakeFiles/slam_toolbox__rosidl_typesupport_cpp.dir/rosidl_typesupport_cpp/slam_toolbox/srv/loop_closure__type_support.cpp.o[0m
[7.180s] [ 20%] [32mBuilding CXX object CMakeFiles/slam_toolbox__rosidl_typesupport_fastrtps_cpp.dir/rosidl_typesupport_fastrtps_cpp/slam_toolbox/srv/detail/dds_fastrtps/pause__type_support.cpp.o[0m
[7.264s] [ 21%] [32mBuilding CXX object CMakeFiles/slam_toolbox__rosidl_typesupport_cpp.dir/rosidl_typesupport_cpp/slam_toolbox/srv/merge_maps__type_support.cpp.o[0m
[7.286s] [ 22%] [32mBuilding CXX object CMakeFiles/slam_toolbox__rosidl_typesupport_introspection_cpp.dir/rosidl_typesupport_introspection_cpp/slam_toolbox/srv/detail/clear_queue__type_support.cpp.o[0m
[7.354s] [ 23%] [32mBuilding CXX object CMakeFiles/slam_toolbox__rosidl_typesupport_cpp.dir/rosidl_typesupport_cpp/slam_toolbox/srv/add_submap__type_support.cpp.o[0m
[7.442s] [ 23%] [32mBuilding CXX object CMakeFiles/slam_toolbox__rosidl_typesupport_cpp.dir/rosidl_typesupport_cpp/slam_toolbox/srv/deserialize_pose_graph__type_support.cpp.o[0m
[7.460s] [ 24%] [32mBuilding CXX object CMakeFiles/slam_toolbox__rosidl_typesupport_cpp.dir/rosidl_typesupport_cpp/slam_toolbox/srv/serialize_pose_graph__type_support.cpp.o[0m
[7.573s] [ 24%] [32mBuilding CXX object CMakeFiles/slam_toolbox__rosidl_typesupport_introspection_cpp.dir/rosidl_typesupport_introspection_cpp/slam_toolbox/srv/detail/toggle_interactive__type_support.cpp.o[0m
[7.605s] [ 25%] [32mBuilding CXX object CMakeFiles/slam_toolbox__rosidl_typesupport_introspection_cpp.dir/rosidl_typesupport_introspection_cpp/slam_toolbox/srv/detail/clear__type_support.cpp.o[0m
[7.654s] [ 25%] [32mBuilding CXX object CMakeFiles/slam_toolbox__rosidl_typesupport_fastrtps_cpp.dir/rosidl_typesupport_fastrtps_cpp/slam_toolbox/srv/detail/dds_fastrtps/clear_queue__type_support.cpp.o[0m
[7.663s] [ 26%] [32mBuilding CXX object CMakeFiles/slam_toolbox__rosidl_typesupport_fastrtps_cpp.dir/rosidl_typesupport_fastrtps_cpp/slam_toolbox/srv/detail/dds_fastrtps/toggle_interactive__type_support.cpp.o[0m
[7.742s] [ 27%] [32mBuilding CXX object CMakeFiles/slam_toolbox__rosidl_typesupport_fastrtps_cpp.dir/rosidl_typesupport_fastrtps_cpp/slam_toolbox/srv/detail/dds_fastrtps/clear__type_support.cpp.o[0m
[7.760s] [ 28%] [32m[1mLinking CXX shared library libslam_toolbox__rosidl_typesupport_cpp.so[0m
[7.808s] [ 28%] Built target slam_toolbox__rosidl_typesupport_cpp
[7.820s] [ 29%] [34m[1mGenerating C introspection for ROS interfaces[0m
[7.886s] [ 30%] [32mBuilding CXX object CMakeFiles/slam_toolbox__rosidl_typesupport_introspection_cpp.dir/rosidl_typesupport_introspection_cpp/slam_toolbox/srv/detail/save_map__type_support.cpp.o[0m
[7.920s] [ 30%] [32mBuilding CXX object CMakeFiles/slam_toolbox__rosidl_typesupport_introspection_cpp.dir/rosidl_typesupport_introspection_cpp/slam_toolbox/srv/detail/loop_closure__type_support.cpp.o[0m
[8.127s] [ 31%] [32mBuilding CXX object CMakeFiles/slam_toolbox__rosidl_typesupport_fastrtps_cpp.dir/rosidl_typesupport_fastrtps_cpp/slam_toolbox/srv/detail/dds_fastrtps/save_map__type_support.cpp.o[0m
[8.139s] [ 31%] [32mBuilding CXX object CMakeFiles/slam_toolbox__rosidl_typesupport_fastrtps_cpp.dir/rosidl_typesupport_fastrtps_cpp/slam_toolbox/srv/detail/dds_fastrtps/loop_closure__type_support.cpp.o[0m
[8.200s] [ 32%] [32mBuilding CXX object CMakeFiles/slam_toolbox__rosidl_typesupport_fastrtps_cpp.dir/rosidl_typesupport_fastrtps_cpp/slam_toolbox/srv/detail/dds_fastrtps/merge_maps__type_support.cpp.o[0m
[8.208s] [ 33%] [32mBuilding CXX object CMakeFiles/slam_toolbox__rosidl_typesupport_introspection_cpp.dir/rosidl_typesupport_introspection_cpp/slam_toolbox/srv/detail/merge_maps__type_support.cpp.o[0m
[8.232s] [ 34%] [32mBuilding CXX object CMakeFiles/slam_toolbox__rosidl_typesupport_introspection_cpp.dir/rosidl_typesupport_introspection_cpp/slam_toolbox/srv/detail/add_submap__type_support.cpp.o[0m
[8.519s] [ 35%] [32mBuilding CXX object CMakeFiles/slam_toolbox__rosidl_typesupport_introspection_cpp.dir/rosidl_typesupport_introspection_cpp/slam_toolbox/srv/detail/deserialize_pose_graph__type_support.cpp.o[0m
[8.552s] [ 35%] [32mBuilding CXX object CMakeFiles/slam_toolbox__rosidl_typesupport_introspection_cpp.dir/rosidl_typesupport_introspection_cpp/slam_toolbox/srv/detail/serialize_pose_graph__type_support.cpp.o[0m
[8.601s] [ 36%] [32mBuilding CXX object CMakeFiles/slam_toolbox__rosidl_typesupport_fastrtps_cpp.dir/rosidl_typesupport_fastrtps_cpp/slam_toolbox/srv/detail/dds_fastrtps/add_submap__type_support.cpp.o[0m
[8.625s] [ 37%] [32mBuilding CXX object CMakeFiles/slam_toolbox__rosidl_typesupport_fastrtps_cpp.dir/rosidl_typesupport_fastrtps_cpp/slam_toolbox/srv/detail/dds_fastrtps/deserialize_pose_graph__type_support.cpp.o[0m
[8.671s] [ 37%] [32mBuilding CXX object CMakeFiles/slam_toolbox__rosidl_typesupport_fastrtps_cpp.dir/rosidl_typesupport_fastrtps_cpp/slam_toolbox/srv/detail/dds_fastrtps/serialize_pose_graph__type_support.cpp.o[0m
[8.711s] [35m[1mScanning dependencies of target slam_toolbox__rosidl_typesupport_introspection_c[0m
[8.731s] [ 38%] [32mBuilding C object CMakeFiles/slam_toolbox__rosidl_typesupport_introspection_c.dir/rosidl_typesupport_introspection_c/slam_toolbox/srv/detail/pause__type_support.c.o[0m
[8.778s] [ 38%] [32mBuilding C object CMakeFiles/slam_toolbox__rosidl_typesupport_introspection_c.dir/rosidl_typesupport_introspection_c/slam_toolbox/srv/detail/clear_queue__type_support.c.o[0m
[8.825s] [ 39%] [32mBuilding C object CMakeFiles/slam_toolbox__rosidl_typesupport_introspection_c.dir/rosidl_typesupport_introspection_c/slam_toolbox/srv/detail/toggle_interactive__type_support.c.o[0m
[8.841s] [ 40%] [32mBuilding C object CMakeFiles/slam_toolbox__rosidl_typesupport_introspection_c.dir/rosidl_typesupport_introspection_c/slam_toolbox/srv/detail/clear__type_support.c.o[0m
[8.872s] [ 40%] [32mBuilding C object CMakeFiles/slam_toolbox__rosidl_typesupport_introspection_c.dir/rosidl_typesupport_introspection_c/slam_toolbox/srv/detail/save_map__type_support.c.o[0m
[8.879s] [ 41%] [32m[1mLinking CXX shared library libslam_toolbox__rosidl_typesupport_introspection_cpp.so[0m
[8.888s] [ 42%] [32mBuilding C object CMakeFiles/slam_toolbox__rosidl_typesupport_introspection_c.dir/rosidl_typesupport_introspection_c/slam_toolbox/srv/detail/loop_closure__type_support.c.o[0m
[8.921s] [ 43%] [32mBuilding C object CMakeFiles/slam_toolbox__rosidl_typesupport_introspection_c.dir/rosidl_typesupport_introspection_c/slam_toolbox/srv/detail/merge_maps__type_support.c.o[0m
[8.941s] [ 44%] [32mBuilding C object CMakeFiles/slam_toolbox__rosidl_typesupport_introspection_c.dir/rosidl_typesupport_introspection_c/slam_toolbox/srv/detail/add_submap__type_support.c.o[0m
[8.971s] [ 44%] [32mBuilding C object CMakeFiles/slam_toolbox__rosidl_typesupport_introspection_c.dir/rosidl_typesupport_introspection_c/slam_toolbox/srv/detail/deserialize_pose_graph__type_support.c.o[0m
[8.984s] [ 44%] Built target slam_toolbox__rosidl_typesupport_introspection_cpp
[8.991s] [ 45%] [34m[1mGenerating C type support dispatch for ROS interfaces[0m
[8.994s] [ 46%] [32mBuilding C object CMakeFiles/slam_toolbox__rosidl_typesupport_introspection_c.dir/rosidl_typesupport_introspection_c/slam_toolbox/srv/detail/serialize_pose_graph__type_support.c.o[0m
[9.046s] [ 47%] [32m[1mLinking C shared library libslam_toolbox__rosidl_typesupport_introspection_c.so[0m
[9.098s] [ 47%] Built target slam_toolbox__rosidl_typesupport_introspection_c
[9.158s] [ 48%] [32m[1mLinking CXX shared library libslam_toolbox__rosidl_typesupport_fastrtps_cpp.so[0m
[9.286s] [ 48%] Built target slam_toolbox__rosidl_typesupport_fastrtps_cpp
[9.300s] [ 49%] [34m[1mGenerating C type support for eProsima Fast-RTPS[0m
[9.459s] [35m[1mScanning dependencies of target slam_toolbox__rosidl_typesupport_c[0m
[9.481s] [ 49%] [32mBuilding CXX object CMakeFiles/slam_toolbox__rosidl_typesupport_c.dir/rosidl_typesupport_c/slam_toolbox/srv/pause__type_support.cpp.o[0m
[9.482s] [ 50%] [32mBuilding CXX object CMakeFiles/slam_toolbox__rosidl_typesupport_c.dir/rosidl_typesupport_c/slam_toolbox/srv/clear_queue__type_support.cpp.o[0m
[9.483s] [ 51%] [32mBuilding CXX object CMakeFiles/slam_toolbox__rosidl_typesupport_c.dir/rosidl_typesupport_c/slam_toolbox/srv/save_map__type_support.cpp.o[0m
[9.484s] [ 51%] [32mBuilding CXX object CMakeFiles/slam_toolbox__rosidl_typesupport_c.dir/rosidl_typesupport_c/slam_toolbox/srv/clear__type_support.cpp.o[0m
[9.485s] [ 52%] [32mBuilding CXX object CMakeFiles/slam_toolbox__rosidl_typesupport_c.dir/rosidl_typesupport_c/slam_toolbox/srv/toggle_interactive__type_support.cpp.o[0m
[9.518s] [ 53%] [32mBuilding CXX object CMakeFiles/slam_toolbox__rosidl_typesupport_c.dir/rosidl_typesupport_c/slam_toolbox/srv/merge_maps__type_support.cpp.o[0m
[9.519s] [ 54%] [32mBuilding CXX object CMakeFiles/slam_toolbox__rosidl_typesupport_c.dir/rosidl_typesupport_c/slam_toolbox/srv/loop_closure__type_support.cpp.o[0m
[9.521s] [ 54%] [32mBuilding CXX object CMakeFiles/slam_toolbox__rosidl_typesupport_c.dir/rosidl_typesupport_c/slam_toolbox/srv/add_submap__type_support.cpp.o[0m
[9.539s] [ 55%] [32mBuilding CXX object CMakeFiles/slam_toolbox__rosidl_typesupport_c.dir/rosidl_typesupport_c/slam_toolbox/srv/deserialize_pose_graph__type_support.cpp.o[0m
[9.545s] [ 56%] [32mBuilding CXX object CMakeFiles/slam_toolbox__rosidl_typesupport_c.dir/rosidl_typesupport_c/slam_toolbox/srv/serialize_pose_graph__type_support.cpp.o[0m
[9.592s] [ 57%] [32m[1mLinking CXX shared library libslam_toolbox__rosidl_typesupport_c.so[0m
[9.645s] [ 57%] Built target slam_toolbox__rosidl_typesupport_c
[9.975s] [35m[1mScanning dependencies of target slam_toolbox__rosidl_typesupport_fastrtps_c[0m
[10.014s] [ 58%] [32mBuilding CXX object CMakeFiles/slam_toolbox__rosidl_typesupport_fastrtps_c.dir/rosidl_typesupport_fastrtps_c/slam_toolbox/srv/detail/loop_closure__type_support_c.cpp.o[0m
[10.017s] [ 60%] [32mBuilding CXX object CMakeFiles/slam_toolbox__rosidl_typesupport_fastrtps_c.dir/rosidl_typesupport_fastrtps_c/slam_toolbox/srv/detail/clear__type_support_c.cpp.o[0m
[10.017s] [ 60%] [32mBuilding CXX object CMakeFiles/slam_toolbox__rosidl_typesupport_fastrtps_c.dir/rosidl_typesupport_fastrtps_c/slam_toolbox/srv/detail/clear_queue__type_support_c.cpp.o[0m
[10.019s] [ 61%] [32mBuilding CXX object CMakeFiles/slam_toolbox__rosidl_typesupport_fastrtps_c.dir/rosidl_typesupport_fastrtps_c/slam_toolbox/srv/detail/toggle_interactive__type_support_c.cpp.o[0m
[10.019s] [ 61%] [32mBuilding CXX object CMakeFiles/slam_toolbox__rosidl_typesupport_fastrtps_c.dir/rosidl_typesupport_fastrtps_c/slam_toolbox/srv/detail/pause__type_support_c.cpp.o[0m
[10.020s] [ 61%] [32mBuilding CXX object CMakeFiles/slam_toolbox__rosidl_typesupport_fastrtps_c.dir/rosidl_typesupport_fastrtps_c/slam_toolbox/srv/detail/save_map__type_support_c.cpp.o[0m
[10.415s] [ 62%] [32mBuilding CXX object CMakeFiles/slam_toolbox__rosidl_typesupport_fastrtps_c.dir/rosidl_typesupport_fastrtps_c/slam_toolbox/srv/detail/merge_maps__type_support_c.cpp.o[0m
[10.422s] [ 63%] [32mBuilding CXX object CMakeFiles/slam_toolbox__rosidl_typesupport_fastrtps_c.dir/rosidl_typesupport_fastrtps_c/slam_toolbox/srv/detail/add_submap__type_support_c.cpp.o[0m
[10.427s] [ 63%] [32mBuilding CXX object CMakeFiles/slam_toolbox__rosidl_typesupport_fastrtps_c.dir/rosidl_typesupport_fastrtps_c/slam_toolbox/srv/detail/deserialize_pose_graph__type_support_c.cpp.o[0m
[10.431s] [ 64%] [32mBuilding CXX object CMakeFiles/slam_toolbox__rosidl_typesupport_fastrtps_c.dir/rosidl_typesupport_fastrtps_c/slam_toolbox/srv/detail/serialize_pose_graph__type_support_c.cpp.o[0m
[10.836s] [ 65%] [32m[1mLinking CXX shared library libslam_toolbox__rosidl_typesupport_fastrtps_c.so[0m
[10.957s] [ 65%] Built target slam_toolbox__rosidl_typesupport_fastrtps_c
[10.972s] [35m[1mScanning dependencies of target slam_toolbox[0m
[10.988s] [ 65%] Built target slam_toolbox
[11.003s] [35m[1mScanning dependencies of target slam_toolbox__py[0m
[11.004s] [ 65%] [34m[1mGenerating rviz_plugin/moc_slam_toolbox_rviz_plugin.cpp[0m
[11.018s] [ 66%] [34m[1mGenerating Python code for ROS interfaces[0m
[11.026s] [35m[1mScanning dependencies of target SlamToolboxPlugin[0m
[11.115s] [ 67%] [32mBuilding CXX object CMakeFiles/SlamToolboxPlugin.dir/rviz_plugin/slam_toolbox_rviz_plugin.cpp.o[0m
[11.119s] [ 68%] [32mBuilding CXX object CMakeFiles/SlamToolboxPlugin.dir/rviz_plugin/moc_slam_toolbox_rviz_plugin.cpp.o[0m
[12.636s] [ 68%] Built target slam_toolbox__py
[12.648s] [35m[1mScanning dependencies of target slam_toolbox__python[0m
[12.695s] [ 69%] [32mBuilding C object CMakeFiles/slam_toolbox__python.dir/rosidl_generator_py/slam_toolbox/srv/_clear_s.c.o[0m
[12.696s] [ 70%] [32mBuilding C object CMakeFiles/slam_toolbox__python.dir/rosidl_generator_py/slam_toolbox/srv/_toggle_interactive_s.c.o[0m
[12.696s] [ 71%] [32mBuilding C object CMakeFiles/slam_toolbox__python.dir/rosidl_generator_py/slam_toolbox/srv/_pause_s.c.o[0m
[12.697s] [ 71%] [32mBuilding C object CMakeFiles/slam_toolbox__python.dir/rosidl_generator_py/slam_toolbox/srv/_clear_queue_s.c.o[0m
[12.826s] [ 72%] [32mBuilding C object CMakeFiles/slam_toolbox__python.dir/rosidl_generator_py/slam_toolbox/srv/_merge_maps_s.c.o[0m
[12.826s] [ 73%] [32mBuilding C object CMakeFiles/slam_toolbox__python.dir/rosidl_generator_py/slam_toolbox/srv/_save_map_s.c.o[0m
[12.827s] [ 73%] [32mBuilding C object CMakeFiles/slam_toolbox__python.dir/rosidl_generator_py/slam_toolbox/srv/_loop_closure_s.c.o[0m
[12.835s] [ 74%] [32mBuilding C object CMakeFiles/slam_toolbox__python.dir/rosidl_generator_py/slam_toolbox/srv/_add_submap_s.c.o[0m
[12.955s] [ 75%] [32mBuilding C object CMakeFiles/slam_toolbox__python.dir/rosidl_generator_py/slam_toolbox/srv/_deserialize_pose_graph_s.c.o[0m
[12.960s] [ 75%] [32mBuilding C object CMakeFiles/slam_toolbox__python.dir/rosidl_generator_py/slam_toolbox/srv/_serialize_pose_graph_s.c.o[0m
[13.093s] [ 76%] [32m[1mLinking C shared library rosidl_generator_py/slam_toolbox/libslam_toolbox__python.so[0m
[13.164s] [ 76%] Built target slam_toolbox__python
[13.176s] [35m[1mScanning dependencies of target slam_toolbox__rosidl_typesupport_fastrtps_c__pyext[0m
[13.179s] [35m[1mScanning dependencies of target slam_toolbox__rosidl_typesupport_introspection_c__pyext[0m
[13.181s] [35m[1mScanning dependencies of target slam_toolbox__rosidl_typesupport_c__pyext[0m
[13.206s] [ 76%] [32mBuilding C object CMakeFiles/slam_toolbox__rosidl_typesupport_c__pyext.dir/rosidl_generator_py/slam_toolbox/_slam_toolbox_s.ep.rosidl_typesupport_c.c.o[0m
[13.208s] [ 77%] [32mBuilding C object CMakeFiles/slam_toolbox__rosidl_typesupport_introspection_c__pyext.dir/rosidl_generator_py/slam_toolbox/_slam_toolbox_s.ep.rosidl_typesupport_introspection_c.c.o[0m
[13.212s] [ 77%] [32mBuilding C object CMakeFiles/slam_toolbox__rosidl_typesupport_fastrtps_c__pyext.dir/rosidl_generator_py/slam_toolbox/_slam_toolbox_s.ep.rosidl_typesupport_fastrtps_c.c.o[0m
[13.614s] [ 77%] [32m[1mLinking C shared library rosidl_generator_py/slam_toolbox/slam_toolbox_s__rosidl_typesupport_introspection_c.cpython-38-x86_64-linux-gnu.so[0m
[13.635s] [ 78%] [32m[1mLinking CXX shared library rosidl_generator_py/slam_toolbox/slam_toolbox_s__rosidl_typesupport_fastrtps_c.cpython-38-x86_64-linux-gnu.so[0m
[13.652s] [ 79%] [32m[1mLinking C shared library rosidl_generator_py/slam_toolbox/slam_toolbox_s__rosidl_typesupport_c.cpython-38-x86_64-linux-gnu.so[0m
[13.675s] [ 79%] Built target slam_toolbox__rosidl_typesupport_introspection_c__pyext
[13.713s] [ 79%] Built target slam_toolbox__rosidl_typesupport_c__pyext
[13.731s] [ 79%] Built target slam_toolbox__rosidl_typesupport_fastrtps_c__pyext
[25.009s] [ 79%] [32m[1mLinking CXX shared library libSlamToolboxPlugin.so[0m
[25.488s] [ 80%] [32m[1mLinking CXX shared library libkartoSlamToolbox.so[0m
[25.918s] [ 80%] Built target kartoSlamToolbox
[25.936s] [35m[1mScanning dependencies of target ceres_solver_plugin[0m
[25.937s] [35m[1mScanning dependencies of target toolbox_common[0m
[26.001s] [ 81%] [32mBuilding CXX object CMakeFiles/ceres_solver_plugin.dir/solvers/ceres_solver.cpp.o[0m
[26.040s] [ 82%] [32mBuilding CXX object CMakeFiles/toolbox_common.dir/src/slam_mapper.cpp.o[0m
[26.040s] [ 83%] [32mBuilding CXX object CMakeFiles/toolbox_common.dir/src/slam_toolbox_common.cpp.o[0m
[26.040s] [ 84%] [32mBuilding CXX object CMakeFiles/toolbox_common.dir/src/map_saver.cpp.o[0m
[26.040s] [ 85%] [32mBuilding CXX object CMakeFiles/toolbox_common.dir/src/loop_closure_assistant.cpp.o[0m
[26.040s] [ 85%] [32mBuilding CXX object CMakeFiles/toolbox_common.dir/src/laser_utils.cpp.o[0m
[26.691s] [ 85%] Built target SlamToolboxPlugin
[38.783s] [ 86%] [32m[1mLinking CXX shared library libceres_solver_plugin.so[0m
[39.374s] [ 86%] Built target ceres_solver_plugin
[52.834s] [ 87%] [32m[1mLinking CXX shared library libtoolbox_common.so[0m
[53.651s] [ 87%] Built target toolbox_common
[53.663s] [35m[1mScanning dependencies of target merge_maps_kinematic[0m
[53.665s] [35m[1mScanning dependencies of target localization_slam_toolbox[0m
[53.666s] [35m[1mScanning dependencies of target sync_slam_toolbox[0m
[53.666s] [35m[1mScanning dependencies of target async_slam_toolbox[0m
[53.668s] [35m[1mScanning dependencies of target lifelong_slam_toolbox[0m
[53.743s] [ 88%] [32mBuilding CXX object CMakeFiles/merge_maps_kinematic.dir/src/merge_maps_kinematic.cpp.o[0m
[53.744s] [ 89%] [32mBuilding CXX object CMakeFiles/sync_slam_toolbox.dir/src/slam_toolbox_sync.cpp.o[0m
[53.752s] [ 90%] [32mBuilding CXX object CMakeFiles/async_slam_toolbox.dir/src/slam_toolbox_async.cpp.o[0m
[53.754s] [ 91%] [32mBuilding CXX object CMakeFiles/localization_slam_toolbox.dir/src/slam_toolbox_localization.cpp.o[0m
[53.754s] [ 92%] [32mBuilding CXX object CMakeFiles/lifelong_slam_toolbox.dir/src/experimental/slam_toolbox_lifelong.cpp.o[0m
[64.969s] [ 93%] [32m[1mLinking CXX shared library libasync_slam_toolbox.so[0m
[65.293s] [ 94%] [32m[1mLinking CXX shared library liblifelong_slam_toolbox.so[0m
[65.773s] [ 94%] Built target async_slam_toolbox
[65.790s] [35m[1mScanning dependencies of target async_slam_toolbox_node[0m
[65.883s] [ 95%] [32mBuilding CXX object CMakeFiles/async_slam_toolbox_node.dir/src/slam_toolbox_async_node.cpp.o[0m
[66.074s] [ 96%] [32m[1mLinking CXX shared library libsync_slam_toolbox.so[0m
[66.081s] [ 96%] Built target lifelong_slam_toolbox
[66.098s] [35m[1mScanning dependencies of target lifelong_slam_toolbox_node[0m
[66.194s] [ 96%] [32mBuilding CXX object CMakeFiles/lifelong_slam_toolbox_node.dir/src/experimental/slam_toolbox_lifelong_node.cpp.o[0m
[66.766s] [ 96%] Built target sync_slam_toolbox
[66.783s] [35m[1mScanning dependencies of target sync_slam_toolbox_node[0m
[66.874s] [ 96%] [32mBuilding CXX object CMakeFiles/sync_slam_toolbox_node.dir/src/slam_toolbox_sync_node.cpp.o[0m
[69.558s] [ 96%] [32m[1mLinking CXX executable merge_maps_kinematic[0m
[69.963s] [ 96%] [32m[1mLinking CXX shared library liblocalization_slam_toolbox.so[0m
[70.727s] [ 96%] Built target localization_slam_toolbox
[70.743s] [35m[1mScanning dependencies of target localization_slam_toolbox_node[0m
[70.767s] [ 96%] Built target merge_maps_kinematic
[70.829s] [ 97%] [32mBuilding CXX object CMakeFiles/localization_slam_toolbox_node.dir/src/slam_toolbox_localization_node.cpp.o[0m
[77.389s] [ 97%] [32m[1mLinking CXX executable async_slam_toolbox_node[0m
[77.690s] [ 98%] [32m[1mLinking CXX executable lifelong_slam_toolbox_node[0m
[78.198s] [ 99%] [32m[1mLinking CXX executable sync_slam_toolbox_node[0m
[78.230s] [ 99%] Built target async_slam_toolbox_node
[78.531s] [ 99%] Built target lifelong_slam_toolbox_node
[78.982s] [ 99%] Built target sync_slam_toolbox_node
[81.526s] [100%] [32m[1mLinking CXX executable localization_slam_toolbox_node[0m
[82.231s] [100%] Built target localization_slam_toolbox_node
[82.250s] Invoked command in '/home/ik/aws_ws/build/slam_toolbox' returned '0': CMAKE_PREFIX_PATH=${CMAKE_PREFIX_PATH}:/opt/ros/foxy /usr/bin/cmake --build /home/ik/aws_ws/build/slam_toolbox -- -j8 -l8
[82.420s] Invoking command in '/home/ik/aws_ws/build/slam_toolbox': CMAKE_PREFIX_PATH=${CMAKE_PREFIX_PATH}:/opt/ros/foxy /usr/bin/cmake --install /home/ik/aws_ws/build/slam_toolbox
[82.432s] -- Install configuration: "Release"
[82.432s] -- Installing: /home/ik/aws_ws/install/slam_toolbox/share/ament_index/resource_index/rosidl_interfaces/slam_toolbox
[82.433s] -- Installing: /home/ik/aws_ws/install/slam_toolbox/include/slam_toolbox
[82.433s] -- Installing: /home/ik/aws_ws/install/slam_toolbox/include/slam_toolbox/srv
[82.433s] -- Installing: /home/ik/aws_ws/install/slam_toolbox/include/slam_toolbox/srv/save_map.h
[82.433s] -- Installing: /home/ik/aws_ws/install/slam_toolbox/include/slam_toolbox/srv/deserialize_pose_graph.h
[82.433s] -- Installing: /home/ik/aws_ws/install/slam_toolbox/include/slam_toolbox/srv/toggle_interactive.h
[82.433s] -- Installing: /home/ik/aws_ws/install/slam_toolbox/include/slam_toolbox/srv/clear.h
[82.433s] -- Installing: /home/ik/aws_ws/install/slam_toolbox/include/slam_toolbox/srv/merge_maps.h
[82.434s] -- Installing: /home/ik/aws_ws/install/slam_toolbox/include/slam_toolbox/srv/pause.h
[82.434s] -- Installing: /home/ik/aws_ws/install/slam_toolbox/include/slam_toolbox/srv/serialize_pose_graph.h
[82.434s] -- Installing: /home/ik/aws_ws/install/slam_toolbox/include/slam_toolbox/srv/loop_closure.h
[82.434s] -- Installing: /home/ik/aws_ws/install/slam_toolbox/include/slam_toolbox/srv/detail
[82.434s] -- Installing: /home/ik/aws_ws/install/slam_toolbox/include/slam_toolbox/srv/detail/pause__struct.h
[82.434s] -- Installing: /home/ik/aws_ws/install/slam_toolbox/include/slam_toolbox/srv/detail/merge_maps__functions.c
[82.434s] -- Installing: /home/ik/aws_ws/install/slam_toolbox/include/slam_toolbox/srv/detail/add_submap__type_support.h
[82.435s] -- Installing: /home/ik/aws_ws/install/slam_toolbox/include/slam_toolbox/srv/detail/loop_closure__type_support.h
[82.435s] -- Installing: /home/ik/aws_ws/install/slam_toolbox/include/slam_toolbox/srv/detail/add_submap__functions.h
[82.435s] -- Installing: /home/ik/aws_ws/install/slam_toolbox/include/slam_toolbox/srv/detail/deserialize_pose_graph__type_support.h
[82.435s] -- Installing: /home/ik/aws_ws/install/slam_toolbox/include/slam_toolbox/srv/detail/toggle_interactive__functions.c
[82.436s] -- Installing: /home/ik/aws_ws/install/slam_toolbox/include/slam_toolbox/srv/detail/loop_closure__functions.h
[82.436s] -- Installing: /home/ik/aws_ws/install/slam_toolbox/include/slam_toolbox/srv/detail/pause__functions.h
[82.436s] -- Installing: /home/ik/aws_ws/install/slam_toolbox/include/slam_toolbox/srv/detail/clear_queue__type_support.h
[82.436s] -- Installing: /home/ik/aws_ws/install/slam_toolbox/include/slam_toolbox/srv/detail/clear__type_support.h
[82.436s] -- Installing: /home/ik/aws_ws/install/slam_toolbox/include/slam_toolbox/srv/detail/pause__functions.c
[82.436s] -- Installing: /home/ik/aws_ws/install/slam_toolbox/include/slam_toolbox/srv/detail/loop_closure__struct.h
[82.436s] -- Installing: /home/ik/aws_ws/install/slam_toolbox/include/slam_toolbox/srv/detail/deserialize_pose_graph__struct.h
[82.437s] -- Installing: /home/ik/aws_ws/install/slam_toolbox/include/slam_toolbox/srv/detail/toggle_interactive__functions.h
[82.437s] -- Installing: /home/ik/aws_ws/install/slam_toolbox/include/slam_toolbox/srv/detail/clear__functions.c
[82.437s] -- Installing: /home/ik/aws_ws/install/slam_toolbox/include/slam_toolbox/srv/detail/serialize_pose_graph__functions.h
[82.437s] -- Installing: /home/ik/aws_ws/install/slam_toolbox/include/slam_toolbox/srv/detail/serialize_pose_graph__type_support.h
[82.437s] -- Installing: /home/ik/aws_ws/install/slam_toolbox/include/slam_toolbox/srv/detail/clear_queue__struct.h
[82.438s] -- Installing: /home/ik/aws_ws/install/slam_toolbox/include/slam_toolbox/srv/detail/clear_queue__functions.h
[82.438s] -- Installing: /home/ik/aws_ws/install/slam_toolbox/include/slam_toolbox/srv/detail/toggle_interactive__struct.h
[82.438s] -- Installing: /home/ik/aws_ws/install/slam_toolbox/include/slam_toolbox/srv/detail/deserialize_pose_graph__functions.h
[82.438s] -- Installing: /home/ik/aws_ws/install/slam_toolbox/include/slam_toolbox/srv/detail/save_map__type_support.h
[82.438s] -- Installing: /home/ik/aws_ws/install/slam_toolbox/include/slam_toolbox/srv/detail/add_submap__functions.c
[82.438s] -- Installing: /home/ik/aws_ws/install/slam_toolbox/include/slam_toolbox/srv/detail/merge_maps__type_support.h
[82.438s] -- Installing: /home/ik/aws_ws/install/slam_toolbox/include/slam_toolbox/srv/detail/save_map__functions.c
[82.439s] -- Installing: /home/ik/aws_ws/install/slam_toolbox/include/slam_toolbox/srv/detail/loop_closure__functions.c
[82.439s] -- Installing: /home/ik/aws_ws/install/slam_toolbox/include/slam_toolbox/srv/detail/merge_maps__functions.h
[82.439s] -- Installing: /home/ik/aws_ws/install/slam_toolbox/include/slam_toolbox/srv/detail/serialize_pose_graph__functions.c
[82.439s] -- Installing: /home/ik/aws_ws/install/slam_toolbox/include/slam_toolbox/srv/detail/pause__type_support.h
[82.439s] -- Installing: /home/ik/aws_ws/install/slam_toolbox/include/slam_toolbox/srv/detail/serialize_pose_graph__struct.h
[82.439s] -- Installing: /home/ik/aws_ws/install/slam_toolbox/include/slam_toolbox/srv/detail/add_submap__struct.h
[82.440s] -- Installing: /home/ik/aws_ws/install/slam_toolbox/include/slam_toolbox/srv/detail/deserialize_pose_graph__functions.c
[82.440s] -- Installing: /home/ik/aws_ws/install/slam_toolbox/include/slam_toolbox/srv/detail/save_map__struct.h
[82.440s] -- Installing: /home/ik/aws_ws/install/slam_toolbox/include/slam_toolbox/srv/detail/clear_queue__functions.c
[82.440s] -- Installing: /home/ik/aws_ws/install/slam_toolbox/include/slam_toolbox/srv/detail/merge_maps__struct.h
[82.440s] -- Installing: /home/ik/aws_ws/install/slam_toolbox/include/slam_toolbox/srv/detail/clear__functions.h
[82.440s] -- Installing: /home/ik/aws_ws/install/slam_toolbox/include/slam_toolbox/srv/detail/save_map__functions.h
[82.440s] -- Installing: /home/ik/aws_ws/install/slam_toolbox/include/slam_toolbox/srv/detail/clear__struct.h
[82.441s] -- Installing: /home/ik/aws_ws/install/slam_toolbox/include/slam_toolbox/srv/detail/toggle_interactive__type_support.h
[82.441s] -- Installing: /home/ik/aws_ws/install/slam_toolbox/include/slam_toolbox/srv/clear_queue.h
[82.441s] -- Installing: /home/ik/aws_ws/install/slam_toolbox/include/slam_toolbox/srv/add_submap.h
[82.441s] -- Installing: /home/ik/aws_ws/install/slam_toolbox/include/slam_toolbox/msg
[82.441s] -- Installing: /home/ik/aws_ws/install/slam_toolbox/include/slam_toolbox/msg/rosidl_generator_c__visibility_control.h
[82.441s] -- Installing: /home/ik/aws_ws/install/slam_toolbox/share/slam_toolbox/environment/library_path.sh
[82.441s] -- Installing: /home/ik/aws_ws/install/slam_toolbox/share/slam_toolbox/environment/library_path.dsv
[82.441s] -- Installing: /home/ik/aws_ws/install/slam_toolbox/lib/libslam_toolbox__rosidl_generator_c.so
[82.441s] -- Set runtime path of "/home/ik/aws_ws/install/slam_toolbox/lib/libslam_toolbox__rosidl_generator_c.so" to ""
[82.442s] -- Up-to-date: /home/ik/aws_ws/install/slam_toolbox/include/slam_toolbox
[82.442s] -- Up-to-date: /home/ik/aws_ws/install/slam_toolbox/include/slam_toolbox/srv
[82.442s] -- Up-to-date: /home/ik/aws_ws/install/slam_toolbox/include/slam_toolbox/srv/detail
[82.442s] -- Installing: /home/ik/aws_ws/install/slam_toolbox/include/slam_toolbox/srv/detail/toggle_interactive__rosidl_typesupport_fastrtps_c.h
[82.442s] -- Installing: /home/ik/aws_ws/install/slam_toolbox/include/slam_toolbox/srv/detail/add_submap__rosidl_typesupport_fastrtps_c.h
[82.442s] -- Installing: /home/ik/aws_ws/install/slam_toolbox/include/slam_toolbox/srv/detail/loop_closure__rosidl_typesupport_fastrtps_c.h
[82.443s] -- Installing: /home/ik/aws_ws/install/slam_toolbox/include/slam_toolbox/srv/detail/merge_maps__rosidl_typesupport_fastrtps_c.h
[82.443s] -- Installing: /home/ik/aws_ws/install/slam_toolbox/include/slam_toolbox/srv/detail/pause__rosidl_typesupport_fastrtps_c.h
[82.443s] -- Installing: /home/ik/aws_ws/install/slam_toolbox/include/slam_toolbox/srv/detail/clear_queue__rosidl_typesupport_fastrtps_c.h
[82.443s] -- Installing: /home/ik/aws_ws/install/slam_toolbox/include/slam_toolbox/srv/detail/save_map__rosidl_typesupport_fastrtps_c.h
[82.443s] -- Installing: /home/ik/aws_ws/install/slam_toolbox/include/slam_toolbox/srv/detail/deserialize_pose_graph__rosidl_typesupport_fastrtps_c.h
[82.443s] -- Installing: /home/ik/aws_ws/install/slam_toolbox/include/slam_toolbox/srv/detail/clear__rosidl_typesupport_fastrtps_c.h
[82.443s] -- Installing: /home/ik/aws_ws/install/slam_toolbox/include/slam_toolbox/srv/detail/serialize_pose_graph__rosidl_typesupport_fastrtps_c.h
[82.444s] -- Up-to-date: /home/ik/aws_ws/install/slam_toolbox/include/slam_toolbox/msg
[82.444s] -- Installing: /home/ik/aws_ws/install/slam_toolbox/include/slam_toolbox/msg/rosidl_typesupport_fastrtps_c__visibility_control.h
[82.444s] -- Installing: /home/ik/aws_ws/install/slam_toolbox/lib/libslam_toolbox__rosidl_typesupport_fastrtps_c.so
[82.444s] -- Set runtime path of "/home/ik/aws_ws/install/slam_toolbox/lib/libslam_toolbox__rosidl_typesupport_fastrtps_c.so" to ""
[82.444s] -- Up-to-date: /home/ik/aws_ws/install/slam_toolbox/include/slam_toolbox
[82.444s] -- Up-to-date: /home/ik/aws_ws/install/slam_toolbox/include/slam_toolbox/srv
[82.444s] -- Up-to-date: /home/ik/aws_ws/install/slam_toolbox/include/slam_toolbox/srv/detail
[82.444s] -- Installing: /home/ik/aws_ws/install/slam_toolbox/include/slam_toolbox/srv/detail/pause__rosidl_typesupport_fastrtps_cpp.hpp
[82.444s] -- Installing: /home/ik/aws_ws/install/slam_toolbox/include/slam_toolbox/srv/detail/add_submap__rosidl_typesupport_fastrtps_cpp.hpp
[82.445s] -- Installing: /home/ik/aws_ws/install/slam_toolbox/include/slam_toolbox/srv/detail/loop_closure__rosidl_typesupport_fastrtps_cpp.hpp
[82.445s] -- Installing: /home/ik/aws_ws/install/slam_toolbox/include/slam_toolbox/srv/detail/dds_fastrtps
[82.445s] -- Installing: /home/ik/aws_ws/install/slam_toolbox/include/slam_toolbox/srv/detail/serialize_pose_graph__rosidl_typesupport_fastrtps_cpp.hpp
[82.445s] -- Installing: /home/ik/aws_ws/install/slam_toolbox/include/slam_toolbox/srv/detail/clear_queue__rosidl_typesupport_fastrtps_cpp.hpp
[82.445s] -- Installing: /home/ik/aws_ws/install/slam_toolbox/include/slam_toolbox/srv/detail/deserialize_pose_graph__rosidl_typesupport_fastrtps_cpp.hpp
[82.445s] -- Installing: /home/ik/aws_ws/install/slam_toolbox/include/slam_toolbox/srv/detail/toggle_interactive__rosidl_typesupport_fastrtps_cpp.hpp
[82.445s] -- Installing: /home/ik/aws_ws/install/slam_toolbox/include/slam_toolbox/srv/detail/merge_maps__rosidl_typesupport_fastrtps_cpp.hpp
[82.445s] -- Installing: /home/ik/aws_ws/install/slam_toolbox/include/slam_toolbox/srv/detail/clear__rosidl_typesupport_fastrtps_cpp.hpp
[82.446s] -- Installing: /home/ik/aws_ws/install/slam_toolbox/include/slam_toolbox/srv/detail/save_map__rosidl_typesupport_fastrtps_cpp.hpp
[82.446s] -- Up-to-date: /home/ik/aws_ws/install/slam_toolbox/include/slam_toolbox/msg
[82.446s] -- Installing: /home/ik/aws_ws/install/slam_toolbox/include/slam_toolbox/msg/rosidl_typesupport_fastrtps_cpp__visibility_control.h
[82.446s] -- Installing: /home/ik/aws_ws/install/slam_toolbox/lib/libslam_toolbox__rosidl_typesupport_fastrtps_cpp.so
[82.446s] -- Set runtime path of "/home/ik/aws_ws/install/slam_toolbox/lib/libslam_toolbox__rosidl_typesupport_fastrtps_cpp.so" to ""
[82.446s] -- Up-to-date: /home/ik/aws_ws/install/slam_toolbox/include/slam_toolbox
[82.446s] -- Up-to-date: /home/ik/aws_ws/install/slam_toolbox/include/slam_toolbox/srv
[82.446s] -- Up-to-date: /home/ik/aws_ws/install/slam_toolbox/include/slam_toolbox/srv/detail
[82.447s] -- Installing: /home/ik/aws_ws/install/slam_toolbox/include/slam_toolbox/srv/detail/add_submap__rosidl_typesupport_introspection_c.h
[82.447s] -- Installing: /home/ik/aws_ws/install/slam_toolbox/include/slam_toolbox/srv/detail/loop_closure__type_support.c
[82.447s] -- Installing: /home/ik/aws_ws/install/slam_toolbox/include/slam_toolbox/srv/detail/loop_closure__rosidl_typesupport_introspection_c.h
[82.447s] -- Installing: /home/ik/aws_ws/install/slam_toolbox/include/slam_toolbox/srv/detail/deserialize_pose_graph__rosidl_typesupport_introspection_c.h
[82.447s] -- Installing: /home/ik/aws_ws/install/slam_toolbox/include/slam_toolbox/srv/detail/clear__type_support.c
[82.447s] -- Installing: /home/ik/aws_ws/install/slam_toolbox/include/slam_toolbox/srv/detail/merge_maps__rosidl_typesupport_introspection_c.h
[82.448s] -- Installing: /home/ik/aws_ws/install/slam_toolbox/include/slam_toolbox/srv/detail/clear_queue__rosidl_typesupport_introspection_c.h
[82.448s] -- Installing: /home/ik/aws_ws/install/slam_toolbox/include/slam_toolbox/srv/detail/serialize_pose_graph__type_support.c
[82.448s] -- Installing: /home/ik/aws_ws/install/slam_toolbox/include/slam_toolbox/srv/detail/pause__rosidl_typesupport_introspection_c.h
[82.448s] -- Installing: /home/ik/aws_ws/install/slam_toolbox/include/slam_toolbox/srv/detail/deserialize_pose_graph__type_support.c
[82.448s] -- Installing: /home/ik/aws_ws/install/slam_toolbox/include/slam_toolbox/srv/detail/serialize_pose_graph__rosidl_typesupport_introspection_c.h
[82.448s] -- Installing: /home/ik/aws_ws/install/slam_toolbox/include/slam_toolbox/srv/detail/toggle_interactive__type_support.c
[82.448s] -- Installing: /home/ik/aws_ws/install/slam_toolbox/include/slam_toolbox/srv/detail/merge_maps__type_support.c
[82.448s] -- Installing: /home/ik/aws_ws/install/slam_toolbox/include/slam_toolbox/srv/detail/toggle_interactive__rosidl_typesupport_introspection_c.h
[82.448s] -- Installing: /home/ik/aws_ws/install/slam_toolbox/include/slam_toolbox/srv/detail/save_map__rosidl_typesupport_introspection_c.h
[82.449s] -- Installing: /home/ik/aws_ws/install/slam_toolbox/include/slam_toolbox/srv/detail/clear__rosidl_typesupport_introspection_c.h
[82.449s] -- Installing: /home/ik/aws_ws/install/slam_toolbox/include/slam_toolbox/srv/detail/save_map__type_support.c
[82.449s] -- Installing: /home/ik/aws_ws/install/slam_toolbox/include/slam_toolbox/srv/detail/add_submap__type_support.c
[82.449s] -- Installing: /home/ik/aws_ws/install/slam_toolbox/include/slam_toolbox/srv/detail/clear_queue__type_support.c
[82.449s] -- Installing: /home/ik/aws_ws/install/slam_toolbox/include/slam_toolbox/srv/detail/pause__type_support.c
[82.449s] -- Up-to-date: /home/ik/aws_ws/install/slam_toolbox/include/slam_toolbox/msg
[82.450s] -- Installing: /home/ik/aws_ws/install/slam_toolbox/include/slam_toolbox/msg/rosidl_typesupport_introspection_c__visibility_control.h
[82.450s] -- Installing: /home/ik/aws_ws/install/slam_toolbox/lib/libslam_toolbox__rosidl_typesupport_introspection_c.so
[82.450s] -- Set runtime path of "/home/ik/aws_ws/install/slam_toolbox/lib/libslam_toolbox__rosidl_typesupport_introspection_c.so" to ""
[82.450s] -- Installing: /home/ik/aws_ws/install/slam_toolbox/lib/libslam_toolbox__rosidl_typesupport_c.so
[82.450s] -- Set runtime path of "/home/ik/aws_ws/install/slam_toolbox/lib/libslam_toolbox__rosidl_typesupport_c.so" to ""
[82.450s] -- Up-to-date: /home/ik/aws_ws/install/slam_toolbox/include/slam_toolbox
[82.450s] -- Up-to-date: /home/ik/aws_ws/install/slam_toolbox/include/slam_toolbox/srv
[82.450s] -- Installing: /home/ik/aws_ws/install/slam_toolbox/include/slam_toolbox/srv/serialize_pose_graph.hpp
[82.450s] -- Installing: /home/ik/aws_ws/install/slam_toolbox/include/slam_toolbox/srv/add_submap.hpp
[82.450s] -- Installing: /home/ik/aws_ws/install/slam_toolbox/include/slam_toolbox/srv/pause.hpp
[82.450s] -- Installing: /home/ik/aws_ws/install/slam_toolbox/include/slam_toolbox/srv/toggle_interactive.hpp
[82.450s] -- Installing: /home/ik/aws_ws/install/slam_toolbox/include/slam_toolbox/srv/clear.hpp
[82.450s] -- Installing: /home/ik/aws_ws/install/slam_toolbox/include/slam_toolbox/srv/merge_maps.hpp
[82.450s] -- Installing: /home/ik/aws_ws/install/slam_toolbox/include/slam_toolbox/srv/clear_queue.hpp
[82.450s] -- Installing: /home/ik/aws_ws/install/slam_toolbox/include/slam_toolbox/srv/loop_closure.hpp
[82.450s] -- Installing: /home/ik/aws_ws/install/slam_toolbox/include/slam_toolbox/srv/save_map.hpp
[82.450s] -- Up-to-date: /home/ik/aws_ws/install/slam_toolbox/include/slam_toolbox/srv/detail
[82.451s] -- Installing: /home/ik/aws_ws/install/slam_toolbox/include/slam_toolbox/srv/detail/merge_maps__builder.hpp
[82.451s] -- Installing: /home/ik/aws_ws/install/slam_toolbox/include/slam_toolbox/srv/detail/clear_queue__builder.hpp
[82.451s] -- Installing: /home/ik/aws_ws/install/slam_toolbox/include/slam_toolbox/srv/detail/clear_queue__traits.hpp
[82.451s] -- Installing: /home/ik/aws_ws/install/slam_toolbox/include/slam_toolbox/srv/detail/save_map__traits.hpp
[82.451s] -- Installing: /home/ik/aws_ws/install/slam_toolbox/include/slam_toolbox/srv/detail/serialize_pose_graph__struct.hpp
[82.451s] -- Installing: /home/ik/aws_ws/install/slam_toolbox/include/slam_toolbox/srv/detail/toggle_interactive__builder.hpp
[82.451s] -- Installing: /home/ik/aws_ws/install/slam_toolbox/include/slam_toolbox/srv/detail/clear__traits.hpp
[82.451s] -- Installing: /home/ik/aws_ws/install/slam_toolbox/include/slam_toolbox/srv/detail/serialize_pose_graph__builder.hpp
[82.451s] -- Installing: /home/ik/aws_ws/install/slam_toolbox/include/slam_toolbox/srv/detail/add_submap__struct.hpp
[82.451s] -- Installing: /home/ik/aws_ws/install/slam_toolbox/include/slam_toolbox/srv/detail/loop_closure__traits.hpp
[82.451s] -- Installing: /home/ik/aws_ws/install/slam_toolbox/include/slam_toolbox/srv/detail/add_submap__traits.hpp
[82.451s] -- Installing: /home/ik/aws_ws/install/slam_toolbox/include/slam_toolbox/srv/detail/pause__struct.hpp
[82.451s] -- Installing: /home/ik/aws_ws/install/slam_toolbox/include/slam_toolbox/srv/detail/serialize_pose_graph__traits.hpp
[82.451s] -- Installing: /home/ik/aws_ws/install/slam_toolbox/include/slam_toolbox/srv/detail/save_map__builder.hpp
[82.451s] -- Installing: /home/ik/aws_ws/install/slam_toolbox/include/slam_toolbox/srv/detail/pause__traits.hpp
[82.451s] -- Installing: /home/ik/aws_ws/install/slam_toolbox/include/slam_toolbox/srv/detail/deserialize_pose_graph__struct.hpp
[82.451s] -- Installing: /home/ik/aws_ws/install/slam_toolbox/include/slam_toolbox/srv/detail/toggle_interactive__traits.hpp
[82.451s] -- Installing: /home/ik/aws_ws/install/slam_toolbox/include/slam_toolbox/srv/detail/toggle_interactive__struct.hpp
[82.451s] -- Installing: /home/ik/aws_ws/install/slam_toolbox/include/slam_toolbox/srv/detail/loop_closure__builder.hpp
[82.451s] -- Installing: /home/ik/aws_ws/install/slam_toolbox/include/slam_toolbox/srv/detail/clear_queue__struct.hpp
[82.452s] -- Installing: /home/ik/aws_ws/install/slam_toolbox/include/slam_toolbox/srv/detail/deserialize_pose_graph__builder.hpp
[82.452s] -- Installing: /home/ik/aws_ws/install/slam_toolbox/include/slam_toolbox/srv/detail/merge_maps__struct.hpp
[82.452s] -- Installing: /home/ik/aws_ws/install/slam_toolbox/include/slam_toolbox/srv/detail/save_map__struct.hpp
[82.452s] -- Installing: /home/ik/aws_ws/install/slam_toolbox/include/slam_toolbox/srv/detail/loop_closure__struct.hpp
[82.452s] -- Installing: /home/ik/aws_ws/install/slam_toolbox/include/slam_toolbox/srv/detail/merge_maps__traits.hpp
[82.452s] -- Installing: /home/ik/aws_ws/install/slam_toolbox/include/slam_toolbox/srv/detail/clear__builder.hpp
[82.452s] -- Installing: /home/ik/aws_ws/install/slam_toolbox/include/slam_toolbox/srv/detail/add_submap__builder.hpp
[82.452s] -- Installing: /home/ik/aws_ws/install/slam_toolbox/include/slam_toolbox/srv/detail/deserialize_pose_graph__traits.hpp
[82.452s] -- Installing: /home/ik/aws_ws/install/slam_toolbox/include/slam_toolbox/srv/detail/clear__struct.hpp
[82.452s] -- Installing: /home/ik/aws_ws/install/slam_toolbox/include/slam_toolbox/srv/detail/pause__builder.hpp
[82.452s] -- Installing: /home/ik/aws_ws/install/slam_toolbox/include/slam_toolbox/srv/deserialize_pose_graph.hpp
[82.452s] -- Up-to-date: /home/ik/aws_ws/install/slam_toolbox/include/slam_toolbox
[82.452s] -- Up-to-date: /home/ik/aws_ws/install/slam_toolbox/include/slam_toolbox/srv
[82.452s] -- Up-to-date: /home/ik/aws_ws/install/slam_toolbox/include/slam_toolbox/srv/detail
[82.452s] -- Installing: /home/ik/aws_ws/install/slam_toolbox/include/slam_toolbox/srv/detail/add_submap__rosidl_typesupport_introspection_cpp.hpp
[82.452s] -- Installing: /home/ik/aws_ws/install/slam_toolbox/include/slam_toolbox/srv/detail/loop_closure__type_support.cpp
[82.452s] -- Installing: /home/ik/aws_ws/install/slam_toolbox/include/slam_toolbox/srv/detail/save_map__type_support.cpp
[82.452s] -- Installing: /home/ik/aws_ws/install/slam_toolbox/include/slam_toolbox/srv/detail/clear__rosidl_typesupport_introspection_cpp.hpp
[82.452s] -- Installing: /home/ik/aws_ws/install/slam_toolbox/include/slam_toolbox/srv/detail/clear__type_support.cpp
[82.452s] -- Installing: /home/ik/aws_ws/install/slam_toolbox/include/slam_toolbox/srv/detail/serialize_pose_graph__rosidl_typesupport_introspection_cpp.hpp
[82.452s] -- Installing: /home/ik/aws_ws/install/slam_toolbox/include/slam_toolbox/srv/detail/save_map__rosidl_typesupport_introspection_cpp.hpp
[82.453s] -- Installing: /home/ik/aws_ws/install/slam_toolbox/include/slam_toolbox/srv/detail/pause__type_support.cpp
[82.453s] -- Installing: /home/ik/aws_ws/install/slam_toolbox/include/slam_toolbox/srv/detail/clear_queue__rosidl_typesupport_introspection_cpp.hpp
[82.453s] -- Installing: /home/ik/aws_ws/install/slam_toolbox/include/slam_toolbox/srv/detail/serialize_pose_graph__type_support.cpp
[82.453s] -- Installing: /home/ik/aws_ws/install/slam_toolbox/include/slam_toolbox/srv/detail/deserialize_pose_graph__rosidl_typesupport_introspection_cpp.hpp
[82.453s] -- Installing: /home/ik/aws_ws/install/slam_toolbox/include/slam_toolbox/srv/detail/pause__rosidl_typesupport_introspection_cpp.hpp
[82.453s] -- Installing: /home/ik/aws_ws/install/slam_toolbox/include/slam_toolbox/srv/detail/toggle_interactive__rosidl_typesupport_introspection_cpp.hpp
[82.453s] -- Installing: /home/ik/aws_ws/install/slam_toolbox/include/slam_toolbox/srv/detail/deserialize_pose_graph__type_support.cpp
[82.453s] -- Installing: /home/ik/aws_ws/install/slam_toolbox/include/slam_toolbox/srv/detail/loop_closure__rosidl_typesupport_introspection_cpp.hpp
[82.453s] -- Installing: /home/ik/aws_ws/install/slam_toolbox/include/slam_toolbox/srv/detail/merge_maps__rosidl_typesupport_introspection_cpp.hpp
[82.453s] -- Installing: /home/ik/aws_ws/install/slam_toolbox/include/slam_toolbox/srv/detail/add_submap__type_support.cpp
[82.453s] -- Installing: /home/ik/aws_ws/install/slam_toolbox/include/slam_toolbox/srv/detail/toggle_interactive__type_support.cpp
[82.453s] -- Installing: /home/ik/aws_ws/install/slam_toolbox/include/slam_toolbox/srv/detail/clear_queue__type_support.cpp
[82.453s] -- Installing: /home/ik/aws_ws/install/slam_toolbox/include/slam_toolbox/srv/detail/merge_maps__type_support.cpp
[82.453s] -- Installing: /home/ik/aws_ws/install/slam_toolbox/lib/libslam_toolbox__rosidl_typesupport_introspection_cpp.so
[82.453s] -- Set runtime path of "/home/ik/aws_ws/install/slam_toolbox/lib/libslam_toolbox__rosidl_typesupport_introspection_cpp.so" to ""
[82.453s] -- Installing: /home/ik/aws_ws/install/slam_toolbox/lib/libslam_toolbox__rosidl_typesupport_cpp.so
[82.453s] -- Set runtime path of "/home/ik/aws_ws/install/slam_toolbox/lib/libslam_toolbox__rosidl_typesupport_cpp.so" to ""
[82.453s] -- Installing: /home/ik/aws_ws/install/slam_toolbox/share/slam_toolbox/environment/pythonpath.sh
[82.453s] -- Installing: /home/ik/aws_ws/install/slam_toolbox/share/slam_toolbox/environment/pythonpath.dsv
[82.453s] -- Installing: /home/ik/aws_ws/install/slam_toolbox/lib/python3.8/site-packages/slam_toolbox/__init__.py
[82.475s] Compiling '/home/ik/aws_ws/install/slam_toolbox/lib/python3.8/site-packages/slam_toolbox/__init__.py'...
[82.479s] -- Installing: /home/ik/aws_ws/install/slam_toolbox/lib/python3.8/site-packages/slam_toolbox/srv
[82.479s] -- Installing: /home/ik/aws_ws/install/slam_toolbox/lib/python3.8/site-packages/slam_toolbox/srv/_serialize_pose_graph_s.c
[82.479s] -- Installing: /home/ik/aws_ws/install/slam_toolbox/lib/python3.8/site-packages/slam_toolbox/srv/_clear_queue_s.c
[82.479s] -- Installing: /home/ik/aws_ws/install/slam_toolbox/lib/python3.8/site-packages/slam_toolbox/srv/_pause.py
[82.480s] -- Installing: /home/ik/aws_ws/install/slam_toolbox/lib/python3.8/site-packages/slam_toolbox/srv/_save_map_s.c
[82.480s] -- Installing: /home/ik/aws_ws/install/slam_toolbox/lib/python3.8/site-packages/slam_toolbox/srv/_add_submap_s.c
[82.480s] -- Installing: /home/ik/aws_ws/install/slam_toolbox/lib/python3.8/site-packages/slam_toolbox/srv/_save_map.py
[82.480s] -- Installing: /home/ik/aws_ws/install/slam_toolbox/lib/python3.8/site-packages/slam_toolbox/srv/_clear.py
[82.480s] -- Installing: /home/ik/aws_ws/install/slam_toolbox/lib/python3.8/site-packages/slam_toolbox/srv/_deserialize_pose_graph.py
[82.480s] -- Installing: /home/ik/aws_ws/install/slam_toolbox/lib/python3.8/site-packages/slam_toolbox/srv/_serialize_pose_graph.py
[82.481s] -- Installing: /home/ik/aws_ws/install/slam_toolbox/lib/python3.8/site-packages/slam_toolbox/srv/_pause_s.c
[82.481s] -- Installing: /home/ik/aws_ws/install/slam_toolbox/lib/python3.8/site-packages/slam_toolbox/srv/__init__.py
[82.481s] -- Installing: /home/ik/aws_ws/install/slam_toolbox/lib/python3.8/site-packages/slam_toolbox/srv/_merge_maps_s.c
[82.481s] -- Installing: /home/ik/aws_ws/install/slam_toolbox/lib/python3.8/site-packages/slam_toolbox/srv/_clear_queue.py
[82.481s] -- Installing: /home/ik/aws_ws/install/slam_toolbox/lib/python3.8/site-packages/slam_toolbox/srv/_toggle_interactive.py
[82.481s] -- Installing: /home/ik/aws_ws/install/slam_toolbox/lib/python3.8/site-packages/slam_toolbox/srv/_loop_closure.py
[82.482s] -- Installing: /home/ik/aws_ws/install/slam_toolbox/lib/python3.8/site-packages/slam_toolbox/srv/_clear_s.c
[82.482s] -- Installing: /home/ik/aws_ws/install/slam_toolbox/lib/python3.8/site-packages/slam_toolbox/srv/_add_submap.py
[82.482s] -- Installing: /home/ik/aws_ws/install/slam_toolbox/lib/python3.8/site-packages/slam_toolbox/srv/_deserialize_pose_graph_s.c
[82.482s] -- Installing: /home/ik/aws_ws/install/slam_toolbox/lib/python3.8/site-packages/slam_toolbox/srv/_merge_maps.py
[82.482s] -- Installing: /home/ik/aws_ws/install/slam_toolbox/lib/python3.8/site-packages/slam_toolbox/srv/_toggle_interactive_s.c
[82.482s] -- Installing: /home/ik/aws_ws/install/slam_toolbox/lib/python3.8/site-packages/slam_toolbox/srv/_loop_closure_s.c
[82.482s] -- Installing: /home/ik/aws_ws/install/slam_toolbox/lib/python3.8/site-packages/slam_toolbox/slam_toolbox_s__rosidl_typesupport_fastrtps_c.cpython-38-x86_64-linux-gnu.so
[82.483s] -- Set runtime path of "/home/ik/aws_ws/install/slam_toolbox/lib/python3.8/site-packages/slam_toolbox/slam_toolbox_s__rosidl_typesupport_fastrtps_c.cpython-38-x86_64-linux-gnu.so" to ""
[82.484s] -- Installing: /home/ik/aws_ws/install/slam_toolbox/lib/python3.8/site-packages/slam_toolbox/slam_toolbox_s__rosidl_typesupport_introspection_c.cpython-38-x86_64-linux-gnu.so
[82.485s] -- Set runtime path of "/home/ik/aws_ws/install/slam_toolbox/lib/python3.8/site-packages/slam_toolbox/slam_toolbox_s__rosidl_typesupport_introspection_c.cpython-38-x86_64-linux-gnu.so" to ""
[82.485s] -- Installing: /home/ik/aws_ws/install/slam_toolbox/lib/python3.8/site-packages/slam_toolbox/slam_toolbox_s__rosidl_typesupport_c.cpython-38-x86_64-linux-gnu.so
[82.486s] -- Set runtime path of "/home/ik/aws_ws/install/slam_toolbox/lib/python3.8/site-packages/slam_toolbox/slam_toolbox_s__rosidl_typesupport_c.cpython-38-x86_64-linux-gnu.so" to ""
[82.486s] -- Installing: /home/ik/aws_ws/install/slam_toolbox/lib/libslam_toolbox__python.so
[82.487s] -- Set runtime path of "/home/ik/aws_ws/install/slam_toolbox/lib/libslam_toolbox__python.so" to ""
[82.487s] -- Installing: /home/ik/aws_ws/install/slam_toolbox/share/slam_toolbox/srv/Pause.idl
[82.487s] -- Installing: /home/ik/aws_ws/install/slam_toolbox/share/slam_toolbox/srv/ClearQueue.idl
[82.488s] -- Installing: /home/ik/aws_ws/install/slam_toolbox/share/slam_toolbox/srv/ToggleInteractive.idl
[82.488s] -- Installing: /home/ik/aws_ws/install/slam_toolbox/share/slam_toolbox/srv/Clear.idl
[82.488s] -- Installing: /home/ik/aws_ws/install/slam_toolbox/share/slam_toolbox/srv/SaveMap.idl
[82.488s] -- Installing: /home/ik/aws_ws/install/slam_toolbox/share/slam_toolbox/srv/LoopClosure.idl
[82.488s] -- Installing: /home/ik/aws_ws/install/slam_toolbox/share/slam_toolbox/srv/MergeMaps.idl
[82.488s] -- Installing: /home/ik/aws_ws/install/slam_toolbox/share/slam_toolbox/srv/AddSubmap.idl
[82.488s] -- Installing: /home/ik/aws_ws/install/slam_toolbox/share/slam_toolbox/srv/DeserializePoseGraph.idl
[82.489s] -- Installing: /home/ik/aws_ws/install/slam_toolbox/share/slam_toolbox/srv/SerializePoseGraph.idl
[82.489s] -- Installing: /home/ik/aws_ws/install/slam_toolbox/share/slam_toolbox/srvs/Pause.srv
[82.489s] -- Installing: /home/ik/aws_ws/install/slam_toolbox/share/slam_toolbox/srvs/Pause_Request.msg
[82.489s] -- Installing: /home/ik/aws_ws/install/slam_toolbox/share/slam_toolbox/srvs/Pause_Response.msg
[82.490s] -- Installing: /home/ik/aws_ws/install/slam_toolbox/share/slam_toolbox/srvs/ClearQueue.srv
[82.490s] -- Installing: /home/ik/aws_ws/install/slam_toolbox/share/slam_toolbox/srvs/ClearQueue_Request.msg
[82.490s] -- Installing: /home/ik/aws_ws/install/slam_toolbox/share/slam_toolbox/srvs/ClearQueue_Response.msg
[82.490s] -- Installing: /home/ik/aws_ws/install/slam_toolbox/share/slam_toolbox/srvs/ToggleInteractive.srv
[82.490s] -- Installing: /home/ik/aws_ws/install/slam_toolbox/share/slam_toolbox/srvs/ToggleInteractive_Request.msg
[82.490s] -- Installing: /home/ik/aws_ws/install/slam_toolbox/share/slam_toolbox/srvs/ToggleInteractive_Response.msg
[82.491s] -- Installing: /home/ik/aws_ws/install/slam_toolbox/share/slam_toolbox/srvs/Clear.srv
[82.491s] -- Installing: /home/ik/aws_ws/install/slam_toolbox/share/slam_toolbox/srvs/Clear_Request.msg
[82.491s] -- Installing: /home/ik/aws_ws/install/slam_toolbox/share/slam_toolbox/srvs/Clear_Response.msg
[82.491s] -- Installing: /home/ik/aws_ws/install/slam_toolbox/share/slam_toolbox/srvs/SaveMap.srv
[82.492s] -- Installing: /home/ik/aws_ws/install/slam_toolbox/share/slam_toolbox/srvs/SaveMap_Request.msg
[82.492s] -- Installing: /home/ik/aws_ws/install/slam_toolbox/share/slam_toolbox/srvs/SaveMap_Response.msg
[82.492s] -- Installing: /home/ik/aws_ws/install/slam_toolbox/share/slam_toolbox/srvs/LoopClosure.srv
[82.492s] -- Installing: /home/ik/aws_ws/install/slam_toolbox/share/slam_toolbox/srvs/LoopClosure_Request.msg
[82.492s] -- Installing: /home/ik/aws_ws/install/slam_toolbox/share/slam_toolbox/srvs/LoopClosure_Response.msg
[82.493s] -- Installing: /home/ik/aws_ws/install/slam_toolbox/share/slam_toolbox/srvs/MergeMaps.srv
[82.493s] -- Installing: /home/ik/aws_ws/install/slam_toolbox/share/slam_toolbox/srvs/MergeMaps_Request.msg
[82.493s] -- Installing: /home/ik/aws_ws/install/slam_toolbox/share/slam_toolbox/srvs/MergeMaps_Response.msg
[82.493s] -- Installing: /home/ik/aws_ws/install/slam_toolbox/share/slam_toolbox/srvs/AddSubmap.srv
[82.493s] -- Installing: /home/ik/aws_ws/install/slam_toolbox/share/slam_toolbox/srvs/AddSubmap_Request.msg
[82.494s] -- Installing: /home/ik/aws_ws/install/slam_toolbox/share/slam_toolbox/srvs/AddSubmap_Response.msg
[82.494s] -- Installing: /home/ik/aws_ws/install/slam_toolbox/share/slam_toolbox/srvs/DeserializePoseGraph.srv
[82.494s] -- Installing: /home/ik/aws_ws/install/slam_toolbox/share/slam_toolbox/srvs/DeserializePoseGraph_Request.msg
[82.494s] -- Installing: /home/ik/aws_ws/install/slam_toolbox/share/slam_toolbox/srvs/DeserializePoseGraph_Response.msg
[82.494s] -- Installing: /home/ik/aws_ws/install/slam_toolbox/share/slam_toolbox/srvs/SerializePoseGraph.srv
[82.494s] -- Installing: /home/ik/aws_ws/install/slam_toolbox/share/slam_toolbox/srvs/SerializePoseGraph_Request.msg
[82.495s] -- Installing: /home/ik/aws_ws/install/slam_toolbox/share/slam_toolbox/srvs/SerializePoseGraph_Response.msg
[82.495s] -- Installing: /home/ik/aws_ws/install/slam_toolbox/share/slam_toolbox/rviz_plugins.xml
[82.495s] -- Installing: /home/ik/aws_ws/install/slam_toolbox/share/slam_toolbox/solver_plugins.xml
[82.495s] -- Installing: /home/ik/aws_ws/install/slam_toolbox/lib/slam_toolbox/async_slam_toolbox_node
[82.496s] -- Set runtime path of "/home/ik/aws_ws/install/slam_toolbox/lib/slam_toolbox/async_slam_toolbox_node" to ""
[82.496s] -- Installing: /home/ik/aws_ws/install/slam_toolbox/lib/slam_toolbox/sync_slam_toolbox_node
[82.497s] -- Set runtime path of "/home/ik/aws_ws/install/slam_toolbox/lib/slam_toolbox/sync_slam_toolbox_node" to ""
[82.497s] -- Installing: /home/ik/aws_ws/install/slam_toolbox/lib/slam_toolbox/localization_slam_toolbox_node
[82.498s] -- Set runtime path of "/home/ik/aws_ws/install/slam_toolbox/lib/slam_toolbox/localization_slam_toolbox_node" to ""
[82.498s] -- Installing: /home/ik/aws_ws/install/slam_toolbox/lib/slam_toolbox/lifelong_slam_toolbox_node
[82.499s] -- Set runtime path of "/home/ik/aws_ws/install/slam_toolbox/lib/slam_toolbox/lifelong_slam_toolbox_node" to ""
[82.499s] -- Installing: /home/ik/aws_ws/install/slam_toolbox/lib/slam_toolbox/merge_maps_kinematic
[82.500s] -- Set runtime path of "/home/ik/aws_ws/install/slam_toolbox/lib/slam_toolbox/merge_maps_kinematic" to ""
[82.500s] -- Installing: /home/ik/aws_ws/install/slam_toolbox/lib/libtoolbox_common.so
[82.503s] -- Set runtime path of "/home/ik/aws_ws/install/slam_toolbox/lib/libtoolbox_common.so" to ""
[82.503s] -- Installing: /home/ik/aws_ws/install/slam_toolbox/lib/libSlamToolboxPlugin.so
[82.504s] -- Set runtime path of "/home/ik/aws_ws/install/slam_toolbox/lib/libSlamToolboxPlugin.so" to ""
[82.504s] -- Installing: /home/ik/aws_ws/install/slam_toolbox/lib/libceres_solver_plugin.so
[82.505s] -- Set runtime path of "/home/ik/aws_ws/install/slam_toolbox/lib/libceres_solver_plugin.so" to ""
[82.505s] -- Installing: /home/ik/aws_ws/install/slam_toolbox/lib/libasync_slam_toolbox.so
[82.506s] -- Set runtime path of "/home/ik/aws_ws/install/slam_toolbox/lib/libasync_slam_toolbox.so" to ""
[82.506s] -- Installing: /home/ik/aws_ws/install/slam_toolbox/lib/libsync_slam_toolbox.so
[82.507s] -- Set runtime path of "/home/ik/aws_ws/install/slam_toolbox/lib/libsync_slam_toolbox.so" to ""
[82.507s] -- Installing: /home/ik/aws_ws/install/slam_toolbox/lib/liblocalization_slam_toolbox.so
[82.508s] -- Set runtime path of "/home/ik/aws_ws/install/slam_toolbox/lib/liblocalization_slam_toolbox.so" to ""
[82.508s] -- Installing: /home/ik/aws_ws/install/slam_toolbox/lib/liblifelong_slam_toolbox.so
[82.509s] -- Set runtime path of "/home/ik/aws_ws/install/slam_toolbox/lib/liblifelong_slam_toolbox.so" to ""
[82.509s] -- Up-to-date: /home/ik/aws_ws/install/slam_toolbox/lib/libSlamToolboxPlugin.so
[82.510s] -- Up-to-date: /home/ik/aws_ws/install/slam_toolbox/include
[82.510s] -- Up-to-date: /home/ik/aws_ws/install/slam_toolbox/include/slam_toolbox
[82.510s] -- Installing: /home/ik/aws_ws/install/slam_toolbox/include/slam_toolbox/serialization.hpp
[82.510s] -- Installing: /home/ik/aws_ws/install/slam_toolbox/include/slam_toolbox/loop_closure_assistant.hpp
[82.510s] -- Installing: /home/ik/aws_ws/install/slam_toolbox/include/slam_toolbox/slam_toolbox_common.hpp
[82.510s] -- Installing: /home/ik/aws_ws/install/slam_toolbox/include/slam_toolbox/visualization_utils.hpp
[82.510s] -- Installing: /home/ik/aws_ws/install/slam_toolbox/include/slam_toolbox/toolbox_msgs.hpp
[82.511s] -- Installing: /home/ik/aws_ws/install/slam_toolbox/include/slam_toolbox/laser_utils.hpp
[82.511s] -- Installing: /home/ik/aws_ws/install/slam_toolbox/include/slam_toolbox/get_pose_helper.hpp
[82.511s] -- Installing: /home/ik/aws_ws/install/slam_toolbox/include/slam_toolbox/map_saver.hpp
[82.511s] -- Installing: /home/ik/aws_ws/install/slam_toolbox/include/slam_toolbox/slam_toolbox_localization.hpp
[82.511s] -- Installing: /home/ik/aws_ws/install/slam_toolbox/include/slam_toolbox/slam_toolbox_async.hpp
[82.511s] -- Installing: /home/ik/aws_ws/install/slam_toolbox/include/slam_toolbox/slam_mapper.hpp
[82.511s] -- Installing: /home/ik/aws_ws/install/slam_toolbox/include/slam_toolbox/snap_utils.hpp
[82.512s] -- Installing: /home/ik/aws_ws/install/slam_toolbox/include/slam_toolbox/toolbox_types.hpp
[82.512s] -- Installing: /home/ik/aws_ws/install/slam_toolbox/include/slam_toolbox/merge_maps_kinematic.hpp
[82.512s] -- Installing: /home/ik/aws_ws/install/slam_toolbox/include/slam_toolbox/experimental
[82.512s] -- Installing: /home/ik/aws_ws/install/slam_toolbox/include/slam_toolbox/experimental/slam_toolbox_lifelong.hpp
[82.512s] -- Installing: /home/ik/aws_ws/install/slam_toolbox/include/slam_toolbox/slam_toolbox_sync.hpp
[82.512s] -- Installing: /home/ik/aws_ws/install/slam_toolbox/share/slam_toolbox/launch
[82.512s] -- Installing: /home/ik/aws_ws/install/slam_toolbox/share/slam_toolbox/launch/offline_launch.py
[82.512s] -- Installing: /home/ik/aws_ws/install/slam_toolbox/share/slam_toolbox/launch/localization_launch.py
[82.513s] -- Installing: /home/ik/aws_ws/install/slam_toolbox/share/slam_toolbox/launch/online_sync_launch.py
[82.513s] -- Installing: /home/ik/aws_ws/install/slam_toolbox/share/slam_toolbox/launch/lifelong_launch.py
[82.513s] -- Installing: /home/ik/aws_ws/install/slam_toolbox/share/slam_toolbox/launch/online_async_launch.py
[82.513s] -- Installing: /home/ik/aws_ws/install/slam_toolbox/share/slam_toolbox/launch/merge_maps_kinematic_launch.py
[82.513s] -- Installing: /home/ik/aws_ws/install/slam_toolbox/share/slam_toolbox/config
[82.513s] -- Installing: /home/ik/aws_ws/install/slam_toolbox/share/slam_toolbox/config/mapper_params_offline.yaml
[82.513s] -- Installing: /home/ik/aws_ws/install/slam_toolbox/share/slam_toolbox/config/mapper_params_lifelong.yaml
[82.513s] -- Installing: /home/ik/aws_ws/install/slam_toolbox/share/slam_toolbox/config/mapper_params_localization.yaml
[82.513s] -- Installing: /home/ik/aws_ws/install/slam_toolbox/share/slam_toolbox/config/mapper_params_online_sync.yaml
[82.514s] -- Installing: /home/ik/aws_ws/install/slam_toolbox/share/slam_toolbox/config/mapper_params_online_async.yaml
[82.514s] -- Installing: /home/ik/aws_ws/install/slam_toolbox/share/solver_plugins.xml
[82.514s] -- Installing: /home/ik/aws_ws/install/slam_toolbox/share/rviz_plugins.xml
[82.514s] -- Installing: /home/ik/aws_ws/install/slam_toolbox/share/ament_index/resource_index/package_run_dependencies/slam_toolbox
[82.514s] -- Installing: /home/ik/aws_ws/install/slam_toolbox/share/ament_index/resource_index/parent_prefix_path/slam_toolbox
[82.514s] -- Installing: /home/ik/aws_ws/install/slam_toolbox/share/slam_toolbox/environment/ament_prefix_path.sh
[82.515s] -- Installing: /home/ik/aws_ws/install/slam_toolbox/share/slam_toolbox/environment/ament_prefix_path.dsv
[82.515s] -- Installing: /home/ik/aws_ws/install/slam_toolbox/share/slam_toolbox/environment/path.sh
[82.515s] -- Installing: /home/ik/aws_ws/install/slam_toolbox/share/slam_toolbox/environment/path.dsv
[82.515s] -- Installing: /home/ik/aws_ws/install/slam_toolbox/share/slam_toolbox/local_setup.bash
[82.515s] -- Installing: /home/ik/aws_ws/install/slam_toolbox/share/slam_toolbox/local_setup.sh
[82.515s] -- Installing: /home/ik/aws_ws/install/slam_toolbox/share/slam_toolbox/local_setup.zsh
[82.515s] -- Installing: /home/ik/aws_ws/install/slam_toolbox/share/slam_toolbox/local_setup.dsv
[82.516s] -- Installing: /home/ik/aws_ws/install/slam_toolbox/share/slam_toolbox/package.dsv
[82.516s] -- Installing: /home/ik/aws_ws/install/slam_toolbox/share/ament_index/resource_index/packages/slam_toolbox
[82.516s] -- Installing: /home/ik/aws_ws/install/slam_toolbox/share/ament_index/resource_index/rviz_common__pluginlib__plugin/slam_toolbox
[82.516s] -- Installing: /home/ik/aws_ws/install/slam_toolbox/share/ament_index/resource_index/slam_toolbox__pluginlib__plugin/slam_toolbox
[82.516s] -- Installing: /home/ik/aws_ws/install/slam_toolbox/share/slam_toolbox/cmake/slam_toolbox__rosidl_generator_cExport.cmake
[82.516s] -- Installing: /home/ik/aws_ws/install/slam_toolbox/share/slam_toolbox/cmake/slam_toolbox__rosidl_generator_cExport-release.cmake
[82.516s] -- Installing: /home/ik/aws_ws/install/slam_toolbox/share/slam_toolbox/cmake/slam_toolbox__rosidl_typesupport_introspection_cExport.cmake
[82.516s] -- Installing: /home/ik/aws_ws/install/slam_toolbox/share/slam_toolbox/cmake/slam_toolbox__rosidl_typesupport_introspection_cExport-release.cmake
[82.517s] -- Installing: /home/ik/aws_ws/install/slam_toolbox/share/slam_toolbox/cmake/slam_toolbox__rosidl_typesupport_cExport.cmake
[82.517s] -- Installing: /home/ik/aws_ws/install/slam_toolbox/share/slam_toolbox/cmake/slam_toolbox__rosidl_typesupport_cExport-release.cmake
[82.517s] -- Installing: /home/ik/aws_ws/install/slam_toolbox/share/slam_toolbox/cmake/slam_toolbox__rosidl_generator_cppExport.cmake
[82.517s] -- Installing: /home/ik/aws_ws/install/slam_toolbox/share/slam_toolbox/cmake/slam_toolbox__rosidl_typesupport_introspection_cppExport.cmake
[82.517s] -- Installing: /home/ik/aws_ws/install/slam_toolbox/share/slam_toolbox/cmake/slam_toolbox__rosidl_typesupport_introspection_cppExport-release.cmake
[82.517s] -- Installing: /home/ik/aws_ws/install/slam_toolbox/share/slam_toolbox/cmake/slam_toolbox__rosidl_typesupport_cppExport.cmake
[82.517s] -- Installing: /home/ik/aws_ws/install/slam_toolbox/share/slam_toolbox/cmake/slam_toolbox__rosidl_typesupport_cppExport-release.cmake
[82.517s] -- Installing: /home/ik/aws_ws/install/slam_toolbox/share/slam_toolbox/cmake/SlamToolboxPluginExport.cmake
[82.517s] -- Installing: /home/ik/aws_ws/install/slam_toolbox/share/slam_toolbox/cmake/SlamToolboxPluginExport-release.cmake
[82.518s] -- Installing: /home/ik/aws_ws/install/slam_toolbox/share/slam_toolbox/cmake/rosidl_cmake-extras.cmake
[82.518s] -- Installing: /home/ik/aws_ws/install/slam_toolbox/share/slam_toolbox/cmake/ament_cmake_export_dependencies-extras.cmake
[82.518s] -- Installing: /home/ik/aws_ws/install/slam_toolbox/share/slam_toolbox/cmake/ament_cmake_export_libraries-extras.cmake
[82.518s] -- Installing: /home/ik/aws_ws/install/slam_toolbox/share/slam_toolbox/cmake/ament_cmake_export_targets-extras.cmake
[82.518s] -- Installing: /home/ik/aws_ws/install/slam_toolbox/share/slam_toolbox/cmake/ament_cmake_export_include_directories-extras.cmake
[82.518s] -- Installing: /home/ik/aws_ws/install/slam_toolbox/share/slam_toolbox/cmake/rosidl_cmake_export_typesupport_libraries-extras.cmake
[82.518s] -- Installing: /home/ik/aws_ws/install/slam_toolbox/share/slam_toolbox/cmake/rosidl_cmake_export_typesupport_targets-extras.cmake
[82.518s] -- Installing: /home/ik/aws_ws/install/slam_toolbox/share/slam_toolbox/cmake/slam_toolboxConfig.cmake
[82.519s] -- Installing: /home/ik/aws_ws/install/slam_toolbox/share/slam_toolbox/cmake/slam_toolboxConfig-version.cmake
[82.519s] -- Installing: /home/ik/aws_ws/install/slam_toolbox/share/slam_toolbox/package.xml
[82.519s] -- Up-to-date: /home/ik/aws_ws/install/slam_toolbox/include/
[82.519s] -- Installing: /home/ik/aws_ws/install/slam_toolbox/include//karto_sdk
[82.519s] -- Installing: /home/ik/aws_ws/install/slam_toolbox/include//karto_sdk/Karto.h
[82.519s] -- Installing: /home/ik/aws_ws/install/slam_toolbox/include//karto_sdk/Macros.h
[82.519s] -- Installing: /home/ik/aws_ws/install/slam_toolbox/include//karto_sdk/nanoflann_adaptors.h
[82.519s] -- Installing: /home/ik/aws_ws/install/slam_toolbox/include//karto_sdk/nanoflann.hpp
[82.519s] -- Installing: /home/ik/aws_ws/install/slam_toolbox/include//karto_sdk/Math.h
[82.519s] -- Installing: /home/ik/aws_ws/install/slam_toolbox/include//karto_sdk/Types.h
[82.519s] -- Installing: /home/ik/aws_ws/install/slam_toolbox/include//karto_sdk/Mapper.h
[82.519s] -- Installing: /home/ik/aws_ws/install/slam_toolbox/lib/libkartoSlamToolbox.so
[82.519s] -- Set runtime path of "/home/ik/aws_ws/install/slam_toolbox/lib/libkartoSlamToolbox.so" to ""
[82.519s] -- Installing: /home/ik/aws_ws/install/slam_toolbox/share/karto_sdk/environment/library_path.sh
[82.520s] -- Installing: /home/ik/aws_ws/install/slam_toolbox/share/karto_sdk/environment/library_path.dsv
[82.520s] -- Installing: /home/ik/aws_ws/install/slam_toolbox/share/ament_index/resource_index/package_run_dependencies/karto_sdk
[82.520s] -- Installing: /home/ik/aws_ws/install/slam_toolbox/share/ament_index/resource_index/parent_prefix_path/karto_sdk
[82.520s] -- Installing: /home/ik/aws_ws/install/slam_toolbox/share/karto_sdk/environment/ament_prefix_path.sh
[82.520s] -- Installing: /home/ik/aws_ws/install/slam_toolbox/share/karto_sdk/environment/ament_prefix_path.dsv
[82.520s] -- Installing: /home/ik/aws_ws/install/slam_toolbox/share/karto_sdk/environment/path.sh
[82.520s] -- Installing: /home/ik/aws_ws/install/slam_toolbox/share/karto_sdk/environment/path.dsv
[82.520s] -- Installing: /home/ik/aws_ws/install/slam_toolbox/share/karto_sdk/local_setup.bash
[82.520s] -- Installing: /home/ik/aws_ws/install/slam_toolbox/share/karto_sdk/local_setup.sh
[82.520s] -- Installing: /home/ik/aws_ws/install/slam_toolbox/share/karto_sdk/local_setup.zsh
[82.520s] -- Installing: /home/ik/aws_ws/install/slam_toolbox/share/karto_sdk/local_setup.dsv
[82.520s] -- Installing: /home/ik/aws_ws/install/slam_toolbox/share/karto_sdk/package.dsv
[82.520s] -- Installing: /home/ik/aws_ws/install/slam_toolbox/share/ament_index/resource_index/packages/karto_sdk
[82.521s] -- Installing: /home/ik/aws_ws/install/slam_toolbox/share/karto_sdk/cmake/ament_cmake_export_libraries-extras.cmake
[82.521s] -- Installing: /home/ik/aws_ws/install/slam_toolbox/share/karto_sdk/cmake/ament_cmake_export_include_directories-extras.cmake
[82.521s] -- Installing: /home/ik/aws_ws/install/slam_toolbox/share/karto_sdk/cmake/ament_cmake_export_dependencies-extras.cmake
[82.521s] -- Installing: /home/ik/aws_ws/install/slam_toolbox/share/karto_sdk/cmake/karto_sdkConfig.cmake
[82.521s] -- Installing: /home/ik/aws_ws/install/slam_toolbox/share/karto_sdk/cmake/karto_sdkConfig-version.cmake
[82.521s] -- Installing: /home/ik/aws_ws/install/slam_toolbox/share/karto_sdk/package.xml
[82.523s] Invoked command in '/home/ik/aws_ws/build/slam_toolbox' returned '0': CMAKE_PREFIX_PATH=${CMAKE_PREFIX_PATH}:/opt/ros/foxy /usr/bin/cmake --install /home/ik/aws_ws/build/slam_toolbox
