[0.092s] Invoking command in '/home/ik/aws_ws/build/nav_2d_msgs': CMAKE_PREFIX_PATH=${CMAKE_PREFIX_PATH}:/home/ik/aws_ws/install/nav2_gazebo_spawner:/opt/ros/foxy /usr/bin/cmake --build /home/ik/aws_ws/build/nav_2d_msgs -- -j8 -l8
[0.173s] [  1%] Built target nav_2d_msgs__cpp
[0.184s] [ 12%] Built target nav_2d_msgs__rosidl_generator_c
[0.211s] [ 23%] Built target nav_2d_msgs__rosidl_typesupport_cpp
[0.217s] [ 35%] Built target nav_2d_msgs__rosidl_typesupport_introspection_cpp
[0.230s] [ 46%] Built target nav_2d_msgs__rosidl_typesupport_fastrtps_cpp
[0.244s] [ 57%] Built target nav_2d_msgs__rosidl_typesupport_introspection_c
[0.244s] [ 69%] Built target nav_2d_msgs__rosidl_typesupport_c
[0.284s] [ 80%] Built target nav_2d_msgs__rosidl_typesupport_fastrtps_c
[0.327s] [ 80%] Built target nav_2d_msgs
[0.358s] [ 81%] Built target nav_2d_msgs__py
[0.401s] [ 91%] Built target nav_2d_msgs__python
[0.446s] [ 94%] Built target nav_2d_msgs__rosidl_typesupport_introspection_c__pyext
[0.518s] [ 97%] Built target nav_2d_msgs__rosidl_typesupport_fastrtps_c__pyext
[0.521s] [100%] Built target nav_2d_msgs__rosidl_typesupport_c__pyext
[0.578s] Invoked command in '/home/ik/aws_ws/build/nav_2d_msgs' returned '0': CMAKE_PREFIX_PATH=${CMAKE_PREFIX_PATH}:/home/ik/aws_ws/install/nav2_gazebo_spawner:/opt/ros/foxy /usr/bin/cmake --build /home/ik/aws_ws/build/nav_2d_msgs -- -j8 -l8
[0.795s] Invoking command in '/home/ik/aws_ws/build/nav_2d_msgs': CMAKE_PREFIX_PATH=${CMAKE_PREFIX_PATH}:/home/ik/aws_ws/install/nav2_gazebo_spawner:/opt/ros/foxy /usr/bin/cmake --install /home/ik/aws_ws/build/nav_2d_msgs
[0.810s] -- Install configuration: ""
[0.810s] -- Execute custom install script
[0.810s] -- Up-to-date symlink: /home/ik/aws_ws/install/nav_2d_msgs/share/ament_index/resource_index/rosidl_interfaces/nav_2d_msgs
[0.811s] -- Up-to-date symlink: /home/ik/aws_ws/install/nav_2d_msgs/include/nav_2d_msgs/msg/detail/path2_d__functions.h
[0.811s] -- Up-to-date symlink: /home/ik/aws_ws/install/nav_2d_msgs/include/nav_2d_msgs/msg/detail/path2_d__struct.h
[0.811s] -- Up-to-date symlink: /home/ik/aws_ws/install/nav_2d_msgs/include/nav_2d_msgs/msg/detail/path2_d__type_support.h
[0.811s] -- Up-to-date symlink: /home/ik/aws_ws/install/nav_2d_msgs/include/nav_2d_msgs/msg/detail/pose2_d32__functions.h
[0.812s] -- Up-to-date symlink: /home/ik/aws_ws/install/nav_2d_msgs/include/nav_2d_msgs/msg/detail/pose2_d32__struct.h
[0.813s] -- Up-to-date symlink: /home/ik/aws_ws/install/nav_2d_msgs/include/nav_2d_msgs/msg/detail/pose2_d32__type_support.h
[0.813s] -- Up-to-date symlink: /home/ik/aws_ws/install/nav_2d_msgs/include/nav_2d_msgs/msg/detail/pose2_d_stamped__functions.h
[0.813s] -- Up-to-date symlink: /home/ik/aws_ws/install/nav_2d_msgs/include/nav_2d_msgs/msg/detail/pose2_d_stamped__struct.h
[0.813s] -- Up-to-date symlink: /home/ik/aws_ws/install/nav_2d_msgs/include/nav_2d_msgs/msg/detail/pose2_d_stamped__type_support.h
[0.813s] -- Up-to-date symlink: /home/ik/aws_ws/install/nav_2d_msgs/include/nav_2d_msgs/msg/detail/twist2_d32__functions.h
[0.813s] -- Up-to-date symlink: /home/ik/aws_ws/install/nav_2d_msgs/include/nav_2d_msgs/msg/detail/twist2_d32__struct.h
[0.813s] -- Up-to-date symlink: /home/ik/aws_ws/install/nav_2d_msgs/include/nav_2d_msgs/msg/detail/twist2_d32__type_support.h
[0.813s] -- Up-to-date symlink: /home/ik/aws_ws/install/nav_2d_msgs/include/nav_2d_msgs/msg/detail/twist2_d__functions.h
[0.813s] -- Up-to-date symlink: /home/ik/aws_ws/install/nav_2d_msgs/include/nav_2d_msgs/msg/detail/twist2_d__struct.h
[0.814s] -- Up-to-date symlink: /home/ik/aws_ws/install/nav_2d_msgs/include/nav_2d_msgs/msg/detail/twist2_d__type_support.h
[0.814s] -- Up-to-date symlink: /home/ik/aws_ws/install/nav_2d_msgs/include/nav_2d_msgs/msg/detail/twist2_d_stamped__functions.h
[0.814s] -- Up-to-date symlink: /home/ik/aws_ws/install/nav_2d_msgs/include/nav_2d_msgs/msg/detail/twist2_d_stamped__struct.h
[0.814s] -- Up-to-date symlink: /home/ik/aws_ws/install/nav_2d_msgs/include/nav_2d_msgs/msg/detail/twist2_d_stamped__type_support.h
[0.814s] -- Up-to-date symlink: /home/ik/aws_ws/install/nav_2d_msgs/include/nav_2d_msgs/msg/path2_d.h
[0.814s] -- Up-to-date symlink: /home/ik/aws_ws/install/nav_2d_msgs/include/nav_2d_msgs/msg/pose2_d32.h
[0.815s] -- Up-to-date symlink: /home/ik/aws_ws/install/nav_2d_msgs/include/nav_2d_msgs/msg/pose2_d_stamped.h
[0.815s] -- Up-to-date symlink: /home/ik/aws_ws/install/nav_2d_msgs/include/nav_2d_msgs/msg/rosidl_generator_c__visibility_control.h
[0.815s] -- Up-to-date symlink: /home/ik/aws_ws/install/nav_2d_msgs/include/nav_2d_msgs/msg/twist2_d.h
[0.815s] -- Up-to-date symlink: /home/ik/aws_ws/install/nav_2d_msgs/include/nav_2d_msgs/msg/twist2_d32.h
[0.815s] -- Up-to-date symlink: /home/ik/aws_ws/install/nav_2d_msgs/include/nav_2d_msgs/msg/twist2_d_stamped.h
[0.815s] -- Up-to-date symlink: /home/ik/aws_ws/install/nav_2d_msgs/share/nav_2d_msgs/environment/library_path.sh
[0.815s] -- Up-to-date symlink: /home/ik/aws_ws/install/nav_2d_msgs/share/nav_2d_msgs/environment/library_path.dsv
[0.816s] -- Up-to-date symlink: /home/ik/aws_ws/install/nav_2d_msgs/include/nav_2d_msgs/msg/detail/path2_d__rosidl_typesupport_fastrtps_c.h
[0.816s] -- Up-to-date symlink: /home/ik/aws_ws/install/nav_2d_msgs/include/nav_2d_msgs/msg/detail/pose2_d32__rosidl_typesupport_fastrtps_c.h
[0.816s] -- Up-to-date symlink: /home/ik/aws_ws/install/nav_2d_msgs/include/nav_2d_msgs/msg/detail/pose2_d_stamped__rosidl_typesupport_fastrtps_c.h
[0.816s] -- Up-to-date symlink: /home/ik/aws_ws/install/nav_2d_msgs/include/nav_2d_msgs/msg/detail/twist2_d32__rosidl_typesupport_fastrtps_c.h
[0.817s] -- Up-to-date symlink: /home/ik/aws_ws/install/nav_2d_msgs/include/nav_2d_msgs/msg/detail/twist2_d__rosidl_typesupport_fastrtps_c.h
[0.817s] -- Up-to-date symlink: /home/ik/aws_ws/install/nav_2d_msgs/include/nav_2d_msgs/msg/detail/twist2_d_stamped__rosidl_typesupport_fastrtps_c.h
[0.817s] -- Up-to-date symlink: /home/ik/aws_ws/install/nav_2d_msgs/include/nav_2d_msgs/msg/rosidl_typesupport_fastrtps_c__visibility_control.h
[0.817s] -- Up-to-date symlink: /home/ik/aws_ws/install/nav_2d_msgs/lib/libnav_2d_msgs__rosidl_typesupport_fastrtps_c.so
[0.818s] -- Up-to-date symlink: /home/ik/aws_ws/install/nav_2d_msgs/include/nav_2d_msgs/msg/detail/path2_d__rosidl_typesupport_fastrtps_cpp.hpp
[0.818s] -- Up-to-date symlink: /home/ik/aws_ws/install/nav_2d_msgs/include/nav_2d_msgs/msg/detail/pose2_d32__rosidl_typesupport_fastrtps_cpp.hpp
[0.818s] -- Up-to-date symlink: /home/ik/aws_ws/install/nav_2d_msgs/include/nav_2d_msgs/msg/detail/pose2_d_stamped__rosidl_typesupport_fastrtps_cpp.hpp
[0.818s] -- Up-to-date symlink: /home/ik/aws_ws/install/nav_2d_msgs/include/nav_2d_msgs/msg/detail/twist2_d32__rosidl_typesupport_fastrtps_cpp.hpp
[0.818s] -- Up-to-date symlink: /home/ik/aws_ws/install/nav_2d_msgs/include/nav_2d_msgs/msg/detail/twist2_d__rosidl_typesupport_fastrtps_cpp.hpp
[0.819s] -- Up-to-date symlink: /home/ik/aws_ws/install/nav_2d_msgs/include/nav_2d_msgs/msg/detail/twist2_d_stamped__rosidl_typesupport_fastrtps_cpp.hpp
[0.819s] -- Up-to-date symlink: /home/ik/aws_ws/install/nav_2d_msgs/include/nav_2d_msgs/msg/rosidl_typesupport_fastrtps_cpp__visibility_control.h
[0.819s] -- Up-to-date symlink: /home/ik/aws_ws/install/nav_2d_msgs/lib/libnav_2d_msgs__rosidl_typesupport_fastrtps_cpp.so
[0.820s] -- Up-to-date symlink: /home/ik/aws_ws/install/nav_2d_msgs/include/nav_2d_msgs/msg/detail/path2_d__rosidl_typesupport_introspection_c.h
[0.820s] -- Up-to-date symlink: /home/ik/aws_ws/install/nav_2d_msgs/include/nav_2d_msgs/msg/detail/pose2_d32__rosidl_typesupport_introspection_c.h
[0.825s] -- Up-to-date symlink: /home/ik/aws_ws/install/nav_2d_msgs/include/nav_2d_msgs/msg/detail/pose2_d_stamped__rosidl_typesupport_introspection_c.h
[0.825s] -- Up-to-date symlink: /home/ik/aws_ws/install/nav_2d_msgs/include/nav_2d_msgs/msg/detail/twist2_d32__rosidl_typesupport_introspection_c.h
[0.825s] -- Up-to-date symlink: /home/ik/aws_ws/install/nav_2d_msgs/include/nav_2d_msgs/msg/detail/twist2_d__rosidl_typesupport_introspection_c.h
[0.825s] -- Up-to-date symlink: /home/ik/aws_ws/install/nav_2d_msgs/include/nav_2d_msgs/msg/detail/twist2_d_stamped__rosidl_typesupport_introspection_c.h
[0.825s] -- Up-to-date symlink: /home/ik/aws_ws/install/nav_2d_msgs/include/nav_2d_msgs/msg/rosidl_typesupport_introspection_c__visibility_control.h
[0.825s] -- Up-to-date symlink: /home/ik/aws_ws/install/nav_2d_msgs/include/nav_2d_msgs/msg/detail/path2_d__builder.hpp
[0.825s] -- Up-to-date symlink: /home/ik/aws_ws/install/nav_2d_msgs/include/nav_2d_msgs/msg/detail/path2_d__struct.hpp
[0.825s] -- Up-to-date symlink: /home/ik/aws_ws/install/nav_2d_msgs/include/nav_2d_msgs/msg/detail/path2_d__traits.hpp
[0.825s] -- Up-to-date symlink: /home/ik/aws_ws/install/nav_2d_msgs/include/nav_2d_msgs/msg/detail/pose2_d32__builder.hpp
[0.825s] -- Up-to-date symlink: /home/ik/aws_ws/install/nav_2d_msgs/include/nav_2d_msgs/msg/detail/pose2_d32__struct.hpp
[0.826s] -- Up-to-date symlink: /home/ik/aws_ws/install/nav_2d_msgs/include/nav_2d_msgs/msg/detail/pose2_d32__traits.hpp
[0.826s] -- Up-to-date symlink: /home/ik/aws_ws/install/nav_2d_msgs/include/nav_2d_msgs/msg/detail/pose2_d_stamped__builder.hpp
[0.826s] -- Up-to-date symlink: /home/ik/aws_ws/install/nav_2d_msgs/include/nav_2d_msgs/msg/detail/pose2_d_stamped__struct.hpp
[0.826s] -- Up-to-date symlink: /home/ik/aws_ws/install/nav_2d_msgs/include/nav_2d_msgs/msg/detail/pose2_d_stamped__traits.hpp
[0.826s] -- Up-to-date symlink: /home/ik/aws_ws/install/nav_2d_msgs/include/nav_2d_msgs/msg/detail/twist2_d32__builder.hpp
[0.826s] -- Up-to-date symlink: /home/ik/aws_ws/install/nav_2d_msgs/include/nav_2d_msgs/msg/detail/twist2_d32__struct.hpp
[0.826s] -- Up-to-date symlink: /home/ik/aws_ws/install/nav_2d_msgs/include/nav_2d_msgs/msg/detail/twist2_d32__traits.hpp
[0.826s] -- Up-to-date symlink: /home/ik/aws_ws/install/nav_2d_msgs/include/nav_2d_msgs/msg/detail/twist2_d__builder.hpp
[0.826s] -- Up-to-date symlink: /home/ik/aws_ws/install/nav_2d_msgs/include/nav_2d_msgs/msg/detail/twist2_d__struct.hpp
[0.826s] -- Up-to-date symlink: /home/ik/aws_ws/install/nav_2d_msgs/include/nav_2d_msgs/msg/detail/twist2_d__traits.hpp
[0.826s] -- Up-to-date symlink: /home/ik/aws_ws/install/nav_2d_msgs/include/nav_2d_msgs/msg/detail/twist2_d_stamped__builder.hpp
[0.827s] -- Up-to-date symlink: /home/ik/aws_ws/install/nav_2d_msgs/include/nav_2d_msgs/msg/detail/twist2_d_stamped__struct.hpp
[0.827s] -- Up-to-date symlink: /home/ik/aws_ws/install/nav_2d_msgs/include/nav_2d_msgs/msg/detail/twist2_d_stamped__traits.hpp
[0.827s] -- Up-to-date symlink: /home/ik/aws_ws/install/nav_2d_msgs/include/nav_2d_msgs/msg/path2_d.hpp
[0.827s] -- Up-to-date symlink: /home/ik/aws_ws/install/nav_2d_msgs/include/nav_2d_msgs/msg/pose2_d32.hpp
[0.827s] -- Up-to-date symlink: /home/ik/aws_ws/install/nav_2d_msgs/include/nav_2d_msgs/msg/pose2_d_stamped.hpp
[0.827s] -- Up-to-date symlink: /home/ik/aws_ws/install/nav_2d_msgs/include/nav_2d_msgs/msg/twist2_d.hpp
[0.827s] -- Up-to-date symlink: /home/ik/aws_ws/install/nav_2d_msgs/include/nav_2d_msgs/msg/twist2_d32.hpp
[0.827s] -- Up-to-date symlink: /home/ik/aws_ws/install/nav_2d_msgs/include/nav_2d_msgs/msg/twist2_d_stamped.hpp
[0.827s] -- Up-to-date symlink: /home/ik/aws_ws/install/nav_2d_msgs/include/nav_2d_msgs/msg/detail/path2_d__rosidl_typesupport_introspection_cpp.hpp
[0.827s] -- Up-to-date symlink: /home/ik/aws_ws/install/nav_2d_msgs/include/nav_2d_msgs/msg/detail/pose2_d32__rosidl_typesupport_introspection_cpp.hpp
[0.827s] -- Up-to-date symlink: /home/ik/aws_ws/install/nav_2d_msgs/include/nav_2d_msgs/msg/detail/pose2_d_stamped__rosidl_typesupport_introspection_cpp.hpp
[0.827s] -- Up-to-date symlink: /home/ik/aws_ws/install/nav_2d_msgs/include/nav_2d_msgs/msg/detail/twist2_d32__rosidl_typesupport_introspection_cpp.hpp
[0.828s] -- Up-to-date symlink: /home/ik/aws_ws/install/nav_2d_msgs/include/nav_2d_msgs/msg/detail/twist2_d__rosidl_typesupport_introspection_cpp.hpp
[0.828s] -- Up-to-date symlink: /home/ik/aws_ws/install/nav_2d_msgs/include/nav_2d_msgs/msg/detail/twist2_d_stamped__rosidl_typesupport_introspection_cpp.hpp
[0.828s] -- Up-to-date symlink: /home/ik/aws_ws/install/nav_2d_msgs/share/nav_2d_msgs/environment/pythonpath.sh
[0.828s] -- Up-to-date symlink: /home/ik/aws_ws/install/nav_2d_msgs/share/nav_2d_msgs/environment/pythonpath.dsv
[0.828s] -- Up-to-date symlink: /home/ik/aws_ws/install/nav_2d_msgs/lib/python3.8/site-packages/nav_2d_msgs/__init__.py
[0.828s] -- Up-to-date symlink: /home/ik/aws_ws/install/nav_2d_msgs/lib/python3.8/site-packages/nav_2d_msgs/msg/__init__.py
[0.828s] -- Up-to-date symlink: /home/ik/aws_ws/install/nav_2d_msgs/lib/python3.8/site-packages/nav_2d_msgs/msg/_path2_d.py
[0.828s] -- Up-to-date symlink: /home/ik/aws_ws/install/nav_2d_msgs/lib/python3.8/site-packages/nav_2d_msgs/msg/_pose2_d32.py
[0.828s] -- Up-to-date symlink: /home/ik/aws_ws/install/nav_2d_msgs/lib/python3.8/site-packages/nav_2d_msgs/msg/_pose2_d_stamped.py
[0.828s] -- Up-to-date symlink: /home/ik/aws_ws/install/nav_2d_msgs/lib/python3.8/site-packages/nav_2d_msgs/msg/_twist2_d.py
[0.828s] -- Up-to-date symlink: /home/ik/aws_ws/install/nav_2d_msgs/lib/python3.8/site-packages/nav_2d_msgs/msg/_twist2_d32.py
[0.829s] -- Up-to-date symlink: /home/ik/aws_ws/install/nav_2d_msgs/lib/python3.8/site-packages/nav_2d_msgs/msg/_twist2_d_stamped.py
[0.829s] -- Up-to-date symlink: /home/ik/aws_ws/install/nav_2d_msgs/lib/python3.8/site-packages/nav_2d_msgs/nav_2d_msgs_s__rosidl_typesupport_fastrtps_c.cpython-38-x86_64-linux-gnu.so
[0.829s] -- Up-to-date symlink: /home/ik/aws_ws/install/nav_2d_msgs/lib/python3.8/site-packages/nav_2d_msgs/nav_2d_msgs_s__rosidl_typesupport_introspection_c.cpython-38-x86_64-linux-gnu.so
[0.830s] -- Up-to-date symlink: /home/ik/aws_ws/install/nav_2d_msgs/lib/python3.8/site-packages/nav_2d_msgs/nav_2d_msgs_s__rosidl_typesupport_c.cpython-38-x86_64-linux-gnu.so
[0.830s] -- Up-to-date symlink: /home/ik/aws_ws/install/nav_2d_msgs/lib/libnav_2d_msgs__python.so
[0.830s] -- Up-to-date symlink: /home/ik/aws_ws/install/nav_2d_msgs/share/nav_2d_msgs/msg/Path2D.idl
[0.830s] -- Up-to-date symlink: /home/ik/aws_ws/install/nav_2d_msgs/share/nav_2d_msgs/msg/Pose2D32.idl
[0.830s] -- Up-to-date symlink: /home/ik/aws_ws/install/nav_2d_msgs/share/nav_2d_msgs/msg/Pose2DStamped.idl
[0.830s] -- Up-to-date symlink: /home/ik/aws_ws/install/nav_2d_msgs/share/nav_2d_msgs/msg/Twist2D.idl
[0.830s] -- Up-to-date symlink: /home/ik/aws_ws/install/nav_2d_msgs/share/nav_2d_msgs/msg/Twist2D32.idl
[0.831s] -- Up-to-date symlink: /home/ik/aws_ws/install/nav_2d_msgs/share/nav_2d_msgs/msg/Twist2DStamped.idl
[0.831s] -- Up-to-date symlink: /home/ik/aws_ws/install/nav_2d_msgs/share/nav_2d_msgs/msg/Path2D.msg
[0.835s] -- Up-to-date symlink: /home/ik/aws_ws/install/nav_2d_msgs/share/nav_2d_msgs/msg/Pose2D32.msg
[0.835s] -- Up-to-date symlink: /home/ik/aws_ws/install/nav_2d_msgs/share/nav_2d_msgs/msg/Pose2DStamped.msg
[0.836s] -- Up-to-date symlink: /home/ik/aws_ws/install/nav_2d_msgs/share/nav_2d_msgs/msg/Twist2D.msg
[0.836s] -- Up-to-date symlink: /home/ik/aws_ws/install/nav_2d_msgs/share/nav_2d_msgs/msg/Twist2D32.msg
[0.836s] -- Up-to-date symlink: /home/ik/aws_ws/install/nav_2d_msgs/share/nav_2d_msgs/msg/Twist2DStamped.msg
[0.836s] -- Up-to-date symlink: /home/ik/aws_ws/install/nav_2d_msgs/share/ament_index/resource_index/package_run_dependencies/nav_2d_msgs
[0.836s] -- Up-to-date symlink: /home/ik/aws_ws/install/nav_2d_msgs/share/ament_index/resource_index/parent_prefix_path/nav_2d_msgs
[0.836s] -- Up-to-date symlink: /home/ik/aws_ws/install/nav_2d_msgs/share/nav_2d_msgs/environment/ament_prefix_path.sh
[0.836s] -- Up-to-date symlink: /home/ik/aws_ws/install/nav_2d_msgs/share/nav_2d_msgs/environment/ament_prefix_path.dsv
[0.836s] -- Up-to-date symlink: /home/ik/aws_ws/install/nav_2d_msgs/share/nav_2d_msgs/environment/path.sh
[0.836s] -- Up-to-date symlink: /home/ik/aws_ws/install/nav_2d_msgs/share/nav_2d_msgs/environment/path.dsv
[0.836s] -- Up-to-date symlink: /home/ik/aws_ws/install/nav_2d_msgs/share/nav_2d_msgs/local_setup.bash
[0.836s] -- Up-to-date symlink: /home/ik/aws_ws/install/nav_2d_msgs/share/nav_2d_msgs/local_setup.sh
[0.836s] -- Up-to-date symlink: /home/ik/aws_ws/install/nav_2d_msgs/share/nav_2d_msgs/local_setup.zsh
[0.836s] -- Up-to-date symlink: /home/ik/aws_ws/install/nav_2d_msgs/share/nav_2d_msgs/local_setup.dsv
[0.836s] -- Symlinking: /home/ik/aws_ws/install/nav_2d_msgs/share/nav_2d_msgs/package.dsv
[0.846s] -- Up-to-date symlink: /home/ik/aws_ws/install/nav_2d_msgs/share/ament_index/resource_index/packages/nav_2d_msgs
[0.846s] -- Up-to-date symlink: /home/ik/aws_ws/install/nav_2d_msgs/share/nav_2d_msgs/cmake/rosidl_cmake-extras.cmake
[0.846s] -- Up-to-date symlink: /home/ik/aws_ws/install/nav_2d_msgs/share/nav_2d_msgs/cmake/ament_cmake_export_dependencies-extras.cmake
[0.846s] -- Up-to-date symlink: /home/ik/aws_ws/install/nav_2d_msgs/share/nav_2d_msgs/cmake/ament_cmake_export_libraries-extras.cmake
[0.847s] -- Up-to-date symlink: /home/ik/aws_ws/install/nav_2d_msgs/share/nav_2d_msgs/cmake/ament_cmake_export_targets-extras.cmake
[0.847s] -- Up-to-date symlink: /home/ik/aws_ws/install/nav_2d_msgs/share/nav_2d_msgs/cmake/ament_cmake_export_include_directories-extras.cmake
[0.847s] -- Up-to-date symlink: /home/ik/aws_ws/install/nav_2d_msgs/share/nav_2d_msgs/cmake/rosidl_cmake_export_typesupport_libraries-extras.cmake
[0.847s] -- Up-to-date symlink: /home/ik/aws_ws/install/nav_2d_msgs/share/nav_2d_msgs/cmake/rosidl_cmake_export_typesupport_targets-extras.cmake
[0.848s] -- Up-to-date symlink: /home/ik/aws_ws/install/nav_2d_msgs/share/nav_2d_msgs/cmake/nav_2d_msgsConfig.cmake
[0.848s] -- Up-to-date symlink: /home/ik/aws_ws/install/nav_2d_msgs/share/nav_2d_msgs/cmake/nav_2d_msgsConfig-version.cmake
[0.848s] -- Up-to-date symlink: /home/ik/aws_ws/install/nav_2d_msgs/share/nav_2d_msgs/package.xml
[0.848s] -- Up-to-date: /home/ik/aws_ws/install/nav_2d_msgs/lib/libnav_2d_msgs__rosidl_generator_c.so
[0.848s] -- Up-to-date: /home/ik/aws_ws/install/nav_2d_msgs/lib/libnav_2d_msgs__rosidl_typesupport_introspection_c.so
[0.849s] -- Up-to-date: /home/ik/aws_ws/install/nav_2d_msgs/lib/libnav_2d_msgs__rosidl_typesupport_c.so
[0.849s] -- Up-to-date: /home/ik/aws_ws/install/nav_2d_msgs/lib/libnav_2d_msgs__rosidl_typesupport_introspection_cpp.so
[0.849s] -- Up-to-date: /home/ik/aws_ws/install/nav_2d_msgs/lib/libnav_2d_msgs__rosidl_typesupport_cpp.so
[0.888s] -- Up-to-date: /home/ik/aws_ws/install/nav_2d_msgs/share/nav_2d_msgs/cmake/nav_2d_msgs__rosidl_generator_cExport.cmake
[0.888s] -- Up-to-date: /home/ik/aws_ws/install/nav_2d_msgs/share/nav_2d_msgs/cmake/nav_2d_msgs__rosidl_generator_cExport-noconfig.cmake
[0.888s] -- Up-to-date: /home/ik/aws_ws/install/nav_2d_msgs/share/nav_2d_msgs/cmake/nav_2d_msgs__rosidl_typesupport_introspection_cExport.cmake
[0.888s] -- Up-to-date: /home/ik/aws_ws/install/nav_2d_msgs/share/nav_2d_msgs/cmake/nav_2d_msgs__rosidl_typesupport_introspection_cExport-noconfig.cmake
[0.888s] -- Up-to-date: /home/ik/aws_ws/install/nav_2d_msgs/share/nav_2d_msgs/cmake/nav_2d_msgs__rosidl_typesupport_cExport.cmake
[0.888s] -- Up-to-date: /home/ik/aws_ws/install/nav_2d_msgs/share/nav_2d_msgs/cmake/nav_2d_msgs__rosidl_typesupport_cExport-noconfig.cmake
[0.888s] -- Up-to-date: /home/ik/aws_ws/install/nav_2d_msgs/share/nav_2d_msgs/cmake/nav_2d_msgs__rosidl_generator_cppExport.cmake
[0.888s] -- Up-to-date: /home/ik/aws_ws/install/nav_2d_msgs/share/nav_2d_msgs/cmake/nav_2d_msgs__rosidl_typesupport_introspection_cppExport.cmake
[0.888s] -- Up-to-date: /home/ik/aws_ws/install/nav_2d_msgs/share/nav_2d_msgs/cmake/nav_2d_msgs__rosidl_typesupport_introspection_cppExport-noconfig.cmake
[0.889s] -- Up-to-date: /home/ik/aws_ws/install/nav_2d_msgs/share/nav_2d_msgs/cmake/nav_2d_msgs__rosidl_typesupport_cppExport.cmake
[0.889s] -- Up-to-date: /home/ik/aws_ws/install/nav_2d_msgs/share/nav_2d_msgs/cmake/nav_2d_msgs__rosidl_typesupport_cppExport-noconfig.cmake
[0.898s] Invoked command in '/home/ik/aws_ws/build/nav_2d_msgs' returned '0': CMAKE_PREFIX_PATH=${CMAKE_PREFIX_PATH}:/home/ik/aws_ws/install/nav2_gazebo_spawner:/opt/ros/foxy /usr/bin/cmake --install /home/ik/aws_ws/build/nav_2d_msgs
