[0.057s] Invoking command in '/home/ik/aws_ws/build/nav2_amcl': AMENT_PREFIX_PATH=/home/ik/aws_ws/install/nav2_util:/home/ik/aws_ws/install/nav2_msgs:/home/ik/aws_ws/install/nav2_common:${AMENT_PREFIX_PATH} CMAKE_PREFIX_PATH=/home/ik/aws_ws/install/nav2_util:/home/ik/aws_ws/install/nav2_msgs:/home/ik/aws_ws/install/nav2_common:/home/ik/aws_ws/install/turtlebot3_simulations:/home/ik/aws_ws/install/turtlebot3_gazebo:/home/ik/aws_ws/install/turtlebot3_fake_node:/home/ik/aws_ws/install/slam_toolbox:/home/ik/aws_ws/install/aws_robomaker_small_warehouse_world:/opt/ros/foxy LD_LIBRARY_PATH=/home/ik/aws_ws/install/nav2_util/lib:/home/ik/aws_ws/install/nav2_msgs/lib:/home/ik/aws_ws/install/slam_toolbox/lib:/usr/lib/x86_64-linux-gnu/gazebo-11/plugins:/opt/ros/foxy/opt/yaml_cpp_vendor/lib:/opt/ros/foxy/opt/rviz_ogre_vendor/lib:/opt/ros/foxy/lib/x86_64-linux-gnu:/opt/ros/foxy/lib:/usr/share/gazebo/../../lib/x86_64-linux-gnu/gazebo-11/plugins PYTHONPATH=/home/ik/aws_ws/install/nav2_msgs/lib/python3.8/site-packages:/home/ik/aws_ws/install/nav2_common/lib/python3.8/site-packages:${PYTHONPATH} /usr/bin/cmake /home/ik/aws_ws/src/navigation2/nav2_amcl -DAMENT_CMAKE_SYMLINK_INSTALL=1 -DCMAKE_INSTALL_PREFIX=/home/ik/aws_ws/install/nav2_amcl
[0.117s] -- The C compiler identification is GNU 9.4.0
[0.175s] -- The CXX compiler identification is GNU 9.4.0
[0.183s] -- Check for working C compiler: /usr/bin/cc
[0.258s] -- Check for working C compiler: /usr/bin/cc -- works
[0.259s] -- Detecting C compiler ABI info
[0.332s] -- Detecting C compiler ABI info - done
[0.343s] -- Detecting C compile features
[0.343s] -- Detecting C compile features - done
[0.346s] -- Check for working CXX compiler: /usr/bin/c++
[0.432s] -- Check for working CXX compiler: /usr/bin/c++ -- works
[0.433s] -- Detecting CXX compiler ABI info
[0.513s] -- Detecting CXX compiler ABI info - done
[0.523s] -- Detecting CXX compile features
[0.523s] -- Detecting CXX compile features - done
[0.527s] -- Found ament_cmake: 0.9.11 (/opt/ros/foxy/share/ament_cmake/cmake)
[0.557s] -- Found PythonInterp: /usr/bin/python3 (found suitable version "3.8.10", minimum required is "3") 
[0.558s] -- Using PYTHON_EXECUTABLE: /usr/bin/python3
[0.738s] -- Override CMake install command with custom implementation using symlinks instead of copying resources
[0.766s] -- Found nav2_common: 0.4.7 (/home/ik/aws_ws/install/nav2_common/share/nav2_common/cmake)
[0.768s] -- Found rclcpp: 2.4.2 (/opt/ros/foxy/share/rclcpp/cmake)
[0.816s] -- Using all available rosidl_typesupport_c: rosidl_typesupport_fastrtps_c;rosidl_typesupport_introspection_c
[0.825s] -- Found rosidl_adapter: 1.3.0 (/opt/ros/foxy/share/rosidl_adapter/cmake)
[0.925s] -- Found OpenSSL: /usr/lib/x86_64-linux-gnu/libcrypto.so (found version "1.1.1f")  
[0.962s] -- Found FastRTPS: /opt/ros/foxy/include  
[1.049s] -- Using all available rosidl_typesupport_cpp: rosidl_typesupport_fastrtps_cpp;rosidl_typesupport_introspection_cpp
[1.106s] -- Found rmw_implementation_cmake: 1.0.4 (/opt/ros/foxy/share/rmw_implementation_cmake/cmake)
[1.108s] -- Using RMW implementation 'rmw_fastrtps_cpp' as default
[1.109s] -- Looking for pthread.h
[1.198s] -- Looking for pthread.h - found
[1.198s] -- Performing Test CMAKE_HAVE_LIBC_PTHREAD
[1.304s] -- Performing Test CMAKE_HAVE_LIBC_PTHREAD - Failed
[1.304s] -- Looking for pthread_create in pthreads
[1.380s] -- Looking for pthread_create in pthreads - not found
[1.380s] -- Looking for pthread_create in pthread
[1.453s] -- Looking for pthread_create in pthread - found
[1.455s] -- Found Threads: TRUE  
[1.628s] -- Found rclcpp_lifecycle: 2.4.2 (/opt/ros/foxy/share/rclcpp_lifecycle/cmake)
[1.662s] -- Found message_filters: 3.2.5 (/opt/ros/foxy/share/message_filters/cmake)
[1.668s] -- Found tf2_geometry_msgs: 0.13.14 (/opt/ros/foxy/share/tf2_geometry_msgs/cmake)
[1.719s] -- Found eigen3_cmake_module: 0.1.1 (/opt/ros/foxy/share/eigen3_cmake_module/cmake)
[1.722s] -- Found Eigen3: TRUE (found version "3.3.7") 
[2.186s] -- Found nav_msgs: 2.0.5 (/opt/ros/foxy/share/nav_msgs/cmake)
[2.272s] -- Found sensor_msgs: 2.0.5 (/opt/ros/foxy/share/sensor_msgs/cmake)
[2.359s] -- Found std_srvs: 2.0.5 (/opt/ros/foxy/share/std_srvs/cmake)
[2.369s] -- Found nav2_util: 0.4.7 (/home/ik/aws_ws/install/nav2_util/share/nav2_util/cmake)
[2.862s] -- Setting build type to Release as none was specified.
[2.863s] -- Looking for drand48
[2.976s] -- Looking for drand48 - found
[4.100s] -- Found ament_lint_auto: 0.9.8 (/opt/ros/foxy/share/ament_lint_auto/cmake)
[4.278s] -- Added test 'cppcheck' to perform static code analysis on C / C++ code
[4.278s] -- Configured cppcheck include dirs: /home/ik/aws_ws/src/navigation2/nav2_amcl/include;/home/ik/aws_ws/src/navigation2/nav2_amcl/src/include
[4.279s] -- Configured cppcheck exclude dirs and/or files: 
[4.281s] -- Added test 'lint_cmake' to check CMake code style
[4.284s] -- Added test 'uncrustify' to check C / C++ code style
[4.284s] -- Configured uncrustify additional arguments: 
[4.286s] -- Added test 'xmllint' to check XML markup files
[4.295s] -- Configuring done
[4.436s] -- Generating done
[4.446s] -- Build files have been written to: /home/ik/aws_ws/build/nav2_amcl
[4.483s] Invoked command in '/home/ik/aws_ws/build/nav2_amcl' returned '0': AMENT_PREFIX_PATH=/home/ik/aws_ws/install/nav2_util:/home/ik/aws_ws/install/nav2_msgs:/home/ik/aws_ws/install/nav2_common:${AMENT_PREFIX_PATH} CMAKE_PREFIX_PATH=/home/ik/aws_ws/install/nav2_util:/home/ik/aws_ws/install/nav2_msgs:/home/ik/aws_ws/install/nav2_common:/home/ik/aws_ws/install/turtlebot3_simulations:/home/ik/aws_ws/install/turtlebot3_gazebo:/home/ik/aws_ws/install/turtlebot3_fake_node:/home/ik/aws_ws/install/slam_toolbox:/home/ik/aws_ws/install/aws_robomaker_small_warehouse_world:/opt/ros/foxy LD_LIBRARY_PATH=/home/ik/aws_ws/install/nav2_util/lib:/home/ik/aws_ws/install/nav2_msgs/lib:/home/ik/aws_ws/install/slam_toolbox/lib:/usr/lib/x86_64-linux-gnu/gazebo-11/plugins:/opt/ros/foxy/opt/yaml_cpp_vendor/lib:/opt/ros/foxy/opt/rviz_ogre_vendor/lib:/opt/ros/foxy/lib/x86_64-linux-gnu:/opt/ros/foxy/lib:/usr/share/gazebo/../../lib/x86_64-linux-gnu/gazebo-11/plugins PYTHONPATH=/home/ik/aws_ws/install/nav2_msgs/lib/python3.8/site-packages:/home/ik/aws_ws/install/nav2_common/lib/python3.8/site-packages:${PYTHONPATH} /usr/bin/cmake /home/ik/aws_ws/src/navigation2/nav2_amcl -DAMENT_CMAKE_SYMLINK_INSTALL=1 -DCMAKE_INSTALL_PREFIX=/home/ik/aws_ws/install/nav2_amcl
[4.484s] Invoking command in '/home/ik/aws_ws/build/nav2_amcl': AMENT_PREFIX_PATH=/home/ik/aws_ws/install/nav2_util:/home/ik/aws_ws/install/nav2_msgs:/home/ik/aws_ws/install/nav2_common:${AMENT_PREFIX_PATH} CMAKE_PREFIX_PATH=/home/ik/aws_ws/install/nav2_util:/home/ik/aws_ws/install/nav2_msgs:/home/ik/aws_ws/install/nav2_common:/home/ik/aws_ws/install/turtlebot3_simulations:/home/ik/aws_ws/install/turtlebot3_gazebo:/home/ik/aws_ws/install/turtlebot3_fake_node:/home/ik/aws_ws/install/slam_toolbox:/home/ik/aws_ws/install/aws_robomaker_small_warehouse_world:/opt/ros/foxy LD_LIBRARY_PATH=/home/ik/aws_ws/install/nav2_util/lib:/home/ik/aws_ws/install/nav2_msgs/lib:/home/ik/aws_ws/install/slam_toolbox/lib:/usr/lib/x86_64-linux-gnu/gazebo-11/plugins:/opt/ros/foxy/opt/yaml_cpp_vendor/lib:/opt/ros/foxy/opt/rviz_ogre_vendor/lib:/opt/ros/foxy/lib/x86_64-linux-gnu:/opt/ros/foxy/lib:/usr/share/gazebo/../../lib/x86_64-linux-gnu/gazebo-11/plugins PYTHONPATH=/home/ik/aws_ws/install/nav2_msgs/lib/python3.8/site-packages:/home/ik/aws_ws/install/nav2_common/lib/python3.8/site-packages:${PYTHONPATH} /usr/bin/cmake --build /home/ik/aws_ws/build/nav2_amcl -- -j8 -l8
[4.681s] [35m[1mScanning dependencies of target map_lib[0m
[4.696s] [35m[1mScanning dependencies of target pf_lib[0m
[4.712s] [  3%] [32mBuilding C object src/map/CMakeFiles/map_lib.dir/map_store.c.o[0m
[4.724s] [  7%] [32mBuilding C object src/map/CMakeFiles/map_lib.dir/map.c.o[0m
[4.724s] [ 11%] [32mBuilding CXX object src/map/CMakeFiles/map_lib.dir/map_cspace.cpp.o[0m
[4.725s] [ 15%] [32mBuilding C object src/map/CMakeFiles/map_lib.dir/map_range.c.o[0m
[4.740s] [ 19%] [32mBuilding C object src/pf/CMakeFiles/pf_lib.dir/pf.c.o[0m
[4.742s] [ 23%] [32mBuilding C object src/map/CMakeFiles/map_lib.dir/map_draw.c.o[0m
[4.763s] [ 26%] [32mBuilding C object src/pf/CMakeFiles/pf_lib.dir/pf_kdtree.c.o[0m
[4.774s] [ 30%] [32mBuilding C object src/pf/CMakeFiles/pf_lib.dir/pf_pdf.c.o[0m
[4.872s] [ 34%] [32mBuilding C object src/pf/CMakeFiles/pf_lib.dir/pf_vector.c.o[0m
[4.897s] [ 38%] [32mBuilding C object src/pf/CMakeFiles/pf_lib.dir/eig3.c.o[0m
[4.909s] [ 42%] [32mBuilding C object src/pf/CMakeFiles/pf_lib.dir/pf_draw.c.o[0m
[5.355s] [ 46%] [32m[1mLinking C shared library libpf_lib.so[0m
[5.520s] [ 46%] Built target pf_lib
[5.573s] [35m[1mScanning dependencies of target motions_lib[0m
[5.649s] [ 50%] [32mBuilding CXX object src/motion_model/CMakeFiles/motions_lib.dir/omni_motion_model.cpp.o[0m
[5.656s] [ 53%] [32m[1mLinking CXX shared library libmap_lib.so[0m
[5.660s] [ 57%] [32mBuilding CXX object src/motion_model/CMakeFiles/motions_lib.dir/differential_motion_model.cpp.o[0m
[5.675s] [ 61%] [32mBuilding CXX object src/motion_model/CMakeFiles/motions_lib.dir/motion_model.cpp.o[0m
[5.984s] [ 61%] Built target map_lib
[6.032s] [35m[1mScanning dependencies of target sensors_lib[0m
[6.097s] [ 65%] [32mBuilding CXX object src/sensors/CMakeFiles/sensors_lib.dir/laser/beam_model.cpp.o[0m
[6.105s] [ 69%] [32mBuilding CXX object src/sensors/CMakeFiles/sensors_lib.dir/laser/laser.cpp.o[0m
[6.138s] [ 73%] [32mBuilding CXX object src/sensors/CMakeFiles/sensors_lib.dir/laser/likelihood_field_model.cpp.o[0m
[6.155s] [ 76%] [32mBuilding CXX object src/sensors/CMakeFiles/sensors_lib.dir/laser/likelihood_field_model_prob.cpp.o[0m
[6.411s] [ 80%] [32m[1mLinking CXX shared library libmotions_lib.so[0m
[6.784s] [ 84%] [32m[1mLinking CXX shared library libsensors_lib.so[0m
[6.973s] [ 84%] Built target motions_lib
[7.057s] [ 84%] Built target sensors_lib
[7.071s] [35m[1mScanning dependencies of target amcl_core[0m
[7.200s] [ 88%] [32mBuilding CXX object CMakeFiles/amcl_core.dir/src/amcl_node.cpp.o[0m
[41.057s] [ 92%] [32m[1mLinking CXX shared library libamcl_core.so[0m
[42.119s] [ 92%] Built target amcl_core
[42.179s] [35m[1mScanning dependencies of target amcl[0m
[42.338s] [ 96%] [32mBuilding CXX object CMakeFiles/amcl.dir/src/main.cpp.o[0m
[47.561s] [100%] [32m[1mLinking CXX executable amcl[0m
[47.928s] [100%] Built target amcl
[47.944s] Invoked command in '/home/ik/aws_ws/build/nav2_amcl' returned '0': AMENT_PREFIX_PATH=/home/ik/aws_ws/install/nav2_util:/home/ik/aws_ws/install/nav2_msgs:/home/ik/aws_ws/install/nav2_common:${AMENT_PREFIX_PATH} CMAKE_PREFIX_PATH=/home/ik/aws_ws/install/nav2_util:/home/ik/aws_ws/install/nav2_msgs:/home/ik/aws_ws/install/nav2_common:/home/ik/aws_ws/install/turtlebot3_simulations:/home/ik/aws_ws/install/turtlebot3_gazebo:/home/ik/aws_ws/install/turtlebot3_fake_node:/home/ik/aws_ws/install/slam_toolbox:/home/ik/aws_ws/install/aws_robomaker_small_warehouse_world:/opt/ros/foxy LD_LIBRARY_PATH=/home/ik/aws_ws/install/nav2_util/lib:/home/ik/aws_ws/install/nav2_msgs/lib:/home/ik/aws_ws/install/slam_toolbox/lib:/usr/lib/x86_64-linux-gnu/gazebo-11/plugins:/opt/ros/foxy/opt/yaml_cpp_vendor/lib:/opt/ros/foxy/opt/rviz_ogre_vendor/lib:/opt/ros/foxy/lib/x86_64-linux-gnu:/opt/ros/foxy/lib:/usr/share/gazebo/../../lib/x86_64-linux-gnu/gazebo-11/plugins PYTHONPATH=/home/ik/aws_ws/install/nav2_msgs/lib/python3.8/site-packages:/home/ik/aws_ws/install/nav2_common/lib/python3.8/site-packages:${PYTHONPATH} /usr/bin/cmake --build /home/ik/aws_ws/build/nav2_amcl -- -j8 -l8
[47.996s] Invoking command in '/home/ik/aws_ws/build/nav2_amcl': AMENT_PREFIX_PATH=/home/ik/aws_ws/install/nav2_util:/home/ik/aws_ws/install/nav2_msgs:/home/ik/aws_ws/install/nav2_common:${AMENT_PREFIX_PATH} CMAKE_PREFIX_PATH=/home/ik/aws_ws/install/nav2_util:/home/ik/aws_ws/install/nav2_msgs:/home/ik/aws_ws/install/nav2_common:/home/ik/aws_ws/install/turtlebot3_simulations:/home/ik/aws_ws/install/turtlebot3_gazebo:/home/ik/aws_ws/install/turtlebot3_fake_node:/home/ik/aws_ws/install/slam_toolbox:/home/ik/aws_ws/install/aws_robomaker_small_warehouse_world:/opt/ros/foxy LD_LIBRARY_PATH=/home/ik/aws_ws/install/nav2_util/lib:/home/ik/aws_ws/install/nav2_msgs/lib:/home/ik/aws_ws/install/slam_toolbox/lib:/usr/lib/x86_64-linux-gnu/gazebo-11/plugins:/opt/ros/foxy/opt/yaml_cpp_vendor/lib:/opt/ros/foxy/opt/rviz_ogre_vendor/lib:/opt/ros/foxy/lib/x86_64-linux-gnu:/opt/ros/foxy/lib:/usr/share/gazebo/../../lib/x86_64-linux-gnu/gazebo-11/plugins PYTHONPATH=/home/ik/aws_ws/install/nav2_msgs/lib/python3.8/site-packages:/home/ik/aws_ws/install/nav2_common/lib/python3.8/site-packages:${PYTHONPATH} /usr/bin/cmake --install /home/ik/aws_ws/build/nav2_amcl
[48.012s] -- Install configuration: "Release"
[48.013s] -- Execute custom install script
[48.014s] -- Symlinking: /home/ik/aws_ws/install/nav2_amcl/lib/libpf_lib.so
[48.028s] -- Symlinking: /home/ik/aws_ws/install/nav2_amcl/lib/libmap_lib.so
[48.039s] -- Symlinking: /home/ik/aws_ws/install/nav2_amcl/lib/libmotions_lib.so
[48.050s] -- Symlinking: /home/ik/aws_ws/install/nav2_amcl/lib/libsensors_lib.so
[48.062s] -- Symlinking: /home/ik/aws_ws/install/nav2_amcl/lib/libamcl_core.so
[48.074s] -- Symlinking: /home/ik/aws_ws/install/nav2_amcl/lib/nav2_amcl/amcl
[48.086s] -- Symlinking: /home/ik/aws_ws/install/nav2_amcl/include//nav2_amcl/amcl_node.hpp
[48.097s] -- Symlinking: /home/ik/aws_ws/install/nav2_amcl/include//nav2_amcl/angleutils.hpp
[48.108s] -- Symlinking: /home/ik/aws_ws/install/nav2_amcl/include//nav2_amcl/map/map.hpp
[48.119s] -- Symlinking: /home/ik/aws_ws/install/nav2_amcl/include//nav2_amcl/motion_model/motion_model.hpp
[48.130s] -- Symlinking: /home/ik/aws_ws/install/nav2_amcl/include//nav2_amcl/pf/eig3.hpp
[48.142s] -- Symlinking: /home/ik/aws_ws/install/nav2_amcl/include//nav2_amcl/pf/pf.hpp
[48.157s] -- Symlinking: /home/ik/aws_ws/install/nav2_amcl/include//nav2_amcl/pf/pf_kdtree.hpp
[48.168s] -- Symlinking: /home/ik/aws_ws/install/nav2_amcl/include//nav2_amcl/pf/pf_pdf.hpp
[48.180s] -- Symlinking: /home/ik/aws_ws/install/nav2_amcl/include//nav2_amcl/pf/pf_vector.hpp
[48.191s] -- Symlinking: /home/ik/aws_ws/install/nav2_amcl/include//nav2_amcl/sensors/laser/laser.hpp
[48.204s] -- Symlinking: /home/ik/aws_ws/install/nav2_amcl/share/nav2_amcl/environment/library_path.sh
[48.215s] -- Symlinking: /home/ik/aws_ws/install/nav2_amcl/share/nav2_amcl/environment/library_path.dsv
[48.227s] -- Symlinking: /home/ik/aws_ws/install/nav2_amcl/share/ament_index/resource_index/package_run_dependencies/nav2_amcl
[48.242s] -- Symlinking: /home/ik/aws_ws/install/nav2_amcl/share/ament_index/resource_index/parent_prefix_path/nav2_amcl
[48.259s] -- Symlinking: /home/ik/aws_ws/install/nav2_amcl/share/nav2_amcl/environment/ament_prefix_path.sh
[48.270s] -- Symlinking: /home/ik/aws_ws/install/nav2_amcl/share/nav2_amcl/environment/ament_prefix_path.dsv
[48.281s] -- Symlinking: /home/ik/aws_ws/install/nav2_amcl/share/nav2_amcl/environment/path.sh
[48.294s] -- Symlinking: /home/ik/aws_ws/install/nav2_amcl/share/nav2_amcl/environment/path.dsv
[48.313s] -- Symlinking: /home/ik/aws_ws/install/nav2_amcl/share/nav2_amcl/local_setup.bash
[48.324s] -- Symlinking: /home/ik/aws_ws/install/nav2_amcl/share/nav2_amcl/local_setup.sh
[48.336s] -- Symlinking: /home/ik/aws_ws/install/nav2_amcl/share/nav2_amcl/local_setup.zsh
[48.346s] -- Symlinking: /home/ik/aws_ws/install/nav2_amcl/share/nav2_amcl/local_setup.dsv
[48.356s] -- Symlinking: /home/ik/aws_ws/install/nav2_amcl/share/nav2_amcl/package.dsv
[48.367s] -- Symlinking: /home/ik/aws_ws/install/nav2_amcl/share/ament_index/resource_index/packages/nav2_amcl
[48.380s] -- Symlinking: /home/ik/aws_ws/install/nav2_amcl/share/nav2_amcl/cmake/ament_cmake_export_include_directories-extras.cmake
[48.390s] -- Symlinking: /home/ik/aws_ws/install/nav2_amcl/share/nav2_amcl/cmake/ament_cmake_export_libraries-extras.cmake
[48.401s] -- Symlinking: /home/ik/aws_ws/install/nav2_amcl/share/nav2_amcl/cmake/ament_cmake_export_dependencies-extras.cmake
[48.413s] -- Symlinking: /home/ik/aws_ws/install/nav2_amcl/share/nav2_amcl/cmake/nav2_amclConfig.cmake
[48.425s] -- Symlinking: /home/ik/aws_ws/install/nav2_amcl/share/nav2_amcl/cmake/nav2_amclConfig-version.cmake
[48.436s] -- Symlinking: /home/ik/aws_ws/install/nav2_amcl/share/nav2_amcl/package.xml
[48.451s] Invoked command in '/home/ik/aws_ws/build/nav2_amcl' returned '0': AMENT_PREFIX_PATH=/home/ik/aws_ws/install/nav2_util:/home/ik/aws_ws/install/nav2_msgs:/home/ik/aws_ws/install/nav2_common:${AMENT_PREFIX_PATH} CMAKE_PREFIX_PATH=/home/ik/aws_ws/install/nav2_util:/home/ik/aws_ws/install/nav2_msgs:/home/ik/aws_ws/install/nav2_common:/home/ik/aws_ws/install/turtlebot3_simulations:/home/ik/aws_ws/install/turtlebot3_gazebo:/home/ik/aws_ws/install/turtlebot3_fake_node:/home/ik/aws_ws/install/slam_toolbox:/home/ik/aws_ws/install/aws_robomaker_small_warehouse_world:/opt/ros/foxy LD_LIBRARY_PATH=/home/ik/aws_ws/install/nav2_util/lib:/home/ik/aws_ws/install/nav2_msgs/lib:/home/ik/aws_ws/install/slam_toolbox/lib:/usr/lib/x86_64-linux-gnu/gazebo-11/plugins:/opt/ros/foxy/opt/yaml_cpp_vendor/lib:/opt/ros/foxy/opt/rviz_ogre_vendor/lib:/opt/ros/foxy/lib/x86_64-linux-gnu:/opt/ros/foxy/lib:/usr/share/gazebo/../../lib/x86_64-linux-gnu/gazebo-11/plugins PYTHONPATH=/home/ik/aws_ws/install/nav2_msgs/lib/python3.8/site-packages:/home/ik/aws_ws/install/nav2_common/lib/python3.8/site-packages:${PYTHONPATH} /usr/bin/cmake --install /home/ik/aws_ws/build/nav2_amcl
