[0.016s] Invoking command in '/home/ik/aws_ws/build/nav2_util': AMENT_PREFIX_PATH=/home/ik/aws_ws/install/nav2_msgs:/home/ik/aws_ws/install/nav2_common:${AMENT_PREFIX_PATH} CMAKE_PREFIX_PATH=/home/ik/aws_ws/install/nav2_msgs:/home/ik/aws_ws/install/nav2_common:/opt/ros/foxy LD_LIBRARY_PATH=/home/ik/aws_ws/install/nav2_msgs/lib:${LD_LIBRARY_PATH} PYTHONPATH=/home/ik/aws_ws/install/nav2_msgs/lib/python3.8/site-packages:/home/ik/aws_ws/install/nav2_common/lib/python3.8/site-packages:${PYTHONPATH} /usr/bin/cmake --build /home/ik/aws_ws/build/nav2_util -- -j8 -l8
[0.094s] [  5%] Built target gtest
[0.099s] [ 10%] Built target gtest_main
[0.105s] [ 15%] Built target dump_params
[0.123s] [ 40%] Built target nav2_util_core
[0.124s] [ 45%] Built target test_execution_timer
[0.163s] [ 55%] Built target test_node_utils
[0.163s] [ 55%] Built target lifecycle_bringup
[0.167s] [ 60%] Built target test_service_client
[0.170s] [ 65%] Built target test_lifecycle_node
[0.170s] [ 70%] Built target test_string_utils
[0.178s] [ 75%] Built target test_lifecycle_cli_node
[0.182s] [ 80%] Built target test_actions
[0.188s] [ 85%] Built target test_lifecycle_utils
[0.200s] [ 90%] Built target test_odometry_utils
[0.206s] [ 95%] Built target test_robot_utils
[0.213s] [100%] Built target test_geometry_utils
[0.223s] Invoked command in '/home/ik/aws_ws/build/nav2_util' returned '0': AMENT_PREFIX_PATH=/home/ik/aws_ws/install/nav2_msgs:/home/ik/aws_ws/install/nav2_common:${AMENT_PREFIX_PATH} CMAKE_PREFIX_PATH=/home/ik/aws_ws/install/nav2_msgs:/home/ik/aws_ws/install/nav2_common:/opt/ros/foxy LD_LIBRARY_PATH=/home/ik/aws_ws/install/nav2_msgs/lib:${LD_LIBRARY_PATH} PYTHONPATH=/home/ik/aws_ws/install/nav2_msgs/lib/python3.8/site-packages:/home/ik/aws_ws/install/nav2_common/lib/python3.8/site-packages:${PYTHONPATH} /usr/bin/cmake --build /home/ik/aws_ws/build/nav2_util -- -j8 -l8
[0.263s] Invoking command in '/home/ik/aws_ws/build/nav2_util': AMENT_PREFIX_PATH=/home/ik/aws_ws/install/nav2_msgs:/home/ik/aws_ws/install/nav2_common:${AMENT_PREFIX_PATH} CMAKE_PREFIX_PATH=/home/ik/aws_ws/install/nav2_msgs:/home/ik/aws_ws/install/nav2_common:/opt/ros/foxy LD_LIBRARY_PATH=/home/ik/aws_ws/install/nav2_msgs/lib:${LD_LIBRARY_PATH} PYTHONPATH=/home/ik/aws_ws/install/nav2_msgs/lib/python3.8/site-packages:/home/ik/aws_ws/install/nav2_common/lib/python3.8/site-packages:${PYTHONPATH} /usr/bin/cmake --install /home/ik/aws_ws/build/nav2_util
[0.277s] -- Install configuration: "Release"
[0.278s] -- Execute custom install script
[0.278s] -- Up-to-date symlink: /home/ik/aws_ws/install/nav2_util/lib/libnav2_util_core.so
[0.279s] -- Up-to-date symlink: /home/ik/aws_ws/install/nav2_util/lib/nav2_util/lifecycle_bringup
[0.279s] -- Up-to-date symlink: /home/ik/aws_ws/install/nav2_util/lib/nav2_util/dump_params
[0.280s] -- Up-to-date symlink: /home/ik/aws_ws/install/nav2_util/include//nav2_util/clear_entirely_costmap_service_client.hpp
[0.280s] -- Up-to-date symlink: /home/ik/aws_ws/install/nav2_util/include//nav2_util/costmap.hpp
[0.280s] -- Up-to-date symlink: /home/ik/aws_ws/install/nav2_util/include//nav2_util/execution_timer.hpp
[0.280s] -- Up-to-date symlink: /home/ik/aws_ws/install/nav2_util/include//nav2_util/geometry_utils.hpp
[0.281s] -- Up-to-date symlink: /home/ik/aws_ws/install/nav2_util/include//nav2_util/lifecycle_node.hpp
[0.281s] -- Up-to-date symlink: /home/ik/aws_ws/install/nav2_util/include//nav2_util/lifecycle_service_client.hpp
[0.281s] -- Up-to-date symlink: /home/ik/aws_ws/install/nav2_util/include//nav2_util/lifecycle_utils.hpp
[0.281s] -- Up-to-date symlink: /home/ik/aws_ws/install/nav2_util/include//nav2_util/line_iterator.hpp
[0.282s] -- Up-to-date symlink: /home/ik/aws_ws/install/nav2_util/include//nav2_util/node_thread.hpp
[0.282s] -- Up-to-date symlink: /home/ik/aws_ws/install/nav2_util/include//nav2_util/node_utils.hpp
[0.282s] -- Up-to-date symlink: /home/ik/aws_ws/install/nav2_util/include//nav2_util/odometry_utils.hpp
[0.282s] -- Up-to-date symlink: /home/ik/aws_ws/install/nav2_util/include//nav2_util/robot_utils.hpp
[0.282s] -- Up-to-date symlink: /home/ik/aws_ws/install/nav2_util/include//nav2_util/service_client.hpp
[0.282s] -- Up-to-date symlink: /home/ik/aws_ws/install/nav2_util/include//nav2_util/simple_action_server.hpp
[0.283s] -- Up-to-date symlink: /home/ik/aws_ws/install/nav2_util/include//nav2_util/string_utils.hpp
[0.283s] -- Up-to-date symlink: /home/ik/aws_ws/install/nav2_util/share/nav2_util/environment/library_path.sh
[0.283s] -- Up-to-date symlink: /home/ik/aws_ws/install/nav2_util/share/nav2_util/environment/library_path.dsv
[0.284s] -- Up-to-date symlink: /home/ik/aws_ws/install/nav2_util/share/ament_index/resource_index/package_run_dependencies/nav2_util
[0.284s] -- Up-to-date symlink: /home/ik/aws_ws/install/nav2_util/share/ament_index/resource_index/parent_prefix_path/nav2_util
[0.284s] -- Up-to-date symlink: /home/ik/aws_ws/install/nav2_util/share/nav2_util/environment/ament_prefix_path.sh
[0.284s] -- Up-to-date symlink: /home/ik/aws_ws/install/nav2_util/share/nav2_util/environment/ament_prefix_path.dsv
[0.284s] -- Up-to-date symlink: /home/ik/aws_ws/install/nav2_util/share/nav2_util/environment/path.sh
[0.285s] -- Up-to-date symlink: /home/ik/aws_ws/install/nav2_util/share/nav2_util/environment/path.dsv
[0.285s] -- Up-to-date symlink: /home/ik/aws_ws/install/nav2_util/share/nav2_util/local_setup.bash
[0.285s] -- Up-to-date symlink: /home/ik/aws_ws/install/nav2_util/share/nav2_util/local_setup.sh
[0.286s] -- Up-to-date symlink: /home/ik/aws_ws/install/nav2_util/share/nav2_util/local_setup.zsh
[0.286s] -- Up-to-date symlink: /home/ik/aws_ws/install/nav2_util/share/nav2_util/local_setup.dsv
[0.286s] -- Symlinking: /home/ik/aws_ws/install/nav2_util/share/nav2_util/package.dsv
[0.299s] -- Up-to-date symlink: /home/ik/aws_ws/install/nav2_util/share/ament_index/resource_index/packages/nav2_util
[0.300s] -- Up-to-date symlink: /home/ik/aws_ws/install/nav2_util/share/nav2_util/cmake/ament_cmake_export_include_directories-extras.cmake
[0.300s] -- Up-to-date symlink: /home/ik/aws_ws/install/nav2_util/share/nav2_util/cmake/ament_cmake_export_libraries-extras.cmake
[0.301s] -- Up-to-date symlink: /home/ik/aws_ws/install/nav2_util/share/nav2_util/cmake/ament_cmake_export_dependencies-extras.cmake
[0.301s] -- Up-to-date symlink: /home/ik/aws_ws/install/nav2_util/share/nav2_util/cmake/nav2_utilConfig.cmake
[0.301s] -- Up-to-date symlink: /home/ik/aws_ws/install/nav2_util/share/nav2_util/cmake/nav2_utilConfig-version.cmake
[0.302s] -- Up-to-date symlink: /home/ik/aws_ws/install/nav2_util/share/nav2_util/package.xml
[0.310s] Invoked command in '/home/ik/aws_ws/build/nav2_util' returned '0': AMENT_PREFIX_PATH=/home/ik/aws_ws/install/nav2_msgs:/home/ik/aws_ws/install/nav2_common:${AMENT_PREFIX_PATH} CMAKE_PREFIX_PATH=/home/ik/aws_ws/install/nav2_msgs:/home/ik/aws_ws/install/nav2_common:/opt/ros/foxy LD_LIBRARY_PATH=/home/ik/aws_ws/install/nav2_msgs/lib:${LD_LIBRARY_PATH} PYTHONPATH=/home/ik/aws_ws/install/nav2_msgs/lib/python3.8/site-packages:/home/ik/aws_ws/install/nav2_common/lib/python3.8/site-packages:${PYTHONPATH} /usr/bin/cmake --install /home/ik/aws_ws/build/nav2_util
