[0.082s] Invoking command in '/home/ik/aws_ws/build/nav2_planner': AMENT_PREFIX_PATH=/home/ik/aws_ws/install/nav2_core:/home/ik/aws_ws/install/nav2_costmap_2d:/home/ik/aws_ws/install/nav2_util:/home/ik/aws_ws/install/nav2_voxel_grid:/home/ik/aws_ws/install/nav2_msgs:/home/ik/aws_ws/install/nav2_common:${AMENT_PREFIX_PATH} CMAKE_PREFIX_PATH=/home/ik/aws_ws/install/nav2_core:/home/ik/aws_ws/install/nav2_costmap_2d:/home/ik/aws_ws/install/nav2_util:/home/ik/aws_ws/install/nav2_voxel_grid:/home/ik/aws_ws/install/nav2_msgs:/home/ik/aws_ws/install/nav2_common:/opt/ros/foxy LD_LIBRARY_PATH=/home/ik/aws_ws/install/nav2_costmap_2d/lib:/home/ik/aws_ws/install/nav2_util/lib:/home/ik/aws_ws/install/nav2_voxel_grid/lib:/home/ik/aws_ws/install/nav2_msgs/lib:${LD_LIBRARY_PATH} PYTHONPATH=/home/ik/aws_ws/install/nav2_msgs/lib/python3.8/site-packages:/home/ik/aws_ws/install/nav2_common/lib/python3.8/site-packages:${PYTHONPATH} /usr/bin/cmake --build /home/ik/aws_ws/build/nav2_planner -- -j8 -l8
[0.178s] [ 50%] Built target planner_server_core
[0.255s] [100%] Built target planner_server
[0.291s] Invoked command in '/home/ik/aws_ws/build/nav2_planner' returned '0': AMENT_PREFIX_PATH=/home/ik/aws_ws/install/nav2_core:/home/ik/aws_ws/install/nav2_costmap_2d:/home/ik/aws_ws/install/nav2_util:/home/ik/aws_ws/install/nav2_voxel_grid:/home/ik/aws_ws/install/nav2_msgs:/home/ik/aws_ws/install/nav2_common:${AMENT_PREFIX_PATH} CMAKE_PREFIX_PATH=/home/ik/aws_ws/install/nav2_core:/home/ik/aws_ws/install/nav2_costmap_2d:/home/ik/aws_ws/install/nav2_util:/home/ik/aws_ws/install/nav2_voxel_grid:/home/ik/aws_ws/install/nav2_msgs:/home/ik/aws_ws/install/nav2_common:/opt/ros/foxy LD_LIBRARY_PATH=/home/ik/aws_ws/install/nav2_costmap_2d/lib:/home/ik/aws_ws/install/nav2_util/lib:/home/ik/aws_ws/install/nav2_voxel_grid/lib:/home/ik/aws_ws/install/nav2_msgs/lib:${LD_LIBRARY_PATH} PYTHONPATH=/home/ik/aws_ws/install/nav2_msgs/lib/python3.8/site-packages:/home/ik/aws_ws/install/nav2_common/lib/python3.8/site-packages:${PYTHONPATH} /usr/bin/cmake --build /home/ik/aws_ws/build/nav2_planner -- -j8 -l8
[0.372s] Invoking command in '/home/ik/aws_ws/build/nav2_planner': AMENT_PREFIX_PATH=/home/ik/aws_ws/install/nav2_core:/home/ik/aws_ws/install/nav2_costmap_2d:/home/ik/aws_ws/install/nav2_util:/home/ik/aws_ws/install/nav2_voxel_grid:/home/ik/aws_ws/install/nav2_msgs:/home/ik/aws_ws/install/nav2_common:${AMENT_PREFIX_PATH} CMAKE_PREFIX_PATH=/home/ik/aws_ws/install/nav2_core:/home/ik/aws_ws/install/nav2_costmap_2d:/home/ik/aws_ws/install/nav2_util:/home/ik/aws_ws/install/nav2_voxel_grid:/home/ik/aws_ws/install/nav2_msgs:/home/ik/aws_ws/install/nav2_common:/opt/ros/foxy LD_LIBRARY_PATH=/home/ik/aws_ws/install/nav2_costmap_2d/lib:/home/ik/aws_ws/install/nav2_util/lib:/home/ik/aws_ws/install/nav2_voxel_grid/lib:/home/ik/aws_ws/install/nav2_msgs/lib:${LD_LIBRARY_PATH} PYTHONPATH=/home/ik/aws_ws/install/nav2_msgs/lib/python3.8/site-packages:/home/ik/aws_ws/install/nav2_common/lib/python3.8/site-packages:${PYTHONPATH} /usr/bin/cmake --install /home/ik/aws_ws/build/nav2_planner
[0.384s] -- Install configuration: "Release"
[0.385s] -- Execute custom install script
[0.386s] -- Up-to-date symlink: /home/ik/aws_ws/install/nav2_planner/lib/libplanner_server_core.so
[0.386s] -- Up-to-date symlink: /home/ik/aws_ws/install/nav2_planner/lib/nav2_planner/planner_server
[0.386s] -- Up-to-date symlink: /home/ik/aws_ws/install/nav2_planner/include//nav2_planner/planner_server.hpp
[0.386s] -- Up-to-date symlink: /home/ik/aws_ws/install/nav2_planner/share/nav2_planner/environment/library_path.sh
[0.386s] -- Up-to-date symlink: /home/ik/aws_ws/install/nav2_planner/share/nav2_planner/environment/library_path.dsv
[0.387s] -- Up-to-date symlink: /home/ik/aws_ws/install/nav2_planner/share/ament_index/resource_index/package_run_dependencies/nav2_planner
[0.387s] -- Up-to-date symlink: /home/ik/aws_ws/install/nav2_planner/share/ament_index/resource_index/parent_prefix_path/nav2_planner
[0.387s] -- Up-to-date symlink: /home/ik/aws_ws/install/nav2_planner/share/nav2_planner/environment/ament_prefix_path.sh
[0.387s] -- Up-to-date symlink: /home/ik/aws_ws/install/nav2_planner/share/nav2_planner/environment/ament_prefix_path.dsv
[0.389s] -- Up-to-date symlink: /home/ik/aws_ws/install/nav2_planner/share/nav2_planner/environment/path.sh
[0.390s] -- Up-to-date symlink: /home/ik/aws_ws/install/nav2_planner/share/nav2_planner/environment/path.dsv
[0.390s] -- Up-to-date symlink: /home/ik/aws_ws/install/nav2_planner/share/nav2_planner/local_setup.bash
[0.390s] -- Up-to-date symlink: /home/ik/aws_ws/install/nav2_planner/share/nav2_planner/local_setup.sh
[0.390s] -- Up-to-date symlink: /home/ik/aws_ws/install/nav2_planner/share/nav2_planner/local_setup.zsh
[0.390s] -- Up-to-date symlink: /home/ik/aws_ws/install/nav2_planner/share/nav2_planner/local_setup.dsv
[0.391s] -- Symlinking: /home/ik/aws_ws/install/nav2_planner/share/nav2_planner/package.dsv
[0.408s] -- Up-to-date symlink: /home/ik/aws_ws/install/nav2_planner/share/ament_index/resource_index/packages/nav2_planner
[0.408s] -- Up-to-date symlink: /home/ik/aws_ws/install/nav2_planner/share/nav2_planner/cmake/ament_cmake_export_include_directories-extras.cmake
[0.408s] -- Up-to-date symlink: /home/ik/aws_ws/install/nav2_planner/share/nav2_planner/cmake/ament_cmake_export_libraries-extras.cmake
[0.408s] -- Up-to-date symlink: /home/ik/aws_ws/install/nav2_planner/share/nav2_planner/cmake/ament_cmake_export_dependencies-extras.cmake
[0.408s] -- Up-to-date symlink: /home/ik/aws_ws/install/nav2_planner/share/nav2_planner/cmake/ament_cmake_export_definitions-extras.cmake
[0.409s] -- Up-to-date symlink: /home/ik/aws_ws/install/nav2_planner/share/nav2_planner/cmake/nav2_plannerConfig.cmake
[0.409s] -- Up-to-date symlink: /home/ik/aws_ws/install/nav2_planner/share/nav2_planner/cmake/nav2_plannerConfig-version.cmake
[0.409s] -- Up-to-date symlink: /home/ik/aws_ws/install/nav2_planner/share/nav2_planner/package.xml
[0.482s] Invoked command in '/home/ik/aws_ws/build/nav2_planner' returned '0': AMENT_PREFIX_PATH=/home/ik/aws_ws/install/nav2_core:/home/ik/aws_ws/install/nav2_costmap_2d:/home/ik/aws_ws/install/nav2_util:/home/ik/aws_ws/install/nav2_voxel_grid:/home/ik/aws_ws/install/nav2_msgs:/home/ik/aws_ws/install/nav2_common:${AMENT_PREFIX_PATH} CMAKE_PREFIX_PATH=/home/ik/aws_ws/install/nav2_core:/home/ik/aws_ws/install/nav2_costmap_2d:/home/ik/aws_ws/install/nav2_util:/home/ik/aws_ws/install/nav2_voxel_grid:/home/ik/aws_ws/install/nav2_msgs:/home/ik/aws_ws/install/nav2_common:/opt/ros/foxy LD_LIBRARY_PATH=/home/ik/aws_ws/install/nav2_costmap_2d/lib:/home/ik/aws_ws/install/nav2_util/lib:/home/ik/aws_ws/install/nav2_voxel_grid/lib:/home/ik/aws_ws/install/nav2_msgs/lib:${LD_LIBRARY_PATH} PYTHONPATH=/home/ik/aws_ws/install/nav2_msgs/lib/python3.8/site-packages:/home/ik/aws_ws/install/nav2_common/lib/python3.8/site-packages:${PYTHONPATH} /usr/bin/cmake --install /home/ik/aws_ws/build/nav2_planner
